number of rules: 44
program size: 308
(r1) p33(A,B) :- place1(A,C), place1(C,B).
(r2) p84(A,B) :- right(A,C), place1(C,B).
(r3) p0(A,B) :- right(A,C), place1(C,C1_0), place1(C1_0,B).
(r4) p15(A,B) :- place1(A,C), right(C,C1_0), place1(C1_0,B).
(r5) p61(A,B) :- right(A,C), right(C,C1_0), place1(C1_0,B).
(r6) p358(A,B) :- place1(A,C), place1(C,C1_0), place1(C1_0,B).
(r7) p8(A,B) :- place1(A,C0_0), place1(C0_0,C), right(C,C1_0), place1(C1_0,B).
(r8) p55(A,B) :- right(A,C0_0), place1(C0_0,C), place1(C,C1_0), place1(C1_0,B).
(r9) p187(A,B) :- place1(A,C), right(C,C1_0), right(C1_0,C2_0), place1(C2_0,B).
(r10) p273(A,B) :- right(A,C0_0), place1(C0_0,C), right(C,C1_0), place1(C1_0,B).
(r11) p652(A,B) :- right(A,C), right(C,C1_0), place1(C1_0,C2_0), place1(C2_0,B).
(r12) p2306(A,B) :- place1(A,C0_0), place1(C0_0,C), place1(C,C1_0), place1(C1_0,B).
(r13) p2332(A,B) :- right(A,C), right(C,C1_0), right(C1_0,C2_0), place1(C2_0,B).
(r14) p64(A,B) :- place1(A,C), right(C,C1_0-1), place1(C1_0-1,C1_0), right(C1_0,C2_0), place1(C2_0,B).
(r15) p244(A,B) :- place1(A,C), right(C,C1_0-1), place1(C1_0-1,C1_0), place1(C1_0,C2_0), place1(C2_0,B).
(r16) p921(A,B) :- right(A,C), right(C,C1_0-1), place1(C1_0-1,C1_0), place1(C1_0,C2_0), place1(C2_0,B).
(r17) p1106(A,B) :- right(A,C), place1(C,C1_0-1), place1(C1_0-1,C1_0), right(C1_0,C2_0), place1(C2_0,B).
(r18) p2867(A,B) :- right(A,C), place1(C,C1_0-1), place1(C1_0-1,C1_0), place1(C1_0,C2_0), place1(C2_0,B).
(r19) p245(A,B) :- place1(A,C), right(C,C1_0), right(C1_0,C2_0), place1(C2_0,C3_0), place1(C3_0,B).
(r20) p261(A,B) :- right(A,C), place1(C,C1_0), right(C1_0,C2_0), right(C2_0,C3_0), place1(C3_0,B).
(r21) p2(A,B) :- place1(A,C0_0), place1(C0_0,C1_0-2), place1(C1_0-2,C1_0-1), right(C1_0-1,C2_0-1), place1(C2_0-1,C), place1(C,C2_0), place1(C2_0,C1_0), right(C1_0,C3_0), place1(C3_0,C6_0), place1(C6_0,B).
(r22) p241(A,B) :- right(A,C0_0), right(C0_0,C1_0-2), place1(C1_0-2,C1_0-1), place1(C1_0-1,C2_0), place1(C2_0,C), right(C,C1_0), place1(C1_0,C4_0), place1(C4_0,C3_0), place1(C3_0,C5_0), place1(C5_0,B).
(r23) p337(A,B) :- right(A,C0_0), place1(C0_0,C1_0-2), place1(C1_0-2,C1_0-1), right(C1_0-1,C2_0), place1(C2_0,C), right(C,C1_0), place1(C1_0,C4_0), place1(C4_0,C3_0), place1(C3_0,C5_0), place1(C5_0,B).
(r24) p661(A,B) :- place1(A,C0_0-1), place1(C0_0-1,C0_0), right(C0_0,C1_0-1), place1(C1_0-1,C3_0-1), place1(C3_0-1,C), right(C,C1_0), right(C1_0,C5_0), place1(C5_0,C3_0), place1(C3_0,C6_0), place1(C6_0,B).
(r25) p3(A,B) :- right(A,C), place1(C,C1_0), place1(C1_0,C2_0-1), place1(C2_0-1,C2_0), right(C2_0,C3_0), place1(C3_0,B).
(r26) p14(A,B) :- place1(A,C), place1(C,C1_0), right(C1_0,C2_0-1), place1(C2_0-1,C2_0), place1(C2_0,C3_0), place1(C3_0,B).
(r27) p103(A,B) :- right(A,C), right(C,C1_0), place1(C1_0,C2_0-1), place1(C2_0-1,C2_0), place1(C2_0,C3_0), place1(C3_0,B).
(r28) p238(A,B) :- place1(A,C0_0), place1(C0_0,C), right(C,C1_0), right(C1_0,C3_0), place1(C3_0,C4_0), place1(C4_0,B).
(r29) p910(A,B) :- right(A,C0_0), place1(C0_0,C), right(C,C1_0), right(C1_0,C3_0), place1(C3_0,C4_0), place1(C4_0,B).
(r30) p1001(A,B) :- right(A,C), place1(C,C1_0), right(C1_0,C2_0-1), place1(C2_0-1,C2_0), right(C2_0,C3_0), place1(C3_0,B).
(r31) p1303(A,B) :- place1(A,C0_0), right(C0_0,C1_0-1), right(C1_0-1,C2_0), place1(C2_0,C), right(C,C1_0), place1(C1_0,B).
(r32) p4(A,B) :- place1(A,C0_0), place1(C0_0,C1_0-2), place1(C1_0-2,C1_0-1), right(C1_0-1,C2_0), place1(C2_0,C), right(C,C1_0), right(C1_0,C3_0), place1(C3_0,C5_0), place1(C5_0,B).
(r33) p75(A,B) :- place1(A,C0_0), right(C0_0,C1_0-1), place1(C1_0-1,C2_0), place1(C2_0,C), place1(C,C1_0), right(C1_0,C4_0), place1(C4_0,C3_0), place1(C3_0,C5_0), place1(C5_0,B).
(r34) p702(A,B) :- right(A,C0_0), right(C0_0,C1_0-1), place1(C1_0-1,C2_0), place1(C2_0,C), place1(C,C1_0), right(C1_0,C4_0), place1(C4_0,C3_0), place1(C3_0,C5_0), place1(C5_0,B).
(r35) p837(A,B) :- right(A,C0_0-1), place1(C0_0-1,C0_0), right(C0_0,C1_0-1), place1(C1_0-1,C), place1(C,C2_0), place1(C2_0,C1_0), right(C1_0,C3_0), place1(C3_0,C7_0), place1(C7_0,B).
(r36) p13(A,B) :- place1(A,C0_0), place1(C0_0,C), right(C,C1_0), place1(C1_0,C3_0-1), place1(C3_0-1,C3_0), right(C3_0,C4_0), place1(C4_0,B).
(r37) p20(A,B) :- place1(A,C0_0), place1(C0_0,C1_0-1), place1(C1_0-1,C), right(C,C1_0), right(C1_0,C3_0), place1(C3_0,C5_0), place1(C5_0,B).
(r38) p21(A,B) :- right(A,C0_0-1), place1(C0_0-1,C0_0), right(C0_0,C1_0-1), place1(C1_0-1,C), right(C,C1_0), place1(C1_0,C3_0), place1(C3_0,B).
(r39) p90(A,B) :- right(A,C0_0), right(C0_0,C1_0-1), place1(C1_0-1,C), place1(C,C1_0), right(C1_0,C3_0), place1(C3_0,C5_0), place1(C5_0,B).
(r40) p387(A,B) :- place1(A,C0_0), right(C0_0,C1_0-1), place1(C1_0-1,C), right(C,C2_0), place1(C2_0,C1_0), right(C1_0,C3_0), place1(C3_0,B).
(r41) p39(A,B) :- place1(A,C0_0), place1(C0_0,C1_0-2), place1(C1_0-2,C1_0-1), right(C1_0-1,C2_0), place1(C2_0,C), right(C,C1_0), right(C1_0,C3_0), place1(C3_0,B).
(r42) p71(A,B) :- place1(A,C0_0), place1(C0_0,C1_0-1), place1(C1_0-1,C), place1(C,C1_0), right(C1_0,C4_0), place1(C4_0,C3_0), right(C3_0,C5_0), place1(C5_0,B).
(r43) p102(A,B) :- right(A,C0_0), place1(C0_0,C1_0-1), place1(C1_0-1,C), place1(C,C1_0), right(C1_0,C4_0), place1(C4_0,C3_0), place1(C3_0,C5_0), place1(C5_0,B).
(r44) p375(A,B) :- right(A,C0_0), right(C0_0,C1_0-1), place1(C1_0-1,C), right(C,C1_0), place1(C1_0,C4_0), place1(C4_0,C3_0), place1(C3_0,C5_0), place1(C5_0,B).
====================
MaxSAT solving... (15648 vars, 34032 hard, 992 soft)
number of rules: 46
program size: 105
(inv1) inv1(X1,X2,X3,X4,X5,X6,X7,X8,X9,X10,X11,X12,X13,X14,X15,X16,X17,X18,X19,X20,X21,X22) :- place1(X1,X2), place1(X3,X4), place1(X5,X6), place1(X7,X8), place1(X9,X10), place1(X11,X12), place1(X13,X14), place1(X15,X16), right(X17,X18), right(X19,X20), right(X21,X22).
(inv2) inv2(X1,X2,X3,X4,X5,X6) :- place1(X1,X2), place1(X3,X4), place1(X5,X6).
(r1) p33(A,B) :- inv2(A,C,C,B,A,C).
(r2) p84(A,B) :- inv1(C,B,C,B,C,B,C,B,C,B,C,B,C,B,C,B,A,C,A,C,A,C).
(r3) p0(A,B) :- inv1(C,C1_0,C1_0,B,C,C1_0,C,C1_0,C,C1_0,C,C1_0,C,C1_0,C,C1_0,A,C,A,C,A,C).
(r4) p15(A,B) :- inv1(A,C,C1_0,B,A,C,A,C,A,C,A,C,A,C,A,C,C,C1_0,C,C1_0,C,C1_0).
(r5) p61(A,B) :- inv1(C1_0,B,C1_0,B,C1_0,B,C1_0,B,C1_0,B,C1_0,B,C1_0,B,C1_0,B,A,C,C,C1_0,A,C).
(r6) p358(A,B) :- inv2(A,C,C,C1_0,C1_0,B).
(r7) p8(A,B) :- inv1(A,C0_0,C0_0,C,C1_0,B,A,C0_0,A,C0_0,A,C0_0,A,C0_0,A,C0_0,C,C1_0,C,C1_0,C,C1_0).
(r8) p55(A,B) :- inv1(C0_0,C,C,C1_0,C1_0,B,C0_0,C,C0_0,C,C0_0,C,C0_0,C,C0_0,C,A,C0_0,A,C0_0,A,C0_0).
(r9) p187(A,B) :- inv1(A,C,C2_0,B,A,C,A,C,A,C,A,C,A,C,A,C,C,C1_0,C1_0,C2_0,C,C1_0).
(r10) p273(A,B) :- inv1(C0_0,C,C1_0,B,C0_0,C,C0_0,C,C0_0,C,C0_0,C,C0_0,C,C0_0,C,A,C0_0,C,C1_0,A,C0_0).
(r11) p652(A,B) :- inv1(C1_0,C2_0,C2_0,B,C1_0,C2_0,C1_0,C2_0,C1_0,C2_0,C1_0,C2_0,C1_0,C2_0,C1_0,C2_0,A,C,C,C1_0,A,C).
(r12) p2306(A,B) :- inv2(A,C0_0,C0_0,C,C,C1_0), place1(C1_0,B).
(r13) p2332(A,B) :- inv1(C2_0,B,C2_0,B,C2_0,B,C2_0,B,C2_0,B,C2_0,B,C2_0,B,C2_0,B,A,C,C,C1_0,C1_0,C2_0).
(r14) p64(A,B) :- inv1(A,C,C1_0-1,C1_0,C2_0,B,A,C,A,C,A,C,A,C,A,C,C,C1_0-1,C1_0,C2_0,C,C1_0-1).
(r15) p244(A,B) :- inv1(A,C,C1_0-1,C1_0,C1_0,C2_0,C2_0,B,A,C,A,C,A,C,A,C,C,C1_0-1,C,C1_0-1,C,C1_0-1).
(r16) p921(A,B) :- inv1(C1_0-1,C1_0,C1_0,C2_0,C2_0,B,C1_0-1,C1_0,C1_0-1,C1_0,C1_0-1,C1_0,C1_0-1,C1_0,C1_0-1,C1_0,A,C,C,C1_0-1,A,C).
(r17) p1106(A,B) :- inv1(C,C1_0-1,C1_0-1,C1_0,C2_0,B,C,C1_0-1,C,C1_0-1,C,C1_0-1,C,C1_0-1,C,C1_0-1,A,C,C1_0,C2_0,A,C).
(r18) p2867(A,B) :- inv1(C,C1_0-1,C1_0-1,C1_0,C1_0,C2_0,C2_0,B,C,C1_0-1,C,C1_0-1,C,C1_0-1,C,C1_0-1,A,C,A,C,A,C).
(r19) p245(A,B) :- inv1(A,C,C2_0,C3_0,C3_0,B,A,C,A,C,A,C,A,C,A,C,C,C1_0,C1_0,C2_0,C,C1_0).
(r20) p261(A,B) :- inv1(C,C1_0,C3_0,B,C,C1_0,C,C1_0,C,C1_0,C,C1_0,C,C1_0,C,C1_0,A,C,C1_0,C2_0,C2_0,C3_0).
(r21) p2(A,B) :- inv1(A,C0_0,C0_0,C1_0-2,C1_0-2,C1_0-1,C2_0-1,C,C,C2_0,C2_0,C1_0,C3_0,C6_0,C6_0,B,C1_0-1,C2_0-1,C1_0,C3_0,C1_0-1,C2_0-1).
(r22) p241(A,B) :- inv1(C1_0-2,C1_0-1,C1_0-1,C2_0,C2_0,C,C1_0,C4_0,C4_0,C3_0,C3_0,C5_0,C5_0,B,C1_0-2,C1_0-1,A,C0_0,C0_0,C1_0-2,C,C1_0).
(r23) p337(A,B) :- inv1(C0_0,C1_0-2,C1_0-2,C1_0-1,C2_0,C,C1_0,C4_0,C4_0,C3_0,C3_0,C5_0,C5_0,B,C0_0,C1_0-2,A,C0_0,C1_0-1,C2_0,C,C1_0).
(r24) p661(A,B) :- inv1(A,C0_0-1,C0_0-1,C0_0,C1_0-1,C3_0-1,C3_0-1,C,C5_0,C3_0,C3_0,C6_0,C6_0,B,A,C0_0-1,C0_0,C1_0-1,C,C1_0,C1_0,C5_0).
(r25) p3(A,B) :- inv1(C,C1_0,C1_0,C2_0-1,C2_0-1,C2_0,C3_0,B,C,C1_0,C,C1_0,C,C1_0,C,C1_0,A,C,C2_0,C3_0,A,C).
(r26) p14(A,B) :- inv1(A,C,C,C1_0,C2_0-1,C2_0,C2_0,C3_0,C3_0,B,A,C,A,C,A,C,C1_0,C2_0-1,C1_0,C2_0-1,C1_0,C2_0-1).
(r27) p103(A,B) :- inv1(C1_0,C2_0-1,C2_0-1,C2_0,C2_0,C3_0,C3_0,B,C1_0,C2_0-1,C1_0,C2_0-1,C1_0,C2_0-1,C1_0,C2_0-1,A,C,C,C1_0,A,C).
(r28) p238(A,B) :- inv1(A,C0_0,C0_0,C,C3_0,C4_0,C4_0,B,A,C0_0,A,C0_0,A,C0_0,A,C0_0,C,C1_0,C1_0,C3_0,C,C1_0).
(r29) p910(A,B) :- inv1(C0_0,C,C3_0,C4_0,C4_0,B,C0_0,C,C0_0,C,C0_0,C,C0_0,C,C0_0,C,A,C0_0,C,C1_0,C1_0,C3_0).
(r30) p1001(A,B) :- inv1(C,C1_0,C2_0-1,C2_0,C3_0,B,C,C1_0,C,C1_0,C,C1_0,C,C1_0,C,C1_0,A,C,C1_0,C2_0-1,C2_0,C3_0).
(r31) p1303(A,B) :- inv1(A,C0_0,C2_0,C,C1_0,B,A,C0_0,A,C0_0,A,C0_0,A,C0_0,A,C0_0,C0_0,C1_0-1,C1_0-1,C2_0,C,C1_0).
(r32) p4(A,B) :- inv1(A,C0_0,C0_0,C1_0-2,C1_0-2,C1_0-1,C2_0,C,C3_0,C5_0,C5_0,B,A,C0_0,A,C0_0,C1_0-1,C2_0,C,C1_0,C1_0,C3_0).
(r33) p75(A,B) :- inv1(A,C0_0,C1_0-1,C2_0,C2_0,C,C,C1_0,C4_0,C3_0,C3_0,C5_0,C5_0,B,A,C0_0,C0_0,C1_0-1,C1_0,C4_0,C0_0,C1_0-1).
(r34) p702(A,B) :- inv1(C1_0-1,C2_0,C2_0,C,C,C1_0,C4_0,C3_0,C3_0,C5_0,C5_0,B,C1_0-1,C2_0,C1_0-1,C2_0,A,C0_0,C0_0,C1_0-1,C1_0,C4_0).
(r35) p837(A,B) :- inv1(C0_0-1,C0_0,C1_0-1,C,C,C2_0,C2_0,C1_0,C3_0,C7_0,C7_0,B,C0_0-1,C0_0,C0_0-1,C0_0,A,C0_0-1,C0_0,C1_0-1,C1_0,C3_0).
(r36) p13(A,B) :- inv1(A,C0_0,C0_0,C,C1_0,C3_0-1,C3_0-1,C3_0,C4_0,B,A,C0_0,A,C0_0,A,C0_0,C,C1_0,C3_0,C4_0,C,C1_0).
(r37) p20(A,B) :- inv1(A,C0_0,C0_0,C1_0-1,C1_0-1,C,C3_0,C5_0,C5_0,B,A,C0_0,A,C0_0,A,C0_0,C,C1_0,C1_0,C3_0,C,C1_0).
(r38) p21(A,B) :- inv1(C0_0-1,C0_0,C1_0-1,C,C1_0,C3_0,C3_0,B,C0_0-1,C0_0,C0_0-1,C0_0,C0_0-1,C0_0,C0_0-1,C0_0,A,C0_0-1,C0_0,C1_0-1,C,C1_0).
(r39) p90(A,B) :- inv1(C1_0-1,C,C,C1_0,C3_0,C5_0,C5_0,B,C1_0-1,C,C1_0-1,C,C1_0-1,C,C1_0-1,C,A,C0_0,C0_0,C1_0-1,C1_0,C3_0).
(r40) p387(A,B) :- inv1(A,C0_0,C1_0-1,C,C2_0,C1_0,C3_0,B,A,C0_0,A,C0_0,A,C0_0,A,C0_0,C0_0,C1_0-1,C,C2_0,C1_0,C3_0).
(r41) p39(A,B) :- inv1(A,C0_0,C0_0,C1_0-2,C1_0-2,C1_0-1,C2_0,C,C3_0,B,A,C0_0,A,C0_0,A,C0_0,C1_0-1,C2_0,C,C1_0,C1_0,C3_0).
(r42) p71(A,B) :- inv1(A,C0_0,C0_0,C1_0-1,C1_0-1,C,C,C1_0,C4_0,C3_0,C5_0,B,A,C0_0,A,C0_0,C1_0,C4_0,C3_0,C5_0,C1_0,C4_0).
(r43) p102(A,B) :- inv1(C0_0,C1_0-1,C1_0-1,C,C,C1_0,C4_0,C3_0,C3_0,C5_0,C5_0,B,C0_0,C1_0-1,C0_0,C1_0-1,A,C0_0,C1_0,C4_0,A,C0_0).
(r44) p375(A,B) :- inv1(C1_0-1,C,C1_0,C4_0,C4_0,C3_0,C3_0,C5_0,C5_0,B,C1_0-1,C,C1_0-1,C,C1_0-1,C,A,C0_0,C0_0,C1_0-1,C,C1_0).
====================
