number of rules: 43
program size: 313
(r1) p21(A,B) :- right(A,C), place1(C,B).
(r2) p39(A,B) :- place1(A,C), place1(C,B).
(r3) p6(A,B) :- place1(A,C0_0), place1(C0_0,C), right(C,C1_0), place1(C1_0,B).
(r4) p160(A,B) :- right(A,C0_0), place1(C0_0,C), right(C,C1_0), place1(C1_0,B).
(r5) p174(A,B) :- right(A,C0_0), place1(C0_0,C), place1(C,C1_0), place1(C1_0,B).
(r6) p181(A,B) :- right(A,C), right(C,C1_0), place1(C1_0,C2_0), place1(C2_0,B).
(r7) p218(A,B) :- place1(A,C), right(C,C1_0), right(C1_0,C2_0), place1(C2_0,B).
(r8) p976(A,B) :- place1(A,C0_0), place1(C0_0,C), place1(C,C1_0), place1(C1_0,B).
(r9) p7(A,B) :- place1(A,C), place1(C,C1_0-1), place1(C1_0-1,C1_0), right(C1_0,C2_0), place1(C2_0,B).
(r10) p20(A,B) :- right(A,C), right(C,C1_0-1), place1(C1_0-1,C1_0), place1(C1_0,C2_0), place1(C2_0,B).
(r11) p64(A,B) :- right(A,C), place1(C,C1_0-1), place1(C1_0-1,C1_0), right(C1_0,C2_0), place1(C2_0,B).
(r12) p85(A,B) :- place1(A,C), right(C,C1_0-1), place1(C1_0-1,C1_0), right(C1_0,C2_0), place1(C2_0,B).
(r13) p100(A,B) :- right(A,C), place1(C,C1_0-1), place1(C1_0-1,C1_0), place1(C1_0,C2_0), place1(C2_0,B).
(r14) p1227(A,B) :- right(A,C), right(C,C1_0-1), place1(C1_0-1,C1_0), right(C1_0,C2_0), place1(C2_0,B).
(r15) p57(A,B) :- place1(A,C), place1(C,C1_0), right(C1_0,C2_0), right(C2_0,C3_0), place1(C3_0,B).
(r16) p15(A,B) :- right(A,C), place1(C,C1_0), place1(C1_0,B).
(r17) p29(A,B) :- place1(A,C), right(C,C1_0), place1(C1_0,B).
(r18) p66(A,B) :- right(A,C), right(C,C1_0), place1(C1_0,B).
(r19) p192(A,B) :- place1(A,C), place1(C,C1_0), place1(C1_0,B).
(r20) p157(A,B) :- right(A,C0_0), place1(C0_0,C), right(C,C2_0), place1(C2_0,C1_0), place1(C1_0,C3_0), place1(C3_0,B).
(r21) p0(A,B) :- place1(A,C), place1(C,C1_0), right(C1_0,C2_0-1), place1(C2_0-1,C2_0), right(C2_0,C3_0), place1(C3_0,B).
(r22) p19(A,B) :- place1(A,C), right(C,C1_0), right(C1_0,C2_0-1), place1(C2_0-1,C2_0), right(C2_0,C3_0), place1(C3_0,B).
(r23) p51(A,B) :- place1(A,C0_0), place1(C0_0,C), right(C,C1_0), right(C1_0,C3_0), place1(C3_0,C4_0), place1(C4_0,B).
(r24) p1346(A,B) :- right(A,C0_0), place1(C0_0,C), place1(C,C1_0), right(C1_0,C3_0), right(C3_0,C4_0), place1(C4_0,B).
(r25) p1(A,B) :- place1(A,C0_0-1), place1(C0_0-1,C0_0), right(C0_0,C1_0-1), place1(C1_0-1,C), place1(C,C2_0), place1(C2_0,C1_0), right(C1_0,C3_0), place1(C3_0,C7_0), place1(C7_0,B).
(r26) p332(A,B) :- place1(A,C0_0), right(C0_0,C1_0-1), place1(C1_0-1,C2_0), place1(C2_0,C), right(C,C1_0), right(C1_0,C4_0), place1(C4_0,C3_0), place1(C3_0,C5_0), place1(C5_0,B).
(r27) p356(A,B) :- right(A,C0_0), place1(C0_0,C1_0-1), place1(C1_0-1,C), right(C,C2_0), place1(C2_0,C1_0), place1(C1_0,C5_0), place1(C5_0,C3_0), right(C3_0,C6_0), place1(C6_0,B).
(r28) p398(A,B) :- right(A,C0_0), place1(C0_0,C1_0-2), place1(C1_0-2,C1_0-1), place1(C1_0-1,C2_0), place1(C2_0,C), right(C,C1_0), right(C1_0,C3_0), place1(C3_0,C5_0), place1(C5_0,B).
(r29) p5(A,B) :- right(A,C0_0), place1(C0_0,C1_0-2), place1(C1_0-2,C1_0-1), right(C1_0-1,C2_0-1), place1(C2_0-1,C), place1(C,C2_0), place1(C2_0,C1_0), right(C1_0,C3_0), place1(C3_0,C6_0), place1(C6_0,B).
(r30) p9(A,B) :- place1(A,C0_0), right(C0_0,C1_0-2), place1(C1_0-2,C1_0-1), place1(C1_0-1,C2_0), place1(C2_0,C), right(C,C1_0), place1(C1_0,C4_0), place1(C4_0,C3_0), right(C3_0,C5_0), place1(C5_0,B).
(r31) p253(A,B) :- right(A,C0_0), place1(C0_0,C1_0-2), place1(C1_0-2,C1_0-1), place1(C1_0-1,C2_0), place1(C2_0,C), right(C,C1_0), right(C1_0,C4_0), place1(C4_0,C3_0), place1(C3_0,C5_0), place1(C5_0,B).
(r32) p1066(A,B) :- place1(A,C0_0-1), place1(C0_0-1,C0_0), right(C0_0,C1_0-1), place1(C1_0-1,C3_0-1), place1(C3_0-1,C), right(C,C1_0), right(C1_0,C5_0), place1(C5_0,C3_0), place1(C3_0,C6_0), place1(C6_0,B).
(r33) p24(A,B) :- place1(A,C0_0), place1(C0_0,C), right(C,C2_0), place1(C2_0,C1_0), right(C1_0,C3_0), place1(C3_0,C5_0), place1(C5_0,B).
(r34) p90(A,B) :- place1(A,C0_0), place1(C0_0,C1_0-1), place1(C1_0-1,C), right(C,C1_0), right(C1_0,C3_0), place1(C3_0,C5_0), place1(C5_0,B).
(r35) p91(A,B) :- right(A,C0_0), place1(C0_0,C), right(C,C2_0), place1(C2_0,C1_0), right(C1_0,C3_0), place1(C3_0,C5_0), place1(C5_0,B).
(r36) p244(A,B) :- right(A,C0_0), right(C0_0,C1_0-1), place1(C1_0-1,C), place1(C,C1_0), right(C1_0,C3_0), place1(C3_0,C5_0), place1(C5_0,B).
(r37) p784(A,B) :- place1(A,C0_0), right(C0_0,C1_0-1), place1(C1_0-1,C), right(C,C2_0), place1(C2_0,C1_0), right(C1_0,C3_0), place1(C3_0,B).
(r38) p42(A,B) :- place1(A,C0_0), place1(C0_0,C), right(C,C2_0), place1(C2_0,C1_0), place1(C1_0,C4_0), place1(C4_0,C3_0), right(C3_0,C5_0), place1(C5_0,B).
(r39) p217(A,B) :- place1(A,C0_0), place1(C0_0,C1_0-1), place1(C1_0-1,C), right(C,C1_0), right(C1_0,C4_0), place1(C4_0,C3_0), place1(C3_0,C5_0), place1(C5_0,B).
(r40) p230(A,B) :- right(A,C0_0), place1(C0_0,C1_0-1), place1(C1_0-1,C), place1(C,C1_0), right(C1_0,C4_0), place1(C4_0,C3_0), place1(C3_0,C5_0), place1(C5_0,B).
(r41) p360(A,B) :- right(A,C0_0), right(C0_0,C1_0-2), place1(C1_0-2,C1_0-1), place1(C1_0-1,C2_0), place1(C2_0,C), right(C,C1_0), place1(C1_0,C3_0), place1(C3_0,B).
(r42) p210(A,B) :- right(A,C0_0-1), place1(C0_0-1,C0_0), place1(C0_0,C2_0), place1(C2_0,C1_0-1), right(C1_0-1,C3_0-1), place1(C3_0-1,C), right(C,C1_0), place1(C1_0,C5_0), place1(C5_0,C3_0), place1(C3_0,C6_0), place1(C6_0,B).
(r43) p229(A,B) :- place1(A,C0_0-1), place1(C0_0-1,C0_0), right(C0_0,C1_0-1), place1(C1_0-1,C3_0-1), place1(C3_0-1,C), right(C,C2_0), place1(C2_0,C1_0), place1(C1_0,C6_0), place1(C6_0,C3_0), right(C3_0,C7_0), place1(C7_0,B).
====================
MaxSAT solving... (18166 vars, 38792 hard, 982 soft)
number of rules: 45
program size: 103
(inv1) inv1(X1,X2,X3,X4,X5,X6) :- place1(X1,X2), place1(X3,X4), place1(X5,X6).
(inv2) inv2(X1,X2,X3,X4,X5,X6,X7,X8,X9,X10,X11,X12,X13,X14,X15,X16,X17,X18,X19,X20,X21,X22) :- right(X1,X2), right(X3,X4), right(X5,X6), place1(X7,X8), place1(X9,X10), place1(X11,X12), place1(X13,X14), place1(X15,X16), place1(X17,X18), place1(X19,X20), place1(X21,X22).
(r1) p21(A,B) :- inv2(A,C,A,C,A,C,C,B,C,B,C,B,C,B,C,B,C,B,C,B,C,B).
(r2) p39(A,B) :- inv1(A,C,C,B,A,C).
(r3) p6(A,B) :- inv2(C,C1_0,C,C1_0,C,C1_0,A,C0_0,C0_0,C,C1_0,B,A,C0_0,A,C0_0,A,C0_0,A,C0_0,A,C0_0).
(r4) p160(A,B) :- inv2(A,C0_0,C,C1_0,A,C0_0,C0_0,C,C1_0,B,C0_0,C,C0_0,C,C0_0,C,C0_0,C,C0_0,C,C0_0,C).
(r5) p174(A,B) :- inv2(A,C0_0,A,C0_0,A,C0_0,C0_0,C,C,C1_0,C1_0,B,C0_0,C,C0_0,C,C0_0,C,C0_0,C,C0_0,C).
(r6) p181(A,B) :- inv2(A,C,C,C1_0,A,C,C1_0,C2_0,C2_0,B,C1_0,C2_0,C1_0,C2_0,C1_0,C2_0,C1_0,C2_0,C1_0,C2_0,C1_0,C2_0).
(r7) p218(A,B) :- inv2(C,C1_0,C1_0,C2_0,C,C1_0,A,C,C2_0,B,A,C,A,C,A,C,A,C,A,C,A,C).
(r8) p976(A,B) :- inv1(A,C0_0,C0_0,C,C,C1_0), place1(C1_0,B).
(r9) p7(A,B) :- inv2(C1_0,C2_0,C1_0,C2_0,C1_0,C2_0,A,C,C,C1_0-1,C1_0-1,C1_0,C2_0,B,A,C,A,C,A,C,A,C).
(r10) p20(A,B) :- inv2(A,C,C,C1_0-1,A,C,C1_0-1,C1_0,C1_0,C2_0,C2_0,B,C1_0-1,C1_0,C1_0-1,C1_0,C1_0-1,C1_0,C1_0-1,C1_0,C1_0-1,C1_0).
(r11) p64(A,B) :- inv2(A,C,C1_0,C2_0,A,C,C,C1_0-1,C1_0-1,C1_0,C2_0,B,C,C1_0-1,C,C1_0-1,C,C1_0-1,C,C1_0-1,C,C1_0-1).
(r12) p85(A,B) :- inv2(C,C1_0-1,C1_0,C2_0,C,C1_0-1,A,C,C1_0-1,C1_0,C2_0,B,A,C,A,C,A,C,A,C,A,C).
(r13) p100(A,B) :- inv2(A,C,A,C,A,C,C,C1_0-1,C1_0-1,C1_0,C1_0,C2_0,C2_0,B,C,C1_0-1,C,C1_0-1,C,C1_0-1,C,C1_0-1).
(r14) p1227(A,B) :- inv2(A,C,C,C1_0-1,C1_0,C2_0,C1_0-1,C1_0,C2_0,B,C1_0-1,C1_0,C1_0-1,C1_0,C1_0-1,C1_0,C1_0-1,C1_0,C1_0-1,C1_0,C1_0-1,C1_0).
(r15) p57(A,B) :- inv2(C1_0,C2_0,C2_0,C3_0,C1_0,C2_0,A,C,C,C1_0,C3_0,B,A,C,A,C,A,C,A,C,A,C).
(r16) p15(A,B) :- inv2(A,C,A,C,A,C,C,C1_0,C1_0,B,C,C1_0,C,C1_0,C,C1_0,C,C1_0,C,C1_0,C,C1_0).
(r17) p29(A,B) :- inv2(C,C1_0,C,C1_0,C,C1_0,A,C,C1_0,B,A,C,A,C,A,C,A,C,A,C,A,C).
(r18) p66(A,B) :- inv2(A,C,C,C1_0,A,C,C1_0,B,C1_0,B,C1_0,B,C1_0,B,C1_0,B,C1_0,B,C1_0,B,C1_0,B).
(r19) p192(A,B) :- inv1(A,C,C,C1_0,C1_0,B).
(r20) p157(A,B) :- inv2(A,C0_0,C,C2_0,A,C0_0,C0_0,C,C2_0,C1_0,C1_0,C3_0,C3_0,B,C0_0,C,C0_0,C,C0_0,C,C0_0,C).
(r21) p0(A,B) :- inv2(C1_0,C2_0-1,C2_0,C3_0,C1_0,C2_0-1,A,C,C,C1_0,C2_0-1,C2_0,C3_0,B,A,C,A,C,A,C,A,C).
(r22) p19(A,B) :- inv2(C,C1_0,C1_0,C2_0-1,C2_0,C3_0,A,C,C2_0-1,C2_0,C3_0,B,A,C,A,C,A,C,A,C,A,C).
(r23) p51(A,B) :- inv2(C,C1_0,C1_0,C3_0,C,C1_0,A,C0_0,C0_0,C,C3_0,C4_0,C4_0,B,A,C0_0,A,C0_0,A,C0_0,A,C0_0).
(r24) p1346(A,B) :- inv2(A,C0_0,C1_0,C3_0,C3_0,C4_0,C0_0,C,C,C1_0,C4_0,B,C0_0,C,C0_0,C,C0_0,C,C0_0,C,C0_0,C).
(r25) p1(A,B) :- inv2(C0_0,C1_0-1,C1_0,C3_0,C0_0,C1_0-1,A,C0_0-1,C0_0-1,C0_0,C1_0-1,C,C,C2_0,C2_0,C1_0,C3_0,C7_0,C7_0,B,A,C0_0-1).
(r26) p332(A,B) :- inv2(C0_0,C1_0-1,C,C1_0,C1_0,C4_0,A,C0_0,C1_0-1,C2_0,C2_0,C,C4_0,C3_0,C3_0,C5_0,C5_0,B,A,C0_0,A,C0_0).
(r27) p356(A,B) :- inv2(A,C0_0,C,C2_0,C3_0,C6_0,C0_0,C1_0-1,C1_0-1,C,C2_0,C1_0,C1_0,C5_0,C5_0,C3_0,C6_0,B,C0_0,C1_0-1,C0_0,C1_0-1).
(r28) p398(A,B) :- inv2(A,C0_0,C,C1_0,C1_0,C3_0,C0_0,C1_0-2,C1_0-2,C1_0-1,C1_0-1,C2_0,C2_0,C,C3_0,C5_0,C5_0,B,C0_0,C1_0-2,C0_0,C1_0-2).
(r29) p5(A,B) :- inv2(A,C0_0,C1_0-1,C2_0-1,C1_0,C3_0,C0_0,C1_0-2,C1_0-2,C1_0-1,C2_0-1,C,C,C2_0,C2_0,C1_0,C3_0,C6_0,C6_0,B,C0_0,C1_0-2).
(r30) p9(A,B) :- inv2(C0_0,C1_0-2,C,C1_0,C3_0,C5_0,A,C0_0,C1_0-2,C1_0-1,C1_0-1,C2_0,C2_0,C,C1_0,C4_0,C4_0,C3_0,C5_0,B,A,C0_0).
(r31) p253(A,B) :- inv2(A,C0_0,C,C1_0,C1_0,C4_0,C0_0,C1_0-2,C1_0-2,C1_0-1,C1_0-1,C2_0,C2_0,C,C4_0,C3_0,C3_0,C5_0,C5_0,B,C0_0,C1_0-2).
(r32) p1066(A,B) :- inv2(C0_0,C1_0-1,C,C1_0,C1_0,C5_0,A,C0_0-1,C0_0-1,C0_0,C1_0-1,C3_0-1,C3_0-1,C,C5_0,C3_0,C3_0,C6_0,C6_0,B,A,C0_0-1).
(r33) p24(A,B) :- inv2(C,C2_0,C1_0,C3_0,C,C2_0,A,C0_0,C0_0,C,C2_0,C1_0,C3_0,C5_0,C5_0,B,A,C0_0,A,C0_0,A,C0_0).
(r34) p90(A,B) :- inv2(C,C1_0,C1_0,C3_0,C,C1_0,A,C0_0,C0_0,C1_0-1,C1_0-1,C,C3_0,C5_0,C5_0,B,A,C0_0,A,C0_0,A,C0_0).
(r35) p91(A,B) :- inv2(A,C0_0,C,C2_0,C1_0,C3_0,C0_0,C,C2_0,C1_0,C3_0,C5_0,C5_0,B,C0_0,C,C0_0,C,C0_0,C,C0_0,C).
(r36) p244(A,B) :- inv2(A,C0_0,C0_0,C1_0-1,C1_0,C3_0,C1_0-1,C,C,C1_0,C3_0,C5_0,C5_0,B,C1_0-1,C,C1_0-1,C,C1_0-1,C,C1_0-1,C).
(r37) p784(A,B) :- inv2(C0_0,C1_0-1,C,C2_0,C1_0,C3_0,A,C0_0,C1_0-1,C,C2_0,C1_0,C3_0,B,A,C0_0,A,C0_0,A,C0_0,A,C0_0).
(r38) p42(A,B) :- inv2(C,C2_0,C3_0,C5_0,C,C2_0,A,C0_0,C0_0,C,C2_0,C1_0,C1_0,C4_0,C4_0,C3_0,C5_0,B,A,C0_0,A,C0_0).
(r39) p217(A,B) :- inv2(C,C1_0,C1_0,C4_0,C,C1_0,A,C0_0,C0_0,C1_0-1,C1_0-1,C,C4_0,C3_0,C3_0,C5_0,C5_0,B,A,C0_0,A,C0_0).
(r40) p230(A,B) :- inv2(A,C0_0,C1_0,C4_0,A,C0_0,C0_0,C1_0-1,C1_0-1,C,C,C1_0,C4_0,C3_0,C3_0,C5_0,C5_0,B,C0_0,C1_0-1,C0_0,C1_0-1).
(r41) p360(A,B) :- inv2(A,C0_0,C0_0,C1_0-2,C,C1_0,C1_0-2,C1_0-1,C1_0-1,C2_0,C2_0,C,C1_0,C3_0,C3_0,B,C1_0-2,C1_0-1,C1_0-2,C1_0-1,C1_0-2,C1_0-1).
(r42) p210(A,B) :- inv2(A,C0_0-1,C1_0-1,C3_0-1,C,C1_0,C0_0-1,C0_0,C0_0,C2_0,C2_0,C1_0-1,C3_0-1,C,C1_0,C5_0,C5_0,C3_0,C3_0,C6_0,C6_0,B).
(r43) p229(A,B) :- inv2(C0_0,C1_0-1,C,C2_0,C3_0,C7_0,A,C0_0-1,C0_0-1,C0_0,C1_0-1,C3_0-1,C3_0-1,C,C2_0,C1_0,C1_0,C6_0,C6_0,C3_0,C7_0,B).
====================
