number of rules: 47
program size: 395
(r1) p3(A,B) :- place1(A,C), place1(C,B).
(r2) p26(A,B) :- right(A,C), place1(C,B).
(r3) p120(A,B) :- place1(A,C), p317(C,B).
(r4) p0(A,B) :- right(A,C0_0), place1(C0_0,C), right(C,C2_0), place1(C2_0,C1_0), place1(C1_0,C3_0), place1(C3_0,B).
(r5) p53(A,B) :- place1(A,C0_0), place1(C0_0,C), right(C,C2_0), place1(C2_0,C1_0), right(C1_0,C3_0), place1(C3_0,B).
(r6) p9(A,B) :- place1(A,C), right(C,C1_0), right(C1_0,C2_0-1), place1(C2_0-1,C2_0), place1(C2_0,C3_0), place1(C3_0,B).
(r7) p19(A,B) :- right(A,C0_0), right(C0_0,C1_0-1), place1(C1_0-1,C), place1(C,C1_0), place1(C1_0,C3_0), place1(C3_0,B).
(r8) p1(A,B) :- right(A,C), place1(C,C1_0), place1(C1_0,B).
(r9) p91(A,B) :- place1(A,C), right(C,C1_0), place1(C1_0,B).
(r10) p173(A,B) :- place1(A,C), place1(C,C1_0), place1(C1_0,B).
(r11) p4(A,B) :- place1(A,C0_0), place1(C0_0,C), right(C,C1_0), place1(C1_0,C3_0), place1(C3_0,B).
(r12) p11(A,B) :- right(A,C0_0), place1(C0_0,C), right(C,C1_0), place1(C1_0,C3_0), place1(C3_0,B).
(r13) p59(A,B) :- place1(A,C0_0), place1(C0_0,C), right(C,C1_0), right(C1_0,C3_0), place1(C3_0,B).
(r14) p107(A,B) :- right(A,C), right(C,C1_0-1), place1(C1_0-1,C1_0), place1(C1_0,C2_0), place1(C2_0,B).
(r15) p269(A,B) :- place1(A,C), right(C,C1_0-1), place1(C1_0-1,C1_0), right(C1_0,C2_0), place1(C2_0,B).
(r16) p10(A,B) :- right(A,C0_0-1), place1(C0_0-1,C0_0), place1(C0_0,C1_0-1), place1(C1_0-1,C), right(C,C2_0), place1(C2_0,C1_0), place1(C1_0,C3_0), place1(C3_0,B).
(r17) p38(A,B) :- place1(A,C0_0-1), place1(C0_0-1,C0_0), right(C0_0,C1_0-1), place1(C1_0-1,C), place1(C,C2_0), place1(C2_0,C1_0), right(C1_0,C3_0), place1(C3_0,B).
(r18) p124(A,B) :- place1(A,C0_0), right(C0_0,C1_0-1), right(C1_0-1,C2_0-1), place1(C2_0-1,C), right(C,C2_0), place1(C2_0,C1_0), place1(C1_0,C3_0), place1(C3_0,B).
(r19) p200(A,B) :- right(A,C0_0), right(C0_0,C1_0-1), place1(C1_0-1,C), place1(C,C1_0), right(C1_0,C4_0), place1(C4_0,C3_0), place1(C3_0,C5_0), place1(C5_0,B).
(r20) p74(A,B) :- place1(A,C0_0), place1(C0_0,C), right(C,C1_0), place1(C1_0,B).
(r21) p102(A,B) :- right(A,C), right(C,C1_0), place1(C1_0,C2_0), place1(C2_0,B).
(r22) p179(A,B) :- right(A,C0_0), place1(C0_0,C), right(C,C1_0), place1(C1_0,B).
(r23) p355(A,B) :- place1(A,C), right(C,C1_0), right(C1_0,C2_0), place1(C2_0,B).
(r24) p2(A,B) :- place1(A,C0_0-1), place1(C0_0-1,C0_0), right(C0_0,C1_0-1), place1(C1_0-1,C), right(C,C4_0), place1(C4_0,C2_0), place1(C2_0,C5_0), place1(C5_0,C1_0), right(C1_0,C6_0), place1(C6_0,C3_0), place1(C3_0,C7_0), place1(C7_0,B).
(r25) p240(A,B) :- place1(A,C), place1(C,C1_0-2), place1(C1_0-2,C1_0-1), right(C1_0-1,C2_0-1), right(C2_0-1,C4_0-1), place1(C4_0-1,C1_0), place1(C1_0,C3_0), place1(C3_0,C2_0), right(C2_0,C7_0), place1(C7_0,C4_0), place1(C4_0,C8_0), place1(C8_0,B).
(r26) p278(A,B) :- right(A,C0_0-1), place1(C0_0-1,C0_0), place1(C0_0,C1_0-1), place1(C1_0-1,C), right(C,C4_0), place1(C4_0,C2_0), place1(C2_0,C5_0), place1(C5_0,C1_0), right(C1_0,C6_0), place1(C6_0,C3_0), place1(C3_0,C7_0), place1(C7_0,B).
(r27) p6(A,B) :- right(A,C0_0), place1(C0_0,C), place1(C,C2_0), place1(C2_0,C1_0), right(C1_0,C3_0), place1(C3_0,C5_0), place1(C5_0,B).
(r28) p21(A,B) :- place1(A,C), place1(C,C1_0-1), place1(C1_0-1,C1_0), right(C1_0,C3_0), place1(C3_0,C2_0), place1(C2_0,C4_0), place1(C4_0,B).
(r29) p149(A,B) :- right(A,C0_0), place1(C0_0,C), place1(C,C2_0), place1(C2_0,C1_0), right(C1_0,C3_0), right(C3_0,C5_0), place1(C5_0,B).
(r30) p167(A,B) :- place1(A,C0_0), place1(C0_0,C), right(C,C1_0), right(C1_0,C3_0-1), place1(C3_0-1,C3_0), place1(C3_0,C4_0), place1(C4_0,B).
(r31) p7(A,B) :- right(A,C0_0-1), place1(C0_0-1,C1_0-2), place1(C1_0-2,C0_0), right(C0_0,C1_0-1), place1(C1_0-1,C3_0-1), place1(C3_0-1,C), right(C,C2_0), place1(C2_0,C1_0), place1(C1_0,C3_0), place1(C3_0,B).
(r32) p18(A,B) :- place1(A,C0_0), place1(C0_0,C1_0-2), place1(C1_0-2,C1_0-1), right(C1_0-1,C2_0-1), place1(C2_0-1,C), place1(C,C2_0), place1(C2_0,C1_0), right(C1_0,C3_0), place1(C3_0,C6_0), place1(C6_0,B).
(r33) p43(A,B) :- place1(A,C0_0-1), place1(C0_0-1,C0_0), right(C0_0,C1_0-1), place1(C1_0-1,C3_0-1), place1(C3_0-1,C), place1(C,C2_0), place1(C2_0,C1_0), right(C1_0,C3_0), right(C3_0,C7_0), place1(C7_0,B).
(r34) p8(A,B) :- place1(A,C0_0), place1(C0_0,C), place1(C,C2_0-2), place1(C2_0-2,C2_0-1), right(C2_0-1,C3_0-2), place1(C3_0-2,C2_0), place1(C2_0,C4_0), place1(C4_0,C3_0-1), right(C3_0-1,C5_0-1), place1(C5_0-1,C1_0), place1(C1_0,C3_0), right(C3_0,C7_0), place1(C7_0,C5_0), place1(C5_0,C8_0), place1(C8_0,B).
(r35) p12(A,B) :- place1(A,C), place1(C,C1_0-2), place1(C1_0-2,C1_0-1), right(C1_0-1,C2_0-1), place1(C2_0-1,C4_0-1), place1(C4_0-1,C1_0), place1(C1_0,C3_0), place1(C3_0,C2_0), right(C2_0,C4_0), right(C4_0,C8_0), place1(C8_0,B).
(r36) p51(A,B) :- place1(A,C0_0-1), right(C0_0-1,C1_0-2), place1(C1_0-2,C0_0), place1(C0_0,C1_0-1), right(C1_0-1,C3_0-1), place1(C3_0-1,C), place1(C,C1_0), place1(C1_0,C5_0), place1(C5_0,C3_0), right(C3_0,C6_0), place1(C6_0,B).
(r37) p171(A,B) :- right(A,C0_0), place1(C0_0,C1_0-1), place1(C1_0-1,C), place1(C,C3_0-1), place1(C3_0-1,C2_0), right(C2_0,C4_0), place1(C4_0,C1_0), place1(C1_0,C5_0), place1(C5_0,C3_0), right(C3_0,C6_0), place1(C6_0,B).
(r38) p15(A,B) :- right(A,C0_0), right(C0_0,C1_0-1), place1(C1_0-1,C2_0-1), place1(C2_0-1,C), place1(C,C2_0), place1(C2_0,C1_0), right(C1_0,C3_0), place1(C3_0,C6_0), place1(C6_0,B).
(r39) p32(A,B) :- place1(A,C0_0-1), place1(C0_0-1,C0_0), right(C0_0,C1_0-1), place1(C1_0-1,C3_0-1), place1(C3_0-1,C), place1(C,C1_0), right(C1_0,C3_0), place1(C3_0,C6_0), place1(C6_0,B).
(r40) p46(A,B) :- right(A,C), place1(C,C1_0-2), place1(C1_0-2,C1_0-1), right(C1_0-1,C2_0-1), place1(C2_0-1,C1_0), place1(C1_0,C3_0), place1(C3_0,C2_0), right(C2_0,C4_0), place1(C4_0,B).
(r41) p73(A,B) :- place1(A,C0_0), right(C0_0,C1_0-1), place1(C1_0-1,C2_0-1), place1(C2_0-1,C), place1(C,C2_0), place1(C2_0,C1_0), right(C1_0,C3_0), right(C3_0,C6_0), place1(C6_0,B).
(r42) p28(A,B) :- place1(A,C0_0), place1(C0_0,C), place1(C,C2_0-1), place1(C2_0-1,C2_0), right(C2_0,C3_0-1), place1(C3_0-1,C5_0-1), place1(C5_0-1,C1_0), place1(C1_0,C4_0), place1(C4_0,C3_0), right(C3_0,C8_0), place1(C8_0,C5_0), place1(C5_0,C9_0), place1(C9_0,B).
(r43) p168(A,B) :- right(A,C0_0), place1(C0_0,C), place1(C,C2_0), place1(C2_0,C3_0-2), place1(C3_0-2,C3_0-1), right(C3_0-1,C4_0-1), place1(C4_0-1,C1_0), place1(C1_0,C4_0), place1(C4_0,C3_0), right(C3_0,C7_0), place1(C7_0,C5_0), place1(C5_0,C8_0), place1(C8_0,B).
(r44) p182(A,B) :- place1(A,C0_0), place1(C0_0,C), place1(C,C2_0-1), place1(C2_0-1,C2_0), right(C2_0,C4_0), place1(C4_0,C3_0-1), place1(C3_0-1,C5_0-1), place1(C5_0-1,C1_0), right(C1_0,C3_0), right(C3_0,C7_0), place1(C7_0,C5_0), place1(C5_0,C8_0), place1(C8_0,B).
(r45) p266(A,B) :- place1(A,C), place1(C,C1_0-1), place1(C1_0-1,C2_0-2), place1(C2_0-2,C2_0-1), right(C2_0-1,C3_0-1), place1(C3_0-1,C1_0), place1(C1_0,C4_0-1), place1(C4_0-1,C3_0), right(C3_0,C5_0), place1(C5_0,C2_0), place1(C2_0,C6_0), place1(C6_0,C4_0), right(C4_0,C7_0), place1(C7_0,B).
(r46) p317(A,B) :- at_end(A), place1(A,B).
(r47) p317(A,B) :- right(A,C0_0), place1(C0_0,C), p317(C,B).
====================
MaxSAT solving... (66936 vars, 139666 hard, 1512 soft)
number of rules: 49
program size: 117
(inv1) inv1() :- .
(inv2) inv2(X1,X2,X3,X4,X5,X6,X7,X8,X9,X10,X11,X12,X13,X14,X15,X16,X17,X18,X19,X20,X21,X22,X23,X24,X25,X26,X27,X28) :- right(X1,X2), right(X3,X4), right(X5,X6), place1(X7,X8), place1(X9,X10), place1(X11,X12), place1(X13,X14), place1(X15,X16), place1(X17,X18), place1(X19,X20), place1(X21,X22), place1(X23,X24), place1(X25,X26), place1(X27,X28).
(r1) p3(A,B) :- place1(A,C), place1(C,B).
(r2) p26(A,B) :- inv2(A,C,A,C,A,C,C,B,C,B,C,B,C,B,C,B,C,B,C,B,C,B,C,B,C,B,C,B).
(r3) p120(A,B) :- place1(A,C), p317(C,B).
(r4) p0(A,B) :- inv2(A,C0_0,C,C2_0,A,C0_0,C0_0,C,C2_0,C1_0,C1_0,C3_0,C3_0,B,C0_0,C,C0_0,C,C0_0,C,C0_0,C,C0_0,C,C0_0,C,C0_0,C).
(r5) p53(A,B) :- inv2(C,C2_0,C1_0,C3_0,C,C2_0,A,C0_0,C0_0,C,C2_0,C1_0,C3_0,B,A,C0_0,A,C0_0,A,C0_0,A,C0_0,A,C0_0,A,C0_0,A,C0_0).
(r6) p9(A,B) :- inv2(C,C1_0,C1_0,C2_0-1,C,C1_0,A,C,C2_0-1,C2_0,C2_0,C3_0,C3_0,B,A,C,A,C,A,C,A,C,A,C,A,C,A,C).
(r7) p19(A,B) :- inv2(A,C0_0,C0_0,C1_0-1,A,C0_0,C1_0-1,C,C,C1_0,C1_0,C3_0,C3_0,B,C1_0-1,C,C1_0-1,C,C1_0-1,C,C1_0-1,C,C1_0-1,C,C1_0-1,C,C1_0-1,C).
(r8) p1(A,B) :- inv2(A,C,A,C,A,C,C,C1_0,C1_0,B,C,C1_0,C,C1_0,C,C1_0,C,C1_0,C,C1_0,C,C1_0,C,C1_0,C,C1_0,C,C1_0).
(r9) p91(A,B) :- inv2(C,C1_0,C,C1_0,C,C1_0,A,C,C1_0,B,A,C,A,C,A,C,A,C,A,C,A,C,A,C,A,C,A,C).
(r10) p173(A,B) :- place1(A,C), place1(C,C1_0), place1(C1_0,B).
(r11) p4(A,B) :- inv2(C,C1_0,C,C1_0,C,C1_0,A,C0_0,C0_0,C,C1_0,C3_0,C3_0,B,A,C0_0,A,C0_0,A,C0_0,A,C0_0,A,C0_0,A,C0_0,A,C0_0).
(r12) p11(A,B) :- inv2(A,C0_0,C,C1_0,A,C0_0,C0_0,C,C1_0,C3_0,C3_0,B,C0_0,C,C0_0,C,C0_0,C,C0_0,C,C0_0,C,C0_0,C,C0_0,C,C0_0,C).
(r13) p59(A,B) :- inv2(C,C1_0,C1_0,C3_0,C,C1_0,A,C0_0,C0_0,C,C3_0,B,A,C0_0,A,C0_0,A,C0_0,A,C0_0,A,C0_0,A,C0_0,A,C0_0,A,C0_0).
(r14) p107(A,B) :- inv2(A,C,C,C1_0-1,A,C,C1_0-1,C1_0,C1_0,C2_0,C2_0,B,C1_0-1,C1_0,C1_0-1,C1_0,C1_0-1,C1_0,C1_0-1,C1_0,C1_0-1,C1_0,C1_0-1,C1_0,C1_0-1,C1_0,C1_0-1,C1_0).
(r15) p269(A,B) :- inv2(C,C1_0-1,C1_0,C2_0,C,C1_0-1,A,C,C1_0-1,C1_0,C2_0,B,A,C,A,C,A,C,A,C,A,C,A,C,A,C,A,C).
(r16) p10(A,B) :- inv2(A,C0_0-1,C,C2_0,A,C0_0-1,C0_0-1,C0_0,C0_0,C1_0-1,C1_0-1,C,C2_0,C1_0,C1_0,C3_0,C3_0,B,C0_0-1,C0_0,C0_0-1,C0_0,C0_0-1,C0_0,C0_0-1,C0_0,C0_0-1,C0_0).
(r17) p38(A,B) :- inv2(C0_0,C1_0-1,C1_0,C3_0,C0_0,C1_0-1,A,C0_0-1,C0_0-1,C0_0,C1_0-1,C,C,C2_0,C2_0,C1_0,C3_0,B,A,C0_0-1,A,C0_0-1,A,C0_0-1,A,C0_0-1,A,C0_0-1).
(r18) p124(A,B) :- inv2(C0_0,C1_0-1,C1_0-1,C2_0-1,C,C2_0,A,C0_0,C2_0-1,C,C2_0,C1_0,C1_0,C3_0,C3_0,B,A,C0_0,A,C0_0,A,C0_0,A,C0_0,A,C0_0,A,C0_0).
(r19) p200(A,B) :- inv2(A,C0_0,C0_0,C1_0-1,C1_0,C4_0,C1_0-1,C,C,C1_0,C4_0,C3_0,C3_0,C5_0,C5_0,B,C1_0-1,C,C1_0-1,C,C1_0-1,C,C1_0-1,C,C1_0-1,C,C1_0-1,C).
(r20) p74(A,B) :- inv2(C,C1_0,C,C1_0,C,C1_0,A,C0_0,C0_0,C,C1_0,B,A,C0_0,A,C0_0,A,C0_0,A,C0_0,A,C0_0,A,C0_0,A,C0_0,A,C0_0).
(r21) p102(A,B) :- inv2(A,C,C,C1_0,A,C,C1_0,C2_0,C2_0,B,C1_0,C2_0,C1_0,C2_0,C1_0,C2_0,C1_0,C2_0,C1_0,C2_0,C1_0,C2_0,C1_0,C2_0,C1_0,C2_0,C1_0,C2_0).
(r22) p179(A,B) :- inv2(A,C0_0,C,C1_0,A,C0_0,C0_0,C,C1_0,B,C0_0,C,C0_0,C,C0_0,C,C0_0,C,C0_0,C,C0_0,C,C0_0,C,C0_0,C,C0_0,C).
(r23) p355(A,B) :- inv2(C,C1_0,C1_0,C2_0,C,C1_0,A,C,C2_0,B,A,C,A,C,A,C,A,C,A,C,A,C,A,C,A,C,A,C).
(r24) p2(A,B) :- inv2(C0_0,C1_0-1,C,C4_0,C1_0,C6_0,A,C0_0-1,C0_0-1,C0_0,C1_0-1,C,C4_0,C2_0,C2_0,C5_0,C5_0,C1_0,C6_0,C3_0,C3_0,C7_0,C7_0,B,A,C0_0-1,A,C0_0-1).
(r25) p240(A,B) :- inv2(C1_0-1,C2_0-1,C2_0-1,C4_0-1,C2_0,C7_0,A,C,C,C1_0-2,C1_0-2,C1_0-1,C4_0-1,C1_0,C1_0,C3_0,C3_0,C2_0,C7_0,C4_0,C4_0,C8_0,C8_0,B,A,C,A,C).
(r26) p278(A,B) :- inv2(A,C0_0-1,C,C4_0,C1_0,C6_0,C0_0-1,C0_0,C0_0,C1_0-1,C1_0-1,C,C4_0,C2_0,C2_0,C5_0,C5_0,C1_0,C6_0,C3_0,C3_0,C7_0,C7_0,B,C0_0-1,C0_0,C0_0-1,C0_0).
(r27) p6(A,B) :- inv2(A,C0_0,C1_0,C3_0,A,C0_0,C0_0,C,C,C2_0,C2_0,C1_0,C3_0,C5_0,C5_0,B,C0_0,C,C0_0,C,C0_0,C,C0_0,C,C0_0,C,C0_0,C).
(r28) p21(A,B) :- inv2(C1_0,C3_0,C1_0,C3_0,C1_0,C3_0,A,C,C,C1_0-1,C1_0-1,C1_0,C3_0,C2_0,C2_0,C4_0,C4_0,B,A,C,A,C,A,C,A,C,A,C).
(r29) p149(A,B) :- inv2(A,C0_0,C1_0,C3_0,C3_0,C5_0,C0_0,C,C,C2_0,C2_0,C1_0,C5_0,B,C0_0,C,C0_0,C,C0_0,C,C0_0,C,C0_0,C,C0_0,C,C0_0,C).
(r30) p167(A,B) :- inv2(C,C1_0,C1_0,C3_0-1,C,C1_0,A,C0_0,C0_0,C,C3_0-1,C3_0,C3_0,C4_0,C4_0,B,A,C0_0,A,C0_0,A,C0_0,A,C0_0,A,C0_0,A,C0_0).
(r31) p7(A,B) :- inv2(A,C0_0-1,C0_0,C1_0-1,C,C2_0,C0_0-1,C1_0-2,C1_0-2,C0_0,C1_0-1,C3_0-1,C3_0-1,C,C2_0,C1_0,C1_0,C3_0,C3_0,B,C0_0-1,C1_0-2,C0_0-1,C1_0-2,C0_0-1,C1_0-2,C0_0-1,C1_0-2).
(r32) p18(A,B) :- inv2(C1_0-1,C2_0-1,C1_0,C3_0,C1_0-1,C2_0-1,A,C0_0,C0_0,C1_0-2,C1_0-2,C1_0-1,C2_0-1,C,C,C2_0,C2_0,C1_0,C3_0,C6_0,C6_0,B,A,C0_0,A,C0_0,A,C0_0).
(r33) p43(A,B) :- inv2(C0_0,C1_0-1,C1_0,C3_0,C3_0,C7_0,A,C0_0-1,C0_0-1,C0_0,C1_0-1,C3_0-1,C3_0-1,C,C,C2_0,C2_0,C1_0,C7_0,B,A,C0_0-1,A,C0_0-1,A,C0_0-1,A,C0_0-1).
(r34) p8(A,B) :- inv2(C2_0-1,C3_0-2,C3_0-1,C5_0-1,C3_0,C7_0,A,C0_0,C0_0,C,C,C2_0-2,C2_0-2,C2_0-1,C3_0-2,C2_0,C2_0,C4_0,C4_0,C3_0-1,C5_0-1,C1_0,C1_0,C3_0,C7_0,C5_0,C5_0,C8_0), place1(C8_0,B).
(r35) p12(A,B) :- inv2(C1_0-1,C2_0-1,C2_0,C4_0,C4_0,C8_0,A,C,C,C1_0-2,C1_0-2,C1_0-1,C2_0-1,C4_0-1,C4_0-1,C1_0,C1_0,C3_0,C3_0,C2_0,C8_0,B,A,C,A,C,A,C).
(r36) p51(A,B) :- inv2(C0_0-1,C1_0-2,C1_0-1,C3_0-1,C3_0,C6_0,A,C0_0-1,C1_0-2,C0_0,C0_0,C1_0-1,C3_0-1,C,C,C1_0,C1_0,C5_0,C5_0,C3_0,C6_0,B,A,C0_0-1,A,C0_0-1,A,C0_0-1).
(r37) p171(A,B) :- inv2(A,C0_0,C2_0,C4_0,C3_0,C6_0,C0_0,C1_0-1,C1_0-1,C,C,C3_0-1,C3_0-1,C2_0,C4_0,C1_0,C1_0,C5_0,C5_0,C3_0,C6_0,B,C0_0,C1_0-1,C0_0,C1_0-1,C0_0,C1_0-1).
(r38) p15(A,B) :- inv2(A,C0_0,C0_0,C1_0-1,C1_0,C3_0,C1_0-1,C2_0-1,C2_0-1,C,C,C2_0,C2_0,C1_0,C3_0,C6_0,C6_0,B,C1_0-1,C2_0-1,C1_0-1,C2_0-1,C1_0-1,C2_0-1,C1_0-1,C2_0-1,C1_0-1,C2_0-1).
(r39) p32(A,B) :- inv2(C0_0,C1_0-1,C1_0,C3_0,C0_0,C1_0-1,A,C0_0-1,C0_0-1,C0_0,C1_0-1,C3_0-1,C3_0-1,C,C,C1_0,C3_0,C6_0,C6_0,B,A,C0_0-1,A,C0_0-1,A,C0_0-1,A,C0_0-1).
(r40) p46(A,B) :- inv2(A,C,C1_0-1,C2_0-1,C2_0,C4_0,C,C1_0-2,C1_0-2,C1_0-1,C2_0-1,C1_0,C1_0,C3_0,C3_0,C2_0,C4_0,B,C,C1_0-2,C,C1_0-2,C,C1_0-2,C,C1_0-2,C,C1_0-2).
(r41) p73(A,B) :- inv2(C0_0,C1_0-1,C1_0,C3_0,C3_0,C6_0,A,C0_0,C1_0-1,C2_0-1,C2_0-1,C,C,C2_0,C2_0,C1_0,C6_0,B,A,C0_0,A,C0_0,A,C0_0,A,C0_0,A,C0_0).
(r42) p28(A,B) :- inv2(C2_0,C3_0-1,C3_0,C8_0,C2_0,C3_0-1,A,C0_0,C0_0,C,C,C2_0-1,C2_0-1,C2_0,C3_0-1,C5_0-1,C5_0-1,C1_0,C1_0,C4_0,C4_0,C3_0,C8_0,C5_0,C5_0,C9_0,C9_0,B).
(r43) p168(A,B) :- inv2(A,C0_0,C3_0-1,C4_0-1,C3_0,C7_0,C0_0,C,C,C2_0,C2_0,C3_0-2,C3_0-2,C3_0-1,C4_0-1,C1_0,C1_0,C4_0,C4_0,C3_0,C7_0,C5_0,C5_0,C8_0,C8_0,B,C0_0,C).
(r44) p182(A,B) :- inv2(C2_0,C4_0,C1_0,C3_0,C3_0,C7_0,A,C0_0,C0_0,C,C,C2_0-1,C2_0-1,C2_0,C4_0,C3_0-1,C3_0-1,C5_0-1,C5_0-1,C1_0,C7_0,C5_0,C5_0,C8_0,C8_0,B,A,C0_0).
(r45) p266(A,B) :- inv2(C2_0-1,C3_0-1,C3_0,C5_0,C4_0,C7_0,A,C,C,C1_0-1,C1_0-1,C2_0-2,C2_0-2,C2_0-1,C3_0-1,C1_0,C1_0,C4_0-1,C4_0-1,C3_0,C5_0,C2_0,C2_0,C6_0,C6_0,C4_0,C7_0,B).
(r46) p317(A,B) :- at_end(A), place1(A,B).
(r47) p317(A,B) :- inv2(A,C0_0,A,C0_0,A,C0_0,C0_0,C,C0_0,C,C0_0,C,C0_0,C,C0_0,C,C0_0,C,C0_0,C,C0_0,C,C0_0,C,C0_0,C,C0_0,C), p317(C,B).
====================
