number of rules: 48
program size: 379
(r1) p5(A,B) :- right(A,C), place1(C,B).
(r2) p7(A,B) :- place1(A,C), place1(C,B).
(r3) p0(A,B) :- place1(A,C0_0), place1(C0_0,C), right(C,C1_0), place1(C1_0,B).
(r4) p30(A,B) :- right(A,C), right(C,C1_0), place1(C1_0,C2_0), place1(C2_0,B).
(r5) p63(A,B) :- place1(A,C), right(C,C1_0), right(C1_0,C2_0), place1(C2_0,B).
(r6) p66(A,B) :- right(A,C0_0), place1(C0_0,C), place1(C,C1_0), place1(C1_0,B).
(r7) p298(A,B) :- right(A,C0_0), place1(C0_0,C), right(C,C1_0), place1(C1_0,B).
(r8) p26(A,B) :- right(A,C), right(C,C1_0), place1(C1_0,B).
(r9) p32(A,B) :- right(A,C), place1(C,C1_0), place1(C1_0,B).
(r10) p45(A,B) :- place1(A,C), right(C,C1_0), place1(C1_0,B).
(r11) p182(A,B) :- place1(A,C), place1(C,C1_0), place1(C1_0,B).
(r12) p36(A,B) :- place1(A,C0_0), place1(C0_0,C), right(C,C1_0), place1(C1_0,C3_0), place1(C3_0,B).
(r13) p61(A,B) :- right(A,C0_0), place1(C0_0,C), right(C,C1_0), place1(C1_0,C3_0), place1(C3_0,B).
(r14) p85(A,B) :- place1(A,C0_0), place1(C0_0,C), right(C,C1_0), right(C1_0,C3_0), place1(C3_0,B).
(r15) p111(A,B) :- right(A,C), right(C,C1_0-1), place1(C1_0-1,C1_0), right(C1_0,C2_0), place1(C2_0,B).
(r16) p126(A,B) :- right(A,C), place1(C,C1_0-1), place1(C1_0-1,C1_0), place1(C1_0,C2_0), place1(C2_0,B).
(r17) p140(A,B) :- right(A,C), right(C,C1_0-1), place1(C1_0-1,C1_0), place1(C1_0,C2_0), place1(C2_0,B).
(r18) p274(A,B) :- place1(A,C), right(C,C1_0-1), place1(C1_0-1,C1_0), right(C1_0,C2_0), place1(C2_0,B).
(r19) p102(A,B) :- right(A,C0_0-1), place1(C0_0-1,C0_0), place1(C0_0,C1_0-1), place1(C1_0-1,C), right(C,C2_0), place1(C2_0,C1_0), place1(C1_0,C3_0), place1(C3_0,B).
(r20) p17(A,B) :- place1(A,C0_0), place1(C0_0,C1_0-2), place1(C1_0-2,C1_0-1), right(C1_0-1,C2_0), place1(C2_0,C), right(C,C1_0), place1(C1_0,C3_0), place1(C3_0,B).
(r21) p70(A,B) :- right(A,C0_0-1), place1(C0_0-1,C0_0), right(C0_0,C1_0-1), right(C1_0-1,C3_0-1), place1(C3_0-1,C), place1(C,C1_0), place1(C1_0,C3_0), place1(C3_0,B).
(r22) p106(A,B) :- place1(A,C0_0), place1(C0_0,C1_0-1), place1(C1_0-1,C), right(C,C1_0), right(C1_0,C4_0), place1(C4_0,C3_0), place1(C3_0,C5_0), place1(C5_0,B).
(r23) p160(A,B) :- right(A,C0_0), place1(C0_0,C), right(C,C2_0), place1(C2_0,C1_0), place1(C1_0,C3_0), place1(C3_0,B).
(r24) p207(A,B) :- place1(A,C0_0), place1(C0_0,C), right(C,C2_0), place1(C2_0,C1_0), place1(C1_0,C3_0), place1(C3_0,B).
(r25) p492(A,B) :- right(A,C0_0), place1(C0_0,C), right(C,C2_0), place1(C2_0,C1_0), right(C1_0,C3_0), place1(C3_0,B).
(r26) p14(A,B) :- right(A,C), right(C,C1_0), place1(C1_0,C2_0-1), place1(C2_0-1,C2_0), place1(C2_0,C3_0), place1(C3_0,B).
(r27) p16(A,B) :- place1(A,C0_0), place1(C0_0,C), right(C,C1_0), right(C1_0,C3_0), place1(C3_0,C4_0), place1(C4_0,B).
(r28) p678(A,B) :- right(A,C), place1(C,C1_0-1), place1(C1_0-1,C1_0), right(C1_0,C2_0), right(C2_0,C4_0), place1(C4_0,B).
(r29) p1(A,B) :- place1(A,C0_0), right(C0_0,C1_0-1), right(C1_0-1,C2_0), place1(C2_0,C), right(C,C1_0), place1(C1_0,C4_0), place1(C4_0,C3_0), place1(C3_0,C5_0), place1(C5_0,B).
(r30) p6(A,B) :- place1(A,C0_0), place1(C0_0,C1_0-2), place1(C1_0-2,C1_0-1), right(C1_0-1,C2_0-1), place1(C2_0-1,C), right(C,C2_0), place1(C2_0,C1_0), place1(C1_0,C3_0), place1(C3_0,B).
(r31) p62(A,B) :- right(A,C0_0), place1(C0_0,C1_0-2), place1(C1_0-2,C1_0-1), right(C1_0-1,C2_0), place1(C2_0,C), place1(C,C1_0), right(C1_0,C3_0), place1(C3_0,C5_0), place1(C5_0,B).
(r32) p83(A,B) :- right(A,C0_0-1), place1(C0_0-1,C0_0), place1(C0_0,C1_0-1), place1(C1_0-1,C), right(C,C1_0), right(C1_0,C5_0), place1(C5_0,C3_0), place1(C3_0,C6_0), place1(C6_0,B).
(r33) p2(A,B) :- place1(A,C), place1(C,C1_0-1), place1(C1_0-1,C1_0), right(C1_0,C3_0), place1(C3_0,C2_0), place1(C2_0,C4_0), place1(C4_0,B).
(r34) p42(A,B) :- right(A,C0_0), place1(C0_0,C), right(C,C1_0), right(C1_0,C3_0-1), place1(C3_0-1,C3_0), place1(C3_0,C4_0), place1(C4_0,B).
(r35) p64(A,B) :- place1(A,C0_0), place1(C0_0,C1_0-1), place1(C1_0-1,C), right(C,C1_0), right(C1_0,C3_0), place1(C3_0,C5_0), place1(C5_0,B).
(r36) p174(A,B) :- right(A,C0_0), place1(C0_0,C), place1(C,C2_0), place1(C2_0,C1_0), right(C1_0,C3_0), place1(C3_0,C5_0), place1(C5_0,B).
(r37) p558(A,B) :- place1(A,C), right(C,C1_0-1), place1(C1_0-1,C1_0), right(C1_0,C3_0), place1(C3_0,C2_0), right(C2_0,C4_0), place1(C4_0,B).
(r38) p758(A,B) :- right(A,C), right(C,C1_0), right(C1_0,C2_0), place1(C2_0,C3_0-1), place1(C3_0-1,C3_0), place1(C3_0,C4_0), place1(C4_0,B).
(r39) p18(A,B) :- place1(A,C0_0-1), place1(C0_0-1,C0_0), right(C0_0,C2_0-1), place1(C2_0-1,C1_0-1), place1(C1_0-1,C3_0-1), place1(C3_0-1,C), right(C,C2_0), place1(C2_0,C1_0), right(C1_0,C3_0), place1(C3_0,C7_0), place1(C7_0,B).
(r40) p20(A,B) :- right(A,C0_0-2), place1(C0_0-2,C0_0-1), place1(C0_0-1,C1_0-2), place1(C1_0-2,C0_0), right(C0_0,C2_0), place1(C2_0,C1_0-1), place1(C1_0-1,C3_0-1), place1(C3_0-1,C), right(C,C1_0), place1(C1_0,C3_0), place1(C3_0,B).
(r41) p55(A,B) :- place1(A,C0_0-1), place1(C0_0-1,C0_0), right(C0_0,C1_0-1), right(C1_0-1,C3_0-1), place1(C3_0-1,C), place1(C,C2_0), place1(C2_0,C1_0), right(C1_0,C6_0), place1(C6_0,C3_0), place1(C3_0,C7_0), place1(C7_0,B).
(r42) p35(A,B) :- place1(A,C0_0), place1(C0_0,C1_0-2), place1(C1_0-2,C1_0-1), right(C1_0-1,C2_0), place1(C2_0,C), place1(C,C1_0), right(C1_0,C4_0), place1(C4_0,C3_0), place1(C3_0,C5_0), place1(C5_0,B).
(r43) p88(A,B) :- right(A,C0_0-1), place1(C0_0-1,C0_0), place1(C0_0,C1_0-1), place1(C1_0-1,C), right(C,C2_0), place1(C2_0,C1_0), place1(C1_0,C6_0), place1(C6_0,C3_0), right(C3_0,C7_0), place1(C7_0,B).
(r44) p349(A,B) :- place1(A,C0_0-1), place1(C0_0-1,C0_0), right(C0_0,C1_0-1), place1(C1_0-1,C3_0-1), place1(C3_0-1,C), right(C,C1_0), right(C1_0,C5_0), place1(C5_0,C3_0), place1(C3_0,C6_0), place1(C6_0,B).
(r45) p49(A,B) :- place1(A,C0_0-1), place1(C0_0-1,C0_0), right(C0_0,C1_0-1), place1(C1_0-1,C3_0-1), place1(C3_0-1,C), right(C,C4_0), place1(C4_0,C2_0), place1(C2_0,C5_0), place1(C5_0,C1_0), right(C1_0,C6_0), place1(C6_0,C3_0), place1(C3_0,C7_0), place1(C7_0,B).
(r46) p121(A,B) :- place1(A,C0_0-1), place1(C0_0-1,C0_0), place1(C0_0,C1_0-1), place1(C1_0-1,C), right(C,C4_0), place1(C4_0,C2_0), place1(C2_0,C5_0), place1(C5_0,C1_0), right(C1_0,C6_0), place1(C6_0,C3_0), place1(C3_0,C7_0), place1(C7_0,B).
(r47) p532(A,B) :- place1(A,C0_0), place1(C0_0,C), place1(C,C2_0-1), place1(C2_0-1,C2_0), right(C2_0,C3_0-1), right(C3_0-1,C5_0-1), place1(C5_0-1,C1_0), right(C1_0,C3_0), place1(C3_0,C7_0), place1(C7_0,C5_0), place1(C5_0,C8_0), place1(C8_0,B).
(r48) p486(A,B) :- place1(A,C0_0-1), place1(C0_0-1,C0_0), right(C0_0,C2_0-1), place1(C2_0-1,C1_0-1), place1(C1_0-1,C3_0-1), place1(C3_0-1,C), right(C,C4_0), place1(C4_0,C2_0), place1(C2_0,C5_0), place1(C5_0,C1_0), right(C1_0,C6_0), place1(C6_0,C3_0), place1(C3_0,C7_0), place1(C7_0,B).
====================
MaxSAT solving... (44669 vars, 92753 hard, 1417 soft)
number of rules: 50
program size: 115
(inv1) inv1() :- .
(inv2) inv2(X1,X2,X3,X4,X5,X6,X7,X8,X9,X10,X11,X12,X13,X14,X15,X16,X17,X18,X19,X20,X21,X22,X23,X24,X25,X26) :- place1(X1,X2), place1(X3,X4), place1(X5,X6), place1(X7,X8), place1(X9,X10), place1(X11,X12), place1(X13,X14), place1(X15,X16), place1(X17,X18), place1(X19,X20), right(X21,X22), right(X23,X24), right(X25,X26).
(r1) p5(A,B) :- inv2(C,B,C,B,C,B,C,B,C,B,C,B,C,B,C,B,C,B,C,B,A,C,A,C,A,C).
(r2) p7(A,B) :- place1(A,C), place1(C,B).
(r3) p0(A,B) :- inv2(A,C0_0,C0_0,C,C1_0,B,A,C0_0,A,C0_0,A,C0_0,A,C0_0,A,C0_0,A,C0_0,A,C0_0,C,C1_0,C,C1_0,C,C1_0).
(r4) p30(A,B) :- inv2(C1_0,C2_0,C2_0,B,C1_0,C2_0,C1_0,C2_0,C1_0,C2_0,C1_0,C2_0,C1_0,C2_0,C1_0,C2_0,C1_0,C2_0,C1_0,C2_0,A,C,C,C1_0,A,C).
(r5) p63(A,B) :- inv2(A,C,C2_0,B,A,C,A,C,A,C,A,C,A,C,A,C,A,C,A,C,C,C1_0,C1_0,C2_0,C,C1_0).
(r6) p66(A,B) :- inv2(C0_0,C,C,C1_0,C1_0,B,C0_0,C,C0_0,C,C0_0,C,C0_0,C,C0_0,C,C0_0,C,C0_0,C,A,C0_0,A,C0_0,A,C0_0).
(r7) p298(A,B) :- inv2(C0_0,C,C1_0,B,C0_0,C,C0_0,C,C0_0,C,C0_0,C,C0_0,C,C0_0,C,C0_0,C,C0_0,C,A,C0_0,C,C1_0,A,C0_0).
(r8) p26(A,B) :- inv2(C1_0,B,C1_0,B,C1_0,B,C1_0,B,C1_0,B,C1_0,B,C1_0,B,C1_0,B,C1_0,B,C1_0,B,A,C,C,C1_0,A,C).
(r9) p32(A,B) :- inv2(C,C1_0,C1_0,B,C,C1_0,C,C1_0,C,C1_0,C,C1_0,C,C1_0,C,C1_0,C,C1_0,C,C1_0,A,C,A,C,A,C).
(r10) p45(A,B) :- inv2(A,C,C1_0,B,A,C,A,C,A,C,A,C,A,C,A,C,A,C,A,C,C,C1_0,C,C1_0,C,C1_0).
(r11) p182(A,B) :- place1(A,C), place1(C,C1_0), place1(C1_0,B).
(r12) p36(A,B) :- inv2(A,C0_0,C0_0,C,C1_0,C3_0,C3_0,B,A,C0_0,A,C0_0,A,C0_0,A,C0_0,A,C0_0,A,C0_0,C,C1_0,C,C1_0,C,C1_0).
(r13) p61(A,B) :- inv2(C0_0,C,C1_0,C3_0,C3_0,B,C0_0,C,C0_0,C,C0_0,C,C0_0,C,C0_0,C,C0_0,C,C0_0,C,A,C0_0,C,C1_0,A,C0_0).
(r14) p85(A,B) :- inv2(A,C0_0,C0_0,C,C3_0,B,A,C0_0,A,C0_0,A,C0_0,A,C0_0,A,C0_0,A,C0_0,A,C0_0,C,C1_0,C1_0,C3_0,C,C1_0).
(r15) p111(A,B) :- inv2(C1_0-1,C1_0,C2_0,B,C1_0-1,C1_0,C1_0-1,C1_0,C1_0-1,C1_0,C1_0-1,C1_0,C1_0-1,C1_0,C1_0-1,C1_0,C1_0-1,C1_0,C1_0-1,C1_0,A,C,C,C1_0-1,C1_0,C2_0).
(r16) p126(A,B) :- inv2(C,C1_0-1,C1_0-1,C1_0,C1_0,C2_0,C2_0,B,C,C1_0-1,C,C1_0-1,C,C1_0-1,C,C1_0-1,C,C1_0-1,C,C1_0-1,A,C,A,C,A,C).
(r17) p140(A,B) :- inv2(C1_0-1,C1_0,C1_0,C2_0,C2_0,B,C1_0-1,C1_0,C1_0-1,C1_0,C1_0-1,C1_0,C1_0-1,C1_0,C1_0-1,C1_0,C1_0-1,C1_0,C1_0-1,C1_0,A,C,C,C1_0-1,A,C).
(r18) p274(A,B) :- inv2(A,C,C1_0-1,C1_0,C2_0,B,A,C,A,C,A,C,A,C,A,C,A,C,A,C,C,C1_0-1,C1_0,C2_0,C,C1_0-1).
(r19) p102(A,B) :- inv2(C0_0-1,C0_0,C0_0,C1_0-1,C1_0-1,C,C2_0,C1_0,C1_0,C3_0,C3_0,B,C0_0-1,C0_0,C0_0-1,C0_0,C0_0-1,C0_0,C0_0-1,C0_0,A,C0_0-1,C,C2_0,A,C0_0-1).
(r20) p17(A,B) :- inv2(A,C0_0,C0_0,C1_0-2,C1_0-2,C1_0-1,C2_0,C,C1_0,C3_0,C3_0,B,A,C0_0,A,C0_0,A,C0_0,A,C0_0,C1_0-1,C2_0,C,C1_0,C1_0-1,C2_0).
(r21) p70(A,B) :- inv2(C0_0-1,C0_0,C3_0-1,C,C,C1_0,C1_0,C3_0,C3_0,B,C0_0-1,C0_0,C0_0-1,C0_0,C0_0-1,C0_0,C0_0-1,C0_0,C0_0-1,C0_0,A,C0_0-1,C0_0,C1_0-1,C1_0-1,C3_0-1).
(r22) p106(A,B) :- inv2(A,C0_0,C0_0,C1_0-1,C1_0-1,C,C4_0,C3_0,C3_0,C5_0,C5_0,B,A,C0_0,A,C0_0,A,C0_0,A,C0_0,C,C1_0,C1_0,C4_0,C,C1_0).
(r23) p160(A,B) :- inv2(C0_0,C,C2_0,C1_0,C1_0,C3_0,C3_0,B,C0_0,C,C0_0,C,C0_0,C,C0_0,C,C0_0,C,C0_0,C,A,C0_0,C,C2_0,A,C0_0).
(r24) p207(A,B) :- inv2(A,C0_0,C0_0,C,C2_0,C1_0,C1_0,C3_0,C3_0,B,A,C0_0,A,C0_0,A,C0_0,A,C0_0,A,C0_0,C,C2_0,C,C2_0,C,C2_0).
(r25) p492(A,B) :- inv2(C0_0,C,C2_0,C1_0,C3_0,B,C0_0,C,C0_0,C,C0_0,C,C0_0,C,C0_0,C,C0_0,C,C0_0,C,A,C0_0,C,C2_0,C1_0,C3_0).
(r26) p14(A,B) :- inv2(C1_0,C2_0-1,C2_0-1,C2_0,C2_0,C3_0,C3_0,B,C1_0,C2_0-1,C1_0,C2_0-1,C1_0,C2_0-1,C1_0,C2_0-1,C1_0,C2_0-1,C1_0,C2_0-1,A,C,C,C1_0,A,C).
(r27) p16(A,B) :- inv2(A,C0_0,C0_0,C,C3_0,C4_0,C4_0,B,A,C0_0,A,C0_0,A,C0_0,A,C0_0,A,C0_0,A,C0_0,C,C1_0,C1_0,C3_0,C,C1_0).
(r28) p678(A,B) :- inv2(C,C1_0-1,C1_0-1,C1_0,C4_0,B,C,C1_0-1,C,C1_0-1,C,C1_0-1,C,C1_0-1,C,C1_0-1,C,C1_0-1,C,C1_0-1,A,C,C1_0,C2_0,C2_0,C4_0).
(r29) p1(A,B) :- inv2(A,C0_0,C2_0,C,C1_0,C4_0,C4_0,C3_0,C3_0,C5_0,C5_0,B,A,C0_0,A,C0_0,A,C0_0,A,C0_0,C0_0,C1_0-1,C1_0-1,C2_0,C,C1_0).
(r30) p6(A,B) :- inv2(A,C0_0,C0_0,C1_0-2,C1_0-2,C1_0-1,C2_0-1,C,C2_0,C1_0,C1_0,C3_0,C3_0,B,A,C0_0,A,C0_0,A,C0_0,C1_0-1,C2_0-1,C,C2_0,C1_0-1,C2_0-1).
(r31) p62(A,B) :- inv2(C0_0,C1_0-2,C1_0-2,C1_0-1,C2_0,C,C,C1_0,C3_0,C5_0,C5_0,B,C0_0,C1_0-2,C0_0,C1_0-2,C0_0,C1_0-2,C0_0,C1_0-2,A,C0_0,C1_0-1,C2_0,C1_0,C3_0).
(r32) p83(A,B) :- inv2(C0_0-1,C0_0,C0_0,C1_0-1,C1_0-1,C,C5_0,C3_0,C3_0,C6_0,C6_0,B,C0_0-1,C0_0,C0_0-1,C0_0,C0_0-1,C0_0,C0_0-1,C0_0,A,C0_0-1,C,C1_0,C1_0,C5_0).
(r33) p2(A,B) :- inv2(A,C,C,C1_0-1,C1_0-1,C1_0,C3_0,C2_0,C2_0,C4_0,C4_0,B,A,C,A,C,A,C,A,C,C1_0,C3_0,C1_0,C3_0,C1_0,C3_0).
(r34) p42(A,B) :- inv2(C0_0,C,C3_0-1,C3_0,C3_0,C4_0,C4_0,B,C0_0,C,C0_0,C,C0_0,C,C0_0,C,C0_0,C,C0_0,C,A,C0_0,C,C1_0,C1_0,C3_0-1).
(r35) p64(A,B) :- inv2(A,C0_0,C0_0,C1_0-1,C1_0-1,C,C3_0,C5_0,C5_0,B,A,C0_0,A,C0_0,A,C0_0,A,C0_0,A,C0_0,C,C1_0,C1_0,C3_0,C,C1_0).
(r36) p174(A,B) :- inv2(C0_0,C,C,C2_0,C2_0,C1_0,C3_0,C5_0,C5_0,B,C0_0,C,C0_0,C,C0_0,C,C0_0,C,C0_0,C,A,C0_0,C1_0,C3_0,A,C0_0).
(r37) p558(A,B) :- inv2(A,C,C1_0-1,C1_0,C3_0,C2_0,C4_0,B,A,C,A,C,A,C,A,C,A,C,A,C,C,C1_0-1,C1_0,C3_0,C2_0,C4_0).
(r38) p758(A,B) :- inv2(C2_0,C3_0-1,C3_0-1,C3_0,C3_0,C4_0,C4_0,B,C2_0,C3_0-1,C2_0,C3_0-1,C2_0,C3_0-1,C2_0,C3_0-1,C2_0,C3_0-1,C2_0,C3_0-1,A,C,C,C1_0,C1_0,C2_0).
(r39) p18(A,B) :- inv2(A,C0_0-1,C0_0-1,C0_0,C2_0-1,C1_0-1,C1_0-1,C3_0-1,C3_0-1,C,C2_0,C1_0,C3_0,C7_0,C7_0,B,A,C0_0-1,A,C0_0-1,C0_0,C2_0-1,C,C2_0,C1_0,C3_0).
(r40) p20(A,B) :- inv2(C0_0-2,C0_0-1,C0_0-1,C1_0-2,C1_0-2,C0_0,C2_0,C1_0-1,C1_0-1,C3_0-1,C3_0-1,C,C1_0,C3_0,C3_0,B,C0_0-2,C0_0-1,C0_0-2,C0_0-1,A,C0_0-2,C0_0,C2_0,C,C1_0).
(r41) p55(A,B) :- inv2(A,C0_0-1,C0_0-1,C0_0,C3_0-1,C,C,C2_0,C2_0,C1_0,C6_0,C3_0,C3_0,C7_0,C7_0,B,A,C0_0-1,A,C0_0-1,C0_0,C1_0-1,C1_0-1,C3_0-1,C1_0,C6_0).
(r42) p35(A,B) :- inv2(A,C0_0,C0_0,C1_0-2,C1_0-2,C1_0-1,C2_0,C,C,C1_0,C4_0,C3_0,C3_0,C5_0,C5_0,B,A,C0_0,A,C0_0,C1_0-1,C2_0,C1_0,C4_0,C1_0-1,C2_0).
(r43) p88(A,B) :- inv2(C0_0-1,C0_0,C0_0,C1_0-1,C1_0-1,C,C2_0,C1_0,C1_0,C6_0,C6_0,C3_0,C7_0,B,C0_0-1,C0_0,C0_0-1,C0_0,C0_0-1,C0_0,A,C0_0-1,C,C2_0,C3_0,C7_0).
(r44) p349(A,B) :- inv2(A,C0_0-1,C0_0-1,C0_0,C1_0-1,C3_0-1,C3_0-1,C,C5_0,C3_0,C3_0,C6_0,C6_0,B,A,C0_0-1,A,C0_0-1,A,C0_0-1,C0_0,C1_0-1,C,C1_0,C1_0,C5_0).
(r45) p49(A,B) :- inv2(A,C0_0-1,C0_0-1,C0_0,C1_0-1,C3_0-1,C3_0-1,C,C4_0,C2_0,C2_0,C5_0,C5_0,C1_0,C6_0,C3_0,C3_0,C7_0,C7_0,B,C0_0,C1_0-1,C,C4_0,C1_0,C6_0).
(r46) p121(A,B) :- inv2(A,C0_0-1,C0_0-1,C0_0,C0_0,C1_0-1,C1_0-1,C,C4_0,C2_0,C2_0,C5_0,C5_0,C1_0,C6_0,C3_0,C3_0,C7_0,C7_0,B,C,C4_0,C1_0,C6_0,C,C4_0).
(r47) p532(A,B) :- inv2(A,C0_0,C0_0,C,C,C2_0-1,C2_0-1,C2_0,C5_0-1,C1_0,C3_0,C7_0,C7_0,C5_0,C5_0,C8_0,C8_0,B,A,C0_0,C2_0,C3_0-1,C3_0-1,C5_0-1,C1_0,C3_0).
(r48) p486(A,B) :- inv2(A,C0_0-1,C0_0-1,C0_0,C2_0-1,C1_0-1,C1_0-1,C3_0-1,C3_0-1,C,C4_0,C2_0,C2_0,C5_0,C5_0,C1_0,C6_0,C3_0,C3_0,C7_0,C0_0,C2_0-1,C,C4_0,C1_0,C6_0), inv2(C7_0,B,A,C0_0-1,A,C0_0-1,A,C0_0-1,A,C0_0-1,A,C0_0-1,A,C0_0-1,A,C0_0-1,A,C0_0-1,A,C0_0-1,C0_0,C2_0-1,C0_0,C2_0-1,C0_0,C2_0-1).
====================
