number of rules: 41
program size: 283
(r1) p16(A,B) :- place1(A,C), place1(C,B).
(r2) p27(A,B) :- right(A,C), place1(C,B).
(r3) p10(A,B) :- place1(A,C0_0), place1(C0_0,C), right(C,C1_0), place1(C1_0,B).
(r4) p46(A,B) :- right(A,C0_0), place1(C0_0,C), right(C,C1_0), place1(C1_0,B).
(r5) p51(A,B) :- right(A,C0_0), place1(C0_0,C), place1(C,C1_0), place1(C1_0,B).
(r6) p149(A,B) :- place1(A,C), right(C,C1_0), right(C1_0,C2_0), place1(C2_0,B).
(r7) p395(A,B) :- place1(A,C0_0), place1(C0_0,C), place1(C,C1_0), place1(C1_0,B).
(r8) p2505(A,B) :- right(A,C), right(C,C1_0), place1(C1_0,C2_0), place1(C2_0,B).
(r9) p1640(A,B) :- right(A,C), right(C,C1_0), right(C1_0,C2_0), place1(C2_0,B).
(r10) p19(A,B) :- right(A,C), place1(C,C1_0), place1(C1_0,B).
(r11) p57(A,B) :- right(A,C), right(C,C1_0), place1(C1_0,B).
(r12) p93(A,B) :- place1(A,C), right(C,C1_0), place1(C1_0,B).
(r13) p132(A,B) :- place1(A,C), place1(C,C1_0), place1(C1_0,B).
(r14) p215(A,B) :- place1(A,C0_0), place1(C0_0,C), right(C,C1_0), place1(C1_0,C3_0), place1(C3_0,B).
(r15) p2257(A,B) :- place1(A,C), right(C,C1_0-1), place1(C1_0-1,C1_0), right(C1_0,C2_0), place1(C2_0,B).
(r16) p2769(A,B) :- right(A,C), right(C,C1_0-1), place1(C1_0-1,C1_0), place1(C1_0,C2_0), place1(C2_0,B).
(r17) p17(A,B) :- right(A,C), place1(C,C1_0), right(C1_0,C2_0), place1(C2_0,C3_0), place1(C3_0,B).
(r18) p76(A,B) :- place1(A,C), place1(C,C1_0), right(C1_0,C2_0), right(C2_0,C3_0), place1(C3_0,B).
(r19) p856(A,B) :- right(A,C), right(C,C1_0-1), place1(C1_0-1,C1_0), right(C1_0,C2_0), place1(C2_0,B).
(r20) p0(A,B) :- place1(A,C0_0), place1(C0_0,C1_0-2), place1(C1_0-2,C1_0-1), right(C1_0-1,C2_0), place1(C2_0,C), place1(C,C1_0), right(C1_0,C3_0), place1(C3_0,B).
(r21) p79(A,B) :- place1(A,C0_0), right(C0_0,C1_0-1), right(C1_0-1,C2_0), place1(C2_0,C), place1(C,C1_0), right(C1_0,C3_0), place1(C3_0,C5_0), place1(C5_0,B).
(r22) p460(A,B) :- right(A,C0_0), place1(C0_0,C1_0-1), place1(C1_0-1,C), place1(C,C1_0), right(C1_0,C4_0), place1(C4_0,C3_0), place1(C3_0,C5_0), place1(C5_0,B).
(r23) p797(A,B) :- right(A,C0_0), place1(C0_0,C1_0-1), place1(C1_0-1,C), right(C,C1_0), right(C1_0,C4_0), place1(C4_0,C3_0), place1(C3_0,C5_0), place1(C5_0,B).
(r24) p2(A,B) :- place1(A,C0_0), place1(C0_0,C), right(C,C1_0), right(C1_0,C3_0-1), place1(C3_0-1,C3_0), place1(C3_0,C4_0), place1(C4_0,B).
(r25) p5(A,B) :- place1(A,C0_0-1), place1(C0_0-1,C0_0), right(C0_0,C1_0-1), place1(C1_0-1,C), right(C,C1_0), place1(C1_0,C3_0), place1(C3_0,B).
(r26) p72(A,B) :- right(A,C0_0), place1(C0_0,C), place1(C,C1_0), right(C1_0,C3_0-1), place1(C3_0-1,C3_0), place1(C3_0,C4_0), place1(C4_0,B).
(r27) p121(A,B) :- right(A,C0_0), right(C0_0,C1_0-1), place1(C1_0-1,C), right(C,C2_0), place1(C2_0,C1_0), place1(C1_0,C3_0), place1(C3_0,B).
(r28) p3(A,B) :- place1(A,C0_0-1), place1(C0_0-1,C0_0), right(C0_0,C1_0-1), place1(C1_0-1,C), place1(C,C2_0), place1(C2_0,C1_0), right(C1_0,C3_0), place1(C3_0,C7_0), place1(C7_0,B).
(r29) p257(A,B) :- place1(A,C0_0), right(C0_0,C1_0-2), place1(C1_0-2,C1_0-1), place1(C1_0-1,C2_0), place1(C2_0,C), place1(C,C1_0), right(C1_0,C3_0), right(C3_0,C5_0), place1(C5_0,B).
(r30) p283(A,B) :- right(A,C0_0-1), place1(C0_0-1,C0_0), place1(C0_0,C1_0-1), place1(C1_0-1,C), place1(C,C1_0), right(C1_0,C5_0), place1(C5_0,C3_0), right(C3_0,C6_0), place1(C6_0,B).
(r31) p887(A,B) :- right(A,C0_0-1), place1(C0_0-1,C0_0), place1(C0_0,C1_0-1), place1(C1_0-1,C), right(C,C1_0), right(C1_0,C5_0), place1(C5_0,C3_0), place1(C3_0,C6_0), place1(C6_0,B).
(r32) p7(A,B) :- place1(A,C0_0), place1(C0_0,C), place1(C,C1_0), right(C1_0,C3_0), right(C3_0,C4_0), place1(C4_0,B).
(r33) p29(A,B) :- place1(A,C0_0), right(C0_0,C1_0-1), place1(C1_0-1,C), right(C,C1_0), place1(C1_0,C3_0), place1(C3_0,B).
(r34) p109(A,B) :- right(A,C), place1(C,C1_0), right(C1_0,C2_0-1), place1(C2_0-1,C2_0), place1(C2_0,C3_0), place1(C3_0,B).
(r35) p380(A,B) :- right(A,C0_0), right(C0_0,C1_0-1), place1(C1_0-1,C), place1(C,C1_0), place1(C1_0,C3_0), place1(C3_0,B).
(r36) p644(A,B) :- right(A,C0_0), place1(C0_0,C), right(C,C1_0), right(C1_0,C3_0), place1(C3_0,C4_0), place1(C4_0,B).
(r37) p1710(A,B) :- right(A,C), place1(C,C1_0), right(C1_0,C2_0-1), place1(C2_0-1,C2_0), right(C2_0,C3_0), place1(C3_0,B).
(r38) p1862(A,B) :- place1(A,C0_0), right(C0_0,C1_0-1), right(C1_0-1,C2_0), place1(C2_0,C), right(C,C1_0), place1(C1_0,B).
(r39) p53(A,B) :- place1(A,C0_0), place1(C0_0,C1_0-2), place1(C1_0-2,C1_0-1), right(C1_0-1,C2_0), place1(C2_0,C), place1(C,C1_0), right(C1_0,C4_0), place1(C4_0,C3_0), place1(C3_0,C5_0), place1(C5_0,B).
(r40) p402(A,B) :- place1(A,C0_0-1), place1(C0_0-1,C0_0), right(C0_0,C1_0-1), place1(C1_0-1,C3_0-1), place1(C3_0-1,C), right(C,C1_0), right(C1_0,C5_0), place1(C5_0,C3_0), place1(C3_0,C6_0), place1(C6_0,B).
(r41) p1018(A,B) :- right(A,C0_0), right(C0_0,C1_0-2), place1(C1_0-2,C1_0-1), place1(C1_0-1,C2_0), place1(C2_0,C), place1(C,C1_0), right(C1_0,C4_0), place1(C4_0,C3_0), place1(C3_0,C5_0), place1(C5_0,B).
====================
MaxSAT solving... (14074 vars, 30624 hard, 922 soft)
number of rules: 43
program size: 99
(inv1) inv1(X1,X2,X3,X4) :- place1(X1,X2), place1(X3,X4).
(inv2) inv2(X1,X2,X3,X4,X5,X6,X7,X8,X9,X10,X11,X12,X13,X14,X15,X16,X17,X18,X19,X20) :- right(X1,X2), right(X3,X4), right(X5,X6), place1(X7,X8), place1(X9,X10), place1(X11,X12), place1(X13,X14), place1(X15,X16), place1(X17,X18), place1(X19,X20).
(r1) p16(A,B) :- inv1(A,C,C,B).
(r2) p27(A,B) :- inv2(A,C,A,C,A,C,C,B,C,B,C,B,C,B,C,B,C,B,C,B).
(r3) p10(A,B) :- inv2(C,C1_0,C,C1_0,C,C1_0,A,C0_0,C0_0,C,C1_0,B,A,C0_0,A,C0_0,A,C0_0,A,C0_0).
(r4) p46(A,B) :- inv2(A,C0_0,C,C1_0,A,C0_0,C0_0,C,C1_0,B,C0_0,C,C0_0,C,C0_0,C,C0_0,C,C0_0,C).
(r5) p51(A,B) :- inv2(A,C0_0,A,C0_0,A,C0_0,C0_0,C,C,C1_0,C1_0,B,C0_0,C,C0_0,C,C0_0,C,C0_0,C).
(r6) p149(A,B) :- inv2(C,C1_0,C1_0,C2_0,C,C1_0,A,C,C2_0,B,A,C,A,C,A,C,A,C,A,C).
(r7) p395(A,B) :- inv1(A,C0_0,C0_0,C), inv1(C,C1_0,C1_0,B).
(r8) p2505(A,B) :- inv2(A,C,C,C1_0,A,C,C1_0,C2_0,C2_0,B,C1_0,C2_0,C1_0,C2_0,C1_0,C2_0,C1_0,C2_0,C1_0,C2_0).
(r9) p1640(A,B) :- inv2(A,C,C,C1_0,C1_0,C2_0,C2_0,B,C2_0,B,C2_0,B,C2_0,B,C2_0,B,C2_0,B,C2_0,B).
(r10) p19(A,B) :- inv2(A,C,A,C,A,C,C,C1_0,C1_0,B,C,C1_0,C,C1_0,C,C1_0,C,C1_0,C,C1_0).
(r11) p57(A,B) :- inv2(A,C,C,C1_0,A,C,C1_0,B,C1_0,B,C1_0,B,C1_0,B,C1_0,B,C1_0,B,C1_0,B).
(r12) p93(A,B) :- inv2(C,C1_0,C,C1_0,C,C1_0,A,C,C1_0,B,A,C,A,C,A,C,A,C,A,C).
(r13) p132(A,B) :- inv1(A,C,C,C1_0), inv1(C1_0,B,A,C).
(r14) p215(A,B) :- inv2(C,C1_0,C,C1_0,C,C1_0,A,C0_0,C0_0,C,C1_0,C3_0,C3_0,B,A,C0_0,A,C0_0,A,C0_0).
(r15) p2257(A,B) :- inv2(C,C1_0-1,C1_0,C2_0,C,C1_0-1,A,C,C1_0-1,C1_0,C2_0,B,A,C,A,C,A,C,A,C).
(r16) p2769(A,B) :- inv2(A,C,C,C1_0-1,A,C,C1_0-1,C1_0,C1_0,C2_0,C2_0,B,C1_0-1,C1_0,C1_0-1,C1_0,C1_0-1,C1_0,C1_0-1,C1_0).
(r17) p17(A,B) :- inv2(A,C,C1_0,C2_0,A,C,C,C1_0,C2_0,C3_0,C3_0,B,C,C1_0,C,C1_0,C,C1_0,C,C1_0).
(r18) p76(A,B) :- inv2(C1_0,C2_0,C2_0,C3_0,C1_0,C2_0,A,C,C,C1_0,C3_0,B,A,C,A,C,A,C,A,C).
(r19) p856(A,B) :- inv2(A,C,C,C1_0-1,C1_0,C2_0,C1_0-1,C1_0,C2_0,B,C1_0-1,C1_0,C1_0-1,C1_0,C1_0-1,C1_0,C1_0-1,C1_0,C1_0-1,C1_0).
(r20) p0(A,B) :- inv2(C1_0-1,C2_0,C1_0,C3_0,C1_0-1,C2_0,A,C0_0,C0_0,C1_0-2,C1_0-2,C1_0-1,C2_0,C,C,C1_0,C3_0,B,A,C0_0).
(r21) p79(A,B) :- inv2(C0_0,C1_0-1,C1_0-1,C2_0,C1_0,C3_0,A,C0_0,C2_0,C,C,C1_0,C3_0,C5_0,C5_0,B,A,C0_0,A,C0_0).
(r22) p460(A,B) :- inv2(A,C0_0,C1_0,C4_0,A,C0_0,C0_0,C1_0-1,C1_0-1,C,C,C1_0,C4_0,C3_0,C3_0,C5_0,C5_0,B,C0_0,C1_0-1).
(r23) p797(A,B) :- inv2(A,C0_0,C,C1_0,C1_0,C4_0,C0_0,C1_0-1,C1_0-1,C,C4_0,C3_0,C3_0,C5_0,C5_0,B,C0_0,C1_0-1,C0_0,C1_0-1).
(r24) p2(A,B) :- inv2(C,C1_0,C1_0,C3_0-1,C,C1_0,A,C0_0,C0_0,C,C3_0-1,C3_0,C3_0,C4_0,C4_0,B,A,C0_0,A,C0_0).
(r25) p5(A,B) :- inv2(C0_0,C1_0-1,C,C1_0,C0_0,C1_0-1,A,C0_0-1,C0_0-1,C0_0,C1_0-1,C,C1_0,C3_0,C3_0,B,A,C0_0-1,A,C0_0-1).
(r26) p72(A,B) :- inv2(A,C0_0,C1_0,C3_0-1,A,C0_0,C0_0,C,C,C1_0,C3_0-1,C3_0,C3_0,C4_0,C4_0,B,C0_0,C,C0_0,C).
(r27) p121(A,B) :- inv2(A,C0_0,C0_0,C1_0-1,C,C2_0,C1_0-1,C,C2_0,C1_0,C1_0,C3_0,C3_0,B,C1_0-1,C,C1_0-1,C,C1_0-1,C).
(r28) p3(A,B) :- inv2(C0_0,C1_0-1,C1_0,C3_0,C0_0,C1_0-1,A,C0_0-1,C0_0-1,C0_0,C1_0-1,C,C,C2_0,C2_0,C1_0,C3_0,C7_0,C7_0,B).
(r29) p257(A,B) :- inv2(C0_0,C1_0-2,C1_0,C3_0,C3_0,C5_0,A,C0_0,C1_0-2,C1_0-1,C1_0-1,C2_0,C2_0,C,C,C1_0,C5_0,B,A,C0_0).
(r30) p283(A,B) :- inv2(A,C0_0-1,C1_0,C5_0,C3_0,C6_0,C0_0-1,C0_0,C0_0,C1_0-1,C1_0-1,C,C,C1_0,C5_0,C3_0,C6_0,B,C0_0-1,C0_0).
(r31) p887(A,B) :- inv2(A,C0_0-1,C,C1_0,C1_0,C5_0,C0_0-1,C0_0,C0_0,C1_0-1,C1_0-1,C,C5_0,C3_0,C3_0,C6_0,C6_0,B,C0_0-1,C0_0).
(r32) p7(A,B) :- inv2(C1_0,C3_0,C3_0,C4_0,C1_0,C3_0,A,C0_0,C0_0,C,C,C1_0,C4_0,B,A,C0_0,A,C0_0,A,C0_0).
(r33) p29(A,B) :- inv2(C0_0,C1_0-1,C,C1_0,C0_0,C1_0-1,A,C0_0,C1_0-1,C,C1_0,C3_0,C3_0,B,A,C0_0,A,C0_0,A,C0_0).
(r34) p109(A,B) :- inv2(A,C,C1_0,C2_0-1,A,C,C,C1_0,C2_0-1,C2_0,C2_0,C3_0,C3_0,B,C,C1_0,C,C1_0,C,C1_0).
(r35) p380(A,B) :- inv2(A,C0_0,C0_0,C1_0-1,A,C0_0,C1_0-1,C,C,C1_0,C1_0,C3_0,C3_0,B,C1_0-1,C,C1_0-1,C,C1_0-1,C).
(r36) p644(A,B) :- inv2(A,C0_0,C,C1_0,C1_0,C3_0,C0_0,C,C3_0,C4_0,C4_0,B,C0_0,C,C0_0,C,C0_0,C,C0_0,C).
(r37) p1710(A,B) :- inv2(A,C,C1_0,C2_0-1,C2_0,C3_0,C,C1_0,C2_0-1,C2_0,C3_0,B,C,C1_0,C,C1_0,C,C1_0,C,C1_0).
(r38) p1862(A,B) :- inv2(C0_0,C1_0-1,C1_0-1,C2_0,C,C1_0,A,C0_0,C2_0,C,C1_0,B,A,C0_0,A,C0_0,A,C0_0,A,C0_0).
(r39) p53(A,B) :- inv2(C1_0-1,C2_0,C1_0,C4_0,C1_0-1,C2_0,A,C0_0,C0_0,C1_0-2,C1_0-2,C1_0-1,C2_0,C,C,C1_0,C4_0,C3_0,C3_0,C5_0), place1(C5_0,B).
(r40) p402(A,B) :- inv2(C0_0,C1_0-1,C,C1_0,C1_0,C5_0,A,C0_0-1,C0_0-1,C0_0,C1_0-1,C3_0-1,C3_0-1,C,C5_0,C3_0,C3_0,C6_0,C6_0,B).
(r41) p1018(A,B) :- inv2(A,C0_0,C0_0,C1_0-2,C1_0,C4_0,C1_0-2,C1_0-1,C1_0-1,C2_0,C2_0,C,C,C1_0,C4_0,C3_0,C3_0,C5_0,C5_0,B).
====================
