number of rules: 44
program size: 353
(r1) p5(A,B) :- place1(A,C), place1(C,B).
(r2) p6(A,B) :- right(A,C), place1(C,B).
(r3) p3(A,B) :- place1(A,C), right(C,C1_0), place1(C1_0,B).
(r4) p7(A,B) :- right(A,C), place1(C,C1_0), place1(C1_0,B).
(r5) p29(A,B) :- right(A,C), right(C,C1_0), place1(C1_0,B).
(r6) p37(A,B) :- place1(A,C), place1(C,C1_0), place1(C1_0,B).
(r7) p178(A,B) :- p182(A,C), place1(C,C1_0), place1(C1_0,B).
(r8) p20(A,B) :- right(A,C0_0), place1(C0_0,C), place1(C,C2_0), place1(C2_0,C1_0), right(C1_0,C3_0), place1(C3_0,B).
(r9) p22(A,B) :- place1(A,C0_0), right(C0_0,C1_0-1), place1(C1_0-1,C), place1(C,C1_0), right(C1_0,C3_0), place1(C3_0,B).
(r10) p134(A,B) :- place1(A,C), place1(C,C1_0-1), place1(C1_0-1,C1_0), right(C1_0,C2_0), right(C2_0,C4_0), place1(C4_0,B).
(r11) p21(A,B) :- place1(A,C), right(C,C1_0), place1(C1_0,C2_0), place1(C2_0,B).
(r12) p41(A,B) :- place1(A,C), right(C,C1_0), right(C1_0,C2_0), place1(C2_0,B).
(r13) p44(A,B) :- right(A,C), right(C,C1_0), place1(C1_0,C2_0), place1(C2_0,B).
(r14) p51(A,B) :- right(A,C0_0), place1(C0_0,C), right(C,C1_0), place1(C1_0,B).
(r15) p176(A,B) :- right(A,C0_0), place1(C0_0,C), place1(C,C1_0), place1(C1_0,B).
(r16) p27(A,B) :- place1(A,C), place1(C,C1_0-1), place1(C1_0-1,C1_0), right(C1_0,C2_0), place1(C2_0,B).
(r17) p56(A,B) :- place1(A,C0_0), place1(C0_0,C), right(C,C1_0), right(C1_0,C3_0), place1(C3_0,B).
(r18) p144(A,B) :- place1(A,C), right(C,C1_0-1), place1(C1_0-1,C1_0), right(C1_0,C2_0), place1(C2_0,B).
(r19) p191(A,B) :- right(A,C), right(C,C1_0-1), place1(C1_0-1,C1_0), place1(C1_0,C2_0), place1(C2_0,B).
(r20) p145(A,B) :- place1(A,C0_0), place1(C0_0,C), p182(C,C1_0), place1(C1_0,C3_0), place1(C3_0,B).
(r21) p32(A,B) :- place1(A,C0_0-1), place1(C0_0-1,C0_0), right(C0_0,C1_0-1), place1(C1_0-1,C), place1(C,C2_0), place1(C2_0,C1_0), right(C1_0,C3_0), place1(C3_0,B).
(r22) p198(A,B) :- right(A,C0_0-1), place1(C0_0-1,C0_0), place1(C0_0,C1_0-1), place1(C1_0-1,C), right(C,C2_0), place1(C2_0,C1_0), place1(C1_0,C3_0), place1(C3_0,B).
(r23) p128(A,B) :- right(A,C0_0), right(C0_0,C1_0-1), place1(C1_0-1,C), place1(C,C1_0), place1(C1_0,C4_0), place1(C4_0,C3_0), right(C3_0,C5_0), place1(C5_0,B).
(r24) p1(A,B) :- place1(A,C0_0), place1(C0_0,C1_0-1), place1(C1_0-1,C), right(C,C1_0), right(C1_0,C3_0), right(C3_0,C5_0-1), place1(C5_0-1,C5_0), place1(C5_0,C6_0), place1(C6_0,B).
(r25) p14(A,B) :- place1(A,C0_0), place1(C0_0,C1_0-2), place1(C1_0-2,C1_0-1), right(C1_0-1,C2_0), place1(C2_0,C), place1(C,C1_0), right(C1_0,C3_0), place1(C3_0,C5_0), place1(C5_0,B).
(r26) p30(A,B) :- right(A,C0_0-1), place1(C0_0-1,C0_0), place1(C0_0,C2_0), place1(C2_0,C1_0-1), right(C1_0-1,C3_0-1), place1(C3_0-1,C), right(C,C1_0), place1(C1_0,C3_0), place1(C3_0,B).
(r27) p2(A,B) :- place1(A,C0_0), place1(C0_0,C), place1(C,C2_0-1), place1(C2_0-1,C2_0), right(C2_0,C3_0-1), place1(C3_0-1,C5_0-1), place1(C5_0-1,C1_0), place1(C1_0,C4_0), place1(C4_0,C3_0), right(C3_0,C5_0), place1(C5_0,C9_0), place1(C9_0,B).
(r28) p43(A,B) :- right(A,C), place1(C,C1_0-3), place1(C1_0-3,C1_0-2), right(C1_0-2,C2_0-2), place1(C2_0-2,C1_0-1), place1(C1_0-1,C3_0), place1(C3_0,C2_0-1), right(C2_0-1,C4_0-1), place1(C4_0-1,C1_0), place1(C1_0,C2_0), place1(C2_0,C4_0), place1(C4_0,B).
(r29) p55(A,B) :- place1(A,C0_0), place1(C0_0,C), place1(C,C2_0-1), place1(C2_0-1,C2_0), right(C2_0,C3_0-1), place1(C3_0-1,C5_0-1), place1(C5_0-1,C1_0), right(C1_0,C3_0), right(C3_0,C7_0), place1(C7_0,C5_0), place1(C5_0,C8_0), place1(C8_0,B).
(r30) p9(A,B) :- place1(A,C0_0), right(C0_0,C1_0-1), place1(C1_0-1,C), right(C,C2_0), place1(C2_0,C1_0), place1(C1_0,C3_0), place1(C3_0,B).
(r31) p97(A,B) :- right(A,C0_0), place1(C0_0,C1_0-1), place1(C1_0-1,C), right(C,C1_0), right(C1_0,C3_0), place1(C3_0,C5_0), place1(C5_0,B).
(r32) p99(A,B) :- right(A,C0_0), place1(C0_0,C), place1(C,C2_0), place1(C2_0,C1_0), right(C1_0,C3_0), place1(C3_0,C5_0), place1(C5_0,B).
(r33) p117(A,B) :- place1(A,C0_0), place1(C0_0,C), right(C,C1_0), right(C1_0,C3_0-1), place1(C3_0-1,C3_0), place1(C3_0,C4_0), place1(C4_0,B).
(r34) p11(A,B) :- place1(A,C), place1(C,C1_0-2), place1(C1_0-2,C1_0-1), right(C1_0-1,C2_0-1), right(C2_0-1,C4_0-1), place1(C4_0-1,C1_0), right(C1_0,C3_0), place1(C3_0,C2_0), place1(C2_0,C4_0), place1(C4_0,B).
(r35) p78(A,B) :- place1(A,C), right(C,C1_0-2), place1(C1_0-2,C1_0-1), place1(C1_0-1,C3_0), place1(C3_0,C2_0-1), right(C2_0-1,C4_0-1), place1(C4_0-1,C1_0), right(C1_0,C2_0), place1(C2_0,C4_0), place1(C4_0,B).
(r36) p54(A,B) :- right(A,C0_0), place1(C0_0,C1_0-1), place1(C1_0-1,C), place1(C,C3_0-1), place1(C3_0-1,C2_0), right(C2_0,C4_0), right(C4_0,C6_0-1), place1(C6_0-1,C1_0), place1(C1_0,C3_0), place1(C3_0,C6_0), place1(C6_0,B).
(r37) p64(A,B) :- place1(A,C), place1(C,C1_0-2), place1(C1_0-2,C1_0-1), right(C1_0-1,C2_0-1), place1(C2_0-1,C4_0-1), place1(C4_0-1,C1_0), place1(C1_0,C3_0), place1(C3_0,C2_0), right(C2_0,C4_0), place1(C4_0,C8_0), place1(C8_0,B).
(r38) p66(A,B) :- place1(A,C0_0), place1(C0_0,C1_0-2), place1(C1_0-2,C1_0-1), right(C1_0-1,C2_0-1), place1(C2_0-1,C), right(C,C2_0), right(C2_0,C4_0), place1(C4_0,C1_0), place1(C1_0,C3_0), place1(C3_0,C6_0), place1(C6_0,B).
(r39) p93(A,B) :- right(A,C0_0), place1(C0_0,C1_0-1), place1(C1_0-1,C), right(C,C3_0-1), place1(C3_0-1,C2_0), place1(C2_0,C4_0), place1(C4_0,C1_0), right(C1_0,C5_0), place1(C5_0,C3_0), place1(C3_0,C6_0), place1(C6_0,B).
(r40) p88(A,B) :- place1(A,C0_0-2), place1(C0_0-2,C0_0-1), right(C0_0-1,C1_0-2), place1(C1_0-2,C0_0), place1(C0_0,C2_0-1), place1(C2_0-1,C1_0-1), right(C1_0-1,C3_0-1), place1(C3_0-1,C), place1(C,C2_0), right(C2_0,C5_0), place1(C5_0,C1_0), place1(C1_0,C3_0), place1(C3_0,C7_0), place1(C7_0,B).
(r41) p126(A,B) :- place1(A,C0_0), place1(C0_0,C1_0-2), place1(C1_0-2,C1_0-1), right(C1_0-1,C2_0-1), place1(C2_0-1,C), place1(C,C3_0-1), place1(C3_0-1,C2_0), right(C2_0,C4_0), place1(C4_0,C8_0), place1(C8_0,C1_0), place1(C1_0,C5_0), place1(C5_0,C3_0), right(C3_0,C11_0), place1(C11_0,C6_0), place1(C6_0,C12_0), place1(C12_0,B).
(r42) p159(A,B) :- place1(A,C0_0-1), place1(C0_0-1,C0_0), right(C0_0,C1_0-1), place1(C1_0-1,C), right(C,C2_0), place1(C2_0,C5_0), place1(C5_0,C1_0), place1(C1_0,C6_0), place1(C6_0,C3_0), right(C3_0,C9_0), place1(C9_0,C7_0), place1(C7_0,C10_0), place1(C10_0,B).
(r43) p182(A,B) :- at_end(A), place1(A,C1_0), place1(C1_0,B).
(r44) p182(A,B) :- right(A,C), p182(C,B).
====================
MaxSAT solving... (63007 vars, 132621 hard, 1491 soft)
number of rules: 46
program size: 113
(inv1) inv1(X1,X2,X3,X4,X5,X6,X7,X8,X9,X10,X11,X12,X13,X14,X15,X16,X17,X18,X19,X20,X21,X22,X23,X24,X25,X26,X27,X28) :- right(X1,X2), right(X3,X4), right(X5,X6), place1(X7,X8), place1(X9,X10), place1(X11,X12), place1(X13,X14), place1(X15,X16), place1(X17,X18), place1(X19,X20), place1(X21,X22), place1(X23,X24), place1(X25,X26), place1(X27,X28).
(inv2) inv2(X1,X2,X3,X4,X5,X6) :- place1(X1,X2), place1(X3,X4), place1(X5,X6).
(r1) p5(A,B) :- inv2(A,C,C,B,A,C).
(r2) p6(A,B) :- inv1(A,C,A,C,A,C,C,B,C,B,C,B,C,B,C,B,C,B,C,B,C,B,C,B,C,B,C,B).
(r3) p3(A,B) :- inv1(C,C1_0,C,C1_0,C,C1_0,A,C,C1_0,B,A,C,A,C,A,C,A,C,A,C,A,C,A,C,A,C,A,C).
(r4) p7(A,B) :- inv1(A,C,A,C,A,C,C,C1_0,C1_0,B,C,C1_0,C,C1_0,C,C1_0,C,C1_0,C,C1_0,C,C1_0,C,C1_0,C,C1_0,C,C1_0).
(r5) p29(A,B) :- inv1(A,C,C,C1_0,A,C,C1_0,B,C1_0,B,C1_0,B,C1_0,B,C1_0,B,C1_0,B,C1_0,B,C1_0,B,C1_0,B,C1_0,B,C1_0,B).
(r6) p37(A,B) :- inv2(A,C,C,C1_0,C1_0,B).
(r7) p178(A,B) :- inv2(C,C1_0,C1_0,B,C,C1_0), p182(A,C).
(r8) p20(A,B) :- inv1(A,C0_0,C1_0,C3_0,A,C0_0,C0_0,C,C,C2_0,C2_0,C1_0,C3_0,B,C0_0,C,C0_0,C,C0_0,C,C0_0,C,C0_0,C,C0_0,C,C0_0,C).
(r9) p22(A,B) :- inv1(C0_0,C1_0-1,C1_0,C3_0,C0_0,C1_0-1,A,C0_0,C1_0-1,C,C,C1_0,C3_0,B,A,C0_0,A,C0_0,A,C0_0,A,C0_0,A,C0_0,A,C0_0,A,C0_0).
(r10) p134(A,B) :- inv1(C1_0,C2_0,C2_0,C4_0,C1_0,C2_0,A,C,C,C1_0-1,C1_0-1,C1_0,C4_0,B,A,C,A,C,A,C,A,C,A,C,A,C,A,C).
(r11) p21(A,B) :- inv1(C,C1_0,C,C1_0,C,C1_0,A,C,C1_0,C2_0,C2_0,B,A,C,A,C,A,C,A,C,A,C,A,C,A,C,A,C).
(r12) p41(A,B) :- inv1(C,C1_0,C1_0,C2_0,C,C1_0,A,C,C2_0,B,A,C,A,C,A,C,A,C,A,C,A,C,A,C,A,C,A,C).
(r13) p44(A,B) :- inv1(A,C,C,C1_0,A,C,C1_0,C2_0,C2_0,B,C1_0,C2_0,C1_0,C2_0,C1_0,C2_0,C1_0,C2_0,C1_0,C2_0,C1_0,C2_0,C1_0,C2_0,C1_0,C2_0,C1_0,C2_0).
(r14) p51(A,B) :- inv1(A,C0_0,C,C1_0,A,C0_0,C0_0,C,C1_0,B,C0_0,C,C0_0,C,C0_0,C,C0_0,C,C0_0,C,C0_0,C,C0_0,C,C0_0,C,C0_0,C).
(r15) p176(A,B) :- inv1(A,C0_0,A,C0_0,A,C0_0,C0_0,C,C,C1_0,C1_0,B,C0_0,C,C0_0,C,C0_0,C,C0_0,C,C0_0,C,C0_0,C,C0_0,C,C0_0,C).
(r16) p27(A,B) :- inv1(C1_0,C2_0,C1_0,C2_0,C1_0,C2_0,A,C,C,C1_0-1,C1_0-1,C1_0,C2_0,B,A,C,A,C,A,C,A,C,A,C,A,C,A,C).
(r17) p56(A,B) :- inv1(C,C1_0,C1_0,C3_0,C,C1_0,A,C0_0,C0_0,C,C3_0,B,A,C0_0,A,C0_0,A,C0_0,A,C0_0,A,C0_0,A,C0_0,A,C0_0,A,C0_0).
(r18) p144(A,B) :- inv1(C,C1_0-1,C1_0,C2_0,C,C1_0-1,A,C,C1_0-1,C1_0,C2_0,B,A,C,A,C,A,C,A,C,A,C,A,C,A,C,A,C).
(r19) p191(A,B) :- inv1(A,C,C,C1_0-1,A,C,C1_0-1,C1_0,C1_0,C2_0,C2_0,B,C1_0-1,C1_0,C1_0-1,C1_0,C1_0-1,C1_0,C1_0-1,C1_0,C1_0-1,C1_0,C1_0-1,C1_0,C1_0-1,C1_0,C1_0-1,C1_0).
(r20) p145(A,B) :- inv2(A,C0_0,C0_0,C,C1_0,C3_0), p182(C,C1_0), place1(C3_0,B).
(r21) p32(A,B) :- inv1(C0_0,C1_0-1,C1_0,C3_0,C0_0,C1_0-1,A,C0_0-1,C0_0-1,C0_0,C1_0-1,C,C,C2_0,C2_0,C1_0,C3_0,B,A,C0_0-1,A,C0_0-1,A,C0_0-1,A,C0_0-1,A,C0_0-1).
(r22) p198(A,B) :- inv1(A,C0_0-1,C,C2_0,A,C0_0-1,C0_0-1,C0_0,C0_0,C1_0-1,C1_0-1,C,C2_0,C1_0,C1_0,C3_0,C3_0,B,C0_0-1,C0_0,C0_0-1,C0_0,C0_0-1,C0_0,C0_0-1,C0_0,C0_0-1,C0_0).
(r23) p128(A,B) :- inv1(A,C0_0,C0_0,C1_0-1,C3_0,C5_0,C1_0-1,C,C,C1_0,C1_0,C4_0,C4_0,C3_0,C5_0,B,C1_0-1,C,C1_0-1,C,C1_0-1,C,C1_0-1,C,C1_0-1,C,C1_0-1,C).
(r24) p1(A,B) :- inv1(C,C1_0,C1_0,C3_0,C3_0,C5_0-1,A,C0_0,C0_0,C1_0-1,C1_0-1,C,C5_0-1,C5_0,C5_0,C6_0,C6_0,B,A,C0_0,A,C0_0,A,C0_0,A,C0_0,A,C0_0).
(r25) p14(A,B) :- inv1(C1_0-1,C2_0,C1_0,C3_0,C1_0-1,C2_0,A,C0_0,C0_0,C1_0-2,C1_0-2,C1_0-1,C2_0,C,C,C1_0,C3_0,C5_0,C5_0,B,A,C0_0,A,C0_0,A,C0_0,A,C0_0).
(r26) p30(A,B) :- inv1(A,C0_0-1,C1_0-1,C3_0-1,C,C1_0,C0_0-1,C0_0,C0_0,C2_0,C2_0,C1_0-1,C3_0-1,C,C1_0,C3_0,C3_0,B,C0_0-1,C0_0,C0_0-1,C0_0,C0_0-1,C0_0,C0_0-1,C0_0,C0_0-1,C0_0).
(r27) p2(A,B) :- inv1(C2_0,C3_0-1,C3_0,C5_0,C2_0,C3_0-1,A,C0_0,C0_0,C,C,C2_0-1,C2_0-1,C2_0,C3_0-1,C5_0-1,C5_0-1,C1_0,C1_0,C4_0,C4_0,C3_0,C5_0,C9_0,C9_0,B,A,C0_0).
(r28) p43(A,B) :- inv1(A,C,C1_0-2,C2_0-2,C2_0-1,C4_0-1,C,C1_0-3,C1_0-3,C1_0-2,C2_0-2,C1_0-1,C1_0-1,C3_0,C3_0,C2_0-1,C4_0-1,C1_0,C1_0,C2_0,C2_0,C4_0,C4_0,B,C,C1_0-3,C,C1_0-3).
(r29) p55(A,B) :- inv1(C2_0,C3_0-1,C1_0,C3_0,C3_0,C7_0,A,C0_0,C0_0,C,C,C2_0-1,C2_0-1,C2_0,C3_0-1,C5_0-1,C5_0-1,C1_0,C7_0,C5_0,C5_0,C8_0,C8_0,B,A,C0_0,A,C0_0).
(r30) p9(A,B) :- inv1(C0_0,C1_0-1,C,C2_0,C0_0,C1_0-1,A,C0_0,C1_0-1,C,C2_0,C1_0,C1_0,C3_0,C3_0,B,A,C0_0,A,C0_0,A,C0_0,A,C0_0,A,C0_0,A,C0_0).
(r31) p97(A,B) :- inv1(A,C0_0,C,C1_0,C1_0,C3_0,C0_0,C1_0-1,C1_0-1,C,C3_0,C5_0,C5_0,B,C0_0,C1_0-1,C0_0,C1_0-1,C0_0,C1_0-1,C0_0,C1_0-1,C0_0,C1_0-1,C0_0,C1_0-1,C0_0,C1_0-1).
(r32) p99(A,B) :- inv1(A,C0_0,C1_0,C3_0,A,C0_0,C0_0,C,C,C2_0,C2_0,C1_0,C3_0,C5_0,C5_0,B,C0_0,C,C0_0,C,C0_0,C,C0_0,C,C0_0,C,C0_0,C).
(r33) p117(A,B) :- inv1(C,C1_0,C1_0,C3_0-1,C,C1_0,A,C0_0,C0_0,C,C3_0-1,C3_0,C3_0,C4_0,C4_0,B,A,C0_0,A,C0_0,A,C0_0,A,C0_0,A,C0_0,A,C0_0).
(r34) p11(A,B) :- inv1(C1_0-1,C2_0-1,C2_0-1,C4_0-1,C1_0,C3_0,A,C,C,C1_0-2,C1_0-2,C1_0-1,C4_0-1,C1_0,C3_0,C2_0,C2_0,C4_0,C4_0,B,A,C,A,C,A,C,A,C).
(r35) p78(A,B) :- inv1(C,C1_0-2,C2_0-1,C4_0-1,C1_0,C2_0,A,C,C1_0-2,C1_0-1,C1_0-1,C3_0,C3_0,C2_0-1,C4_0-1,C1_0,C2_0,C4_0,C4_0,B,A,C,A,C,A,C,A,C).
(r36) p54(A,B) :- inv1(A,C0_0,C2_0,C4_0,C4_0,C6_0-1,C0_0,C1_0-1,C1_0-1,C,C,C3_0-1,C3_0-1,C2_0,C6_0-1,C1_0,C1_0,C3_0,C3_0,C6_0,C6_0,B,C0_0,C1_0-1,C0_0,C1_0-1,C0_0,C1_0-1).
(r37) p64(A,B) :- inv1(C1_0-1,C2_0-1,C2_0,C4_0,C1_0-1,C2_0-1,A,C,C,C1_0-2,C1_0-2,C1_0-1,C2_0-1,C4_0-1,C4_0-1,C1_0,C1_0,C3_0,C3_0,C2_0,C4_0,C8_0,C8_0,B,A,C,A,C).
(r38) p66(A,B) :- inv1(C1_0-1,C2_0-1,C,C2_0,C2_0,C4_0,A,C0_0,C0_0,C1_0-2,C1_0-2,C1_0-1,C2_0-1,C,C4_0,C1_0,C1_0,C3_0,C3_0,C6_0,C6_0,B,A,C0_0,A,C0_0,A,C0_0).
(r39) p93(A,B) :- inv1(A,C0_0,C,C3_0-1,C1_0,C5_0,C0_0,C1_0-1,C1_0-1,C,C3_0-1,C2_0,C2_0,C4_0,C4_0,C1_0,C5_0,C3_0,C3_0,C6_0,C6_0,B,C0_0,C1_0-1,C0_0,C1_0-1,C0_0,C1_0-1).
(r40) p88(A,B) :- inv1(C0_0-1,C1_0-2,C1_0-1,C3_0-1,C2_0,C5_0,A,C0_0-2,C0_0-2,C0_0-1,C1_0-2,C0_0,C0_0,C2_0-1,C2_0-1,C1_0-1,C3_0-1,C,C,C2_0,C5_0,C1_0,C1_0,C3_0,C3_0,C7_0,C7_0,B).
(r41) p126(A,B) :- inv1(C1_0-1,C2_0-1,C2_0,C4_0,C3_0,C11_0,A,C0_0,C0_0,C1_0-2,C1_0-2,C1_0-1,C2_0-1,C,C,C3_0-1,C3_0-1,C2_0,C4_0,C8_0,C8_0,C1_0,C1_0,C5_0,C5_0,C3_0,C11_0,C6_0), inv1(C1_0-1,C2_0-1,C1_0-1,C2_0-1,C1_0-1,C2_0-1,C6_0,C12_0,C12_0,B,A,C0_0,A,C0_0,A,C0_0,A,C0_0,A,C0_0,A,C0_0,A,C0_0,A,C0_0,A,C0_0).
(r42) p159(A,B) :- inv1(C0_0,C1_0-1,C,C2_0,C3_0,C9_0,A,C0_0-1,C0_0-1,C0_0,C1_0-1,C,C2_0,C5_0,C5_0,C1_0,C1_0,C6_0,C6_0,C3_0,C9_0,C7_0,C7_0,C10_0,C10_0,B,A,C0_0-1).
(r43) p182(A,B) :- inv2(A,C1_0,C1_0,B,A,C1_0), at_end(A).
(r44) p182(A,B) :- right(A,C), p182(C,B).
====================
