number of rules: 45
program size: 327
(r1) p9(A,B) :- place1(A,C), place1(C,B).
(r2) p93(A,B) :- right(A,C), place1(C,B).
(r3) p3(A,B) :- right(A,C), place1(C,C1_0), place1(C1_0,B).
(r4) p22(A,B) :- place1(A,C), right(C,C1_0), place1(C1_0,B).
(r5) p133(A,B) :- place1(A,C), place1(C,C1_0), place1(C1_0,B).
(r6) p250(A,B) :- right(A,C), right(C,C1_0), place1(C1_0,B).
(r7) p5(A,B) :- right(A,C), right(C,C1_0-1), place1(C1_0-1,C1_0), place1(C1_0,C2_0), place1(C2_0,B).
(r8) p31(A,B) :- place1(A,C0_0), place1(C0_0,C), right(C,C1_0), place1(C1_0,C3_0), place1(C3_0,B).
(r9) p229(A,B) :- right(A,C), place1(C,C1_0-1), place1(C1_0-1,C1_0), right(C1_0,C2_0), place1(C2_0,B).
(r10) p334(A,B) :- place1(A,C), right(C,C1_0-1), place1(C1_0-1,C1_0), right(C1_0,C2_0), place1(C2_0,B).
(r11) p367(A,B) :- place1(A,C0_0), place1(C0_0,C), right(C,C1_0), right(C1_0,C3_0), place1(C3_0,B).
(r12) p673(A,B) :- right(A,C), right(C,C1_0-1), place1(C1_0-1,C1_0), right(C1_0,C2_0), place1(C2_0,B).
(r13) p2856(A,B) :- right(A,C), place1(C,C1_0-1), place1(C1_0-1,C1_0), place1(C1_0,C2_0), place1(C2_0,B).
(r14) p36(A,B) :- place1(A,C0_0), place1(C0_0,C), right(C,C1_0), place1(C1_0,B).
(r15) p45(A,B) :- right(A,C0_0), place1(C0_0,C), right(C,C1_0), place1(C1_0,B).
(r16) p77(A,B) :- right(A,C), right(C,C1_0), place1(C1_0,C2_0), place1(C2_0,B).
(r17) p251(A,B) :- right(A,C0_0), place1(C0_0,C), place1(C,C1_0), place1(C1_0,B).
(r18) p532(A,B) :- place1(A,C0_0), place1(C0_0,C), place1(C,C1_0), place1(C1_0,B).
(r19) p1041(A,B) :- place1(A,C), right(C,C1_0), right(C1_0,C2_0), place1(C2_0,B).
(r20) p2862(A,B) :- place1(A,C0_0), place1(C0_0,C), right(C,C2_0), place1(C2_0,C1_0), place1(C1_0,C3_0), place1(C3_0,B).
(r21) p4(A,B) :- place1(A,C), place1(C,C1_0-1), place1(C1_0-1,C1_0), right(C1_0,C2_0), right(C2_0,C4_0), place1(C4_0,B).
(r22) p24(A,B) :- right(A,C), place1(C,C1_0-1), place1(C1_0-1,C1_0), right(C1_0,C2_0), place1(C2_0,C4_0), place1(C4_0,B).
(r23) p274(A,B) :- right(A,C), right(C,C1_0), place1(C1_0,C2_0-1), place1(C2_0-1,C2_0), place1(C2_0,C3_0), place1(C3_0,B).
(r24) p782(A,B) :- place1(A,C), right(C,C1_0), right(C1_0,C2_0-1), place1(C2_0-1,C2_0), right(C2_0,C3_0), place1(C3_0,B).
(r25) p848(A,B) :- right(A,C), place1(C,C1_0-1), place1(C1_0-1,C1_0), right(C1_0,C2_0), right(C2_0,C4_0), place1(C4_0,B).
(r26) p2619(A,B) :- right(A,C), place1(C,C1_0), right(C1_0,C2_0-1), place1(C2_0-1,C2_0), right(C2_0,C3_0), place1(C3_0,B).
(r27) p7(A,B) :- right(A,C0_0-1), place1(C0_0-1,C0_0), right(C0_0,C1_0-1), place1(C1_0-1,C), place1(C,C2_0), place1(C2_0,C1_0), right(C1_0,C3_0), place1(C3_0,B).
(r28) p18(A,B) :- place1(A,C0_0-1), place1(C0_0-1,C0_0), right(C0_0,C1_0-1), place1(C1_0-1,C3_0-1), place1(C3_0-1,C), right(C,C1_0), place1(C1_0,C3_0), place1(C3_0,B).
(r29) p101(A,B) :- place1(A,C0_0), place1(C0_0,C1_0-1), place1(C1_0-1,C), right(C,C1_0), right(C1_0,C4_0), place1(C4_0,C3_0), right(C3_0,C5_0), place1(C5_0,B).
(r30) p517(A,B) :- right(A,C0_0-1), place1(C0_0-1,C0_0), place1(C0_0,C1_0-1), place1(C1_0-1,C), right(C,C1_0), right(C1_0,C3_0), place1(C3_0,C6_0), place1(C6_0,B).
(r31) p30(A,B) :- place1(A,C0_0), place1(C0_0,C1_0-1), place1(C1_0-1,C), right(C,C1_0), right(C1_0,C3_0), place1(C3_0,C5_0), place1(C5_0,B).
(r32) p44(A,B) :- place1(A,C0_0), place1(C0_0,C), right(C,C1_0), place1(C1_0,C3_0-1), place1(C3_0-1,C3_0), right(C3_0,C4_0), place1(C4_0,B).
(r33) p82(A,B) :- right(A,C0_0), place1(C0_0,C), place1(C,C2_0), place1(C2_0,C1_0), right(C1_0,C3_0), right(C3_0,C5_0), place1(C5_0,B).
(r34) p150(A,B) :- right(A,C), place1(C,C1_0-1), place1(C1_0-1,C1_0), right(C1_0,C3_0), place1(C3_0,C2_0), place1(C2_0,C4_0), place1(C4_0,B).
(r35) p1124(A,B) :- place1(A,C0_0), right(C0_0,C1_0-1), place1(C1_0-1,C), right(C,C2_0), place1(C2_0,C1_0), right(C1_0,C3_0), place1(C3_0,B).
(r36) p33(A,B) :- place1(A,C0_0-1), place1(C0_0-1,C0_0), right(C0_0,C1_0-1), place1(C1_0-1,C), right(C,C1_0), place1(C1_0,C5_0), place1(C5_0,C3_0), place1(C3_0,C6_0), place1(C6_0,B).
(r37) p156(A,B) :- right(A,C0_0), place1(C0_0,C1_0-2), place1(C1_0-2,C1_0-1), right(C1_0-1,C2_0-1), place1(C2_0-1,C), right(C,C2_0), place1(C2_0,C1_0), place1(C1_0,C3_0), place1(C3_0,B).
(r38) p266(A,B) :- place1(A,C0_0-1), place1(C0_0-1,C0_0), right(C0_0,C1_0-1), place1(C1_0-1,C3_0-1), place1(C3_0-1,C), place1(C,C1_0), right(C1_0,C3_0), right(C3_0,C6_0), place1(C6_0,B).
(r39) p1290(A,B) :- right(A,C0_0), right(C0_0,C1_0-1), place1(C1_0-1,C2_0), place1(C2_0,C), right(C,C1_0), place1(C1_0,C4_0), place1(C4_0,C3_0), place1(C3_0,C5_0), place1(C5_0,B).
(r40) p41(A,B) :- place1(A,C0_0), place1(C0_0,C1_0-2), place1(C1_0-2,C1_0-1), right(C1_0-1,C2_0), place1(C2_0,C), place1(C,C1_0), right(C1_0,C4_0), place1(C4_0,C3_0), place1(C3_0,C5_0), place1(C5_0,B).
(r41) p53(A,B) :- right(A,C0_0), right(C0_0,C1_0-2), place1(C1_0-2,C1_0-1), place1(C1_0-1,C2_0), place1(C2_0,C), right(C,C1_0), place1(C1_0,C4_0), place1(C4_0,C3_0), place1(C3_0,C5_0), place1(C5_0,B).
(r42) p454(A,B) :- right(A,C0_0), place1(C0_0,C1_0-2), place1(C1_0-2,C1_0-1), right(C1_0-1,C2_0), place1(C2_0,C), place1(C,C1_0), place1(C1_0,C4_0), place1(C4_0,C3_0), right(C3_0,C5_0), place1(C5_0,B).
(r43) p681(A,B) :- place1(A,C0_0), place1(C0_0,C1_0-2), place1(C1_0-2,C1_0-1), right(C1_0-1,C2_0), place1(C2_0,C), right(C,C1_0), right(C1_0,C4_0), place1(C4_0,C3_0), place1(C3_0,C5_0), place1(C5_0,B).
(r44) p490(A,B) :- place1(A,C0_0), place1(C0_0,C1_0-2), place1(C1_0-2,C1_0-1), right(C1_0-1,C2_0-1), place1(C2_0-1,C), place1(C,C2_0), place1(C2_0,C1_0), right(C1_0,C5_0), place1(C5_0,C3_0), place1(C3_0,C6_0), place1(C6_0,B).
(r45) p1677(A,B) :- place1(A,C0_0-1), place1(C0_0-1,C0_0), right(C0_0,C1_0-1), right(C1_0-1,C3_0-1), place1(C3_0-1,C), place1(C,C2_0), place1(C2_0,C1_0), right(C1_0,C6_0), place1(C6_0,C3_0), place1(C3_0,C7_0), place1(C7_0,B).
====================
MaxSAT solving... (21818 vars, 46640 hard, 1118 soft)
number of rules: 47
program size: 108
(inv1) inv1(X1,X2,X3,X4) :- place1(X1,X2), place1(X3,X4).
(inv2) inv2(X1,X2,X3,X4,X5,X6,X7,X8,X9,X10,X11,X12,X13,X14,X15,X16,X17,X18,X19,X20,X21,X22) :- place1(X1,X2), place1(X3,X4), place1(X5,X6), place1(X7,X8), place1(X9,X10), place1(X11,X12), place1(X13,X14), place1(X15,X16), right(X17,X18), right(X19,X20), right(X21,X22).
(r1) p9(A,B) :- inv1(A,C,C,B).
(r2) p93(A,B) :- inv2(C,B,C,B,C,B,C,B,C,B,C,B,C,B,C,B,A,C,A,C,A,C).
(r3) p3(A,B) :- inv2(C,C1_0,C1_0,B,C,C1_0,C,C1_0,C,C1_0,C,C1_0,C,C1_0,C,C1_0,A,C,A,C,A,C).
(r4) p22(A,B) :- inv2(A,C,C1_0,B,A,C,A,C,A,C,A,C,A,C,A,C,C,C1_0,C,C1_0,C,C1_0).
(r5) p133(A,B) :- inv1(A,C,C,C1_0), place1(C1_0,B).
(r6) p250(A,B) :- inv2(C1_0,B,C1_0,B,C1_0,B,C1_0,B,C1_0,B,C1_0,B,C1_0,B,C1_0,B,A,C,C,C1_0,A,C).
(r7) p5(A,B) :- inv2(C1_0-1,C1_0,C1_0,C2_0,C2_0,B,C1_0-1,C1_0,C1_0-1,C1_0,C1_0-1,C1_0,C1_0-1,C1_0,C1_0-1,C1_0,A,C,C,C1_0-1,A,C).
(r8) p31(A,B) :- inv2(A,C0_0,C0_0,C,C1_0,C3_0,C3_0,B,A,C0_0,A,C0_0,A,C0_0,A,C0_0,C,C1_0,C,C1_0,C,C1_0).
(r9) p229(A,B) :- inv2(C,C1_0-1,C1_0-1,C1_0,C2_0,B,C,C1_0-1,C,C1_0-1,C,C1_0-1,C,C1_0-1,C,C1_0-1,A,C,C1_0,C2_0,A,C).
(r10) p334(A,B) :- inv2(A,C,C1_0-1,C1_0,C2_0,B,A,C,A,C,A,C,A,C,A,C,C,C1_0-1,C1_0,C2_0,C,C1_0-1).
(r11) p367(A,B) :- inv2(A,C0_0,C0_0,C,C3_0,B,A,C0_0,A,C0_0,A,C0_0,A,C0_0,A,C0_0,C,C1_0,C1_0,C3_0,C,C1_0).
(r12) p673(A,B) :- inv2(C1_0-1,C1_0,C2_0,B,C1_0-1,C1_0,C1_0-1,C1_0,C1_0-1,C1_0,C1_0-1,C1_0,C1_0-1,C1_0,C1_0-1,C1_0,A,C,C,C1_0-1,C1_0,C2_0).
(r13) p2856(A,B) :- inv2(C,C1_0-1,C1_0-1,C1_0,C1_0,C2_0,C2_0,B,C,C1_0-1,C,C1_0-1,C,C1_0-1,C,C1_0-1,A,C,A,C,A,C).
(r14) p36(A,B) :- inv2(A,C0_0,C0_0,C,C1_0,B,A,C0_0,A,C0_0,A,C0_0,A,C0_0,A,C0_0,C,C1_0,C,C1_0,C,C1_0).
(r15) p45(A,B) :- inv2(C0_0,C,C1_0,B,C0_0,C,C0_0,C,C0_0,C,C0_0,C,C0_0,C,C0_0,C,A,C0_0,C,C1_0,A,C0_0).
(r16) p77(A,B) :- inv2(C1_0,C2_0,C2_0,B,C1_0,C2_0,C1_0,C2_0,C1_0,C2_0,C1_0,C2_0,C1_0,C2_0,C1_0,C2_0,A,C,C,C1_0,A,C).
(r17) p251(A,B) :- inv2(C0_0,C,C,C1_0,C1_0,B,C0_0,C,C0_0,C,C0_0,C,C0_0,C,C0_0,C,A,C0_0,A,C0_0,A,C0_0).
(r18) p532(A,B) :- inv1(A,C0_0,C0_0,C), inv1(C,C1_0,C1_0,B).
(r19) p1041(A,B) :- inv2(A,C,C2_0,B,A,C,A,C,A,C,A,C,A,C,A,C,C,C1_0,C1_0,C2_0,C,C1_0).
(r20) p2862(A,B) :- inv2(A,C0_0,C0_0,C,C2_0,C1_0,C1_0,C3_0,C3_0,B,A,C0_0,A,C0_0,A,C0_0,C,C2_0,C,C2_0,C,C2_0).
(r21) p4(A,B) :- inv2(A,C,C,C1_0-1,C1_0-1,C1_0,C4_0,B,A,C,A,C,A,C,A,C,C1_0,C2_0,C2_0,C4_0,C1_0,C2_0).
(r22) p24(A,B) :- inv2(C,C1_0-1,C1_0-1,C1_0,C2_0,C4_0,C4_0,B,C,C1_0-1,C,C1_0-1,C,C1_0-1,C,C1_0-1,A,C,C1_0,C2_0,A,C).
(r23) p274(A,B) :- inv2(C1_0,C2_0-1,C2_0-1,C2_0,C2_0,C3_0,C3_0,B,C1_0,C2_0-1,C1_0,C2_0-1,C1_0,C2_0-1,C1_0,C2_0-1,A,C,C,C1_0,A,C).
(r24) p782(A,B) :- inv2(A,C,C2_0-1,C2_0,C3_0,B,A,C,A,C,A,C,A,C,A,C,C,C1_0,C1_0,C2_0-1,C2_0,C3_0).
(r25) p848(A,B) :- inv2(C,C1_0-1,C1_0-1,C1_0,C4_0,B,C,C1_0-1,C,C1_0-1,C,C1_0-1,C,C1_0-1,C,C1_0-1,A,C,C1_0,C2_0,C2_0,C4_0).
(r26) p2619(A,B) :- inv2(C,C1_0,C2_0-1,C2_0,C3_0,B,C,C1_0,C,C1_0,C,C1_0,C,C1_0,C,C1_0,A,C,C1_0,C2_0-1,C2_0,C3_0).
(r27) p7(A,B) :- inv2(C0_0-1,C0_0,C1_0-1,C,C,C2_0,C2_0,C1_0,C3_0,B,C0_0-1,C0_0,C0_0-1,C0_0,C0_0-1,C0_0,A,C0_0-1,C0_0,C1_0-1,C1_0,C3_0).
(r28) p18(A,B) :- inv2(A,C0_0-1,C0_0-1,C0_0,C1_0-1,C3_0-1,C3_0-1,C,C1_0,C3_0,C3_0,B,A,C0_0-1,A,C0_0-1,C0_0,C1_0-1,C,C1_0,C0_0,C1_0-1).
(r29) p101(A,B) :- inv2(A,C0_0,C0_0,C1_0-1,C1_0-1,C,C4_0,C3_0,C5_0,B,A,C0_0,A,C0_0,A,C0_0,C,C1_0,C1_0,C4_0,C3_0,C5_0).
(r30) p517(A,B) :- inv2(C0_0-1,C0_0,C0_0,C1_0-1,C1_0-1,C,C3_0,C6_0,C6_0,B,C0_0-1,C0_0,C0_0-1,C0_0,C0_0-1,C0_0,A,C0_0-1,C,C1_0,C1_0,C3_0).
(r31) p30(A,B) :- inv2(A,C0_0,C0_0,C1_0-1,C1_0-1,C,C3_0,C5_0,C5_0,B,A,C0_0,A,C0_0,A,C0_0,C,C1_0,C1_0,C3_0,C,C1_0).
(r32) p44(A,B) :- inv2(A,C0_0,C0_0,C,C1_0,C3_0-1,C3_0-1,C3_0,C4_0,B,A,C0_0,A,C0_0,A,C0_0,C,C1_0,C3_0,C4_0,C,C1_0).
(r33) p82(A,B) :- inv2(C0_0,C,C,C2_0,C2_0,C1_0,C5_0,B,C0_0,C,C0_0,C,C0_0,C,C0_0,C,A,C0_0,C1_0,C3_0,C3_0,C5_0).
(r34) p150(A,B) :- inv2(C,C1_0-1,C1_0-1,C1_0,C3_0,C2_0,C2_0,C4_0,C4_0,B,C,C1_0-1,C,C1_0-1,C,C1_0-1,A,C,C1_0,C3_0,A,C).
(r35) p1124(A,B) :- inv2(A,C0_0,C1_0-1,C,C2_0,C1_0,C3_0,B,A,C0_0,A,C0_0,A,C0_0,A,C0_0,C0_0,C1_0-1,C,C2_0,C1_0,C3_0).
(r36) p33(A,B) :- inv2(A,C0_0-1,C0_0-1,C0_0,C1_0-1,C,C1_0,C5_0,C5_0,C3_0,C3_0,C6_0,C6_0,B,A,C0_0-1,C0_0,C1_0-1,C,C1_0,C0_0,C1_0-1).
(r37) p156(A,B) :- inv2(C0_0,C1_0-2,C1_0-2,C1_0-1,C2_0-1,C,C2_0,C1_0,C1_0,C3_0,C3_0,B,C0_0,C1_0-2,C0_0,C1_0-2,A,C0_0,C1_0-1,C2_0-1,C,C2_0).
(r38) p266(A,B) :- inv2(A,C0_0-1,C0_0-1,C0_0,C1_0-1,C3_0-1,C3_0-1,C,C,C1_0,C6_0,B,A,C0_0-1,A,C0_0-1,C0_0,C1_0-1,C1_0,C3_0,C3_0,C6_0).
(r39) p1290(A,B) :- inv2(C1_0-1,C2_0,C2_0,C,C1_0,C4_0,C4_0,C3_0,C3_0,C5_0,C5_0,B,C1_0-1,C2_0,C1_0-1,C2_0,A,C0_0,C0_0,C1_0-1,C,C1_0).
(r40) p41(A,B) :- inv2(A,C0_0,C0_0,C1_0-2,C1_0-2,C1_0-1,C2_0,C,C,C1_0,C4_0,C3_0,C3_0,C5_0,C5_0,B,C1_0-1,C2_0,C1_0,C4_0,C1_0-1,C2_0).
(r41) p53(A,B) :- inv2(C1_0-2,C1_0-1,C1_0-1,C2_0,C2_0,C,C1_0,C4_0,C4_0,C3_0,C3_0,C5_0,C5_0,B,C1_0-2,C1_0-1,A,C0_0,C0_0,C1_0-2,C,C1_0).
(r42) p454(A,B) :- inv2(C0_0,C1_0-2,C1_0-2,C1_0-1,C2_0,C,C,C1_0,C1_0,C4_0,C4_0,C3_0,C5_0,B,C0_0,C1_0-2,A,C0_0,C1_0-1,C2_0,C3_0,C5_0).
(r43) p681(A,B) :- inv2(A,C0_0,C0_0,C1_0-2,C1_0-2,C1_0-1,C2_0,C,C4_0,C3_0,C3_0,C5_0,C5_0,B,A,C0_0,C1_0-1,C2_0,C,C1_0,C1_0,C4_0).
(r44) p490(A,B) :- inv2(A,C0_0,C0_0,C1_0-2,C1_0-2,C1_0-1,C2_0-1,C,C,C2_0,C2_0,C1_0,C5_0,C3_0,C3_0,C6_0,C1_0-1,C2_0-1,C1_0,C5_0,C1_0-1,C2_0-1), place1(C6_0,B).
(r45) p1677(A,B) :- inv2(A,C0_0-1,C0_0-1,C0_0,C3_0-1,C,C,C2_0,C2_0,C1_0,C6_0,C3_0,C3_0,C7_0,C7_0,B,C0_0,C1_0-1,C1_0-1,C3_0-1,C1_0,C6_0).
====================
