number of rules: 43
program size: 300
(r1) p0(A,B) :- right(A,C), place1(C,B).
(r2) p26(A,B) :- place1(A,C), place1(C,B).
(r3) p10(A,B) :- place1(A,C), right(C,C1_0), place1(C1_0,B).
(r4) p14(A,B) :- right(A,C), place1(C,C1_0), place1(C1_0,B).
(r5) p70(A,B) :- right(A,C), right(C,C1_0), place1(C1_0,B).
(r6) p445(A,B) :- place1(A,C), place1(C,C1_0), place1(C1_0,B).
(r7) p54(A,B) :- place1(A,C0_0), place1(C0_0,C), right(C,C1_0), place1(C1_0,B).
(r8) p74(A,B) :- right(A,C0_0), place1(C0_0,C), place1(C,C1_0), place1(C1_0,B).
(r9) p194(A,B) :- right(A,C0_0), place1(C0_0,C), right(C,C1_0), place1(C1_0,B).
(r10) p208(A,B) :- right(A,C), right(C,C1_0), place1(C1_0,C2_0), place1(C2_0,B).
(r11) p393(A,B) :- place1(A,C0_0), place1(C0_0,C), place1(C,C1_0), place1(C1_0,B).
(r12) p3421(A,B) :- place1(A,C), right(C,C1_0), right(C1_0,C2_0), place1(C2_0,B).
(r13) p3303(A,B) :- right(A,C), right(C,C1_0), right(C1_0,C2_0), place1(C2_0,B).
(r14) p558(A,B) :- place1(A,C), place1(C,C1_0-1), place1(C1_0-1,C1_0), right(C1_0,C2_0), place1(C2_0,B).
(r15) p851(A,B) :- right(A,C), place1(C,C1_0-1), place1(C1_0-1,C1_0), right(C1_0,C2_0), place1(C2_0,B).
(r16) p1400(A,B) :- right(A,C), place1(C,C1_0-1), place1(C1_0-1,C1_0), place1(C1_0,C2_0), place1(C2_0,B).
(r17) p1682(A,B) :- right(A,C), right(C,C1_0-1), place1(C1_0-1,C1_0), place1(C1_0,C2_0), place1(C2_0,B).
(r18) p3264(A,B) :- place1(A,C), right(C,C1_0-1), place1(C1_0-1,C1_0), right(C1_0,C2_0), place1(C2_0,B).
(r19) p56(A,B) :- place1(A,C), place1(C,C1_0), right(C1_0,C2_0), right(C2_0,C3_0), place1(C3_0,B).
(r20) p698(A,B) :- right(A,C), place1(C,C1_0), right(C1_0,C2_0), right(C2_0,C3_0), place1(C3_0,B).
(r21) p5(A,B) :- right(A,C0_0), right(C0_0,C1_0-1), place1(C1_0-1,C), right(C,C1_0), place1(C1_0,C4_0), place1(C4_0,C3_0), place1(C3_0,C5_0), place1(C5_0,B).
(r22) p11(A,B) :- place1(A,C0_0-1), place1(C0_0-1,C0_0), right(C0_0,C1_0-1), place1(C1_0-1,C), right(C,C1_0), right(C1_0,C3_0), place1(C3_0,C6_0), place1(C6_0,B).
(r23) p19(A,B) :- place1(A,C0_0-1), place1(C0_0-1,C0_0), right(C0_0,C1_0-1), place1(C1_0-1,C), place1(C,C1_0), right(C1_0,C3_0), place1(C3_0,C6_0), place1(C6_0,B).
(r24) p63(A,B) :- right(A,C0_0-1), place1(C0_0-1,C0_0), place1(C0_0,C1_0-1), place1(C1_0-1,C), right(C,C2_0), place1(C2_0,C1_0), place1(C1_0,C3_0), place1(C3_0,B).
(r25) p7(A,B) :- place1(A,C0_0), right(C0_0,C1_0-1), place1(C1_0-1,C), place1(C,C2_0), place1(C2_0,C1_0), right(C1_0,C3_0), place1(C3_0,B).
(r26) p24(A,B) :- right(A,C0_0), place1(C0_0,C1_0-1), place1(C1_0-1,C), right(C,C2_0), place1(C2_0,C1_0), place1(C1_0,C3_0), place1(C3_0,B).
(r27) p39(A,B) :- place1(A,C0_0), place1(C0_0,C), right(C,C1_0), right(C1_0,C3_0-1), place1(C3_0-1,C3_0), place1(C3_0,C4_0), place1(C4_0,B).
(r28) p273(A,B) :- right(A,C0_0), place1(C0_0,C1_0-1), place1(C1_0-1,C), right(C,C1_0), right(C1_0,C3_0), place1(C3_0,C5_0), place1(C5_0,B).
(r29) p16(A,B) :- place1(A,C0_0), place1(C0_0,C1_0-2), place1(C1_0-2,C1_0-1), right(C1_0-1,C2_0-1), place1(C2_0-1,C), place1(C,C2_0), place1(C2_0,C1_0), right(C1_0,C3_0), place1(C3_0,C6_0), place1(C6_0,B).
(r30) p258(A,B) :- right(A,C0_0), right(C0_0,C1_0-2), place1(C1_0-2,C1_0-1), place1(C1_0-1,C2_0), place1(C2_0,C), right(C,C1_0), place1(C1_0,C4_0), place1(C4_0,C3_0), place1(C3_0,C5_0), place1(C5_0,B).
(r31) p413(A,B) :- right(A,C0_0), place1(C0_0,C1_0-2), place1(C1_0-2,C1_0-1), place1(C1_0-1,C2_0), place1(C2_0,C), right(C,C1_0), place1(C1_0,C4_0), place1(C4_0,C3_0), right(C3_0,C5_0), place1(C5_0,B).
(r32) p2848(A,B) :- place1(A,C0_0), place1(C0_0,C1_0-2), place1(C1_0-2,C1_0-1), right(C1_0-1,C2_0), place1(C2_0,C), right(C,C1_0), right(C1_0,C4_0), place1(C4_0,C3_0), place1(C3_0,C5_0), place1(C5_0,B).
(r33) p22(A,B) :- right(A,C0_0), place1(C0_0,C), right(C,C2_0), place1(C2_0,C1_0), place1(C1_0,C3_0), place1(C3_0,B).
(r34) p25(A,B) :- place1(A,C0_0), right(C0_0,C1_0-1), place1(C1_0-1,C), right(C,C1_0), place1(C1_0,C3_0), place1(C3_0,B).
(r35) p37(A,B) :- place1(A,C0_0), place1(C0_0,C), place1(C,C1_0), right(C1_0,C3_0), right(C3_0,C4_0), place1(C4_0,B).
(r36) p126(A,B) :- place1(A,C0_0), right(C0_0,C1_0-1), place1(C1_0-1,C), right(C,C1_0), right(C1_0,C3_0), place1(C3_0,B).
(r37) p250(A,B) :- right(A,C), place1(C,C1_0), right(C1_0,C2_0-1), place1(C2_0-1,C2_0), right(C2_0,C3_0), place1(C3_0,B).
(r38) p860(A,B) :- right(A,C), right(C,C1_0), place1(C1_0,C2_0-1), place1(C2_0-1,C2_0), place1(C2_0,C3_0), place1(C3_0,B).
(r39) p1591(A,B) :- right(A,C0_0), right(C0_0,C1_0-1), place1(C1_0-1,C), right(C,C1_0), place1(C1_0,C3_0), place1(C3_0,B).
(r40) p29(A,B) :- place1(A,C0_0-1), place1(C0_0-1,C0_0), right(C0_0,C1_0-1), place1(C1_0-1,C), place1(C,C2_0), place1(C2_0,C1_0), right(C1_0,C3_0), place1(C3_0,C7_0), place1(C7_0,B).
(r41) p53(A,B) :- place1(A,C0_0-1), place1(C0_0-1,C0_0), right(C0_0,C1_0-1), place1(C1_0-1,C3_0-1), place1(C3_0-1,C), right(C,C1_0), right(C1_0,C3_0), place1(C3_0,C6_0), place1(C6_0,B).
(r42) p173(A,B) :- right(A,C0_0), right(C0_0,C1_0-1), place1(C1_0-1,C2_0-1), place1(C2_0-1,C), place1(C,C2_0), place1(C2_0,C1_0), right(C1_0,C3_0), place1(C3_0,C6_0), place1(C6_0,B).
(r43) p333(A,B) :- right(A,C0_0-1), place1(C0_0-1,C0_0), right(C0_0,C1_0-1), place1(C1_0-1,C), place1(C,C1_0), place1(C1_0,C5_0), place1(C5_0,C3_0), right(C3_0,C6_0), place1(C6_0,B).
====================
MaxSAT solving... (15417 vars, 33403 hard, 969 soft)
number of rules: 45
program size: 103
(inv1) inv1(X1,X2,X3,X4,X5,X6,X7,X8,X9,X10,X11,X12,X13,X14,X15,X16,X17,X18,X19,X20) :- right(X1,X2), right(X3,X4), right(X5,X6), place1(X7,X8), place1(X9,X10), place1(X11,X12), place1(X13,X14), place1(X15,X16), place1(X17,X18), place1(X19,X20).
(inv2) inv2(X1,X2,X3,X4,X5,X6) :- place1(X1,X2), place1(X3,X4), place1(X5,X6).
(r1) p0(A,B) :- inv1(A,C,A,C,A,C,C,B,C,B,C,B,C,B,C,B,C,B,C,B).
(r2) p26(A,B) :- inv2(A,C,C,B,A,C).
(r3) p10(A,B) :- inv1(C,C1_0,C,C1_0,C,C1_0,A,C,C1_0,B,A,C,A,C,A,C,A,C,A,C).
(r4) p14(A,B) :- inv1(A,C,A,C,A,C,C,C1_0,C1_0,B,C,C1_0,C,C1_0,C,C1_0,C,C1_0,C,C1_0).
(r5) p70(A,B) :- inv1(A,C,C,C1_0,A,C,C1_0,B,C1_0,B,C1_0,B,C1_0,B,C1_0,B,C1_0,B,C1_0,B).
(r6) p445(A,B) :- inv2(A,C,C,C1_0,C1_0,B).
(r7) p54(A,B) :- inv1(C,C1_0,C,C1_0,C,C1_0,A,C0_0,C0_0,C,C1_0,B,A,C0_0,A,C0_0,A,C0_0,A,C0_0).
(r8) p74(A,B) :- inv1(A,C0_0,A,C0_0,A,C0_0,C0_0,C,C,C1_0,C1_0,B,C0_0,C,C0_0,C,C0_0,C,C0_0,C).
(r9) p194(A,B) :- inv1(A,C0_0,C,C1_0,A,C0_0,C0_0,C,C1_0,B,C0_0,C,C0_0,C,C0_0,C,C0_0,C,C0_0,C).
(r10) p208(A,B) :- inv1(A,C,C,C1_0,A,C,C1_0,C2_0,C2_0,B,C1_0,C2_0,C1_0,C2_0,C1_0,C2_0,C1_0,C2_0,C1_0,C2_0).
(r11) p393(A,B) :- inv2(A,C0_0,C0_0,C,C,C1_0), place1(C1_0,B).
(r12) p3421(A,B) :- inv1(C,C1_0,C1_0,C2_0,C,C1_0,A,C,C2_0,B,A,C,A,C,A,C,A,C,A,C).
(r13) p3303(A,B) :- inv1(A,C,C,C1_0,C1_0,C2_0,C2_0,B,C2_0,B,C2_0,B,C2_0,B,C2_0,B,C2_0,B,C2_0,B).
(r14) p558(A,B) :- inv1(C1_0,C2_0,C1_0,C2_0,C1_0,C2_0,A,C,C,C1_0-1,C1_0-1,C1_0,C2_0,B,A,C,A,C,A,C).
(r15) p851(A,B) :- inv1(A,C,C1_0,C2_0,A,C,C,C1_0-1,C1_0-1,C1_0,C2_0,B,C,C1_0-1,C,C1_0-1,C,C1_0-1,C,C1_0-1).
(r16) p1400(A,B) :- inv1(A,C,A,C,A,C,C,C1_0-1,C1_0-1,C1_0,C1_0,C2_0,C2_0,B,C,C1_0-1,C,C1_0-1,C,C1_0-1).
(r17) p1682(A,B) :- inv1(A,C,C,C1_0-1,A,C,C1_0-1,C1_0,C1_0,C2_0,C2_0,B,C1_0-1,C1_0,C1_0-1,C1_0,C1_0-1,C1_0,C1_0-1,C1_0).
(r18) p3264(A,B) :- inv1(C,C1_0-1,C1_0,C2_0,C,C1_0-1,A,C,C1_0-1,C1_0,C2_0,B,A,C,A,C,A,C,A,C).
(r19) p56(A,B) :- inv1(C1_0,C2_0,C2_0,C3_0,C1_0,C2_0,A,C,C,C1_0,C3_0,B,A,C,A,C,A,C,A,C).
(r20) p698(A,B) :- inv1(A,C,C1_0,C2_0,C2_0,C3_0,C,C1_0,C3_0,B,C,C1_0,C,C1_0,C,C1_0,C,C1_0,C,C1_0).
(r21) p5(A,B) :- inv1(A,C0_0,C0_0,C1_0-1,C,C1_0,C1_0-1,C,C1_0,C4_0,C4_0,C3_0,C3_0,C5_0,C5_0,B,C1_0-1,C,C1_0-1,C).
(r22) p11(A,B) :- inv1(C0_0,C1_0-1,C,C1_0,C1_0,C3_0,A,C0_0-1,C0_0-1,C0_0,C1_0-1,C,C3_0,C6_0,C6_0,B,A,C0_0-1,A,C0_0-1).
(r23) p19(A,B) :- inv1(C0_0,C1_0-1,C1_0,C3_0,C0_0,C1_0-1,A,C0_0-1,C0_0-1,C0_0,C1_0-1,C,C,C1_0,C3_0,C6_0,C6_0,B,A,C0_0-1).
(r24) p63(A,B) :- inv1(A,C0_0-1,C,C2_0,A,C0_0-1,C0_0-1,C0_0,C0_0,C1_0-1,C1_0-1,C,C2_0,C1_0,C1_0,C3_0,C3_0,B,C0_0-1,C0_0).
(r25) p7(A,B) :- inv1(C0_0,C1_0-1,C1_0,C3_0,C0_0,C1_0-1,A,C0_0,C1_0-1,C,C,C2_0,C2_0,C1_0,C3_0,B,A,C0_0,A,C0_0).
(r26) p24(A,B) :- inv1(A,C0_0,C,C2_0,A,C0_0,C0_0,C1_0-1,C1_0-1,C,C2_0,C1_0,C1_0,C3_0,C3_0,B,C0_0,C1_0-1,C0_0,C1_0-1).
(r27) p39(A,B) :- inv1(C,C1_0,C1_0,C3_0-1,C,C1_0,A,C0_0,C0_0,C,C3_0-1,C3_0,C3_0,C4_0,C4_0,B,A,C0_0,A,C0_0).
(r28) p273(A,B) :- inv1(A,C0_0,C,C1_0,C1_0,C3_0,C0_0,C1_0-1,C1_0-1,C,C3_0,C5_0,C5_0,B,C0_0,C1_0-1,C0_0,C1_0-1,C0_0,C1_0-1).
(r29) p16(A,B) :- inv1(C1_0-1,C2_0-1,C1_0,C3_0,C1_0-1,C2_0-1,A,C0_0,C0_0,C1_0-2,C1_0-2,C1_0-1,C2_0-1,C,C,C2_0,C2_0,C1_0,C3_0,C6_0), place1(C6_0,B).
(r30) p258(A,B) :- inv1(A,C0_0,C0_0,C1_0-2,C,C1_0,C1_0-2,C1_0-1,C1_0-1,C2_0,C2_0,C,C1_0,C4_0,C4_0,C3_0,C3_0,C5_0,C5_0,B).
(r31) p413(A,B) :- inv1(A,C0_0,C,C1_0,C3_0,C5_0,C0_0,C1_0-2,C1_0-2,C1_0-1,C1_0-1,C2_0,C2_0,C,C1_0,C4_0,C4_0,C3_0,C5_0,B).
(r32) p2848(A,B) :- inv1(C1_0-1,C2_0,C,C1_0,C1_0,C4_0,A,C0_0,C0_0,C1_0-2,C1_0-2,C1_0-1,C2_0,C,C4_0,C3_0,C3_0,C5_0,C5_0,B).
(r33) p22(A,B) :- inv1(A,C0_0,C,C2_0,A,C0_0,C0_0,C,C2_0,C1_0,C1_0,C3_0,C3_0,B,C0_0,C,C0_0,C,C0_0,C).
(r34) p25(A,B) :- inv1(C0_0,C1_0-1,C,C1_0,C0_0,C1_0-1,A,C0_0,C1_0-1,C,C1_0,C3_0,C3_0,B,A,C0_0,A,C0_0,A,C0_0).
(r35) p37(A,B) :- inv1(C1_0,C3_0,C3_0,C4_0,C1_0,C3_0,A,C0_0,C0_0,C,C,C1_0,C4_0,B,A,C0_0,A,C0_0,A,C0_0).
(r36) p126(A,B) :- inv1(C0_0,C1_0-1,C,C1_0,C1_0,C3_0,A,C0_0,C1_0-1,C,C3_0,B,A,C0_0,A,C0_0,A,C0_0,A,C0_0).
(r37) p250(A,B) :- inv1(A,C,C1_0,C2_0-1,C2_0,C3_0,C,C1_0,C2_0-1,C2_0,C3_0,B,C,C1_0,C,C1_0,C,C1_0,C,C1_0).
(r38) p860(A,B) :- inv1(A,C,C,C1_0,A,C,C1_0,C2_0-1,C2_0-1,C2_0,C2_0,C3_0,C3_0,B,C1_0,C2_0-1,C1_0,C2_0-1,C1_0,C2_0-1).
(r39) p1591(A,B) :- inv1(A,C0_0,C0_0,C1_0-1,C,C1_0,C1_0-1,C,C1_0,C3_0,C3_0,B,C1_0-1,C,C1_0-1,C,C1_0-1,C,C1_0-1,C).
(r40) p29(A,B) :- inv1(C0_0,C1_0-1,C1_0,C3_0,C0_0,C1_0-1,A,C0_0-1,C0_0-1,C0_0,C1_0-1,C,C,C2_0,C2_0,C1_0,C3_0,C7_0,C7_0,B).
(r41) p53(A,B) :- inv1(C0_0,C1_0-1,C,C1_0,C1_0,C3_0,A,C0_0-1,C0_0-1,C0_0,C1_0-1,C3_0-1,C3_0-1,C,C3_0,C6_0,C6_0,B,A,C0_0-1).
(r42) p173(A,B) :- inv1(A,C0_0,C0_0,C1_0-1,C1_0,C3_0,C1_0-1,C2_0-1,C2_0-1,C,C,C2_0,C2_0,C1_0,C3_0,C6_0,C6_0,B,C1_0-1,C2_0-1).
(r43) p333(A,B) :- inv1(A,C0_0-1,C0_0,C1_0-1,C3_0,C6_0,C0_0-1,C0_0,C1_0-1,C,C,C1_0,C1_0,C5_0,C5_0,C3_0,C6_0,B,C0_0-1,C0_0).
====================
