number of rules: 60
program size: 297
(r1) great_ne(A,B) :- r_subst_1(B,D), r_subst_3(B,F), x_subst(A,C,E), ring_subst_3(A,E).
(r2) great_ne(A,B) :- ring_subst_4(B,E), ring_subst_5(B,D), x_subst(A,C,E), ring_subst_2(B,D).
(r3) great_ne(A,B) :- ring_subst_4(A,E), great_pi_don(F,C), ring_subst_2(B,D), pi_doner(E,F).
(r4) great_ne(A,B) :- ring_subst_2(A,E), ring_subst_4(A,C), ring_subst_4(B,D), ring_subst_6(B,C).
(r5) great_ne(A,B) :- polarisable(F,C), ring_subst_5(A,F), ring_subst_6(B,D), great_polari(C,E).
(r6) great_ne(A,B) :- ring_subst_5(A,C), gt(F,D), r_subst_2(B,E), alk_groups(B,F).
(r7) great_ne(A,B) :- r_subst_3(A,E), x_subst(B,C,F), ring_subst_2(B,D).
(r8) great_ne(A,B) :- r_subst_2(A,D), n_val(B,E), r_subst_1(B,C), ring_substitutions(A,F).
(r9) great_ne(A,B) :- r_subst_3(B,C), x_subst(A,C,D), ring_subst_6(B,D), ring_subst_6(B,E).
(r10) great_ne(A,B) :- r_subst_3(B,F), x_subst(B,F,C), ring_subst_3(A,C), x_subst(A,E,D).
(r11) great_ne(A,B) :- ring_subst_5(B,D), r_subst_2(B,E), n_val(A,C).
(r12) great_ne(A,B) :- h_acceptor(D,F), ring_subst_3(A,E), pi_acceptor(D,C), ring_subst_5(B,D).
(r13) great_ne(A,B) :- pi_doner(D,F), ring_subst_6(A,E), ring_subst_2(B,D), ring_subst_5(B,C).
(r14) great_ne(A,B) :- r_subst_3(B,F), r_subst_3(A,C), ring_subst_4(B,E), size(E,D).
(r15) great_ne(A,B) :- x_subst(A,E,C), ring_subst_4(A,C), ring_subst_2(B,F), x_subst(A,E,D).
(r16) great_ne(A,B) :- ring_subst_4(A,E), x_subst(B,D,C), ring_subst_4(B,E), ring_subst_6(A,E).
(r17) great_ne(A,B) :- alk_groups(B,D), h_doner(C,E), x_subst(A,D,C), alk_groups(B,F).
(r18) great_ne(A,B) :- alk_groups(B,D), ring_substitutions(A,D), r_subst_1(A,E), n_val(A,C).
(r19) great_ne(A,B) :- ring_subst_6(A,F), sigma(F,C), pi_doner(D,E), ring_subst_2(B,D).
(r20) great_ne(A,B) :- n_val(A,D), ring_subst_2(A,E), ring_subst_5(B,E), h_acceptor(E,C).
(r21) great_ne(A,B) :- r_subst_2(A,D), h_doner(E,F), ring_subst_5(A,E), ring_subst_6(B,C).
(r22) great_ne(A,B) :- sigma(F,E), ring_subst_3(B,C), x_subst(A,D,F), ring_subst_3(A,F).
(r23) great_ne(A,B) :- r_subst_3(A,E), pi_doner(C,D), ring_subst_2(A,C), ring_substitutions(B,E).
(r24) great_ne(A,B) :- ring_subst_5(A,F), ring_subst_4(A,C), ring_substitutions(B,E), ring_subst_2(A,D).
(r25) great_ne(A,B) :- r_subst_2(B,D), ring_subst_2(A,E), ring_subst_5(A,C), pi_doner(E,F).
(r26) great_ne(A,B) :- x_subst(B,D,F), ring_substitutions(A,D), x_subst(B,D,C), pi_acceptor(C,E).
(r27) great_ne(A,B) :- ring_subst_4(A,E), ring_subst_5(A,D), ring_subst_6(B,D), x_subst(B,C,D).
(r28) great_ne(A,B) :- size(E,F), r_subst_2(B,C), ring_subst_3(B,D), ring_subst_6(A,E).
(r29) great_ne(A,B) :- ring_subst_3(B,F), r_subst_2(A,E), ring_subst_2(B,D), r_subst_2(A,C).
(r30) great_ne(A,B) :- polarisable(C,F), sigma(E,D), ring_subst_3(B,C), ring_subst_5(A,E).
(r31) great_ne(A,B) :- flex(D,C), ring_subst_3(B,E), ring_subst_5(A,D), x_subst(A,F,E).
(r32) great_ne(A,B) :- ring_subst_4(A,F), x_subst(A,C,E), n_val(B,D), r_subst_3(A,D).
(r33) great_ne(A,B) :- ring_subst_4(B,E), pi_acceptor(D,C), ring_subst_6(A,F), ring_subst_2(A,D).
(r34) great_ne(A,B) :- ring_subst_6(A,D), alk_groups(A,C), alk_groups(B,E), alk_groups(A,E).
(r35) great_ne(A,B) :- ring_subst_6(A,C), ring_subst_2(B,E), n_val(B,F), x_subst(B,D,E).
(r36) great_ne(A,B) :- x_subst(B,F,C), ring_substitutions(B,D), x_subst(B,D,E), r_subst_3(A,D).
(r37) great_ne(A,B) :- n_val(A,D), r_subst_3(B,F), r_subst_1(A,E), ring_substitutions(B,C).
(r38) great_ne(A,B) :- ring_subst_5(B,F), pi_acceptor(F,E), ring_subst_4(A,C), x_subst(A,D,C).
(r39) great_ne(A,B) :- x_subst(B,E,D), x_subst(A,E,C), x_subst(B,F,C), ring_subst_6(B,C).
(r40) great_ne(A,B) :- ring_subst_2(A,F), x_subst(B,C,E), ring_subst_6(A,D), x_subst(A,C,E).
(r41) great_ne(A,B) :- ring_substitutions(B,F), ring_subst_5(A,E), x_subst(B,D,E), x_subst(A,F,C).
(r42) great_ne(A,B) :- ring_subst_5(A,C), ring_subst_2(B,E), flex(C,F), r_subst_3(B,D).
(r43) great_ne(A,B) :- sigma(E,D), ring_subst_6(B,C), ring_subst_6(A,E), alk_groups(A,F).
(r44) great_ne(A,B) :- ring_subst_2(B,E), flex(E,D), sigma(E,F), r_subst_1(A,C).
(r45) great_ne(A,B) :- pi_acceptor(D,C), x_subst(B,E,F), ring_subst_2(A,D).
(r46) great_ne(A,B) :- r_subst_3(B,E), r_subst_1(B,C), ring_subst_3(B,D), r_subst_2(A,F).
(r47) great_ne(A,B) :- r_subst_3(B,C), ring_subst_3(B,F), r_subst_2(A,E), alk_groups(A,D).
(r48) great_ne(A,B) :- ring_subst_6(A,F), ring_subst_3(B,E), ring_subst_3(A,C), ring_subst_3(B,D).
(r49) great_ne(A,B) :- ring_substitutions(A,D), x_subst(B,D,C), ring_subst_3(B,C), ring_subst_5(B,C).
(r50) great_ne(A,B) :- ring_subst_5(A,F), ring_subst_2(B,E), n_val(B,D), h_acceptor(E,C).
(r51) great_ne(A,B) :- ring_substitutions(A,F), ring_subst_3(B,D), x_subst(B,C,D), h_acceptor(D,E).
(r52) great_ne(A,B) :- x_subst(B,D,C), ring_subst_2(B,C), x_subst(A,F,E), x_subst(A,D,C).
(r53) great_ne(A,B) :- x_subst(A,C,D), ring_subst_6(A,D), ring_subst_4(B,D), ring_subst_3(B,D).
(r54) great_ne(A,B) :- r_subst_1(B,C), r_subst_3(B,F), x_subst(B,D,E), n_val(A,F).
(r55) great_ne(A,B) :- ring_substitutions(A,C), flex(E,F), pi_doner(E,D), ring_subst_5(B,E).
(r56) great_ne(A,B) :- ring_subst_4(A,E), ring_subst_2(B,E), ring_substitutions(B,D), ring_subst_4(B,C).
(r57) great_ne(A,B) :- ring_subst_4(A,E), flex(E,C), ring_subst_4(B,D), great_flex(C,F).
(r58) great_ne(A,B) :- alk_groups(B,D), n_val(A,C), ring_substitutions(B,E), n_val(A,D).
(r59) great_ne(A,B) :- ring_subst_6(B,F), size(D,C), ring_subst_6(A,D), h_acceptor(F,E).
(r60) great_ne(A,B) :- n_val(A,C), ring_subst_4(A,E), ring_subst_4(B,F), r_subst_3(B,D).
====================
MaxSAT solving... (2091 vars, 14307 hard, 669 soft)
number of rules: 62
program size: 286
(inv1) inv1(X1,X2,X3,X4,X5,X6) :- ring_subst_2(X1,X2), ring_subst_4(X3,X4), ring_subst_4(X5,X6).
(inv2) inv2(X1,X2,X3,X4,X5,X6,X7,X8,X9) :- x_subst(X1,X2,X3), x_subst(X4,X5,X6), x_subst(X7,X8,X9).
(r1) great_ne(A,B) :- r_subst_1(B,D), r_subst_3(B,F), x_subst(A,C,E), ring_subst_3(A,E).
(r2) great_ne(A,B) :- inv1(B,D,B,E,B,E), ring_subst_5(B,D), x_subst(A,C,E).
(r3) great_ne(A,B) :- inv1(B,D,A,E,A,E), great_pi_don(F,C), pi_doner(E,F).
(r4) great_ne(A,B) :- inv1(A,E,A,C,B,D), ring_subst_6(B,C).
(r5) great_ne(A,B) :- polarisable(F,C), ring_subst_5(A,F), ring_subst_6(B,D), great_polari(C,E).
(r6) great_ne(A,B) :- ring_subst_5(A,C), gt(F,D), r_subst_2(B,E), alk_groups(B,F).
(r7) great_ne(A,B) :- r_subst_3(A,E), x_subst(B,C,F), ring_subst_2(B,D).
(r8) great_ne(A,B) :- r_subst_2(A,D), n_val(B,E), r_subst_1(B,C), ring_substitutions(A,F).
(r9) great_ne(A,B) :- r_subst_3(B,C), x_subst(A,C,D), ring_subst_6(B,D), ring_subst_6(B,E).
(r10) great_ne(A,B) :- inv2(B,F,C,A,E,D,B,F,C), r_subst_3(B,F), ring_subst_3(A,C).
(r11) great_ne(A,B) :- ring_subst_5(B,D), r_subst_2(B,E), n_val(A,C).
(r12) great_ne(A,B) :- h_acceptor(D,F), ring_subst_3(A,E), pi_acceptor(D,C), ring_subst_5(B,D).
(r13) great_ne(A,B) :- pi_doner(D,F), ring_subst_6(A,E), ring_subst_2(B,D), ring_subst_5(B,C).
(r14) great_ne(A,B) :- r_subst_3(B,F), r_subst_3(A,C), ring_subst_4(B,E), size(E,D).
(r15) great_ne(A,B) :- inv1(B,F,A,C,A,C), inv2(A,E,C,A,E,D,A,E,C).
(r16) great_ne(A,B) :- ring_subst_4(A,E), x_subst(B,D,C), ring_subst_4(B,E), ring_subst_6(A,E).
(r17) great_ne(A,B) :- inv2(A,D,C,A,D,C,A,D,C), alk_groups(B,D), h_doner(C,E), alk_groups(B,F).
(r18) great_ne(A,B) :- alk_groups(B,D), ring_substitutions(A,D), r_subst_1(A,E), n_val(A,C).
(r19) great_ne(A,B) :- ring_subst_6(A,F), sigma(F,C), pi_doner(D,E), ring_subst_2(B,D).
(r20) great_ne(A,B) :- n_val(A,D), ring_subst_2(A,E), ring_subst_5(B,E), h_acceptor(E,C).
(r21) great_ne(A,B) :- r_subst_2(A,D), h_doner(E,F), ring_subst_5(A,E), ring_subst_6(B,C).
(r22) great_ne(A,B) :- sigma(F,E), ring_subst_3(B,C), x_subst(A,D,F), ring_subst_3(A,F).
(r23) great_ne(A,B) :- r_subst_3(A,E), pi_doner(C,D), ring_subst_2(A,C), ring_substitutions(B,E).
(r24) great_ne(A,B) :- inv1(A,D,A,C,A,C), ring_subst_5(A,F), ring_substitutions(B,E).
(r25) great_ne(A,B) :- r_subst_2(B,D), ring_subst_2(A,E), ring_subst_5(A,C), pi_doner(E,F).
(r26) great_ne(A,B) :- inv2(B,D,F,B,D,C,B,D,F), ring_substitutions(A,D), pi_acceptor(C,E).
(r27) great_ne(A,B) :- inv2(B,C,D,B,C,D,B,C,D), ring_subst_4(A,E), ring_subst_5(A,D), ring_subst_6(B,D).
(r28) great_ne(A,B) :- size(E,F), r_subst_2(B,C), ring_subst_3(B,D), ring_subst_6(A,E).
(r29) great_ne(A,B) :- ring_subst_3(B,F), r_subst_2(A,E), ring_subst_2(B,D), r_subst_2(A,C).
(r30) great_ne(A,B) :- polarisable(C,F), sigma(E,D), ring_subst_3(B,C), ring_subst_5(A,E).
(r31) great_ne(A,B) :- flex(D,C), ring_subst_3(B,E), ring_subst_5(A,D), x_subst(A,F,E).
(r32) great_ne(A,B) :- ring_subst_4(A,F), x_subst(A,C,E), n_val(B,D), r_subst_3(A,D).
(r33) great_ne(A,B) :- inv1(A,D,B,E,B,E), pi_acceptor(D,C), ring_subst_6(A,F).
(r34) great_ne(A,B) :- ring_subst_6(A,D), alk_groups(A,C), alk_groups(B,E), alk_groups(A,E).
(r35) great_ne(A,B) :- inv2(B,D,E,B,D,E,B,D,E), ring_subst_6(A,C), ring_subst_2(B,E), n_val(B,F).
(r36) great_ne(A,B) :- inv2(B,F,C,B,D,E,B,F,C), ring_substitutions(B,D), r_subst_3(A,D).
(r37) great_ne(A,B) :- n_val(A,D), r_subst_3(B,F), r_subst_1(A,E), ring_substitutions(B,C).
(r38) great_ne(A,B) :- inv2(A,D,C,A,D,C,A,D,C), ring_subst_5(B,F), pi_acceptor(F,E), ring_subst_4(A,C).
(r39) great_ne(A,B) :- inv2(B,E,D,A,E,C,B,F,C), ring_subst_6(B,C).
(r40) great_ne(A,B) :- inv2(B,C,E,A,C,E,B,C,E), ring_subst_2(A,F), ring_subst_6(A,D).
(r41) great_ne(A,B) :- inv2(B,D,E,A,F,C,B,D,E), ring_substitutions(B,F), ring_subst_5(A,E).
(r42) great_ne(A,B) :- ring_subst_5(A,C), ring_subst_2(B,E), flex(C,F), r_subst_3(B,D).
(r43) great_ne(A,B) :- sigma(E,D), ring_subst_6(B,C), ring_subst_6(A,E), alk_groups(A,F).
(r44) great_ne(A,B) :- ring_subst_2(B,E), flex(E,D), sigma(E,F), r_subst_1(A,C).
(r45) great_ne(A,B) :- inv2(B,E,F,B,E,F,B,E,F), pi_acceptor(D,C), ring_subst_2(A,D).
(r46) great_ne(A,B) :- r_subst_3(B,E), r_subst_1(B,C), ring_subst_3(B,D), r_subst_2(A,F).
(r47) great_ne(A,B) :- r_subst_3(B,C), ring_subst_3(B,F), r_subst_2(A,E), alk_groups(A,D).
(r48) great_ne(A,B) :- ring_subst_6(A,F), ring_subst_3(B,E), ring_subst_3(A,C), ring_subst_3(B,D).
(r49) great_ne(A,B) :- inv2(B,D,C,B,D,C,B,D,C), ring_substitutions(A,D), ring_subst_3(B,C), ring_subst_5(B,C).
(r50) great_ne(A,B) :- ring_subst_5(A,F), ring_subst_2(B,E), n_val(B,D), h_acceptor(E,C).
(r51) great_ne(A,B) :- inv2(B,C,D,B,C,D,B,C,D), ring_substitutions(A,F), ring_subst_3(B,D), h_acceptor(D,E).
(r52) great_ne(A,B) :- inv2(B,D,C,A,F,E,A,D,C), ring_subst_2(B,C).
(r53) great_ne(A,B) :- inv2(A,C,D,A,C,D,A,C,D), ring_subst_6(A,D), ring_subst_4(B,D), ring_subst_3(B,D).
(r54) great_ne(A,B) :- r_subst_1(B,C), r_subst_3(B,F), x_subst(B,D,E), n_val(A,F).
(r55) great_ne(A,B) :- ring_substitutions(A,C), flex(E,F), pi_doner(E,D), ring_subst_5(B,E).
(r56) great_ne(A,B) :- inv1(B,E,A,E,B,C), ring_substitutions(B,D).
(r57) great_ne(A,B) :- ring_subst_4(A,E), flex(E,C), ring_subst_4(B,D), great_flex(C,F).
(r58) great_ne(A,B) :- alk_groups(B,D), n_val(A,C), ring_substitutions(B,E), n_val(A,D).
(r59) great_ne(A,B) :- ring_subst_6(B,F), size(D,C), ring_subst_6(A,D), h_acceptor(F,E).
(r60) great_ne(A,B) :- n_val(A,C), ring_subst_4(A,E), ring_subst_4(B,F), r_subst_3(B,D).
====================
