number of rules: 40
program size: 200
(r1) great_ne(A,B) :- pi_doner(D,F), ring_subst_4(B,D), x_subst(A,C,E), x_subst(B,C,D).
(r2) great_ne(A,B) :- ring_subst_5(A,F), ring_subst_4(A,C), ring_subst_5(B,E), h_doner(F,D).
(r3) great_ne(A,B) :- gt(D,C), ring_subst_2(B,F), r_subst_1(A,E), r_subst_3(A,D).
(r4) great_ne(A,B) :- r_subst_2(B,D), h_doner(C,F), ring_subst_5(A,E), ring_subst_6(B,C).
(r5) great_ne(A,B) :- ring_substitutions(A,C), r_subst_3(A,C), r_subst_2(B,E), ring_subst_4(B,D).
(r6) great_ne(A,B) :- ring_substitutions(A,D), ring_subst_2(B,C), ring_subst_3(A,C), ring_substitutions(B,E).
(r7) great_ne(A,B) :- ring_subst_4(A,E), x_subst(B,F,C), r_subst_3(A,D), gt(D,F).
(r8) great_ne(A,B) :- ring_subst_3(A,C), ring_subst_6(B,F), r_subst_2(A,E), flex(F,D).
(r9) great_ne(A,B) :- ring_subst_6(A,C), n_val(B,F), flex(C,D), pi_acceptor(C,E).
(r10) great_ne(A,B) :- r_subst_3(A,C), ring_subst_4(B,F), r_subst_1(A,E), ring_subst_5(A,D).
(r11) great_ne(A,B) :- x_subst(B,E,D), x_subst(A,C,D), ring_subst_4(B,F), ring_subst_4(A,D).
(r12) great_ne(A,B) :- ring_subst_3(B,F), polarisable(C,D), ring_subst_3(A,C), r_subst_3(B,E).
(r13) great_ne(A,B) :- r_subst_1(B,D), ring_subst_5(A,F), r_subst_1(B,E), polarisable(F,C).
(r14) great_ne(A,B) :- ring_subst_5(A,F), polarisable(C,D), ring_subst_4(A,F), x_subst(B,E,C).
(r15) great_ne(A,B) :- x_subst(A,E,F), r_subst_2(B,D), ring_subst_5(B,F), r_subst_1(A,C).
(r16) great_ne(A,B) :- x_subst(B,E,C), gt(F,D), gt(F,E), x_subst(A,F,C).
(r17) great_ne(A,B) :- ring_subst_3(B,E), ring_subst_2(B,C), ring_subst_4(B,F), ring_subst_3(A,D).
(r18) great_ne(A,B) :- size(D,F), x_subst(B,E,D), x_subst(A,C,D), x_subst(A,E,D).
(r19) great_ne(A,B) :- ring_subst_5(B,F), n_val(B,E), polar(D,C), ring_subst_3(A,D).
(r20) great_ne(A,B) :- ring_subst_2(A,F), ring_subst_6(B,E), alk_groups(B,C), size(F,D).
(r21) great_ne(A,B) :- ring_subst_5(B,F), r_subst_3(B,C), flex(E,D), ring_subst_6(A,E).
(r22) great_ne(A,B) :- sigma(E,D), pi_acceptor(E,F), ring_subst_4(A,E), ring_subst_6(B,C).
(r23) great_ne(A,B) :- ring_subst_6(A,D), ring_subst_5(A,F), alk_groups(B,E), ring_subst_4(B,C).
(r24) great_ne(A,B) :- ring_subst_5(A,E), ring_subst_3(B,D), n_val(B,C), ring_subst_2(B,D).
(r25) great_ne(A,B) :- r_subst_3(B,C), n_val(B,E), n_val(A,D), alk_groups(A,F).
(r26) great_ne(A,B) :- x_subst(A,F,D), r_subst_3(A,C), r_subst_3(B,C), gt(F,E).
(r27) great_ne(A,B) :- r_subst_3(A,C), ring_subst_6(B,D), x_subst(A,C,E), ring_subst_2(A,D).
(r28) great_ne(A,B) :- ring_subst_3(A,C), ring_subst_5(B,D), alk_groups(A,E), ring_subst_2(A,F).
(r29) great_ne(A,B) :- polarisable(E,C), ring_subst_5(A,D), ring_subst_5(B,E), alk_groups(B,F).
(r30) great_ne(A,B) :- ring_substitutions(A,C), alk_groups(B,E), ring_subst_5(B,F), ring_subst_2(A,D).
(r31) great_ne(A,B) :- ring_subst_5(B,F), ring_subst_5(A,D), r_subst_2(A,E), n_val(A,C).
(r32) great_ne(A,B) :- ring_subst_2(B,C), pi_acceptor(D,E), ring_subst_3(A,F), ring_subst_4(B,D).
(r33) great_ne(A,B) :- pi_acceptor(C,F), ring_subst_4(B,E), ring_subst_3(B,C), ring_subst_4(A,D).
(r34) great_ne(A,B) :- x_subst(A,F,D), r_subst_3(A,C), x_subst(B,F,D), h_acceptor(D,E).
(r35) great_ne(A,B) :- n_val(B,E), x_subst(B,F,C), gt(F,E), ring_subst_3(A,D).
(r36) great_ne(A,B) :- n_val(A,C), ring_subst_4(B,D), x_subst(B,C,D), ring_subst_2(A,D).
(r37) great_ne(A,B) :- ring_subst_6(A,C), x_subst(A,E,C), size(F,D), ring_subst_2(B,F).
(r38) great_ne(A,B) :- alk_groups(B,D), x_subst(A,D,E), n_val(B,F), x_subst(A,D,C).
(r39) great_ne(A,B) :- gt(D,C), n_val(B,D), gt(E,F), ring_substitutions(A,E).
(r40) great_ne(A,B) :- ring_subst_5(A,F), ring_subst_4(B,E), h_doner(D,C), ring_subst_2(A,D).
====================
MaxSAT solving... (1426 vars, 8876 hard, 466 soft)
number of rules: 42
program size: 195
(inv1) inv1(X1,X2,X3,X4) :- ring_subst_5(X1,X2), ring_subst_4(X3,X4).
(inv2) inv2(X1,X2,X3,X4,X5,X6) :- x_subst(X1,X2,X3), x_subst(X4,X5,X6).
(r1) great_ne(A,B) :- inv2(A,C,E,B,C,D), pi_doner(D,F), ring_subst_4(B,D).
(r2) great_ne(A,B) :- inv1(A,F,A,C), ring_subst_5(B,E), h_doner(F,D).
(r3) great_ne(A,B) :- gt(D,C), ring_subst_2(B,F), r_subst_1(A,E), r_subst_3(A,D).
(r4) great_ne(A,B) :- r_subst_2(B,D), h_doner(C,F), ring_subst_5(A,E), ring_subst_6(B,C).
(r5) great_ne(A,B) :- ring_substitutions(A,C), r_subst_3(A,C), r_subst_2(B,E), ring_subst_4(B,D).
(r6) great_ne(A,B) :- ring_substitutions(A,D), ring_subst_2(B,C), ring_subst_3(A,C), ring_substitutions(B,E).
(r7) great_ne(A,B) :- inv2(B,F,C,B,F,C), ring_subst_4(A,E), r_subst_3(A,D), gt(D,F).
(r8) great_ne(A,B) :- ring_subst_3(A,C), ring_subst_6(B,F), r_subst_2(A,E), flex(F,D).
(r9) great_ne(A,B) :- ring_subst_6(A,C), n_val(B,F), flex(C,D), pi_acceptor(C,E).
(r10) great_ne(A,B) :- inv1(A,D,B,F), r_subst_3(A,C), r_subst_1(A,E).
(r11) great_ne(A,B) :- inv2(B,E,D,A,C,D), ring_subst_4(B,F), ring_subst_4(A,D).
(r12) great_ne(A,B) :- ring_subst_3(B,F), polarisable(C,D), ring_subst_3(A,C), r_subst_3(B,E).
(r13) great_ne(A,B) :- r_subst_1(B,D), ring_subst_5(A,F), r_subst_1(B,E), polarisable(F,C).
(r14) great_ne(A,B) :- inv1(A,F,A,F), polarisable(C,D), x_subst(B,E,C).
(r15) great_ne(A,B) :- x_subst(A,E,F), r_subst_2(B,D), ring_subst_5(B,F), r_subst_1(A,C).
(r16) great_ne(A,B) :- inv2(B,E,C,A,F,C), gt(F,D), gt(F,E).
(r17) great_ne(A,B) :- ring_subst_3(B,E), ring_subst_2(B,C), ring_subst_4(B,F), ring_subst_3(A,D).
(r18) great_ne(A,B) :- inv2(B,E,D,A,C,D), size(D,F), x_subst(A,E,D).
(r19) great_ne(A,B) :- ring_subst_5(B,F), n_val(B,E), polar(D,C), ring_subst_3(A,D).
(r20) great_ne(A,B) :- ring_subst_2(A,F), ring_subst_6(B,E), alk_groups(B,C), size(F,D).
(r21) great_ne(A,B) :- ring_subst_5(B,F), r_subst_3(B,C), flex(E,D), ring_subst_6(A,E).
(r22) great_ne(A,B) :- sigma(E,D), pi_acceptor(E,F), ring_subst_4(A,E), ring_subst_6(B,C).
(r23) great_ne(A,B) :- inv1(A,F,B,C), ring_subst_6(A,D), alk_groups(B,E).
(r24) great_ne(A,B) :- ring_subst_5(A,E), ring_subst_3(B,D), n_val(B,C), ring_subst_2(B,D).
(r25) great_ne(A,B) :- r_subst_3(B,C), n_val(B,E), n_val(A,D), alk_groups(A,F).
(r26) great_ne(A,B) :- inv2(A,F,D,A,F,D), r_subst_3(A,C), r_subst_3(B,C), gt(F,E).
(r27) great_ne(A,B) :- inv2(A,C,E,A,C,E), r_subst_3(A,C), ring_subst_6(B,D), ring_subst_2(A,D).
(r28) great_ne(A,B) :- ring_subst_3(A,C), ring_subst_5(B,D), alk_groups(A,E), ring_subst_2(A,F).
(r29) great_ne(A,B) :- polarisable(E,C), ring_subst_5(A,D), ring_subst_5(B,E), alk_groups(B,F).
(r30) great_ne(A,B) :- ring_substitutions(A,C), alk_groups(B,E), ring_subst_5(B,F), ring_subst_2(A,D).
(r31) great_ne(A,B) :- ring_subst_5(B,F), ring_subst_5(A,D), r_subst_2(A,E), n_val(A,C).
(r32) great_ne(A,B) :- ring_subst_2(B,C), pi_acceptor(D,E), ring_subst_3(A,F), ring_subst_4(B,D).
(r33) great_ne(A,B) :- pi_acceptor(C,F), ring_subst_4(B,E), ring_subst_3(B,C), ring_subst_4(A,D).
(r34) great_ne(A,B) :- inv2(A,F,D,B,F,D), r_subst_3(A,C), h_acceptor(D,E).
(r35) great_ne(A,B) :- n_val(B,E), x_subst(B,F,C), gt(F,E), ring_subst_3(A,D).
(r36) great_ne(A,B) :- n_val(A,C), ring_subst_4(B,D), x_subst(B,C,D), ring_subst_2(A,D).
(r37) great_ne(A,B) :- ring_subst_6(A,C), x_subst(A,E,C), size(F,D), ring_subst_2(B,F).
(r38) great_ne(A,B) :- inv2(A,D,E,A,D,C), alk_groups(B,D), n_val(B,F).
(r39) great_ne(A,B) :- gt(D,C), n_val(B,D), gt(E,F), ring_substitutions(A,E).
(r40) great_ne(A,B) :- inv1(A,F,B,E), h_doner(D,C), ring_subst_2(A,D).
====================
