number of rules: 50
program size: 247
(r1) great_rsd(A,B) :- pi_doner(E,D), ring_subst_5(A,C), ring_subst_3(B,E).
(r2) great_rsd(A,B) :- x_subst(B,D,E), x_subst(A,C,F), x_subst(B,C,F), alk_groups(B,D).
(r3) great_rsd(A,B) :- alk_groups(A,E), r_subst_3(B,C), n_val(B,F), ring_subst_6(A,D).
(r4) great_rsd(A,B) :- n_val(A,F), size(D,C), x_subst(B,F,D), ring_subst_3(A,E).
(r5) great_rsd(A,B) :- ring_subst_6(B,E), alk_groups(A,F), n_val(A,D), r_subst_3(A,C).
(r6) great_rsd(A,B) :- alk_groups(B,C), ring_subst_2(B,D), flex(D,E), ring_substitutions(A,F).
(r7) great_rsd(A,B) :- ring_subst_4(A,D), r_subst_1(B,C), ring_subst_2(A,E), ring_subst_3(B,E).
(r8) great_rsd(A,B) :- n_val(A,C), ring_subst_3(A,F), ring_substitutions(B,E), h_acceptor(F,D).
(r9) great_rsd(A,B) :- n_val(A,D), x_subst(B,D,C), r_subst_3(B,E), ring_subst_6(A,F).
(r10) great_rsd(A,B) :- ring_subst_3(A,C), alk_groups(B,D), x_subst(A,D,E), flex(C,F).
(r11) great_rsd(A,B) :- r_subst_2(B,D), alk_groups(B,C), ring_subst_5(A,F), ring_subst_6(B,E).
(r12) great_rsd(A,B) :- alk_groups(A,E), n_val(A,D), pi_acceptor(C,F), ring_subst_3(B,C).
(r13) great_rsd(A,B) :- ring_subst_5(A,C), alk_groups(B,D), r_subst_1(B,F), gt(D,E).
(r14) great_rsd(A,B) :- ring_substitutions(B,C), ring_subst_5(B,D), ring_subst_2(A,E), size(E,F).
(r15) great_rsd(A,B) :- polar(C,F), ring_subst_2(A,D), ring_subst_3(B,E), ring_subst_2(B,C).
(r16) great_rsd(A,B) :- x_subst(A,D,F), ring_subst_3(A,F), n_val(B,D), x_subst(A,E,C).
(r17) great_rsd(A,B) :- h_acceptor(C,D), ring_subst_4(B,F), ring_subst_5(A,F), x_subst(B,E,C).
(r18) great_rsd(A,B) :- ring_subst_5(A,D), r_subst_1(B,E), r_subst_1(B,C), ring_subst_2(A,D).
(r19) great_rsd(A,B) :- ring_subst_3(A,F), h_acceptor(F,C), ring_subst_6(B,F), x_subst(A,D,E).
(r20) great_rsd(A,B) :- pi_doner(E,C), ring_subst_3(A,D), ring_subst_3(A,E), r_subst_2(B,F).
(r21) great_rsd(A,B) :- pi_acceptor(E,F), ring_subst_3(B,E), x_subst(A,C,D), ring_subst_2(A,E).
(r22) great_rsd(A,B) :- h_acceptor(C,E), ring_subst_3(B,D), ring_subst_6(A,C), polarisable(C,F).
(r23) great_rsd(A,B) :- pi_acceptor(D,E), ring_subst_2(B,D), n_val(B,C), ring_subst_5(A,D).
(r24) great_rsd(A,B) :- size(D,E), ring_subst_4(B,D), ring_subst_6(B,F), n_val(A,C).
(r25) great_rsd(A,B) :- polar(E,F), x_subst(B,C,D), ring_subst_6(A,E), ring_subst_5(B,D).
(r26) great_rsd(A,B) :- x_subst(A,D,F), r_subst_1(B,C), n_val(A,E).
(r27) great_rsd(A,B) :- h_doner(D,F), x_subst(B,C,D), r_subst_3(A,E), n_val(A,C).
(r28) great_rsd(A,B) :- alk_groups(A,E), gt(E,F), ring_subst_5(B,D), ring_substitutions(B,C).
(r29) great_rsd(A,B) :- r_subst_1(A,C), ring_subst_2(B,D), ring_subst_2(B,E), ring_subst_5(A,F).
(r30) great_rsd(A,B) :- flex(C,E), x_subst(A,D,C), alk_groups(B,D), gt(D,F).
(r31) great_rsd(A,B) :- x_subst(B,E,D), ring_subst_2(A,F), x_subst(A,E,C), ring_subst_6(A,D).
(r32) great_rsd(A,B) :- ring_subst_2(A,C), ring_substitutions(A,D), alk_groups(B,D), ring_subst_3(A,E).
(r33) great_rsd(A,B) :- alk_groups(A,E), ring_subst_3(B,F), ring_subst_3(A,D), r_subst_3(A,C).
(r34) great_rsd(A,B) :- ring_subst_6(B,C), ring_subst_5(A,F), polar(F,E), polar(C,D).
(r35) great_rsd(A,B) :- ring_subst_3(A,C), alk_groups(B,F), ring_subst_2(A,E), polarisable(C,D).
(r36) great_rsd(A,B) :- x_subst(A,D,F), x_subst(A,C,E), x_subst(B,D,F), ring_substitutions(A,C).
(r37) great_rsd(A,B) :- ring_substitutions(A,D), ring_subst_4(A,C), ring_subst_4(A,E), ring_subst_3(B,C).
(r38) great_rsd(A,B) :- ring_subst_4(A,F), r_subst_1(B,E), pi_doner(D,C), ring_subst_6(A,D).
(r39) great_rsd(A,B) :- ring_subst_2(B,D), ring_subst_4(A,E), ring_subst_5(B,C), x_subst(B,F,D).
(r40) great_rsd(A,B) :- ring_substitutions(B,E), size(F,D), ring_subst_5(A,F), pi_doner(F,C).
(r41) great_rsd(A,B) :- n_val(A,F), ring_substitutions(B,E), x_subst(A,C,D).
(r42) great_rsd(A,B) :- ring_subst_2(A,C), size(C,D), ring_subst_4(B,F), size(C,E).
(r43) great_rsd(A,B) :- size(E,F), r_subst_3(B,C), ring_subst_3(A,E), ring_subst_6(A,D).
(r44) great_rsd(A,B) :- ring_subst_2(A,F), ring_subst_6(B,C), r_subst_1(A,E), polarisable(C,D).
(r45) great_rsd(A,B) :- x_subst(B,D,F), r_subst_3(B,E), r_subst_3(A,C), n_val(B,C).
(r46) great_rsd(A,B) :- ring_subst_3(B,F), h_acceptor(C,E), ring_subst_4(A,D), ring_subst_3(B,C).
(r47) great_rsd(A,B) :- ring_subst_2(B,E), r_subst_1(A,C), x_subst(A,D,E), r_subst_2(B,F).
(r48) great_rsd(A,B) :- x_subst(A,D,C), gt(D,E), x_subst(B,F,C), alk_groups(B,E).
(r49) great_rsd(A,B) :- h_acceptor(C,E), n_val(B,D), ring_subst_4(A,C), alk_groups(B,D).
(r50) great_rsd(A,B) :- ring_substitutions(A,D), ring_subst_6(A,E), n_val(A,D), x_subst(B,C,E).
====================
MaxSAT solving... (1741 vars, 10493 hard, 559 soft)
number of rules: 52
program size: 240
(inv1) inv1(X1,X2,X3,X4,X5) :- x_subst(X1,X2,X3), n_val(X4,X5).
(inv2) inv2(X1,X2,X3,X4) :- ring_subst_2(X1,X2), r_subst_1(X3,X4).
(r1) great_rsd(A,B) :- pi_doner(E,D), ring_subst_5(A,C), ring_subst_3(B,E).
(r2) great_rsd(A,B) :- x_subst(B,D,E), x_subst(A,C,F), x_subst(B,C,F), alk_groups(B,D).
(r3) great_rsd(A,B) :- alk_groups(A,E), r_subst_3(B,C), n_val(B,F), ring_subst_6(A,D).
(r4) great_rsd(A,B) :- inv1(B,F,D,A,F), size(D,C), ring_subst_3(A,E).
(r5) great_rsd(A,B) :- ring_subst_6(B,E), alk_groups(A,F), n_val(A,D), r_subst_3(A,C).
(r6) great_rsd(A,B) :- alk_groups(B,C), ring_subst_2(B,D), flex(D,E), ring_substitutions(A,F).
(r7) great_rsd(A,B) :- inv2(A,E,B,C), ring_subst_4(A,D), ring_subst_3(B,E).
(r8) great_rsd(A,B) :- n_val(A,C), ring_subst_3(A,F), ring_substitutions(B,E), h_acceptor(F,D).
(r9) great_rsd(A,B) :- inv1(B,D,C,A,D), r_subst_3(B,E), ring_subst_6(A,F).
(r10) great_rsd(A,B) :- ring_subst_3(A,C), alk_groups(B,D), x_subst(A,D,E), flex(C,F).
(r11) great_rsd(A,B) :- r_subst_2(B,D), alk_groups(B,C), ring_subst_5(A,F), ring_subst_6(B,E).
(r12) great_rsd(A,B) :- alk_groups(A,E), n_val(A,D), pi_acceptor(C,F), ring_subst_3(B,C).
(r13) great_rsd(A,B) :- ring_subst_5(A,C), alk_groups(B,D), r_subst_1(B,F), gt(D,E).
(r14) great_rsd(A,B) :- ring_substitutions(B,C), ring_subst_5(B,D), ring_subst_2(A,E), size(E,F).
(r15) great_rsd(A,B) :- polar(C,F), ring_subst_2(A,D), ring_subst_3(B,E), ring_subst_2(B,C).
(r16) great_rsd(A,B) :- inv1(A,D,F,B,D), ring_subst_3(A,F), x_subst(A,E,C).
(r17) great_rsd(A,B) :- h_acceptor(C,D), ring_subst_4(B,F), ring_subst_5(A,F), x_subst(B,E,C).
(r18) great_rsd(A,B) :- inv2(A,D,B,E), ring_subst_5(A,D), r_subst_1(B,C).
(r19) great_rsd(A,B) :- ring_subst_3(A,F), h_acceptor(F,C), ring_subst_6(B,F), x_subst(A,D,E).
(r20) great_rsd(A,B) :- pi_doner(E,C), ring_subst_3(A,D), ring_subst_3(A,E), r_subst_2(B,F).
(r21) great_rsd(A,B) :- pi_acceptor(E,F), ring_subst_3(B,E), x_subst(A,C,D), ring_subst_2(A,E).
(r22) great_rsd(A,B) :- h_acceptor(C,E), ring_subst_3(B,D), ring_subst_6(A,C), polarisable(C,F).
(r23) great_rsd(A,B) :- pi_acceptor(D,E), ring_subst_2(B,D), n_val(B,C), ring_subst_5(A,D).
(r24) great_rsd(A,B) :- size(D,E), ring_subst_4(B,D), ring_subst_6(B,F), n_val(A,C).
(r25) great_rsd(A,B) :- polar(E,F), x_subst(B,C,D), ring_subst_6(A,E), ring_subst_5(B,D).
(r26) great_rsd(A,B) :- inv1(A,D,F,A,E), r_subst_1(B,C).
(r27) great_rsd(A,B) :- inv1(B,C,D,A,C), h_doner(D,F), r_subst_3(A,E).
(r28) great_rsd(A,B) :- alk_groups(A,E), gt(E,F), ring_subst_5(B,D), ring_substitutions(B,C).
(r29) great_rsd(A,B) :- inv2(B,D,A,C), ring_subst_2(B,E), ring_subst_5(A,F).
(r30) great_rsd(A,B) :- flex(C,E), x_subst(A,D,C), alk_groups(B,D), gt(D,F).
(r31) great_rsd(A,B) :- x_subst(B,E,D), ring_subst_2(A,F), x_subst(A,E,C), ring_subst_6(A,D).
(r32) great_rsd(A,B) :- ring_subst_2(A,C), ring_substitutions(A,D), alk_groups(B,D), ring_subst_3(A,E).
(r33) great_rsd(A,B) :- alk_groups(A,E), ring_subst_3(B,F), ring_subst_3(A,D), r_subst_3(A,C).
(r34) great_rsd(A,B) :- ring_subst_6(B,C), ring_subst_5(A,F), polar(F,E), polar(C,D).
(r35) great_rsd(A,B) :- ring_subst_3(A,C), alk_groups(B,F), ring_subst_2(A,E), polarisable(C,D).
(r36) great_rsd(A,B) :- x_subst(A,D,F), x_subst(A,C,E), x_subst(B,D,F), ring_substitutions(A,C).
(r37) great_rsd(A,B) :- ring_substitutions(A,D), ring_subst_4(A,C), ring_subst_4(A,E), ring_subst_3(B,C).
(r38) great_rsd(A,B) :- ring_subst_4(A,F), r_subst_1(B,E), pi_doner(D,C), ring_subst_6(A,D).
(r39) great_rsd(A,B) :- ring_subst_2(B,D), ring_subst_4(A,E), ring_subst_5(B,C), x_subst(B,F,D).
(r40) great_rsd(A,B) :- ring_substitutions(B,E), size(F,D), ring_subst_5(A,F), pi_doner(F,C).
(r41) great_rsd(A,B) :- inv1(A,C,D,A,F), ring_substitutions(B,E).
(r42) great_rsd(A,B) :- ring_subst_2(A,C), size(C,D), ring_subst_4(B,F), size(C,E).
(r43) great_rsd(A,B) :- size(E,F), r_subst_3(B,C), ring_subst_3(A,E), ring_subst_6(A,D).
(r44) great_rsd(A,B) :- inv2(A,F,A,E), ring_subst_6(B,C), polarisable(C,D).
(r45) great_rsd(A,B) :- inv1(B,D,F,B,C), r_subst_3(B,E), r_subst_3(A,C).
(r46) great_rsd(A,B) :- ring_subst_3(B,F), h_acceptor(C,E), ring_subst_4(A,D), ring_subst_3(B,C).
(r47) great_rsd(A,B) :- inv2(B,E,A,C), x_subst(A,D,E), r_subst_2(B,F).
(r48) great_rsd(A,B) :- x_subst(A,D,C), gt(D,E), x_subst(B,F,C), alk_groups(B,E).
(r49) great_rsd(A,B) :- h_acceptor(C,E), n_val(B,D), ring_subst_4(A,C), alk_groups(B,D).
(r50) great_rsd(A,B) :- inv1(B,C,E,A,D), ring_substitutions(A,D), ring_subst_6(A,E).
====================
