number of rules: 40
program size: 197
(r1) great_rsd(A,B) :- ring_subst_3(B,F), size(E,D), ring_subst_4(A,E), r_subst_1(B,C).
(r2) great_rsd(A,B) :- x_subst(B,F,D), x_subst(B,C,E), r_subst_3(A,C), ring_subst_3(B,E).
(r3) great_rsd(A,B) :- ring_subst_3(A,F), r_subst_2(A,C), ring_subst_5(B,E), ring_subst_4(B,D).
(r4) great_rsd(A,B) :- x_subst(B,D,F), ring_subst_5(B,E), ring_subst_4(A,E), ring_subst_3(A,C).
(r5) great_rsd(A,B) :- ring_subst_2(A,C), ring_subst_2(B,D), h_acceptor(D,F), n_val(A,E).
(r6) great_rsd(A,B) :- x_subst(A,F,E), alk_groups(A,F), ring_subst_5(B,C), pi_acceptor(E,D).
(r7) great_rsd(A,B) :- ring_substitutions(B,D), alk_groups(A,C), x_subst(B,C,E), r_subst_3(B,F).
(r8) great_rsd(A,B) :- ring_subst_3(A,F), ring_subst_4(A,F), ring_subst_5(B,D), x_subst(B,E,C).
(r9) great_rsd(A,B) :- r_subst_1(A,C), h_acceptor(F,D), x_subst(B,E,F), ring_subst_2(B,F).
(r10) great_rsd(A,B) :- ring_subst_2(B,C), sigma(C,D), n_val(A,E), r_subst_3(A,F).
(r11) great_rsd(A,B) :- polar(D,F), ring_subst_6(A,E), ring_subst_2(A,D), r_subst_1(B,C).
(r12) great_rsd(A,B) :- x_subst(B,D,C), n_val(A,D), r_subst_1(A,E), r_subst_3(B,F).
(r13) great_rsd(A,B) :- sigma(C,E), ring_subst_6(B,C), ring_subst_3(A,D), polar(C,F).
(r14) great_rsd(A,B) :- pi_acceptor(D,F), alk_groups(B,C), r_subst_3(A,E), x_subst(A,C,D).
(r15) great_rsd(A,B) :- n_val(A,C), x_subst(A,C,E), x_subst(B,D,E), r_subst_3(A,F).
(r16) great_rsd(A,B) :- r_subst_2(B,D), x_subst(A,F,C), ring_subst_2(B,E), ring_subst_2(B,C).
(r17) great_rsd(A,B) :- x_subst(A,F,E), r_subst_2(B,D), n_val(A,C), r_subst_3(B,F).
(r18) great_rsd(A,B) :- polarisable(E,D), alk_groups(B,C), ring_subst_6(A,E), ring_subst_4(B,F).
(r19) great_rsd(A,B) :- ring_subst_3(B,D), x_subst(B,C,D), ring_subst_4(A,F), h_doner(F,E).
(r20) great_rsd(A,B) :- x_subst(B,D,C), alk_groups(A,F), x_subst(B,E,C), r_subst_3(A,F).
(r21) great_rsd(A,B) :- polar(F,D), ring_subst_6(A,F), r_subst_2(B,C), ring_subst_3(A,E).
(r22) great_rsd(A,B) :- r_subst_2(B,D), x_subst(A,C,F), x_subst(B,C,E), ring_subst_5(A,F).
(r23) great_rsd(A,B) :- flex(F,D), ring_subst_4(A,C), ring_subst_4(B,F), x_subst(B,E,C).
(r24) great_rsd(A,B) :- r_subst_3(B,C), gt(C,F), r_subst_2(A,E), r_subst_1(A,D).
(r25) great_rsd(A,B) :- x_subst(A,D,F), ring_subst_4(A,E), ring_subst_6(A,C), x_subst(B,D,E).
(r26) great_rsd(A,B) :- sigma(F,D), x_subst(A,C,F), x_subst(B,C,E).
(r27) great_rsd(A,B) :- pi_doner(E,F), x_subst(A,D,E), ring_subst_3(A,E), ring_subst_2(B,C).
(r28) great_rsd(A,B) :- x_subst(B,F,E), x_subst(B,C,E), x_subst(A,D,E), n_val(B,F).
(r29) great_rsd(A,B) :- r_subst_2(B,D), x_subst(A,C,E), r_subst_3(B,C), alk_groups(B,C).
(r30) great_rsd(A,B) :- x_subst(A,C,E), x_subst(A,C,F), alk_groups(A,D), ring_subst_6(B,F).
(r31) great_rsd(A,B) :- r_subst_1(B,D), ring_subst_6(A,F), ring_subst_4(A,E), r_subst_3(A,C).
(r32) great_rsd(A,B) :- ring_substitutions(A,D), r_subst_2(B,E), ring_subst_4(B,F), ring_subst_6(A,C).
(r33) great_rsd(A,B) :- n_val(A,C), ring_subst_2(A,D), r_subst_1(A,E), r_subst_1(B,F).
(r34) great_rsd(A,B) :- n_val(B,C), ring_substitutions(B,D), ring_substitutions(A,C).
(r35) great_rsd(A,B) :- ring_substitutions(A,D), sigma(E,F), x_subst(A,D,E), n_val(B,C).
(r36) great_rsd(A,B) :- x_subst(B,D,C), ring_substitutions(B,D), x_subst(A,E,C), n_val(B,E).
(r37) great_rsd(A,B) :- r_subst_3(A,D), x_subst(A,D,C), ring_subst_2(B,F), ring_subst_6(A,E).
(r38) great_rsd(A,B) :- ring_subst_3(A,C), ring_substitutions(B,E), ring_subst_2(A,D), ring_subst_2(B,C).
(r39) great_rsd(A,B) :- x_subst(A,F,E), r_subst_2(B,D), ring_subst_6(B,C), ring_subst_3(B,E).
(r40) great_rsd(A,B) :- n_val(B,D), x_subst(B,D,C), ring_subst_4(A,C).
====================
MaxSAT solving... (1397 vars, 7929 hard, 455 soft)
number of rules: 42
program size: 186
(inv1) inv1(X1,X2,X3,X4,X5) :- ring_subst_4(X1,X2), x_subst(X3,X4,X5).
(inv2) inv2(X1,X2,X3,X4,X5,X6,X7,X8) :- r_subst_3(X1,X2), x_subst(X3,X4,X5), x_subst(X6,X7,X8).
(r1) great_rsd(A,B) :- ring_subst_3(B,F), size(E,D), ring_subst_4(A,E), r_subst_1(B,C).
(r2) great_rsd(A,B) :- inv2(A,C,B,F,D,B,C,E), ring_subst_3(B,E).
(r3) great_rsd(A,B) :- ring_subst_3(A,F), r_subst_2(A,C), ring_subst_5(B,E), ring_subst_4(B,D).
(r4) great_rsd(A,B) :- inv1(A,E,B,D,F), ring_subst_5(B,E), ring_subst_3(A,C).
(r5) great_rsd(A,B) :- ring_subst_2(A,C), ring_subst_2(B,D), h_acceptor(D,F), n_val(A,E).
(r6) great_rsd(A,B) :- x_subst(A,F,E), alk_groups(A,F), ring_subst_5(B,C), pi_acceptor(E,D).
(r7) great_rsd(A,B) :- inv2(B,F,B,C,E,B,C,E), ring_substitutions(B,D), alk_groups(A,C).
(r8) great_rsd(A,B) :- inv1(A,F,B,E,C), ring_subst_3(A,F), ring_subst_5(B,D).
(r9) great_rsd(A,B) :- r_subst_1(A,C), h_acceptor(F,D), x_subst(B,E,F), ring_subst_2(B,F).
(r10) great_rsd(A,B) :- ring_subst_2(B,C), sigma(C,D), n_val(A,E), r_subst_3(A,F).
(r11) great_rsd(A,B) :- polar(D,F), ring_subst_6(A,E), ring_subst_2(A,D), r_subst_1(B,C).
(r12) great_rsd(A,B) :- inv2(B,F,B,D,C,B,D,C), n_val(A,D), r_subst_1(A,E).
(r13) great_rsd(A,B) :- sigma(C,E), ring_subst_6(B,C), ring_subst_3(A,D), polar(C,F).
(r14) great_rsd(A,B) :- inv2(A,E,A,C,D,A,C,D), pi_acceptor(D,F), alk_groups(B,C).
(r15) great_rsd(A,B) :- inv2(A,F,A,C,E,B,D,E), n_val(A,C).
(r16) great_rsd(A,B) :- r_subst_2(B,D), x_subst(A,F,C), ring_subst_2(B,E), ring_subst_2(B,C).
(r17) great_rsd(A,B) :- inv2(B,F,A,F,E,A,F,E), r_subst_2(B,D), n_val(A,C).
(r18) great_rsd(A,B) :- polarisable(E,D), alk_groups(B,C), ring_subst_6(A,E), ring_subst_4(B,F).
(r19) great_rsd(A,B) :- inv1(A,F,B,C,D), ring_subst_3(B,D), h_doner(F,E).
(r20) great_rsd(A,B) :- inv2(A,F,B,D,C,B,E,C), alk_groups(A,F).
(r21) great_rsd(A,B) :- polar(F,D), ring_subst_6(A,F), r_subst_2(B,C), ring_subst_3(A,E).
(r22) great_rsd(A,B) :- r_subst_2(B,D), x_subst(A,C,F), x_subst(B,C,E), ring_subst_5(A,F).
(r23) great_rsd(A,B) :- inv1(A,C,B,E,C), flex(F,D), ring_subst_4(B,F).
(r24) great_rsd(A,B) :- r_subst_3(B,C), gt(C,F), r_subst_2(A,E), r_subst_1(A,D).
(r25) great_rsd(A,B) :- inv1(A,E,A,D,F), inv1(A,E,B,D,E), ring_subst_6(A,C).
(r26) great_rsd(A,B) :- sigma(F,D), x_subst(A,C,F), x_subst(B,C,E).
(r27) great_rsd(A,B) :- pi_doner(E,F), x_subst(A,D,E), ring_subst_3(A,E), ring_subst_2(B,C).
(r28) great_rsd(A,B) :- x_subst(B,F,E), x_subst(B,C,E), x_subst(A,D,E), n_val(B,F).
(r29) great_rsd(A,B) :- inv2(B,C,A,C,E,A,C,E), r_subst_2(B,D), alk_groups(B,C).
(r30) great_rsd(A,B) :- x_subst(A,C,E), x_subst(A,C,F), alk_groups(A,D), ring_subst_6(B,F).
(r31) great_rsd(A,B) :- r_subst_1(B,D), ring_subst_6(A,F), ring_subst_4(A,E), r_subst_3(A,C).
(r32) great_rsd(A,B) :- ring_substitutions(A,D), r_subst_2(B,E), ring_subst_4(B,F), ring_subst_6(A,C).
(r33) great_rsd(A,B) :- n_val(A,C), ring_subst_2(A,D), r_subst_1(A,E), r_subst_1(B,F).
(r34) great_rsd(A,B) :- n_val(B,C), ring_substitutions(B,D), ring_substitutions(A,C).
(r35) great_rsd(A,B) :- ring_substitutions(A,D), sigma(E,F), x_subst(A,D,E), n_val(B,C).
(r36) great_rsd(A,B) :- x_subst(B,D,C), ring_substitutions(B,D), x_subst(A,E,C), n_val(B,E).
(r37) great_rsd(A,B) :- inv2(A,D,A,D,C,A,D,C), ring_subst_2(B,F), ring_subst_6(A,E).
(r38) great_rsd(A,B) :- ring_subst_3(A,C), ring_substitutions(B,E), ring_subst_2(A,D), ring_subst_2(B,C).
(r39) great_rsd(A,B) :- x_subst(A,F,E), r_subst_2(B,D), ring_subst_6(B,C), ring_subst_3(B,E).
(r40) great_rsd(A,B) :- inv1(A,C,B,D,C), n_val(B,D).
====================
