number of rules: 40
program size: 200
(r1) great_rsd(A,B) :- ring_substitutions(B,E), n_val(A,D), ring_subst_6(B,F), size(F,C).
(r2) great_rsd(A,B) :- ring_subst_3(B,F), x_subst(A,C,E), x_subst(A,D,E), ring_subst_2(B,E).
(r3) great_rsd(A,B) :- x_subst(B,F,E), r_subst_3(A,D), alk_groups(A,F), ring_subst_4(B,C).
(r4) great_rsd(A,B) :- x_subst(B,F,C), r_subst_3(A,E), gt(F,E), polar(C,D).
(r5) great_rsd(A,B) :- r_subst_3(A,D), ring_subst_6(B,C), x_subst(B,E,F), alk_groups(B,D).
(r6) great_rsd(A,B) :- n_val(A,C), ring_subst_5(A,D), ring_subst_4(B,E), r_subst_1(A,F).
(r7) great_rsd(A,B) :- ring_subst_6(B,E), polar(E,F), pi_doner(E,C), ring_subst_5(A,D).
(r8) great_rsd(A,B) :- r_subst_3(B,E), ring_subst_2(A,D), r_subst_3(A,C), ring_substitutions(A,C).
(r9) great_rsd(A,B) :- r_subst_1(B,D), x_subst(B,C,F), r_subst_3(A,C), alk_groups(B,E).
(r10) great_rsd(A,B) :- alk_groups(A,E), ring_subst_2(A,D), ring_subst_4(B,F), x_subst(A,E,C).
(r11) great_rsd(A,B) :- ring_substitutions(A,E), ring_subst_5(A,D), r_subst_3(B,F), ring_subst_2(B,C).
(r12) great_rsd(A,B) :- ring_subst_2(B,D), r_subst_1(B,E), ring_subst_5(A,C), flex(C,F).
(r13) great_rsd(A,B) :- ring_subst_2(B,D), ring_subst_6(A,C), x_subst(B,F,D), ring_subst_3(A,E).
(r14) great_rsd(A,B) :- n_val(B,D), pi_doner(F,E), alk_groups(A,C), ring_subst_4(B,F).
(r15) great_rsd(A,B) :- flex(D,E), ring_subst_6(A,C), ring_subst_5(B,D), pi_doner(D,F).
(r16) great_rsd(A,B) :- h_acceptor(E,C), ring_subst_5(A,D), ring_subst_3(A,E), ring_subst_4(B,E).
(r17) great_rsd(A,B) :- gt(C,D), ring_subst_3(A,F), ring_subst_2(B,E), r_subst_3(A,C).
(r18) great_rsd(A,B) :- ring_subst_2(B,D), ring_subst_3(A,E), r_subst_3(A,C), n_val(B,C).
(r19) great_rsd(A,B) :- alk_groups(B,C), ring_subst_3(B,D), ring_subst_5(A,F), ring_subst_3(A,E).
(r20) great_rsd(A,B) :- x_subst(A,F,C), r_subst_2(B,E), n_val(A,D), ring_substitutions(A,F).
(r21) great_rsd(A,B) :- ring_subst_4(A,F), ring_subst_6(B,C), polar(F,D), ring_subst_4(B,E).
(r22) great_rsd(A,B) :- polar(C,D), ring_subst_6(A,F), h_doner(F,E), ring_subst_3(B,C).
(r23) great_rsd(A,B) :- h_acceptor(E,F), alk_groups(B,D), ring_subst_2(A,E), great_h_acc(F,C).
(r24) great_rsd(A,B) :- alk_groups(A,E), r_subst_2(B,D), ring_subst_6(A,C), r_subst_2(B,F).
(r25) great_rsd(A,B) :- x_subst(B,D,C), n_val(A,D), r_subst_2(A,E), r_subst_1(B,F).
(r26) great_rsd(A,B) :- ring_subst_3(A,F), ring_subst_6(A,E), pi_acceptor(D,C), ring_subst_6(B,D).
(r27) great_rsd(A,B) :- x_subst(B,C,F), ring_subst_4(A,E), ring_subst_3(A,E), sigma(E,D).
(r28) great_rsd(A,B) :- ring_subst_5(B,E), n_val(A,D), polarisable(E,C), great_polari(C,F).
(r29) great_rsd(A,B) :- x_subst(A,F,E), polar(E,D), r_subst_1(B,C), ring_subst_3(A,E).
(r30) great_rsd(A,B) :- x_subst(A,C,F), ring_subst_2(B,F), ring_subst_3(A,E), ring_subst_6(A,D).
(r31) great_rsd(A,B) :- ring_substitutions(B,C), x_subst(B,C,D), x_subst(B,E,F), alk_groups(A,C).
(r32) great_rsd(A,B) :- ring_substitutions(B,C), ring_subst_2(B,D), gt(E,F), n_val(A,E).
(r33) great_rsd(A,B) :- n_val(B,D), r_subst_2(B,C), x_subst(A,D,E), ring_subst_3(A,E).
(r34) great_rsd(A,B) :- x_subst(A,E,D), ring_subst_4(A,F), polar(F,C), ring_subst_2(B,F).
(r35) great_rsd(A,B) :- n_val(A,C), ring_subst_6(B,F), ring_subst_3(A,E), pi_acceptor(F,D).
(r36) great_rsd(A,B) :- pi_doner(E,F), pi_doner(E,C), x_subst(B,D,E), ring_subst_2(A,E).
(r37) great_rsd(A,B) :- flex(F,E), ring_subst_4(B,F), ring_subst_6(A,C), polarisable(F,D).
(r38) great_rsd(A,B) :- ring_subst_3(A,E), ring_subst_5(B,E), x_subst(B,C,F), alk_groups(B,D).
(r39) great_rsd(A,B) :- x_subst(B,F,E), size(E,D), r_subst_2(A,C), n_val(A,F).
(r40) great_rsd(A,B) :- x_subst(B,F,E), alk_groups(B,C), ring_subst_4(A,E), x_subst(B,D,E).
====================
MaxSAT solving... (1024 vars, 5800 hard, 384 soft)
number of rules: 42
program size: 191
(inv1) inv1(X1,X2,X3,X4,X5,X6,X7,X8) :- alk_groups(X1,X2), x_subst(X3,X4,X5), x_subst(X6,X7,X8).
(inv2) inv2(X1,X2,X3,X4,X5,X6,X7) :- n_val(X1,X2), r_subst_2(X3,X4), x_subst(X5,X6,X7).
(r1) great_rsd(A,B) :- ring_substitutions(B,E), n_val(A,D), ring_subst_6(B,F), size(F,C).
(r2) great_rsd(A,B) :- ring_subst_3(B,F), x_subst(A,C,E), x_subst(A,D,E), ring_subst_2(B,E).
(r3) great_rsd(A,B) :- inv1(A,F,B,F,E,B,F,E), r_subst_3(A,D), ring_subst_4(B,C).
(r4) great_rsd(A,B) :- x_subst(B,F,C), r_subst_3(A,E), gt(F,E), polar(C,D).
(r5) great_rsd(A,B) :- inv1(B,D,B,E,F,B,E,F), r_subst_3(A,D), ring_subst_6(B,C).
(r6) great_rsd(A,B) :- n_val(A,C), ring_subst_5(A,D), ring_subst_4(B,E), r_subst_1(A,F).
(r7) great_rsd(A,B) :- ring_subst_6(B,E), polar(E,F), pi_doner(E,C), ring_subst_5(A,D).
(r8) great_rsd(A,B) :- r_subst_3(B,E), ring_subst_2(A,D), r_subst_3(A,C), ring_substitutions(A,C).
(r9) great_rsd(A,B) :- inv1(B,E,B,C,F,B,C,F), r_subst_1(B,D), r_subst_3(A,C).
(r10) great_rsd(A,B) :- inv1(A,E,A,E,C,A,E,C), ring_subst_2(A,D), ring_subst_4(B,F).
(r11) great_rsd(A,B) :- ring_substitutions(A,E), ring_subst_5(A,D), r_subst_3(B,F), ring_subst_2(B,C).
(r12) great_rsd(A,B) :- ring_subst_2(B,D), r_subst_1(B,E), ring_subst_5(A,C), flex(C,F).
(r13) great_rsd(A,B) :- ring_subst_2(B,D), ring_subst_6(A,C), x_subst(B,F,D), ring_subst_3(A,E).
(r14) great_rsd(A,B) :- n_val(B,D), pi_doner(F,E), alk_groups(A,C), ring_subst_4(B,F).
(r15) great_rsd(A,B) :- flex(D,E), ring_subst_6(A,C), ring_subst_5(B,D), pi_doner(D,F).
(r16) great_rsd(A,B) :- h_acceptor(E,C), ring_subst_5(A,D), ring_subst_3(A,E), ring_subst_4(B,E).
(r17) great_rsd(A,B) :- gt(C,D), ring_subst_3(A,F), ring_subst_2(B,E), r_subst_3(A,C).
(r18) great_rsd(A,B) :- ring_subst_2(B,D), ring_subst_3(A,E), r_subst_3(A,C), n_val(B,C).
(r19) great_rsd(A,B) :- alk_groups(B,C), ring_subst_3(B,D), ring_subst_5(A,F), ring_subst_3(A,E).
(r20) great_rsd(A,B) :- inv2(A,D,B,E,A,F,C), ring_substitutions(A,F).
(r21) great_rsd(A,B) :- ring_subst_4(A,F), ring_subst_6(B,C), polar(F,D), ring_subst_4(B,E).
(r22) great_rsd(A,B) :- polar(C,D), ring_subst_6(A,F), h_doner(F,E), ring_subst_3(B,C).
(r23) great_rsd(A,B) :- h_acceptor(E,F), alk_groups(B,D), ring_subst_2(A,E), great_h_acc(F,C).
(r24) great_rsd(A,B) :- alk_groups(A,E), r_subst_2(B,D), ring_subst_6(A,C), r_subst_2(B,F).
(r25) great_rsd(A,B) :- inv2(A,D,A,E,B,D,C), r_subst_1(B,F).
(r26) great_rsd(A,B) :- ring_subst_3(A,F), ring_subst_6(A,E), pi_acceptor(D,C), ring_subst_6(B,D).
(r27) great_rsd(A,B) :- x_subst(B,C,F), ring_subst_4(A,E), ring_subst_3(A,E), sigma(E,D).
(r28) great_rsd(A,B) :- ring_subst_5(B,E), n_val(A,D), polarisable(E,C), great_polari(C,F).
(r29) great_rsd(A,B) :- x_subst(A,F,E), polar(E,D), r_subst_1(B,C), ring_subst_3(A,E).
(r30) great_rsd(A,B) :- x_subst(A,C,F), ring_subst_2(B,F), ring_subst_3(A,E), ring_subst_6(A,D).
(r31) great_rsd(A,B) :- inv1(A,C,B,C,D,B,E,F), ring_substitutions(B,C).
(r32) great_rsd(A,B) :- ring_substitutions(B,C), ring_subst_2(B,D), gt(E,F), n_val(A,E).
(r33) great_rsd(A,B) :- inv2(B,D,B,C,A,D,E), ring_subst_3(A,E).
(r34) great_rsd(A,B) :- x_subst(A,E,D), ring_subst_4(A,F), polar(F,C), ring_subst_2(B,F).
(r35) great_rsd(A,B) :- n_val(A,C), ring_subst_6(B,F), ring_subst_3(A,E), pi_acceptor(F,D).
(r36) great_rsd(A,B) :- pi_doner(E,F), pi_doner(E,C), x_subst(B,D,E), ring_subst_2(A,E).
(r37) great_rsd(A,B) :- flex(F,E), ring_subst_4(B,F), ring_subst_6(A,C), polarisable(F,D).
(r38) great_rsd(A,B) :- inv1(B,D,B,C,F,B,C,F), ring_subst_3(A,E), ring_subst_5(B,E).
(r39) great_rsd(A,B) :- inv2(A,F,A,C,B,F,E), size(E,D).
(r40) great_rsd(A,B) :- inv1(B,C,B,F,E,B,D,E), ring_subst_4(A,E).
====================
