number of rules: 70
program size: 350
(r1) great(A,B) :- h_acceptor(E,C), r_subst_3(A,F), x_subst(B,D,E), x_subst(B,F,E).
(r2) great(A,B) :- n_val(B,E), x_subst(A,E,C), ring_subst_4(A,F), ring_substitutions(A,D).
(r3) great(A,B) :- ring_subst_4(B,C), r_subst_3(B,F), r_subst_2(B,E), ring_subst_2(A,D).
(r4) great(A,B) :- r_subst_3(B,F), ring_subst_6(B,C), flex(C,E), x_subst(A,D,C).
(r5) great(A,B) :- ring_subst_2(A,D), n_val(A,C), alk_groups(B,E), alk_groups(A,E).
(r6) great(A,B) :- r_subst_2(A,D), ring_subst_6(B,C), ring_subst_5(A,F), flex(F,E).
(r7) great(A,B) :- r_subst_3(B,F), ring_subst_6(A,C), gt(F,E), n_val(A,D).
(r8) great(A,B) :- n_val(A,F), ring_subst_5(A,C), ring_subst_5(B,E), ring_subst_5(B,D).
(r9) great(A,B) :- r_subst_3(A,C), ring_subst_3(A,F), ring_subst_6(B,D), x_subst(A,E,F).
(r10) great(A,B) :- ring_subst_3(A,E), ring_subst_4(B,F), flex(F,D), h_doner(E,C).
(r11) great(A,B) :- gt(C,E), x_subst(B,E,F), ring_subst_2(A,F), x_subst(B,C,D).
(r12) great(A,B) :- polar(E,D), x_subst(A,C,E), ring_substitutions(A,C), ring_subst_5(B,F).
(r13) great(A,B) :- ring_subst_5(B,C), n_val(A,F), size(C,E), pi_acceptor(C,D).
(r14) great(A,B) :- n_val(B,E), ring_subst_2(A,C), ring_subst_6(A,D), ring_subst_5(A,D).
(r15) great(A,B) :- ring_subst_4(B,F), ring_subst_6(B,C), r_subst_2(A,E), polar(F,D).
(r16) great(A,B) :- ring_subst_6(A,E), ring_subst_2(B,C), flex(C,F), n_val(A,D).
(r17) great(A,B) :- r_subst_3(B,C), sigma(D,E), ring_subst_6(A,F), ring_subst_5(B,D).
(r18) great(A,B) :- ring_subst_6(A,E), ring_subst_6(A,F), alk_groups(B,D), x_subst(A,C,E).
(r19) great(A,B) :- x_subst(B,F,C), pi_doner(C,D), sigma(C,E), n_val(A,F).
(r20) great(A,B) :- alk_groups(A,C), ring_subst_3(A,F), ring_subst_5(B,D), r_subst_3(B,E).
(r21) great(A,B) :- r_subst_1(A,D), n_val(A,E), ring_subst_2(B,F), pi_doner(F,C).
(r22) great(A,B) :- ring_subst_3(B,C), ring_subst_5(A,C), ring_subst_4(B,D), r_subst_3(B,E).
(r23) great(A,B) :- alk_groups(B,F), ring_subst_6(A,C), x_subst(B,D,E), r_subst_3(A,D).
(r24) great(A,B) :- ring_substitutions(A,E), r_subst_3(A,D), x_subst(B,E,C), r_subst_3(B,E).
(r25) great(A,B) :- pi_doner(F,E), x_subst(A,D,C), ring_substitutions(A,D), ring_subst_5(B,F).
(r26) great(A,B) :- ring_subst_4(B,E), ring_substitutions(B,C), r_subst_3(B,D), r_subst_3(A,D).
(r27) great(A,B) :- ring_subst_2(B,E), ring_subst_4(A,E), alk_groups(A,D), x_subst(A,F,C).
(r28) great(A,B) :- x_subst(B,C,E), ring_subst_6(A,E), x_subst(B,D,E), x_subst(A,C,E).
(r29) great(A,B) :- alk_groups(B,F), r_subst_1(A,C), alk_groups(B,E), ring_substitutions(B,D).
(r30) great(A,B) :- x_subst(B,C,F), x_subst(A,D,F), r_subst_3(A,D), h_acceptor(F,E).
(r31) great(A,B) :- r_subst_1(B,E), ring_subst_5(A,F), r_subst_1(B,C), ring_subst_4(A,D).
(r32) great(A,B) :- alk_groups(A,E), sigma(F,C), ring_subst_2(B,D), x_subst(A,E,F).
(r33) great(A,B) :- x_subst(B,C,E), size(E,D), ring_subst_4(B,F), x_subst(A,C,E).
(r34) great(A,B) :- sigma(F,E), ring_subst_5(A,F), r_subst_1(B,C), ring_subst_5(A,D).
(r35) great(A,B) :- ring_subst_3(A,C), polar(D,E), ring_subst_4(B,D), ring_subst_5(B,F).
(r36) great(A,B) :- n_val(A,E), alk_groups(B,D), n_val(A,F), ring_substitutions(A,C).
(r37) great(A,B) :- gt(D,E), alk_groups(B,D), ring_substitutions(A,C), n_val(B,D).
(r38) great(A,B) :- x_subst(A,F,D), r_subst_3(B,F), x_subst(B,E,D), gt(F,C).
(r39) great(A,B) :- pi_doner(D,C), ring_subst_5(B,E), n_val(A,F), ring_subst_2(A,D).
(r40) great(A,B) :- r_subst_3(B,C), r_subst_3(A,F), alk_groups(B,E), r_subst_1(B,D).
(r41) great(A,B) :- polarisable(C,F), ring_subst_3(A,E), ring_subst_5(A,C), ring_subst_2(B,D).
(r42) great(A,B) :- ring_subst_4(B,E), ring_subst_2(B,C), ring_subst_6(A,C), h_doner(E,D).
(r43) great(A,B) :- x_subst(B,C,E), ring_subst_4(A,E), ring_subst_6(B,F), x_subst(B,D,F).
(r44) great(A,B) :- alk_groups(B,F), ring_subst_2(A,E), x_subst(B,C,D), ring_subst_4(A,E).
(r45) great(A,B) :- ring_subst_3(B,E), ring_subst_5(B,D), r_subst_2(A,C), ring_subst_6(A,D).
(r46) great(A,B) :- ring_subst_4(B,F), flex(D,E), x_subst(B,C,F), ring_subst_5(A,D).
(r47) great(A,B) :- polar(F,D), ring_subst_4(B,F), ring_substitutions(A,C), h_acceptor(F,E).
(r48) great(A,B) :- ring_subst_4(A,E), ring_subst_6(A,C), x_subst(A,D,C), ring_substitutions(B,D).
(r49) great(A,B) :- ring_subst_2(B,C), r_subst_3(A,F), h_doner(C,E), ring_substitutions(A,D).
(r50) great(A,B) :- r_subst_3(A,C), ring_subst_2(A,F), ring_subst_2(B,D), alk_groups(A,E).
(r51) great(A,B) :- x_subst(B,F,C), h_acceptor(C,D), r_subst_3(B,F), alk_groups(A,E).
(r52) great(A,B) :- ring_subst_4(A,C), ring_subst_3(B,F), pi_doner(F,E), ring_subst_5(A,D).
(r53) great(A,B) :- ring_subst_3(B,E), ring_subst_4(A,E), r_subst_2(B,C), r_subst_3(A,D).
(r54) great(A,B) :- ring_subst_5(B,C), ring_subst_4(B,F), ring_substitutions(B,D), x_subst(A,E,F).
(r55) great(A,B) :- sigma(E,C), ring_subst_3(A,E), polarisable(E,F), r_subst_2(B,D).
(r56) great(A,B) :- n_val(B,E), ring_subst_3(B,C), x_subst(A,D,C), sigma(C,F).
(r57) great(A,B) :- sigma(F,C), ring_subst_4(A,F), ring_subst_2(B,D), r_subst_3(B,E).
(r58) great(A,B) :- ring_subst_6(A,C), ring_subst_2(A,F), ring_subst_5(B,D), flex(F,E).
(r59) great(A,B) :- r_subst_1(A,D), h_acceptor(C,F), ring_subst_3(B,C), r_subst_3(A,E).
(r60) great(A,B) :- ring_subst_6(B,E), ring_subst_5(B,D), r_subst_2(A,C), size(E,F).
(r61) great(A,B) :- n_val(B,E), r_subst_3(A,C), r_subst_3(B,D), r_subst_1(B,F).
(r62) great(A,B) :- x_subst(B,E,D), ring_subst_4(A,C), ring_subst_3(A,F), ring_subst_2(A,D).
(r63) great(A,B) :- ring_subst_4(B,E), flex(F,C), ring_subst_2(B,F), ring_subst_3(A,D).
(r64) great(A,B) :- alk_groups(B,C), x_subst(A,C,E), ring_subst_4(B,D), gt(C,F).
(r65) great(A,B) :- x_subst(B,E,D), ring_subst_6(B,C), r_subst_3(B,E), ring_subst_3(A,D).
(r66) great(A,B) :- n_val(A,F), ring_substitutions(B,C), polar(D,E), ring_subst_4(B,D).
(r67) great(A,B) :- x_subst(A,F,D), ring_subst_2(B,E), h_doner(D,C), h_doner(E,C).
(r68) great(A,B) :- ring_subst_4(B,E), ring_subst_4(A,E), ring_subst_2(B,C), h_doner(E,D).
(r69) great(A,B) :- x_subst(A,D,E), gt(C,D), x_subst(B,C,E), r_subst_3(A,D).
(r70) great(A,B) :- alk_groups(B,C), x_subst(A,F,E), r_subst_2(A,D), ring_substitutions(B,F).
====================
MaxSAT solving... (2450 vars, 15914 hard, 770 soft)
number of rules: 72
program size: 332
(inv1) inv1(X1,X2,X3,X4,X5,X6,X7,X8) :- x_subst(X1,X2,X3), x_subst(X4,X5,X6), ring_subst_4(X7,X8).
(inv2) inv2(X1,X2,X3,X4,X5,X6,X7,X8) :- x_subst(X1,X2,X3), x_subst(X4,X5,X6), r_subst_3(X7,X8).
(r1) great(A,B) :- inv2(B,D,E,B,F,E,A,F), h_acceptor(E,C).
(r2) great(A,B) :- inv1(A,E,C,A,E,C,A,F), n_val(B,E), ring_substitutions(A,D).
(r3) great(A,B) :- ring_subst_4(B,C), r_subst_3(B,F), r_subst_2(B,E), ring_subst_2(A,D).
(r4) great(A,B) :- inv2(A,D,C,A,D,C,B,F), ring_subst_6(B,C), flex(C,E).
(r5) great(A,B) :- ring_subst_2(A,D), n_val(A,C), alk_groups(B,E), alk_groups(A,E).
(r6) great(A,B) :- r_subst_2(A,D), ring_subst_6(B,C), ring_subst_5(A,F), flex(F,E).
(r7) great(A,B) :- r_subst_3(B,F), ring_subst_6(A,C), gt(F,E), n_val(A,D).
(r8) great(A,B) :- n_val(A,F), ring_subst_5(A,C), ring_subst_5(B,E), ring_subst_5(B,D).
(r9) great(A,B) :- inv2(A,E,F,A,E,F,A,C), ring_subst_3(A,F), ring_subst_6(B,D).
(r10) great(A,B) :- ring_subst_3(A,E), ring_subst_4(B,F), flex(F,D), h_doner(E,C).
(r11) great(A,B) :- gt(C,E), x_subst(B,E,F), ring_subst_2(A,F), x_subst(B,C,D).
(r12) great(A,B) :- polar(E,D), x_subst(A,C,E), ring_substitutions(A,C), ring_subst_5(B,F).
(r13) great(A,B) :- ring_subst_5(B,C), n_val(A,F), size(C,E), pi_acceptor(C,D).
(r14) great(A,B) :- n_val(B,E), ring_subst_2(A,C), ring_subst_6(A,D), ring_subst_5(A,D).
(r15) great(A,B) :- ring_subst_4(B,F), ring_subst_6(B,C), r_subst_2(A,E), polar(F,D).
(r16) great(A,B) :- ring_subst_6(A,E), ring_subst_2(B,C), flex(C,F), n_val(A,D).
(r17) great(A,B) :- r_subst_3(B,C), sigma(D,E), ring_subst_6(A,F), ring_subst_5(B,D).
(r18) great(A,B) :- ring_subst_6(A,E), ring_subst_6(A,F), alk_groups(B,D), x_subst(A,C,E).
(r19) great(A,B) :- x_subst(B,F,C), pi_doner(C,D), sigma(C,E), n_val(A,F).
(r20) great(A,B) :- alk_groups(A,C), ring_subst_3(A,F), ring_subst_5(B,D), r_subst_3(B,E).
(r21) great(A,B) :- r_subst_1(A,D), n_val(A,E), ring_subst_2(B,F), pi_doner(F,C).
(r22) great(A,B) :- ring_subst_3(B,C), ring_subst_5(A,C), ring_subst_4(B,D), r_subst_3(B,E).
(r23) great(A,B) :- inv2(B,D,E,B,D,E,A,D), alk_groups(B,F), ring_subst_6(A,C).
(r24) great(A,B) :- inv2(B,E,C,B,E,C,A,D), ring_substitutions(A,E), r_subst_3(B,E).
(r25) great(A,B) :- pi_doner(F,E), x_subst(A,D,C), ring_substitutions(A,D), ring_subst_5(B,F).
(r26) great(A,B) :- ring_subst_4(B,E), ring_substitutions(B,C), r_subst_3(B,D), r_subst_3(A,D).
(r27) great(A,B) :- inv1(A,F,C,A,F,C,A,E), ring_subst_2(B,E), alk_groups(A,D).
(r28) great(A,B) :- x_subst(B,C,E), ring_subst_6(A,E), x_subst(B,D,E), x_subst(A,C,E).
(r29) great(A,B) :- alk_groups(B,F), r_subst_1(A,C), alk_groups(B,E), ring_substitutions(B,D).
(r30) great(A,B) :- inv2(B,C,F,A,D,F,A,D), h_acceptor(F,E).
(r31) great(A,B) :- r_subst_1(B,E), ring_subst_5(A,F), r_subst_1(B,C), ring_subst_4(A,D).
(r32) great(A,B) :- alk_groups(A,E), sigma(F,C), ring_subst_2(B,D), x_subst(A,E,F).
(r33) great(A,B) :- inv1(B,C,E,A,C,E,B,F), size(E,D).
(r34) great(A,B) :- sigma(F,E), ring_subst_5(A,F), r_subst_1(B,C), ring_subst_5(A,D).
(r35) great(A,B) :- ring_subst_3(A,C), polar(D,E), ring_subst_4(B,D), ring_subst_5(B,F).
(r36) great(A,B) :- n_val(A,E), alk_groups(B,D), n_val(A,F), ring_substitutions(A,C).
(r37) great(A,B) :- gt(D,E), alk_groups(B,D), ring_substitutions(A,C), n_val(B,D).
(r38) great(A,B) :- inv2(A,F,D,B,E,D,B,F), gt(F,C).
(r39) great(A,B) :- pi_doner(D,C), ring_subst_5(B,E), n_val(A,F), ring_subst_2(A,D).
(r40) great(A,B) :- r_subst_3(B,C), r_subst_3(A,F), alk_groups(B,E), r_subst_1(B,D).
(r41) great(A,B) :- polarisable(C,F), ring_subst_3(A,E), ring_subst_5(A,C), ring_subst_2(B,D).
(r42) great(A,B) :- ring_subst_4(B,E), ring_subst_2(B,C), ring_subst_6(A,C), h_doner(E,D).
(r43) great(A,B) :- inv1(B,C,E,B,D,F,A,E), ring_subst_6(B,F).
(r44) great(A,B) :- inv1(B,C,D,B,C,D,A,E), alk_groups(B,F), ring_subst_2(A,E).
(r45) great(A,B) :- ring_subst_3(B,E), ring_subst_5(B,D), r_subst_2(A,C), ring_subst_6(A,D).
(r46) great(A,B) :- inv1(B,C,F,B,C,F,B,F), flex(D,E), ring_subst_5(A,D).
(r47) great(A,B) :- polar(F,D), ring_subst_4(B,F), ring_substitutions(A,C), h_acceptor(F,E).
(r48) great(A,B) :- inv1(A,D,C,A,D,C,A,E), ring_subst_6(A,C), ring_substitutions(B,D).
(r49) great(A,B) :- ring_subst_2(B,C), r_subst_3(A,F), h_doner(C,E), ring_substitutions(A,D).
(r50) great(A,B) :- r_subst_3(A,C), ring_subst_2(A,F), ring_subst_2(B,D), alk_groups(A,E).
(r51) great(A,B) :- inv2(B,F,C,B,F,C,B,F), h_acceptor(C,D), alk_groups(A,E).
(r52) great(A,B) :- ring_subst_4(A,C), ring_subst_3(B,F), pi_doner(F,E), ring_subst_5(A,D).
(r53) great(A,B) :- ring_subst_3(B,E), ring_subst_4(A,E), r_subst_2(B,C), r_subst_3(A,D).
(r54) great(A,B) :- inv1(A,E,F,A,E,F,B,F), ring_subst_5(B,C), ring_substitutions(B,D).
(r55) great(A,B) :- sigma(E,C), ring_subst_3(A,E), polarisable(E,F), r_subst_2(B,D).
(r56) great(A,B) :- n_val(B,E), ring_subst_3(B,C), x_subst(A,D,C), sigma(C,F).
(r57) great(A,B) :- sigma(F,C), ring_subst_4(A,F), ring_subst_2(B,D), r_subst_3(B,E).
(r58) great(A,B) :- ring_subst_6(A,C), ring_subst_2(A,F), ring_subst_5(B,D), flex(F,E).
(r59) great(A,B) :- r_subst_1(A,D), h_acceptor(C,F), ring_subst_3(B,C), r_subst_3(A,E).
(r60) great(A,B) :- ring_subst_6(B,E), ring_subst_5(B,D), r_subst_2(A,C), size(E,F).
(r61) great(A,B) :- n_val(B,E), r_subst_3(A,C), r_subst_3(B,D), r_subst_1(B,F).
(r62) great(A,B) :- inv1(B,E,D,B,E,D,A,C), ring_subst_3(A,F), ring_subst_2(A,D).
(r63) great(A,B) :- ring_subst_4(B,E), flex(F,C), ring_subst_2(B,F), ring_subst_3(A,D).
(r64) great(A,B) :- inv1(A,C,E,A,C,E,B,D), alk_groups(B,C), gt(C,F).
(r65) great(A,B) :- inv2(B,E,D,B,E,D,B,E), ring_subst_6(B,C), ring_subst_3(A,D).
(r66) great(A,B) :- n_val(A,F), ring_substitutions(B,C), polar(D,E), ring_subst_4(B,D).
(r67) great(A,B) :- x_subst(A,F,D), ring_subst_2(B,E), h_doner(D,C), h_doner(E,C).
(r68) great(A,B) :- ring_subst_4(B,E), ring_subst_4(A,E), ring_subst_2(B,C), h_doner(E,D).
(r69) great(A,B) :- inv2(A,D,E,B,C,E,A,D), gt(C,D).
(r70) great(A,B) :- alk_groups(B,C), x_subst(A,F,E), r_subst_2(A,D), ring_substitutions(B,F).
====================
