number of rules: 90
program size: 442
(r1) great_rsd(A,B) :- x_subst(A,D,C), alk_groups(A,F), x_subst(A,F,C), n_val(B,E).
(r2) great_rsd(A,B) :- pi_doner(E,C), ring_subst_3(A,F), ring_subst_4(B,E), polarisable(E,D).
(r3) great_rsd(A,B) :- flex(F,E), ring_subst_6(B,F), r_subst_2(A,D), ring_subst_2(B,C).
(r4) great_rsd(A,B) :- ring_subst_5(A,C), ring_subst_6(B,C), r_subst_1(A,E), x_subst(A,F,D).
(r5) great_rsd(A,B) :- x_subst(B,D,F), h_doner(E,C), ring_subst_5(A,E), ring_subst_3(A,E).
(r6) great_rsd(A,B) :- ring_subst_6(B,C), r_subst_2(B,E), r_subst_1(A,D).
(r7) great_rsd(A,B) :- x_subst(A,D,F), ring_subst_5(B,F), n_val(B,E), ring_subst_3(A,C).
(r8) great_rsd(A,B) :- n_val(B,D), n_val(B,E), r_subst_3(A,C).
(r9) great_rsd(A,B) :- ring_substitutions(A,E), ring_subst_2(B,D), h_acceptor(C,F), ring_subst_4(B,C).
(r10) great_rsd(A,B) :- x_subst(A,E,D), ring_subst_2(B,D), ring_subst_4(A,C), pi_acceptor(D,F).
(r11) great_rsd(A,B) :- x_subst(B,C,E), alk_groups(A,C), ring_subst_2(B,F), x_subst(A,D,E).
(r12) great_rsd(A,B) :- ring_subst_3(A,C), ring_subst_6(B,E), ring_subst_6(B,C), alk_groups(B,D).
(r13) great_rsd(A,B) :- ring_subst_6(B,C), ring_subst_4(A,C), ring_subst_6(A,D), ring_subst_2(B,C).
(r14) great_rsd(A,B) :- ring_subst_6(B,E), ring_subst_2(B,E), r_subst_1(A,C), x_subst(A,D,E).
(r15) great_rsd(A,B) :- n_val(B,D), r_subst_2(A,C), r_subst_3(A,E), ring_subst_4(B,F).
(r16) great_rsd(A,B) :- n_val(B,D), ring_subst_6(A,E), ring_subst_4(B,C), h_doner(E,F).
(r17) great_rsd(A,B) :- r_subst_2(B,D), ring_substitutions(A,E), x_subst(A,E,C), r_subst_1(B,F).
(r18) great_rsd(A,B) :- ring_subst_2(B,E), ring_subst_2(B,D), ring_subst_4(A,F), r_subst_3(B,C).
(r19) great_rsd(A,B) :- ring_subst_2(A,F), n_val(B,C), x_subst(A,E,F), ring_subst_6(A,D).
(r20) great_rsd(A,B) :- x_subst(A,C,E), ring_subst_3(A,D), n_val(B,C), ring_subst_6(A,D).
(r21) great_rsd(A,B) :- alk_groups(A,C), ring_subst_2(B,D), r_subst_3(A,E), ring_subst_6(A,D).
(r22) great_rsd(A,B) :- alk_groups(A,E), ring_substitutions(A,E), x_subst(B,C,D), polar(D,F).
(r23) great_rsd(A,B) :- flex(C,E), x_subst(B,D,C), ring_subst_6(B,F), ring_subst_6(A,F).
(r24) great_rsd(A,B) :- alk_groups(A,E), x_subst(A,E,D), x_subst(B,C,D), x_subst(B,C,F).
(r25) great_rsd(A,B) :- r_subst_3(B,D), ring_substitutions(B,E), x_subst(A,D,C), gt(E,D).
(r26) great_rsd(A,B) :- x_subst(A,C,E), ring_subst_5(B,E), polarisable(E,F), ring_subst_6(B,D).
(r27) great_rsd(A,B) :- size(D,E), alk_groups(A,C), ring_subst_5(B,D).
(r28) great_rsd(A,B) :- ring_subst_5(A,C), ring_subst_6(A,E), alk_groups(B,D), r_subst_2(A,F).
(r29) great_rsd(A,B) :- r_subst_1(B,D), polar(F,C), r_subst_3(A,E), ring_subst_5(A,F).
(r30) great_rsd(A,B) :- x_subst(A,C,E), x_subst(A,F,D), ring_subst_3(A,E), ring_substitutions(B,F).
(r31) great_rsd(A,B) :- ring_subst_2(A,F), ring_subst_5(A,E), flex(F,D), r_subst_1(B,C).
(r32) great_rsd(A,B) :- ring_subst_2(B,D), r_subst_3(A,E), x_subst(B,E,F), r_subst_3(B,C).
(r33) great_rsd(A,B) :- r_subst_1(B,C), ring_subst_4(A,E), pi_acceptor(E,F), alk_groups(A,D).
(r34) great_rsd(A,B) :- alk_groups(A,E), r_subst_3(A,D), n_val(A,D), ring_subst_3(B,C).
(r35) great_rsd(A,B) :- ring_subst_4(A,F), ring_subst_3(A,D), gt(E,C), alk_groups(B,E).
(r36) great_rsd(A,B) :- r_subst_2(A,D), ring_subst_2(A,F), r_subst_1(B,C), n_val(A,E).
(r37) great_rsd(A,B) :- ring_subst_2(A,D), ring_subst_6(A,C), ring_subst_6(B,D).
(r38) great_rsd(A,B) :- ring_subst_3(A,C), pi_acceptor(E,F), alk_groups(A,D), ring_subst_3(B,E).
(r39) great_rsd(A,B) :- polar(D,F), ring_subst_6(A,D), x_subst(A,C,D), alk_groups(B,E).
(r40) great_rsd(A,B) :- sigma(F,E), ring_substitutions(A,D), ring_subst_2(A,F), r_subst_3(B,C).
(r41) great_rsd(A,B) :- h_acceptor(C,F), r_subst_3(B,E), ring_subst_6(A,C), sigma(C,D).
(r42) great_rsd(A,B) :- ring_subst_3(A,C), ring_subst_6(B,C), ring_subst_4(A,E), ring_subst_5(A,D).
(r43) great_rsd(A,B) :- ring_subst_3(B,F), x_subst(B,C,F), ring_subst_2(B,E), ring_subst_6(A,D).
(r44) great_rsd(A,B) :- ring_substitutions(B,C), ring_subst_3(A,F), polar(F,E), great_polar(E,D).
(r45) great_rsd(A,B) :- x_subst(A,E,D), ring_subst_2(A,D), r_subst_3(B,C), x_subst(A,C,D).
(r46) great_rsd(A,B) :- x_subst(A,D,C), ring_subst_5(B,C), ring_subst_6(B,C).
(r47) great_rsd(A,B) :- ring_subst_5(B,E), polar(E,F), h_doner(E,C), x_subst(A,D,E).
(r48) great_rsd(A,B) :- ring_subst_5(A,E), x_subst(B,D,E), r_subst_1(B,F), flex(E,C).
(r49) great_rsd(A,B) :- r_subst_3(A,D), ring_subst_5(A,E), x_subst(B,C,F), ring_substitutions(A,D).
(r50) great_rsd(A,B) :- x_subst(B,F,C), ring_subst_3(B,E), ring_subst_3(A,E), polar(C,D).
(r51) great_rsd(A,B) :- ring_substitutions(A,E), ring_subst_4(A,F), polar(F,D), ring_subst_2(B,C).
(r52) great_rsd(A,B) :- ring_subst_3(A,D), r_subst_3(B,C), ring_subst_5(B,D), alk_groups(B,E).
(r53) great_rsd(A,B) :- x_subst(A,E,D), ring_subst_5(A,F), ring_subst_5(B,D), polar(D,C).
(r54) great_rsd(A,B) :- sigma(F,D), ring_subst_4(A,F), r_subst_1(B,C), ring_subst_3(A,E).
(r55) great_rsd(A,B) :- alk_groups(A,E), ring_subst_2(B,D), ring_subst_3(B,D), ring_subst_2(B,C).
(r56) great_rsd(A,B) :- ring_subst_2(A,F), size(F,D), ring_subst_6(B,C), pi_doner(F,E).
(r57) great_rsd(A,B) :- ring_subst_4(A,D), ring_subst_6(B,E), polarisable(D,F), r_subst_1(B,C).
(r58) great_rsd(A,B) :- x_subst(A,D,F), ring_subst_3(A,F), flex(F,E), ring_subst_3(B,C).
(r59) great_rsd(A,B) :- x_subst(B,F,C), alk_groups(B,D), ring_subst_6(A,C), alk_groups(B,E).
(r60) great_rsd(A,B) :- ring_subst_2(A,D), r_subst_3(A,E), r_subst_3(B,C), r_subst_3(B,F).
(r61) great_rsd(A,B) :- ring_subst_2(B,D), ring_subst_5(B,D), ring_subst_5(A,C), ring_subst_3(A,E).
(r62) great_rsd(A,B) :- ring_subst_3(B,F), r_subst_1(A,C), h_doner(F,E), ring_subst_6(A,D).
(r63) great_rsd(A,B) :- ring_subst_5(B,E), ring_subst_3(B,E), r_subst_3(A,C), ring_subst_6(B,D).
(r64) great_rsd(A,B) :- x_subst(A,F,C), alk_groups(B,D), ring_subst_3(A,E), ring_subst_4(B,E).
(r65) great_rsd(A,B) :- ring_subst_6(B,E), ring_subst_6(A,C), ring_subst_5(A,F), sigma(C,D).
(r66) great_rsd(A,B) :- ring_subst_3(A,C), polarisable(F,E), ring_subst_4(B,F), ring_subst_5(B,D).
(r67) great_rsd(A,B) :- ring_subst_3(A,C), x_subst(A,D,C), ring_subst_3(B,E).
(r68) great_rsd(A,B) :- n_val(A,D), x_subst(B,C,F), r_subst_1(A,E), ring_subst_5(A,F).
(r69) great_rsd(A,B) :- r_subst_2(B,C), polar(F,E), ring_subst_4(B,F), r_subst_2(A,D).
(r70) great_rsd(A,B) :- ring_subst_4(A,C), n_val(A,D), size(C,E), ring_subst_2(B,C).
(r71) great_rsd(A,B) :- r_subst_3(A,D), x_subst(B,F,C), n_val(A,D), gt(F,E).
(r72) great_rsd(A,B) :- n_val(B,F), size(C,D), ring_subst_6(B,C), r_subst_3(A,E).
(r73) great_rsd(A,B) :- n_val(A,D), alk_groups(A,D), x_subst(B,C,E), h_doner(E,F).
(r74) great_rsd(A,B) :- alk_groups(A,E), r_subst_1(B,D), ring_substitutions(B,C).
(r75) great_rsd(A,B) :- n_val(A,D), x_subst(A,F,C), ring_subst_4(A,E), x_subst(B,D,E).
(r76) great_rsd(A,B) :- r_subst_3(B,D), x_subst(A,D,C), x_subst(A,D,E), r_subst_2(A,F).
(r77) great_rsd(A,B) :- pi_acceptor(C,F), ring_subst_6(A,C), ring_substitutions(B,D), n_val(A,E).
(r78) great_rsd(A,B) :- ring_subst_3(A,C), n_val(A,F), h_acceptor(C,D), alk_groups(B,E).
(r79) great_rsd(A,B) :- ring_subst_5(B,D), ring_subst_2(A,D), ring_subst_5(A,F), x_subst(A,E,C).
(r80) great_rsd(A,B) :- x_subst(B,E,D), r_subst_1(B,C), ring_subst_4(B,D), ring_subst_5(A,D).
(r81) great_rsd(A,B) :- r_subst_2(B,E), ring_subst_6(A,C), h_acceptor(C,D), r_subst_1(B,F).
(r82) great_rsd(A,B) :- ring_subst_3(B,F), r_subst_3(A,D), ring_subst_6(A,E), x_subst(B,C,F).
(r83) great_rsd(A,B) :- r_subst_2(B,D), ring_subst_2(A,C), x_subst(A,E,F).
(r84) great_rsd(A,B) :- r_subst_2(B,D), ring_subst_5(A,E), sigma(E,C), ring_subst_3(A,E).
(r85) great_rsd(A,B) :- ring_subst_2(A,C), polarisable(F,E), alk_groups(B,D), ring_subst_6(A,F).
(r86) great_rsd(A,B) :- n_val(A,C), ring_subst_6(A,E), n_val(B,D), h_doner(E,F).
(r87) great_rsd(A,B) :- flex(F,E), ring_subst_2(A,D), ring_subst_4(B,F), r_subst_2(B,C).
(r88) great_rsd(A,B) :- polarisable(C,E), ring_subst_2(B,D), ring_subst_4(A,C), ring_subst_5(B,D).
(r89) great_rsd(A,B) :- ring_substitutions(A,E), r_subst_1(A,C), alk_groups(B,D), r_subst_3(B,F).
(r90) great_rsd(A,B) :- n_val(A,F), ring_subst_3(A,D), n_val(B,E), ring_subst_3(B,C).
====================
MaxSAT solving... (3074 vars, 20468 hard, 962 soft)
number of rules: 92
program size: 425
(inv1) inv1(X1,X2,X3,X4,X5,X6,X7) :- x_subst(X1,X2,X3), ring_subst_5(X4,X5), ring_subst_5(X6,X7).
(inv2) inv2(X1,X2,X3,X4,X5,X6) :- ring_subst_6(X1,X2), ring_subst_6(X3,X4), ring_subst_2(X5,X6).
(r1) great_rsd(A,B) :- x_subst(A,D,C), alk_groups(A,F), x_subst(A,F,C), n_val(B,E).
(r2) great_rsd(A,B) :- pi_doner(E,C), ring_subst_3(A,F), ring_subst_4(B,E), polarisable(E,D).
(r3) great_rsd(A,B) :- inv2(B,F,B,F,B,C), flex(F,E), r_subst_2(A,D).
(r4) great_rsd(A,B) :- inv1(A,F,D,A,C,A,C), ring_subst_6(B,C), r_subst_1(A,E).
(r5) great_rsd(A,B) :- inv1(B,D,F,A,E,A,E), h_doner(E,C), ring_subst_3(A,E).
(r6) great_rsd(A,B) :- ring_subst_6(B,C), r_subst_2(B,E), r_subst_1(A,D).
(r7) great_rsd(A,B) :- inv1(A,D,F,B,F,B,F), n_val(B,E), ring_subst_3(A,C).
(r8) great_rsd(A,B) :- n_val(B,D), n_val(B,E), r_subst_3(A,C).
(r9) great_rsd(A,B) :- ring_substitutions(A,E), ring_subst_2(B,D), h_acceptor(C,F), ring_subst_4(B,C).
(r10) great_rsd(A,B) :- x_subst(A,E,D), ring_subst_2(B,D), ring_subst_4(A,C), pi_acceptor(D,F).
(r11) great_rsd(A,B) :- x_subst(B,C,E), alk_groups(A,C), ring_subst_2(B,F), x_subst(A,D,E).
(r12) great_rsd(A,B) :- ring_subst_3(A,C), ring_subst_6(B,E), ring_subst_6(B,C), alk_groups(B,D).
(r13) great_rsd(A,B) :- inv2(B,C,A,D,B,C), ring_subst_4(A,C).
(r14) great_rsd(A,B) :- inv2(B,E,B,E,B,E), r_subst_1(A,C), x_subst(A,D,E).
(r15) great_rsd(A,B) :- n_val(B,D), r_subst_2(A,C), r_subst_3(A,E), ring_subst_4(B,F).
(r16) great_rsd(A,B) :- n_val(B,D), ring_subst_6(A,E), ring_subst_4(B,C), h_doner(E,F).
(r17) great_rsd(A,B) :- r_subst_2(B,D), ring_substitutions(A,E), x_subst(A,E,C), r_subst_1(B,F).
(r18) great_rsd(A,B) :- ring_subst_2(B,E), ring_subst_2(B,D), ring_subst_4(A,F), r_subst_3(B,C).
(r19) great_rsd(A,B) :- inv2(A,D,A,D,A,F), n_val(B,C), x_subst(A,E,F).
(r20) great_rsd(A,B) :- x_subst(A,C,E), ring_subst_3(A,D), n_val(B,C), ring_subst_6(A,D).
(r21) great_rsd(A,B) :- inv2(A,D,A,D,B,D), alk_groups(A,C), r_subst_3(A,E).
(r22) great_rsd(A,B) :- alk_groups(A,E), ring_substitutions(A,E), x_subst(B,C,D), polar(D,F).
(r23) great_rsd(A,B) :- flex(C,E), x_subst(B,D,C), ring_subst_6(B,F), ring_subst_6(A,F).
(r24) great_rsd(A,B) :- alk_groups(A,E), x_subst(A,E,D), x_subst(B,C,D), x_subst(B,C,F).
(r25) great_rsd(A,B) :- r_subst_3(B,D), ring_substitutions(B,E), x_subst(A,D,C), gt(E,D).
(r26) great_rsd(A,B) :- inv1(A,C,E,B,E,B,E), polarisable(E,F), ring_subst_6(B,D).
(r27) great_rsd(A,B) :- size(D,E), alk_groups(A,C), ring_subst_5(B,D).
(r28) great_rsd(A,B) :- ring_subst_5(A,C), ring_subst_6(A,E), alk_groups(B,D), r_subst_2(A,F).
(r29) great_rsd(A,B) :- r_subst_1(B,D), polar(F,C), r_subst_3(A,E), ring_subst_5(A,F).
(r30) great_rsd(A,B) :- x_subst(A,C,E), x_subst(A,F,D), ring_subst_3(A,E), ring_substitutions(B,F).
(r31) great_rsd(A,B) :- ring_subst_2(A,F), ring_subst_5(A,E), flex(F,D), r_subst_1(B,C).
(r32) great_rsd(A,B) :- ring_subst_2(B,D), r_subst_3(A,E), x_subst(B,E,F), r_subst_3(B,C).
(r33) great_rsd(A,B) :- r_subst_1(B,C), ring_subst_4(A,E), pi_acceptor(E,F), alk_groups(A,D).
(r34) great_rsd(A,B) :- alk_groups(A,E), r_subst_3(A,D), n_val(A,D), ring_subst_3(B,C).
(r35) great_rsd(A,B) :- ring_subst_4(A,F), ring_subst_3(A,D), gt(E,C), alk_groups(B,E).
(r36) great_rsd(A,B) :- r_subst_2(A,D), ring_subst_2(A,F), r_subst_1(B,C), n_val(A,E).
(r37) great_rsd(A,B) :- inv2(A,C,B,D,A,D).
(r38) great_rsd(A,B) :- ring_subst_3(A,C), pi_acceptor(E,F), alk_groups(A,D), ring_subst_3(B,E).
(r39) great_rsd(A,B) :- polar(D,F), ring_subst_6(A,D), x_subst(A,C,D), alk_groups(B,E).
(r40) great_rsd(A,B) :- sigma(F,E), ring_substitutions(A,D), ring_subst_2(A,F), r_subst_3(B,C).
(r41) great_rsd(A,B) :- h_acceptor(C,F), r_subst_3(B,E), ring_subst_6(A,C), sigma(C,D).
(r42) great_rsd(A,B) :- ring_subst_3(A,C), ring_subst_6(B,C), ring_subst_4(A,E), ring_subst_5(A,D).
(r43) great_rsd(A,B) :- inv2(A,D,A,D,B,E), ring_subst_3(B,F), x_subst(B,C,F).
(r44) great_rsd(A,B) :- ring_substitutions(B,C), ring_subst_3(A,F), polar(F,E), great_polar(E,D).
(r45) great_rsd(A,B) :- x_subst(A,E,D), ring_subst_2(A,D), r_subst_3(B,C), x_subst(A,C,D).
(r46) great_rsd(A,B) :- inv1(A,D,C,B,C,B,C), ring_subst_6(B,C).
(r47) great_rsd(A,B) :- inv1(A,D,E,B,E,B,E), polar(E,F), h_doner(E,C).
(r48) great_rsd(A,B) :- inv1(B,D,E,A,E,A,E), r_subst_1(B,F), flex(E,C).
(r49) great_rsd(A,B) :- inv1(B,C,F,A,E,A,E), r_subst_3(A,D), ring_substitutions(A,D).
(r50) great_rsd(A,B) :- x_subst(B,F,C), ring_subst_3(B,E), ring_subst_3(A,E), polar(C,D).
(r51) great_rsd(A,B) :- ring_substitutions(A,E), ring_subst_4(A,F), polar(F,D), ring_subst_2(B,C).
(r52) great_rsd(A,B) :- ring_subst_3(A,D), r_subst_3(B,C), ring_subst_5(B,D), alk_groups(B,E).
(r53) great_rsd(A,B) :- inv1(A,E,D,A,F,B,D), polar(D,C).
(r54) great_rsd(A,B) :- sigma(F,D), ring_subst_4(A,F), r_subst_1(B,C), ring_subst_3(A,E).
(r55) great_rsd(A,B) :- alk_groups(A,E), ring_subst_2(B,D), ring_subst_3(B,D), ring_subst_2(B,C).
(r56) great_rsd(A,B) :- inv2(B,C,B,C,A,F), size(F,D), pi_doner(F,E).
(r57) great_rsd(A,B) :- ring_subst_4(A,D), ring_subst_6(B,E), polarisable(D,F), r_subst_1(B,C).
(r58) great_rsd(A,B) :- x_subst(A,D,F), ring_subst_3(A,F), flex(F,E), ring_subst_3(B,C).
(r59) great_rsd(A,B) :- x_subst(B,F,C), alk_groups(B,D), ring_subst_6(A,C), alk_groups(B,E).
(r60) great_rsd(A,B) :- ring_subst_2(A,D), r_subst_3(A,E), r_subst_3(B,C), r_subst_3(B,F).
(r61) great_rsd(A,B) :- ring_subst_2(B,D), ring_subst_5(B,D), ring_subst_5(A,C), ring_subst_3(A,E).
(r62) great_rsd(A,B) :- ring_subst_3(B,F), r_subst_1(A,C), h_doner(F,E), ring_subst_6(A,D).
(r63) great_rsd(A,B) :- ring_subst_5(B,E), ring_subst_3(B,E), r_subst_3(A,C), ring_subst_6(B,D).
(r64) great_rsd(A,B) :- x_subst(A,F,C), alk_groups(B,D), ring_subst_3(A,E), ring_subst_4(B,E).
(r65) great_rsd(A,B) :- ring_subst_6(B,E), ring_subst_6(A,C), ring_subst_5(A,F), sigma(C,D).
(r66) great_rsd(A,B) :- ring_subst_3(A,C), polarisable(F,E), ring_subst_4(B,F), ring_subst_5(B,D).
(r67) great_rsd(A,B) :- ring_subst_3(A,C), x_subst(A,D,C), ring_subst_3(B,E).
(r68) great_rsd(A,B) :- inv1(B,C,F,A,F,A,F), n_val(A,D), r_subst_1(A,E).
(r69) great_rsd(A,B) :- r_subst_2(B,C), polar(F,E), ring_subst_4(B,F), r_subst_2(A,D).
(r70) great_rsd(A,B) :- ring_subst_4(A,C), n_val(A,D), size(C,E), ring_subst_2(B,C).
(r71) great_rsd(A,B) :- r_subst_3(A,D), x_subst(B,F,C), n_val(A,D), gt(F,E).
(r72) great_rsd(A,B) :- n_val(B,F), size(C,D), ring_subst_6(B,C), r_subst_3(A,E).
(r73) great_rsd(A,B) :- n_val(A,D), alk_groups(A,D), x_subst(B,C,E), h_doner(E,F).
(r74) great_rsd(A,B) :- alk_groups(A,E), r_subst_1(B,D), ring_substitutions(B,C).
(r75) great_rsd(A,B) :- n_val(A,D), x_subst(A,F,C), ring_subst_4(A,E), x_subst(B,D,E).
(r76) great_rsd(A,B) :- r_subst_3(B,D), x_subst(A,D,C), x_subst(A,D,E), r_subst_2(A,F).
(r77) great_rsd(A,B) :- pi_acceptor(C,F), ring_subst_6(A,C), ring_substitutions(B,D), n_val(A,E).
(r78) great_rsd(A,B) :- ring_subst_3(A,C), n_val(A,F), h_acceptor(C,D), alk_groups(B,E).
(r79) great_rsd(A,B) :- inv1(A,E,C,B,D,A,F), ring_subst_2(A,D).
(r80) great_rsd(A,B) :- inv1(B,E,D,A,D,A,D), r_subst_1(B,C), ring_subst_4(B,D).
(r81) great_rsd(A,B) :- r_subst_2(B,E), ring_subst_6(A,C), h_acceptor(C,D), r_subst_1(B,F).
(r82) great_rsd(A,B) :- ring_subst_3(B,F), r_subst_3(A,D), ring_subst_6(A,E), x_subst(B,C,F).
(r83) great_rsd(A,B) :- r_subst_2(B,D), ring_subst_2(A,C), x_subst(A,E,F).
(r84) great_rsd(A,B) :- r_subst_2(B,D), ring_subst_5(A,E), sigma(E,C), ring_subst_3(A,E).
(r85) great_rsd(A,B) :- inv2(A,F,A,F,A,C), polarisable(F,E), alk_groups(B,D).
(r86) great_rsd(A,B) :- n_val(A,C), ring_subst_6(A,E), n_val(B,D), h_doner(E,F).
(r87) great_rsd(A,B) :- flex(F,E), ring_subst_2(A,D), ring_subst_4(B,F), r_subst_2(B,C).
(r88) great_rsd(A,B) :- polarisable(C,E), ring_subst_2(B,D), ring_subst_4(A,C), ring_subst_5(B,D).
(r89) great_rsd(A,B) :- ring_substitutions(A,E), r_subst_1(A,C), alk_groups(B,D), r_subst_3(B,F).
(r90) great_rsd(A,B) :- n_val(A,F), ring_subst_3(A,D), n_val(B,E), ring_subst_3(B,C).
====================
