number of rules: 60
program size: 299
(r1) great_ne(A,B) :- h_doner(D,E), ring_subst_2(B,F), alk_groups(B,C), ring_subst_3(A,D).
(r2) great_ne(A,B) :- ring_subst_5(B,F), ring_subst_2(B,E), ring_subst_2(B,C), alk_groups(A,D).
(r3) great_ne(A,B) :- alk_groups(B,D), ring_subst_5(A,E), h_acceptor(E,F), r_subst_2(A,C).
(r4) great_ne(A,B) :- x_subst(A,E,F), sigma(C,D), ring_subst_3(B,C), ring_subst_2(B,F).
(r5) great_ne(A,B) :- r_subst_1(B,D), ring_subst_5(A,C), ring_subst_5(A,E), ring_subst_6(B,C).
(r6) great_ne(A,B) :- ring_subst_6(A,D), x_subst(B,E,D), ring_subst_3(B,C), ring_subst_6(A,F).
(r7) great_ne(A,B) :- size(E,D), ring_subst_2(A,C), ring_subst_6(A,E), ring_subst_6(B,C).
(r8) great_ne(A,B) :- gt(F,D), ring_subst_2(B,C), n_val(A,F), r_subst_3(B,E).
(r9) great_ne(A,B) :- ring_subst_6(A,F), ring_subst_4(A,C), ring_subst_3(B,D), h_doner(D,E).
(r10) great_ne(A,B) :- r_subst_3(A,E), ring_subst_4(A,F), r_subst_3(A,D), ring_subst_5(B,C).
(r11) great_ne(A,B) :- ring_subst_5(A,F), ring_subst_3(B,C), polarisable(C,D), ring_substitutions(B,E).
(r12) great_ne(A,B) :- polarisable(F,C), ring_subst_3(A,D), ring_subst_3(B,F), r_subst_3(B,E).
(r13) great_ne(A,B) :- x_subst(A,F,D), r_subst_3(A,C), gt(C,E), ring_substitutions(B,C).
(r14) great_ne(A,B) :- r_subst_3(B,C), alk_groups(A,E), alk_groups(A,D), r_subst_2(A,F).
(r15) great_ne(A,B) :- n_val(B,F), ring_subst_5(B,D), ring_subst_2(B,C), alk_groups(A,E).
(r16) great_ne(A,B) :- alk_groups(B,D), r_subst_1(A,E), n_val(A,F), ring_substitutions(B,C).
(r17) great_ne(A,B) :- ring_substitutions(B,F), ring_subst_6(A,D), ring_subst_2(B,C), sigma(D,E).
(r18) great_ne(A,B) :- ring_subst_4(B,E), x_subst(A,C,E), ring_subst_2(B,D), ring_substitutions(B,C).
(r19) great_ne(A,B) :- ring_substitutions(A,C), gt(C,D), ring_subst_3(A,E), ring_subst_6(B,E).
(r20) great_ne(A,B) :- alk_groups(B,D), ring_substitutions(B,F), h_doner(E,C), ring_subst_5(A,E).
(r21) great_ne(A,B) :- ring_subst_6(A,D), ring_substitutions(B,E), r_subst_1(B,C), alk_groups(A,F).
(r22) great_ne(A,B) :- flex(D,E), r_subst_3(B,C), alk_groups(B,F), ring_subst_2(A,D).
(r23) great_ne(A,B) :- n_val(B,E), gt(E,C), n_val(A,C), ring_subst_2(A,D).
(r24) great_ne(A,B) :- ring_substitutions(B,F), ring_subst_4(A,E), ring_substitutions(A,D), sigma(E,C).
(r25) great_ne(A,B) :- ring_subst_5(A,F), ring_subst_6(B,D), gt(E,C), n_val(A,E).
(r26) great_ne(A,B) :- n_val(B,E), h_doner(C,F), x_subst(A,D,C).
(r27) great_ne(A,B) :- n_val(B,E), ring_subst_6(A,D), flex(D,C), sigma(D,F).
(r28) great_ne(A,B) :- polarisable(C,D), ring_subst_3(A,C), ring_substitutions(A,E), ring_subst_6(B,C).
(r29) great_ne(A,B) :- ring_subst_6(B,F), x_subst(A,C,D), alk_groups(B,C), pi_acceptor(F,E).
(r30) great_ne(A,B) :- ring_substitutions(A,F), ring_subst_3(B,D), ring_substitutions(A,E), ring_subst_4(B,C).
(r31) great_ne(A,B) :- alk_groups(A,C), x_subst(B,D,E), alk_groups(B,F), r_subst_3(A,D).
(r32) great_ne(A,B) :- x_subst(A,E,F), n_val(B,C), ring_subst_2(B,F), x_subst(A,E,D).
(r33) great_ne(A,B) :- ring_substitutions(A,C), r_subst_3(B,C), ring_subst_5(B,D), ring_subst_3(B,D).
(r34) great_ne(A,B) :- x_subst(B,E,D), ring_subst_4(B,C), ring_subst_2(B,F), ring_subst_3(A,F).
(r35) great_ne(A,B) :- x_subst(A,F,D), r_subst_3(B,C), ring_substitutions(B,E), ring_subst_3(B,D).
(r36) great_ne(A,B) :- ring_substitutions(A,C), x_subst(B,C,E), ring_subst_6(B,D), h_doner(E,F).
(r37) great_ne(A,B) :- flex(D,C), x_subst(B,E,D), ring_subst_2(B,F), alk_groups(A,E).
(r38) great_ne(A,B) :- r_subst_3(B,C), ring_subst_5(A,D), ring_subst_3(B,D), ring_substitutions(B,C).
(r39) great_ne(A,B) :- alk_groups(B,D), polar(F,E), h_doner(F,C), ring_subst_2(A,F).
(r40) great_ne(A,B) :- r_subst_3(B,F), polarisable(C,D), ring_subst_4(A,C), x_subst(B,E,C).
(r41) great_ne(A,B) :- ring_subst_5(A,C), ring_substitutions(B,D), ring_subst_3(B,C), h_acceptor(C,E).
(r42) great_ne(A,B) :- polarisable(C,E), ring_subst_4(A,C), alk_groups(B,F), h_doner(C,D).
(r43) great_ne(A,B) :- pi_doner(C,F), n_val(A,E), ring_subst_2(B,C), r_subst_3(B,D).
(r44) great_ne(A,B) :- ring_subst_3(B,E), pi_acceptor(E,C), r_subst_3(B,D), ring_subst_3(A,F).
(r45) great_ne(A,B) :- x_subst(A,F,D), ring_subst_3(B,C), r_subst_1(B,E), ring_subst_3(A,C).
(r46) great_ne(A,B) :- n_val(A,E), x_subst(B,D,C), r_subst_3(A,D), r_subst_3(B,E).
(r47) great_ne(A,B) :- ring_subst_6(A,D), ring_subst_2(B,E), ring_subst_2(A,C), x_subst(B,F,E).
(r48) great_ne(A,B) :- ring_subst_6(A,F), ring_subst_5(B,D), ring_subst_2(B,C), r_subst_1(A,E).
(r49) great_ne(A,B) :- ring_subst_5(B,F), x_subst(B,C,E), n_val(A,C), r_subst_3(A,D).
(r50) great_ne(A,B) :- pi_acceptor(F,C), ring_subst_3(B,F), x_subst(B,E,F), alk_groups(A,D).
(r51) great_ne(A,B) :- alk_groups(B,D), pi_doner(F,C), x_subst(B,E,F), r_subst_3(A,E).
(r52) great_ne(A,B) :- ring_subst_2(B,E), pi_doner(E,C), r_subst_3(A,F), size(E,D).
(r53) great_ne(A,B) :- size(E,D), h_doner(C,F), ring_subst_5(A,E), ring_subst_6(B,C).
(r54) great_ne(A,B) :- n_val(B,E), x_subst(A,D,F), x_subst(B,E,F), x_subst(A,D,C).
(r55) great_ne(A,B) :- ring_subst_4(A,C), polarisable(D,E), alk_groups(B,F), ring_subst_2(A,D).
(r56) great_ne(A,B) :- x_subst(B,C,E), ring_subst_2(A,E), r_subst_3(A,D), n_val(B,D).
(r57) great_ne(A,B) :- flex(E,F), r_subst_3(A,C), ring_subst_5(B,E), alk_groups(A,D).
(r58) great_ne(A,B) :- ring_subst_2(A,F), ring_subst_3(A,E), r_subst_2(B,C), r_subst_3(A,D).
(r59) great_ne(A,B) :- x_subst(A,D,E), ring_subst_2(B,C), ring_subst_2(B,F), ring_subst_6(B,E).
(r60) great_ne(A,B) :- alk_groups(B,D), ring_substitutions(B,D), ring_subst_5(A,C), size(C,E).
====================
MaxSAT solving... (2099 vars, 12947 hard, 665 soft)
number of rules: 62
program size: 288
(inv1) inv1(X1,X2,X3,X4,X5,X6,X7) :- x_subst(X1,X2,X3), ring_subst_2(X4,X5), ring_subst_2(X6,X7).
(inv2) inv2(X1,X2,X3,X4,X5,X6) :- ring_subst_3(X1,X2), ring_substitutions(X3,X4), ring_substitutions(X5,X6).
(r1) great_ne(A,B) :- h_doner(D,E), ring_subst_2(B,F), alk_groups(B,C), ring_subst_3(A,D).
(r2) great_ne(A,B) :- ring_subst_5(B,F), ring_subst_2(B,E), ring_subst_2(B,C), alk_groups(A,D).
(r3) great_ne(A,B) :- alk_groups(B,D), ring_subst_5(A,E), h_acceptor(E,F), r_subst_2(A,C).
(r4) great_ne(A,B) :- inv1(A,E,F,B,F,B,F), sigma(C,D), ring_subst_3(B,C).
(r5) great_ne(A,B) :- r_subst_1(B,D), ring_subst_5(A,C), ring_subst_5(A,E), ring_subst_6(B,C).
(r6) great_ne(A,B) :- ring_subst_6(A,D), x_subst(B,E,D), ring_subst_3(B,C), ring_subst_6(A,F).
(r7) great_ne(A,B) :- size(E,D), ring_subst_2(A,C), ring_subst_6(A,E), ring_subst_6(B,C).
(r8) great_ne(A,B) :- gt(F,D), ring_subst_2(B,C), n_val(A,F), r_subst_3(B,E).
(r9) great_ne(A,B) :- ring_subst_6(A,F), ring_subst_4(A,C), ring_subst_3(B,D), h_doner(D,E).
(r10) great_ne(A,B) :- r_subst_3(A,E), ring_subst_4(A,F), r_subst_3(A,D), ring_subst_5(B,C).
(r11) great_ne(A,B) :- inv2(B,C,B,E,B,E), ring_subst_5(A,F), polarisable(C,D).
(r12) great_ne(A,B) :- polarisable(F,C), ring_subst_3(A,D), ring_subst_3(B,F), r_subst_3(B,E).
(r13) great_ne(A,B) :- x_subst(A,F,D), r_subst_3(A,C), gt(C,E), ring_substitutions(B,C).
(r14) great_ne(A,B) :- r_subst_3(B,C), alk_groups(A,E), alk_groups(A,D), r_subst_2(A,F).
(r15) great_ne(A,B) :- n_val(B,F), ring_subst_5(B,D), ring_subst_2(B,C), alk_groups(A,E).
(r16) great_ne(A,B) :- alk_groups(B,D), r_subst_1(A,E), n_val(A,F), ring_substitutions(B,C).
(r17) great_ne(A,B) :- ring_substitutions(B,F), ring_subst_6(A,D), ring_subst_2(B,C), sigma(D,E).
(r18) great_ne(A,B) :- inv1(A,C,E,B,D,B,D), ring_subst_4(B,E), ring_substitutions(B,C).
(r19) great_ne(A,B) :- inv2(A,E,A,C,A,C), gt(C,D), ring_subst_6(B,E).
(r20) great_ne(A,B) :- alk_groups(B,D), ring_substitutions(B,F), h_doner(E,C), ring_subst_5(A,E).
(r21) great_ne(A,B) :- ring_subst_6(A,D), ring_substitutions(B,E), r_subst_1(B,C), alk_groups(A,F).
(r22) great_ne(A,B) :- flex(D,E), r_subst_3(B,C), alk_groups(B,F), ring_subst_2(A,D).
(r23) great_ne(A,B) :- n_val(B,E), gt(E,C), n_val(A,C), ring_subst_2(A,D).
(r24) great_ne(A,B) :- ring_substitutions(B,F), ring_subst_4(A,E), ring_substitutions(A,D), sigma(E,C).
(r25) great_ne(A,B) :- ring_subst_5(A,F), ring_subst_6(B,D), gt(E,C), n_val(A,E).
(r26) great_ne(A,B) :- n_val(B,E), h_doner(C,F), x_subst(A,D,C).
(r27) great_ne(A,B) :- n_val(B,E), ring_subst_6(A,D), flex(D,C), sigma(D,F).
(r28) great_ne(A,B) :- inv2(A,C,A,E,A,E), polarisable(C,D), ring_subst_6(B,C).
(r29) great_ne(A,B) :- ring_subst_6(B,F), x_subst(A,C,D), alk_groups(B,C), pi_acceptor(F,E).
(r30) great_ne(A,B) :- inv2(B,D,A,F,A,E), ring_subst_4(B,C).
(r31) great_ne(A,B) :- alk_groups(A,C), x_subst(B,D,E), alk_groups(B,F), r_subst_3(A,D).
(r32) great_ne(A,B) :- inv1(A,E,F,B,F,B,F), n_val(B,C), x_subst(A,E,D).
(r33) great_ne(A,B) :- inv2(B,D,A,C,A,C), r_subst_3(B,C), ring_subst_5(B,D).
(r34) great_ne(A,B) :- inv1(B,E,D,B,F,B,F), ring_subst_4(B,C), ring_subst_3(A,F).
(r35) great_ne(A,B) :- inv2(B,D,B,E,B,E), x_subst(A,F,D), r_subst_3(B,C).
(r36) great_ne(A,B) :- ring_substitutions(A,C), x_subst(B,C,E), ring_subst_6(B,D), h_doner(E,F).
(r37) great_ne(A,B) :- inv1(B,E,D,B,F,B,F), flex(D,C), alk_groups(A,E).
(r38) great_ne(A,B) :- inv2(B,D,B,C,B,C), r_subst_3(B,C), ring_subst_5(A,D).
(r39) great_ne(A,B) :- alk_groups(B,D), polar(F,E), h_doner(F,C), ring_subst_2(A,F).
(r40) great_ne(A,B) :- r_subst_3(B,F), polarisable(C,D), ring_subst_4(A,C), x_subst(B,E,C).
(r41) great_ne(A,B) :- inv2(B,C,B,D,B,D), ring_subst_5(A,C), h_acceptor(C,E).
(r42) great_ne(A,B) :- polarisable(C,E), ring_subst_4(A,C), alk_groups(B,F), h_doner(C,D).
(r43) great_ne(A,B) :- pi_doner(C,F), n_val(A,E), ring_subst_2(B,C), r_subst_3(B,D).
(r44) great_ne(A,B) :- ring_subst_3(B,E), pi_acceptor(E,C), r_subst_3(B,D), ring_subst_3(A,F).
(r45) great_ne(A,B) :- x_subst(A,F,D), ring_subst_3(B,C), r_subst_1(B,E), ring_subst_3(A,C).
(r46) great_ne(A,B) :- n_val(A,E), x_subst(B,D,C), r_subst_3(A,D), r_subst_3(B,E).
(r47) great_ne(A,B) :- inv1(B,F,E,B,E,A,C), ring_subst_6(A,D).
(r48) great_ne(A,B) :- ring_subst_6(A,F), ring_subst_5(B,D), ring_subst_2(B,C), r_subst_1(A,E).
(r49) great_ne(A,B) :- ring_subst_5(B,F), x_subst(B,C,E), n_val(A,C), r_subst_3(A,D).
(r50) great_ne(A,B) :- pi_acceptor(F,C), ring_subst_3(B,F), x_subst(B,E,F), alk_groups(A,D).
(r51) great_ne(A,B) :- alk_groups(B,D), pi_doner(F,C), x_subst(B,E,F), r_subst_3(A,E).
(r52) great_ne(A,B) :- ring_subst_2(B,E), pi_doner(E,C), r_subst_3(A,F), size(E,D).
(r53) great_ne(A,B) :- size(E,D), h_doner(C,F), ring_subst_5(A,E), ring_subst_6(B,C).
(r54) great_ne(A,B) :- n_val(B,E), x_subst(A,D,F), x_subst(B,E,F), x_subst(A,D,C).
(r55) great_ne(A,B) :- ring_subst_4(A,C), polarisable(D,E), alk_groups(B,F), ring_subst_2(A,D).
(r56) great_ne(A,B) :- inv1(B,C,E,A,E,A,E), r_subst_3(A,D), n_val(B,D).
(r57) great_ne(A,B) :- flex(E,F), r_subst_3(A,C), ring_subst_5(B,E), alk_groups(A,D).
(r58) great_ne(A,B) :- ring_subst_2(A,F), ring_subst_3(A,E), r_subst_2(B,C), r_subst_3(A,D).
(r59) great_ne(A,B) :- inv1(A,D,E,B,C,B,F), ring_subst_6(B,E).
(r60) great_ne(A,B) :- alk_groups(B,D), ring_substitutions(B,D), ring_subst_5(A,C), size(C,E).
====================
