number of rules: 110
program size: 543
(r1) great(A,B) :- ring_subst_2(B,D), ring_subst_6(A,C), polarisable(D,E), x_subst(A,F,C).
(r2) great(A,B) :- sigma(F,D), ring_subst_6(B,C), ring_subst_5(B,F), alk_groups(A,E).
(r3) great(A,B) :- r_subst_3(B,C), ring_substitutions(B,F), polarisable(D,E), ring_subst_2(A,D).
(r4) great(A,B) :- ring_subst_5(A,E), ring_subst_2(B,C), alk_groups(B,D), r_subst_1(A,F).
(r5) great(A,B) :- r_subst_3(B,C), ring_subst_2(A,E), flex(E,D), x_subst(A,C,F).
(r6) great(A,B) :- ring_subst_3(B,C), ring_subst_2(A,C), size(D,E), ring_subst_3(B,D).
(r7) great(A,B) :- ring_subst_2(B,E), ring_subst_6(A,C), r_subst_3(A,D), r_subst_1(B,F).
(r8) great(A,B) :- x_subst(A,D,E), r_subst_3(A,C), ring_subst_2(B,E), ring_substitutions(A,C).
(r9) great(A,B) :- great_size(D,E), size(F,D), ring_subst_3(A,C), ring_subst_5(B,F).
(r10) great(A,B) :- r_subst_3(B,C), ring_subst_2(B,F), alk_groups(B,E), ring_subst_3(A,D).
(r11) great(A,B) :- x_subst(B,C,E), n_val(A,C), ring_subst_3(A,D), x_subst(B,F,E).
(r12) great(A,B) :- r_subst_2(A,E), r_subst_2(B,C), n_val(B,D), r_subst_3(A,D).
(r13) great(A,B) :- ring_subst_4(B,E), alk_groups(B,D), ring_subst_4(A,F), sigma(E,C).
(r14) great(A,B) :- r_subst_2(A,D), ring_subst_3(A,E), ring_subst_3(B,E), polarisable(E,C).
(r15) great(A,B) :- ring_subst_5(B,C), ring_subst_5(A,C), x_subst(B,D,E), x_subst(A,F,C).
(r16) great(A,B) :- x_subst(A,D,E), r_subst_3(B,C), alk_groups(A,D), gt(C,F).
(r17) great(A,B) :- ring_subst_6(A,E), x_subst(B,C,F), h_doner(E,D).
(r18) great(A,B) :- r_subst_2(A,D), size(E,F), h_doner(E,C), ring_subst_6(B,E).
(r19) great(A,B) :- ring_subst_4(B,E), ring_subst_3(B,C), sigma(E,F), n_val(A,D).
(r20) great(A,B) :- ring_subst_6(B,C), ring_subst_6(A,F), ring_subst_5(A,C), x_subst(A,E,D).
(r21) great(A,B) :- ring_subst_3(B,C), h_acceptor(D,E), ring_subst_2(A,F), ring_subst_5(A,D).
(r22) great(A,B) :- ring_substitutions(A,E), alk_groups(B,D), ring_substitutions(B,D), x_subst(A,C,F).
(r23) great(A,B) :- ring_substitutions(A,E), ring_subst_3(B,C), ring_subst_4(A,D), size(D,F).
(r24) great(A,B) :- flex(C,E), x_subst(A,D,C), n_val(A,D), n_val(B,D).
(r25) great(A,B) :- ring_subst_6(B,C), gt(D,E), n_val(A,D), x_subst(A,E,F).
(r26) great(A,B) :- ring_subst_3(A,C), polar(C,D), x_subst(B,E,F), ring_subst_5(B,F).
(r27) great(A,B) :- ring_subst_6(B,C), ring_subst_5(A,F), polarisable(F,D), h_acceptor(F,E).
(r28) great(A,B) :- x_subst(B,E,D), ring_subst_3(A,F), polarisable(F,C).
(r29) great(A,B) :- x_subst(B,E,D), n_val(A,C), flex(D,F), ring_subst_5(A,D).
(r30) great(A,B) :- polar(E,C), r_subst_3(B,F), ring_subst_3(A,E), ring_subst_2(A,D).
(r31) great(A,B) :- ring_subst_4(B,E), flex(E,C), x_subst(A,F,E), ring_subst_2(A,D).
(r32) great(A,B) :- n_val(B,C), gt(C,E), r_subst_3(A,D), r_subst_2(B,F).
(r33) great(A,B) :- x_subst(B,D,C), gt(D,E), x_subst(B,E,C), n_val(A,E).
(r34) great(A,B) :- x_subst(B,D,C), ring_subst_6(B,C), ring_subst_4(A,C), h_doner(C,E).
(r35) great(A,B) :- x_subst(A,C,D), alk_groups(A,C), ring_subst_5(B,E), sigma(D,F).
(r36) great(A,B) :- n_val(B,F), alk_groups(B,D), ring_subst_6(A,C), r_subst_1(A,E).
(r37) great(A,B) :- h_acceptor(E,C), x_subst(A,F,E), x_subst(B,F,D), x_subst(B,F,E).
(r38) great(A,B) :- ring_subst_4(A,E), h_doner(E,F), ring_subst_3(B,D), pi_doner(D,C).
(r39) great(A,B) :- n_val(A,C), n_val(B,E), ring_subst_6(B,F), ring_subst_6(A,D).
(r40) great(A,B) :- x_subst(A,F,C), x_subst(A,D,C), gt(D,F), ring_subst_5(B,E).
(r41) great(A,B) :- ring_subst_3(A,E), ring_subst_3(B,C), ring_subst_4(A,F), h_doner(E,D).
(r42) great(A,B) :- r_subst_2(A,D), n_val(A,E), r_subst_3(A,F), ring_subst_6(B,C).
(r43) great(A,B) :- n_val(A,E), n_val(A,C), ring_subst_3(A,D), ring_subst_5(B,F).
(r44) great(A,B) :- ring_subst_6(B,E), x_subst(B,D,C), ring_subst_2(A,C), polarisable(E,F).
(r45) great(A,B) :- r_subst_3(B,F), x_subst(A,F,E), ring_subst_2(A,E), x_subst(A,D,C).
(r46) great(A,B) :- pi_acceptor(E,C), alk_groups(B,F), x_subst(A,F,E), alk_groups(A,D).
(r47) great(A,B) :- ring_subst_3(B,C), ring_subst_5(A,C), size(C,E), ring_subst_4(A,D).
(r48) great(A,B) :- pi_doner(E,C), alk_groups(B,F), x_subst(A,F,E), n_val(B,D).
(r49) great(A,B) :- alk_groups(B,F), x_subst(B,E,C), alk_groups(B,E), ring_subst_3(A,D).
(r50) great(A,B) :- ring_subst_6(B,E), ring_subst_3(A,F), ring_subst_4(B,D), polar(E,C).
(r51) great(A,B) :- r_subst_1(A,D), ring_subst_3(B,E), r_subst_3(B,C), ring_subst_6(B,E).
(r52) great(A,B) :- r_subst_3(A,F), r_subst_1(B,E), r_subst_1(A,C), ring_subst_6(A,D).
(r53) great(A,B) :- ring_subst_4(A,E), alk_groups(A,F), n_val(B,D), x_subst(A,F,C).
(r54) great(A,B) :- ring_subst_4(B,C), pi_doner(F,E), ring_subst_5(A,D), ring_subst_5(B,F).
(r55) great(A,B) :- h_doner(F,C), ring_subst_5(A,F), ring_subst_6(B,D), r_subst_3(A,E).
(r56) great(A,B) :- ring_subst_4(B,E), ring_subst_3(B,C), alk_groups(B,D), x_subst(A,F,C).
(r57) great(A,B) :- ring_subst_2(A,E), alk_groups(A,F), pi_doner(E,D), ring_subst_2(B,C).
(r58) great(A,B) :- ring_subst_5(A,E), ring_subst_2(B,F), r_subst_2(B,C), h_doner(F,D).
(r59) great(A,B) :- r_subst_3(B,F), ring_subst_3(B,C), r_subst_3(B,E), n_val(A,D).
(r60) great(A,B) :- ring_subst_2(B,E), r_subst_3(A,C), r_subst_3(A,F), ring_subst_6(B,D).
(r61) great(A,B) :- x_subst(A,F,D), alk_groups(B,F), ring_subst_2(B,C), ring_subst_4(B,E).
(r62) great(A,B) :- ring_subst_2(B,C), r_subst_3(B,D), ring_subst_4(A,C), ring_substitutions(B,D).
(r63) great(A,B) :- r_subst_2(A,D), r_subst_1(A,E), ring_subst_6(A,F), r_subst_3(B,C).
(r64) great(A,B) :- alk_groups(B,F), ring_subst_2(A,C), r_subst_1(A,E), ring_subst_4(B,D).
(r65) great(A,B) :- ring_subst_2(B,C), ring_subst_4(A,F), ring_subst_4(B,D), h_acceptor(F,E).
(r66) great(A,B) :- ring_subst_3(A,E), ring_substitutions(B,C), x_subst(B,D,E), size(E,F).
(r67) great(A,B) :- flex(C,D), ring_subst_6(B,C), ring_subst_3(A,F), h_acceptor(F,E).
(r68) great(A,B) :- r_subst_3(B,F), size(E,D), ring_subst_5(B,E), r_subst_2(A,C).
(r69) great(A,B) :- ring_subst_4(B,F), ring_subst_3(A,C), flex(F,D), h_acceptor(F,E).
(r70) great(A,B) :- r_subst_1(A,D), r_subst_3(A,C), ring_subst_6(B,F), h_acceptor(F,E).
(r71) great(A,B) :- polar(D,C), ring_subst_4(A,E), polar(E,C), ring_subst_4(B,D).
(r72) great(A,B) :- r_subst_3(A,C), ring_subst_6(A,F), ring_subst_5(A,E), r_subst_1(B,D).
(r73) great(A,B) :- ring_subst_2(B,C), alk_groups(B,D), alk_groups(A,D).
(r74) great(A,B) :- r_subst_3(B,F), n_val(B,C), ring_subst_2(A,D), alk_groups(A,E).
(r75) great(A,B) :- ring_subst_6(B,E), alk_groups(A,F), ring_subst_3(B,D), x_subst(B,C,D).
(r76) great(A,B) :- ring_subst_6(B,C), r_subst_2(A,E), ring_subst_2(B,D), ring_subst_2(B,F).
(r77) great(A,B) :- ring_substitutions(B,E), r_subst_3(B,F), x_subst(A,E,D), pi_acceptor(D,C).
(r78) great(A,B) :- alk_groups(A,C), ring_subst_4(B,F), polarisable(D,E), ring_subst_2(B,D).
(r79) great(A,B) :- great_sigma(E,C), sigma(F,E), ring_subst_3(A,F), ring_subst_5(B,D).
(r80) great(A,B) :- x_subst(A,E,C), size(F,D), ring_subst_2(B,F), ring_subst_5(A,F).
(r81) great(A,B) :- r_subst_3(B,C), r_subst_1(A,E), ring_subst_6(A,F), n_val(A,D).
(r82) great(A,B) :- x_subst(A,D,E), ring_subst_6(B,C), n_val(A,F).
(r83) great(A,B) :- size(C,F), ring_subst_4(B,C), x_subst(A,E,D).
(r84) great(A,B) :- ring_substitutions(B,E), ring_substitutions(A,E), ring_subst_5(B,D), gt(E,C).
(r85) great(A,B) :- ring_subst_3(B,E), alk_groups(A,C), ring_subst_6(A,D), polarisable(D,F).
(r86) great(A,B) :- ring_subst_2(B,E), r_subst_3(A,C), x_subst(B,F,D), ring_subst_5(A,E).
(r87) great(A,B) :- ring_subst_4(A,E), r_subst_3(A,F), n_val(B,C), r_subst_3(A,D).
(r88) great(A,B) :- flex(E,F), ring_subst_6(B,C), ring_subst_2(A,C), x_subst(B,D,E).
(r89) great(A,B) :- ring_subst_4(B,E), ring_subst_6(B,C), ring_subst_6(A,C), ring_substitutions(A,D).
(r90) great(A,B) :- gt(C,D), ring_subst_2(A,E), n_val(B,C), sigma(E,F).
(r91) great(A,B) :- x_subst(B,C,E), ring_subst_2(A,E), r_subst_3(B,C), ring_subst_4(B,D).
(r92) great(A,B) :- ring_subst_4(B,E), alk_groups(A,F), h_acceptor(D,C), ring_subst_2(B,D).
(r93) great(A,B) :- ring_subst_4(B,E), ring_subst_6(B,C), pi_doner(C,F), ring_substitutions(A,D).
(r94) great(A,B) :- polar(D,C), ring_subst_6(A,D), alk_groups(B,E), x_subst(A,E,F).
(r95) great(A,B) :- ring_subst_2(B,D), polar(D,E), ring_subst_5(A,F), r_subst_1(A,C).
(r96) great(A,B) :- x_subst(A,D,E), alk_groups(B,F), h_acceptor(E,C).
(r97) great(A,B) :- alk_groups(B,C), x_subst(A,C,E), ring_subst_5(A,D), polarisable(D,F).
(r98) great(A,B) :- ring_subst_2(B,E), pi_acceptor(E,C), ring_subst_6(A,F), x_subst(B,D,F).
(r99) great(A,B) :- pi_acceptor(C,E), ring_substitutions(B,F), ring_subst_6(A,C), ring_subst_4(A,D).
(r100) great(A,B) :- x_subst(B,D,C), x_subst(A,D,F), ring_subst_5(A,F), polar(F,E).
(r101) great(A,B) :- ring_subst_3(A,C), ring_subst_5(B,F), pi_doner(C,E), r_subst_2(B,D).
(r102) great(A,B) :- x_subst(B,E,C), ring_subst_2(A,D), polar(D,F).
(r103) great(A,B) :- n_val(A,C), ring_subst_2(A,E), pi_acceptor(E,D), x_subst(B,F,E).
(r104) great(A,B) :- alk_groups(A,C), x_subst(A,F,E), alk_groups(B,F), pi_acceptor(E,D).
(r105) great(A,B) :- ring_subst_6(B,C), flex(C,E), ring_subst_6(A,F), pi_doner(C,D).
(r106) great(A,B) :- r_subst_3(B,C), ring_subst_5(A,E), ring_substitutions(B,C), ring_subst_3(A,D).
(r107) great(A,B) :- x_subst(B,E,D), r_subst_3(A,C), alk_groups(A,F), ring_subst_3(A,D).
(r108) great(A,B) :- r_subst_3(B,F), gt(E,D), ring_substitutions(A,C), alk_groups(A,E).
(r109) great(A,B) :- flex(D,C), size(D,E), ring_subst_4(A,D), ring_subst_5(B,F).
(r110) great(A,B) :- x_subst(B,D,C), ring_subst_2(A,C), ring_substitutions(B,F), n_val(A,E).
====================
MaxSAT solving... (3769 vars, 27479 hard, 1171 soft)
number of rules: 112
program size: 518
(inv1) inv1(X1,X2,X3,X4,X5,X6,X7) :- alk_groups(X1,X2), alk_groups(X3,X4), x_subst(X5,X6,X7).
(inv2) inv2(X1,X2,X3,X4,X5) :- x_subst(X1,X2,X3), ring_subst_2(X4,X5).
(r1) great(A,B) :- inv2(A,F,C,B,D), ring_subst_6(A,C), polarisable(D,E).
(r2) great(A,B) :- sigma(F,D), ring_subst_6(B,C), ring_subst_5(B,F), alk_groups(A,E).
(r3) great(A,B) :- r_subst_3(B,C), ring_substitutions(B,F), polarisable(D,E), ring_subst_2(A,D).
(r4) great(A,B) :- ring_subst_5(A,E), ring_subst_2(B,C), alk_groups(B,D), r_subst_1(A,F).
(r5) great(A,B) :- inv2(A,C,F,A,E), r_subst_3(B,C), flex(E,D).
(r6) great(A,B) :- ring_subst_3(B,C), ring_subst_2(A,C), size(D,E), ring_subst_3(B,D).
(r7) great(A,B) :- ring_subst_2(B,E), ring_subst_6(A,C), r_subst_3(A,D), r_subst_1(B,F).
(r8) great(A,B) :- inv2(A,D,E,B,E), r_subst_3(A,C), ring_substitutions(A,C).
(r9) great(A,B) :- great_size(D,E), size(F,D), ring_subst_3(A,C), ring_subst_5(B,F).
(r10) great(A,B) :- r_subst_3(B,C), ring_subst_2(B,F), alk_groups(B,E), ring_subst_3(A,D).
(r11) great(A,B) :- x_subst(B,C,E), n_val(A,C), ring_subst_3(A,D), x_subst(B,F,E).
(r12) great(A,B) :- r_subst_2(A,E), r_subst_2(B,C), n_val(B,D), r_subst_3(A,D).
(r13) great(A,B) :- ring_subst_4(B,E), alk_groups(B,D), ring_subst_4(A,F), sigma(E,C).
(r14) great(A,B) :- r_subst_2(A,D), ring_subst_3(A,E), ring_subst_3(B,E), polarisable(E,C).
(r15) great(A,B) :- ring_subst_5(B,C), ring_subst_5(A,C), x_subst(B,D,E), x_subst(A,F,C).
(r16) great(A,B) :- inv1(A,D,A,D,A,D,E), r_subst_3(B,C), gt(C,F).
(r17) great(A,B) :- ring_subst_6(A,E), x_subst(B,C,F), h_doner(E,D).
(r18) great(A,B) :- r_subst_2(A,D), size(E,F), h_doner(E,C), ring_subst_6(B,E).
(r19) great(A,B) :- ring_subst_4(B,E), ring_subst_3(B,C), sigma(E,F), n_val(A,D).
(r20) great(A,B) :- ring_subst_6(B,C), ring_subst_6(A,F), ring_subst_5(A,C), x_subst(A,E,D).
(r21) great(A,B) :- ring_subst_3(B,C), h_acceptor(D,E), ring_subst_2(A,F), ring_subst_5(A,D).
(r22) great(A,B) :- inv1(B,D,B,D,A,C,F), ring_substitutions(A,E), ring_substitutions(B,D).
(r23) great(A,B) :- ring_substitutions(A,E), ring_subst_3(B,C), ring_subst_4(A,D), size(D,F).
(r24) great(A,B) :- flex(C,E), x_subst(A,D,C), n_val(A,D), n_val(B,D).
(r25) great(A,B) :- ring_subst_6(B,C), gt(D,E), n_val(A,D), x_subst(A,E,F).
(r26) great(A,B) :- ring_subst_3(A,C), polar(C,D), x_subst(B,E,F), ring_subst_5(B,F).
(r27) great(A,B) :- ring_subst_6(B,C), ring_subst_5(A,F), polarisable(F,D), h_acceptor(F,E).
(r28) great(A,B) :- x_subst(B,E,D), ring_subst_3(A,F), polarisable(F,C).
(r29) great(A,B) :- x_subst(B,E,D), n_val(A,C), flex(D,F), ring_subst_5(A,D).
(r30) great(A,B) :- polar(E,C), r_subst_3(B,F), ring_subst_3(A,E), ring_subst_2(A,D).
(r31) great(A,B) :- inv2(A,F,E,A,D), ring_subst_4(B,E), flex(E,C).
(r32) great(A,B) :- n_val(B,C), gt(C,E), r_subst_3(A,D), r_subst_2(B,F).
(r33) great(A,B) :- x_subst(B,D,C), gt(D,E), x_subst(B,E,C), n_val(A,E).
(r34) great(A,B) :- x_subst(B,D,C), ring_subst_6(B,C), ring_subst_4(A,C), h_doner(C,E).
(r35) great(A,B) :- inv1(A,C,A,C,A,C,D), ring_subst_5(B,E), sigma(D,F).
(r36) great(A,B) :- n_val(B,F), alk_groups(B,D), ring_subst_6(A,C), r_subst_1(A,E).
(r37) great(A,B) :- h_acceptor(E,C), x_subst(A,F,E), x_subst(B,F,D), x_subst(B,F,E).
(r38) great(A,B) :- ring_subst_4(A,E), h_doner(E,F), ring_subst_3(B,D), pi_doner(D,C).
(r39) great(A,B) :- n_val(A,C), n_val(B,E), ring_subst_6(B,F), ring_subst_6(A,D).
(r40) great(A,B) :- x_subst(A,F,C), x_subst(A,D,C), gt(D,F), ring_subst_5(B,E).
(r41) great(A,B) :- ring_subst_3(A,E), ring_subst_3(B,C), ring_subst_4(A,F), h_doner(E,D).
(r42) great(A,B) :- r_subst_2(A,D), n_val(A,E), r_subst_3(A,F), ring_subst_6(B,C).
(r43) great(A,B) :- n_val(A,E), n_val(A,C), ring_subst_3(A,D), ring_subst_5(B,F).
(r44) great(A,B) :- inv2(B,D,C,A,C), ring_subst_6(B,E), polarisable(E,F).
(r45) great(A,B) :- inv2(A,F,E,A,E), r_subst_3(B,F), x_subst(A,D,C).
(r46) great(A,B) :- inv1(B,F,A,D,A,F,E), pi_acceptor(E,C).
(r47) great(A,B) :- ring_subst_3(B,C), ring_subst_5(A,C), size(C,E), ring_subst_4(A,D).
(r48) great(A,B) :- inv1(B,F,B,F,A,F,E), pi_doner(E,C), n_val(B,D).
(r49) great(A,B) :- inv1(B,F,B,E,B,E,C), ring_subst_3(A,D).
(r50) great(A,B) :- ring_subst_6(B,E), ring_subst_3(A,F), ring_subst_4(B,D), polar(E,C).
(r51) great(A,B) :- r_subst_1(A,D), ring_subst_3(B,E), r_subst_3(B,C), ring_subst_6(B,E).
(r52) great(A,B) :- r_subst_3(A,F), r_subst_1(B,E), r_subst_1(A,C), ring_subst_6(A,D).
(r53) great(A,B) :- inv1(A,F,A,F,A,F,C), ring_subst_4(A,E), n_val(B,D).
(r54) great(A,B) :- ring_subst_4(B,C), pi_doner(F,E), ring_subst_5(A,D), ring_subst_5(B,F).
(r55) great(A,B) :- h_doner(F,C), ring_subst_5(A,F), ring_subst_6(B,D), r_subst_3(A,E).
(r56) great(A,B) :- inv1(B,D,B,D,A,F,C), ring_subst_4(B,E), ring_subst_3(B,C).
(r57) great(A,B) :- ring_subst_2(A,E), alk_groups(A,F), pi_doner(E,D), ring_subst_2(B,C).
(r58) great(A,B) :- ring_subst_5(A,E), ring_subst_2(B,F), r_subst_2(B,C), h_doner(F,D).
(r59) great(A,B) :- r_subst_3(B,F), ring_subst_3(B,C), r_subst_3(B,E), n_val(A,D).
(r60) great(A,B) :- ring_subst_2(B,E), r_subst_3(A,C), r_subst_3(A,F), ring_subst_6(B,D).
(r61) great(A,B) :- inv2(A,F,D,B,C), alk_groups(B,F), ring_subst_4(B,E).
(r62) great(A,B) :- ring_subst_2(B,C), r_subst_3(B,D), ring_subst_4(A,C), ring_substitutions(B,D).
(r63) great(A,B) :- r_subst_2(A,D), r_subst_1(A,E), ring_subst_6(A,F), r_subst_3(B,C).
(r64) great(A,B) :- alk_groups(B,F), ring_subst_2(A,C), r_subst_1(A,E), ring_subst_4(B,D).
(r65) great(A,B) :- ring_subst_2(B,C), ring_subst_4(A,F), ring_subst_4(B,D), h_acceptor(F,E).
(r66) great(A,B) :- ring_subst_3(A,E), ring_substitutions(B,C), x_subst(B,D,E), size(E,F).
(r67) great(A,B) :- flex(C,D), ring_subst_6(B,C), ring_subst_3(A,F), h_acceptor(F,E).
(r68) great(A,B) :- r_subst_3(B,F), size(E,D), ring_subst_5(B,E), r_subst_2(A,C).
(r69) great(A,B) :- ring_subst_4(B,F), ring_subst_3(A,C), flex(F,D), h_acceptor(F,E).
(r70) great(A,B) :- r_subst_1(A,D), r_subst_3(A,C), ring_subst_6(B,F), h_acceptor(F,E).
(r71) great(A,B) :- polar(D,C), ring_subst_4(A,E), polar(E,C), ring_subst_4(B,D).
(r72) great(A,B) :- r_subst_3(A,C), ring_subst_6(A,F), ring_subst_5(A,E), r_subst_1(B,D).
(r73) great(A,B) :- ring_subst_2(B,C), alk_groups(B,D), alk_groups(A,D).
(r74) great(A,B) :- r_subst_3(B,F), n_val(B,C), ring_subst_2(A,D), alk_groups(A,E).
(r75) great(A,B) :- inv1(A,F,A,F,B,C,D), ring_subst_6(B,E), ring_subst_3(B,D).
(r76) great(A,B) :- ring_subst_6(B,C), r_subst_2(A,E), ring_subst_2(B,D), ring_subst_2(B,F).
(r77) great(A,B) :- ring_substitutions(B,E), r_subst_3(B,F), x_subst(A,E,D), pi_acceptor(D,C).
(r78) great(A,B) :- alk_groups(A,C), ring_subst_4(B,F), polarisable(D,E), ring_subst_2(B,D).
(r79) great(A,B) :- great_sigma(E,C), sigma(F,E), ring_subst_3(A,F), ring_subst_5(B,D).
(r80) great(A,B) :- inv2(A,E,C,B,F), size(F,D), ring_subst_5(A,F).
(r81) great(A,B) :- r_subst_3(B,C), r_subst_1(A,E), ring_subst_6(A,F), n_val(A,D).
(r82) great(A,B) :- x_subst(A,D,E), ring_subst_6(B,C), n_val(A,F).
(r83) great(A,B) :- size(C,F), ring_subst_4(B,C), x_subst(A,E,D).
(r84) great(A,B) :- ring_substitutions(B,E), ring_substitutions(A,E), ring_subst_5(B,D), gt(E,C).
(r85) great(A,B) :- ring_subst_3(B,E), alk_groups(A,C), ring_subst_6(A,D), polarisable(D,F).
(r86) great(A,B) :- inv2(B,F,D,B,E), r_subst_3(A,C), ring_subst_5(A,E).
(r87) great(A,B) :- ring_subst_4(A,E), r_subst_3(A,F), n_val(B,C), r_subst_3(A,D).
(r88) great(A,B) :- inv2(B,D,E,A,C), flex(E,F), ring_subst_6(B,C).
(r89) great(A,B) :- ring_subst_4(B,E), ring_subst_6(B,C), ring_subst_6(A,C), ring_substitutions(A,D).
(r90) great(A,B) :- gt(C,D), ring_subst_2(A,E), n_val(B,C), sigma(E,F).
(r91) great(A,B) :- inv2(B,C,E,A,E), r_subst_3(B,C), ring_subst_4(B,D).
(r92) great(A,B) :- ring_subst_4(B,E), alk_groups(A,F), h_acceptor(D,C), ring_subst_2(B,D).
(r93) great(A,B) :- ring_subst_4(B,E), ring_subst_6(B,C), pi_doner(C,F), ring_substitutions(A,D).
(r94) great(A,B) :- inv1(B,E,B,E,A,E,F), polar(D,C), ring_subst_6(A,D).
(r95) great(A,B) :- ring_subst_2(B,D), polar(D,E), ring_subst_5(A,F), r_subst_1(A,C).
(r96) great(A,B) :- inv1(B,F,B,F,A,D,E), h_acceptor(E,C).
(r97) great(A,B) :- inv1(B,C,B,C,A,C,E), ring_subst_5(A,D), polarisable(D,F).
(r98) great(A,B) :- inv2(B,D,F,B,E), pi_acceptor(E,C), ring_subst_6(A,F).
(r99) great(A,B) :- pi_acceptor(C,E), ring_substitutions(B,F), ring_subst_6(A,C), ring_subst_4(A,D).
(r100) great(A,B) :- x_subst(B,D,C), x_subst(A,D,F), ring_subst_5(A,F), polar(F,E).
(r101) great(A,B) :- ring_subst_3(A,C), ring_subst_5(B,F), pi_doner(C,E), r_subst_2(B,D).
(r102) great(A,B) :- inv2(B,E,C,A,D), polar(D,F).
(r103) great(A,B) :- inv2(B,F,E,A,E), n_val(A,C), pi_acceptor(E,D).
(r104) great(A,B) :- inv1(A,C,B,F,A,F,E), pi_acceptor(E,D).
(r105) great(A,B) :- ring_subst_6(B,C), flex(C,E), ring_subst_6(A,F), pi_doner(C,D).
(r106) great(A,B) :- r_subst_3(B,C), ring_subst_5(A,E), ring_substitutions(B,C), ring_subst_3(A,D).
(r107) great(A,B) :- inv1(A,F,A,F,B,E,D), r_subst_3(A,C), ring_subst_3(A,D).
(r108) great(A,B) :- r_subst_3(B,F), gt(E,D), ring_substitutions(A,C), alk_groups(A,E).
(r109) great(A,B) :- flex(D,C), size(D,E), ring_subst_4(A,D), ring_subst_5(B,F).
(r110) great(A,B) :- inv2(B,D,C,A,C), ring_substitutions(B,F), n_val(A,E).
====================
