number of rules: 90
program size: 447
(r1) great_ne(A,B) :- r_subst_1(B,D), ring_subst_3(A,E), ring_subst_4(B,C), ring_subst_6(A,E).
(r2) great_ne(A,B) :- alk_groups(B,D), ring_subst_3(A,E), n_val(B,C), ring_subst_6(B,E).
(r3) great_ne(A,B) :- polarisable(E,C), sigma(E,D), ring_subst_6(B,E), ring_subst_2(A,F).
(r4) great_ne(A,B) :- pi_doner(E,C), ring_subst_4(A,E), sigma(E,F), n_val(B,D).
(r5) great_ne(A,B) :- ring_subst_6(A,C), ring_subst_3(B,E), size(C,F), ring_subst_2(B,D).
(r6) great_ne(A,B) :- sigma(D,C), ring_subst_4(B,E), ring_subst_6(B,D), ring_subst_2(A,F).
(r7) great_ne(A,B) :- ring_subst_3(B,E), ring_subst_3(B,C), alk_groups(A,D), alk_groups(B,F).
(r8) great_ne(A,B) :- ring_substitutions(B,D), ring_subst_3(B,F), r_subst_2(A,C), ring_subst_6(A,E).
(r9) great_ne(A,B) :- x_subst(B,C,E), ring_subst_2(B,F), r_subst_3(A,D), ring_subst_4(B,E).
(r10) great_ne(A,B) :- ring_substitutions(A,C), r_subst_1(B,E), size(D,F), x_subst(B,C,D).
(r11) great_ne(A,B) :- x_subst(B,D,F), ring_subst_4(A,C), r_subst_2(B,E), ring_subst_2(A,C).
(r12) great_ne(A,B) :- r_subst_2(A,D), x_subst(A,E,C), alk_groups(B,E), ring_subst_2(B,F).
(r13) great_ne(A,B) :- ring_subst_3(B,C), pi_acceptor(E,D), ring_subst_2(A,F), ring_subst_6(A,E).
(r14) great_ne(A,B) :- pi_doner(D,F), x_subst(A,E,C), ring_subst_6(B,C), ring_subst_2(A,D).
(r15) great_ne(A,B) :- r_subst_3(A,C), x_subst(B,E,F), ring_substitutions(B,E), ring_subst_4(B,D).
(r16) great_ne(A,B) :- polar(D,C), pi_acceptor(D,E), x_subst(B,F,D), n_val(A,F).
(r17) great_ne(A,B) :- x_subst(A,F,D), n_val(B,C), gt(F,E), ring_subst_3(B,D).
(r18) great_ne(A,B) :- r_subst_3(A,C), sigma(F,E), x_subst(B,C,F), ring_subst_4(A,D).
(r19) great_ne(A,B) :- x_subst(B,F,C), ring_subst_2(B,D), x_subst(A,F,C), ring_subst_3(A,E).
(r20) great_ne(A,B) :- ring_subst_5(A,C), ring_subst_6(A,C), ring_subst_5(A,D), x_subst(B,E,C).
(r21) great_ne(A,B) :- ring_subst_5(A,C), r_subst_1(A,D), ring_subst_4(B,F), h_acceptor(F,E).
(r22) great_ne(A,B) :- ring_substitutions(B,D), ring_subst_2(B,C), ring_substitutions(B,E), r_subst_1(A,F).
(r23) great_ne(A,B) :- ring_subst_3(B,F), ring_subst_6(B,D), alk_groups(A,E), ring_subst_6(B,C).
(r24) great_ne(A,B) :- sigma(D,C), r_subst_2(A,E), ring_subst_2(B,D), ring_subst_3(A,D).
(r25) great_ne(A,B) :- alk_groups(B,D), ring_substitutions(B,D), n_val(A,C), x_subst(B,D,E).
(r26) great_ne(A,B) :- flex(F,E), ring_subst_5(A,F), ring_subst_5(B,D), r_subst_2(A,C).
(r27) great_ne(A,B) :- sigma(D,C), ring_subst_3(A,E), ring_subst_6(B,D), ring_subst_4(A,D).
(r28) great_ne(A,B) :- ring_subst_5(A,F), h_acceptor(F,E), alk_groups(A,D), ring_subst_6(B,C).
(r29) great_ne(A,B) :- ring_subst_5(A,C), r_subst_3(B,F), r_subst_1(B,E), ring_subst_3(A,D).
(r30) great_ne(A,B) :- n_val(A,E), ring_subst_4(B,F), x_subst(A,D,C), ring_substitutions(A,E).
(r31) great_ne(A,B) :- alk_groups(B,D), flex(C,F), ring_subst_2(B,C), r_subst_3(A,E).
(r32) great_ne(A,B) :- h_acceptor(D,C), ring_subst_2(B,F), r_subst_2(A,E), ring_subst_4(B,D).
(r33) great_ne(A,B) :- r_subst_3(B,C), ring_subst_4(B,E), r_subst_3(A,D), ring_subst_6(A,E).
(r34) great_ne(A,B) :- ring_subst_4(B,E), ring_subst_4(A,D), ring_substitutions(B,C).
(r35) great_ne(A,B) :- ring_subst_5(A,C), x_subst(B,D,C), ring_subst_5(B,E), r_subst_1(B,F).
(r36) great_ne(A,B) :- r_subst_3(A,F), x_subst(B,C,D), ring_substitutions(A,E).
(r37) great_ne(A,B) :- ring_subst_3(B,C), ring_subst_5(B,E), ring_subst_4(A,F), h_doner(F,D).
(r38) great_ne(A,B) :- ring_subst_3(B,E), alk_groups(A,C), x_subst(B,D,E), polarisable(E,F).
(r39) great_ne(A,B) :- ring_subst_4(A,E), x_subst(A,F,E), ring_subst_5(B,D), pi_doner(D,C).
(r40) great_ne(A,B) :- r_subst_2(B,C), sigma(D,E), x_subst(B,F,D), n_val(A,F).
(r41) great_ne(A,B) :- x_subst(B,E,D), n_val(A,C), ring_subst_2(B,D), r_subst_1(B,F).
(r42) great_ne(A,B) :- x_subst(A,E,F), alk_groups(B,C), n_val(A,C), x_subst(A,E,D).
(r43) great_ne(A,B) :- ring_subst_6(B,F), gt(E,D), ring_substitutions(B,E), x_subst(A,D,C).
(r44) great_ne(A,B) :- ring_subst_5(A,C), n_val(B,E), x_subst(A,E,D), ring_substitutions(A,E).
(r45) great_ne(A,B) :- ring_subst_5(B,D), x_subst(A,E,C), ring_subst_6(B,D), ring_substitutions(A,E).
(r46) great_ne(A,B) :- pi_acceptor(C,F), x_subst(B,D,C), ring_subst_4(A,C), pi_doner(C,E).
(r47) great_ne(A,B) :- alk_groups(B,D), alk_groups(A,C), ring_substitutions(B,D), n_val(B,D).
(r48) great_ne(A,B) :- x_subst(B,D,F), x_subst(B,C,E), ring_subst_4(A,E), x_subst(A,D,F).
(r49) great_ne(A,B) :- ring_subst_4(B,E), r_subst_3(A,C), gt(C,F), sigma(E,D).
(r50) great_ne(A,B) :- ring_subst_2(B,E), ring_subst_3(B,C), ring_subst_6(B,E), ring_subst_3(A,D).
(r51) great_ne(A,B) :- x_subst(B,F,C), ring_subst_3(B,C), ring_subst_3(A,C), x_subst(A,E,D).
(r52) great_ne(A,B) :- alk_groups(A,C), r_subst_3(B,E), r_subst_3(A,D), alk_groups(A,F).
(r53) great_ne(A,B) :- ring_subst_3(B,E), ring_subst_2(A,E), x_subst(A,D,C), r_subst_2(A,F).
(r54) great_ne(A,B) :- polar(D,C), ring_substitutions(B,E), alk_groups(B,F), ring_subst_3(A,D).
(r55) great_ne(A,B) :- x_subst(B,D,F), ring_subst_3(B,F), r_subst_1(A,E), r_subst_2(A,C).
(r56) great_ne(A,B) :- ring_subst_6(B,D), n_val(B,C), n_val(A,C), size(D,E).
(r57) great_ne(A,B) :- x_subst(A,C,D), x_subst(B,C,F), ring_subst_2(B,D), pi_doner(F,E).
(r58) great_ne(A,B) :- r_subst_3(B,C), ring_substitutions(B,D), alk_groups(A,E), ring_subst_6(A,F).
(r59) great_ne(A,B) :- r_subst_3(A,E), ring_substitutions(B,F), ring_subst_3(B,C), ring_subst_6(B,D).
(r60) great_ne(A,B) :- ring_subst_2(A,E), h_acceptor(E,D), ring_subst_2(A,C), alk_groups(B,F).
(r61) great_ne(A,B) :- ring_subst_4(A,C), x_subst(B,D,E), ring_subst_6(A,E), sigma(C,F).
(r62) great_ne(A,B) :- ring_subst_5(A,F), ring_subst_2(B,E), ring_subst_2(B,C), h_doner(C,D).
(r63) great_ne(A,B) :- x_subst(A,E,C), r_subst_3(A,F), x_subst(A,E,D), ring_subst_2(B,D).
(r64) great_ne(A,B) :- x_subst(A,C,F), ring_subst_5(B,F), ring_subst_5(B,E), ring_subst_2(B,D).
(r65) great_ne(A,B) :- r_subst_3(A,C), alk_groups(B,E), sigma(D,F), ring_subst_2(A,D).
(r66) great_ne(A,B) :- ring_subst_5(A,C), ring_subst_2(B,C), x_subst(B,D,E), ring_subst_4(B,C).
(r67) great_ne(A,B) :- ring_subst_5(B,D), r_subst_1(B,E), n_val(A,C), ring_substitutions(B,C).
(r68) great_ne(A,B) :- r_subst_2(A,D), r_subst_3(B,F), ring_subst_4(B,C), ring_subst_5(B,E).
(r69) great_ne(A,B) :- r_subst_2(A,D), x_subst(B,F,C), alk_groups(B,F), n_val(A,E).
(r70) great_ne(A,B) :- ring_subst_4(B,E), ring_subst_3(B,C), r_subst_3(A,D), polarisable(E,F).
(r71) great_ne(A,B) :- ring_subst_4(A,E), size(E,D), alk_groups(B,C), n_val(A,F).
(r72) great_ne(A,B) :- ring_subst_6(A,C), ring_substitutions(A,D), r_subst_3(A,F), ring_substitutions(B,E).
(r73) great_ne(A,B) :- ring_subst_2(A,E), ring_subst_3(A,C), x_subst(B,D,E), x_subst(A,D,C).
(r74) great_ne(A,B) :- x_subst(A,C,D), r_subst_3(A,F), n_val(B,F), size(D,E).
(r75) great_ne(A,B) :- x_subst(A,C,F), n_val(B,D), ring_subst_3(A,F), pi_doner(F,E).
(r76) great_ne(A,B) :- alk_groups(B,D), pi_doner(C,F), h_doner(C,E), ring_subst_3(A,C).
(r77) great_ne(A,B) :- ring_subst_3(B,C), n_val(B,F), alk_groups(A,D), x_subst(B,E,C).
(r78) great_ne(A,B) :- gt(D,C), ring_subst_5(B,E), alk_groups(A,D), ring_subst_3(A,F).
(r79) great_ne(A,B) :- ring_substitutions(A,C), x_subst(A,D,E), alk_groups(B,F).
(r80) great_ne(A,B) :- ring_substitutions(B,F), x_subst(B,C,E), gt(F,D), x_subst(A,C,E).
(r81) great_ne(A,B) :- alk_groups(B,D), polar(E,C), ring_subst_4(A,E), ring_subst_5(A,E).
(r82) great_ne(A,B) :- r_subst_1(A,D), alk_groups(A,C), n_val(A,C), ring_subst_6(B,E).
(r83) great_ne(A,B) :- x_subst(A,D,E), ring_subst_4(B,F), polar(F,C), ring_subst_5(A,E).
(r84) great_ne(A,B) :- ring_subst_5(A,C), r_subst_3(A,F), x_subst(B,D,E), ring_subst_5(A,E).
(r85) great_ne(A,B) :- x_subst(A,C,D), alk_groups(A,E), alk_groups(B,C), ring_subst_3(B,D).
(r86) great_ne(A,B) :- r_subst_3(A,C), ring_subst_6(B,E), x_subst(B,C,D), ring_substitutions(B,C).
(r87) great_ne(A,B) :- polarisable(C,F), ring_substitutions(A,D), ring_subst_3(B,C), pi_acceptor(C,E).
(r88) great_ne(A,B) :- alk_groups(B,D), x_subst(A,C,E), ring_subst_3(A,F), ring_subst_6(A,E).
(r89) great_ne(A,B) :- pi_acceptor(E,C), ring_subst_4(A,E), ring_subst_5(A,D), ring_subst_4(B,D).
(r90) great_ne(A,B) :- n_val(A,D), r_subst_3(B,F), h_doner(C,E), ring_subst_6(B,C).
====================
MaxSAT solving... (3107 vars, 19829 hard, 965 soft)
number of rules: 92
program size: 427
(inv1) inv1(X1,X2,X3,X4,X5,X6,X7,X8) :- x_subst(X1,X2,X3), x_subst(X4,X5,X6), ring_subst_2(X7,X8).
(inv2) inv2(X1,X2,X3,X4,X5,X6,X7,X8) :- ring_substitutions(X1,X2), x_subst(X3,X4,X5), x_subst(X6,X7,X8).
(r1) great_ne(A,B) :- r_subst_1(B,D), ring_subst_3(A,E), ring_subst_4(B,C), ring_subst_6(A,E).
(r2) great_ne(A,B) :- alk_groups(B,D), ring_subst_3(A,E), n_val(B,C), ring_subst_6(B,E).
(r3) great_ne(A,B) :- polarisable(E,C), sigma(E,D), ring_subst_6(B,E), ring_subst_2(A,F).
(r4) great_ne(A,B) :- pi_doner(E,C), ring_subst_4(A,E), sigma(E,F), n_val(B,D).
(r5) great_ne(A,B) :- ring_subst_6(A,C), ring_subst_3(B,E), size(C,F), ring_subst_2(B,D).
(r6) great_ne(A,B) :- sigma(D,C), ring_subst_4(B,E), ring_subst_6(B,D), ring_subst_2(A,F).
(r7) great_ne(A,B) :- ring_subst_3(B,E), ring_subst_3(B,C), alk_groups(A,D), alk_groups(B,F).
(r8) great_ne(A,B) :- ring_substitutions(B,D), ring_subst_3(B,F), r_subst_2(A,C), ring_subst_6(A,E).
(r9) great_ne(A,B) :- inv1(B,C,E,B,C,E,B,F), r_subst_3(A,D), ring_subst_4(B,E).
(r10) great_ne(A,B) :- inv2(A,C,B,C,D,B,C,D), r_subst_1(B,E), size(D,F).
(r11) great_ne(A,B) :- inv1(B,D,F,B,D,F,A,C), ring_subst_4(A,C), r_subst_2(B,E).
(r12) great_ne(A,B) :- inv1(A,E,C,A,E,C,B,F), r_subst_2(A,D), alk_groups(B,E).
(r13) great_ne(A,B) :- ring_subst_3(B,C), pi_acceptor(E,D), ring_subst_2(A,F), ring_subst_6(A,E).
(r14) great_ne(A,B) :- inv1(A,E,C,A,E,C,A,D), pi_doner(D,F), ring_subst_6(B,C).
(r15) great_ne(A,B) :- inv2(B,E,B,E,F,B,E,F), r_subst_3(A,C), ring_subst_4(B,D).
(r16) great_ne(A,B) :- polar(D,C), pi_acceptor(D,E), x_subst(B,F,D), n_val(A,F).
(r17) great_ne(A,B) :- x_subst(A,F,D), n_val(B,C), gt(F,E), ring_subst_3(B,D).
(r18) great_ne(A,B) :- r_subst_3(A,C), sigma(F,E), x_subst(B,C,F), ring_subst_4(A,D).
(r19) great_ne(A,B) :- inv1(B,F,C,A,F,C,B,D), ring_subst_3(A,E).
(r20) great_ne(A,B) :- ring_subst_5(A,C), ring_subst_6(A,C), ring_subst_5(A,D), x_subst(B,E,C).
(r21) great_ne(A,B) :- ring_subst_5(A,C), r_subst_1(A,D), ring_subst_4(B,F), h_acceptor(F,E).
(r22) great_ne(A,B) :- ring_substitutions(B,D), ring_subst_2(B,C), ring_substitutions(B,E), r_subst_1(A,F).
(r23) great_ne(A,B) :- ring_subst_3(B,F), ring_subst_6(B,D), alk_groups(A,E), ring_subst_6(B,C).
(r24) great_ne(A,B) :- sigma(D,C), r_subst_2(A,E), ring_subst_2(B,D), ring_subst_3(A,D).
(r25) great_ne(A,B) :- inv2(B,D,B,D,E,B,D,E), alk_groups(B,D), n_val(A,C).
(r26) great_ne(A,B) :- flex(F,E), ring_subst_5(A,F), ring_subst_5(B,D), r_subst_2(A,C).
(r27) great_ne(A,B) :- sigma(D,C), ring_subst_3(A,E), ring_subst_6(B,D), ring_subst_4(A,D).
(r28) great_ne(A,B) :- ring_subst_5(A,F), h_acceptor(F,E), alk_groups(A,D), ring_subst_6(B,C).
(r29) great_ne(A,B) :- ring_subst_5(A,C), r_subst_3(B,F), r_subst_1(B,E), ring_subst_3(A,D).
(r30) great_ne(A,B) :- inv2(A,E,A,D,C,A,D,C), n_val(A,E), ring_subst_4(B,F).
(r31) great_ne(A,B) :- alk_groups(B,D), flex(C,F), ring_subst_2(B,C), r_subst_3(A,E).
(r32) great_ne(A,B) :- h_acceptor(D,C), ring_subst_2(B,F), r_subst_2(A,E), ring_subst_4(B,D).
(r33) great_ne(A,B) :- r_subst_3(B,C), ring_subst_4(B,E), r_subst_3(A,D), ring_subst_6(A,E).
(r34) great_ne(A,B) :- ring_subst_4(B,E), ring_subst_4(A,D), ring_substitutions(B,C).
(r35) great_ne(A,B) :- ring_subst_5(A,C), x_subst(B,D,C), ring_subst_5(B,E), r_subst_1(B,F).
(r36) great_ne(A,B) :- inv2(A,E,B,C,D,B,C,D), r_subst_3(A,F).
(r37) great_ne(A,B) :- ring_subst_3(B,C), ring_subst_5(B,E), ring_subst_4(A,F), h_doner(F,D).
(r38) great_ne(A,B) :- ring_subst_3(B,E), alk_groups(A,C), x_subst(B,D,E), polarisable(E,F).
(r39) great_ne(A,B) :- ring_subst_4(A,E), x_subst(A,F,E), ring_subst_5(B,D), pi_doner(D,C).
(r40) great_ne(A,B) :- r_subst_2(B,C), sigma(D,E), x_subst(B,F,D), n_val(A,F).
(r41) great_ne(A,B) :- inv1(B,E,D,B,E,D,B,D), n_val(A,C), r_subst_1(B,F).
(r42) great_ne(A,B) :- x_subst(A,E,F), alk_groups(B,C), n_val(A,C), x_subst(A,E,D).
(r43) great_ne(A,B) :- inv2(B,E,A,D,C,A,D,C), ring_subst_6(B,F), gt(E,D).
(r44) great_ne(A,B) :- inv2(A,E,A,E,D,A,E,D), ring_subst_5(A,C), n_val(B,E).
(r45) great_ne(A,B) :- inv2(A,E,A,E,C,A,E,C), ring_subst_5(B,D), ring_subst_6(B,D).
(r46) great_ne(A,B) :- pi_acceptor(C,F), x_subst(B,D,C), ring_subst_4(A,C), pi_doner(C,E).
(r47) great_ne(A,B) :- alk_groups(B,D), alk_groups(A,C), ring_substitutions(B,D), n_val(B,D).
(r48) great_ne(A,B) :- x_subst(B,D,F), x_subst(B,C,E), ring_subst_4(A,E), x_subst(A,D,F).
(r49) great_ne(A,B) :- ring_subst_4(B,E), r_subst_3(A,C), gt(C,F), sigma(E,D).
(r50) great_ne(A,B) :- ring_subst_2(B,E), ring_subst_3(B,C), ring_subst_6(B,E), ring_subst_3(A,D).
(r51) great_ne(A,B) :- x_subst(B,F,C), ring_subst_3(B,C), ring_subst_3(A,C), x_subst(A,E,D).
(r52) great_ne(A,B) :- alk_groups(A,C), r_subst_3(B,E), r_subst_3(A,D), alk_groups(A,F).
(r53) great_ne(A,B) :- inv1(A,D,C,A,D,C,A,E), ring_subst_3(B,E), r_subst_2(A,F).
(r54) great_ne(A,B) :- polar(D,C), ring_substitutions(B,E), alk_groups(B,F), ring_subst_3(A,D).
(r55) great_ne(A,B) :- x_subst(B,D,F), ring_subst_3(B,F), r_subst_1(A,E), r_subst_2(A,C).
(r56) great_ne(A,B) :- ring_subst_6(B,D), n_val(B,C), n_val(A,C), size(D,E).
(r57) great_ne(A,B) :- inv1(A,C,D,B,C,F,B,D), pi_doner(F,E).
(r58) great_ne(A,B) :- r_subst_3(B,C), ring_substitutions(B,D), alk_groups(A,E), ring_subst_6(A,F).
(r59) great_ne(A,B) :- r_subst_3(A,E), ring_substitutions(B,F), ring_subst_3(B,C), ring_subst_6(B,D).
(r60) great_ne(A,B) :- ring_subst_2(A,E), h_acceptor(E,D), ring_subst_2(A,C), alk_groups(B,F).
(r61) great_ne(A,B) :- ring_subst_4(A,C), x_subst(B,D,E), ring_subst_6(A,E), sigma(C,F).
(r62) great_ne(A,B) :- ring_subst_5(A,F), ring_subst_2(B,E), ring_subst_2(B,C), h_doner(C,D).
(r63) great_ne(A,B) :- inv1(A,E,C,A,E,D,B,D), r_subst_3(A,F).
(r64) great_ne(A,B) :- inv1(A,C,F,A,C,F,B,D), ring_subst_5(B,F), ring_subst_5(B,E).
(r65) great_ne(A,B) :- r_subst_3(A,C), alk_groups(B,E), sigma(D,F), ring_subst_2(A,D).
(r66) great_ne(A,B) :- inv1(B,D,E,B,D,E,B,C), ring_subst_5(A,C), ring_subst_4(B,C).
(r67) great_ne(A,B) :- ring_subst_5(B,D), r_subst_1(B,E), n_val(A,C), ring_substitutions(B,C).
(r68) great_ne(A,B) :- r_subst_2(A,D), r_subst_3(B,F), ring_subst_4(B,C), ring_subst_5(B,E).
(r69) great_ne(A,B) :- r_subst_2(A,D), x_subst(B,F,C), alk_groups(B,F), n_val(A,E).
(r70) great_ne(A,B) :- ring_subst_4(B,E), ring_subst_3(B,C), r_subst_3(A,D), polarisable(E,F).
(r71) great_ne(A,B) :- ring_subst_4(A,E), size(E,D), alk_groups(B,C), n_val(A,F).
(r72) great_ne(A,B) :- ring_subst_6(A,C), ring_substitutions(A,D), r_subst_3(A,F), ring_substitutions(B,E).
(r73) great_ne(A,B) :- inv1(B,D,E,A,D,C,A,E), ring_subst_3(A,C).
(r74) great_ne(A,B) :- x_subst(A,C,D), r_subst_3(A,F), n_val(B,F), size(D,E).
(r75) great_ne(A,B) :- x_subst(A,C,F), n_val(B,D), ring_subst_3(A,F), pi_doner(F,E).
(r76) great_ne(A,B) :- alk_groups(B,D), pi_doner(C,F), h_doner(C,E), ring_subst_3(A,C).
(r77) great_ne(A,B) :- ring_subst_3(B,C), n_val(B,F), alk_groups(A,D), x_subst(B,E,C).
(r78) great_ne(A,B) :- gt(D,C), ring_subst_5(B,E), alk_groups(A,D), ring_subst_3(A,F).
(r79) great_ne(A,B) :- inv2(A,C,A,D,E,A,D,E), alk_groups(B,F).
(r80) great_ne(A,B) :- inv2(B,F,B,C,E,A,C,E), gt(F,D).
(r81) great_ne(A,B) :- alk_groups(B,D), polar(E,C), ring_subst_4(A,E), ring_subst_5(A,E).
(r82) great_ne(A,B) :- r_subst_1(A,D), alk_groups(A,C), n_val(A,C), ring_subst_6(B,E).
(r83) great_ne(A,B) :- x_subst(A,D,E), ring_subst_4(B,F), polar(F,C), ring_subst_5(A,E).
(r84) great_ne(A,B) :- ring_subst_5(A,C), r_subst_3(A,F), x_subst(B,D,E), ring_subst_5(A,E).
(r85) great_ne(A,B) :- x_subst(A,C,D), alk_groups(A,E), alk_groups(B,C), ring_subst_3(B,D).
(r86) great_ne(A,B) :- inv2(B,C,B,C,D,B,C,D), r_subst_3(A,C), ring_subst_6(B,E).
(r87) great_ne(A,B) :- polarisable(C,F), ring_substitutions(A,D), ring_subst_3(B,C), pi_acceptor(C,E).
(r88) great_ne(A,B) :- alk_groups(B,D), x_subst(A,C,E), ring_subst_3(A,F), ring_subst_6(A,E).
(r89) great_ne(A,B) :- pi_acceptor(E,C), ring_subst_4(A,E), ring_subst_5(A,D), ring_subst_4(B,D).
(r90) great_ne(A,B) :- n_val(A,D), r_subst_3(B,F), h_doner(C,E), ring_subst_6(B,C).
====================
