number of rules: 60
program size: 298
(r1) great(A,B) :- x_subst(A,C,D), great_h_acc(E,F), ring_subst_6(B,D), h_acceptor(D,E).
(r2) great(A,B) :- ring_subst_2(B,E), ring_subst_6(A,F), r_subst_1(A,C), ring_subst_2(A,D).
(r3) great(A,B) :- ring_subst_3(A,E), ring_subst_2(B,C), ring_subst_6(A,F), polar(C,D).
(r4) great(A,B) :- n_val(B,F), r_subst_3(A,D), x_subst(B,E,C), ring_substitutions(A,D).
(r5) great(A,B) :- n_val(B,D), ring_subst_2(B,F), r_subst_2(A,C), h_acceptor(F,E).
(r6) great(A,B) :- gt(D,E), r_subst_1(B,C), ring_substitutions(B,D), ring_subst_3(A,F).
(r7) great(A,B) :- polarisable(E,C), ring_subst_4(A,E), ring_subst_3(B,F), sigma(F,D).
(r8) great(A,B) :- h_doner(F,E), r_subst_3(B,D), ring_subst_5(A,F), x_subst(A,C,F).
(r9) great(A,B) :- ring_subst_3(B,E), alk_groups(A,C), n_val(B,F), ring_subst_2(B,D).
(r10) great(A,B) :- x_subst(B,C,E), sigma(E,D), n_val(A,C), ring_subst_2(A,F).
(r11) great(A,B) :- n_val(A,E), x_subst(B,C,D), ring_subst_6(A,D), alk_groups(A,E).
(r12) great(A,B) :- ring_subst_6(A,F), ring_subst_4(B,C), x_subst(B,D,E).
(r13) great(A,B) :- sigma(F,D), ring_subst_2(B,C), ring_subst_2(A,F), h_doner(C,E).
(r14) great(A,B) :- r_subst_2(A,D), ring_substitutions(B,C), x_subst(B,E,F), r_subst_3(B,C).
(r15) great(A,B) :- ring_subst_3(A,E), r_subst_3(A,F), pi_doner(E,D), n_val(B,C).
(r16) great(A,B) :- ring_substitutions(A,E), ring_substitutions(B,F), ring_substitutions(A,F), x_subst(A,D,C).
(r17) great(A,B) :- ring_subst_2(B,C), r_subst_2(A,E), ring_subst_4(A,F), r_subst_2(B,D).
(r18) great(A,B) :- ring_subst_4(A,E), ring_subst_3(B,F), ring_subst_5(A,D), ring_subst_5(A,C).
(r19) great(A,B) :- alk_groups(A,C), h_doner(D,F), x_subst(A,C,E), x_subst(B,C,D).
(r20) great(A,B) :- ring_subst_6(A,E), ring_subst_2(B,C), h_doner(C,F), pi_doner(C,D).
(r21) great(A,B) :- r_subst_3(B,C), ring_subst_4(B,E), h_acceptor(E,D), x_subst(A,C,F).
(r22) great(A,B) :- flex(D,E), x_subst(B,C,F), ring_subst_5(A,F), ring_subst_4(B,D).
(r23) great(A,B) :- r_subst_3(A,C), ring_subst_6(B,D), gt(E,C), x_subst(A,E,F).
(r24) great(A,B) :- x_subst(A,D,E), ring_substitutions(B,D), r_subst_2(A,F), sigma(E,C).
(r25) great(A,B) :- ring_subst_2(B,E), r_subst_3(B,F), ring_subst_6(B,C), alk_groups(A,D).
(r26) great(A,B) :- x_subst(A,E,C), ring_subst_6(A,C), ring_subst_2(A,D), r_subst_3(B,E).
(r27) great(A,B) :- ring_subst_3(B,E), r_subst_3(B,F), ring_subst_6(A,C), x_subst(A,D,C).
(r28) great(A,B) :- x_subst(A,E,C), ring_subst_5(B,C), ring_subst_2(A,C), polar(C,D).
(r29) great(A,B) :- n_val(B,F), x_subst(A,F,E), ring_subst_6(A,C), r_subst_1(B,D).
(r30) great(A,B) :- x_subst(A,D,E), x_subst(B,C,F), ring_subst_6(A,F), ring_subst_6(B,F).
(r31) great(A,B) :- pi_doner(D,E), ring_subst_6(B,C), h_doner(C,F), ring_subst_3(A,D).
(r32) great(A,B) :- ring_subst_5(A,C), x_subst(B,D,E), r_subst_1(B,F), n_val(B,D).
(r33) great(A,B) :- x_subst(A,E,C), ring_subst_2(B,C), ring_substitutions(A,E), h_doner(C,D).
(r34) great(A,B) :- ring_subst_4(B,C), ring_subst_2(B,F), alk_groups(A,D), x_subst(B,E,C).
(r35) great(A,B) :- pi_acceptor(C,E), alk_groups(B,D), x_subst(A,D,C), ring_substitutions(A,D).
(r36) great(A,B) :- ring_subst_5(A,D), x_subst(B,C,D), ring_subst_3(A,D).
(r37) great(A,B) :- r_subst_3(A,C), r_subst_2(B,E), sigma(D,F), ring_subst_2(A,D).
(r38) great(A,B) :- ring_subst_3(A,E), ring_subst_6(B,F), ring_substitutions(A,C), ring_subst_6(B,D).
(r39) great(A,B) :- ring_subst_3(A,E), n_val(B,F), pi_acceptor(E,C), ring_subst_6(A,D).
(r40) great(A,B) :- ring_subst_4(B,C), ring_subst_3(B,C), size(D,E), ring_subst_4(A,D).
(r41) great(A,B) :- alk_groups(A,F), ring_subst_6(A,C), ring_subst_5(B,E), pi_doner(C,D).
(r42) great(A,B) :- ring_subst_6(B,C), sigma(D,E), ring_subst_6(A,F), ring_subst_4(B,D).
(r43) great(A,B) :- h_doner(F,E), ring_subst_3(B,F), flex(F,D), ring_subst_5(A,C).
(r44) great(A,B) :- x_subst(B,C,E), n_val(B,C), r_subst_3(B,C), ring_subst_6(A,D).
(r45) great(A,B) :- ring_subst_2(B,E), x_subst(A,F,E), x_subst(A,F,C), gt(F,D).
(r46) great(A,B) :- h_acceptor(F,E), ring_subst_6(B,C), x_subst(A,D,C), ring_subst_5(B,F).
(r47) great(A,B) :- ring_subst_2(B,E), r_subst_2(A,C), size(E,F), n_val(A,D).
(r48) great(A,B) :- ring_subst_2(B,C), x_subst(B,D,E), n_val(B,D), ring_substitutions(A,D).
(r49) great(A,B) :- ring_subst_4(A,E), r_subst_3(A,D), r_subst_1(B,F), ring_substitutions(A,C).
(r50) great(A,B) :- x_subst(A,D,E), ring_subst_6(A,F), ring_subst_5(B,E), polar(F,C).
(r51) great(A,B) :- alk_groups(B,C), x_subst(B,D,E), r_subst_2(A,F), ring_subst_2(B,E).
(r52) great(A,B) :- flex(F,C), r_subst_2(A,E), ring_subst_3(A,F), r_subst_1(B,D).
(r53) great(A,B) :- alk_groups(B,D), ring_substitutions(A,F), r_subst_2(A,C), alk_groups(A,E).
(r54) great(A,B) :- n_val(A,C), gt(E,F), ring_subst_4(B,D), r_subst_3(B,E).
(r55) great(A,B) :- size(F,E), ring_subst_4(A,F), x_subst(A,D,C), ring_subst_5(B,F).
(r56) great(A,B) :- ring_subst_5(A,E), ring_subst_5(B,D), ring_substitutions(A,C), polarisable(E,F).
(r57) great(A,B) :- ring_subst_2(A,E), ring_subst_3(B,C), x_subst(B,D,E), r_subst_1(A,F).
(r58) great(A,B) :- alk_groups(B,F), r_subst_1(B,E), h_acceptor(D,C), ring_subst_2(A,D).
(r59) great(A,B) :- pi_acceptor(C,E), ring_subst_6(B,C), ring_subst_6(A,F), ring_substitutions(A,D).
(r60) great(A,B) :- ring_subst_5(B,D), x_subst(A,E,D), x_subst(B,C,D), r_subst_3(A,E).
====================
MaxSAT solving... (2092 vars, 13166 hard, 664 soft)
number of rules: 62
program size: 284
(inv1) inv1(X1,X2,X3,X4,X5) :- x_subst(X1,X2,X3), ring_subst_6(X4,X5).
(inv2) inv2(X1,X2,X3,X4,X5,X6,X7,X8) :- x_subst(X1,X2,X3), x_subst(X4,X5,X6), ring_subst_2(X7,X8).
(r1) great(A,B) :- inv1(A,C,D,B,D), great_h_acc(E,F), h_acceptor(D,E).
(r2) great(A,B) :- ring_subst_2(B,E), ring_subst_6(A,F), r_subst_1(A,C), ring_subst_2(A,D).
(r3) great(A,B) :- ring_subst_3(A,E), ring_subst_2(B,C), ring_subst_6(A,F), polar(C,D).
(r4) great(A,B) :- n_val(B,F), r_subst_3(A,D), x_subst(B,E,C), ring_substitutions(A,D).
(r5) great(A,B) :- n_val(B,D), ring_subst_2(B,F), r_subst_2(A,C), h_acceptor(F,E).
(r6) great(A,B) :- gt(D,E), r_subst_1(B,C), ring_substitutions(B,D), ring_subst_3(A,F).
(r7) great(A,B) :- polarisable(E,C), ring_subst_4(A,E), ring_subst_3(B,F), sigma(F,D).
(r8) great(A,B) :- h_doner(F,E), r_subst_3(B,D), ring_subst_5(A,F), x_subst(A,C,F).
(r9) great(A,B) :- ring_subst_3(B,E), alk_groups(A,C), n_val(B,F), ring_subst_2(B,D).
(r10) great(A,B) :- inv2(B,C,E,B,C,E,A,F), sigma(E,D), n_val(A,C).
(r11) great(A,B) :- inv1(B,C,D,A,D), n_val(A,E), alk_groups(A,E).
(r12) great(A,B) :- inv1(B,D,E,A,F), ring_subst_4(B,C).
(r13) great(A,B) :- sigma(F,D), ring_subst_2(B,C), ring_subst_2(A,F), h_doner(C,E).
(r14) great(A,B) :- r_subst_2(A,D), ring_substitutions(B,C), x_subst(B,E,F), r_subst_3(B,C).
(r15) great(A,B) :- ring_subst_3(A,E), r_subst_3(A,F), pi_doner(E,D), n_val(B,C).
(r16) great(A,B) :- ring_substitutions(A,E), ring_substitutions(B,F), ring_substitutions(A,F), x_subst(A,D,C).
(r17) great(A,B) :- ring_subst_2(B,C), r_subst_2(A,E), ring_subst_4(A,F), r_subst_2(B,D).
(r18) great(A,B) :- ring_subst_4(A,E), ring_subst_3(B,F), ring_subst_5(A,D), ring_subst_5(A,C).
(r19) great(A,B) :- alk_groups(A,C), h_doner(D,F), x_subst(A,C,E), x_subst(B,C,D).
(r20) great(A,B) :- ring_subst_6(A,E), ring_subst_2(B,C), h_doner(C,F), pi_doner(C,D).
(r21) great(A,B) :- r_subst_3(B,C), ring_subst_4(B,E), h_acceptor(E,D), x_subst(A,C,F).
(r22) great(A,B) :- flex(D,E), x_subst(B,C,F), ring_subst_5(A,F), ring_subst_4(B,D).
(r23) great(A,B) :- inv1(A,E,F,B,D), r_subst_3(A,C), gt(E,C).
(r24) great(A,B) :- x_subst(A,D,E), ring_substitutions(B,D), r_subst_2(A,F), sigma(E,C).
(r25) great(A,B) :- ring_subst_2(B,E), r_subst_3(B,F), ring_subst_6(B,C), alk_groups(A,D).
(r26) great(A,B) :- inv1(A,E,C,A,C), ring_subst_2(A,D), r_subst_3(B,E).
(r27) great(A,B) :- inv1(A,D,C,A,C), ring_subst_3(B,E), r_subst_3(B,F).
(r28) great(A,B) :- inv2(A,E,C,A,E,C,A,C), ring_subst_5(B,C), polar(C,D).
(r29) great(A,B) :- inv1(A,F,E,A,C), n_val(B,F), r_subst_1(B,D).
(r30) great(A,B) :- inv1(A,D,E,A,F), inv1(B,C,F,B,F).
(r31) great(A,B) :- pi_doner(D,E), ring_subst_6(B,C), h_doner(C,F), ring_subst_3(A,D).
(r32) great(A,B) :- ring_subst_5(A,C), x_subst(B,D,E), r_subst_1(B,F), n_val(B,D).
(r33) great(A,B) :- inv2(A,E,C,A,E,C,B,C), ring_substitutions(A,E), h_doner(C,D).
(r34) great(A,B) :- inv2(B,E,C,B,E,C,B,F), ring_subst_4(B,C), alk_groups(A,D).
(r35) great(A,B) :- pi_acceptor(C,E), alk_groups(B,D), x_subst(A,D,C), ring_substitutions(A,D).
(r36) great(A,B) :- ring_subst_5(A,D), x_subst(B,C,D), ring_subst_3(A,D).
(r37) great(A,B) :- r_subst_3(A,C), r_subst_2(B,E), sigma(D,F), ring_subst_2(A,D).
(r38) great(A,B) :- ring_subst_3(A,E), ring_subst_6(B,F), ring_substitutions(A,C), ring_subst_6(B,D).
(r39) great(A,B) :- ring_subst_3(A,E), n_val(B,F), pi_acceptor(E,C), ring_subst_6(A,D).
(r40) great(A,B) :- ring_subst_4(B,C), ring_subst_3(B,C), size(D,E), ring_subst_4(A,D).
(r41) great(A,B) :- alk_groups(A,F), ring_subst_6(A,C), ring_subst_5(B,E), pi_doner(C,D).
(r42) great(A,B) :- ring_subst_6(B,C), sigma(D,E), ring_subst_6(A,F), ring_subst_4(B,D).
(r43) great(A,B) :- h_doner(F,E), ring_subst_3(B,F), flex(F,D), ring_subst_5(A,C).
(r44) great(A,B) :- inv1(B,C,E,A,D), n_val(B,C), r_subst_3(B,C).
(r45) great(A,B) :- inv2(A,F,E,A,F,C,B,E), gt(F,D).
(r46) great(A,B) :- inv1(A,D,C,B,C), h_acceptor(F,E), ring_subst_5(B,F).
(r47) great(A,B) :- ring_subst_2(B,E), r_subst_2(A,C), size(E,F), n_val(A,D).
(r48) great(A,B) :- inv2(B,D,E,B,D,E,B,C), n_val(B,D), ring_substitutions(A,D).
(r49) great(A,B) :- ring_subst_4(A,E), r_subst_3(A,D), r_subst_1(B,F), ring_substitutions(A,C).
(r50) great(A,B) :- inv1(A,D,E,A,F), ring_subst_5(B,E), polar(F,C).
(r51) great(A,B) :- inv2(B,D,E,B,D,E,B,E), alk_groups(B,C), r_subst_2(A,F).
(r52) great(A,B) :- flex(F,C), r_subst_2(A,E), ring_subst_3(A,F), r_subst_1(B,D).
(r53) great(A,B) :- alk_groups(B,D), ring_substitutions(A,F), r_subst_2(A,C), alk_groups(A,E).
(r54) great(A,B) :- n_val(A,C), gt(E,F), ring_subst_4(B,D), r_subst_3(B,E).
(r55) great(A,B) :- size(F,E), ring_subst_4(A,F), x_subst(A,D,C), ring_subst_5(B,F).
(r56) great(A,B) :- ring_subst_5(A,E), ring_subst_5(B,D), ring_substitutions(A,C), polarisable(E,F).
(r57) great(A,B) :- inv2(B,D,E,B,D,E,A,E), ring_subst_3(B,C), r_subst_1(A,F).
(r58) great(A,B) :- alk_groups(B,F), r_subst_1(B,E), h_acceptor(D,C), ring_subst_2(A,D).
(r59) great(A,B) :- pi_acceptor(C,E), ring_subst_6(B,C), ring_subst_6(A,F), ring_substitutions(A,D).
(r60) great(A,B) :- ring_subst_5(B,D), x_subst(A,E,D), x_subst(B,C,D), r_subst_3(A,E).
====================
