number of rules: 110
program size: 548
(r1) great_rsd(A,B) :- ring_subst_4(A,D), x_subst(A,C,E), r_subst_3(B,C), polar(D,F).
(r2) great_rsd(A,B) :- x_subst(B,D,F), alk_groups(A,D), x_subst(B,E,C).
(r3) great_rsd(A,B) :- x_subst(A,C,E), alk_groups(B,F), gt(F,D), r_subst_3(A,F).
(r4) great_rsd(A,B) :- alk_groups(A,E), ring_subst_4(B,C), ring_subst_4(B,F), polar(C,D).
(r5) great_rsd(A,B) :- ring_substitutions(A,D), ring_subst_4(B,C), ring_subst_4(A,E), size(C,F).
(r6) great_rsd(A,B) :- r_subst_3(B,E), x_subst(B,C,F), n_val(B,E), ring_subst_6(A,D).
(r7) great_rsd(A,B) :- h_acceptor(F,D), r_subst_1(B,E), r_subst_1(B,C), ring_subst_5(A,F).
(r8) great_rsd(A,B) :- ring_subst_5(A,C), ring_substitutions(A,D), ring_substitutions(A,E), r_subst_3(B,F).
(r9) great_rsd(A,B) :- pi_acceptor(E,D), ring_subst_6(A,E), r_subst_3(A,C), n_val(B,C).
(r10) great_rsd(A,B) :- ring_subst_4(A,D), ring_subst_5(B,E), polarisable(E,F), pi_acceptor(E,C).
(r11) great_rsd(A,B) :- r_subst_3(B,D), r_subst_3(A,D), ring_subst_5(A,C), alk_groups(A,D).
(r12) great_rsd(A,B) :- alk_groups(B,C), x_subst(B,F,D), x_subst(A,C,D), ring_subst_2(A,E).
(r13) great_rsd(A,B) :- x_subst(B,D,F), r_subst_3(A,D), r_subst_1(B,C), pi_doner(F,E).
(r14) great_rsd(A,B) :- flex(D,C), ring_substitutions(B,E), ring_subst_5(B,D), ring_subst_6(A,D).
(r15) great_rsd(A,B) :- ring_subst_5(B,E), alk_groups(B,F), pi_doner(E,C), ring_subst_6(A,D).
(r16) great_rsd(A,B) :- ring_subst_6(B,D), ring_subst_6(B,C), r_subst_3(A,E), r_subst_3(B,F).
(r17) great_rsd(A,B) :- x_subst(A,E,D), ring_subst_4(B,C), ring_subst_2(A,F).
(r18) great_rsd(A,B) :- r_subst_3(B,D), ring_subst_5(A,E), ring_subst_2(B,F), n_val(B,C).
(r19) great_rsd(A,B) :- n_val(A,D), alk_groups(A,D), ring_subst_4(B,E), ring_substitutions(A,C).
(r20) great_rsd(A,B) :- ring_subst_3(A,D), r_subst_3(A,E), r_subst_3(B,F), ring_subst_3(B,C).
(r21) great_rsd(A,B) :- ring_subst_2(B,D), r_subst_1(A,E), ring_subst_2(B,F), n_val(B,C).
(r22) great_rsd(A,B) :- ring_substitutions(A,D), x_subst(B,D,C), x_subst(A,D,E), pi_doner(C,F).
(r23) great_rsd(A,B) :- r_subst_3(A,D), pi_acceptor(E,F), ring_subst_6(A,C), ring_subst_2(B,E).
(r24) great_rsd(A,B) :- alk_groups(A,F), gt(E,C), ring_subst_5(A,D), alk_groups(B,E).
(r25) great_rsd(A,B) :- alk_groups(A,F), gt(F,E), r_subst_1(B,C), ring_subst_6(B,D).
(r26) great_rsd(A,B) :- ring_subst_3(A,C), x_subst(A,F,C), ring_subst_2(B,D), sigma(C,E).
(r27) great_rsd(A,B) :- r_subst_1(A,C), r_subst_2(B,E), ring_subst_4(A,F), ring_subst_6(A,D).
(r28) great_rsd(A,B) :- ring_subst_2(A,C), h_acceptor(C,F), r_subst_3(B,E), ring_subst_6(A,D).
(r29) great_rsd(A,B) :- ring_subst_3(B,F), x_subst(B,D,C), x_subst(B,D,E), ring_subst_2(A,E).
(r30) great_rsd(A,B) :- ring_subst_3(A,F), x_subst(A,D,C), ring_subst_6(B,F), ring_subst_2(B,E).
(r31) great_rsd(A,B) :- alk_groups(B,F), ring_subst_2(B,D), ring_subst_4(B,C), ring_subst_6(A,E).
(r32) great_rsd(A,B) :- ring_subst_6(B,C), r_subst_3(B,E), ring_subst_2(B,F), ring_subst_6(A,D).
(r33) great_rsd(A,B) :- ring_substitutions(A,D), gt(D,F), ring_subst_3(A,E), n_val(B,C).
(r34) great_rsd(A,B) :- r_subst_1(A,C), ring_subst_2(B,D), ring_subst_2(A,E), pi_doner(D,F).
(r35) great_rsd(A,B) :- ring_subst_4(A,D), ring_subst_4(A,F), ring_subst_5(A,E), ring_subst_2(B,C).
(r36) great_rsd(A,B) :- alk_groups(A,E), alk_groups(B,C), ring_subst_6(A,D), ring_substitutions(B,C).
(r37) great_rsd(A,B) :- h_acceptor(E,F), r_subst_2(A,D), pi_doner(E,C), ring_subst_3(B,E).
(r38) great_rsd(A,B) :- alk_groups(A,E), ring_subst_3(A,F), n_val(B,D), r_subst_2(B,C).
(r39) great_rsd(A,B) :- ring_subst_3(A,F), ring_subst_4(B,C), ring_subst_3(B,E), polarisable(C,D).
(r40) great_rsd(A,B) :- ring_subst_2(B,D), ring_subst_2(A,D), size(D,F), x_subst(A,E,C).
(r41) great_rsd(A,B) :- ring_subst_5(A,D), ring_subst_6(A,D), x_subst(B,C,E), r_subst_2(A,F).
(r42) great_rsd(A,B) :- x_subst(A,F,C), x_subst(B,F,C), h_doner(D,E), ring_subst_6(A,D).
(r43) great_rsd(A,B) :- ring_subst_6(B,D), size(D,C), ring_subst_2(A,D), ring_subst_3(A,E).
(r44) great_rsd(A,B) :- alk_groups(A,C), r_subst_3(B,E), alk_groups(B,F), ring_subst_2(B,D).
(r45) great_rsd(A,B) :- alk_groups(A,C), ring_subst_2(B,D), polarisable(D,F), n_val(A,E).
(r46) great_rsd(A,B) :- sigma(C,E), ring_subst_6(B,C), ring_subst_4(A,C), alk_groups(A,D).
(r47) great_rsd(A,B) :- alk_groups(A,E), ring_substitutions(A,D), r_subst_3(B,E), ring_subst_2(B,C).
(r48) great_rsd(A,B) :- x_subst(B,D,F), ring_subst_5(A,C), ring_subst_4(B,C), x_subst(A,E,C).
(r49) great_rsd(A,B) :- x_subst(B,F,E), gt(C,D), r_subst_3(A,C), ring_subst_4(B,E).
(r50) great_rsd(A,B) :- ring_subst_3(A,D), polar(C,F), ring_subst_3(A,E), ring_subst_2(B,C).
(r51) great_rsd(A,B) :- r_subst_1(B,E), alk_groups(A,F), ring_subst_6(A,C), polarisable(C,D).
(r52) great_rsd(A,B) :- ring_subst_4(B,D), h_acceptor(D,F), x_subst(B,C,E), r_subst_3(A,C).
(r53) great_rsd(A,B) :- ring_subst_4(A,D), alk_groups(B,C), ring_subst_5(B,D), x_subst(A,C,D).
(r54) great_rsd(A,B) :- ring_subst_3(B,F), polarisable(F,E), alk_groups(B,D), r_subst_3(A,C).
(r55) great_rsd(A,B) :- r_subst_1(B,D), ring_subst_2(A,C), n_val(A,F), flex(C,E).
(r56) great_rsd(A,B) :- r_subst_3(A,D), ring_subst_2(A,F), x_subst(B,D,E), flex(E,C).
(r57) great_rsd(A,B) :- ring_subst_3(B,C), ring_subst_5(A,F), sigma(C,D), alk_groups(B,E).
(r58) great_rsd(A,B) :- ring_subst_4(A,D), ring_substitutions(B,E), r_subst_3(B,F), ring_subst_3(B,C).
(r59) great_rsd(A,B) :- ring_subst_3(A,F), h_doner(C,D), x_subst(B,E,F), ring_subst_4(B,C).
(r60) great_rsd(A,B) :- ring_subst_6(A,E), ring_subst_3(A,D), x_subst(B,C,E), h_doner(E,F).
(r61) great_rsd(A,B) :- ring_subst_2(B,E), ring_subst_5(A,E), x_subst(B,D,E), ring_substitutions(A,C).
(r62) great_rsd(A,B) :- ring_subst_3(B,F), pi_acceptor(F,E), x_subst(A,C,F), ring_subst_6(A,D).
(r63) great_rsd(A,B) :- n_val(A,C), r_subst_1(B,E), gt(C,D), r_subst_1(A,F).
(r64) great_rsd(A,B) :- r_subst_1(B,D), ring_subst_2(A,F), x_subst(A,C,F), pi_doner(F,E).
(r65) great_rsd(A,B) :- r_subst_1(B,D), ring_subst_5(A,C), gt(F,E), r_subst_3(B,F).
(r66) great_rsd(A,B) :- ring_subst_6(A,F), ring_subst_4(B,C), ring_subst_2(B,E), pi_acceptor(C,D).
(r67) great_rsd(A,B) :- n_val(A,D), ring_subst_5(A,E), polarisable(E,F), r_subst_3(B,C).
(r68) great_rsd(A,B) :- r_subst_1(A,C), ring_subst_3(A,D), ring_subst_5(A,F), n_val(B,E).
(r69) great_rsd(A,B) :- ring_subst_2(B,D), h_acceptor(E,C), ring_subst_2(B,E), r_subst_2(A,F).
(r70) great_rsd(A,B) :- ring_subst_5(A,E), sigma(E,C), x_subst(B,D,E), h_doner(E,F).
(r71) great_rsd(A,B) :- ring_subst_3(B,D), r_subst_1(A,C), r_subst_1(B,C), h_acceptor(D,E).
(r72) great_rsd(A,B) :- ring_subst_5(A,C), ring_subst_6(B,C), ring_subst_4(B,C), n_val(A,D).
(r73) great_rsd(A,B) :- ring_subst_5(B,E), r_subst_1(A,C), ring_subst_2(B,F), ring_subst_6(A,D).
(r74) great_rsd(A,B) :- pi_doner(C,E), ring_subst_5(B,C), r_subst_1(A,D), ring_subst_2(B,C).
(r75) great_rsd(A,B) :- r_subst_2(B,E), x_subst(A,F,C), x_subst(B,D,C), ring_subst_3(B,C).
(r76) great_rsd(A,B) :- ring_subst_4(A,C), x_subst(A,E,F), ring_subst_5(B,C), ring_subst_6(A,D).
(r77) great_rsd(A,B) :- ring_substitutions(A,D), ring_subst_4(A,E), x_subst(B,C,E), h_doner(E,F).
(r78) great_rsd(A,B) :- x_subst(B,F,C), r_subst_3(A,E), ring_subst_6(A,C), ring_subst_5(A,D).
(r79) great_rsd(A,B) :- r_subst_3(B,D), r_subst_3(A,D), ring_subst_2(A,F), x_subst(B,E,C).
(r80) great_rsd(A,B) :- ring_subst_2(B,D), alk_groups(A,F), r_subst_3(A,E), ring_subst_2(B,C).
(r81) great_rsd(A,B) :- n_val(A,C), ring_substitutions(B,E), alk_groups(B,F), n_val(A,D).
(r82) great_rsd(A,B) :- ring_subst_4(B,D), ring_substitutions(B,E), x_subst(A,E,F), ring_subst_2(B,C).
(r83) great_rsd(A,B) :- ring_substitutions(A,D), ring_subst_2(A,F), r_subst_3(B,C), ring_subst_4(B,E).
(r84) great_rsd(A,B) :- ring_subst_2(B,D), alk_groups(A,F), flex(D,E), ring_substitutions(A,C).
(r85) great_rsd(A,B) :- ring_subst_5(A,C), flex(C,D), ring_subst_2(B,F), ring_subst_2(B,E).
(r86) great_rsd(A,B) :- x_subst(A,C,E), n_val(A,F), r_subst_3(B,C), x_subst(B,D,E).
(r87) great_rsd(A,B) :- r_subst_3(B,E), gt(E,C), alk_groups(A,D), gt(D,E).
(r88) great_rsd(A,B) :- ring_subst_3(A,F), ring_subst_2(B,D), r_subst_2(A,E), r_subst_1(B,C).
(r89) great_rsd(A,B) :- ring_subst_3(A,C), ring_subst_4(B,D), n_val(A,F), pi_acceptor(D,E).
(r90) great_rsd(A,B) :- x_subst(A,D,C), alk_groups(A,F), alk_groups(B,F), gt(F,E).
(r91) great_rsd(A,B) :- ring_subst_6(B,E), n_val(B,D), ring_subst_6(A,C), pi_doner(C,F).
(r92) great_rsd(A,B) :- ring_substitutions(B,D), x_subst(A,D,C), x_subst(A,F,C), ring_subst_3(B,E).
(r93) great_rsd(A,B) :- ring_subst_4(A,D), x_subst(A,E,D), x_subst(B,E,D), x_subst(A,E,C).
(r94) great_rsd(A,B) :- r_subst_3(B,D), ring_subst_6(B,E), pi_doner(E,F), ring_subst_3(A,C).
(r95) great_rsd(A,B) :- polarisable(C,E), great_polari(E,F), ring_subst_4(B,C), r_subst_1(A,D).
(r96) great_rsd(A,B) :- polarisable(D,F), r_subst_1(A,E), r_subst_2(B,C), ring_subst_6(A,D).
(r97) great_rsd(A,B) :- ring_substitutions(B,C), r_subst_3(B,F), ring_substitutions(B,E), x_subst(A,C,D).
(r98) great_rsd(A,B) :- sigma(C,E), ring_subst_3(B,C), x_subst(A,D,C), ring_substitutions(B,F).
(r99) great_rsd(A,B) :- r_subst_3(B,D), n_val(A,E), r_subst_3(A,C), r_subst_2(A,F).
(r100) great_rsd(A,B) :- ring_subst_3(A,C), x_subst(B,D,C), r_subst_3(A,E), ring_subst_6(A,F).
(r101) great_rsd(A,B) :- gt(E,D), ring_subst_5(B,C), ring_subst_5(B,F), n_val(A,E).
(r102) great_rsd(A,B) :- alk_groups(B,C), alk_groups(B,F), ring_subst_4(B,E), ring_subst_6(A,D).
(r103) great_rsd(A,B) :- size(E,D), ring_subst_5(A,E), ring_subst_4(B,C), ring_subst_2(B,C).
(r104) great_rsd(A,B) :- x_subst(A,D,F), ring_subst_5(B,F), ring_subst_4(B,F), x_subst(B,C,E).
(r105) great_rsd(A,B) :- ring_subst_2(B,D), ring_subst_5(B,F), sigma(D,C), ring_subst_2(A,E).
(r106) great_rsd(A,B) :- ring_subst_2(B,E), polar(E,D), x_subst(B,C,E), r_subst_1(A,F).
(r107) great_rsd(A,B) :- polarisable(F,C), ring_subst_4(B,F), ring_subst_2(A,E), sigma(E,D).
(r108) great_rsd(A,B) :- r_subst_2(B,D), pi_doner(F,E), x_subst(B,C,F), r_subst_3(A,C).
(r109) great_rsd(A,B) :- ring_subst_3(B,F), ring_subst_4(A,E), ring_substitutions(B,D), flex(E,C).
(r110) great_rsd(A,B) :- ring_subst_5(B,D), ring_subst_3(A,D), polarisable(D,E), r_subst_3(A,C).
====================
MaxSAT solving... (3800 vars, 26336 hard, 1172 soft)
number of rules: 112
program size: 531
(inv1) inv1(X1,X2,X3,X4,X5,X6,X7,X8) :- ring_subst_4(X1,X2), x_subst(X3,X4,X5), x_subst(X6,X7,X8).
(inv2) inv2(X1,X2,X3,X4,X5,X6,X7,X8) :- ring_subst_2(X1,X2), x_subst(X3,X4,X5), x_subst(X6,X7,X8).
(r1) great_rsd(A,B) :- inv1(A,D,A,C,E,A,C,E), r_subst_3(B,C), polar(D,F).
(r2) great_rsd(A,B) :- x_subst(B,D,F), alk_groups(A,D), x_subst(B,E,C).
(r3) great_rsd(A,B) :- x_subst(A,C,E), alk_groups(B,F), gt(F,D), r_subst_3(A,F).
(r4) great_rsd(A,B) :- alk_groups(A,E), ring_subst_4(B,C), ring_subst_4(B,F), polar(C,D).
(r5) great_rsd(A,B) :- ring_substitutions(A,D), ring_subst_4(B,C), ring_subst_4(A,E), size(C,F).
(r6) great_rsd(A,B) :- r_subst_3(B,E), x_subst(B,C,F), n_val(B,E), ring_subst_6(A,D).
(r7) great_rsd(A,B) :- h_acceptor(F,D), r_subst_1(B,E), r_subst_1(B,C), ring_subst_5(A,F).
(r8) great_rsd(A,B) :- ring_subst_5(A,C), ring_substitutions(A,D), ring_substitutions(A,E), r_subst_3(B,F).
(r9) great_rsd(A,B) :- pi_acceptor(E,D), ring_subst_6(A,E), r_subst_3(A,C), n_val(B,C).
(r10) great_rsd(A,B) :- ring_subst_4(A,D), ring_subst_5(B,E), polarisable(E,F), pi_acceptor(E,C).
(r11) great_rsd(A,B) :- r_subst_3(B,D), r_subst_3(A,D), ring_subst_5(A,C), alk_groups(A,D).
(r12) great_rsd(A,B) :- inv2(A,E,B,F,D,A,C,D), alk_groups(B,C).
(r13) great_rsd(A,B) :- x_subst(B,D,F), r_subst_3(A,D), r_subst_1(B,C), pi_doner(F,E).
(r14) great_rsd(A,B) :- flex(D,C), ring_substitutions(B,E), ring_subst_5(B,D), ring_subst_6(A,D).
(r15) great_rsd(A,B) :- ring_subst_5(B,E), alk_groups(B,F), pi_doner(E,C), ring_subst_6(A,D).
(r16) great_rsd(A,B) :- ring_subst_6(B,D), ring_subst_6(B,C), r_subst_3(A,E), r_subst_3(B,F).
(r17) great_rsd(A,B) :- inv1(B,C,A,E,D,A,E,D), ring_subst_2(A,F).
(r18) great_rsd(A,B) :- r_subst_3(B,D), ring_subst_5(A,E), ring_subst_2(B,F), n_val(B,C).
(r19) great_rsd(A,B) :- n_val(A,D), alk_groups(A,D), ring_subst_4(B,E), ring_substitutions(A,C).
(r20) great_rsd(A,B) :- ring_subst_3(A,D), r_subst_3(A,E), r_subst_3(B,F), ring_subst_3(B,C).
(r21) great_rsd(A,B) :- ring_subst_2(B,D), r_subst_1(A,E), ring_subst_2(B,F), n_val(B,C).
(r22) great_rsd(A,B) :- ring_substitutions(A,D), x_subst(B,D,C), x_subst(A,D,E), pi_doner(C,F).
(r23) great_rsd(A,B) :- r_subst_3(A,D), pi_acceptor(E,F), ring_subst_6(A,C), ring_subst_2(B,E).
(r24) great_rsd(A,B) :- alk_groups(A,F), gt(E,C), ring_subst_5(A,D), alk_groups(B,E).
(r25) great_rsd(A,B) :- alk_groups(A,F), gt(F,E), r_subst_1(B,C), ring_subst_6(B,D).
(r26) great_rsd(A,B) :- inv2(B,D,A,F,C,A,F,C), ring_subst_3(A,C), sigma(C,E).
(r27) great_rsd(A,B) :- r_subst_1(A,C), r_subst_2(B,E), ring_subst_4(A,F), ring_subst_6(A,D).
(r28) great_rsd(A,B) :- ring_subst_2(A,C), h_acceptor(C,F), r_subst_3(B,E), ring_subst_6(A,D).
(r29) great_rsd(A,B) :- inv2(A,E,B,D,C,B,D,E), ring_subst_3(B,F).
(r30) great_rsd(A,B) :- inv2(B,E,A,D,C,A,D,C), ring_subst_3(A,F), ring_subst_6(B,F).
(r31) great_rsd(A,B) :- alk_groups(B,F), ring_subst_2(B,D), ring_subst_4(B,C), ring_subst_6(A,E).
(r32) great_rsd(A,B) :- ring_subst_6(B,C), r_subst_3(B,E), ring_subst_2(B,F), ring_subst_6(A,D).
(r33) great_rsd(A,B) :- ring_substitutions(A,D), gt(D,F), ring_subst_3(A,E), n_val(B,C).
(r34) great_rsd(A,B) :- r_subst_1(A,C), ring_subst_2(B,D), ring_subst_2(A,E), pi_doner(D,F).
(r35) great_rsd(A,B) :- ring_subst_4(A,D), ring_subst_4(A,F), ring_subst_5(A,E), ring_subst_2(B,C).
(r36) great_rsd(A,B) :- alk_groups(A,E), alk_groups(B,C), ring_subst_6(A,D), ring_substitutions(B,C).
(r37) great_rsd(A,B) :- h_acceptor(E,F), r_subst_2(A,D), pi_doner(E,C), ring_subst_3(B,E).
(r38) great_rsd(A,B) :- alk_groups(A,E), ring_subst_3(A,F), n_val(B,D), r_subst_2(B,C).
(r39) great_rsd(A,B) :- ring_subst_3(A,F), ring_subst_4(B,C), ring_subst_3(B,E), polarisable(C,D).
(r40) great_rsd(A,B) :- inv2(B,D,A,E,C,A,E,C), ring_subst_2(A,D), size(D,F).
(r41) great_rsd(A,B) :- ring_subst_5(A,D), ring_subst_6(A,D), x_subst(B,C,E), r_subst_2(A,F).
(r42) great_rsd(A,B) :- x_subst(A,F,C), x_subst(B,F,C), h_doner(D,E), ring_subst_6(A,D).
(r43) great_rsd(A,B) :- ring_subst_6(B,D), size(D,C), ring_subst_2(A,D), ring_subst_3(A,E).
(r44) great_rsd(A,B) :- alk_groups(A,C), r_subst_3(B,E), alk_groups(B,F), ring_subst_2(B,D).
(r45) great_rsd(A,B) :- alk_groups(A,C), ring_subst_2(B,D), polarisable(D,F), n_val(A,E).
(r46) great_rsd(A,B) :- sigma(C,E), ring_subst_6(B,C), ring_subst_4(A,C), alk_groups(A,D).
(r47) great_rsd(A,B) :- alk_groups(A,E), ring_substitutions(A,D), r_subst_3(B,E), ring_subst_2(B,C).
(r48) great_rsd(A,B) :- x_subst(B,D,F), ring_subst_5(A,C), ring_subst_4(B,C), x_subst(A,E,C).
(r49) great_rsd(A,B) :- inv1(B,E,B,F,E,B,F,E), gt(C,D), r_subst_3(A,C).
(r50) great_rsd(A,B) :- ring_subst_3(A,D), polar(C,F), ring_subst_3(A,E), ring_subst_2(B,C).
(r51) great_rsd(A,B) :- r_subst_1(B,E), alk_groups(A,F), ring_subst_6(A,C), polarisable(C,D).
(r52) great_rsd(A,B) :- inv1(B,D,B,C,E,B,C,E), h_acceptor(D,F), r_subst_3(A,C).
(r53) great_rsd(A,B) :- inv1(A,D,A,C,D,A,C,D), alk_groups(B,C), ring_subst_5(B,D).
(r54) great_rsd(A,B) :- ring_subst_3(B,F), polarisable(F,E), alk_groups(B,D), r_subst_3(A,C).
(r55) great_rsd(A,B) :- r_subst_1(B,D), ring_subst_2(A,C), n_val(A,F), flex(C,E).
(r56) great_rsd(A,B) :- inv2(A,F,B,D,E,B,D,E), r_subst_3(A,D), flex(E,C).
(r57) great_rsd(A,B) :- ring_subst_3(B,C), ring_subst_5(A,F), sigma(C,D), alk_groups(B,E).
(r58) great_rsd(A,B) :- ring_subst_4(A,D), ring_substitutions(B,E), r_subst_3(B,F), ring_subst_3(B,C).
(r59) great_rsd(A,B) :- inv1(B,C,B,E,F,B,E,F), ring_subst_3(A,F), h_doner(C,D).
(r60) great_rsd(A,B) :- ring_subst_6(A,E), ring_subst_3(A,D), x_subst(B,C,E), h_doner(E,F).
(r61) great_rsd(A,B) :- inv2(B,E,B,D,E,B,D,E), ring_subst_5(A,E), ring_substitutions(A,C).
(r62) great_rsd(A,B) :- ring_subst_3(B,F), pi_acceptor(F,E), x_subst(A,C,F), ring_subst_6(A,D).
(r63) great_rsd(A,B) :- n_val(A,C), r_subst_1(B,E), gt(C,D), r_subst_1(A,F).
(r64) great_rsd(A,B) :- inv2(A,F,A,C,F,A,C,F), r_subst_1(B,D), pi_doner(F,E).
(r65) great_rsd(A,B) :- r_subst_1(B,D), ring_subst_5(A,C), gt(F,E), r_subst_3(B,F).
(r66) great_rsd(A,B) :- ring_subst_6(A,F), ring_subst_4(B,C), ring_subst_2(B,E), pi_acceptor(C,D).
(r67) great_rsd(A,B) :- n_val(A,D), ring_subst_5(A,E), polarisable(E,F), r_subst_3(B,C).
(r68) great_rsd(A,B) :- r_subst_1(A,C), ring_subst_3(A,D), ring_subst_5(A,F), n_val(B,E).
(r69) great_rsd(A,B) :- ring_subst_2(B,D), h_acceptor(E,C), ring_subst_2(B,E), r_subst_2(A,F).
(r70) great_rsd(A,B) :- ring_subst_5(A,E), sigma(E,C), x_subst(B,D,E), h_doner(E,F).
(r71) great_rsd(A,B) :- ring_subst_3(B,D), r_subst_1(A,C), r_subst_1(B,C), h_acceptor(D,E).
(r72) great_rsd(A,B) :- ring_subst_5(A,C), ring_subst_6(B,C), ring_subst_4(B,C), n_val(A,D).
(r73) great_rsd(A,B) :- ring_subst_5(B,E), r_subst_1(A,C), ring_subst_2(B,F), ring_subst_6(A,D).
(r74) great_rsd(A,B) :- pi_doner(C,E), ring_subst_5(B,C), r_subst_1(A,D), ring_subst_2(B,C).
(r75) great_rsd(A,B) :- r_subst_2(B,E), x_subst(A,F,C), x_subst(B,D,C), ring_subst_3(B,C).
(r76) great_rsd(A,B) :- inv1(A,C,A,E,F,A,E,F), ring_subst_5(B,C), ring_subst_6(A,D).
(r77) great_rsd(A,B) :- inv1(A,E,B,C,E,B,C,E), ring_substitutions(A,D), h_doner(E,F).
(r78) great_rsd(A,B) :- x_subst(B,F,C), r_subst_3(A,E), ring_subst_6(A,C), ring_subst_5(A,D).
(r79) great_rsd(A,B) :- inv2(A,F,B,E,C,B,E,C), r_subst_3(B,D), r_subst_3(A,D).
(r80) great_rsd(A,B) :- ring_subst_2(B,D), alk_groups(A,F), r_subst_3(A,E), ring_subst_2(B,C).
(r81) great_rsd(A,B) :- n_val(A,C), ring_substitutions(B,E), alk_groups(B,F), n_val(A,D).
(r82) great_rsd(A,B) :- inv2(B,C,A,E,F,A,E,F), ring_subst_4(B,D), ring_substitutions(B,E).
(r83) great_rsd(A,B) :- ring_substitutions(A,D), ring_subst_2(A,F), r_subst_3(B,C), ring_subst_4(B,E).
(r84) great_rsd(A,B) :- ring_subst_2(B,D), alk_groups(A,F), flex(D,E), ring_substitutions(A,C).
(r85) great_rsd(A,B) :- ring_subst_5(A,C), flex(C,D), ring_subst_2(B,F), ring_subst_2(B,E).
(r86) great_rsd(A,B) :- x_subst(A,C,E), n_val(A,F), r_subst_3(B,C), x_subst(B,D,E).
(r87) great_rsd(A,B) :- r_subst_3(B,E), gt(E,C), alk_groups(A,D), gt(D,E).
(r88) great_rsd(A,B) :- ring_subst_3(A,F), ring_subst_2(B,D), r_subst_2(A,E), r_subst_1(B,C).
(r89) great_rsd(A,B) :- ring_subst_3(A,C), ring_subst_4(B,D), n_val(A,F), pi_acceptor(D,E).
(r90) great_rsd(A,B) :- x_subst(A,D,C), alk_groups(A,F), alk_groups(B,F), gt(F,E).
(r91) great_rsd(A,B) :- ring_subst_6(B,E), n_val(B,D), ring_subst_6(A,C), pi_doner(C,F).
(r92) great_rsd(A,B) :- ring_substitutions(B,D), x_subst(A,D,C), x_subst(A,F,C), ring_subst_3(B,E).
(r93) great_rsd(A,B) :- inv1(A,D,A,E,D,B,E,D), x_subst(A,E,C).
(r94) great_rsd(A,B) :- r_subst_3(B,D), ring_subst_6(B,E), pi_doner(E,F), ring_subst_3(A,C).
(r95) great_rsd(A,B) :- polarisable(C,E), great_polari(E,F), ring_subst_4(B,C), r_subst_1(A,D).
(r96) great_rsd(A,B) :- polarisable(D,F), r_subst_1(A,E), r_subst_2(B,C), ring_subst_6(A,D).
(r97) great_rsd(A,B) :- ring_substitutions(B,C), r_subst_3(B,F), ring_substitutions(B,E), x_subst(A,C,D).
(r98) great_rsd(A,B) :- sigma(C,E), ring_subst_3(B,C), x_subst(A,D,C), ring_substitutions(B,F).
(r99) great_rsd(A,B) :- r_subst_3(B,D), n_val(A,E), r_subst_3(A,C), r_subst_2(A,F).
(r100) great_rsd(A,B) :- ring_subst_3(A,C), x_subst(B,D,C), r_subst_3(A,E), ring_subst_6(A,F).
(r101) great_rsd(A,B) :- gt(E,D), ring_subst_5(B,C), ring_subst_5(B,F), n_val(A,E).
(r102) great_rsd(A,B) :- alk_groups(B,C), alk_groups(B,F), ring_subst_4(B,E), ring_subst_6(A,D).
(r103) great_rsd(A,B) :- size(E,D), ring_subst_5(A,E), ring_subst_4(B,C), ring_subst_2(B,C).
(r104) great_rsd(A,B) :- inv1(B,F,A,D,F,B,C,E), ring_subst_5(B,F).
(r105) great_rsd(A,B) :- ring_subst_2(B,D), ring_subst_5(B,F), sigma(D,C), ring_subst_2(A,E).
(r106) great_rsd(A,B) :- inv2(B,E,B,C,E,B,C,E), polar(E,D), r_subst_1(A,F).
(r107) great_rsd(A,B) :- polarisable(F,C), ring_subst_4(B,F), ring_subst_2(A,E), sigma(E,D).
(r108) great_rsd(A,B) :- r_subst_2(B,D), pi_doner(F,E), x_subst(B,C,F), r_subst_3(A,C).
(r109) great_rsd(A,B) :- ring_subst_3(B,F), ring_subst_4(A,E), ring_substitutions(B,D), flex(E,C).
(r110) great_rsd(A,B) :- ring_subst_5(B,D), ring_subst_3(A,D), polarisable(D,E), r_subst_3(A,C).
====================
