number of rules: 140
program size: 697
(r1) great_ne(A,B) :- r_subst_1(B,D), ring_subst_2(A,F), ring_substitutions(A,E), h_acceptor(F,C).
(r2) great_ne(A,B) :- size(F,D), ring_subst_4(B,F), ring_subst_3(A,C), ring_subst_5(B,E).
(r3) great_ne(A,B) :- ring_subst_2(B,C), pi_doner(C,D), ring_subst_5(A,E), great_pi_don(D,F).
(r4) great_ne(A,B) :- ring_subst_5(A,D), ring_subst_4(B,F), r_subst_2(A,C), pi_doner(F,E).
(r5) great_ne(A,B) :- ring_subst_4(B,E), n_val(B,C), n_val(A,C), ring_subst_2(A,D).
(r6) great_ne(A,B) :- h_doner(F,C), n_val(B,D), x_subst(A,D,F), pi_doner(F,E).
(r7) great_ne(A,B) :- r_subst_3(A,E), ring_subst_4(B,C), x_subst(A,D,C), r_subst_1(A,F).
(r8) great_ne(A,B) :- flex(E,F), r_subst_3(A,C), ring_subst_6(A,D), ring_subst_6(B,E).
(r9) great_ne(A,B) :- x_subst(A,C,F), ring_subst_3(B,E), x_subst(A,C,D), ring_subst_2(B,F).
(r10) great_ne(A,B) :- r_subst_3(A,E), pi_doner(C,F), ring_subst_3(B,C), n_val(A,D).
(r11) great_ne(A,B) :- flex(F,E), ring_subst_4(B,F), r_subst_1(B,C), n_val(A,D).
(r12) great_ne(A,B) :- ring_subst_6(A,C), x_subst(A,D,E), x_subst(B,D,C), ring_subst_5(B,C).
(r13) great_ne(A,B) :- r_subst_3(A,E), ring_subst_6(B,C), x_subst(A,E,D), r_subst_2(A,F).
(r14) great_ne(A,B) :- ring_subst_3(B,E), ring_subst_4(B,F), sigma(F,C), ring_subst_3(A,D).
(r15) great_ne(A,B) :- x_subst(A,C,F), n_val(B,E), n_val(A,C), x_subst(B,C,D).
(r16) great_ne(A,B) :- pi_doner(F,C), ring_subst_5(B,D), r_subst_1(A,E), ring_subst_2(A,F).
(r17) great_ne(A,B) :- ring_subst_5(A,E), r_subst_2(A,D), pi_doner(E,C), alk_groups(B,F).
(r18) great_ne(A,B) :- ring_subst_2(B,E), ring_subst_3(B,C), h_acceptor(C,D), ring_subst_5(A,E).
(r19) great_ne(A,B) :- r_subst_1(B,D), ring_subst_6(A,F), pi_doner(F,E), ring_subst_6(B,C).
(r20) great_ne(A,B) :- x_subst(A,F,D), r_subst_2(B,E), alk_groups(B,F), ring_subst_4(B,C).
(r21) great_ne(A,B) :- r_subst_2(A,D), x_subst(B,C,F), ring_substitutions(A,E), r_subst_3(B,E).
(r22) great_ne(A,B) :- ring_subst_3(A,C), size(C,D), ring_subst_2(B,F), pi_acceptor(C,E).
(r23) great_ne(A,B) :- x_subst(B,D,F), r_subst_3(A,C), ring_subst_2(A,F), ring_subst_5(A,E).
(r24) great_ne(A,B) :- pi_acceptor(C,F), ring_subst_5(B,C), ring_substitutions(A,E), ring_subst_4(A,D).
(r25) great_ne(A,B) :- flex(F,C), alk_groups(B,E), ring_subst_4(B,F), ring_subst_3(A,D).
(r26) great_ne(A,B) :- n_val(B,E), x_subst(B,D,C), gt(D,E), ring_subst_4(A,F).
(r27) great_ne(A,B) :- r_subst_3(A,E), x_subst(B,D,C), h_acceptor(C,F), ring_subst_4(A,C).
(r28) great_ne(A,B) :- alk_groups(B,D), ring_subst_3(A,E), ring_subst_5(A,E), gt(D,C).
(r29) great_ne(A,B) :- ring_subst_6(A,C), ring_subst_3(B,C), x_subst(A,E,D), r_subst_2(B,F).
(r30) great_ne(A,B) :- ring_subst_6(A,C), ring_substitutions(A,D), x_subst(B,D,E), sigma(E,F).
(r31) great_ne(A,B) :- alk_groups(B,D), ring_subst_3(A,E), ring_subst_6(A,E), gt(D,C).
(r32) great_ne(A,B) :- r_subst_1(B,D), ring_subst_3(B,E), r_subst_3(B,F), ring_substitutions(A,C).
(r33) great_ne(A,B) :- ring_subst_2(B,C), ring_subst_3(B,C), alk_groups(A,D), ring_subst_5(A,E).
(r34) great_ne(A,B) :- ring_subst_5(B,F), x_subst(B,C,E), alk_groups(A,C), h_acceptor(F,D).
(r35) great_ne(A,B) :- alk_groups(B,D), x_subst(A,E,C), ring_subst_2(A,C), gt(D,F).
(r36) great_ne(A,B) :- ring_subst_5(B,D), pi_acceptor(D,C), ring_substitutions(A,E), ring_subst_2(A,D).
(r37) great_ne(A,B) :- x_subst(A,C,D), ring_subst_3(B,D), gt(C,E), ring_substitutions(A,E).
(r38) great_ne(A,B) :- ring_subst_6(A,C), ring_subst_6(B,E), ring_subst_4(B,C), x_subst(B,D,E).
(r39) great_ne(A,B) :- ring_subst_3(B,C), ring_subst_6(B,E), ring_subst_4(B,C), n_val(A,D).
(r40) great_ne(A,B) :- ring_substitutions(A,C), ring_subst_3(A,E), ring_subst_6(B,D), ring_subst_2(A,D).
(r41) great_ne(A,B) :- r_subst_3(B,C), x_subst(A,D,E), x_subst(B,C,E), alk_groups(B,C).
(r42) great_ne(A,B) :- ring_subst_5(B,F), ring_subst_2(B,E), ring_subst_2(A,C), r_subst_3(A,D).
(r43) great_ne(A,B) :- ring_subst_2(A,E), ring_subst_3(B,C), n_val(B,D), flex(C,F).
(r44) great_ne(A,B) :- x_subst(A,E,F), r_subst_3(B,C), ring_subst_4(B,F), x_subst(B,C,D).
(r45) great_ne(A,B) :- r_subst_3(A,E), r_subst_1(A,D), r_subst_1(B,C), ring_substitutions(A,F).
(r46) great_ne(A,B) :- ring_subst_5(A,C), alk_groups(B,E), r_subst_3(A,D), gt(D,F).
(r47) great_ne(A,B) :- h_doner(E,D), ring_subst_3(B,C), x_subst(A,F,E), x_subst(A,F,C).
(r48) great_ne(A,B) :- ring_substitutions(A,D), r_subst_3(B,F), r_subst_1(B,E), n_val(A,C).
(r49) great_ne(A,B) :- ring_subst_2(A,E), n_val(A,F), x_subst(A,C,E), x_subst(B,C,D).
(r50) great_ne(A,B) :- alk_groups(B,D), r_subst_3(A,C), ring_subst_3(A,F), polarisable(F,E).
(r51) great_ne(A,B) :- size(F,C), polarisable(F,E), ring_subst_3(A,F), ring_subst_4(B,D).
(r52) great_ne(A,B) :- ring_subst_6(A,D), ring_substitutions(B,C), ring_substitutions(A,E), r_subst_1(A,F).
(r53) great_ne(A,B) :- great_pi_don(C,E), pi_doner(D,C), ring_subst_6(A,D), ring_subst_3(B,F).
(r54) great_ne(A,B) :- ring_subst_4(B,E), ring_subst_2(A,C), n_val(A,D), size(E,F).
(r55) great_ne(A,B) :- ring_subst_4(A,E), ring_subst_5(A,D), x_subst(A,F,E), ring_substitutions(B,C).
(r56) great_ne(A,B) :- ring_subst_6(A,C), r_subst_3(B,D), x_subst(B,E,F), ring_subst_4(B,C).
(r57) great_ne(A,B) :- ring_subst_4(B,E), ring_subst_5(A,D), polarisable(E,C), size(E,F).
(r58) great_ne(A,B) :- ring_subst_5(B,F), r_subst_3(B,C), ring_subst_6(A,D), gt(C,E).
(r59) great_ne(A,B) :- ring_substitutions(A,C), ring_subst_6(B,F), h_acceptor(F,E), x_subst(B,C,D).
(r60) great_ne(A,B) :- x_subst(B,D,F), alk_groups(B,D), ring_subst_5(A,C), gt(D,E).
(r61) great_ne(A,B) :- pi_acceptor(E,D), ring_subst_6(A,F), ring_subst_4(A,C), ring_subst_6(B,E).
(r62) great_ne(A,B) :- x_subst(A,F,D), ring_subst_2(B,C), ring_subst_2(B,E), ring_substitutions(A,F).
(r63) great_ne(A,B) :- sigma(D,C), n_val(B,F), x_subst(A,F,E), ring_subst_3(B,D).
(r64) great_ne(A,B) :- ring_subst_3(B,F), x_subst(B,D,E), r_subst_2(A,C).
(r65) great_ne(A,B) :- ring_subst_2(B,E), alk_groups(B,C), x_subst(A,C,E), ring_subst_2(A,D).
(r66) great_ne(A,B) :- r_subst_2(B,D), x_subst(B,F,C), gt(F,E), n_val(A,F).
(r67) great_ne(A,B) :- r_subst_3(B,C), n_val(B,E), x_subst(B,F,D), n_val(A,F).
(r68) great_ne(A,B) :- r_subst_3(B,C), r_subst_2(A,E), ring_subst_2(A,F), ring_subst_2(A,D).
(r69) great_ne(A,B) :- ring_subst_2(B,C), ring_subst_5(B,E), alk_groups(A,D), n_val(B,D).
(r70) great_ne(A,B) :- ring_subst_6(A,D), flex(D,F), alk_groups(B,E), alk_groups(B,C).
(r71) great_ne(A,B) :- x_subst(B,C,E), x_subst(A,C,E), ring_subst_5(A,E), r_subst_3(A,D).
(r72) great_ne(A,B) :- ring_subst_2(B,E), ring_subst_4(A,E), polarisable(E,C), alk_groups(A,D).
(r73) great_ne(A,B) :- r_subst_1(B,D), r_subst_3(A,C), n_val(A,C), r_subst_3(B,E).
(r74) great_ne(A,B) :- x_subst(A,D,E), polar(E,C), x_subst(B,D,E), ring_subst_5(A,E).
(r75) great_ne(A,B) :- ring_subst_5(A,F), h_doner(C,E), ring_subst_4(A,C), ring_subst_2(B,D).
(r76) great_ne(A,B) :- alk_groups(A,D), r_subst_3(B,F), x_subst(A,C,E), ring_substitutions(B,C).
(r77) great_ne(A,B) :- alk_groups(B,D), h_acceptor(C,F), ring_subst_2(A,C), r_subst_3(A,E).
(r78) great_ne(A,B) :- ring_subst_3(B,E), x_subst(A,C,D), ring_subst_3(B,F), x_subst(B,C,D).
(r79) great_ne(A,B) :- ring_substitutions(B,F), pi_acceptor(C,E), ring_substitutions(A,D), x_subst(A,D,C).
(r80) great_ne(A,B) :- pi_acceptor(F,C), size(E,D), ring_subst_2(A,E), ring_subst_4(B,F).
(r81) great_ne(A,B) :- ring_subst_3(A,E), ring_subst_4(B,C), ring_subst_3(A,F), polar(F,D).
(r82) great_ne(A,B) :- r_subst_3(B,C), n_val(B,F), ring_subst_6(B,E), n_val(A,D).
(r83) great_ne(A,B) :- ring_subst_2(B,C), pi_doner(C,D), h_acceptor(E,F), ring_subst_5(A,E).
(r84) great_ne(A,B) :- alk_groups(B,D), ring_subst_6(A,C), x_subst(B,D,E), pi_acceptor(C,F).
(r85) great_ne(A,B) :- polarisable(D,F), x_subst(A,C,D), ring_subst_6(B,E), ring_subst_5(B,E).
(r86) great_ne(A,B) :- ring_subst_3(B,E), ring_subst_6(A,D), ring_subst_2(B,D), ring_subst_6(B,C).
(r87) great_ne(A,B) :- x_subst(A,D,E), x_subst(B,F,C), ring_subst_4(A,C), ring_subst_5(B,C).
(r88) great_ne(A,B) :- alk_groups(B,D), alk_groups(A,C), ring_subst_4(B,F), ring_subst_5(A,E).
(r89) great_ne(A,B) :- ring_subst_6(A,C), ring_subst_3(A,E), ring_subst_6(B,F), h_acceptor(C,D).
(r90) great_ne(A,B) :- ring_subst_4(A,E), x_subst(A,F,E), alk_groups(B,C), polarisable(E,D).
(r91) great_ne(A,B) :- ring_substitutions(B,D), ring_subst_2(B,C), alk_groups(A,D), ring_subst_5(A,E).
(r92) great_ne(A,B) :- size(D,F), x_subst(A,C,E), ring_subst_4(B,D), ring_subst_6(A,E).
(r93) great_ne(A,B) :- ring_subst_5(A,C), r_subst_3(B,D), ring_subst_6(B,E), pi_doner(E,F).
(r94) great_ne(A,B) :- ring_subst_2(A,E), ring_subst_2(B,C), r_subst_3(B,D), alk_groups(B,F).
(r95) great_ne(A,B) :- r_subst_1(A,D), ring_subst_2(B,E), r_subst_2(B,C), ring_subst_5(A,E).
(r96) great_ne(A,B) :- flex(D,E), flex(D,F), x_subst(B,C,D), ring_subst_3(A,D).
(r97) great_ne(A,B) :- size(E,D), x_subst(A,F,E), r_subst_2(B,C), alk_groups(B,F).
(r98) great_ne(A,B) :- ring_subst_6(A,C), ring_subst_6(A,D), ring_subst_3(A,C), ring_subst_6(B,E).
(r99) great_ne(A,B) :- n_val(A,C), x_subst(B,E,F), ring_subst_2(B,D), ring_substitutions(A,E).
(r100) great_ne(A,B) :- r_subst_3(A,E), r_subst_1(A,D), ring_subst_2(B,C), ring_subst_4(A,F).
(r101) great_ne(A,B) :- x_subst(B,C,E), ring_subst_5(A,D), ring_subst_4(B,F), alk_groups(B,C).
(r102) great_ne(A,B) :- ring_subst_5(A,D), ring_subst_2(B,F), ring_substitutions(A,E), h_acceptor(F,C).
(r103) great_ne(A,B) :- ring_subst_5(A,F), h_doner(F,E), ring_subst_4(B,C), polarisable(F,D).
(r104) great_ne(A,B) :- ring_substitutions(A,C), gt(C,D), ring_subst_3(B,F), ring_subst_5(B,E).
(r105) great_ne(A,B) :- sigma(C,D), x_subst(B,F,E), ring_subst_6(A,E), ring_subst_6(B,C).
(r106) great_ne(A,B) :- pi_acceptor(F,C), ring_subst_4(A,E), ring_subst_3(B,F), x_subst(B,D,E).
(r107) great_ne(A,B) :- ring_substitutions(B,F), alk_groups(A,C), polarisable(E,D), x_subst(A,C,E).
(r108) great_ne(A,B) :- r_subst_3(B,C), ring_substitutions(B,D), x_subst(A,D,F), polarisable(F,E).
(r109) great_ne(A,B) :- alk_groups(B,D), ring_subst_3(B,F), ring_subst_3(A,C), pi_doner(F,E).
(r110) great_ne(A,B) :- x_subst(A,D,F), ring_substitutions(B,E), r_subst_1(A,C).
(r111) great_ne(A,B) :- r_subst_1(B,D), ring_subst_3(A,E), ring_subst_4(A,C), sigma(E,F).
(r112) great_ne(A,B) :- r_subst_2(A,D), ring_subst_3(B,E), flex(C,F), ring_subst_6(B,C).
(r113) great_ne(A,B) :- ring_subst_3(A,E), flex(D,F), ring_subst_5(B,D), pi_doner(D,C).
(r114) great_ne(A,B) :- ring_subst_3(A,C), polarisable(F,D), ring_subst_2(B,F), pi_doner(C,E).
(r115) great_ne(A,B) :- r_subst_3(A,E), x_subst(A,C,D), alk_groups(B,C), ring_subst_3(A,F).
(r116) great_ne(A,B) :- ring_subst_6(A,F), r_subst_1(A,E), ring_subst_2(B,D), r_subst_1(A,C).
(r117) great_ne(A,B) :- r_subst_1(A,D), x_subst(B,F,C), ring_subst_2(B,E), alk_groups(A,F).
(r118) great_ne(A,B) :- n_val(A,E), ring_subst_6(A,D), ring_substitutions(A,E), ring_subst_5(B,C).
(r119) great_ne(A,B) :- ring_substitutions(A,D), r_subst_3(A,C), ring_subst_2(B,E), gt(D,F).
(r120) great_ne(A,B) :- pi_acceptor(C,D), r_subst_2(B,E), ring_subst_6(B,C), r_subst_2(A,F).
(r121) great_ne(A,B) :- x_subst(A,C,F), x_subst(A,C,D), ring_subst_6(B,D), sigma(F,E).
(r122) great_ne(A,B) :- x_subst(B,D,F), x_subst(B,C,E), ring_subst_2(A,F), alk_groups(A,D).
(r123) great_ne(A,B) :- ring_substitutions(A,C), ring_subst_3(B,E), ring_subst_3(A,E), size(E,D).
(r124) great_ne(A,B) :- ring_subst_5(A,F), ring_subst_2(A,E), n_val(A,C), n_val(B,D).
(r125) great_ne(A,B) :- ring_subst_3(A,D), x_subst(B,E,F), ring_subst_3(A,F), ring_substitutions(B,C).
(r126) great_ne(A,B) :- ring_subst_6(A,C), ring_subst_3(B,C), alk_groups(A,E), n_val(B,D).
(r127) great_ne(A,B) :- ring_substitutions(B,D), ring_subst_2(A,C), r_subst_3(A,D), h_doner(C,E).
(r128) great_ne(A,B) :- pi_acceptor(E,C), ring_subst_5(B,D), ring_subst_6(A,E).
(r129) great_ne(A,B) :- r_subst_3(A,C), x_subst(A,C,D), alk_groups(A,E), ring_subst_2(B,D).
(r130) great_ne(A,B) :- ring_subst_6(A,C), ring_subst_6(B,F), h_acceptor(F,E), ring_subst_3(A,D).
(r131) great_ne(A,B) :- size(D,F), ring_subst_6(A,D), x_subst(B,E,C), ring_subst_4(A,D).
(r132) great_ne(A,B) :- great_size(E,F), ring_subst_5(A,D), size(D,E), ring_substitutions(B,C).
(r133) great_ne(A,B) :- x_subst(B,F,C), ring_subst_2(B,C), pi_doner(D,E), ring_subst_3(A,D).
(r134) great_ne(A,B) :- ring_subst_2(B,E), x_subst(A,C,D), ring_subst_4(B,E), r_subst_1(B,F).
(r135) great_ne(A,B) :- n_val(B,E), ring_subst_2(A,C), ring_substitutions(B,E), ring_subst_3(B,D).
(r136) great_ne(A,B) :- alk_groups(B,D), ring_subst_3(A,E), ring_subst_4(A,C), sigma(E,F).
(r137) great_ne(A,B) :- ring_subst_2(A,E), x_subst(B,F,E), ring_subst_6(B,E), x_subst(B,C,D).
(r138) great_ne(A,B) :- h_acceptor(C,E), ring_subst_3(B,C), n_val(B,D), x_subst(A,F,C).
(r139) great_ne(A,B) :- n_val(A,D), r_subst_2(A,E), ring_subst_2(A,F), ring_subst_5(B,C).
(r140) great_ne(A,B) :- ring_subst_2(A,E), alk_groups(B,C), n_val(B,C), x_subst(B,D,E).
====================
MaxSAT solving... (4813 vars, 33863 hard, 1471 soft)
number of rules: 142
program size: 675
(inv1) inv1(X1,X2,X3,X4,X5,X6,X7,X8,X9,X10) :- ring_subst_2(X1,X2), ring_subst_2(X3,X4), x_subst(X5,X6,X7), x_subst(X8,X9,X10).
(inv2) inv2(X1,X2,X3,X4,X5,X6,X7,X8) :- ring_subst_4(X1,X2), x_subst(X3,X4,X5), x_subst(X6,X7,X8).
(r1) great_ne(A,B) :- r_subst_1(B,D), ring_subst_2(A,F), ring_substitutions(A,E), h_acceptor(F,C).
(r2) great_ne(A,B) :- size(F,D), ring_subst_4(B,F), ring_subst_3(A,C), ring_subst_5(B,E).
(r3) great_ne(A,B) :- ring_subst_2(B,C), pi_doner(C,D), ring_subst_5(A,E), great_pi_don(D,F).
(r4) great_ne(A,B) :- ring_subst_5(A,D), ring_subst_4(B,F), r_subst_2(A,C), pi_doner(F,E).
(r5) great_ne(A,B) :- ring_subst_4(B,E), n_val(B,C), n_val(A,C), ring_subst_2(A,D).
(r6) great_ne(A,B) :- h_doner(F,C), n_val(B,D), x_subst(A,D,F), pi_doner(F,E).
(r7) great_ne(A,B) :- inv2(B,C,A,D,C,A,D,C), r_subst_3(A,E), r_subst_1(A,F).
(r8) great_ne(A,B) :- flex(E,F), r_subst_3(A,C), ring_subst_6(A,D), ring_subst_6(B,E).
(r9) great_ne(A,B) :- inv1(B,F,B,F,A,C,F,A,C,D), ring_subst_3(B,E).
(r10) great_ne(A,B) :- r_subst_3(A,E), pi_doner(C,F), ring_subst_3(B,C), n_val(A,D).
(r11) great_ne(A,B) :- flex(F,E), ring_subst_4(B,F), r_subst_1(B,C), n_val(A,D).
(r12) great_ne(A,B) :- ring_subst_6(A,C), x_subst(A,D,E), x_subst(B,D,C), ring_subst_5(B,C).
(r13) great_ne(A,B) :- r_subst_3(A,E), ring_subst_6(B,C), x_subst(A,E,D), r_subst_2(A,F).
(r14) great_ne(A,B) :- ring_subst_3(B,E), ring_subst_4(B,F), sigma(F,C), ring_subst_3(A,D).
(r15) great_ne(A,B) :- x_subst(A,C,F), n_val(B,E), n_val(A,C), x_subst(B,C,D).
(r16) great_ne(A,B) :- pi_doner(F,C), ring_subst_5(B,D), r_subst_1(A,E), ring_subst_2(A,F).
(r17) great_ne(A,B) :- ring_subst_5(A,E), r_subst_2(A,D), pi_doner(E,C), alk_groups(B,F).
(r18) great_ne(A,B) :- ring_subst_2(B,E), ring_subst_3(B,C), h_acceptor(C,D), ring_subst_5(A,E).
(r19) great_ne(A,B) :- r_subst_1(B,D), ring_subst_6(A,F), pi_doner(F,E), ring_subst_6(B,C).
(r20) great_ne(A,B) :- x_subst(A,F,D), r_subst_2(B,E), alk_groups(B,F), ring_subst_4(B,C).
(r21) great_ne(A,B) :- r_subst_2(A,D), x_subst(B,C,F), ring_substitutions(A,E), r_subst_3(B,E).
(r22) great_ne(A,B) :- ring_subst_3(A,C), size(C,D), ring_subst_2(B,F), pi_acceptor(C,E).
(r23) great_ne(A,B) :- inv1(A,F,A,F,B,D,F,B,D,F), r_subst_3(A,C), ring_subst_5(A,E).
(r24) great_ne(A,B) :- pi_acceptor(C,F), ring_subst_5(B,C), ring_substitutions(A,E), ring_subst_4(A,D).
(r25) great_ne(A,B) :- flex(F,C), alk_groups(B,E), ring_subst_4(B,F), ring_subst_3(A,D).
(r26) great_ne(A,B) :- inv2(A,F,B,D,C,B,D,C), n_val(B,E), gt(D,E).
(r27) great_ne(A,B) :- inv2(A,C,B,D,C,B,D,C), r_subst_3(A,E), h_acceptor(C,F).
(r28) great_ne(A,B) :- alk_groups(B,D), ring_subst_3(A,E), ring_subst_5(A,E), gt(D,C).
(r29) great_ne(A,B) :- ring_subst_6(A,C), ring_subst_3(B,C), x_subst(A,E,D), r_subst_2(B,F).
(r30) great_ne(A,B) :- ring_subst_6(A,C), ring_substitutions(A,D), x_subst(B,D,E), sigma(E,F).
(r31) great_ne(A,B) :- alk_groups(B,D), ring_subst_3(A,E), ring_subst_6(A,E), gt(D,C).
(r32) great_ne(A,B) :- r_subst_1(B,D), ring_subst_3(B,E), r_subst_3(B,F), ring_substitutions(A,C).
(r33) great_ne(A,B) :- ring_subst_2(B,C), ring_subst_3(B,C), alk_groups(A,D), ring_subst_5(A,E).
(r34) great_ne(A,B) :- ring_subst_5(B,F), x_subst(B,C,E), alk_groups(A,C), h_acceptor(F,D).
(r35) great_ne(A,B) :- inv1(A,C,A,C,A,E,C,A,E,C), alk_groups(B,D), gt(D,F).
(r36) great_ne(A,B) :- ring_subst_5(B,D), pi_acceptor(D,C), ring_substitutions(A,E), ring_subst_2(A,D).
(r37) great_ne(A,B) :- x_subst(A,C,D), ring_subst_3(B,D), gt(C,E), ring_substitutions(A,E).
(r38) great_ne(A,B) :- inv2(B,C,B,D,E,B,D,E), ring_subst_6(A,C), ring_subst_6(B,E).
(r39) great_ne(A,B) :- ring_subst_3(B,C), ring_subst_6(B,E), ring_subst_4(B,C), n_val(A,D).
(r40) great_ne(A,B) :- ring_substitutions(A,C), ring_subst_3(A,E), ring_subst_6(B,D), ring_subst_2(A,D).
(r41) great_ne(A,B) :- r_subst_3(B,C), x_subst(A,D,E), x_subst(B,C,E), alk_groups(B,C).
(r42) great_ne(A,B) :- ring_subst_5(B,F), ring_subst_2(B,E), ring_subst_2(A,C), r_subst_3(A,D).
(r43) great_ne(A,B) :- ring_subst_2(A,E), ring_subst_3(B,C), n_val(B,D), flex(C,F).
(r44) great_ne(A,B) :- inv2(B,F,A,E,F,B,C,D), r_subst_3(B,C).
(r45) great_ne(A,B) :- r_subst_3(A,E), r_subst_1(A,D), r_subst_1(B,C), ring_substitutions(A,F).
(r46) great_ne(A,B) :- ring_subst_5(A,C), alk_groups(B,E), r_subst_3(A,D), gt(D,F).
(r47) great_ne(A,B) :- h_doner(E,D), ring_subst_3(B,C), x_subst(A,F,E), x_subst(A,F,C).
(r48) great_ne(A,B) :- ring_substitutions(A,D), r_subst_3(B,F), r_subst_1(B,E), n_val(A,C).
(r49) great_ne(A,B) :- inv1(A,E,A,E,A,C,E,B,C,D), n_val(A,F).
(r50) great_ne(A,B) :- alk_groups(B,D), r_subst_3(A,C), ring_subst_3(A,F), polarisable(F,E).
(r51) great_ne(A,B) :- size(F,C), polarisable(F,E), ring_subst_3(A,F), ring_subst_4(B,D).
(r52) great_ne(A,B) :- ring_subst_6(A,D), ring_substitutions(B,C), ring_substitutions(A,E), r_subst_1(A,F).
(r53) great_ne(A,B) :- great_pi_don(C,E), pi_doner(D,C), ring_subst_6(A,D), ring_subst_3(B,F).
(r54) great_ne(A,B) :- ring_subst_4(B,E), ring_subst_2(A,C), n_val(A,D), size(E,F).
(r55) great_ne(A,B) :- ring_subst_4(A,E), ring_subst_5(A,D), x_subst(A,F,E), ring_substitutions(B,C).
(r56) great_ne(A,B) :- inv2(B,C,B,E,F,B,E,F), ring_subst_6(A,C), r_subst_3(B,D).
(r57) great_ne(A,B) :- ring_subst_4(B,E), ring_subst_5(A,D), polarisable(E,C), size(E,F).
(r58) great_ne(A,B) :- ring_subst_5(B,F), r_subst_3(B,C), ring_subst_6(A,D), gt(C,E).
(r59) great_ne(A,B) :- ring_substitutions(A,C), ring_subst_6(B,F), h_acceptor(F,E), x_subst(B,C,D).
(r60) great_ne(A,B) :- x_subst(B,D,F), alk_groups(B,D), ring_subst_5(A,C), gt(D,E).
(r61) great_ne(A,B) :- pi_acceptor(E,D), ring_subst_6(A,F), ring_subst_4(A,C), ring_subst_6(B,E).
(r62) great_ne(A,B) :- inv1(B,C,B,E,A,F,D,A,F,D), ring_substitutions(A,F).
(r63) great_ne(A,B) :- sigma(D,C), n_val(B,F), x_subst(A,F,E), ring_subst_3(B,D).
(r64) great_ne(A,B) :- ring_subst_3(B,F), x_subst(B,D,E), r_subst_2(A,C).
(r65) great_ne(A,B) :- inv1(B,E,A,D,A,C,E,A,C,E), alk_groups(B,C).
(r66) great_ne(A,B) :- r_subst_2(B,D), x_subst(B,F,C), gt(F,E), n_val(A,F).
(r67) great_ne(A,B) :- r_subst_3(B,C), n_val(B,E), x_subst(B,F,D), n_val(A,F).
(r68) great_ne(A,B) :- r_subst_3(B,C), r_subst_2(A,E), ring_subst_2(A,F), ring_subst_2(A,D).
(r69) great_ne(A,B) :- ring_subst_2(B,C), ring_subst_5(B,E), alk_groups(A,D), n_val(B,D).
(r70) great_ne(A,B) :- ring_subst_6(A,D), flex(D,F), alk_groups(B,E), alk_groups(B,C).
(r71) great_ne(A,B) :- x_subst(B,C,E), x_subst(A,C,E), ring_subst_5(A,E), r_subst_3(A,D).
(r72) great_ne(A,B) :- ring_subst_2(B,E), ring_subst_4(A,E), polarisable(E,C), alk_groups(A,D).
(r73) great_ne(A,B) :- r_subst_1(B,D), r_subst_3(A,C), n_val(A,C), r_subst_3(B,E).
(r74) great_ne(A,B) :- x_subst(A,D,E), polar(E,C), x_subst(B,D,E), ring_subst_5(A,E).
(r75) great_ne(A,B) :- ring_subst_5(A,F), h_doner(C,E), ring_subst_4(A,C), ring_subst_2(B,D).
(r76) great_ne(A,B) :- alk_groups(A,D), r_subst_3(B,F), x_subst(A,C,E), ring_substitutions(B,C).
(r77) great_ne(A,B) :- alk_groups(B,D), h_acceptor(C,F), ring_subst_2(A,C), r_subst_3(A,E).
(r78) great_ne(A,B) :- ring_subst_3(B,E), x_subst(A,C,D), ring_subst_3(B,F), x_subst(B,C,D).
(r79) great_ne(A,B) :- ring_substitutions(B,F), pi_acceptor(C,E), ring_substitutions(A,D), x_subst(A,D,C).
(r80) great_ne(A,B) :- pi_acceptor(F,C), size(E,D), ring_subst_2(A,E), ring_subst_4(B,F).
(r81) great_ne(A,B) :- ring_subst_3(A,E), ring_subst_4(B,C), ring_subst_3(A,F), polar(F,D).
(r82) great_ne(A,B) :- r_subst_3(B,C), n_val(B,F), ring_subst_6(B,E), n_val(A,D).
(r83) great_ne(A,B) :- ring_subst_2(B,C), pi_doner(C,D), h_acceptor(E,F), ring_subst_5(A,E).
(r84) great_ne(A,B) :- alk_groups(B,D), ring_subst_6(A,C), x_subst(B,D,E), pi_acceptor(C,F).
(r85) great_ne(A,B) :- polarisable(D,F), x_subst(A,C,D), ring_subst_6(B,E), ring_subst_5(B,E).
(r86) great_ne(A,B) :- ring_subst_3(B,E), ring_subst_6(A,D), ring_subst_2(B,D), ring_subst_6(B,C).
(r87) great_ne(A,B) :- inv2(A,C,A,D,E,B,F,C), ring_subst_5(B,C).
(r88) great_ne(A,B) :- alk_groups(B,D), alk_groups(A,C), ring_subst_4(B,F), ring_subst_5(A,E).
(r89) great_ne(A,B) :- ring_subst_6(A,C), ring_subst_3(A,E), ring_subst_6(B,F), h_acceptor(C,D).
(r90) great_ne(A,B) :- ring_subst_4(A,E), x_subst(A,F,E), alk_groups(B,C), polarisable(E,D).
(r91) great_ne(A,B) :- ring_substitutions(B,D), ring_subst_2(B,C), alk_groups(A,D), ring_subst_5(A,E).
(r92) great_ne(A,B) :- size(D,F), x_subst(A,C,E), ring_subst_4(B,D), ring_subst_6(A,E).
(r93) great_ne(A,B) :- ring_subst_5(A,C), r_subst_3(B,D), ring_subst_6(B,E), pi_doner(E,F).
(r94) great_ne(A,B) :- ring_subst_2(A,E), ring_subst_2(B,C), r_subst_3(B,D), alk_groups(B,F).
(r95) great_ne(A,B) :- r_subst_1(A,D), ring_subst_2(B,E), r_subst_2(B,C), ring_subst_5(A,E).
(r96) great_ne(A,B) :- flex(D,E), flex(D,F), x_subst(B,C,D), ring_subst_3(A,D).
(r97) great_ne(A,B) :- size(E,D), x_subst(A,F,E), r_subst_2(B,C), alk_groups(B,F).
(r98) great_ne(A,B) :- ring_subst_6(A,C), ring_subst_6(A,D), ring_subst_3(A,C), ring_subst_6(B,E).
(r99) great_ne(A,B) :- inv1(B,D,B,D,B,E,F,B,E,F), n_val(A,C), ring_substitutions(A,E).
(r100) great_ne(A,B) :- r_subst_3(A,E), r_subst_1(A,D), ring_subst_2(B,C), ring_subst_4(A,F).
(r101) great_ne(A,B) :- inv2(B,F,B,C,E,B,C,E), ring_subst_5(A,D), alk_groups(B,C).
(r102) great_ne(A,B) :- ring_subst_5(A,D), ring_subst_2(B,F), ring_substitutions(A,E), h_acceptor(F,C).
(r103) great_ne(A,B) :- ring_subst_5(A,F), h_doner(F,E), ring_subst_4(B,C), polarisable(F,D).
(r104) great_ne(A,B) :- ring_substitutions(A,C), gt(C,D), ring_subst_3(B,F), ring_subst_5(B,E).
(r105) great_ne(A,B) :- sigma(C,D), x_subst(B,F,E), ring_subst_6(A,E), ring_subst_6(B,C).
(r106) great_ne(A,B) :- inv2(A,E,B,D,E,B,D,E), pi_acceptor(F,C), ring_subst_3(B,F).
(r107) great_ne(A,B) :- ring_substitutions(B,F), alk_groups(A,C), polarisable(E,D), x_subst(A,C,E).
(r108) great_ne(A,B) :- r_subst_3(B,C), ring_substitutions(B,D), x_subst(A,D,F), polarisable(F,E).
(r109) great_ne(A,B) :- alk_groups(B,D), ring_subst_3(B,F), ring_subst_3(A,C), pi_doner(F,E).
(r110) great_ne(A,B) :- x_subst(A,D,F), ring_substitutions(B,E), r_subst_1(A,C).
(r111) great_ne(A,B) :- r_subst_1(B,D), ring_subst_3(A,E), ring_subst_4(A,C), sigma(E,F).
(r112) great_ne(A,B) :- r_subst_2(A,D), ring_subst_3(B,E), flex(C,F), ring_subst_6(B,C).
(r113) great_ne(A,B) :- ring_subst_3(A,E), flex(D,F), ring_subst_5(B,D), pi_doner(D,C).
(r114) great_ne(A,B) :- ring_subst_3(A,C), polarisable(F,D), ring_subst_2(B,F), pi_doner(C,E).
(r115) great_ne(A,B) :- r_subst_3(A,E), x_subst(A,C,D), alk_groups(B,C), ring_subst_3(A,F).
(r116) great_ne(A,B) :- ring_subst_6(A,F), r_subst_1(A,E), ring_subst_2(B,D), r_subst_1(A,C).
(r117) great_ne(A,B) :- inv1(B,E,B,E,B,F,C,B,F,C), r_subst_1(A,D), alk_groups(A,F).
(r118) great_ne(A,B) :- n_val(A,E), ring_subst_6(A,D), ring_substitutions(A,E), ring_subst_5(B,C).
(r119) great_ne(A,B) :- ring_substitutions(A,D), r_subst_3(A,C), ring_subst_2(B,E), gt(D,F).
(r120) great_ne(A,B) :- pi_acceptor(C,D), r_subst_2(B,E), ring_subst_6(B,C), r_subst_2(A,F).
(r121) great_ne(A,B) :- x_subst(A,C,F), x_subst(A,C,D), ring_subst_6(B,D), sigma(F,E).
(r122) great_ne(A,B) :- inv1(A,F,A,F,B,D,F,B,C,E), alk_groups(A,D).
(r123) great_ne(A,B) :- ring_substitutions(A,C), ring_subst_3(B,E), ring_subst_3(A,E), size(E,D).
(r124) great_ne(A,B) :- ring_subst_5(A,F), ring_subst_2(A,E), n_val(A,C), n_val(B,D).
(r125) great_ne(A,B) :- ring_subst_3(A,D), x_subst(B,E,F), ring_subst_3(A,F), ring_substitutions(B,C).
(r126) great_ne(A,B) :- ring_subst_6(A,C), ring_subst_3(B,C), alk_groups(A,E), n_val(B,D).
(r127) great_ne(A,B) :- ring_substitutions(B,D), ring_subst_2(A,C), r_subst_3(A,D), h_doner(C,E).
(r128) great_ne(A,B) :- pi_acceptor(E,C), ring_subst_5(B,D), ring_subst_6(A,E).
(r129) great_ne(A,B) :- r_subst_3(A,C), x_subst(A,C,D), alk_groups(A,E), ring_subst_2(B,D).
(r130) great_ne(A,B) :- ring_subst_6(A,C), ring_subst_6(B,F), h_acceptor(F,E), ring_subst_3(A,D).
(r131) great_ne(A,B) :- inv2(A,D,B,E,C,B,E,C), size(D,F), ring_subst_6(A,D).
(r132) great_ne(A,B) :- great_size(E,F), ring_subst_5(A,D), size(D,E), ring_substitutions(B,C).
(r133) great_ne(A,B) :- inv1(B,C,B,C,B,F,C,B,F,C), pi_doner(D,E), ring_subst_3(A,D).
(r134) great_ne(A,B) :- inv1(B,E,B,E,A,C,D,A,C,D), ring_subst_4(B,E), r_subst_1(B,F).
(r135) great_ne(A,B) :- n_val(B,E), ring_subst_2(A,C), ring_substitutions(B,E), ring_subst_3(B,D).
(r136) great_ne(A,B) :- alk_groups(B,D), ring_subst_3(A,E), ring_subst_4(A,C), sigma(E,F).
(r137) great_ne(A,B) :- inv1(A,E,A,E,B,F,E,B,C,D), ring_subst_6(B,E).
(r138) great_ne(A,B) :- h_acceptor(C,E), ring_subst_3(B,C), n_val(B,D), x_subst(A,F,C).
(r139) great_ne(A,B) :- n_val(A,D), r_subst_2(A,E), ring_subst_2(A,F), ring_subst_5(B,C).
(r140) great_ne(A,B) :- inv1(A,E,A,E,B,D,E,B,D,E), alk_groups(B,C), n_val(B,C).
====================
