number of rules: 90
program size: 447
(r1) great_rsd(A,B) :- h_doner(F,C), ring_subst_2(B,E), ring_subst_3(A,F), x_subst(B,D,E).
(r2) great_rsd(A,B) :- flex(F,E), n_val(A,D), ring_subst_4(B,F), ring_subst_6(A,C).
(r3) great_rsd(A,B) :- x_subst(B,E,D), n_val(A,F), x_subst(A,E,C).
(r4) great_rsd(A,B) :- alk_groups(B,D), ring_subst_5(A,F), ring_subst_4(B,E), n_val(B,C).
(r5) great_rsd(A,B) :- x_subst(B,D,F), ring_subst_3(A,F), h_doner(E,C), ring_subst_2(A,E).
(r6) great_rsd(A,B) :- pi_acceptor(F,C), r_subst_3(B,E), ring_subst_2(B,F), r_subst_1(A,D).
(r7) great_rsd(A,B) :- ring_substitutions(B,D), r_subst_3(A,D), ring_subst_4(A,C), alk_groups(A,D).
(r8) great_rsd(A,B) :- r_subst_3(B,D), h_doner(C,F), x_subst(B,D,C), ring_subst_2(A,E).
(r9) great_rsd(A,B) :- ring_subst_6(A,C), alk_groups(A,D), ring_subst_4(B,E), ring_subst_6(B,F).
(r10) great_rsd(A,B) :- n_val(B,E), x_subst(B,F,D), x_subst(A,E,C), r_subst_3(A,F).
(r11) great_rsd(A,B) :- polarisable(E,D), ring_subst_6(B,C), ring_subst_2(A,E), ring_subst_2(B,C).
(r12) great_rsd(A,B) :- x_subst(B,F,E), ring_subst_6(A,E), n_val(A,D), ring_subst_6(A,C).
(r13) great_rsd(A,B) :- n_val(A,C), gt(C,D), x_subst(B,E,F), r_subst_3(B,C).
(r14) great_rsd(A,B) :- ring_substitutions(A,E), x_subst(B,C,D), r_subst_3(B,C), r_subst_2(B,F).
(r15) great_rsd(A,B) :- ring_substitutions(B,D), ring_subst_2(A,F), gt(C,E), r_subst_3(B,C).
(r16) great_rsd(A,B) :- r_subst_3(A,D), ring_subst_6(B,C), ring_subst_2(B,C).
(r17) great_rsd(A,B) :- polarisable(C,E), x_subst(A,D,C), x_subst(B,D,C), ring_subst_5(A,F).
(r18) great_rsd(A,B) :- sigma(D,F), ring_subst_2(B,D), great_sigma(F,C), n_val(A,E).
(r19) great_rsd(A,B) :- x_subst(B,F,E), ring_subst_3(A,D), ring_subst_2(B,E), r_subst_3(A,C).
(r20) great_rsd(A,B) :- ring_subst_6(B,E), flex(E,D), x_subst(B,C,E), ring_subst_5(A,F).
(r21) great_rsd(A,B) :- ring_substitutions(B,C), ring_subst_6(A,E), ring_subst_2(A,D), r_subst_3(A,C).
(r22) great_rsd(A,B) :- gt(E,F), r_subst_3(B,E), ring_subst_6(A,C), x_subst(A,F,D).
(r23) great_rsd(A,B) :- r_subst_2(B,D), polarisable(C,E), r_subst_2(A,D), ring_subst_3(B,C).
(r24) great_rsd(A,B) :- ring_subst_2(A,C), ring_subst_2(B,D), r_subst_1(B,E), sigma(C,F).
(r25) great_rsd(A,B) :- r_subst_1(B,C), r_subst_1(B,E), x_subst(A,F,D), ring_subst_5(A,D).
(r26) great_rsd(A,B) :- alk_groups(B,C), alk_groups(A,C), r_subst_3(A,D), x_subst(B,D,E).
(r27) great_rsd(A,B) :- ring_subst_2(A,F), sigma(F,C), r_subst_3(B,E), n_val(A,D).
(r28) great_rsd(A,B) :- x_subst(A,D,C), h_acceptor(C,F), x_subst(B,E,C), ring_subst_3(B,C).
(r29) great_rsd(A,B) :- ring_substitutions(B,C), gt(E,D), gt(C,E), n_val(A,C).
(r30) great_rsd(A,B) :- size(D,E), x_subst(A,F,C), ring_subst_2(B,D), x_subst(A,F,D).
(r31) great_rsd(A,B) :- ring_subst_2(B,D), ring_subst_3(A,D), polarisable(E,C), ring_subst_5(A,E).
(r32) great_rsd(A,B) :- pi_doner(C,D), ring_subst_6(B,E), ring_subst_6(A,C), flex(E,F).
(r33) great_rsd(A,B) :- ring_subst_6(B,E), x_subst(A,C,E), r_subst_3(B,F), polarisable(E,D).
(r34) great_rsd(A,B) :- ring_substitutions(B,F), ring_subst_2(A,D), ring_subst_4(A,E), ring_substitutions(A,C).
(r35) great_rsd(A,B) :- ring_subst_4(B,D), polar(D,E), ring_subst_5(A,C), ring_subst_5(B,F).
(r36) great_rsd(A,B) :- polar(E,D), ring_subst_6(B,F), x_subst(B,C,E), r_subst_3(A,C).
(r37) great_rsd(A,B) :- pi_acceptor(E,D), x_subst(A,C,E), x_subst(B,C,F), x_subst(B,C,E).
(r38) great_rsd(A,B) :- ring_subst_4(B,C), alk_groups(B,D), alk_groups(A,D), r_subst_2(A,E).
(r39) great_rsd(A,B) :- x_subst(B,F,E), x_subst(A,D,C), ring_subst_3(A,C), ring_subst_2(A,E).
(r40) great_rsd(A,B) :- ring_subst_4(A,C), r_subst_3(B,E), ring_subst_5(A,D), ring_subst_3(B,C).
(r41) great_rsd(A,B) :- x_subst(B,D,F), ring_subst_5(A,C), polarisable(F,E), ring_subst_4(B,F).
(r42) great_rsd(A,B) :- alk_groups(A,E), x_subst(B,C,D), r_subst_3(B,E), r_subst_3(B,C).
(r43) great_rsd(A,B) :- n_val(B,F), r_subst_3(A,D), gt(D,C), ring_substitutions(A,E).
(r44) great_rsd(A,B) :- x_subst(A,D,F), alk_groups(B,D), ring_subst_2(A,E), polar(E,C).
(r45) great_rsd(A,B) :- n_val(A,F), n_val(A,D), ring_subst_5(A,C), alk_groups(B,E).
(r46) great_rsd(A,B) :- r_subst_1(B,E), alk_groups(A,F), r_subst_1(A,D), ring_subst_3(B,C).
(r47) great_rsd(A,B) :- r_subst_3(B,D), ring_subst_5(B,F), x_subst(A,D,E), flex(E,C).
(r48) great_rsd(A,B) :- ring_subst_4(A,D), ring_subst_2(B,F), n_val(B,E), polar(D,C).
(r49) great_rsd(A,B) :- sigma(E,F), x_subst(A,D,C), ring_subst_3(B,E).
(r50) great_rsd(A,B) :- ring_subst_6(A,E), ring_subst_6(B,C), ring_subst_2(B,F), r_subst_2(A,D).
(r51) great_rsd(A,B) :- x_subst(B,C,D), x_subst(A,C,F), ring_subst_4(B,E), ring_subst_4(A,F).
(r52) great_rsd(A,B) :- ring_substitutions(B,C), flex(E,D), x_subst(B,C,E), ring_subst_3(A,E).
(r53) great_rsd(A,B) :- x_subst(B,C,D), ring_subst_2(B,D), pi_acceptor(E,F), ring_subst_2(A,E).
(r54) great_rsd(A,B) :- x_subst(A,D,F), ring_subst_6(B,E), ring_subst_2(B,E), ring_subst_3(B,C).
(r55) great_rsd(A,B) :- x_subst(B,D,E), ring_subst_6(A,F), gt(D,C), x_subst(B,C,E).
(r56) great_rsd(A,B) :- gt(C,E), flex(F,D), x_subst(B,C,F), ring_subst_5(A,F).
(r57) great_rsd(A,B) :- ring_substitutions(A,D), ring_subst_6(B,C), ring_subst_4(B,C), ring_substitutions(B,D).
(r58) great_rsd(A,B) :- x_subst(B,D,F), ring_subst_2(A,C), x_subst(B,D,C), x_subst(B,D,E).
(r59) great_rsd(A,B) :- ring_subst_5(B,D), polar(C,F), ring_subst_3(A,E), ring_subst_3(B,C).
(r60) great_rsd(A,B) :- ring_subst_4(A,C), ring_subst_6(B,F), sigma(F,D), x_subst(A,E,C).
(r61) great_rsd(A,B) :- h_doner(D,F), ring_substitutions(A,E), ring_subst_3(A,D), ring_subst_3(B,C).
(r62) great_rsd(A,B) :- n_val(B,D), h_doner(C,E), ring_subst_2(B,F), ring_subst_6(A,C).
(r63) great_rsd(A,B) :- polar(E,D), ring_subst_4(A,E), x_subst(B,C,E), ring_subst_5(A,F).
(r64) great_rsd(A,B) :- n_val(A,C), ring_subst_2(B,D), n_val(B,F), n_val(A,E).
(r65) great_rsd(A,B) :- ring_subst_5(B,E), size(C,D), ring_subst_6(B,C), r_subst_2(A,F).
(r66) great_rsd(A,B) :- ring_subst_6(B,E), ring_subst_5(B,F), x_subst(A,D,E), pi_acceptor(E,C).
(r67) great_rsd(A,B) :- h_doner(E,F), alk_groups(B,D), x_subst(B,D,E), ring_substitutions(A,C).
(r68) great_rsd(A,B) :- n_val(B,F), x_subst(A,C,E), ring_substitutions(B,D), r_subst_3(B,F).
(r69) great_rsd(A,B) :- r_subst_3(A,D), alk_groups(A,C), r_subst_3(B,C), n_val(B,C).
(r70) great_rsd(A,B) :- ring_subst_6(B,E), pi_doner(E,D), ring_subst_2(B,F), ring_substitutions(A,C).
(r71) great_rsd(A,B) :- flex(D,C), sigma(D,E), ring_subst_4(B,F), ring_subst_6(A,D).
(r72) great_rsd(A,B) :- x_subst(B,C,D), ring_subst_3(A,D), ring_subst_2(B,E), ring_subst_5(A,E).
(r73) great_rsd(A,B) :- x_subst(A,D,C), ring_subst_5(A,C), ring_subst_4(B,E), ring_subst_3(B,C).
(r74) great_rsd(A,B) :- x_subst(B,E,F), ring_subst_5(A,D), x_subst(A,C,D), ring_substitutions(A,C).
(r75) great_rsd(A,B) :- x_subst(A,C,E), ring_subst_2(B,F), x_subst(B,C,E), pi_doner(F,D).
(r76) great_rsd(A,B) :- ring_subst_5(B,E), ring_subst_2(A,D), ring_subst_2(B,F), r_subst_3(A,C).
(r77) great_rsd(A,B) :- ring_subst_2(B,D), h_acceptor(E,C), ring_subst_6(A,E), polarisable(E,F).
(r78) great_rsd(A,B) :- alk_groups(A,E), ring_subst_4(A,C), r_subst_3(B,D), ring_subst_2(B,F).
(r79) great_rsd(A,B) :- x_subst(A,D,F), polarisable(F,C), r_subst_3(B,E), ring_subst_4(B,F).
(r80) great_rsd(A,B) :- size(E,D), ring_subst_5(A,E), ring_subst_4(B,F), h_acceptor(F,C).
(r81) great_rsd(A,B) :- x_subst(A,F,E), ring_subst_4(A,E), size(E,C), ring_substitutions(B,D).
(r82) great_rsd(A,B) :- alk_groups(B,C), x_subst(B,C,D), ring_substitutions(A,E), n_val(B,E).
(r83) great_rsd(A,B) :- ring_subst_6(B,E), ring_subst_5(B,E), ring_subst_6(A,C), ring_subst_5(A,D).
(r84) great_rsd(A,B) :- ring_subst_3(B,C), ring_subst_4(A,E), r_subst_2(A,D), r_subst_3(A,F).
(r85) great_rsd(A,B) :- ring_subst_3(B,C), ring_subst_5(A,D), flex(D,F), alk_groups(B,E).
(r86) great_rsd(A,B) :- x_subst(A,C,E), n_val(B,D), x_subst(B,C,F), r_subst_3(A,C).
(r87) great_rsd(A,B) :- ring_substitutions(A,C), ring_subst_2(B,D), ring_subst_3(B,E), r_subst_2(A,F).
(r88) great_rsd(A,B) :- polar(D,F), r_subst_3(B,E), x_subst(A,E,C), ring_subst_2(A,D).
(r89) great_rsd(A,B) :- x_subst(A,D,F), x_subst(B,D,C), polar(F,E), ring_subst_3(A,C).
(r90) great_rsd(A,B) :- pi_doner(C,F), ring_substitutions(B,E), x_subst(B,D,C), x_subst(A,E,C).
====================
MaxSAT solving... (3117 vars, 22557 hard, 975 soft)
number of rules: 92
program size: 423
(inv1) inv1(X1,X2,X3,X4,X5,X6,X7,X8) :- x_subst(X1,X2,X3), x_subst(X4,X5,X6), r_subst_3(X7,X8).
(inv2) inv2(X1,X2,X3,X4,X5,X6,X7,X8,X9) :- x_subst(X1,X2,X3), x_subst(X4,X5,X6), x_subst(X7,X8,X9).
(r1) great_rsd(A,B) :- inv2(B,D,E,B,D,E,B,D,E), h_doner(F,C), ring_subst_2(B,E), ring_subst_3(A,F).
(r2) great_rsd(A,B) :- flex(F,E), n_val(A,D), ring_subst_4(B,F), ring_subst_6(A,C).
(r3) great_rsd(A,B) :- inv2(B,E,D,A,E,C,B,E,D), n_val(A,F).
(r4) great_rsd(A,B) :- alk_groups(B,D), ring_subst_5(A,F), ring_subst_4(B,E), n_val(B,C).
(r5) great_rsd(A,B) :- inv2(B,D,F,B,D,F,B,D,F), ring_subst_3(A,F), h_doner(E,C), ring_subst_2(A,E).
(r6) great_rsd(A,B) :- pi_acceptor(F,C), r_subst_3(B,E), ring_subst_2(B,F), r_subst_1(A,D).
(r7) great_rsd(A,B) :- ring_substitutions(B,D), r_subst_3(A,D), ring_subst_4(A,C), alk_groups(A,D).
(r8) great_rsd(A,B) :- inv1(B,D,C,B,D,C,B,D), h_doner(C,F), ring_subst_2(A,E).
(r9) great_rsd(A,B) :- ring_subst_6(A,C), alk_groups(A,D), ring_subst_4(B,E), ring_subst_6(B,F).
(r10) great_rsd(A,B) :- inv1(B,F,D,A,E,C,A,F), n_val(B,E).
(r11) great_rsd(A,B) :- polarisable(E,D), ring_subst_6(B,C), ring_subst_2(A,E), ring_subst_2(B,C).
(r12) great_rsd(A,B) :- x_subst(B,F,E), ring_subst_6(A,E), n_val(A,D), ring_subst_6(A,C).
(r13) great_rsd(A,B) :- inv1(B,E,F,B,E,F,B,C), n_val(A,C), gt(C,D).
(r14) great_rsd(A,B) :- inv1(B,C,D,B,C,D,B,C), ring_substitutions(A,E), r_subst_2(B,F).
(r15) great_rsd(A,B) :- ring_substitutions(B,D), ring_subst_2(A,F), gt(C,E), r_subst_3(B,C).
(r16) great_rsd(A,B) :- r_subst_3(A,D), ring_subst_6(B,C), ring_subst_2(B,C).
(r17) great_rsd(A,B) :- inv2(A,D,C,B,D,C,A,D,C), polarisable(C,E), ring_subst_5(A,F).
(r18) great_rsd(A,B) :- sigma(D,F), ring_subst_2(B,D), great_sigma(F,C), n_val(A,E).
(r19) great_rsd(A,B) :- inv1(B,F,E,B,F,E,A,C), ring_subst_3(A,D), ring_subst_2(B,E).
(r20) great_rsd(A,B) :- ring_subst_6(B,E), flex(E,D), x_subst(B,C,E), ring_subst_5(A,F).
(r21) great_rsd(A,B) :- ring_substitutions(B,C), ring_subst_6(A,E), ring_subst_2(A,D), r_subst_3(A,C).
(r22) great_rsd(A,B) :- inv1(A,F,D,A,F,D,B,E), gt(E,F), ring_subst_6(A,C).
(r23) great_rsd(A,B) :- r_subst_2(B,D), polarisable(C,E), r_subst_2(A,D), ring_subst_3(B,C).
(r24) great_rsd(A,B) :- ring_subst_2(A,C), ring_subst_2(B,D), r_subst_1(B,E), sigma(C,F).
(r25) great_rsd(A,B) :- r_subst_1(B,C), r_subst_1(B,E), x_subst(A,F,D), ring_subst_5(A,D).
(r26) great_rsd(A,B) :- inv1(B,D,E,B,D,E,A,D), alk_groups(B,C), alk_groups(A,C).
(r27) great_rsd(A,B) :- ring_subst_2(A,F), sigma(F,C), r_subst_3(B,E), n_val(A,D).
(r28) great_rsd(A,B) :- inv2(A,D,C,B,E,C,A,D,C), h_acceptor(C,F), ring_subst_3(B,C).
(r29) great_rsd(A,B) :- ring_substitutions(B,C), gt(E,D), gt(C,E), n_val(A,C).
(r30) great_rsd(A,B) :- inv2(A,F,C,A,F,D,A,F,C), size(D,E), ring_subst_2(B,D).
(r31) great_rsd(A,B) :- ring_subst_2(B,D), ring_subst_3(A,D), polarisable(E,C), ring_subst_5(A,E).
(r32) great_rsd(A,B) :- pi_doner(C,D), ring_subst_6(B,E), ring_subst_6(A,C), flex(E,F).
(r33) great_rsd(A,B) :- inv1(A,C,E,A,C,E,B,F), ring_subst_6(B,E), polarisable(E,D).
(r34) great_rsd(A,B) :- ring_substitutions(B,F), ring_subst_2(A,D), ring_subst_4(A,E), ring_substitutions(A,C).
(r35) great_rsd(A,B) :- ring_subst_4(B,D), polar(D,E), ring_subst_5(A,C), ring_subst_5(B,F).
(r36) great_rsd(A,B) :- inv1(B,C,E,B,C,E,A,C), polar(E,D), ring_subst_6(B,F).
(r37) great_rsd(A,B) :- inv2(A,C,E,B,C,F,B,C,E), pi_acceptor(E,D).
(r38) great_rsd(A,B) :- ring_subst_4(B,C), alk_groups(B,D), alk_groups(A,D), r_subst_2(A,E).
(r39) great_rsd(A,B) :- inv2(B,F,E,A,D,C,B,F,E), ring_subst_3(A,C), ring_subst_2(A,E).
(r40) great_rsd(A,B) :- ring_subst_4(A,C), r_subst_3(B,E), ring_subst_5(A,D), ring_subst_3(B,C).
(r41) great_rsd(A,B) :- x_subst(B,D,F), ring_subst_5(A,C), polarisable(F,E), ring_subst_4(B,F).
(r42) great_rsd(A,B) :- inv1(B,C,D,B,C,D,B,E), alk_groups(A,E), r_subst_3(B,C).
(r43) great_rsd(A,B) :- n_val(B,F), r_subst_3(A,D), gt(D,C), ring_substitutions(A,E).
(r44) great_rsd(A,B) :- inv2(A,D,F,A,D,F,A,D,F), alk_groups(B,D), ring_subst_2(A,E), polar(E,C).
(r45) great_rsd(A,B) :- n_val(A,F), n_val(A,D), ring_subst_5(A,C), alk_groups(B,E).
(r46) great_rsd(A,B) :- r_subst_1(B,E), alk_groups(A,F), r_subst_1(A,D), ring_subst_3(B,C).
(r47) great_rsd(A,B) :- inv1(A,D,E,A,D,E,B,D), ring_subst_5(B,F), flex(E,C).
(r48) great_rsd(A,B) :- ring_subst_4(A,D), ring_subst_2(B,F), n_val(B,E), polar(D,C).
(r49) great_rsd(A,B) :- inv2(A,D,C,A,D,C,A,D,C), sigma(E,F), ring_subst_3(B,E).
(r50) great_rsd(A,B) :- ring_subst_6(A,E), ring_subst_6(B,C), ring_subst_2(B,F), r_subst_2(A,D).
(r51) great_rsd(A,B) :- inv2(B,C,D,A,C,F,B,C,D), ring_subst_4(B,E), ring_subst_4(A,F).
(r52) great_rsd(A,B) :- inv2(B,C,E,B,C,E,B,C,E), ring_substitutions(B,C), flex(E,D), ring_subst_3(A,E).
(r53) great_rsd(A,B) :- inv2(B,C,D,B,C,D,B,C,D), ring_subst_2(B,D), pi_acceptor(E,F), ring_subst_2(A,E).
(r54) great_rsd(A,B) :- inv2(A,D,F,A,D,F,A,D,F), ring_subst_6(B,E), ring_subst_2(B,E), ring_subst_3(B,C).
(r55) great_rsd(A,B) :- inv2(B,D,E,B,C,E,B,D,E), ring_subst_6(A,F), gt(D,C).
(r56) great_rsd(A,B) :- gt(C,E), flex(F,D), x_subst(B,C,F), ring_subst_5(A,F).
(r57) great_rsd(A,B) :- ring_substitutions(A,D), ring_subst_6(B,C), ring_subst_4(B,C), ring_substitutions(B,D).
(r58) great_rsd(A,B) :- inv2(B,D,F,B,D,C,B,D,E), ring_subst_2(A,C).
(r59) great_rsd(A,B) :- ring_subst_5(B,D), polar(C,F), ring_subst_3(A,E), ring_subst_3(B,C).
(r60) great_rsd(A,B) :- ring_subst_4(A,C), ring_subst_6(B,F), sigma(F,D), x_subst(A,E,C).
(r61) great_rsd(A,B) :- h_doner(D,F), ring_substitutions(A,E), ring_subst_3(A,D), ring_subst_3(B,C).
(r62) great_rsd(A,B) :- n_val(B,D), h_doner(C,E), ring_subst_2(B,F), ring_subst_6(A,C).
(r63) great_rsd(A,B) :- polar(E,D), ring_subst_4(A,E), x_subst(B,C,E), ring_subst_5(A,F).
(r64) great_rsd(A,B) :- n_val(A,C), ring_subst_2(B,D), n_val(B,F), n_val(A,E).
(r65) great_rsd(A,B) :- ring_subst_5(B,E), size(C,D), ring_subst_6(B,C), r_subst_2(A,F).
(r66) great_rsd(A,B) :- ring_subst_6(B,E), ring_subst_5(B,F), x_subst(A,D,E), pi_acceptor(E,C).
(r67) great_rsd(A,B) :- h_doner(E,F), alk_groups(B,D), x_subst(B,D,E), ring_substitutions(A,C).
(r68) great_rsd(A,B) :- inv1(A,C,E,A,C,E,B,F), n_val(B,F), ring_substitutions(B,D).
(r69) great_rsd(A,B) :- r_subst_3(A,D), alk_groups(A,C), r_subst_3(B,C), n_val(B,C).
(r70) great_rsd(A,B) :- ring_subst_6(B,E), pi_doner(E,D), ring_subst_2(B,F), ring_substitutions(A,C).
(r71) great_rsd(A,B) :- flex(D,C), sigma(D,E), ring_subst_4(B,F), ring_subst_6(A,D).
(r72) great_rsd(A,B) :- inv2(B,C,D,B,C,D,B,C,D), ring_subst_3(A,D), ring_subst_2(B,E), ring_subst_5(A,E).
(r73) great_rsd(A,B) :- inv2(A,D,C,A,D,C,A,D,C), ring_subst_5(A,C), ring_subst_4(B,E), ring_subst_3(B,C).
(r74) great_rsd(A,B) :- inv2(B,E,F,A,C,D,B,E,F), ring_subst_5(A,D), ring_substitutions(A,C).
(r75) great_rsd(A,B) :- inv2(A,C,E,B,C,E,A,C,E), ring_subst_2(B,F), pi_doner(F,D).
(r76) great_rsd(A,B) :- ring_subst_5(B,E), ring_subst_2(A,D), ring_subst_2(B,F), r_subst_3(A,C).
(r77) great_rsd(A,B) :- ring_subst_2(B,D), h_acceptor(E,C), ring_subst_6(A,E), polarisable(E,F).
(r78) great_rsd(A,B) :- alk_groups(A,E), ring_subst_4(A,C), r_subst_3(B,D), ring_subst_2(B,F).
(r79) great_rsd(A,B) :- inv1(A,D,F,A,D,F,B,E), polarisable(F,C), ring_subst_4(B,F).
(r80) great_rsd(A,B) :- size(E,D), ring_subst_5(A,E), ring_subst_4(B,F), h_acceptor(F,C).
(r81) great_rsd(A,B) :- x_subst(A,F,E), ring_subst_4(A,E), size(E,C), ring_substitutions(B,D).
(r82) great_rsd(A,B) :- alk_groups(B,C), x_subst(B,C,D), ring_substitutions(A,E), n_val(B,E).
(r83) great_rsd(A,B) :- ring_subst_6(B,E), ring_subst_5(B,E), ring_subst_6(A,C), ring_subst_5(A,D).
(r84) great_rsd(A,B) :- ring_subst_3(B,C), ring_subst_4(A,E), r_subst_2(A,D), r_subst_3(A,F).
(r85) great_rsd(A,B) :- ring_subst_3(B,C), ring_subst_5(A,D), flex(D,F), alk_groups(B,E).
(r86) great_rsd(A,B) :- inv1(A,C,E,B,C,F,A,C), n_val(B,D).
(r87) great_rsd(A,B) :- ring_substitutions(A,C), ring_subst_2(B,D), ring_subst_3(B,E), r_subst_2(A,F).
(r88) great_rsd(A,B) :- inv1(A,E,C,A,E,C,B,E), polar(D,F), ring_subst_2(A,D).
(r89) great_rsd(A,B) :- inv2(A,D,F,B,D,C,A,D,F), polar(F,E), ring_subst_3(A,C).
(r90) great_rsd(A,B) :- inv2(B,D,C,A,E,C,B,D,C), pi_doner(C,F), ring_substitutions(B,E).
====================
