number of rules: 50
program size: 250
(r1) great_ne(A,B) :- n_val(A,C), ring_subst_2(A,D), x_subst(B,F,E), ring_substitutions(B,C).
(r2) great_ne(A,B) :- ring_subst_2(B,E), ring_substitutions(A,D), pi_acceptor(E,C), polarisable(E,F).
(r3) great_ne(A,B) :- n_val(B,C), polar(D,E), x_subst(B,C,D), ring_subst_2(A,D).
(r4) great_ne(A,B) :- ring_subst_5(A,C), ring_subst_4(A,E), ring_subst_4(A,F), ring_subst_4(B,D).
(r5) great_ne(A,B) :- ring_subst_4(B,E), r_subst_3(A,C), ring_subst_5(A,D), ring_subst_6(A,E).
(r6) great_ne(A,B) :- ring_substitutions(B,F), x_subst(B,C,E), ring_subst_3(A,E), gt(F,D).
(r7) great_ne(A,B) :- ring_subst_5(A,F), ring_subst_3(B,C), pi_doner(D,E), ring_subst_4(A,D).
(r8) great_ne(A,B) :- x_subst(B,D,C), r_subst_3(B,D), polar(C,E), r_subst_1(A,F).
(r9) great_ne(A,B) :- x_subst(B,F,E), r_subst_3(A,D), n_val(B,D), h_acceptor(E,C).
(r10) great_ne(A,B) :- r_subst_3(B,C), ring_subst_5(B,E), ring_subst_2(B,F), alk_groups(A,D).
(r11) great_ne(A,B) :- x_subst(A,E,C), ring_subst_2(B,C), polarisable(C,D), ring_substitutions(A,E).
(r12) great_ne(A,B) :- gt(D,F), x_subst(B,D,E), ring_subst_5(A,E), ring_subst_5(B,C).
(r13) great_ne(A,B) :- ring_subst_4(A,E), ring_subst_2(B,F), r_subst_2(B,C), sigma(E,D).
(r14) great_ne(A,B) :- x_subst(A,E,F), n_val(B,C), x_subst(A,D,F), r_subst_3(A,D).
(r15) great_ne(A,B) :- ring_subst_5(B,F), h_acceptor(D,E), h_acceptor(D,C), ring_subst_3(A,D).
(r16) great_ne(A,B) :- pi_acceptor(F,C), ring_subst_4(B,E), ring_subst_4(B,F), ring_subst_2(A,D).
(r17) great_ne(A,B) :- ring_subst_6(A,D), ring_subst_3(A,C), ring_subst_2(B,D), r_subst_3(B,E).
(r18) great_ne(A,B) :- r_subst_3(B,F), r_subst_2(B,E), r_subst_3(B,D), r_subst_1(A,C).
(r19) great_ne(A,B) :- ring_subst_4(A,E), pi_acceptor(F,D), n_val(B,C), ring_subst_4(A,F).
(r20) great_ne(A,B) :- ring_subst_2(A,E), n_val(B,C), ring_subst_2(A,F), flex(F,D).
(r21) great_ne(A,B) :- ring_subst_4(A,C), r_subst_1(A,E), polar(C,D), ring_subst_6(B,C).
(r22) great_ne(A,B) :- alk_groups(A,C), polar(F,E), ring_subst_4(B,F), alk_groups(A,D).
(r23) great_ne(A,B) :- ring_subst_5(B,F), sigma(C,D), r_subst_1(B,E), ring_subst_3(A,C).
(r24) great_ne(A,B) :- r_subst_3(A,E), ring_subst_5(A,F), ring_substitutions(B,D), r_subst_2(A,C).
(r25) great_ne(A,B) :- r_subst_3(B,C), gt(C,F), ring_subst_2(B,E), ring_subst_3(A,D).
(r26) great_ne(A,B) :- x_subst(A,E,F), sigma(F,D), ring_subst_6(B,F), ring_subst_3(B,C).
(r27) great_ne(A,B) :- ring_subst_3(A,C), ring_substitutions(A,D), x_subst(B,F,E), ring_subst_3(A,E).
(r28) great_ne(A,B) :- size(F,C), ring_subst_2(B,F), great_size(C,D), ring_subst_6(A,E).
(r29) great_ne(A,B) :- ring_subst_6(A,D), x_subst(A,E,C), ring_subst_2(B,C), ring_substitutions(B,E).
(r30) great_ne(A,B) :- ring_subst_5(A,C), ring_subst_4(A,E), ring_subst_2(B,F), x_subst(A,D,C).
(r31) great_ne(A,B) :- x_subst(A,C,D), ring_subst_6(B,E), n_val(A,F), ring_subst_3(A,E).
(r32) great_ne(A,B) :- r_subst_1(B,D), ring_substitutions(A,C), ring_subst_5(B,F), x_subst(A,C,E).
(r33) great_ne(A,B) :- h_doner(F,C), ring_subst_2(A,F), ring_subst_4(B,D), r_subst_3(B,E).
(r34) great_ne(A,B) :- x_subst(A,D,E), n_val(B,D), r_subst_3(B,C), ring_subst_2(B,E).
(r35) great_ne(A,B) :- n_val(B,E), ring_subst_4(B,C), ring_subst_2(A,F), ring_subst_2(A,D).
(r36) great_ne(A,B) :- polarisable(C,F), ring_subst_2(B,C), x_subst(A,D,C), r_subst_3(B,E).
(r37) great_ne(A,B) :- r_subst_3(A,E), r_subst_3(B,C), ring_substitutions(B,D), gt(C,E).
(r38) great_ne(A,B) :- ring_subst_4(B,E), ring_subst_2(B,C), h_doner(E,F), ring_subst_2(A,D).
(r39) great_ne(A,B) :- polarisable(D,C), ring_subst_2(B,F), ring_subst_4(B,D), n_val(A,E).
(r40) great_ne(A,B) :- r_subst_1(B,D), ring_subst_4(B,E), n_val(B,C), ring_subst_6(A,F).
(r41) great_ne(A,B) :- great_flex(D,C), ring_subst_3(B,E), ring_subst_3(A,E), flex(E,D).
(r42) great_ne(A,B) :- x_subst(B,D,F), x_subst(A,D,E), x_subst(B,C,E), ring_subst_6(B,E).
(r43) great_ne(A,B) :- ring_subst_6(A,D), ring_subst_4(A,C), size(D,E), ring_subst_2(B,D).
(r44) great_ne(A,B) :- pi_doner(F,E), r_subst_1(B,C), ring_subst_3(A,F), h_doner(F,D).
(r45) great_ne(A,B) :- ring_subst_5(A,C), ring_subst_5(A,E), ring_subst_6(A,F), ring_subst_4(B,D).
(r46) great_ne(A,B) :- polar(E,C), ring_subst_5(B,D), x_subst(A,F,E), ring_subst_3(B,D).
(r47) great_ne(A,B) :- r_subst_3(B,C), size(E,F), x_subst(A,C,E), ring_subst_3(A,D).
(r48) great_ne(A,B) :- x_subst(A,E,C), ring_subst_3(B,C), x_subst(A,D,F), alk_groups(A,D).
(r49) great_ne(A,B) :- r_subst_1(B,E), ring_subst_3(B,C), flex(C,D), n_val(A,F).
(r50) great_ne(A,B) :- n_val(A,C), x_subst(B,C,E), x_subst(A,F,E), alk_groups(A,D).
====================
MaxSAT solving... (1770 vars, 11544 hard, 570 soft)
number of rules: 52
program size: 239
(inv1) inv1(X1,X2,X3,X4,X5,X6,X7,X8) :- x_subst(X1,X2,X3), x_subst(X4,X5,X6), n_val(X7,X8).
(inv2) inv2(X1,X2,X3,X4,X5,X6) :- ring_subst_4(X1,X2), ring_subst_2(X3,X4), ring_subst_2(X5,X6).
(r1) great_ne(A,B) :- inv1(B,F,E,B,F,E,A,C), ring_subst_2(A,D), ring_substitutions(B,C).
(r2) great_ne(A,B) :- ring_subst_2(B,E), ring_substitutions(A,D), pi_acceptor(E,C), polarisable(E,F).
(r3) great_ne(A,B) :- inv1(B,C,D,B,C,D,B,C), polar(D,E), ring_subst_2(A,D).
(r4) great_ne(A,B) :- ring_subst_5(A,C), ring_subst_4(A,E), ring_subst_4(A,F), ring_subst_4(B,D).
(r5) great_ne(A,B) :- ring_subst_4(B,E), r_subst_3(A,C), ring_subst_5(A,D), ring_subst_6(A,E).
(r6) great_ne(A,B) :- ring_substitutions(B,F), x_subst(B,C,E), ring_subst_3(A,E), gt(F,D).
(r7) great_ne(A,B) :- ring_subst_5(A,F), ring_subst_3(B,C), pi_doner(D,E), ring_subst_4(A,D).
(r8) great_ne(A,B) :- x_subst(B,D,C), r_subst_3(B,D), polar(C,E), r_subst_1(A,F).
(r9) great_ne(A,B) :- inv1(B,F,E,B,F,E,B,D), r_subst_3(A,D), h_acceptor(E,C).
(r10) great_ne(A,B) :- r_subst_3(B,C), ring_subst_5(B,E), ring_subst_2(B,F), alk_groups(A,D).
(r11) great_ne(A,B) :- x_subst(A,E,C), ring_subst_2(B,C), polarisable(C,D), ring_substitutions(A,E).
(r12) great_ne(A,B) :- gt(D,F), x_subst(B,D,E), ring_subst_5(A,E), ring_subst_5(B,C).
(r13) great_ne(A,B) :- inv2(A,E,B,F,B,F), r_subst_2(B,C), sigma(E,D).
(r14) great_ne(A,B) :- inv1(A,E,F,A,D,F,B,C), r_subst_3(A,D).
(r15) great_ne(A,B) :- ring_subst_5(B,F), h_acceptor(D,E), h_acceptor(D,C), ring_subst_3(A,D).
(r16) great_ne(A,B) :- inv2(B,E,A,D,A,D), pi_acceptor(F,C), ring_subst_4(B,F).
(r17) great_ne(A,B) :- ring_subst_6(A,D), ring_subst_3(A,C), ring_subst_2(B,D), r_subst_3(B,E).
(r18) great_ne(A,B) :- r_subst_3(B,F), r_subst_2(B,E), r_subst_3(B,D), r_subst_1(A,C).
(r19) great_ne(A,B) :- ring_subst_4(A,E), pi_acceptor(F,D), n_val(B,C), ring_subst_4(A,F).
(r20) great_ne(A,B) :- ring_subst_2(A,E), n_val(B,C), ring_subst_2(A,F), flex(F,D).
(r21) great_ne(A,B) :- ring_subst_4(A,C), r_subst_1(A,E), polar(C,D), ring_subst_6(B,C).
(r22) great_ne(A,B) :- alk_groups(A,C), polar(F,E), ring_subst_4(B,F), alk_groups(A,D).
(r23) great_ne(A,B) :- ring_subst_5(B,F), sigma(C,D), r_subst_1(B,E), ring_subst_3(A,C).
(r24) great_ne(A,B) :- r_subst_3(A,E), ring_subst_5(A,F), ring_substitutions(B,D), r_subst_2(A,C).
(r25) great_ne(A,B) :- r_subst_3(B,C), gt(C,F), ring_subst_2(B,E), ring_subst_3(A,D).
(r26) great_ne(A,B) :- x_subst(A,E,F), sigma(F,D), ring_subst_6(B,F), ring_subst_3(B,C).
(r27) great_ne(A,B) :- ring_subst_3(A,C), ring_substitutions(A,D), x_subst(B,F,E), ring_subst_3(A,E).
(r28) great_ne(A,B) :- size(F,C), ring_subst_2(B,F), great_size(C,D), ring_subst_6(A,E).
(r29) great_ne(A,B) :- ring_subst_6(A,D), x_subst(A,E,C), ring_subst_2(B,C), ring_substitutions(B,E).
(r30) great_ne(A,B) :- inv2(A,E,B,F,B,F), ring_subst_5(A,C), x_subst(A,D,C).
(r31) great_ne(A,B) :- inv1(A,C,D,A,C,D,A,F), ring_subst_6(B,E), ring_subst_3(A,E).
(r32) great_ne(A,B) :- r_subst_1(B,D), ring_substitutions(A,C), ring_subst_5(B,F), x_subst(A,C,E).
(r33) great_ne(A,B) :- inv2(B,D,A,F,A,F), h_doner(F,C), r_subst_3(B,E).
(r34) great_ne(A,B) :- inv1(A,D,E,A,D,E,B,D), r_subst_3(B,C), ring_subst_2(B,E).
(r35) great_ne(A,B) :- inv2(B,C,A,F,A,D), n_val(B,E).
(r36) great_ne(A,B) :- polarisable(C,F), ring_subst_2(B,C), x_subst(A,D,C), r_subst_3(B,E).
(r37) great_ne(A,B) :- r_subst_3(A,E), r_subst_3(B,C), ring_substitutions(B,D), gt(C,E).
(r38) great_ne(A,B) :- inv2(B,E,B,C,A,D), h_doner(E,F).
(r39) great_ne(A,B) :- inv2(B,D,B,F,B,F), polarisable(D,C), n_val(A,E).
(r40) great_ne(A,B) :- r_subst_1(B,D), ring_subst_4(B,E), n_val(B,C), ring_subst_6(A,F).
(r41) great_ne(A,B) :- great_flex(D,C), ring_subst_3(B,E), ring_subst_3(A,E), flex(E,D).
(r42) great_ne(A,B) :- x_subst(B,D,F), x_subst(A,D,E), x_subst(B,C,E), ring_subst_6(B,E).
(r43) great_ne(A,B) :- inv2(A,C,B,D,B,D), ring_subst_6(A,D), size(D,E).
(r44) great_ne(A,B) :- pi_doner(F,E), r_subst_1(B,C), ring_subst_3(A,F), h_doner(F,D).
(r45) great_ne(A,B) :- ring_subst_5(A,C), ring_subst_5(A,E), ring_subst_6(A,F), ring_subst_4(B,D).
(r46) great_ne(A,B) :- polar(E,C), ring_subst_5(B,D), x_subst(A,F,E), ring_subst_3(B,D).
(r47) great_ne(A,B) :- r_subst_3(B,C), size(E,F), x_subst(A,C,E), ring_subst_3(A,D).
(r48) great_ne(A,B) :- x_subst(A,E,C), ring_subst_3(B,C), x_subst(A,D,F), alk_groups(A,D).
(r49) great_ne(A,B) :- r_subst_1(B,E), ring_subst_3(B,C), flex(C,D), n_val(A,F).
(r50) great_ne(A,B) :- inv1(B,C,E,A,F,E,A,C), alk_groups(A,D).
====================
