number of rules: 90
program size: 443
(r1) great_rsd(A,B) :- n_val(A,C), r_subst_3(A,D), ring_subst_6(A,E), ring_subst_4(B,E).
(r2) great_rsd(A,B) :- ring_subst_6(B,E), ring_subst_2(A,F), ring_subst_6(B,C), ring_substitutions(B,D).
(r3) great_rsd(A,B) :- x_subst(B,F,D), ring_subst_5(A,C), x_subst(A,F,D), x_subst(A,E,C).
(r4) great_rsd(A,B) :- x_subst(A,C,E), h_doner(E,F), ring_subst_2(A,E), ring_subst_4(B,D).
(r5) great_rsd(A,B) :- h_acceptor(C,D), ring_subst_6(B,C), ring_subst_3(B,E), r_subst_3(A,F).
(r6) great_rsd(A,B) :- ring_subst_3(A,F), polarisable(F,C), x_subst(A,E,F), ring_subst_5(B,D).
(r7) great_rsd(A,B) :- polarisable(C,E), ring_subst_5(B,C), great_polari(E,F), r_subst_1(A,D).
(r8) great_rsd(A,B) :- ring_subst_6(B,C), ring_subst_3(A,E), alk_groups(A,D), ring_substitutions(A,F).
(r9) great_rsd(A,B) :- gt(C,E), ring_subst_2(B,F), ring_subst_6(A,F), x_subst(A,C,D).
(r10) great_rsd(A,B) :- n_val(B,E), r_subst_3(A,C), r_subst_2(B,F), ring_subst_5(A,D).
(r11) great_rsd(A,B) :- x_subst(B,E,D), ring_subst_3(B,D), ring_subst_5(A,C), ring_subst_5(A,F).
(r12) great_rsd(A,B) :- r_subst_3(A,D), ring_subst_5(B,C), x_subst(A,E,F), ring_substitutions(A,D).
(r13) great_rsd(A,B) :- n_val(A,F), ring_subst_6(B,C), ring_subst_3(A,D), polar(C,E).
(r14) great_rsd(A,B) :- r_subst_3(A,D), r_subst_1(B,C), ring_subst_2(A,E), h_acceptor(E,F).
(r15) great_rsd(A,B) :- r_subst_2(B,C), alk_groups(A,D), alk_groups(B,D), x_subst(B,D,E).
(r16) great_rsd(A,B) :- ring_subst_3(A,F), ring_subst_5(B,E), x_subst(A,C,D).
(r17) great_rsd(A,B) :- h_acceptor(F,E), ring_subst_2(A,F), ring_subst_4(B,F), x_subst(A,C,D).
(r18) great_rsd(A,B) :- ring_subst_5(B,F), x_subst(B,C,E), ring_subst_4(B,E), ring_subst_5(A,D).
(r19) great_rsd(A,B) :- h_doner(C,F), ring_subst_6(A,C), x_subst(B,E,C), pi_acceptor(C,D).
(r20) great_rsd(A,B) :- polarisable(E,C), ring_subst_2(B,E), r_subst_2(A,D), size(E,F).
(r21) great_rsd(A,B) :- x_subst(B,D,F), ring_subst_6(A,E), n_val(A,D), ring_substitutions(B,C).
(r22) great_rsd(A,B) :- r_subst_2(B,D), ring_subst_2(A,C), ring_subst_3(A,C).
(r23) great_rsd(A,B) :- r_subst_3(B,E), ring_subst_5(B,F), x_subst(A,C,D), gt(E,C).
(r24) great_rsd(A,B) :- pi_doner(C,E), h_doner(C,F), x_subst(A,D,C), n_val(B,D).
(r25) great_rsd(A,B) :- ring_subst_2(A,F), x_subst(A,C,F), alk_groups(A,D), ring_subst_2(B,E).
(r26) great_rsd(A,B) :- ring_subst_4(A,D), ring_substitutions(B,E), sigma(D,F), gt(E,C).
(r27) great_rsd(A,B) :- ring_subst_5(B,E), r_subst_1(A,C), n_val(A,D), ring_subst_5(A,E).
(r28) great_rsd(A,B) :- ring_subst_6(B,E), x_subst(A,D,C), ring_subst_6(B,F).
(r29) great_rsd(A,B) :- pi_doner(E,F), h_acceptor(E,C), ring_subst_3(A,D), ring_subst_3(B,E).
(r30) great_rsd(A,B) :- ring_subst_4(A,D), ring_subst_4(A,C), ring_subst_4(B,C), ring_subst_3(A,E).
(r31) great_rsd(A,B) :- ring_subst_3(B,C), x_subst(B,D,C), r_subst_3(A,F), alk_groups(B,E).
(r32) great_rsd(A,B) :- ring_substitutions(B,C), alk_groups(B,F), x_subst(A,D,E), r_subst_3(B,F).
(r33) great_rsd(A,B) :- ring_subst_4(B,D), polar(D,C), polar(D,E), ring_subst_6(A,D).
(r34) great_rsd(A,B) :- ring_subst_2(B,E), pi_acceptor(D,F), x_subst(B,C,E), x_subst(A,C,D).
(r35) great_rsd(A,B) :- x_subst(B,D,F), pi_doner(C,E), x_subst(B,D,C), ring_subst_6(A,F).
(r36) great_rsd(A,B) :- x_subst(B,C,D), r_subst_3(B,E), x_subst(A,C,D), ring_subst_2(A,D).
(r37) great_rsd(A,B) :- n_val(A,C), alk_groups(A,F), gt(F,E), x_subst(B,F,D).
(r38) great_rsd(A,B) :- ring_subst_6(A,E), x_subst(B,D,C), ring_subst_5(B,F), ring_subst_5(A,F).
(r39) great_rsd(A,B) :- x_subst(A,C,E), n_val(A,D), ring_subst_2(B,F), ring_substitutions(B,D).
(r40) great_rsd(A,B) :- n_val(A,C), pi_doner(D,E), ring_subst_5(A,D), ring_substitutions(B,F).
(r41) great_rsd(A,B) :- x_subst(A,E,D), sigma(D,F), n_val(B,E), x_subst(A,C,D).
(r42) great_rsd(A,B) :- r_subst_3(B,D), n_val(A,F), x_subst(B,D,C), r_subst_1(A,E).
(r43) great_rsd(A,B) :- ring_subst_3(B,C), pi_doner(C,D), n_val(A,E), alk_groups(B,E).
(r44) great_rsd(A,B) :- r_subst_3(A,D), sigma(F,C), x_subst(B,E,F), ring_subst_4(B,F).
(r45) great_rsd(A,B) :- ring_subst_2(B,D), ring_subst_2(B,E), pi_acceptor(D,C), r_subst_2(A,F).
(r46) great_rsd(A,B) :- n_val(A,F), flex(D,E), ring_subst_5(B,D), n_val(B,C).
(r47) great_rsd(A,B) :- ring_subst_6(B,C), ring_subst_4(A,C), n_val(B,E), ring_subst_5(B,D).
(r48) great_rsd(A,B) :- x_subst(B,D,C), ring_subst_5(B,C), pi_acceptor(E,F), ring_subst_5(A,E).
(r49) great_rsd(A,B) :- r_subst_3(B,D), ring_subst_5(B,F), polarisable(E,C), ring_subst_3(A,E).
(r50) great_rsd(A,B) :- h_acceptor(C,E), ring_substitutions(A,D), pi_doner(C,F), ring_subst_2(B,C).
(r51) great_rsd(A,B) :- n_val(B,D), ring_subst_6(A,C), x_subst(A,D,E), ring_substitutions(B,F).
(r52) great_rsd(A,B) :- ring_subst_3(A,C), ring_subst_6(B,C), ring_subst_2(B,E), ring_subst_6(A,D).
(r53) great_rsd(A,B) :- x_subst(B,D,C), ring_subst_6(A,E), ring_subst_4(B,E), ring_subst_3(B,C).
(r54) great_rsd(A,B) :- ring_subst_3(A,F), r_subst_3(A,E), alk_groups(B,D), r_subst_1(B,C).
(r55) great_rsd(A,B) :- x_subst(A,C,E), x_subst(B,C,F), h_acceptor(F,D), n_val(B,C).
(r56) great_rsd(A,B) :- ring_subst_4(A,D), h_acceptor(E,C), ring_subst_2(B,E), h_doner(E,F).
(r57) great_rsd(A,B) :- ring_subst_2(A,D), r_subst_3(A,E), sigma(C,F), ring_subst_2(B,C).
(r58) great_rsd(A,B) :- alk_groups(A,C), ring_subst_2(A,D), flex(D,E), ring_subst_2(B,D).
(r59) great_rsd(A,B) :- x_subst(A,D,F), ring_subst_2(B,E), ring_substitutions(B,D), r_subst_1(B,C).
(r60) great_rsd(A,B) :- ring_substitutions(A,C), ring_subst_6(A,D), ring_subst_2(B,E), r_subst_3(A,F).
(r61) great_rsd(A,B) :- n_val(A,F), pi_doner(C,D), great_pi_don(D,E), ring_subst_3(B,C).
(r62) great_rsd(A,B) :- sigma(C,E), ring_subst_4(B,D), ring_subst_5(A,C), ring_subst_5(A,F).
(r63) great_rsd(A,B) :- ring_subst_4(A,D), ring_subst_6(B,E), r_subst_2(B,C), h_acceptor(E,F).
(r64) great_rsd(A,B) :- pi_doner(F,E), ring_subst_3(A,D), ring_subst_2(B,F), pi_acceptor(D,C).
(r65) great_rsd(A,B) :- r_subst_3(B,D), ring_substitutions(B,E), alk_groups(A,C), n_val(A,F).
(r66) great_rsd(A,B) :- x_subst(B,D,F), r_subst_3(A,D), h_acceptor(F,C), flex(F,E).
(r67) great_rsd(A,B) :- gt(C,E), x_subst(B,F,D), r_subst_3(A,C).
(r68) great_rsd(A,B) :- ring_substitutions(A,D), ring_subst_2(B,F), x_subst(B,D,E), pi_doner(E,C).
(r69) great_rsd(A,B) :- alk_groups(B,C), polarisable(F,E), ring_subst_4(B,F), x_subst(A,C,D).
(r70) great_rsd(A,B) :- n_val(B,F), x_subst(B,E,D), r_subst_3(A,C), alk_groups(B,E).
(r71) great_rsd(A,B) :- x_subst(A,E,D), ring_subst_4(A,C), ring_subst_5(B,F), ring_subst_6(B,F).
(r72) great_rsd(A,B) :- alk_groups(B,C), n_val(A,D), x_subst(A,C,F), ring_subst_2(B,E).
(r73) great_rsd(A,B) :- gt(D,C), r_subst_3(A,E), alk_groups(B,D), n_val(B,E).
(r74) great_rsd(A,B) :- ring_substitutions(B,C), r_subst_3(B,F), ring_subst_5(A,E), x_subst(A,C,D).
(r75) great_rsd(A,B) :- gt(C,E), x_subst(B,C,D), alk_groups(A,F), gt(C,F).
(r76) great_rsd(A,B) :- flex(E,D), ring_subst_4(A,E), x_subst(B,C,F), ring_subst_3(B,E).
(r77) great_rsd(A,B) :- x_subst(B,E,F), r_subst_3(B,C), ring_subst_4(B,F), ring_subst_6(A,D).
(r78) great_rsd(A,B) :- sigma(F,D), great_sigma(D,E), x_subst(A,C,F), ring_subst_4(B,F).
(r79) great_rsd(A,B) :- alk_groups(A,E), gt(E,D), ring_subst_6(B,C), alk_groups(B,D).
(r80) great_rsd(A,B) :- ring_substitutions(B,C), gt(C,D), r_subst_1(B,E), n_val(A,D).
(r81) great_rsd(A,B) :- ring_subst_3(B,D), x_subst(B,E,D), ring_subst_2(B,D), x_subst(A,E,C).
(r82) great_rsd(A,B) :- ring_subst_4(B,C), x_subst(A,D,C), alk_groups(B,F), ring_subst_2(B,E).
(r83) great_rsd(A,B) :- sigma(F,E), ring_subst_2(B,D), ring_subst_2(B,F), ring_subst_6(A,C).
(r84) great_rsd(A,B) :- x_subst(A,D,F), x_subst(B,D,C), x_subst(A,D,E).
(r85) great_rsd(A,B) :- x_subst(A,E,D), ring_substitutions(B,E), alk_groups(B,C).
(r86) great_rsd(A,B) :- ring_subst_4(A,D), ring_subst_2(B,E), r_subst_3(B,C), ring_substitutions(B,F).
(r87) great_rsd(A,B) :- ring_subst_6(B,E), ring_subst_4(A,F), flex(F,D), ring_substitutions(A,C).
(r88) great_rsd(A,B) :- ring_subst_6(B,E), h_doner(E,C), pi_acceptor(E,F), r_subst_2(A,D).
(r89) great_rsd(A,B) :- ring_subst_3(B,D), r_subst_2(A,E), n_val(B,C).
(r90) great_rsd(A,B) :- x_subst(B,C,F), ring_subst_4(B,F), x_subst(A,C,D), size(F,E).
====================
MaxSAT solving... (3087 vars, 22115 hard, 969 soft)
number of rules: 92
program size: 421
(inv1) inv1(X1,X2,X3,X4,X5,X6,X7,X8) :- x_subst(X1,X2,X3), x_subst(X4,X5,X6), ring_subst_2(X7,X8).
(inv2) inv2(X1,X2,X3,X4,X5,X6,X7) :- x_subst(X1,X2,X3), ring_subst_5(X4,X5), ring_subst_5(X6,X7).
(r1) great_rsd(A,B) :- n_val(A,C), r_subst_3(A,D), ring_subst_6(A,E), ring_subst_4(B,E).
(r2) great_rsd(A,B) :- ring_subst_6(B,E), ring_subst_2(A,F), ring_subst_6(B,C), ring_substitutions(B,D).
(r3) great_rsd(A,B) :- inv2(B,F,D,A,C,A,C), inv2(A,F,D,A,C,A,C), x_subst(A,E,C).
(r4) great_rsd(A,B) :- inv1(A,C,E,A,C,E,A,E), h_doner(E,F), ring_subst_4(B,D).
(r5) great_rsd(A,B) :- h_acceptor(C,D), ring_subst_6(B,C), ring_subst_3(B,E), r_subst_3(A,F).
(r6) great_rsd(A,B) :- inv2(A,E,F,B,D,B,D), ring_subst_3(A,F), polarisable(F,C).
(r7) great_rsd(A,B) :- polarisable(C,E), ring_subst_5(B,C), great_polari(E,F), r_subst_1(A,D).
(r8) great_rsd(A,B) :- ring_subst_6(B,C), ring_subst_3(A,E), alk_groups(A,D), ring_substitutions(A,F).
(r9) great_rsd(A,B) :- inv1(A,C,D,A,C,D,B,F), gt(C,E), ring_subst_6(A,F).
(r10) great_rsd(A,B) :- n_val(B,E), r_subst_3(A,C), r_subst_2(B,F), ring_subst_5(A,D).
(r11) great_rsd(A,B) :- inv2(B,E,D,A,C,A,F), ring_subst_3(B,D).
(r12) great_rsd(A,B) :- inv2(A,E,F,B,C,B,C), r_subst_3(A,D), ring_substitutions(A,D).
(r13) great_rsd(A,B) :- n_val(A,F), ring_subst_6(B,C), ring_subst_3(A,D), polar(C,E).
(r14) great_rsd(A,B) :- r_subst_3(A,D), r_subst_1(B,C), ring_subst_2(A,E), h_acceptor(E,F).
(r15) great_rsd(A,B) :- r_subst_2(B,C), alk_groups(A,D), alk_groups(B,D), x_subst(B,D,E).
(r16) great_rsd(A,B) :- inv2(A,C,D,B,E,B,E), ring_subst_3(A,F).
(r17) great_rsd(A,B) :- inv1(A,C,D,A,C,D,A,F), h_acceptor(F,E), ring_subst_4(B,F).
(r18) great_rsd(A,B) :- inv2(B,C,E,B,F,A,D), ring_subst_4(B,E).
(r19) great_rsd(A,B) :- h_doner(C,F), ring_subst_6(A,C), x_subst(B,E,C), pi_acceptor(C,D).
(r20) great_rsd(A,B) :- polarisable(E,C), ring_subst_2(B,E), r_subst_2(A,D), size(E,F).
(r21) great_rsd(A,B) :- x_subst(B,D,F), ring_subst_6(A,E), n_val(A,D), ring_substitutions(B,C).
(r22) great_rsd(A,B) :- r_subst_2(B,D), ring_subst_2(A,C), ring_subst_3(A,C).
(r23) great_rsd(A,B) :- inv2(A,C,D,B,F,B,F), r_subst_3(B,E), gt(E,C).
(r24) great_rsd(A,B) :- pi_doner(C,E), h_doner(C,F), x_subst(A,D,C), n_val(B,D).
(r25) great_rsd(A,B) :- inv1(A,C,F,A,C,F,A,F), alk_groups(A,D), ring_subst_2(B,E).
(r26) great_rsd(A,B) :- ring_subst_4(A,D), ring_substitutions(B,E), sigma(D,F), gt(E,C).
(r27) great_rsd(A,B) :- ring_subst_5(B,E), r_subst_1(A,C), n_val(A,D), ring_subst_5(A,E).
(r28) great_rsd(A,B) :- ring_subst_6(B,E), x_subst(A,D,C), ring_subst_6(B,F).
(r29) great_rsd(A,B) :- pi_doner(E,F), h_acceptor(E,C), ring_subst_3(A,D), ring_subst_3(B,E).
(r30) great_rsd(A,B) :- ring_subst_4(A,D), ring_subst_4(A,C), ring_subst_4(B,C), ring_subst_3(A,E).
(r31) great_rsd(A,B) :- ring_subst_3(B,C), x_subst(B,D,C), r_subst_3(A,F), alk_groups(B,E).
(r32) great_rsd(A,B) :- ring_substitutions(B,C), alk_groups(B,F), x_subst(A,D,E), r_subst_3(B,F).
(r33) great_rsd(A,B) :- ring_subst_4(B,D), polar(D,C), polar(D,E), ring_subst_6(A,D).
(r34) great_rsd(A,B) :- inv1(B,C,E,A,C,D,B,E), pi_acceptor(D,F).
(r35) great_rsd(A,B) :- x_subst(B,D,F), pi_doner(C,E), x_subst(B,D,C), ring_subst_6(A,F).
(r36) great_rsd(A,B) :- inv1(B,C,D,A,C,D,A,D), r_subst_3(B,E).
(r37) great_rsd(A,B) :- n_val(A,C), alk_groups(A,F), gt(F,E), x_subst(B,F,D).
(r38) great_rsd(A,B) :- inv2(B,D,C,B,F,A,F), ring_subst_6(A,E).
(r39) great_rsd(A,B) :- inv1(A,C,E,A,C,E,B,F), n_val(A,D), ring_substitutions(B,D).
(r40) great_rsd(A,B) :- n_val(A,C), pi_doner(D,E), ring_subst_5(A,D), ring_substitutions(B,F).
(r41) great_rsd(A,B) :- x_subst(A,E,D), sigma(D,F), n_val(B,E), x_subst(A,C,D).
(r42) great_rsd(A,B) :- r_subst_3(B,D), n_val(A,F), x_subst(B,D,C), r_subst_1(A,E).
(r43) great_rsd(A,B) :- ring_subst_3(B,C), pi_doner(C,D), n_val(A,E), alk_groups(B,E).
(r44) great_rsd(A,B) :- r_subst_3(A,D), sigma(F,C), x_subst(B,E,F), ring_subst_4(B,F).
(r45) great_rsd(A,B) :- ring_subst_2(B,D), ring_subst_2(B,E), pi_acceptor(D,C), r_subst_2(A,F).
(r46) great_rsd(A,B) :- n_val(A,F), flex(D,E), ring_subst_5(B,D), n_val(B,C).
(r47) great_rsd(A,B) :- ring_subst_6(B,C), ring_subst_4(A,C), n_val(B,E), ring_subst_5(B,D).
(r48) great_rsd(A,B) :- inv2(B,D,C,B,C,A,E), pi_acceptor(E,F).
(r49) great_rsd(A,B) :- r_subst_3(B,D), ring_subst_5(B,F), polarisable(E,C), ring_subst_3(A,E).
(r50) great_rsd(A,B) :- h_acceptor(C,E), ring_substitutions(A,D), pi_doner(C,F), ring_subst_2(B,C).
(r51) great_rsd(A,B) :- n_val(B,D), ring_subst_6(A,C), x_subst(A,D,E), ring_substitutions(B,F).
(r52) great_rsd(A,B) :- ring_subst_3(A,C), ring_subst_6(B,C), ring_subst_2(B,E), ring_subst_6(A,D).
(r53) great_rsd(A,B) :- x_subst(B,D,C), ring_subst_6(A,E), ring_subst_4(B,E), ring_subst_3(B,C).
(r54) great_rsd(A,B) :- ring_subst_3(A,F), r_subst_3(A,E), alk_groups(B,D), r_subst_1(B,C).
(r55) great_rsd(A,B) :- x_subst(A,C,E), x_subst(B,C,F), h_acceptor(F,D), n_val(B,C).
(r56) great_rsd(A,B) :- ring_subst_4(A,D), h_acceptor(E,C), ring_subst_2(B,E), h_doner(E,F).
(r57) great_rsd(A,B) :- ring_subst_2(A,D), r_subst_3(A,E), sigma(C,F), ring_subst_2(B,C).
(r58) great_rsd(A,B) :- alk_groups(A,C), ring_subst_2(A,D), flex(D,E), ring_subst_2(B,D).
(r59) great_rsd(A,B) :- inv1(A,D,F,A,D,F,B,E), ring_substitutions(B,D), r_subst_1(B,C).
(r60) great_rsd(A,B) :- ring_substitutions(A,C), ring_subst_6(A,D), ring_subst_2(B,E), r_subst_3(A,F).
(r61) great_rsd(A,B) :- n_val(A,F), pi_doner(C,D), great_pi_don(D,E), ring_subst_3(B,C).
(r62) great_rsd(A,B) :- sigma(C,E), ring_subst_4(B,D), ring_subst_5(A,C), ring_subst_5(A,F).
(r63) great_rsd(A,B) :- ring_subst_4(A,D), ring_subst_6(B,E), r_subst_2(B,C), h_acceptor(E,F).
(r64) great_rsd(A,B) :- pi_doner(F,E), ring_subst_3(A,D), ring_subst_2(B,F), pi_acceptor(D,C).
(r65) great_rsd(A,B) :- r_subst_3(B,D), ring_substitutions(B,E), alk_groups(A,C), n_val(A,F).
(r66) great_rsd(A,B) :- x_subst(B,D,F), r_subst_3(A,D), h_acceptor(F,C), flex(F,E).
(r67) great_rsd(A,B) :- gt(C,E), x_subst(B,F,D), r_subst_3(A,C).
(r68) great_rsd(A,B) :- inv1(B,D,E,B,D,E,B,F), ring_substitutions(A,D), pi_doner(E,C).
(r69) great_rsd(A,B) :- alk_groups(B,C), polarisable(F,E), ring_subst_4(B,F), x_subst(A,C,D).
(r70) great_rsd(A,B) :- n_val(B,F), x_subst(B,E,D), r_subst_3(A,C), alk_groups(B,E).
(r71) great_rsd(A,B) :- inv2(A,E,D,B,F,B,F), ring_subst_4(A,C), ring_subst_6(B,F).
(r72) great_rsd(A,B) :- inv1(A,C,F,A,C,F,B,E), alk_groups(B,C), n_val(A,D).
(r73) great_rsd(A,B) :- gt(D,C), r_subst_3(A,E), alk_groups(B,D), n_val(B,E).
(r74) great_rsd(A,B) :- inv2(A,C,D,A,E,A,E), ring_substitutions(B,C), r_subst_3(B,F).
(r75) great_rsd(A,B) :- gt(C,E), x_subst(B,C,D), alk_groups(A,F), gt(C,F).
(r76) great_rsd(A,B) :- flex(E,D), ring_subst_4(A,E), x_subst(B,C,F), ring_subst_3(B,E).
(r77) great_rsd(A,B) :- x_subst(B,E,F), r_subst_3(B,C), ring_subst_4(B,F), ring_subst_6(A,D).
(r78) great_rsd(A,B) :- sigma(F,D), great_sigma(D,E), x_subst(A,C,F), ring_subst_4(B,F).
(r79) great_rsd(A,B) :- alk_groups(A,E), gt(E,D), ring_subst_6(B,C), alk_groups(B,D).
(r80) great_rsd(A,B) :- ring_substitutions(B,C), gt(C,D), r_subst_1(B,E), n_val(A,D).
(r81) great_rsd(A,B) :- inv1(B,E,D,A,E,C,B,D), ring_subst_3(B,D).
(r82) great_rsd(A,B) :- inv1(A,D,C,A,D,C,B,E), ring_subst_4(B,C), alk_groups(B,F).
(r83) great_rsd(A,B) :- sigma(F,E), ring_subst_2(B,D), ring_subst_2(B,F), ring_subst_6(A,C).
(r84) great_rsd(A,B) :- x_subst(A,D,F), x_subst(B,D,C), x_subst(A,D,E).
(r85) great_rsd(A,B) :- x_subst(A,E,D), ring_substitutions(B,E), alk_groups(B,C).
(r86) great_rsd(A,B) :- ring_subst_4(A,D), ring_subst_2(B,E), r_subst_3(B,C), ring_substitutions(B,F).
(r87) great_rsd(A,B) :- ring_subst_6(B,E), ring_subst_4(A,F), flex(F,D), ring_substitutions(A,C).
(r88) great_rsd(A,B) :- ring_subst_6(B,E), h_doner(E,C), pi_acceptor(E,F), r_subst_2(A,D).
(r89) great_rsd(A,B) :- ring_subst_3(B,D), r_subst_2(A,E), n_val(B,C).
(r90) great_rsd(A,B) :- x_subst(B,C,F), ring_subst_4(B,F), x_subst(A,C,D), size(F,E).
====================
