number of rules: 90
program size: 449
(r1) great_ne(A,B) :- ring_subst_4(A,E), ring_subst_4(B,C), pi_acceptor(E,D), h_acceptor(C,F).
(r2) great_ne(A,B) :- ring_subst_5(A,D), ring_subst_3(B,C), h_doner(C,E), ring_subst_2(A,D).
(r3) great_ne(A,B) :- r_subst_3(B,C), alk_groups(B,E), ring_substitutions(A,F), ring_subst_2(A,D).
(r4) great_ne(A,B) :- ring_subst_5(A,D), n_val(A,C), ring_subst_5(B,E), ring_substitutions(B,C).
(r5) great_ne(A,B) :- ring_subst_6(A,C), ring_subst_2(B,C), pi_doner(C,E), ring_subst_3(A,D).
(r6) great_ne(A,B) :- alk_groups(B,D), x_subst(A,E,C), x_subst(B,E,F), n_val(A,E).
(r7) great_ne(A,B) :- ring_subst_2(A,F), r_subst_2(B,E), alk_groups(A,D), polarisable(F,C).
(r8) great_ne(A,B) :- ring_subst_6(B,F), great_sigma(E,C), sigma(F,E), r_subst_3(A,D).
(r9) great_ne(A,B) :- r_subst_2(B,C), alk_groups(B,E), ring_subst_4(B,F), alk_groups(A,D).
(r10) great_ne(A,B) :- ring_substitutions(B,F), ring_subst_3(A,E), pi_doner(C,D), ring_subst_4(A,C).
(r11) great_ne(A,B) :- h_acceptor(E,F), x_subst(A,C,D), alk_groups(A,C), ring_subst_5(B,E).
(r12) great_ne(A,B) :- ring_substitutions(A,D), n_val(B,C), x_subst(B,D,E), r_subst_2(A,F).
(r13) great_ne(A,B) :- ring_subst_6(B,F), x_subst(A,E,C), alk_groups(B,E), ring_subst_2(A,D).
(r14) great_ne(A,B) :- x_subst(B,D,F), x_subst(A,E,C), ring_substitutions(B,E), ring_subst_6(B,C).
(r15) great_ne(A,B) :- alk_groups(B,D), x_subst(A,D,E), n_val(B,C), gt(C,F).
(r16) great_ne(A,B) :- ring_subst_2(B,F), x_subst(B,C,F), pi_doner(F,D), ring_subst_5(A,E).
(r17) great_ne(A,B) :- x_subst(B,D,C), ring_subst_4(B,F), alk_groups(A,D), pi_doner(F,E).
(r18) great_ne(A,B) :- ring_subst_2(B,E), size(E,D), ring_subst_6(B,E), r_subst_2(A,C).
(r19) great_ne(A,B) :- gt(E,C), ring_substitutions(B,D), gt(D,E), alk_groups(A,F).
(r20) great_ne(A,B) :- r_subst_2(B,D), ring_subst_5(A,F), x_subst(A,E,C), n_val(B,E).
(r21) great_ne(A,B) :- ring_subst_6(B,D), sigma(F,E), ring_subst_3(A,F), polarisable(D,C).
(r22) great_ne(A,B) :- ring_subst_5(B,F), pi_acceptor(F,C), x_subst(A,E,D), ring_subst_3(B,D).
(r23) great_ne(A,B) :- h_acceptor(E,D), ring_subst_2(A,C), ring_subst_6(B,E), sigma(E,F).
(r24) great_ne(A,B) :- ring_subst_5(A,F), flex(F,D), r_subst_2(B,C), ring_substitutions(A,E).
(r25) great_ne(A,B) :- ring_subst_4(A,E), h_doner(E,C), ring_subst_5(B,D), size(E,F).
(r26) great_ne(A,B) :- alk_groups(A,E), n_val(A,F), ring_subst_5(B,C), ring_subst_4(A,D).
(r27) great_ne(A,B) :- x_subst(A,C,D), n_val(B,F), ring_subst_5(B,E), ring_subst_5(B,D).
(r28) great_ne(A,B) :- flex(C,F), ring_subst_3(B,C), size(E,D), ring_subst_6(A,E).
(r29) great_ne(A,B) :- x_subst(A,E,F), x_subst(A,C,D), x_subst(B,C,F), alk_groups(A,E).
(r30) great_ne(A,B) :- ring_subst_6(A,F), ring_subst_4(B,C), great_pi_acc(E,D), pi_acceptor(C,E).
(r31) great_ne(A,B) :- ring_subst_5(A,D), r_subst_3(A,F), ring_subst_3(B,C), r_subst_3(B,E).
(r32) great_ne(A,B) :- r_subst_3(B,C), n_val(A,E), ring_subst_4(B,F), ring_subst_3(B,D).
(r33) great_ne(A,B) :- r_subst_2(B,D), ring_subst_2(B,E), ring_subst_3(A,C), polar(C,F).
(r34) great_ne(A,B) :- x_subst(B,D,C), ring_subst_4(B,C), ring_substitutions(B,D), n_val(A,D).
(r35) great_ne(A,B) :- ring_substitutions(A,C), ring_substitutions(A,F), x_subst(B,C,D), h_doner(D,E).
(r36) great_ne(A,B) :- x_subst(A,C,F), ring_subst_5(B,F), ring_subst_5(B,E), n_val(A,D).
(r37) great_ne(A,B) :- ring_subst_4(B,E), ring_subst_5(B,D), ring_subst_2(B,C), ring_subst_4(A,D).
(r38) great_ne(A,B) :- ring_subst_6(A,C), ring_subst_5(B,D), h_acceptor(C,F), pi_doner(C,E).
(r39) great_ne(A,B) :- x_subst(A,E,F), ring_subst_6(A,C), ring_subst_2(A,F), n_val(B,D).
(r40) great_ne(A,B) :- ring_subst_5(B,D), x_subst(A,E,C), r_subst_1(B,F), r_subst_3(B,E).
(r41) great_ne(A,B) :- ring_substitutions(B,E), ring_subst_3(A,C), x_subst(B,F,D), ring_subst_6(B,C).
(r42) great_ne(A,B) :- ring_subst_4(B,C), r_subst_3(A,D), alk_groups(B,F), ring_substitutions(A,E).
(r43) great_ne(A,B) :- r_subst_1(B,D), x_subst(B,C,E), ring_subst_4(A,E), ring_subst_4(A,F).
(r44) great_ne(A,B) :- r_subst_1(B,C), alk_groups(A,E), x_subst(B,F,D), alk_groups(A,F).
(r45) great_ne(A,B) :- ring_subst_2(B,E), ring_subst_5(A,D), r_subst_2(B,C), sigma(E,F).
(r46) great_ne(A,B) :- ring_subst_2(B,E), n_val(B,C), size(E,F), ring_subst_3(A,D).
(r47) great_ne(A,B) :- r_subst_3(A,E), ring_subst_5(A,C), x_subst(B,F,D).
(r48) great_ne(A,B) :- size(D,F), x_subst(B,C,E), ring_subst_4(A,E), ring_subst_2(B,D).
(r49) great_ne(A,B) :- ring_subst_5(A,F), ring_subst_4(A,E), r_subst_3(B,D), polar(E,C).
(r50) great_ne(A,B) :- alk_groups(B,E), ring_subst_3(B,D), x_subst(B,C,D), alk_groups(A,F).
(r51) great_ne(A,B) :- ring_subst_5(A,F), x_subst(B,C,E), pi_acceptor(F,D), x_subst(A,C,E).
(r52) great_ne(A,B) :- x_subst(A,C,F), ring_subst_3(B,E), ring_substitutions(A,D), n_val(A,D).
(r53) great_ne(A,B) :- ring_subst_4(A,F), x_subst(B,C,E), alk_groups(A,D), ring_subst_5(A,F).
(r54) great_ne(A,B) :- r_subst_3(A,E), x_subst(B,E,D), r_subst_3(B,C), ring_subst_5(A,F).
(r55) great_ne(A,B) :- r_subst_3(B,C), ring_subst_3(B,E), x_subst(B,D,E), ring_subst_6(A,E).
(r56) great_ne(A,B) :- ring_subst_4(A,E), ring_subst_2(B,C), h_doner(C,D), r_subst_1(A,F).
(r57) great_ne(A,B) :- ring_subst_6(A,C), ring_subst_5(B,D), ring_substitutions(B,E), r_subst_2(A,F).
(r58) great_ne(A,B) :- alk_groups(B,D), r_subst_3(A,C), ring_subst_6(B,E), polar(E,F).
(r59) great_ne(A,B) :- alk_groups(B,D), r_subst_2(B,E), ring_subst_2(A,C), n_val(B,D).
(r60) great_ne(A,B) :- gt(D,C), ring_substitutions(B,D), ring_subst_2(A,F), n_val(A,E).
(r61) great_ne(A,B) :- r_subst_2(B,D), ring_subst_3(A,E), alk_groups(B,F), ring_substitutions(B,C).
(r62) great_ne(A,B) :- ring_subst_2(A,C), ring_substitutions(B,E), n_val(A,F), ring_subst_4(A,D).
(r63) great_ne(A,B) :- ring_subst_4(A,E), ring_subst_3(B,E), x_subst(B,D,C), ring_subst_3(B,F).
(r64) great_ne(A,B) :- ring_subst_5(B,F), ring_subst_5(A,E), h_doner(D,C), ring_subst_4(B,D).
(r65) great_ne(A,B) :- ring_subst_3(A,D), ring_subst_2(A,E), flex(E,F), ring_substitutions(B,C).
(r66) great_ne(A,B) :- size(C,F), ring_substitutions(B,D), ring_subst_2(A,C), ring_subst_6(A,E).
(r67) great_ne(A,B) :- n_val(A,C), x_subst(A,D,F), alk_groups(A,E), r_subst_3(B,E).
(r68) great_ne(A,B) :- n_val(B,E), x_subst(B,E,D), pi_acceptor(D,C), ring_substitutions(A,E).
(r69) great_ne(A,B) :- sigma(E,C), ring_subst_4(A,E), ring_subst_5(B,D), polar(E,F).
(r70) great_ne(A,B) :- r_subst_1(B,D), ring_subst_5(A,F), r_subst_3(A,C), size(F,E).
(r71) great_ne(A,B) :- ring_subst_2(B,C), r_subst_2(A,E), ring_subst_3(A,F), ring_subst_4(A,D).
(r72) great_ne(A,B) :- ring_subst_6(A,C), flex(D,E), ring_subst_3(B,F), ring_subst_2(A,D).
(r73) great_ne(A,B) :- r_subst_2(B,D), ring_subst_2(B,E), flex(E,F), ring_subst_3(A,C).
(r74) great_ne(A,B) :- n_val(B,E), r_subst_3(A,C), r_subst_3(B,D), alk_groups(B,C).
(r75) great_ne(A,B) :- ring_subst_5(A,C), ring_subst_4(A,E), polar(C,D), ring_subst_5(B,E).
(r76) great_ne(A,B) :- ring_subst_6(A,D), ring_substitutions(B,E), x_subst(B,F,D), r_subst_2(A,C).
(r77) great_ne(A,B) :- ring_subst_6(A,F), alk_groups(A,C), alk_groups(B,E), h_acceptor(F,D).
(r78) great_ne(A,B) :- x_subst(A,E,F), r_subst_2(A,D), ring_subst_3(B,F), x_subst(B,C,F).
(r79) great_ne(A,B) :- ring_substitutions(B,D), r_subst_2(A,E), n_val(B,D), ring_subst_6(B,C).
(r80) great_ne(A,B) :- ring_subst_5(A,C), ring_subst_2(B,F), r_subst_1(A,E), pi_acceptor(F,D).
(r81) great_ne(A,B) :- great_pi_don(D,E), ring_subst_2(B,C), ring_subst_4(A,C), pi_doner(C,D).
(r82) great_ne(A,B) :- x_subst(B,D,C), h_acceptor(F,E), ring_subst_3(A,F), ring_subst_6(B,C).
(r83) great_ne(A,B) :- great_pi_acc(D,E), pi_acceptor(C,D), ring_subst_4(A,F), ring_subst_6(B,C).
(r84) great_ne(A,B) :- ring_substitutions(A,C), ring_subst_3(B,E), ring_subst_5(B,F), polar(F,D).
(r85) great_ne(A,B) :- ring_subst_5(B,F), polar(E,C), ring_subst_5(A,D), ring_subst_5(A,E).
(r86) great_ne(A,B) :- ring_subst_6(A,D), size(D,C), r_subst_1(B,E), alk_groups(A,F).
(r87) great_ne(A,B) :- ring_substitutions(A,C), flex(D,F), alk_groups(A,E), x_subst(B,C,D).
(r88) great_ne(A,B) :- size(C,D), sigma(E,F), ring_subst_6(A,E), ring_subst_6(B,C).
(r89) great_ne(A,B) :- size(D,F), polarisable(E,C), ring_subst_3(A,E), ring_subst_5(B,D).
(r90) great_ne(A,B) :- x_subst(B,E,D), gt(E,C), n_val(B,C), r_subst_2(A,F).
====================
MaxSAT solving... (3127 vars, 21621 hard, 973 soft)
number of rules: 92
program size: 432
(inv1) inv1(X1,X2,X3,X4,X5,X6,X7,X8,X9,X10,X11,X12,X13) :- x_subst(X1,X2,X3), x_subst(X4,X5,X6), x_subst(X7,X8,X9), alk_groups(X10,X11), alk_groups(X12,X13).
(inv2) inv2(X1,X2,X3,X4,X5,X6,X7) :- x_subst(X1,X2,X3), ring_subst_5(X4,X5), ring_subst_5(X6,X7).
(r1) great_ne(A,B) :- ring_subst_4(A,E), ring_subst_4(B,C), pi_acceptor(E,D), h_acceptor(C,F).
(r2) great_ne(A,B) :- ring_subst_5(A,D), ring_subst_3(B,C), h_doner(C,E), ring_subst_2(A,D).
(r3) great_ne(A,B) :- r_subst_3(B,C), alk_groups(B,E), ring_substitutions(A,F), ring_subst_2(A,D).
(r4) great_ne(A,B) :- ring_subst_5(A,D), n_val(A,C), ring_subst_5(B,E), ring_substitutions(B,C).
(r5) great_ne(A,B) :- ring_subst_6(A,C), ring_subst_2(B,C), pi_doner(C,E), ring_subst_3(A,D).
(r6) great_ne(A,B) :- inv1(A,E,C,B,E,F,A,E,C,B,D,B,D), n_val(A,E).
(r7) great_ne(A,B) :- ring_subst_2(A,F), r_subst_2(B,E), alk_groups(A,D), polarisable(F,C).
(r8) great_ne(A,B) :- ring_subst_6(B,F), great_sigma(E,C), sigma(F,E), r_subst_3(A,D).
(r9) great_ne(A,B) :- r_subst_2(B,C), alk_groups(B,E), ring_subst_4(B,F), alk_groups(A,D).
(r10) great_ne(A,B) :- ring_substitutions(B,F), ring_subst_3(A,E), pi_doner(C,D), ring_subst_4(A,C).
(r11) great_ne(A,B) :- inv1(A,C,D,A,C,D,A,C,D,A,C,A,C), h_acceptor(E,F), ring_subst_5(B,E).
(r12) great_ne(A,B) :- ring_substitutions(A,D), n_val(B,C), x_subst(B,D,E), r_subst_2(A,F).
(r13) great_ne(A,B) :- inv1(A,E,C,A,E,C,A,E,C,B,E,B,E), ring_subst_6(B,F), ring_subst_2(A,D).
(r14) great_ne(A,B) :- x_subst(B,D,F), x_subst(A,E,C), ring_substitutions(B,E), ring_subst_6(B,C).
(r15) great_ne(A,B) :- inv1(A,D,E,A,D,E,A,D,E,B,D,B,D), n_val(B,C), gt(C,F).
(r16) great_ne(A,B) :- inv2(B,C,F,A,E,A,E), ring_subst_2(B,F), pi_doner(F,D).
(r17) great_ne(A,B) :- inv1(B,D,C,B,D,C,B,D,C,A,D,A,D), ring_subst_4(B,F), pi_doner(F,E).
(r18) great_ne(A,B) :- ring_subst_2(B,E), size(E,D), ring_subst_6(B,E), r_subst_2(A,C).
(r19) great_ne(A,B) :- gt(E,C), ring_substitutions(B,D), gt(D,E), alk_groups(A,F).
(r20) great_ne(A,B) :- inv2(A,E,C,A,F,A,F), r_subst_2(B,D), n_val(B,E).
(r21) great_ne(A,B) :- ring_subst_6(B,D), sigma(F,E), ring_subst_3(A,F), polarisable(D,C).
(r22) great_ne(A,B) :- inv2(A,E,D,B,F,B,F), pi_acceptor(F,C), ring_subst_3(B,D).
(r23) great_ne(A,B) :- h_acceptor(E,D), ring_subst_2(A,C), ring_subst_6(B,E), sigma(E,F).
(r24) great_ne(A,B) :- ring_subst_5(A,F), flex(F,D), r_subst_2(B,C), ring_substitutions(A,E).
(r25) great_ne(A,B) :- ring_subst_4(A,E), h_doner(E,C), ring_subst_5(B,D), size(E,F).
(r26) great_ne(A,B) :- alk_groups(A,E), n_val(A,F), ring_subst_5(B,C), ring_subst_4(A,D).
(r27) great_ne(A,B) :- inv2(A,C,D,B,E,B,D), n_val(B,F).
(r28) great_ne(A,B) :- flex(C,F), ring_subst_3(B,C), size(E,D), ring_subst_6(A,E).
(r29) great_ne(A,B) :- inv1(A,E,F,A,C,D,B,C,F,A,E,A,E).
(r30) great_ne(A,B) :- ring_subst_6(A,F), ring_subst_4(B,C), great_pi_acc(E,D), pi_acceptor(C,E).
(r31) great_ne(A,B) :- ring_subst_5(A,D), r_subst_3(A,F), ring_subst_3(B,C), r_subst_3(B,E).
(r32) great_ne(A,B) :- r_subst_3(B,C), n_val(A,E), ring_subst_4(B,F), ring_subst_3(B,D).
(r33) great_ne(A,B) :- r_subst_2(B,D), ring_subst_2(B,E), ring_subst_3(A,C), polar(C,F).
(r34) great_ne(A,B) :- x_subst(B,D,C), ring_subst_4(B,C), ring_substitutions(B,D), n_val(A,D).
(r35) great_ne(A,B) :- ring_substitutions(A,C), ring_substitutions(A,F), x_subst(B,C,D), h_doner(D,E).
(r36) great_ne(A,B) :- inv2(A,C,F,B,F,B,E), n_val(A,D).
(r37) great_ne(A,B) :- ring_subst_4(B,E), ring_subst_5(B,D), ring_subst_2(B,C), ring_subst_4(A,D).
(r38) great_ne(A,B) :- ring_subst_6(A,C), ring_subst_5(B,D), h_acceptor(C,F), pi_doner(C,E).
(r39) great_ne(A,B) :- x_subst(A,E,F), ring_subst_6(A,C), ring_subst_2(A,F), n_val(B,D).
(r40) great_ne(A,B) :- inv2(A,E,C,B,D,B,D), r_subst_1(B,F), r_subst_3(B,E).
(r41) great_ne(A,B) :- ring_substitutions(B,E), ring_subst_3(A,C), x_subst(B,F,D), ring_subst_6(B,C).
(r42) great_ne(A,B) :- ring_subst_4(B,C), r_subst_3(A,D), alk_groups(B,F), ring_substitutions(A,E).
(r43) great_ne(A,B) :- r_subst_1(B,D), x_subst(B,C,E), ring_subst_4(A,E), ring_subst_4(A,F).
(r44) great_ne(A,B) :- inv1(B,F,D,B,F,D,B,F,D,A,E,A,F), r_subst_1(B,C).
(r45) great_ne(A,B) :- ring_subst_2(B,E), ring_subst_5(A,D), r_subst_2(B,C), sigma(E,F).
(r46) great_ne(A,B) :- ring_subst_2(B,E), n_val(B,C), size(E,F), ring_subst_3(A,D).
(r47) great_ne(A,B) :- inv2(B,F,D,A,C,A,C), r_subst_3(A,E).
(r48) great_ne(A,B) :- size(D,F), x_subst(B,C,E), ring_subst_4(A,E), ring_subst_2(B,D).
(r49) great_ne(A,B) :- ring_subst_5(A,F), ring_subst_4(A,E), r_subst_3(B,D), polar(E,C).
(r50) great_ne(A,B) :- inv1(B,C,D,B,C,D,B,C,D,B,E,A,F), ring_subst_3(B,D).
(r51) great_ne(A,B) :- inv2(B,C,E,A,F,A,F), pi_acceptor(F,D), x_subst(A,C,E).
(r52) great_ne(A,B) :- x_subst(A,C,F), ring_subst_3(B,E), ring_substitutions(A,D), n_val(A,D).
(r53) great_ne(A,B) :- inv1(B,C,E,B,C,E,B,C,E,A,D,A,D), ring_subst_4(A,F), ring_subst_5(A,F).
(r54) great_ne(A,B) :- inv2(B,E,D,A,F,A,F), r_subst_3(A,E), r_subst_3(B,C).
(r55) great_ne(A,B) :- r_subst_3(B,C), ring_subst_3(B,E), x_subst(B,D,E), ring_subst_6(A,E).
(r56) great_ne(A,B) :- ring_subst_4(A,E), ring_subst_2(B,C), h_doner(C,D), r_subst_1(A,F).
(r57) great_ne(A,B) :- ring_subst_6(A,C), ring_subst_5(B,D), ring_substitutions(B,E), r_subst_2(A,F).
(r58) great_ne(A,B) :- alk_groups(B,D), r_subst_3(A,C), ring_subst_6(B,E), polar(E,F).
(r59) great_ne(A,B) :- alk_groups(B,D), r_subst_2(B,E), ring_subst_2(A,C), n_val(B,D).
(r60) great_ne(A,B) :- gt(D,C), ring_substitutions(B,D), ring_subst_2(A,F), n_val(A,E).
(r61) great_ne(A,B) :- r_subst_2(B,D), ring_subst_3(A,E), alk_groups(B,F), ring_substitutions(B,C).
(r62) great_ne(A,B) :- ring_subst_2(A,C), ring_substitutions(B,E), n_val(A,F), ring_subst_4(A,D).
(r63) great_ne(A,B) :- ring_subst_4(A,E), ring_subst_3(B,E), x_subst(B,D,C), ring_subst_3(B,F).
(r64) great_ne(A,B) :- ring_subst_5(B,F), ring_subst_5(A,E), h_doner(D,C), ring_subst_4(B,D).
(r65) great_ne(A,B) :- ring_subst_3(A,D), ring_subst_2(A,E), flex(E,F), ring_substitutions(B,C).
(r66) great_ne(A,B) :- size(C,F), ring_substitutions(B,D), ring_subst_2(A,C), ring_subst_6(A,E).
(r67) great_ne(A,B) :- inv1(A,D,F,A,D,F,A,D,F,A,E,A,E), n_val(A,C), r_subst_3(B,E).
(r68) great_ne(A,B) :- n_val(B,E), x_subst(B,E,D), pi_acceptor(D,C), ring_substitutions(A,E).
(r69) great_ne(A,B) :- sigma(E,C), ring_subst_4(A,E), ring_subst_5(B,D), polar(E,F).
(r70) great_ne(A,B) :- r_subst_1(B,D), ring_subst_5(A,F), r_subst_3(A,C), size(F,E).
(r71) great_ne(A,B) :- ring_subst_2(B,C), r_subst_2(A,E), ring_subst_3(A,F), ring_subst_4(A,D).
(r72) great_ne(A,B) :- ring_subst_6(A,C), flex(D,E), ring_subst_3(B,F), ring_subst_2(A,D).
(r73) great_ne(A,B) :- r_subst_2(B,D), ring_subst_2(B,E), flex(E,F), ring_subst_3(A,C).
(r74) great_ne(A,B) :- n_val(B,E), r_subst_3(A,C), r_subst_3(B,D), alk_groups(B,C).
(r75) great_ne(A,B) :- ring_subst_5(A,C), ring_subst_4(A,E), polar(C,D), ring_subst_5(B,E).
(r76) great_ne(A,B) :- ring_subst_6(A,D), ring_substitutions(B,E), x_subst(B,F,D), r_subst_2(A,C).
(r77) great_ne(A,B) :- ring_subst_6(A,F), alk_groups(A,C), alk_groups(B,E), h_acceptor(F,D).
(r78) great_ne(A,B) :- x_subst(A,E,F), r_subst_2(A,D), ring_subst_3(B,F), x_subst(B,C,F).
(r79) great_ne(A,B) :- ring_substitutions(B,D), r_subst_2(A,E), n_val(B,D), ring_subst_6(B,C).
(r80) great_ne(A,B) :- ring_subst_5(A,C), ring_subst_2(B,F), r_subst_1(A,E), pi_acceptor(F,D).
(r81) great_ne(A,B) :- great_pi_don(D,E), ring_subst_2(B,C), ring_subst_4(A,C), pi_doner(C,D).
(r82) great_ne(A,B) :- x_subst(B,D,C), h_acceptor(F,E), ring_subst_3(A,F), ring_subst_6(B,C).
(r83) great_ne(A,B) :- great_pi_acc(D,E), pi_acceptor(C,D), ring_subst_4(A,F), ring_subst_6(B,C).
(r84) great_ne(A,B) :- ring_substitutions(A,C), ring_subst_3(B,E), ring_subst_5(B,F), polar(F,D).
(r85) great_ne(A,B) :- ring_subst_5(B,F), polar(E,C), ring_subst_5(A,D), ring_subst_5(A,E).
(r86) great_ne(A,B) :- ring_subst_6(A,D), size(D,C), r_subst_1(B,E), alk_groups(A,F).
(r87) great_ne(A,B) :- inv1(B,C,D,B,C,D,B,C,D,A,E,A,E), ring_substitutions(A,C), flex(D,F).
(r88) great_ne(A,B) :- size(C,D), sigma(E,F), ring_subst_6(A,E), ring_subst_6(B,C).
(r89) great_ne(A,B) :- size(D,F), polarisable(E,C), ring_subst_3(A,E), ring_subst_5(B,D).
(r90) great_ne(A,B) :- x_subst(B,E,D), gt(E,C), n_val(B,C), r_subst_2(A,F).
====================
