number of rules: 80
program size: 398
(r1) great_rsd(A,B) :- ring_subst_2(A,C), ring_subst_6(B,C), ring_subst_2(B,E), h_acceptor(E,D).
(r2) great_rsd(A,B) :- n_val(A,F), h_doner(E,D), x_subst(B,C,E), ring_subst_2(A,E).
(r3) great_rsd(A,B) :- r_subst_1(A,E), ring_substitutions(B,D), ring_subst_6(A,C), ring_subst_2(B,C).
(r4) great_rsd(A,B) :- ring_subst_2(B,D), pi_doner(D,C), n_val(A,E).
(r5) great_rsd(A,B) :- n_val(B,D), size(E,C), x_subst(A,D,E), gt(D,F).
(r6) great_rsd(A,B) :- r_subst_3(A,D), ring_subst_2(B,C), n_val(A,D), alk_groups(B,E).
(r7) great_rsd(A,B) :- x_subst(B,C,D), ring_subst_6(A,F), h_doner(D,E), ring_substitutions(A,C).
(r8) great_rsd(A,B) :- x_subst(B,F,E), n_val(B,C), ring_subst_6(A,D), ring_substitutions(B,C).
(r9) great_rsd(A,B) :- x_subst(A,E,D), ring_subst_4(B,F), x_subst(A,C,D), gt(E,C).
(r10) great_rsd(A,B) :- ring_subst_6(A,F), ring_subst_6(B,C), ring_subst_4(A,C), x_subst(B,D,E).
(r11) great_rsd(A,B) :- n_val(B,D), ring_subst_5(A,E), ring_subst_6(B,C), ring_subst_2(B,F).
(r12) great_rsd(A,B) :- polarisable(D,E), x_subst(B,C,D), r_subst_3(A,C), r_subst_2(A,F).
(r13) great_rsd(A,B) :- h_doner(D,F), ring_subst_6(B,D), ring_subst_2(B,D), x_subst(A,E,C).
(r14) great_rsd(A,B) :- ring_substitutions(A,E), ring_subst_3(A,D), ring_subst_4(B,F), x_subst(A,C,D).
(r15) great_rsd(A,B) :- ring_substitutions(B,D), alk_groups(A,C), r_subst_3(B,C), n_val(A,C).
(r16) great_rsd(A,B) :- ring_subst_2(B,D), r_subst_1(B,E), ring_subst_6(A,C), ring_subst_6(A,F).
(r17) great_rsd(A,B) :- x_subst(A,F,E), x_subst(B,F,E), alk_groups(A,D), ring_substitutions(B,C).
(r18) great_rsd(A,B) :- n_val(B,D), flex(F,E), x_subst(A,C,F), alk_groups(B,D).
(r19) great_rsd(A,B) :- ring_subst_5(A,E), ring_subst_2(B,E), ring_subst_5(B,D), n_val(B,C).
(r20) great_rsd(A,B) :- ring_subst_4(B,D), x_subst(B,C,D), x_subst(A,E,F), alk_groups(A,C).
(r21) great_rsd(A,B) :- x_subst(A,F,E), ring_subst_5(B,C), polarisable(E,D), ring_subst_2(B,C).
(r22) great_rsd(A,B) :- x_subst(A,C,E), ring_subst_3(B,D), ring_subst_5(B,D), ring_subst_4(B,E).
(r23) great_rsd(A,B) :- polarisable(E,C), n_val(B,D), x_subst(A,D,E), r_subst_2(B,F).
(r24) great_rsd(A,B) :- h_acceptor(C,E), ring_subst_6(B,F), r_subst_2(A,D), ring_subst_3(B,C).
(r25) great_rsd(A,B) :- flex(E,F), x_subst(B,C,E), flex(D,F), ring_subst_6(A,D).
(r26) great_rsd(A,B) :- polar(E,F), ring_subst_5(A,E), ring_subst_4(A,C), alk_groups(B,D).
(r27) great_rsd(A,B) :- ring_substitutions(B,C), r_subst_2(A,E), ring_substitutions(B,D), r_subst_3(A,C).
(r28) great_rsd(A,B) :- polar(E,F), ring_subst_3(A,D), r_subst_3(B,C), ring_subst_4(B,E).
(r29) great_rsd(A,B) :- x_subst(B,F,C), h_acceptor(C,D), ring_subst_2(B,E), ring_substitutions(A,F).
(r30) great_rsd(A,B) :- n_val(A,C), ring_subst_4(B,D), ring_subst_4(B,F), ring_subst_4(A,E).
(r31) great_rsd(A,B) :- ring_subst_3(A,C), size(C,D), ring_subst_3(A,E), r_subst_3(B,F).
(r32) great_rsd(A,B) :- ring_subst_4(A,D), ring_subst_4(B,C), gt(F,E), r_subst_3(A,F).
(r33) great_rsd(A,B) :- x_subst(A,F,E), ring_subst_5(B,E), alk_groups(A,C), n_val(B,D).
(r34) great_rsd(A,B) :- ring_subst_6(A,E), x_subst(B,C,D), alk_groups(B,F), x_subst(B,F,D).
(r35) great_rsd(A,B) :- x_subst(B,D,F), pi_acceptor(F,C), ring_subst_2(B,F), ring_subst_4(A,E).
(r36) great_rsd(A,B) :- ring_subst_3(B,C), r_subst_1(A,F), ring_substitutions(B,D), alk_groups(B,E).
(r37) great_rsd(A,B) :- n_val(A,C), x_subst(A,C,E), ring_subst_6(A,E), ring_substitutions(B,D).
(r38) great_rsd(A,B) :- x_subst(B,F,E), ring_substitutions(A,D), ring_subst_6(B,C), ring_subst_3(B,C).
(r39) great_rsd(A,B) :- ring_subst_3(B,F), x_subst(A,D,C), h_acceptor(F,E), ring_subst_5(A,C).
(r40) great_rsd(A,B) :- ring_subst_3(B,F), r_subst_2(A,C), n_val(A,D), h_doner(F,E).
(r41) great_rsd(A,B) :- sigma(E,F), ring_subst_6(B,C), alk_groups(A,D), ring_subst_3(A,E).
(r42) great_rsd(A,B) :- x_subst(B,C,D), r_subst_2(A,E), ring_subst_5(A,D), r_subst_2(A,F).
(r43) great_rsd(A,B) :- ring_subst_5(B,F), alk_groups(A,C), x_subst(B,E,F), polar(F,D).
(r44) great_rsd(A,B) :- x_subst(B,E,D), n_val(B,E), r_subst_3(A,C), ring_subst_5(A,D).
(r45) great_rsd(A,B) :- ring_substitutions(B,C), n_val(A,D), r_subst_2(B,F), ring_subst_2(A,E).
(r46) great_rsd(A,B) :- x_subst(B,D,C), ring_subst_4(A,F), flex(F,E), ring_subst_6(B,F).
(r47) great_rsd(A,B) :- ring_subst_6(A,F), r_subst_3(A,E), ring_subst_5(A,D), ring_subst_2(B,C).
(r48) great_rsd(A,B) :- ring_subst_5(B,F), x_subst(A,E,F), ring_substitutions(B,D), ring_substitutions(A,C).
(r49) great_rsd(A,B) :- r_subst_3(B,D), polar(F,C), ring_subst_2(B,F), n_val(A,E).
(r50) great_rsd(A,B) :- ring_substitutions(A,D), h_doner(C,F), great_h_don(F,E), ring_subst_2(B,C).
(r51) great_rsd(A,B) :- ring_subst_2(A,C), ring_subst_5(B,E), flex(F,D), ring_subst_5(A,F).
(r52) great_rsd(A,B) :- ring_subst_3(A,C), size(C,D), ring_subst_5(B,C), ring_subst_4(A,E).
(r53) great_rsd(A,B) :- ring_subst_2(B,C), ring_subst_6(A,D), x_subst(A,E,C), r_subst_1(A,F).
(r54) great_rsd(A,B) :- ring_subst_4(A,C), ring_subst_2(A,D), ring_subst_2(B,E), ring_substitutions(B,F).
(r55) great_rsd(A,B) :- pi_acceptor(E,C), ring_substitutions(A,D), x_subst(B,D,E), size(E,F).
(r56) great_rsd(A,B) :- alk_groups(B,C), n_val(A,D), x_subst(A,E,F), x_subst(B,E,F).
(r57) great_rsd(A,B) :- x_subst(A,D,F), alk_groups(B,C), ring_subst_4(A,E), ring_substitutions(B,C).
(r58) great_rsd(A,B) :- ring_subst_3(B,D), ring_subst_5(A,C), ring_subst_3(B,E), h_doner(E,F).
(r59) great_rsd(A,B) :- ring_substitutions(B,E), x_subst(A,D,C), x_subst(A,F,C), ring_substitutions(A,F).
(r60) great_rsd(A,B) :- ring_subst_5(A,E), ring_substitutions(B,D), flex(E,C).
(r61) great_rsd(A,B) :- sigma(F,D), gt(E,C), ring_subst_6(A,F), alk_groups(B,E).
(r62) great_rsd(A,B) :- alk_groups(A,F), pi_doner(C,D), ring_subst_2(B,E), ring_subst_3(B,C).
(r63) great_rsd(A,B) :- x_subst(A,F,E), polar(E,D), ring_subst_3(B,E), ring_subst_3(A,C).
(r64) great_rsd(A,B) :- ring_subst_3(A,F), pi_acceptor(C,D), n_val(B,E), ring_subst_3(B,C).
(r65) great_rsd(A,B) :- h_acceptor(E,D), r_subst_1(A,C), ring_subst_3(B,E), size(E,F).
(r66) great_rsd(A,B) :- ring_subst_3(A,C), ring_subst_2(B,D), ring_subst_3(A,D), ring_subst_4(A,D).
(r67) great_rsd(A,B) :- x_subst(B,C,D), x_subst(A,E,F), x_subst(B,E,F), x_subst(A,C,D).
(r68) great_rsd(A,B) :- ring_subst_2(A,F), ring_subst_4(A,E), h_doner(E,D), r_subst_1(B,C).
(r69) great_rsd(A,B) :- ring_subst_4(B,E), x_subst(A,D,E), ring_subst_3(A,E), ring_subst_3(B,C).
(r70) great_rsd(A,B) :- x_subst(B,F,E), x_subst(A,F,C), h_acceptor(C,D), ring_subst_3(A,E).
(r71) great_rsd(A,B) :- size(F,D), r_subst_2(B,E), ring_subst_5(B,C), ring_subst_5(A,F).
(r72) great_rsd(A,B) :- flex(E,D), x_subst(A,C,F), ring_subst_3(B,E), ring_subst_4(B,F).
(r73) great_rsd(A,B) :- alk_groups(A,E), ring_subst_4(B,F), ring_subst_6(B,D), ring_substitutions(B,C).
(r74) great_rsd(A,B) :- n_val(A,C), ring_subst_3(B,D), ring_subst_3(B,E), h_doner(E,F).
(r75) great_rsd(A,B) :- x_subst(B,F,E), r_subst_3(A,D), x_subst(B,D,C), ring_subst_5(A,C).
(r76) great_rsd(A,B) :- x_subst(A,F,E), ring_subst_3(B,D), ring_substitutions(A,F), polar(E,C).
(r77) great_rsd(A,B) :- ring_subst_3(B,D), x_subst(B,C,D), ring_subst_4(A,F), ring_subst_5(A,E).
(r78) great_rsd(A,B) :- ring_subst_2(A,F), r_subst_1(A,E), r_subst_1(B,C), ring_subst_5(A,D).
(r79) great_rsd(A,B) :- ring_subst_2(A,C), n_val(B,D), ring_subst_4(B,F), sigma(F,E).
(r80) great_rsd(A,B) :- r_subst_3(B,D), ring_subst_3(A,F), x_subst(B,E,F), n_val(A,C).
====================
MaxSAT solving... (3624 vars, 25354 hard, 1032 soft)
number of rules: 82
program size: 380
(inv1) inv1(X1,X2,X3,X4,X5,X6,X7,X8,X9,X10) :- x_subst(X1,X2,X3), x_subst(X4,X5,X6), ring_substitutions(X7,X8), ring_substitutions(X9,X10).
(inv2) inv2(X1,X2,X3,X4,X5,X6,X7,X8) :- ring_subst_4(X1,X2), x_subst(X3,X4,X5), x_subst(X6,X7,X8).
(r1) great_rsd(A,B) :- ring_subst_2(A,C), ring_subst_6(B,C), ring_subst_2(B,E), h_acceptor(E,D).
(r2) great_rsd(A,B) :- n_val(A,F), h_doner(E,D), x_subst(B,C,E), ring_subst_2(A,E).
(r3) great_rsd(A,B) :- r_subst_1(A,E), ring_substitutions(B,D), ring_subst_6(A,C), ring_subst_2(B,C).
(r4) great_rsd(A,B) :- ring_subst_2(B,D), pi_doner(D,C), n_val(A,E).
(r5) great_rsd(A,B) :- n_val(B,D), size(E,C), x_subst(A,D,E), gt(D,F).
(r6) great_rsd(A,B) :- r_subst_3(A,D), ring_subst_2(B,C), n_val(A,D), alk_groups(B,E).
(r7) great_rsd(A,B) :- inv1(B,C,D,B,C,D,A,C,A,C), ring_subst_6(A,F), h_doner(D,E).
(r8) great_rsd(A,B) :- inv1(B,F,E,B,F,E,B,C,B,C), n_val(B,C), ring_subst_6(A,D).
(r9) great_rsd(A,B) :- inv2(B,F,A,E,D,A,C,D), gt(E,C).
(r10) great_rsd(A,B) :- inv2(A,C,B,D,E,B,D,E), ring_subst_6(A,F), ring_subst_6(B,C).
(r11) great_rsd(A,B) :- n_val(B,D), ring_subst_5(A,E), ring_subst_6(B,C), ring_subst_2(B,F).
(r12) great_rsd(A,B) :- polarisable(D,E), x_subst(B,C,D), r_subst_3(A,C), r_subst_2(A,F).
(r13) great_rsd(A,B) :- h_doner(D,F), ring_subst_6(B,D), ring_subst_2(B,D), x_subst(A,E,C).
(r14) great_rsd(A,B) :- inv1(A,C,D,A,C,D,A,E,A,E), ring_subst_3(A,D), ring_subst_4(B,F).
(r15) great_rsd(A,B) :- ring_substitutions(B,D), alk_groups(A,C), r_subst_3(B,C), n_val(A,C).
(r16) great_rsd(A,B) :- ring_subst_2(B,D), r_subst_1(B,E), ring_subst_6(A,C), ring_subst_6(A,F).
(r17) great_rsd(A,B) :- inv1(A,F,E,B,F,E,B,C,B,C), alk_groups(A,D).
(r18) great_rsd(A,B) :- n_val(B,D), flex(F,E), x_subst(A,C,F), alk_groups(B,D).
(r19) great_rsd(A,B) :- ring_subst_5(A,E), ring_subst_2(B,E), ring_subst_5(B,D), n_val(B,C).
(r20) great_rsd(A,B) :- inv2(B,D,B,C,D,A,E,F), alk_groups(A,C).
(r21) great_rsd(A,B) :- x_subst(A,F,E), ring_subst_5(B,C), polarisable(E,D), ring_subst_2(B,C).
(r22) great_rsd(A,B) :- inv2(B,E,A,C,E,A,C,E), ring_subst_3(B,D), ring_subst_5(B,D).
(r23) great_rsd(A,B) :- polarisable(E,C), n_val(B,D), x_subst(A,D,E), r_subst_2(B,F).
(r24) great_rsd(A,B) :- h_acceptor(C,E), ring_subst_6(B,F), r_subst_2(A,D), ring_subst_3(B,C).
(r25) great_rsd(A,B) :- flex(E,F), x_subst(B,C,E), flex(D,F), ring_subst_6(A,D).
(r26) great_rsd(A,B) :- polar(E,F), ring_subst_5(A,E), ring_subst_4(A,C), alk_groups(B,D).
(r27) great_rsd(A,B) :- ring_substitutions(B,C), r_subst_2(A,E), ring_substitutions(B,D), r_subst_3(A,C).
(r28) great_rsd(A,B) :- polar(E,F), ring_subst_3(A,D), r_subst_3(B,C), ring_subst_4(B,E).
(r29) great_rsd(A,B) :- inv1(B,F,C,B,F,C,A,F,A,F), h_acceptor(C,D), ring_subst_2(B,E).
(r30) great_rsd(A,B) :- n_val(A,C), ring_subst_4(B,D), ring_subst_4(B,F), ring_subst_4(A,E).
(r31) great_rsd(A,B) :- ring_subst_3(A,C), size(C,D), ring_subst_3(A,E), r_subst_3(B,F).
(r32) great_rsd(A,B) :- ring_subst_4(A,D), ring_subst_4(B,C), gt(F,E), r_subst_3(A,F).
(r33) great_rsd(A,B) :- x_subst(A,F,E), ring_subst_5(B,E), alk_groups(A,C), n_val(B,D).
(r34) great_rsd(A,B) :- ring_subst_6(A,E), x_subst(B,C,D), alk_groups(B,F), x_subst(B,F,D).
(r35) great_rsd(A,B) :- inv2(A,E,B,D,F,B,D,F), pi_acceptor(F,C), ring_subst_2(B,F).
(r36) great_rsd(A,B) :- ring_subst_3(B,C), r_subst_1(A,F), ring_substitutions(B,D), alk_groups(B,E).
(r37) great_rsd(A,B) :- inv1(A,C,E,A,C,E,B,D,B,D), n_val(A,C), ring_subst_6(A,E).
(r38) great_rsd(A,B) :- inv1(B,F,E,B,F,E,A,D,A,D), ring_subst_6(B,C), ring_subst_3(B,C).
(r39) great_rsd(A,B) :- ring_subst_3(B,F), x_subst(A,D,C), h_acceptor(F,E), ring_subst_5(A,C).
(r40) great_rsd(A,B) :- ring_subst_3(B,F), r_subst_2(A,C), n_val(A,D), h_doner(F,E).
(r41) great_rsd(A,B) :- sigma(E,F), ring_subst_6(B,C), alk_groups(A,D), ring_subst_3(A,E).
(r42) great_rsd(A,B) :- x_subst(B,C,D), r_subst_2(A,E), ring_subst_5(A,D), r_subst_2(A,F).
(r43) great_rsd(A,B) :- ring_subst_5(B,F), alk_groups(A,C), x_subst(B,E,F), polar(F,D).
(r44) great_rsd(A,B) :- x_subst(B,E,D), n_val(B,E), r_subst_3(A,C), ring_subst_5(A,D).
(r45) great_rsd(A,B) :- ring_substitutions(B,C), n_val(A,D), r_subst_2(B,F), ring_subst_2(A,E).
(r46) great_rsd(A,B) :- inv2(A,F,B,D,C,B,D,C), flex(F,E), ring_subst_6(B,F).
(r47) great_rsd(A,B) :- ring_subst_6(A,F), r_subst_3(A,E), ring_subst_5(A,D), ring_subst_2(B,C).
(r48) great_rsd(A,B) :- inv1(A,E,F,A,E,F,B,D,A,C), ring_subst_5(B,F).
(r49) great_rsd(A,B) :- r_subst_3(B,D), polar(F,C), ring_subst_2(B,F), n_val(A,E).
(r50) great_rsd(A,B) :- ring_substitutions(A,D), h_doner(C,F), great_h_don(F,E), ring_subst_2(B,C).
(r51) great_rsd(A,B) :- ring_subst_2(A,C), ring_subst_5(B,E), flex(F,D), ring_subst_5(A,F).
(r52) great_rsd(A,B) :- ring_subst_3(A,C), size(C,D), ring_subst_5(B,C), ring_subst_4(A,E).
(r53) great_rsd(A,B) :- ring_subst_2(B,C), ring_subst_6(A,D), x_subst(A,E,C), r_subst_1(A,F).
(r54) great_rsd(A,B) :- ring_subst_4(A,C), ring_subst_2(A,D), ring_subst_2(B,E), ring_substitutions(B,F).
(r55) great_rsd(A,B) :- inv1(B,D,E,B,D,E,A,D,A,D), pi_acceptor(E,C), size(E,F).
(r56) great_rsd(A,B) :- alk_groups(B,C), n_val(A,D), x_subst(A,E,F), x_subst(B,E,F).
(r57) great_rsd(A,B) :- inv1(A,D,F,A,D,F,B,C,B,C), inv2(A,E,A,D,F,A,D,F), alk_groups(B,C).
(r58) great_rsd(A,B) :- ring_subst_3(B,D), ring_subst_5(A,C), ring_subst_3(B,E), h_doner(E,F).
(r59) great_rsd(A,B) :- inv1(A,D,C,A,F,C,B,E,A,F).
(r60) great_rsd(A,B) :- ring_subst_5(A,E), ring_substitutions(B,D), flex(E,C).
(r61) great_rsd(A,B) :- sigma(F,D), gt(E,C), ring_subst_6(A,F), alk_groups(B,E).
(r62) great_rsd(A,B) :- alk_groups(A,F), pi_doner(C,D), ring_subst_2(B,E), ring_subst_3(B,C).
(r63) great_rsd(A,B) :- x_subst(A,F,E), polar(E,D), ring_subst_3(B,E), ring_subst_3(A,C).
(r64) great_rsd(A,B) :- ring_subst_3(A,F), pi_acceptor(C,D), n_val(B,E), ring_subst_3(B,C).
(r65) great_rsd(A,B) :- h_acceptor(E,D), r_subst_1(A,C), ring_subst_3(B,E), size(E,F).
(r66) great_rsd(A,B) :- ring_subst_3(A,C), ring_subst_2(B,D), ring_subst_3(A,D), ring_subst_4(A,D).
(r67) great_rsd(A,B) :- x_subst(B,C,D), x_subst(A,E,F), x_subst(B,E,F), x_subst(A,C,D).
(r68) great_rsd(A,B) :- ring_subst_2(A,F), ring_subst_4(A,E), h_doner(E,D), r_subst_1(B,C).
(r69) great_rsd(A,B) :- inv2(B,E,A,D,E,A,D,E), ring_subst_3(A,E), ring_subst_3(B,C).
(r70) great_rsd(A,B) :- x_subst(B,F,E), x_subst(A,F,C), h_acceptor(C,D), ring_subst_3(A,E).
(r71) great_rsd(A,B) :- size(F,D), r_subst_2(B,E), ring_subst_5(B,C), ring_subst_5(A,F).
(r72) great_rsd(A,B) :- inv2(B,F,A,C,F,A,C,F), flex(E,D), ring_subst_3(B,E).
(r73) great_rsd(A,B) :- alk_groups(A,E), ring_subst_4(B,F), ring_subst_6(B,D), ring_substitutions(B,C).
(r74) great_rsd(A,B) :- n_val(A,C), ring_subst_3(B,D), ring_subst_3(B,E), h_doner(E,F).
(r75) great_rsd(A,B) :- x_subst(B,F,E), r_subst_3(A,D), x_subst(B,D,C), ring_subst_5(A,C).
(r76) great_rsd(A,B) :- inv1(A,F,E,A,F,E,A,F,A,F), ring_subst_3(B,D), polar(E,C).
(r77) great_rsd(A,B) :- inv2(A,F,B,C,D,B,C,D), ring_subst_3(B,D), ring_subst_5(A,E).
(r78) great_rsd(A,B) :- ring_subst_2(A,F), r_subst_1(A,E), r_subst_1(B,C), ring_subst_5(A,D).
(r79) great_rsd(A,B) :- ring_subst_2(A,C), n_val(B,D), ring_subst_4(B,F), sigma(F,E).
(r80) great_rsd(A,B) :- r_subst_3(B,D), ring_subst_3(A,F), x_subst(B,E,F), n_val(A,C).
====================
