number of rules: 40
program size: 199
(r1) great_rsd(A,B) :- ring_subst_3(B,D), ring_substitutions(B,E), alk_groups(A,F), r_subst_3(A,C).
(r2) great_rsd(A,B) :- ring_subst_2(A,D), x_subst(B,C,F), x_subst(B,C,E).
(r3) great_rsd(A,B) :- ring_subst_4(A,D), alk_groups(B,C), r_subst_2(A,E), ring_subst_5(B,F).
(r4) great_rsd(A,B) :- ring_subst_3(A,E), r_subst_1(B,C), r_subst_1(B,F), sigma(E,D).
(r5) great_rsd(A,B) :- alk_groups(A,E), ring_subst_4(A,D), r_subst_1(B,C), n_val(B,E).
(r6) great_rsd(A,B) :- sigma(E,F), ring_subst_2(A,D), ring_subst_2(B,E), ring_subst_3(B,C).
(r7) great_rsd(A,B) :- size(E,D), alk_groups(A,C), x_subst(B,C,F), ring_subst_3(A,E).
(r8) great_rsd(A,B) :- n_val(B,D), ring_substitutions(B,E), gt(E,D), r_subst_3(A,C).
(r9) great_rsd(A,B) :- flex(C,D), ring_subst_5(A,E), ring_subst_5(B,C), r_subst_3(B,F).
(r10) great_rsd(A,B) :- x_subst(A,D,C), x_subst(B,D,C), h_doner(C,E), ring_subst_3(B,C).
(r11) great_rsd(A,B) :- size(D,E), ring_subst_2(B,D), ring_subst_6(B,C), ring_subst_5(A,C).
(r12) great_rsd(A,B) :- ring_subst_2(A,C), r_subst_1(A,E), ring_subst_6(B,D), ring_subst_6(A,D).
(r13) great_rsd(A,B) :- x_subst(B,D,C), x_subst(B,F,C), x_subst(A,E,C), ring_subst_6(A,C).
(r14) great_rsd(A,B) :- alk_groups(B,C), ring_subst_3(A,F), sigma(F,D), pi_doner(F,E).
(r15) great_rsd(A,B) :- ring_subst_2(A,C), n_val(A,D), x_subst(A,E,C), ring_subst_2(B,C).
(r16) great_rsd(A,B) :- x_subst(A,F,E), n_val(A,D), r_subst_3(B,F), flex(E,C).
(r17) great_rsd(A,B) :- r_subst_1(B,D), r_subst_1(A,D), n_val(A,C), n_val(B,E).
(r18) great_rsd(A,B) :- ring_subst_2(B,C), polarisable(D,F), ring_subst_6(A,D), alk_groups(B,E).
(r19) great_rsd(A,B) :- x_subst(B,C,D), alk_groups(B,F), x_subst(B,C,E), ring_subst_6(A,D).
(r20) great_rsd(A,B) :- n_val(B,C), n_val(A,D), r_subst_1(A,E), r_subst_1(A,F).
(r21) great_rsd(A,B) :- sigma(F,E), ring_subst_2(A,D), ring_subst_4(B,F), pi_doner(D,C).
(r22) great_rsd(A,B) :- x_subst(B,C,D), pi_doner(D,E), x_subst(A,C,D), ring_substitutions(A,C).
(r23) great_rsd(A,B) :- alk_groups(A,E), x_subst(B,D,C), alk_groups(B,D), ring_subst_6(A,C).
(r24) great_rsd(A,B) :- n_val(A,C), gt(D,F), alk_groups(B,D), gt(C,E).
(r25) great_rsd(A,B) :- ring_substitutions(A,D), ring_subst_5(B,C), r_subst_1(A,E), r_subst_3(B,F).
(r26) great_rsd(A,B) :- r_subst_1(B,D), ring_subst_6(A,E), ring_subst_6(B,F), r_subst_3(B,C).
(r27) great_rsd(A,B) :- ring_subst_6(B,F), polar(E,D), r_subst_3(A,C), ring_subst_4(B,E).
(r28) great_rsd(A,B) :- alk_groups(B,D), ring_subst_6(A,F), h_doner(F,E), ring_subst_3(B,C).
(r29) great_rsd(A,B) :- ring_subst_5(B,E), n_val(A,D), ring_subst_6(B,F), flex(E,C).
(r30) great_rsd(A,B) :- flex(D,C), polarisable(D,E), ring_subst_3(A,D), ring_subst_2(B,F).
(r31) great_rsd(A,B) :- ring_subst_3(B,D), polarisable(F,E), ring_subst_6(A,F), ring_subst_3(B,C).
(r32) great_rsd(A,B) :- ring_subst_2(A,F), x_subst(B,D,C), alk_groups(A,D), h_doner(F,E).
(r33) great_rsd(A,B) :- pi_doner(E,F), pi_acceptor(E,C), x_subst(B,D,E), ring_subst_2(A,E).
(r34) great_rsd(A,B) :- ring_subst_5(B,C), pi_doner(C,D), ring_subst_2(B,E), ring_subst_3(A,E).
(r35) great_rsd(A,B) :- ring_subst_3(A,C), r_subst_3(A,D), pi_acceptor(C,E), ring_substitutions(B,F).
(r36) great_rsd(A,B) :- x_subst(A,E,D), ring_subst_4(A,F), ring_subst_4(A,C), ring_subst_6(B,C).
(r37) great_rsd(A,B) :- r_subst_3(B,D), x_subst(A,C,F), ring_subst_2(B,F), size(F,E).
(r38) great_rsd(A,B) :- pi_acceptor(F,E), ring_subst_2(B,F), ring_subst_4(B,C), ring_subst_6(A,D).
(r39) great_rsd(A,B) :- ring_subst_4(B,D), ring_subst_3(A,E), ring_subst_2(A,E), polar(D,C).
(r40) great_rsd(A,B) :- ring_subst_3(A,F), r_subst_2(B,C), sigma(E,D), ring_subst_3(B,E).
====================
MaxSAT solving... (1419 vars, 8841 hard, 465 soft)
number of rules: 42
program size: 195
(inv1) inv1(X1,X2,X3,X4,X5,X6,X7,X8) :- x_subst(X1,X2,X3), x_subst(X4,X5,X6), ring_subst_6(X7,X8).
(inv2) inv2(X1,X2,X3,X4,X5) :- ring_subst_2(X1,X2), x_subst(X3,X4,X5).
(r1) great_rsd(A,B) :- ring_subst_3(B,D), ring_substitutions(B,E), alk_groups(A,F), r_subst_3(A,C).
(r2) great_rsd(A,B) :- inv2(A,D,B,C,F), inv2(A,D,B,C,E).
(r3) great_rsd(A,B) :- ring_subst_4(A,D), alk_groups(B,C), r_subst_2(A,E), ring_subst_5(B,F).
(r4) great_rsd(A,B) :- ring_subst_3(A,E), r_subst_1(B,C), r_subst_1(B,F), sigma(E,D).
(r5) great_rsd(A,B) :- alk_groups(A,E), ring_subst_4(A,D), r_subst_1(B,C), n_val(B,E).
(r6) great_rsd(A,B) :- sigma(E,F), ring_subst_2(A,D), ring_subst_2(B,E), ring_subst_3(B,C).
(r7) great_rsd(A,B) :- size(E,D), alk_groups(A,C), x_subst(B,C,F), ring_subst_3(A,E).
(r8) great_rsd(A,B) :- n_val(B,D), ring_substitutions(B,E), gt(E,D), r_subst_3(A,C).
(r9) great_rsd(A,B) :- flex(C,D), ring_subst_5(A,E), ring_subst_5(B,C), r_subst_3(B,F).
(r10) great_rsd(A,B) :- x_subst(A,D,C), x_subst(B,D,C), h_doner(C,E), ring_subst_3(B,C).
(r11) great_rsd(A,B) :- size(D,E), ring_subst_2(B,D), ring_subst_6(B,C), ring_subst_5(A,C).
(r12) great_rsd(A,B) :- ring_subst_2(A,C), r_subst_1(A,E), ring_subst_6(B,D), ring_subst_6(A,D).
(r13) great_rsd(A,B) :- inv1(B,D,C,B,F,C,A,C), x_subst(A,E,C).
(r14) great_rsd(A,B) :- alk_groups(B,C), ring_subst_3(A,F), sigma(F,D), pi_doner(F,E).
(r15) great_rsd(A,B) :- inv2(A,C,A,E,C), inv2(B,C,A,E,C), n_val(A,D).
(r16) great_rsd(A,B) :- x_subst(A,F,E), n_val(A,D), r_subst_3(B,F), flex(E,C).
(r17) great_rsd(A,B) :- r_subst_1(B,D), r_subst_1(A,D), n_val(A,C), n_val(B,E).
(r18) great_rsd(A,B) :- ring_subst_2(B,C), polarisable(D,F), ring_subst_6(A,D), alk_groups(B,E).
(r19) great_rsd(A,B) :- inv1(B,C,D,B,C,E,A,D), alk_groups(B,F).
(r20) great_rsd(A,B) :- n_val(B,C), n_val(A,D), r_subst_1(A,E), r_subst_1(A,F).
(r21) great_rsd(A,B) :- sigma(F,E), ring_subst_2(A,D), ring_subst_4(B,F), pi_doner(D,C).
(r22) great_rsd(A,B) :- x_subst(B,C,D), pi_doner(D,E), x_subst(A,C,D), ring_substitutions(A,C).
(r23) great_rsd(A,B) :- inv1(B,D,C,B,D,C,A,C), alk_groups(A,E), alk_groups(B,D).
(r24) great_rsd(A,B) :- n_val(A,C), gt(D,F), alk_groups(B,D), gt(C,E).
(r25) great_rsd(A,B) :- ring_substitutions(A,D), ring_subst_5(B,C), r_subst_1(A,E), r_subst_3(B,F).
(r26) great_rsd(A,B) :- r_subst_1(B,D), ring_subst_6(A,E), ring_subst_6(B,F), r_subst_3(B,C).
(r27) great_rsd(A,B) :- ring_subst_6(B,F), polar(E,D), r_subst_3(A,C), ring_subst_4(B,E).
(r28) great_rsd(A,B) :- alk_groups(B,D), ring_subst_6(A,F), h_doner(F,E), ring_subst_3(B,C).
(r29) great_rsd(A,B) :- ring_subst_5(B,E), n_val(A,D), ring_subst_6(B,F), flex(E,C).
(r30) great_rsd(A,B) :- flex(D,C), polarisable(D,E), ring_subst_3(A,D), ring_subst_2(B,F).
(r31) great_rsd(A,B) :- ring_subst_3(B,D), polarisable(F,E), ring_subst_6(A,F), ring_subst_3(B,C).
(r32) great_rsd(A,B) :- inv2(A,F,B,D,C), alk_groups(A,D), h_doner(F,E).
(r33) great_rsd(A,B) :- inv2(A,E,B,D,E), pi_doner(E,F), pi_acceptor(E,C).
(r34) great_rsd(A,B) :- ring_subst_5(B,C), pi_doner(C,D), ring_subst_2(B,E), ring_subst_3(A,E).
(r35) great_rsd(A,B) :- ring_subst_3(A,C), r_subst_3(A,D), pi_acceptor(C,E), ring_substitutions(B,F).
(r36) great_rsd(A,B) :- inv1(A,E,D,A,E,D,B,C), ring_subst_4(A,F), ring_subst_4(A,C).
(r37) great_rsd(A,B) :- inv2(B,F,A,C,F), r_subst_3(B,D), size(F,E).
(r38) great_rsd(A,B) :- pi_acceptor(F,E), ring_subst_2(B,F), ring_subst_4(B,C), ring_subst_6(A,D).
(r39) great_rsd(A,B) :- ring_subst_4(B,D), ring_subst_3(A,E), ring_subst_2(A,E), polar(D,C).
(r40) great_rsd(A,B) :- ring_subst_3(A,F), r_subst_2(B,C), sigma(E,D), ring_subst_3(B,E).
====================
