number of rules: 70
program size: 347
(r1) great_rsd(A,B) :- x_subst(B,F,C), ring_subst_2(B,D), x_subst(A,F,D), ring_subst_5(A,E).
(r2) great_rsd(A,B) :- size(E,D), ring_subst_6(A,C), ring_subst_4(B,E), flex(C,F).
(r3) great_rsd(A,B) :- alk_groups(B,C), r_subst_1(B,E), ring_subst_5(A,F), polar(F,D).
(r4) great_rsd(A,B) :- r_subst_3(B,D), ring_subst_3(A,F), x_subst(B,E,F), gt(E,C).
(r5) great_rsd(A,B) :- ring_substitutions(A,D), pi_acceptor(C,F), x_subst(A,E,C), ring_subst_2(B,C).
(r6) great_rsd(A,B) :- r_subst_2(B,C), r_subst_2(A,E), alk_groups(A,D), r_subst_3(B,F).
(r7) great_rsd(A,B) :- ring_subst_4(B,F), sigma(F,D), ring_subst_3(A,E), ring_subst_3(B,C).
(r8) great_rsd(A,B) :- h_acceptor(C,E), size(C,D), ring_substitutions(A,F), ring_subst_2(B,C).
(r9) great_rsd(A,B) :- alk_groups(B,C), ring_substitutions(A,D), ring_subst_5(A,F), ring_substitutions(A,E).
(r10) great_rsd(A,B) :- x_subst(A,E,D), ring_subst_4(B,F), n_val(A,E), pi_doner(F,C).
(r11) great_rsd(A,B) :- ring_subst_3(B,D), pi_acceptor(D,F), ring_subst_4(A,E), ring_substitutions(A,C).
(r12) great_rsd(A,B) :- pi_acceptor(E,D), x_subst(A,C,E), ring_subst_5(B,E), r_subst_1(A,F).
(r13) great_rsd(A,B) :- n_val(B,D), x_subst(B,D,C), r_subst_2(A,E), ring_subst_3(B,C).
(r14) great_rsd(A,B) :- x_subst(B,E,D), alk_groups(A,C), r_subst_3(B,F), ring_subst_6(A,D).
(r15) great_rsd(A,B) :- x_subst(B,E,D), pi_acceptor(D,C), ring_subst_3(A,F), ring_subst_4(B,D).
(r16) great_rsd(A,B) :- ring_substitutions(A,E), ring_subst_2(B,D), ring_subst_5(A,F), x_subst(A,E,C).
(r17) great_rsd(A,B) :- x_subst(A,F,E), ring_subst_6(B,E), alk_groups(B,D), polarisable(E,C).
(r18) great_rsd(A,B) :- alk_groups(B,C), polar(F,E), ring_subst_4(B,F), r_subst_1(A,D).
(r19) great_rsd(A,B) :- ring_substitutions(B,E), ring_subst_2(B,D), x_subst(A,E,F), ring_subst_5(B,C).
(r20) great_rsd(A,B) :- ring_substitutions(B,C), polarisable(D,E), ring_subst_2(B,D), ring_subst_2(A,D).
(r21) great_rsd(A,B) :- ring_subst_4(B,D), h_doner(D,C), x_subst(A,E,F).
(r22) great_rsd(A,B) :- x_subst(B,D,F), r_subst_3(B,E), pi_acceptor(F,C), n_val(A,D).
(r23) great_rsd(A,B) :- flex(E,D), ring_subst_2(B,C), ring_subst_2(A,E), r_subst_3(A,F).
(r24) great_rsd(A,B) :- x_subst(A,F,E), ring_subst_2(B,E), r_subst_2(B,C), r_subst_1(A,D).
(r25) great_rsd(A,B) :- ring_subst_4(B,D), ring_subst_2(A,D), x_subst(A,C,D), alk_groups(B,E).
(r26) great_rsd(A,B) :- ring_subst_5(A,C), x_subst(A,E,F), sigma(C,D), ring_subst_3(B,C).
(r27) great_rsd(A,B) :- ring_subst_6(B,E), x_subst(A,C,E), flex(E,D), alk_groups(A,F).
(r28) great_rsd(A,B) :- ring_subst_5(B,C), r_subst_3(A,E), ring_substitutions(B,D), r_subst_3(B,F).
(r29) great_rsd(A,B) :- pi_acceptor(D,E), ring_subst_3(B,D), r_subst_3(A,C), ring_substitutions(B,F).
(r30) great_rsd(A,B) :- x_subst(A,D,F), r_subst_3(B,C), n_val(A,E), ring_substitutions(B,C).
(r31) great_rsd(A,B) :- size(E,F), ring_subst_5(A,C), ring_subst_4(A,E), ring_subst_5(B,D).
(r32) great_rsd(A,B) :- gt(E,D), ring_subst_4(A,C), x_subst(A,E,F), ring_subst_2(B,C).
(r33) great_rsd(A,B) :- ring_substitutions(B,E), x_subst(A,D,C), ring_subst_6(A,C), alk_groups(A,D).
(r34) great_rsd(A,B) :- ring_substitutions(B,C), ring_substitutions(A,D), ring_subst_5(A,F), ring_subst_6(B,E).
(r35) great_rsd(A,B) :- n_val(A,F), alk_groups(A,C), ring_subst_2(A,D), ring_subst_4(B,E).
(r36) great_rsd(A,B) :- gt(F,E), alk_groups(A,C), r_subst_3(A,E), x_subst(B,F,D).
(r37) great_rsd(A,B) :- ring_subst_6(B,C), size(C,F), ring_subst_2(B,E), ring_subst_5(A,D).
(r38) great_rsd(A,B) :- ring_substitutions(B,E), n_val(A,D), x_subst(B,E,C), flex(C,F).
(r39) great_rsd(A,B) :- h_acceptor(C,E), x_subst(B,F,C), ring_subst_3(A,D), r_subst_3(B,F).
(r40) great_rsd(A,B) :- n_val(B,F), ring_subst_3(A,E), r_subst_3(B,C), x_subst(A,C,D).
(r41) great_rsd(A,B) :- pi_doner(E,F), ring_substitutions(A,D), ring_subst_5(B,E), size(E,C).
(r42) great_rsd(A,B) :- ring_substitutions(B,E), ring_subst_4(A,F), r_subst_1(A,D), ring_subst_3(B,C).
(r43) great_rsd(A,B) :- polarisable(E,D), n_val(A,F), x_subst(B,F,C), ring_subst_4(A,E).
(r44) great_rsd(A,B) :- r_subst_1(B,E), pi_doner(C,D), ring_substitutions(A,F), ring_subst_3(B,C).
(r45) great_rsd(A,B) :- x_subst(B,D,F), ring_subst_6(B,E), x_subst(B,D,E), r_subst_3(A,C).
(r46) great_rsd(A,B) :- polarisable(E,D), n_val(A,F), ring_subst_4(A,C), ring_subst_4(B,E).
(r47) great_rsd(A,B) :- flex(C,D), x_subst(A,F,C), ring_subst_5(B,C), ring_subst_4(A,E).
(r48) great_rsd(A,B) :- ring_subst_4(A,D), x_subst(B,E,D), ring_subst_6(B,C), ring_subst_6(A,C).
(r49) great_rsd(A,B) :- gt(D,C), alk_groups(A,D), r_subst_3(B,F), ring_subst_4(B,E).
(r50) great_rsd(A,B) :- ring_substitutions(A,D), alk_groups(A,D), ring_subst_6(A,C), x_subst(B,D,E).
(r51) great_rsd(A,B) :- r_subst_2(B,D), ring_subst_4(A,C), r_subst_2(B,E), r_subst_3(B,F).
(r52) great_rsd(A,B) :- x_subst(B,D,F), ring_subst_2(B,E), alk_groups(A,D), x_subst(B,C,E).
(r53) great_rsd(A,B) :- ring_subst_4(A,F), r_subst_2(A,E), r_subst_1(B,C), polar(F,D).
(r54) great_rsd(A,B) :- ring_subst_6(B,E), r_subst_3(A,D), flex(E,F), great_flex(F,C).
(r55) great_rsd(A,B) :- x_subst(B,F,E), h_doner(D,C), ring_subst_3(A,D), r_subst_3(B,F).
(r56) great_rsd(A,B) :- n_val(B,F), x_subst(A,C,E), polar(E,D), ring_substitutions(A,C).
(r57) great_rsd(A,B) :- r_subst_1(A,C), gt(E,D), alk_groups(B,E).
(r58) great_rsd(A,B) :- x_subst(A,F,E), ring_subst_6(B,C), h_doner(C,D), ring_subst_4(A,E).
(r59) great_rsd(A,B) :- ring_subst_6(B,C), r_subst_2(A,E), x_subst(B,F,D), ring_subst_6(A,C).
(r60) great_rsd(A,B) :- n_val(B,F), x_subst(A,F,C), h_doner(C,D), x_subst(A,E,C).
(r61) great_rsd(A,B) :- ring_substitutions(A,D), alk_groups(B,F), ring_subst_4(A,C), polar(C,E).
(r62) great_rsd(A,B) :- r_subst_3(B,D), ring_subst_2(A,C), ring_subst_4(B,F), ring_subst_4(B,E).
(r63) great_rsd(A,B) :- alk_groups(B,C), ring_subst_2(B,D), ring_subst_2(A,D), ring_subst_5(A,D).
(r64) great_rsd(A,B) :- x_subst(A,C,E), ring_subst_4(A,E), ring_subst_3(A,D), r_subst_3(B,C).
(r65) great_rsd(A,B) :- size(E,D), ring_subst_5(A,E), x_subst(B,C,F), ring_subst_2(B,F).
(r66) great_rsd(A,B) :- ring_subst_2(A,C), ring_subst_5(B,C), alk_groups(B,D), n_val(B,E).
(r67) great_rsd(A,B) :- sigma(C,E), ring_substitutions(A,D), x_subst(B,F,C), ring_subst_6(A,C).
(r68) great_rsd(A,B) :- r_subst_1(B,D), alk_groups(B,C), alk_groups(A,C).
(r69) great_rsd(A,B) :- ring_subst_6(B,D), ring_subst_5(A,C), ring_substitutions(A,F), x_subst(A,E,C).
(r70) great_rsd(A,B) :- ring_substitutions(B,D), alk_groups(A,D), h_doner(C,E), ring_subst_3(B,C).
====================
MaxSAT solving... (1733 vars, 10455 hard, 625 soft)
number of rules: 72
program size: 331
(inv1) inv1(X1,X2,X3,X4,X5,X6,X7,X8) :- ring_subst_2(X1,X2), x_subst(X3,X4,X5), x_subst(X6,X7,X8).
(inv2) inv2(X1,X2,X3,X4,X5,X6,X7) :- x_subst(X1,X2,X3), ring_subst_6(X4,X5), ring_subst_6(X6,X7).
(r1) great_rsd(A,B) :- inv1(B,D,B,F,C,A,F,D), ring_subst_5(A,E).
(r2) great_rsd(A,B) :- size(E,D), ring_subst_6(A,C), ring_subst_4(B,E), flex(C,F).
(r3) great_rsd(A,B) :- alk_groups(B,C), r_subst_1(B,E), ring_subst_5(A,F), polar(F,D).
(r4) great_rsd(A,B) :- r_subst_3(B,D), ring_subst_3(A,F), x_subst(B,E,F), gt(E,C).
(r5) great_rsd(A,B) :- inv1(B,C,A,E,C,A,E,C), ring_substitutions(A,D), pi_acceptor(C,F).
(r6) great_rsd(A,B) :- r_subst_2(B,C), r_subst_2(A,E), alk_groups(A,D), r_subst_3(B,F).
(r7) great_rsd(A,B) :- ring_subst_4(B,F), sigma(F,D), ring_subst_3(A,E), ring_subst_3(B,C).
(r8) great_rsd(A,B) :- h_acceptor(C,E), size(C,D), ring_substitutions(A,F), ring_subst_2(B,C).
(r9) great_rsd(A,B) :- alk_groups(B,C), ring_substitutions(A,D), ring_subst_5(A,F), ring_substitutions(A,E).
(r10) great_rsd(A,B) :- x_subst(A,E,D), ring_subst_4(B,F), n_val(A,E), pi_doner(F,C).
(r11) great_rsd(A,B) :- ring_subst_3(B,D), pi_acceptor(D,F), ring_subst_4(A,E), ring_substitutions(A,C).
(r12) great_rsd(A,B) :- pi_acceptor(E,D), x_subst(A,C,E), ring_subst_5(B,E), r_subst_1(A,F).
(r13) great_rsd(A,B) :- n_val(B,D), x_subst(B,D,C), r_subst_2(A,E), ring_subst_3(B,C).
(r14) great_rsd(A,B) :- inv2(B,E,D,A,D,A,D), alk_groups(A,C), r_subst_3(B,F).
(r15) great_rsd(A,B) :- x_subst(B,E,D), pi_acceptor(D,C), ring_subst_3(A,F), ring_subst_4(B,D).
(r16) great_rsd(A,B) :- inv1(B,D,A,E,C,A,E,C), ring_substitutions(A,E), ring_subst_5(A,F).
(r17) great_rsd(A,B) :- inv2(A,F,E,B,E,B,E), alk_groups(B,D), polarisable(E,C).
(r18) great_rsd(A,B) :- alk_groups(B,C), polar(F,E), ring_subst_4(B,F), r_subst_1(A,D).
(r19) great_rsd(A,B) :- inv1(B,D,A,E,F,A,E,F), ring_substitutions(B,E), ring_subst_5(B,C).
(r20) great_rsd(A,B) :- ring_substitutions(B,C), polarisable(D,E), ring_subst_2(B,D), ring_subst_2(A,D).
(r21) great_rsd(A,B) :- ring_subst_4(B,D), h_doner(D,C), x_subst(A,E,F).
(r22) great_rsd(A,B) :- x_subst(B,D,F), r_subst_3(B,E), pi_acceptor(F,C), n_val(A,D).
(r23) great_rsd(A,B) :- flex(E,D), ring_subst_2(B,C), ring_subst_2(A,E), r_subst_3(A,F).
(r24) great_rsd(A,B) :- inv1(B,E,A,F,E,A,F,E), r_subst_2(B,C), r_subst_1(A,D).
(r25) great_rsd(A,B) :- inv1(A,D,A,C,D,A,C,D), ring_subst_4(B,D), alk_groups(B,E).
(r26) great_rsd(A,B) :- ring_subst_5(A,C), x_subst(A,E,F), sigma(C,D), ring_subst_3(B,C).
(r27) great_rsd(A,B) :- inv2(A,C,E,B,E,B,E), flex(E,D), alk_groups(A,F).
(r28) great_rsd(A,B) :- ring_subst_5(B,C), r_subst_3(A,E), ring_substitutions(B,D), r_subst_3(B,F).
(r29) great_rsd(A,B) :- pi_acceptor(D,E), ring_subst_3(B,D), r_subst_3(A,C), ring_substitutions(B,F).
(r30) great_rsd(A,B) :- x_subst(A,D,F), r_subst_3(B,C), n_val(A,E), ring_substitutions(B,C).
(r31) great_rsd(A,B) :- size(E,F), ring_subst_5(A,C), ring_subst_4(A,E), ring_subst_5(B,D).
(r32) great_rsd(A,B) :- inv1(B,C,A,E,F,A,E,F), gt(E,D), ring_subst_4(A,C).
(r33) great_rsd(A,B) :- inv2(A,D,C,A,C,A,C), ring_substitutions(B,E), alk_groups(A,D).
(r34) great_rsd(A,B) :- ring_substitutions(B,C), ring_substitutions(A,D), ring_subst_5(A,F), ring_subst_6(B,E).
(r35) great_rsd(A,B) :- n_val(A,F), alk_groups(A,C), ring_subst_2(A,D), ring_subst_4(B,E).
(r36) great_rsd(A,B) :- gt(F,E), alk_groups(A,C), r_subst_3(A,E), x_subst(B,F,D).
(r37) great_rsd(A,B) :- ring_subst_6(B,C), size(C,F), ring_subst_2(B,E), ring_subst_5(A,D).
(r38) great_rsd(A,B) :- ring_substitutions(B,E), n_val(A,D), x_subst(B,E,C), flex(C,F).
(r39) great_rsd(A,B) :- h_acceptor(C,E), x_subst(B,F,C), ring_subst_3(A,D), r_subst_3(B,F).
(r40) great_rsd(A,B) :- n_val(B,F), ring_subst_3(A,E), r_subst_3(B,C), x_subst(A,C,D).
(r41) great_rsd(A,B) :- pi_doner(E,F), ring_substitutions(A,D), ring_subst_5(B,E), size(E,C).
(r42) great_rsd(A,B) :- ring_substitutions(B,E), ring_subst_4(A,F), r_subst_1(A,D), ring_subst_3(B,C).
(r43) great_rsd(A,B) :- polarisable(E,D), n_val(A,F), x_subst(B,F,C), ring_subst_4(A,E).
(r44) great_rsd(A,B) :- r_subst_1(B,E), pi_doner(C,D), ring_substitutions(A,F), ring_subst_3(B,C).
(r45) great_rsd(A,B) :- inv2(B,D,F,B,E,B,E), x_subst(B,D,E), r_subst_3(A,C).
(r46) great_rsd(A,B) :- polarisable(E,D), n_val(A,F), ring_subst_4(A,C), ring_subst_4(B,E).
(r47) great_rsd(A,B) :- flex(C,D), x_subst(A,F,C), ring_subst_5(B,C), ring_subst_4(A,E).
(r48) great_rsd(A,B) :- inv2(B,E,D,B,C,A,C), ring_subst_4(A,D).
(r49) great_rsd(A,B) :- gt(D,C), alk_groups(A,D), r_subst_3(B,F), ring_subst_4(B,E).
(r50) great_rsd(A,B) :- inv2(B,D,E,A,C,A,C), ring_substitutions(A,D), alk_groups(A,D).
(r51) great_rsd(A,B) :- r_subst_2(B,D), ring_subst_4(A,C), r_subst_2(B,E), r_subst_3(B,F).
(r52) great_rsd(A,B) :- inv1(B,E,B,D,F,B,C,E), alk_groups(A,D).
(r53) great_rsd(A,B) :- ring_subst_4(A,F), r_subst_2(A,E), r_subst_1(B,C), polar(F,D).
(r54) great_rsd(A,B) :- ring_subst_6(B,E), r_subst_3(A,D), flex(E,F), great_flex(F,C).
(r55) great_rsd(A,B) :- x_subst(B,F,E), h_doner(D,C), ring_subst_3(A,D), r_subst_3(B,F).
(r56) great_rsd(A,B) :- n_val(B,F), x_subst(A,C,E), polar(E,D), ring_substitutions(A,C).
(r57) great_rsd(A,B) :- r_subst_1(A,C), gt(E,D), alk_groups(B,E).
(r58) great_rsd(A,B) :- inv2(A,F,E,B,C,B,C), h_doner(C,D), ring_subst_4(A,E).
(r59) great_rsd(A,B) :- inv2(B,F,D,B,C,A,C), r_subst_2(A,E).
(r60) great_rsd(A,B) :- n_val(B,F), x_subst(A,F,C), h_doner(C,D), x_subst(A,E,C).
(r61) great_rsd(A,B) :- ring_substitutions(A,D), alk_groups(B,F), ring_subst_4(A,C), polar(C,E).
(r62) great_rsd(A,B) :- r_subst_3(B,D), ring_subst_2(A,C), ring_subst_4(B,F), ring_subst_4(B,E).
(r63) great_rsd(A,B) :- alk_groups(B,C), ring_subst_2(B,D), ring_subst_2(A,D), ring_subst_5(A,D).
(r64) great_rsd(A,B) :- x_subst(A,C,E), ring_subst_4(A,E), ring_subst_3(A,D), r_subst_3(B,C).
(r65) great_rsd(A,B) :- inv1(B,F,B,C,F,B,C,F), size(E,D), ring_subst_5(A,E).
(r66) great_rsd(A,B) :- ring_subst_2(A,C), ring_subst_5(B,C), alk_groups(B,D), n_val(B,E).
(r67) great_rsd(A,B) :- inv2(B,F,C,A,C,A,C), sigma(C,E), ring_substitutions(A,D).
(r68) great_rsd(A,B) :- r_subst_1(B,D), alk_groups(B,C), alk_groups(A,C).
(r69) great_rsd(A,B) :- inv2(A,E,C,B,D,B,D), ring_subst_5(A,C), ring_substitutions(A,F).
(r70) great_rsd(A,B) :- ring_substitutions(B,D), alk_groups(A,D), h_doner(C,E), ring_subst_3(B,C).
====================
