number of rules: 110
program size: 546
(r1) great(A,B) :- r_subst_3(B,C), r_subst_2(B,E), ring_subst_4(B,D), ring_subst_2(A,D).
(r2) great(A,B) :- ring_subst_2(B,E), ring_subst_3(B,E), ring_subst_3(A,C), pi_acceptor(C,D).
(r3) great(A,B) :- ring_subst_2(B,E), ring_subst_3(A,E), x_subst(A,D,F), h_doner(E,C).
(r4) great(A,B) :- r_subst_3(B,F), x_subst(A,E,D), r_subst_2(A,C), alk_groups(B,E).
(r5) great(A,B) :- x_subst(B,D,C), flex(C,E), r_subst_2(B,F), n_val(A,D).
(r6) great(A,B) :- ring_subst_4(B,F), r_subst_1(A,E), ring_substitutions(B,D), polar(F,C).
(r7) great(A,B) :- ring_subst_6(A,E), ring_subst_2(B,F), ring_subst_2(B,D), flex(D,C).
(r8) great(A,B) :- alk_groups(B,F), ring_subst_5(A,C), x_subst(A,D,C), h_acceptor(C,E).
(r9) great(A,B) :- gt(F,D), r_subst_3(A,F), gt(F,E), n_val(B,C).
(r10) great(A,B) :- polar(C,F), r_subst_1(B,E), ring_subst_3(B,C), n_val(A,D).
(r11) great(A,B) :- x_subst(B,D,C), ring_subst_6(B,C), r_subst_2(A,E), pi_acceptor(C,F).
(r12) great(A,B) :- n_val(A,C), sigma(F,E), ring_subst_6(B,F), gt(C,D).
(r13) great(A,B) :- alk_groups(B,C), ring_subst_4(B,F), polar(D,E), ring_subst_6(A,D).
(r14) great(A,B) :- r_subst_2(A,D), ring_subst_4(B,F), r_subst_3(B,C), h_doner(F,E).
(r15) great(A,B) :- ring_subst_4(B,D), polarisable(D,E), ring_subst_2(B,D), x_subst(A,C,F).
(r16) great(A,B) :- x_subst(A,D,E), ring_subst_5(B,C), ring_subst_2(B,C), ring_subst_3(B,F).
(r17) great(A,B) :- x_subst(B,C,E), h_doner(D,F), ring_subst_4(B,D), n_val(A,C).
(r18) great(A,B) :- ring_subst_4(B,E), ring_subst_2(A,C), ring_subst_5(A,F), flex(C,D).
(r19) great(A,B) :- ring_subst_2(B,E), pi_doner(E,F), ring_subst_6(A,C), ring_subst_4(A,D).
(r20) great(A,B) :- x_subst(A,F,D), x_subst(A,E,C), ring_subst_4(B,D), ring_subst_3(B,D).
(r21) great(A,B) :- ring_substitutions(B,C), x_subst(A,F,E), n_val(A,F), ring_substitutions(B,D).
(r22) great(A,B) :- ring_subst_2(B,E), ring_subst_5(B,C), x_subst(A,D,C), ring_subst_5(B,F).
(r23) great(A,B) :- n_val(A,D), n_val(A,C), alk_groups(B,E), x_subst(B,D,F).
(r24) great(A,B) :- ring_subst_6(B,C), ring_subst_6(B,F), polar(C,E), ring_subst_5(A,D).
(r25) great(A,B) :- x_subst(A,F,E), ring_subst_6(B,D), ring_subst_4(A,D), sigma(D,C).
(r26) great(A,B) :- ring_subst_6(B,E), flex(E,D), n_val(A,F), x_subst(A,F,C).
(r27) great(A,B) :- ring_subst_6(A,E), ring_subst_3(B,F), r_subst_3(A,D), x_subst(A,C,F).
(r28) great(A,B) :- ring_subst_2(B,C), flex(C,F), x_subst(A,E,D), ring_subst_4(A,D).
(r29) great(A,B) :- r_subst_1(B,C), ring_subst_4(A,F), x_subst(A,E,D), ring_subst_4(B,D).
(r30) great(A,B) :- ring_subst_5(A,C), alk_groups(A,D), ring_subst_5(B,F), r_subst_3(A,E).
(r31) great(A,B) :- x_subst(B,D,C), x_subst(B,F,C), gt(E,D), alk_groups(A,E).
(r32) great(A,B) :- ring_subst_3(B,C), ring_subst_4(A,C), size(C,D), ring_subst_5(A,C).
(r33) great(A,B) :- ring_subst_4(B,C), ring_subst_4(B,F), pi_doner(D,E), ring_subst_4(A,D).
(r34) great(A,B) :- ring_subst_4(B,C), x_subst(A,D,C), alk_groups(B,E), n_val(A,D).
(r35) great(A,B) :- ring_subst_5(A,E), n_val(B,F), r_subst_3(A,D), sigma(E,C).
(r36) great(A,B) :- ring_subst_4(B,C), r_subst_1(A,E), ring_subst_2(A,D), ring_subst_5(B,F).
(r37) great(A,B) :- x_subst(A,C,D), ring_subst_5(A,F), size(F,E), ring_subst_5(B,F).
(r38) great(A,B) :- gt(F,E), ring_substitutions(B,F), r_subst_3(A,D), r_subst_1(A,C).
(r39) great(A,B) :- alk_groups(A,C), gt(F,E), ring_subst_4(B,D), gt(C,F).
(r40) great(A,B) :- alk_groups(B,F), ring_subst_2(A,C), r_subst_1(A,E), ring_subst_6(B,D).
(r41) great(A,B) :- ring_subst_2(A,F), n_val(B,E), ring_subst_4(A,C), r_subst_3(A,D).
(r42) great(A,B) :- x_subst(B,D,C), ring_subst_4(A,C), polar(C,E), x_subst(A,F,C).
(r43) great(A,B) :- x_subst(B,D,C), ring_substitutions(B,F), x_subst(A,D,C), x_subst(B,E,C).
(r44) great(A,B) :- h_acceptor(F,D), h_doner(F,E), ring_subst_6(A,F), r_subst_1(B,C).
(r45) great(A,B) :- pi_doner(C,E), ring_subst_4(A,C), ring_subst_2(B,D), pi_doner(D,F).
(r46) great(A,B) :- x_subst(B,F,C), x_subst(A,F,E), ring_subst_3(B,D), ring_subst_6(B,D).
(r47) great(A,B) :- ring_subst_3(A,E), r_subst_1(B,D), r_subst_2(B,C), x_subst(B,F,E).
(r48) great(A,B) :- h_acceptor(E,F), alk_groups(B,D), x_subst(A,C,E), ring_substitutions(A,C).
(r49) great(A,B) :- ring_subst_5(A,E), ring_subst_3(B,C), ring_subst_4(B,F), pi_acceptor(E,D).
(r50) great(A,B) :- x_subst(A,E,C), h_acceptor(D,F), ring_subst_6(B,D), ring_subst_5(A,D).
(r51) great(A,B) :- x_subst(B,E,D), ring_subst_6(B,F), ring_subst_6(A,C), ring_subst_3(B,D).
(r52) great(A,B) :- gt(C,D), x_subst(A,C,E), r_subst_2(B,F), n_val(A,D).
(r53) great(A,B) :- r_subst_3(B,C), ring_subst_3(B,F), polarisable(D,E), ring_subst_5(A,D).
(r54) great(A,B) :- alk_groups(A,F), n_val(A,C), ring_subst_5(B,E), ring_substitutions(A,D).
(r55) great(A,B) :- ring_subst_2(A,E), ring_subst_3(B,F), r_subst_1(B,C), flex(E,D).
(r56) great(A,B) :- h_doner(F,E), ring_subst_6(B,C), ring_subst_4(A,F), ring_subst_4(A,D).
(r57) great(A,B) :- x_subst(B,D,C), ring_subst_5(A,C), ring_subst_2(A,F), alk_groups(B,E).
(r58) great(A,B) :- ring_substitutions(B,C), ring_subst_3(A,E), r_subst_3(B,D), alk_groups(B,D).
(r59) great(A,B) :- ring_subst_2(A,E), ring_subst_6(A,F), x_subst(B,C,D), ring_subst_2(A,D).
(r60) great(A,B) :- alk_groups(B,F), ring_subst_6(B,C), x_subst(A,F,E), polarisable(E,D).
(r61) great(A,B) :- r_subst_1(B,C), ring_subst_6(A,F), alk_groups(A,D), alk_groups(A,E).
(r62) great(A,B) :- x_subst(B,C,E), n_val(B,C), ring_subst_5(A,F), ring_subst_3(A,D).
(r63) great(A,B) :- r_subst_3(B,C), flex(E,F), ring_subst_6(B,E), ring_subst_3(A,D).
(r64) great(A,B) :- r_subst_3(B,E), ring_subst_6(A,C), ring_subst_2(A,D), r_subst_1(A,F).
(r65) great(A,B) :- ring_subst_5(B,C), x_subst(B,D,E), polar(E,F), n_val(A,D).
(r66) great(A,B) :- x_subst(A,F,D), ring_subst_5(B,C), ring_subst_3(B,C), h_doner(C,E).
(r67) great(A,B) :- r_subst_3(B,C), x_subst(A,C,E), ring_subst_4(B,D), pi_doner(E,F).
(r68) great(A,B) :- x_subst(B,E,D), r_subst_3(A,F), n_val(A,C), alk_groups(A,E).
(r69) great(A,B) :- ring_subst_3(A,E), r_subst_2(B,C), ring_subst_3(A,F), sigma(E,D).
(r70) great(A,B) :- pi_acceptor(E,C), x_subst(A,F,E), ring_subst_5(B,E), ring_subst_3(A,D).
(r71) great(A,B) :- ring_subst_2(B,C), x_subst(A,D,C), r_subst_1(B,F), alk_groups(A,E).
(r72) great(A,B) :- x_subst(B,E,F), ring_subst_5(A,F), r_subst_1(A,C), ring_subst_4(B,D).
(r73) great(A,B) :- flex(C,D), ring_subst_2(A,E), ring_subst_6(B,C), h_acceptor(C,F).
(r74) great(A,B) :- ring_subst_2(A,F), x_subst(B,C,D), pi_doner(D,E).
(r75) great(A,B) :- ring_substitutions(B,E), ring_subst_3(B,F), ring_subst_5(A,F), x_subst(A,D,C).
(r76) great(A,B) :- x_subst(B,C,E), ring_subst_2(A,F), r_subst_1(A,D), ring_subst_5(B,F).
(r77) great(A,B) :- r_subst_1(A,D), alk_groups(B,F), ring_subst_4(B,C), n_val(B,E).
(r78) great(A,B) :- great_polari(D,E), ring_subst_6(B,C), ring_subst_5(A,F), polarisable(F,D).
(r79) great(A,B) :- gt(C,D), ring_subst_3(A,E), ring_subst_3(B,F), x_subst(B,C,F).
(r80) great(A,B) :- x_subst(A,E,D), size(F,C), ring_subst_3(A,D), ring_subst_5(B,F).
(r81) great(A,B) :- gt(E,D), ring_subst_6(B,C), x_subst(A,D,F), r_subst_3(A,E).
(r82) great(A,B) :- ring_subst_3(B,E), x_subst(B,D,C), ring_subst_2(A,C), ring_subst_6(A,F).
(r83) great(A,B) :- ring_substitutions(A,E), ring_subst_4(A,C), flex(F,D), ring_subst_6(B,F).
(r84) great(A,B) :- pi_acceptor(C,E), ring_subst_6(B,C), h_doner(C,D), x_subst(A,F,C).
(r85) great(A,B) :- r_subst_3(B,C), ring_subst_4(A,F), ring_subst_5(B,D), h_acceptor(F,E).
(r86) great(A,B) :- n_val(B,C), x_subst(A,F,E), alk_groups(B,D), n_val(A,D).
(r87) great(A,B) :- polar(D,E), ring_subst_4(B,C), ring_subst_5(A,F), ring_subst_2(B,D).
(r88) great(A,B) :- r_subst_2(B,E), x_subst(A,D,C), r_subst_1(B,F).
(r89) great(A,B) :- r_subst_1(A,D), alk_groups(A,C), ring_subst_3(B,F), ring_subst_4(A,E).
(r90) great(A,B) :- pi_acceptor(C,E), ring_subst_4(B,C), ring_subst_4(A,C), ring_subst_6(A,D).
(r91) great(A,B) :- ring_subst_5(A,E), alk_groups(B,D), pi_acceptor(E,C), r_subst_2(B,F).
(r92) great(A,B) :- flex(E,F), ring_subst_3(A,E), ring_subst_6(B,C), ring_subst_2(A,D).
(r93) great(A,B) :- ring_subst_2(B,E), x_subst(B,C,F), ring_subst_6(A,F), polar(E,D).
(r94) great(A,B) :- ring_subst_5(B,F), r_subst_3(A,D), x_subst(A,D,C), r_subst_3(A,E).
(r95) great(A,B) :- pi_acceptor(F,D), ring_subst_2(B,F), r_subst_1(B,C), r_subst_3(A,E).
(r96) great(A,B) :- ring_subst_4(B,E), ring_subst_3(A,E), r_subst_1(B,C), r_subst_1(B,D).
(r97) great(A,B) :- r_subst_3(B,C), x_subst(A,E,D), polarisable(D,F), alk_groups(A,E).
(r98) great(A,B) :- alk_groups(B,C), ring_subst_3(A,E), x_subst(B,F,D), ring_subst_4(A,E).
(r99) great(A,B) :- alk_groups(A,C), ring_subst_2(B,D), r_subst_3(B,E).
(r100) great(A,B) :- x_subst(A,C,D), ring_substitutions(A,F), ring_subst_5(B,E), ring_subst_2(A,D).
(r101) great(A,B) :- x_subst(A,D,E), ring_subst_2(B,C), ring_subst_3(B,F), ring_subst_2(A,F).
(r102) great(A,B) :- r_subst_1(A,D), ring_subst_2(B,C), ring_subst_2(B,E), r_subst_1(B,D).
(r103) great(A,B) :- x_subst(B,E,D), r_subst_3(A,F), x_subst(B,E,C).
(r104) great(A,B) :- ring_subst_5(A,C), r_subst_1(A,E), ring_subst_3(A,F), r_subst_1(B,D).
(r105) great(A,B) :- ring_substitutions(B,C), x_subst(A,F,E), x_subst(B,D,E), gt(D,F).
(r106) great(A,B) :- h_doner(F,C), ring_subst_5(A,F), ring_subst_5(B,D), size(D,E).
(r107) great(A,B) :- n_val(A,E), ring_subst_4(B,C), n_val(A,F), pi_acceptor(C,D).
(r108) great(A,B) :- ring_subst_4(B,F), x_subst(B,E,F), sigma(F,C), ring_subst_2(A,D).
(r109) great(A,B) :- r_subst_2(B,E), ring_subst_3(A,F), ring_substitutions(A,C), ring_subst_6(A,D).
(r110) great(A,B) :- sigma(D,E), n_val(A,C), x_subst(B,F,D), x_subst(B,C,D).
====================
MaxSAT solving... (3790 vars, 27228 hard, 1174 soft)
number of rules: 112
program size: 523
(inv1) inv1(X1,X2,X3,X4,X5,X6,X7,X8,X9,X10) :- ring_subst_3(X1,X2), ring_subst_3(X3,X4), x_subst(X5,X6,X7), x_subst(X8,X9,X10).
(inv2) inv2(X1,X2,X3,X4,X5,X6,X7) :- n_val(X1,X2), n_val(X3,X4), x_subst(X5,X6,X7).
(r1) great(A,B) :- r_subst_3(B,C), r_subst_2(B,E), ring_subst_4(B,D), ring_subst_2(A,D).
(r2) great(A,B) :- ring_subst_2(B,E), ring_subst_3(B,E), ring_subst_3(A,C), pi_acceptor(C,D).
(r3) great(A,B) :- inv1(A,E,A,E,A,D,F,A,D,F), ring_subst_2(B,E), h_doner(E,C).
(r4) great(A,B) :- r_subst_3(B,F), x_subst(A,E,D), r_subst_2(A,C), alk_groups(B,E).
(r5) great(A,B) :- inv2(A,D,A,D,B,D,C), flex(C,E), r_subst_2(B,F).
(r6) great(A,B) :- ring_subst_4(B,F), r_subst_1(A,E), ring_substitutions(B,D), polar(F,C).
(r7) great(A,B) :- ring_subst_6(A,E), ring_subst_2(B,F), ring_subst_2(B,D), flex(D,C).
(r8) great(A,B) :- alk_groups(B,F), ring_subst_5(A,C), x_subst(A,D,C), h_acceptor(C,E).
(r9) great(A,B) :- gt(F,D), r_subst_3(A,F), gt(F,E), n_val(B,C).
(r10) great(A,B) :- polar(C,F), r_subst_1(B,E), ring_subst_3(B,C), n_val(A,D).
(r11) great(A,B) :- x_subst(B,D,C), ring_subst_6(B,C), r_subst_2(A,E), pi_acceptor(C,F).
(r12) great(A,B) :- n_val(A,C), sigma(F,E), ring_subst_6(B,F), gt(C,D).
(r13) great(A,B) :- alk_groups(B,C), ring_subst_4(B,F), polar(D,E), ring_subst_6(A,D).
(r14) great(A,B) :- r_subst_2(A,D), ring_subst_4(B,F), r_subst_3(B,C), h_doner(F,E).
(r15) great(A,B) :- ring_subst_4(B,D), polarisable(D,E), ring_subst_2(B,D), x_subst(A,C,F).
(r16) great(A,B) :- inv1(B,F,B,F,A,D,E,A,D,E), ring_subst_5(B,C), ring_subst_2(B,C).
(r17) great(A,B) :- inv2(A,C,A,C,B,C,E), h_doner(D,F), ring_subst_4(B,D).
(r18) great(A,B) :- ring_subst_4(B,E), ring_subst_2(A,C), ring_subst_5(A,F), flex(C,D).
(r19) great(A,B) :- ring_subst_2(B,E), pi_doner(E,F), ring_subst_6(A,C), ring_subst_4(A,D).
(r20) great(A,B) :- inv1(B,D,B,D,A,F,D,A,E,C), ring_subst_4(B,D).
(r21) great(A,B) :- inv2(A,F,A,F,A,F,E), ring_substitutions(B,C), ring_substitutions(B,D).
(r22) great(A,B) :- ring_subst_2(B,E), ring_subst_5(B,C), x_subst(A,D,C), ring_subst_5(B,F).
(r23) great(A,B) :- inv2(A,D,A,C,B,D,F), alk_groups(B,E).
(r24) great(A,B) :- ring_subst_6(B,C), ring_subst_6(B,F), polar(C,E), ring_subst_5(A,D).
(r25) great(A,B) :- x_subst(A,F,E), ring_subst_6(B,D), ring_subst_4(A,D), sigma(D,C).
(r26) great(A,B) :- inv2(A,F,A,F,A,F,C), ring_subst_6(B,E), flex(E,D).
(r27) great(A,B) :- inv1(B,F,B,F,A,C,F,A,C,F), ring_subst_6(A,E), r_subst_3(A,D).
(r28) great(A,B) :- ring_subst_2(B,C), flex(C,F), x_subst(A,E,D), ring_subst_4(A,D).
(r29) great(A,B) :- r_subst_1(B,C), ring_subst_4(A,F), x_subst(A,E,D), ring_subst_4(B,D).
(r30) great(A,B) :- ring_subst_5(A,C), alk_groups(A,D), ring_subst_5(B,F), r_subst_3(A,E).
(r31) great(A,B) :- x_subst(B,D,C), x_subst(B,F,C), gt(E,D), alk_groups(A,E).
(r32) great(A,B) :- ring_subst_3(B,C), ring_subst_4(A,C), size(C,D), ring_subst_5(A,C).
(r33) great(A,B) :- ring_subst_4(B,C), ring_subst_4(B,F), pi_doner(D,E), ring_subst_4(A,D).
(r34) great(A,B) :- inv2(A,D,A,D,A,D,C), ring_subst_4(B,C), alk_groups(B,E).
(r35) great(A,B) :- ring_subst_5(A,E), n_val(B,F), r_subst_3(A,D), sigma(E,C).
(r36) great(A,B) :- ring_subst_4(B,C), r_subst_1(A,E), ring_subst_2(A,D), ring_subst_5(B,F).
(r37) great(A,B) :- x_subst(A,C,D), ring_subst_5(A,F), size(F,E), ring_subst_5(B,F).
(r38) great(A,B) :- gt(F,E), ring_substitutions(B,F), r_subst_3(A,D), r_subst_1(A,C).
(r39) great(A,B) :- alk_groups(A,C), gt(F,E), ring_subst_4(B,D), gt(C,F).
(r40) great(A,B) :- alk_groups(B,F), ring_subst_2(A,C), r_subst_1(A,E), ring_subst_6(B,D).
(r41) great(A,B) :- ring_subst_2(A,F), n_val(B,E), ring_subst_4(A,C), r_subst_3(A,D).
(r42) great(A,B) :- x_subst(B,D,C), ring_subst_4(A,C), polar(C,E), x_subst(A,F,C).
(r43) great(A,B) :- x_subst(B,D,C), ring_substitutions(B,F), x_subst(A,D,C), x_subst(B,E,C).
(r44) great(A,B) :- h_acceptor(F,D), h_doner(F,E), ring_subst_6(A,F), r_subst_1(B,C).
(r45) great(A,B) :- pi_doner(C,E), ring_subst_4(A,C), ring_subst_2(B,D), pi_doner(D,F).
(r46) great(A,B) :- inv1(B,D,B,D,B,F,C,A,F,E), ring_subst_6(B,D).
(r47) great(A,B) :- inv1(A,E,A,E,B,F,E,B,F,E), r_subst_1(B,D), r_subst_2(B,C).
(r48) great(A,B) :- h_acceptor(E,F), alk_groups(B,D), x_subst(A,C,E), ring_substitutions(A,C).
(r49) great(A,B) :- ring_subst_5(A,E), ring_subst_3(B,C), ring_subst_4(B,F), pi_acceptor(E,D).
(r50) great(A,B) :- x_subst(A,E,C), h_acceptor(D,F), ring_subst_6(B,D), ring_subst_5(A,D).
(r51) great(A,B) :- inv1(B,D,B,D,B,E,D,B,E,D), ring_subst_6(B,F), ring_subst_6(A,C).
(r52) great(A,B) :- inv2(A,D,A,D,A,C,E), gt(C,D), r_subst_2(B,F).
(r53) great(A,B) :- r_subst_3(B,C), ring_subst_3(B,F), polarisable(D,E), ring_subst_5(A,D).
(r54) great(A,B) :- alk_groups(A,F), n_val(A,C), ring_subst_5(B,E), ring_substitutions(A,D).
(r55) great(A,B) :- ring_subst_2(A,E), ring_subst_3(B,F), r_subst_1(B,C), flex(E,D).
(r56) great(A,B) :- h_doner(F,E), ring_subst_6(B,C), ring_subst_4(A,F), ring_subst_4(A,D).
(r57) great(A,B) :- x_subst(B,D,C), ring_subst_5(A,C), ring_subst_2(A,F), alk_groups(B,E).
(r58) great(A,B) :- ring_substitutions(B,C), ring_subst_3(A,E), r_subst_3(B,D), alk_groups(B,D).
(r59) great(A,B) :- ring_subst_2(A,E), ring_subst_6(A,F), x_subst(B,C,D), ring_subst_2(A,D).
(r60) great(A,B) :- alk_groups(B,F), ring_subst_6(B,C), x_subst(A,F,E), polarisable(E,D).
(r61) great(A,B) :- r_subst_1(B,C), ring_subst_6(A,F), alk_groups(A,D), alk_groups(A,E).
(r62) great(A,B) :- inv2(B,C,B,C,B,C,E), ring_subst_5(A,F), ring_subst_3(A,D).
(r63) great(A,B) :- r_subst_3(B,C), flex(E,F), ring_subst_6(B,E), ring_subst_3(A,D).
(r64) great(A,B) :- r_subst_3(B,E), ring_subst_6(A,C), ring_subst_2(A,D), r_subst_1(A,F).
(r65) great(A,B) :- inv2(A,D,A,D,B,D,E), ring_subst_5(B,C), polar(E,F).
(r66) great(A,B) :- inv1(B,C,B,C,A,F,D,A,F,D), ring_subst_5(B,C), h_doner(C,E).
(r67) great(A,B) :- r_subst_3(B,C), x_subst(A,C,E), ring_subst_4(B,D), pi_doner(E,F).
(r68) great(A,B) :- inv2(A,C,A,C,B,E,D), r_subst_3(A,F), alk_groups(A,E).
(r69) great(A,B) :- ring_subst_3(A,E), r_subst_2(B,C), ring_subst_3(A,F), sigma(E,D).
(r70) great(A,B) :- inv1(A,D,A,D,A,F,E,A,F,E), pi_acceptor(E,C), ring_subst_5(B,E).
(r71) great(A,B) :- ring_subst_2(B,C), x_subst(A,D,C), r_subst_1(B,F), alk_groups(A,E).
(r72) great(A,B) :- x_subst(B,E,F), ring_subst_5(A,F), r_subst_1(A,C), ring_subst_4(B,D).
(r73) great(A,B) :- flex(C,D), ring_subst_2(A,E), ring_subst_6(B,C), h_acceptor(C,F).
(r74) great(A,B) :- ring_subst_2(A,F), x_subst(B,C,D), pi_doner(D,E).
(r75) great(A,B) :- inv1(B,F,B,F,A,D,C,A,D,C), ring_substitutions(B,E), ring_subst_5(A,F).
(r76) great(A,B) :- x_subst(B,C,E), ring_subst_2(A,F), r_subst_1(A,D), ring_subst_5(B,F).
(r77) great(A,B) :- r_subst_1(A,D), alk_groups(B,F), ring_subst_4(B,C), n_val(B,E).
(r78) great(A,B) :- great_polari(D,E), ring_subst_6(B,C), ring_subst_5(A,F), polarisable(F,D).
(r79) great(A,B) :- inv1(A,E,B,F,B,C,F,B,C,F), gt(C,D).
(r80) great(A,B) :- inv1(A,D,A,D,A,E,D,A,E,D), size(F,C), ring_subst_5(B,F).
(r81) great(A,B) :- gt(E,D), ring_subst_6(B,C), x_subst(A,D,F), r_subst_3(A,E).
(r82) great(A,B) :- inv1(B,E,B,E,B,D,C,B,D,C), ring_subst_2(A,C), ring_subst_6(A,F).
(r83) great(A,B) :- ring_substitutions(A,E), ring_subst_4(A,C), flex(F,D), ring_subst_6(B,F).
(r84) great(A,B) :- pi_acceptor(C,E), ring_subst_6(B,C), h_doner(C,D), x_subst(A,F,C).
(r85) great(A,B) :- r_subst_3(B,C), ring_subst_4(A,F), ring_subst_5(B,D), h_acceptor(F,E).
(r86) great(A,B) :- inv2(B,C,A,D,A,F,E), alk_groups(B,D).
(r87) great(A,B) :- polar(D,E), ring_subst_4(B,C), ring_subst_5(A,F), ring_subst_2(B,D).
(r88) great(A,B) :- r_subst_2(B,E), x_subst(A,D,C), r_subst_1(B,F).
(r89) great(A,B) :- r_subst_1(A,D), alk_groups(A,C), ring_subst_3(B,F), ring_subst_4(A,E).
(r90) great(A,B) :- pi_acceptor(C,E), ring_subst_4(B,C), ring_subst_4(A,C), ring_subst_6(A,D).
(r91) great(A,B) :- ring_subst_5(A,E), alk_groups(B,D), pi_acceptor(E,C), r_subst_2(B,F).
(r92) great(A,B) :- flex(E,F), ring_subst_3(A,E), ring_subst_6(B,C), ring_subst_2(A,D).
(r93) great(A,B) :- ring_subst_2(B,E), x_subst(B,C,F), ring_subst_6(A,F), polar(E,D).
(r94) great(A,B) :- ring_subst_5(B,F), r_subst_3(A,D), x_subst(A,D,C), r_subst_3(A,E).
(r95) great(A,B) :- pi_acceptor(F,D), ring_subst_2(B,F), r_subst_1(B,C), r_subst_3(A,E).
(r96) great(A,B) :- ring_subst_4(B,E), ring_subst_3(A,E), r_subst_1(B,C), r_subst_1(B,D).
(r97) great(A,B) :- r_subst_3(B,C), x_subst(A,E,D), polarisable(D,F), alk_groups(A,E).
(r98) great(A,B) :- inv1(A,E,A,E,B,F,D,B,F,D), alk_groups(B,C), ring_subst_4(A,E).
(r99) great(A,B) :- alk_groups(A,C), ring_subst_2(B,D), r_subst_3(B,E).
(r100) great(A,B) :- x_subst(A,C,D), ring_substitutions(A,F), ring_subst_5(B,E), ring_subst_2(A,D).
(r101) great(A,B) :- inv1(B,F,B,F,A,D,E,A,D,E), ring_subst_2(B,C), ring_subst_2(A,F).
(r102) great(A,B) :- r_subst_1(A,D), ring_subst_2(B,C), ring_subst_2(B,E), r_subst_1(B,D).
(r103) great(A,B) :- x_subst(B,E,D), r_subst_3(A,F), x_subst(B,E,C).
(r104) great(A,B) :- ring_subst_5(A,C), r_subst_1(A,E), ring_subst_3(A,F), r_subst_1(B,D).
(r105) great(A,B) :- ring_substitutions(B,C), x_subst(A,F,E), x_subst(B,D,E), gt(D,F).
(r106) great(A,B) :- h_doner(F,C), ring_subst_5(A,F), ring_subst_5(B,D), size(D,E).
(r107) great(A,B) :- n_val(A,E), ring_subst_4(B,C), n_val(A,F), pi_acceptor(C,D).
(r108) great(A,B) :- ring_subst_4(B,F), x_subst(B,E,F), sigma(F,C), ring_subst_2(A,D).
(r109) great(A,B) :- r_subst_2(B,E), ring_subst_3(A,F), ring_substitutions(A,C), ring_subst_6(A,D).
(r110) great(A,B) :- inv2(A,C,A,C,B,F,D), sigma(D,E), x_subst(B,C,D).
====================
