number of rules: 120
program size: 597
(r1) great(A,B) :- r_subst_3(B,F), x_subst(A,E,D), ring_subst_5(A,D), pi_doner(D,C).
(r2) great(A,B) :- ring_subst_6(A,E), ring_subst_2(A,F), ring_subst_2(B,D), pi_doner(D,C).
(r3) great(A,B) :- ring_subst_2(B,E), ring_subst_2(A,F), r_subst_2(A,C), ring_subst_6(A,D).
(r4) great(A,B) :- r_subst_3(A,C), alk_groups(A,C), n_val(B,E), ring_subst_6(B,D).
(r5) great(A,B) :- gt(C,D), r_subst_3(B,F), gt(C,E), ring_substitutions(A,C).
(r6) great(A,B) :- ring_subst_4(B,C), flex(C,E), r_subst_1(B,F), n_val(A,D).
(r7) great(A,B) :- ring_subst_3(B,E), ring_subst_6(A,C), ring_subst_3(B,D), h_acceptor(E,F).
(r8) great(A,B) :- ring_subst_6(B,E), x_subst(A,C,D), ring_subst_5(B,E), r_subst_3(B,F).
(r9) great(A,B) :- ring_subst_5(A,E), ring_subst_3(B,C), r_subst_3(A,D), r_subst_1(A,F).
(r10) great(A,B) :- x_subst(A,E,C), ring_subst_2(A,C), ring_subst_2(A,F), x_subst(B,D,F).
(r11) great(A,B) :- x_subst(B,C,E), x_subst(A,F,E), ring_subst_2(B,E), ring_subst_4(B,D).
(r12) great(A,B) :- ring_subst_2(A,E), r_subst_3(A,F), ring_subst_3(B,C), ring_subst_6(A,D).
(r13) great(A,B) :- x_subst(A,F,D), gt(E,C), n_val(B,F), r_subst_3(B,E).
(r14) great(A,B) :- r_subst_2(A,E), r_subst_1(B,C), r_subst_2(B,D).
(r15) great(A,B) :- ring_subst_3(A,E), ring_subst_2(A,C), ring_subst_5(B,F), x_subst(B,D,F).
(r16) great(A,B) :- n_val(B,E), ring_subst_3(B,C), ring_subst_2(A,C), ring_substitutions(B,D).
(r17) great(A,B) :- r_subst_2(A,D), r_subst_3(B,F), polarisable(E,C), ring_subst_4(A,E).
(r18) great(A,B) :- ring_subst_3(B,E), ring_subst_4(A,C), r_subst_3(B,D), ring_subst_6(A,C).
(r19) great(A,B) :- ring_subst_3(A,E), ring_subst_3(B,C), polarisable(E,D), ring_subst_5(A,F).
(r20) great(A,B) :- flex(E,F), x_subst(B,D,C), ring_subst_6(A,E), ring_substitutions(B,D).
(r21) great(A,B) :- ring_subst_3(B,E), ring_subst_2(A,C), r_subst_3(A,D), r_subst_2(A,F).
(r22) great(A,B) :- x_subst(A,F,D), ring_subst_3(A,E), ring_subst_5(B,C), x_subst(B,F,E).
(r23) great(A,B) :- r_subst_3(B,C), n_val(B,D), x_subst(B,D,E), n_val(A,F).
(r24) great(A,B) :- ring_subst_2(B,D), ring_subst_5(A,F), x_subst(A,E,D), r_subst_1(A,C).
(r25) great(A,B) :- ring_subst_5(A,E), flex(E,C), ring_subst_2(B,F), h_doner(F,D).
(r26) great(A,B) :- great_h_acc(E,F), ring_subst_2(A,C), ring_substitutions(B,D), h_acceptor(C,E).
(r27) great(A,B) :- ring_subst_3(A,C), ring_subst_3(B,E), x_subst(A,D,F), ring_subst_6(B,C).
(r28) great(A,B) :- ring_subst_5(A,E), alk_groups(B,F), ring_subst_4(A,C), ring_substitutions(B,D).
(r29) great(A,B) :- ring_subst_3(A,E), ring_subst_6(B,C), x_subst(A,D,F), ring_subst_4(A,F).
(r30) great(A,B) :- polarisable(D,C), ring_subst_2(B,D), r_subst_3(B,E), x_subst(A,E,F).
(r31) great(A,B) :- x_subst(B,E,D), n_val(A,F), x_subst(B,C,D), ring_subst_3(A,D).
(r32) great(A,B) :- r_subst_3(B,F), ring_subst_5(B,C), r_subst_3(A,D), h_acceptor(C,E).
(r33) great(A,B) :- polarisable(C,D), ring_subst_3(A,C), alk_groups(B,E), ring_subst_5(B,F).
(r34) great(A,B) :- ring_substitutions(B,E), ring_subst_6(B,C), ring_subst_2(A,F), x_subst(A,D,C).
(r35) great(A,B) :- ring_subst_6(B,C), ring_subst_3(A,C), r_subst_3(A,D), size(C,E).
(r36) great(A,B) :- ring_subst_5(A,E), r_subst_1(B,C), h_acceptor(E,D), size(E,F).
(r37) great(A,B) :- pi_acceptor(C,E), ring_subst_2(B,C), ring_subst_4(B,F), x_subst(A,D,C).
(r38) great(A,B) :- x_subst(A,F,D), ring_substitutions(A,E), ring_subst_2(B,C), x_subst(A,E,D).
(r39) great(A,B) :- h_doner(F,C), ring_subst_3(B,F), alk_groups(B,E), n_val(A,D).
(r40) great(A,B) :- n_val(B,C), x_subst(B,E,F), ring_subst_2(B,F), ring_subst_3(A,D).
(r41) great(A,B) :- r_subst_3(B,F), polarisable(D,C), r_subst_3(B,E), ring_subst_4(A,D).
(r42) great(A,B) :- ring_subst_6(B,C), ring_subst_2(B,C), ring_subst_2(A,C), h_acceptor(C,D).
(r43) great(A,B) :- x_subst(A,D,E), ring_substitutions(B,C), ring_substitutions(A,D), x_subst(A,C,F).
(r44) great(A,B) :- n_val(A,C), ring_subst_4(B,F), r_subst_2(A,E), h_doner(F,D).
(r45) great(A,B) :- ring_subst_3(B,E), n_val(B,F), polarisable(E,C), ring_subst_6(A,D).
(r46) great(A,B) :- alk_groups(B,C), r_subst_3(A,C), x_subst(B,D,E), ring_subst_5(A,E).
(r47) great(A,B) :- ring_subst_3(A,C), ring_subst_4(B,F), x_subst(A,D,F), x_subst(B,E,C).
(r48) great(A,B) :- r_subst_3(B,C), ring_subst_6(A,E), great_flex(F,D), flex(E,F).
(r49) great(A,B) :- ring_subst_3(B,E), ring_subst_6(B,C), x_subst(A,D,C), sigma(C,F).
(r50) great(A,B) :- sigma(E,F), ring_subst_5(B,E), h_doner(D,C), ring_subst_5(A,D).
(r51) great(A,B) :- ring_subst_4(B,E), ring_subst_4(B,F), r_subst_3(B,D), x_subst(A,D,C).
(r52) great(A,B) :- r_subst_3(B,F), x_subst(A,F,E), ring_substitutions(A,C), h_doner(E,D).
(r53) great(A,B) :- ring_subst_2(B,C), alk_groups(B,D), x_subst(A,D,C), alk_groups(B,E).
(r54) great(A,B) :- x_subst(A,C,D), ring_substitutions(B,C), h_doner(D,F), ring_subst_3(A,E).
(r55) great(A,B) :- flex(E,F), ring_subst_3(A,E), x_subst(B,D,E), sigma(E,C).
(r56) great(A,B) :- r_subst_3(A,C), r_subst_2(A,E), x_subst(B,F,D), x_subst(B,C,D).
(r57) great(A,B) :- n_val(B,E), x_subst(B,D,C), x_subst(B,F,C), alk_groups(A,F).
(r58) great(A,B) :- x_subst(B,C,E), x_subst(A,C,E), n_val(A,D).
(r59) great(A,B) :- r_subst_1(A,D), ring_subst_6(A,E), ring_subst_3(A,C), ring_subst_2(B,E).
(r60) great(A,B) :- x_subst(B,C,E), ring_subst_6(A,E), alk_groups(B,D), r_subst_1(B,F).
(r61) great(A,B) :- ring_subst_2(B,E), ring_subst_6(B,C), ring_subst_2(A,F), ring_subst_6(A,D).
(r62) great(A,B) :- ring_substitutions(B,E), ring_subst_6(B,C), alk_groups(A,D), n_val(A,F).
(r63) great(A,B) :- n_val(A,C), pi_acceptor(F,D), ring_subst_4(B,F), gt(C,E).
(r64) great(A,B) :- x_subst(B,D,C), alk_groups(A,F), ring_subst_2(A,C), ring_subst_5(A,E).
(r65) great(A,B) :- ring_subst_2(A,E), n_val(B,C), ring_subst_3(B,F), ring_subst_2(B,D).
(r66) great(A,B) :- alk_groups(A,F), ring_subst_5(B,E), ring_subst_2(B,D), h_acceptor(E,C).
(r67) great(A,B) :- n_val(B,F), x_subst(A,C,E), gt(F,C), ring_subst_5(A,D).
(r68) great(A,B) :- x_subst(B,C,E), ring_subst_2(B,F), ring_subst_2(A,F), ring_subst_6(A,D).
(r69) great(A,B) :- ring_subst_3(B,E), size(E,C), ring_subst_5(A,F), r_subst_2(B,D).
(r70) great(A,B) :- n_val(B,E), ring_substitutions(A,D), x_subst(A,D,C), r_subst_2(A,F).
(r71) great(A,B) :- ring_subst_5(B,C), alk_groups(B,D), ring_subst_4(A,F), ring_subst_5(B,E).
(r72) great(A,B) :- ring_subst_6(B,C), ring_substitutions(A,F), polarisable(C,E), n_val(A,D).
(r73) great(A,B) :- ring_subst_4(A,E), ring_subst_6(A,F), n_val(B,D), size(F,C).
(r74) great(A,B) :- ring_substitutions(A,E), ring_subst_5(B,C), r_subst_3(A,D), n_val(A,D).
(r75) great(A,B) :- ring_subst_4(A,E), pi_acceptor(E,C), size(E,F), r_subst_2(B,D).
(r76) great(A,B) :- ring_subst_3(B,C), ring_substitutions(A,F), alk_groups(B,E), ring_subst_3(A,D).
(r77) great(A,B) :- sigma(F,E), ring_subst_4(B,D), ring_subst_6(A,D), x_subst(A,C,F).
(r78) great(A,B) :- ring_subst_4(B,F), x_subst(A,D,F), n_val(A,E), gt(D,C).
(r79) great(A,B) :- pi_doner(F,C), n_val(A,E), ring_subst_3(A,D), ring_subst_5(B,F).
(r80) great(A,B) :- ring_subst_5(B,C), alk_groups(B,D), h_doner(C,F), r_subst_1(A,E).
(r81) great(A,B) :- x_subst(B,D,C), x_subst(A,D,F), r_subst_3(A,D), polarisable(F,E).
(r82) great(A,B) :- n_val(A,E), polarisable(F,D), ring_subst_3(B,F), r_subst_1(B,C).
(r83) great(A,B) :- gt(E,D), ring_subst_5(B,C), r_subst_3(A,D), r_subst_3(B,E).
(r84) great(A,B) :- r_subst_1(B,C), x_subst(A,E,D), r_subst_1(B,F), ring_substitutions(B,E).
(r85) great(A,B) :- ring_subst_2(A,E), ring_substitutions(B,C), pi_acceptor(E,F), sigma(E,D).
(r86) great(A,B) :- alk_groups(B,F), ring_subst_4(A,C), x_subst(A,F,E), ring_subst_6(A,D).
(r87) great(A,B) :- x_subst(B,D,C), x_subst(A,E,C), pi_doner(C,F), alk_groups(B,E).
(r88) great(A,B) :- ring_subst_3(B,E), great_polari(F,D), x_subst(A,C,E), polarisable(E,F).
(r89) great(A,B) :- ring_subst_6(A,C), r_subst_1(A,E), x_subst(A,D,C), ring_subst_2(B,F).
(r90) great(A,B) :- x_subst(A,C,D), ring_subst_4(B,D), ring_subst_3(B,D), alk_groups(B,E).
(r91) great(A,B) :- sigma(C,E), ring_subst_6(A,C), ring_subst_4(B,D), ring_subst_5(B,F).
(r92) great(A,B) :- ring_subst_3(A,E), ring_subst_3(B,C), ring_subst_5(B,E), ring_subst_3(B,D).
(r93) great(A,B) :- x_subst(A,F,D), flex(E,C), x_subst(A,F,E), ring_subst_4(B,E).
(r94) great(A,B) :- h_doner(F,E), n_val(B,C), ring_subst_3(A,F), ring_substitutions(A,D).
(r95) great(A,B) :- ring_subst_6(B,E), ring_subst_4(A,E), pi_doner(E,D), r_subst_2(B,C).
(r96) great(A,B) :- n_val(B,E), r_subst_3(B,F), n_val(B,C), r_subst_3(A,D).
(r97) great(A,B) :- ring_subst_2(B,E), polarisable(C,D), ring_subst_3(A,C), ring_subst_2(A,F).
(r98) great(A,B) :- ring_subst_3(B,E), ring_subst_4(A,E), ring_subst_4(A,C), ring_substitutions(A,D).
(r99) great(A,B) :- x_subst(A,F,D), alk_groups(B,F), h_doner(D,E), ring_substitutions(A,C).
(r100) great(A,B) :- polar(C,F), ring_subst_3(A,E), ring_subst_4(B,C), ring_subst_6(B,D).
(r101) great(A,B) :- ring_subst_2(B,E), ring_subst_3(B,F), ring_subst_6(A,C), n_val(A,D).
(r102) great(A,B) :- r_subst_3(B,C), ring_subst_2(A,E), pi_acceptor(E,F), polar(E,D).
(r103) great(A,B) :- ring_subst_3(B,F), alk_groups(B,D), pi_doner(F,E), ring_substitutions(A,C).
(r104) great(A,B) :- ring_subst_2(B,E), polar(E,D), ring_subst_3(A,F), sigma(E,C).
(r105) great(A,B) :- ring_subst_3(A,E), ring_subst_4(B,C), pi_acceptor(E,F), pi_acceptor(E,D).
(r106) great(A,B) :- ring_subst_5(A,E), h_doner(E,F), ring_subst_6(B,D), polarisable(D,C).
(r107) great(A,B) :- ring_subst_3(B,E), ring_subst_6(B,C), polar(E,D), ring_subst_3(A,F).
(r108) great(A,B) :- sigma(C,D), ring_substitutions(A,E), ring_subst_4(B,C).
(r109) great(A,B) :- n_val(B,E), x_subst(B,D,C), ring_substitutions(A,E), ring_subst_6(A,C).
(r110) great(A,B) :- gt(C,D), x_subst(A,F,E), ring_substitutions(B,F), gt(F,C).
(r111) great(A,B) :- ring_subst_2(B,D), ring_subst_5(A,E), ring_subst_5(A,F), r_subst_1(A,C).
(r112) great(A,B) :- ring_substitutions(A,E), ring_subst_6(B,C), ring_subst_5(A,F), ring_subst_5(B,D).
(r113) great(A,B) :- ring_subst_3(A,E), ring_subst_4(B,C), ring_subst_6(B,F), h_acceptor(F,D).
(r114) great(A,B) :- x_subst(A,E,C), gt(D,E), n_val(B,D), r_subst_1(B,F).
(r115) great(A,B) :- ring_subst_6(B,C), r_subst_3(A,F), ring_subst_5(B,D), ring_subst_6(B,E).
(r116) great(A,B) :- n_val(A,E), ring_subst_2(B,C), ring_subst_4(B,D), alk_groups(B,E).
(r117) great(A,B) :- r_subst_2(A,D), ring_subst_3(A,E), ring_subst_3(B,F), polar(F,C).
(r118) great(A,B) :- x_subst(A,F,D), r_subst_2(A,E), r_subst_2(B,C), ring_subst_6(A,D).
(r119) great(A,B) :- x_subst(A,E,C), ring_subst_4(B,C), ring_substitutions(A,D), h_acceptor(C,F).
(r120) great(A,B) :- ring_subst_3(A,E), h_doner(D,F), x_subst(B,C,D), ring_subst_4(A,D).
====================
MaxSAT solving... (4141 vars, 31573 hard, 1279 soft)
number of rules: 122
program size: 579
(inv1) inv1(X1,X2,X3,X4,X5,X6) :- x_subst(X1,X2,X3), x_subst(X4,X5,X6).
(inv2) inv2(X1,X2,X3,X4,X5,X6,X7,X8) :- x_subst(X1,X2,X3), x_subst(X4,X5,X6), ring_subst_3(X7,X8).
(r1) great(A,B) :- inv1(A,E,D,A,E,D), r_subst_3(B,F), ring_subst_5(A,D), pi_doner(D,C).
(r2) great(A,B) :- ring_subst_6(A,E), ring_subst_2(A,F), ring_subst_2(B,D), pi_doner(D,C).
(r3) great(A,B) :- ring_subst_2(B,E), ring_subst_2(A,F), r_subst_2(A,C), ring_subst_6(A,D).
(r4) great(A,B) :- r_subst_3(A,C), alk_groups(A,C), n_val(B,E), ring_subst_6(B,D).
(r5) great(A,B) :- gt(C,D), r_subst_3(B,F), gt(C,E), ring_substitutions(A,C).
(r6) great(A,B) :- ring_subst_4(B,C), flex(C,E), r_subst_1(B,F), n_val(A,D).
(r7) great(A,B) :- ring_subst_3(B,E), ring_subst_6(A,C), ring_subst_3(B,D), h_acceptor(E,F).
(r8) great(A,B) :- ring_subst_6(B,E), x_subst(A,C,D), ring_subst_5(B,E), r_subst_3(B,F).
(r9) great(A,B) :- ring_subst_5(A,E), ring_subst_3(B,C), r_subst_3(A,D), r_subst_1(A,F).
(r10) great(A,B) :- inv1(A,E,C,B,D,F), ring_subst_2(A,C), ring_subst_2(A,F).
(r11) great(A,B) :- inv1(B,C,E,A,F,E), ring_subst_2(B,E), ring_subst_4(B,D).
(r12) great(A,B) :- ring_subst_2(A,E), r_subst_3(A,F), ring_subst_3(B,C), ring_subst_6(A,D).
(r13) great(A,B) :- x_subst(A,F,D), gt(E,C), n_val(B,F), r_subst_3(B,E).
(r14) great(A,B) :- r_subst_2(A,E), r_subst_1(B,C), r_subst_2(B,D).
(r15) great(A,B) :- inv2(B,D,F,B,D,F,A,E), ring_subst_2(A,C), ring_subst_5(B,F).
(r16) great(A,B) :- n_val(B,E), ring_subst_3(B,C), ring_subst_2(A,C), ring_substitutions(B,D).
(r17) great(A,B) :- r_subst_2(A,D), r_subst_3(B,F), polarisable(E,C), ring_subst_4(A,E).
(r18) great(A,B) :- ring_subst_3(B,E), ring_subst_4(A,C), r_subst_3(B,D), ring_subst_6(A,C).
(r19) great(A,B) :- ring_subst_3(A,E), ring_subst_3(B,C), polarisable(E,D), ring_subst_5(A,F).
(r20) great(A,B) :- flex(E,F), x_subst(B,D,C), ring_subst_6(A,E), ring_substitutions(B,D).
(r21) great(A,B) :- ring_subst_3(B,E), ring_subst_2(A,C), r_subst_3(A,D), r_subst_2(A,F).
(r22) great(A,B) :- inv2(A,F,D,B,F,E,A,E), ring_subst_5(B,C).
(r23) great(A,B) :- inv1(B,D,E,B,D,E), r_subst_3(B,C), n_val(B,D), n_val(A,F).
(r24) great(A,B) :- ring_subst_2(B,D), ring_subst_5(A,F), x_subst(A,E,D), r_subst_1(A,C).
(r25) great(A,B) :- ring_subst_5(A,E), flex(E,C), ring_subst_2(B,F), h_doner(F,D).
(r26) great(A,B) :- great_h_acc(E,F), ring_subst_2(A,C), ring_substitutions(B,D), h_acceptor(C,E).
(r27) great(A,B) :- inv2(A,D,F,A,D,F,A,C), inv2(A,D,F,A,D,F,B,E), ring_subst_6(B,C).
(r28) great(A,B) :- ring_subst_5(A,E), alk_groups(B,F), ring_subst_4(A,C), ring_substitutions(B,D).
(r29) great(A,B) :- inv2(A,D,F,A,D,F,A,E), ring_subst_6(B,C), ring_subst_4(A,F).
(r30) great(A,B) :- inv1(A,E,F,A,E,F), polarisable(D,C), ring_subst_2(B,D), r_subst_3(B,E).
(r31) great(A,B) :- inv2(B,E,D,B,C,D,A,D), n_val(A,F).
(r32) great(A,B) :- r_subst_3(B,F), ring_subst_5(B,C), r_subst_3(A,D), h_acceptor(C,E).
(r33) great(A,B) :- polarisable(C,D), ring_subst_3(A,C), alk_groups(B,E), ring_subst_5(B,F).
(r34) great(A,B) :- ring_substitutions(B,E), ring_subst_6(B,C), ring_subst_2(A,F), x_subst(A,D,C).
(r35) great(A,B) :- ring_subst_6(B,C), ring_subst_3(A,C), r_subst_3(A,D), size(C,E).
(r36) great(A,B) :- ring_subst_5(A,E), r_subst_1(B,C), h_acceptor(E,D), size(E,F).
(r37) great(A,B) :- pi_acceptor(C,E), ring_subst_2(B,C), ring_subst_4(B,F), x_subst(A,D,C).
(r38) great(A,B) :- inv1(A,F,D,A,E,D), ring_substitutions(A,E), ring_subst_2(B,C).
(r39) great(A,B) :- h_doner(F,C), ring_subst_3(B,F), alk_groups(B,E), n_val(A,D).
(r40) great(A,B) :- inv2(B,E,F,B,E,F,A,D), n_val(B,C), ring_subst_2(B,F).
(r41) great(A,B) :- r_subst_3(B,F), polarisable(D,C), r_subst_3(B,E), ring_subst_4(A,D).
(r42) great(A,B) :- ring_subst_6(B,C), ring_subst_2(B,C), ring_subst_2(A,C), h_acceptor(C,D).
(r43) great(A,B) :- inv1(A,D,E,A,C,F), ring_substitutions(B,C), ring_substitutions(A,D).
(r44) great(A,B) :- n_val(A,C), ring_subst_4(B,F), r_subst_2(A,E), h_doner(F,D).
(r45) great(A,B) :- ring_subst_3(B,E), n_val(B,F), polarisable(E,C), ring_subst_6(A,D).
(r46) great(A,B) :- alk_groups(B,C), r_subst_3(A,C), x_subst(B,D,E), ring_subst_5(A,E).
(r47) great(A,B) :- inv2(A,D,F,B,E,C,A,C), ring_subst_4(B,F).
(r48) great(A,B) :- r_subst_3(B,C), ring_subst_6(A,E), great_flex(F,D), flex(E,F).
(r49) great(A,B) :- inv2(A,D,C,A,D,C,B,E), ring_subst_6(B,C), sigma(C,F).
(r50) great(A,B) :- sigma(E,F), ring_subst_5(B,E), h_doner(D,C), ring_subst_5(A,D).
(r51) great(A,B) :- ring_subst_4(B,E), ring_subst_4(B,F), r_subst_3(B,D), x_subst(A,D,C).
(r52) great(A,B) :- r_subst_3(B,F), x_subst(A,F,E), ring_substitutions(A,C), h_doner(E,D).
(r53) great(A,B) :- ring_subst_2(B,C), alk_groups(B,D), x_subst(A,D,C), alk_groups(B,E).
(r54) great(A,B) :- inv2(A,C,D,A,C,D,A,E), ring_substitutions(B,C), h_doner(D,F).
(r55) great(A,B) :- inv2(B,D,E,B,D,E,A,E), flex(E,F), sigma(E,C).
(r56) great(A,B) :- inv1(B,F,D,B,C,D), r_subst_3(A,C), r_subst_2(A,E).
(r57) great(A,B) :- inv1(B,D,C,B,F,C), n_val(B,E), alk_groups(A,F).
(r58) great(A,B) :- inv1(B,C,E,A,C,E), n_val(A,D).
(r59) great(A,B) :- r_subst_1(A,D), ring_subst_6(A,E), ring_subst_3(A,C), ring_subst_2(B,E).
(r60) great(A,B) :- x_subst(B,C,E), ring_subst_6(A,E), alk_groups(B,D), r_subst_1(B,F).
(r61) great(A,B) :- ring_subst_2(B,E), ring_subst_6(B,C), ring_subst_2(A,F), ring_subst_6(A,D).
(r62) great(A,B) :- ring_substitutions(B,E), ring_subst_6(B,C), alk_groups(A,D), n_val(A,F).
(r63) great(A,B) :- n_val(A,C), pi_acceptor(F,D), ring_subst_4(B,F), gt(C,E).
(r64) great(A,B) :- x_subst(B,D,C), alk_groups(A,F), ring_subst_2(A,C), ring_subst_5(A,E).
(r65) great(A,B) :- ring_subst_2(A,E), n_val(B,C), ring_subst_3(B,F), ring_subst_2(B,D).
(r66) great(A,B) :- alk_groups(A,F), ring_subst_5(B,E), ring_subst_2(B,D), h_acceptor(E,C).
(r67) great(A,B) :- n_val(B,F), x_subst(A,C,E), gt(F,C), ring_subst_5(A,D).
(r68) great(A,B) :- x_subst(B,C,E), ring_subst_2(B,F), ring_subst_2(A,F), ring_subst_6(A,D).
(r69) great(A,B) :- ring_subst_3(B,E), size(E,C), ring_subst_5(A,F), r_subst_2(B,D).
(r70) great(A,B) :- n_val(B,E), ring_substitutions(A,D), x_subst(A,D,C), r_subst_2(A,F).
(r71) great(A,B) :- ring_subst_5(B,C), alk_groups(B,D), ring_subst_4(A,F), ring_subst_5(B,E).
(r72) great(A,B) :- ring_subst_6(B,C), ring_substitutions(A,F), polarisable(C,E), n_val(A,D).
(r73) great(A,B) :- ring_subst_4(A,E), ring_subst_6(A,F), n_val(B,D), size(F,C).
(r74) great(A,B) :- ring_substitutions(A,E), ring_subst_5(B,C), r_subst_3(A,D), n_val(A,D).
(r75) great(A,B) :- ring_subst_4(A,E), pi_acceptor(E,C), size(E,F), r_subst_2(B,D).
(r76) great(A,B) :- ring_subst_3(B,C), ring_substitutions(A,F), alk_groups(B,E), ring_subst_3(A,D).
(r77) great(A,B) :- sigma(F,E), ring_subst_4(B,D), ring_subst_6(A,D), x_subst(A,C,F).
(r78) great(A,B) :- ring_subst_4(B,F), x_subst(A,D,F), n_val(A,E), gt(D,C).
(r79) great(A,B) :- pi_doner(F,C), n_val(A,E), ring_subst_3(A,D), ring_subst_5(B,F).
(r80) great(A,B) :- ring_subst_5(B,C), alk_groups(B,D), h_doner(C,F), r_subst_1(A,E).
(r81) great(A,B) :- inv1(B,D,C,A,D,F), r_subst_3(A,D), polarisable(F,E).
(r82) great(A,B) :- n_val(A,E), polarisable(F,D), ring_subst_3(B,F), r_subst_1(B,C).
(r83) great(A,B) :- gt(E,D), ring_subst_5(B,C), r_subst_3(A,D), r_subst_3(B,E).
(r84) great(A,B) :- r_subst_1(B,C), x_subst(A,E,D), r_subst_1(B,F), ring_substitutions(B,E).
(r85) great(A,B) :- ring_subst_2(A,E), ring_substitutions(B,C), pi_acceptor(E,F), sigma(E,D).
(r86) great(A,B) :- alk_groups(B,F), ring_subst_4(A,C), x_subst(A,F,E), ring_subst_6(A,D).
(r87) great(A,B) :- inv1(B,D,C,A,E,C), pi_doner(C,F), alk_groups(B,E).
(r88) great(A,B) :- inv2(A,C,E,A,C,E,B,E), great_polari(F,D), polarisable(E,F).
(r89) great(A,B) :- ring_subst_6(A,C), r_subst_1(A,E), x_subst(A,D,C), ring_subst_2(B,F).
(r90) great(A,B) :- x_subst(A,C,D), ring_subst_4(B,D), ring_subst_3(B,D), alk_groups(B,E).
(r91) great(A,B) :- sigma(C,E), ring_subst_6(A,C), ring_subst_4(B,D), ring_subst_5(B,F).
(r92) great(A,B) :- ring_subst_3(A,E), ring_subst_3(B,C), ring_subst_5(B,E), ring_subst_3(B,D).
(r93) great(A,B) :- inv1(A,F,D,A,F,E), flex(E,C), ring_subst_4(B,E).
(r94) great(A,B) :- h_doner(F,E), n_val(B,C), ring_subst_3(A,F), ring_substitutions(A,D).
(r95) great(A,B) :- ring_subst_6(B,E), ring_subst_4(A,E), pi_doner(E,D), r_subst_2(B,C).
(r96) great(A,B) :- n_val(B,E), r_subst_3(B,F), n_val(B,C), r_subst_3(A,D).
(r97) great(A,B) :- ring_subst_2(B,E), polarisable(C,D), ring_subst_3(A,C), ring_subst_2(A,F).
(r98) great(A,B) :- ring_subst_3(B,E), ring_subst_4(A,E), ring_subst_4(A,C), ring_substitutions(A,D).
(r99) great(A,B) :- x_subst(A,F,D), alk_groups(B,F), h_doner(D,E), ring_substitutions(A,C).
(r100) great(A,B) :- polar(C,F), ring_subst_3(A,E), ring_subst_4(B,C), ring_subst_6(B,D).
(r101) great(A,B) :- ring_subst_2(B,E), ring_subst_3(B,F), ring_subst_6(A,C), n_val(A,D).
(r102) great(A,B) :- r_subst_3(B,C), ring_subst_2(A,E), pi_acceptor(E,F), polar(E,D).
(r103) great(A,B) :- ring_subst_3(B,F), alk_groups(B,D), pi_doner(F,E), ring_substitutions(A,C).
(r104) great(A,B) :- ring_subst_2(B,E), polar(E,D), ring_subst_3(A,F), sigma(E,C).
(r105) great(A,B) :- ring_subst_3(A,E), ring_subst_4(B,C), pi_acceptor(E,F), pi_acceptor(E,D).
(r106) great(A,B) :- ring_subst_5(A,E), h_doner(E,F), ring_subst_6(B,D), polarisable(D,C).
(r107) great(A,B) :- ring_subst_3(B,E), ring_subst_6(B,C), polar(E,D), ring_subst_3(A,F).
(r108) great(A,B) :- sigma(C,D), ring_substitutions(A,E), ring_subst_4(B,C).
(r109) great(A,B) :- n_val(B,E), x_subst(B,D,C), ring_substitutions(A,E), ring_subst_6(A,C).
(r110) great(A,B) :- inv1(A,F,E,A,F,E), gt(C,D), ring_substitutions(B,F), gt(F,C).
(r111) great(A,B) :- ring_subst_2(B,D), ring_subst_5(A,E), ring_subst_5(A,F), r_subst_1(A,C).
(r112) great(A,B) :- ring_substitutions(A,E), ring_subst_6(B,C), ring_subst_5(A,F), ring_subst_5(B,D).
(r113) great(A,B) :- ring_subst_3(A,E), ring_subst_4(B,C), ring_subst_6(B,F), h_acceptor(F,D).
(r114) great(A,B) :- inv1(A,E,C,A,E,C), gt(D,E), n_val(B,D), r_subst_1(B,F).
(r115) great(A,B) :- ring_subst_6(B,C), r_subst_3(A,F), ring_subst_5(B,D), ring_subst_6(B,E).
(r116) great(A,B) :- n_val(A,E), ring_subst_2(B,C), ring_subst_4(B,D), alk_groups(B,E).
(r117) great(A,B) :- r_subst_2(A,D), ring_subst_3(A,E), ring_subst_3(B,F), polar(F,C).
(r118) great(A,B) :- x_subst(A,F,D), r_subst_2(A,E), r_subst_2(B,C), ring_subst_6(A,D).
(r119) great(A,B) :- inv1(A,E,C,A,E,C), ring_subst_4(B,C), ring_substitutions(A,D), h_acceptor(C,F).
(r120) great(A,B) :- inv2(B,C,D,B,C,D,A,E), h_doner(D,F), ring_subst_4(A,D).
====================
