number of rules: 50
program size: 249
(r1) great_rsd(A,B) :- x_subst(A,E,D), ring_subst_6(A,D), pi_doner(D,F), ring_subst_2(B,C).
(r2) great_rsd(A,B) :- n_val(A,C), x_subst(A,E,D), ring_substitutions(A,F), r_subst_3(B,F).
(r3) great_rsd(A,B) :- sigma(D,E), ring_subst_5(A,D), ring_subst_6(B,D), ring_subst_3(B,C).
(r4) great_rsd(A,B) :- ring_subst_2(B,E), x_subst(A,D,E), ring_subst_2(A,E), n_val(B,C).
(r5) great_rsd(A,B) :- ring_subst_6(B,C), r_subst_2(A,E), ring_subst_4(B,C), ring_subst_6(A,D).
(r6) great_rsd(A,B) :- size(D,E), size(D,C), ring_subst_4(B,F), ring_subst_5(A,D).
(r7) great_rsd(A,B) :- h_doner(F,C), ring_subst_3(A,F), ring_substitutions(B,E), pi_acceptor(F,D).
(r8) great_rsd(A,B) :- alk_groups(A,D), ring_subst_2(B,F), x_subst(B,D,E), pi_doner(F,C).
(r9) great_rsd(A,B) :- polarisable(E,D), x_subst(A,C,E), gt(C,F), n_val(B,F).
(r10) great_rsd(A,B) :- r_subst_3(B,D), ring_subst_3(A,E), r_subst_1(B,F), ring_subst_3(B,C).
(r11) great_rsd(A,B) :- ring_subst_3(A,F), ring_subst_2(A,D), ring_subst_2(A,E), ring_subst_2(B,C).
(r12) great_rsd(A,B) :- ring_subst_4(A,D), ring_subst_3(B,C), h_doner(D,E), r_subst_2(A,F).
(r13) great_rsd(A,B) :- ring_subst_3(A,F), alk_groups(A,C), n_val(B,E), polar(F,D).
(r14) great_rsd(A,B) :- polarisable(D,C), ring_subst_4(B,E), ring_subst_6(A,D).
(r15) great_rsd(A,B) :- x_subst(A,E,D), ring_subst_6(A,C), n_val(B,E), size(C,F).
(r16) great_rsd(A,B) :- ring_substitutions(A,D), ring_subst_3(B,E), ring_subst_3(A,E), ring_subst_2(B,C).
(r17) great_rsd(A,B) :- r_subst_1(B,C), ring_subst_3(A,E), x_subst(B,F,D), ring_subst_2(A,E).
(r18) great_rsd(A,B) :- x_subst(A,F,C), ring_subst_6(B,C), n_val(A,E), ring_subst_5(B,D).
(r19) great_rsd(A,B) :- flex(C,E), ring_subst_3(A,F), x_subst(A,D,C), ring_subst_2(B,F).
(r20) great_rsd(A,B) :- size(E,D), alk_groups(B,F), r_subst_2(A,C), ring_subst_4(B,E).
(r21) great_rsd(A,B) :- ring_subst_3(B,D), ring_substitutions(A,E), x_subst(B,C,D), alk_groups(B,F).
(r22) great_rsd(A,B) :- x_subst(B,C,D), ring_subst_2(B,D), pi_acceptor(D,F), ring_subst_5(A,E).
(r23) great_rsd(A,B) :- h_doner(F,D), ring_subst_4(B,F), ring_subst_2(B,E), r_subst_3(A,C).
(r24) great_rsd(A,B) :- ring_subst_3(B,D), r_subst_1(B,E), r_subst_1(A,E), ring_subst_2(B,C).
(r25) great_rsd(A,B) :- r_subst_3(A,D), ring_subst_3(A,F), r_subst_1(B,C), ring_subst_2(B,E).
(r26) great_rsd(A,B) :- ring_subst_3(A,F), x_subst(A,D,C), ring_subst_6(B,C), r_subst_2(A,E).
(r27) great_rsd(A,B) :- ring_subst_6(B,E), ring_subst_5(B,F), h_acceptor(F,D), ring_subst_6(A,C).
(r28) great_rsd(A,B) :- alk_groups(A,E), ring_subst_6(A,C), ring_subst_3(B,F), polar(C,D).
(r29) great_rsd(A,B) :- ring_subst_4(A,D), flex(C,F), size(C,E), ring_subst_2(B,C).
(r30) great_rsd(A,B) :- x_subst(A,D,F), polarisable(F,E), ring_subst_4(A,C), ring_subst_2(B,F).
(r31) great_rsd(A,B) :- ring_subst_2(A,F), h_acceptor(F,C), r_subst_1(B,E), ring_subst_6(A,D).
(r32) great_rsd(A,B) :- x_subst(B,F,E), ring_subst_2(B,E), x_subst(A,D,E), ring_subst_3(B,C).
(r33) great_rsd(A,B) :- r_subst_1(B,D), ring_subst_4(A,F), ring_subst_6(B,C), ring_subst_2(B,E).
(r34) great_rsd(A,B) :- ring_substitutions(A,E), ring_subst_3(B,D), alk_groups(A,F), r_subst_3(B,C).
(r35) great_rsd(A,B) :- ring_subst_3(A,C), ring_substitutions(A,D), ring_subst_6(B,C), ring_subst_6(A,C).
(r36) great_rsd(A,B) :- x_subst(A,C,E), x_subst(B,D,E), ring_subst_5(B,E), x_subst(A,D,E).
(r37) great_rsd(A,B) :- x_subst(A,F,E), ring_subst_2(A,D), ring_subst_4(B,C), ring_substitutions(B,F).
(r38) great_rsd(A,B) :- r_subst_1(B,D), n_val(B,C), r_subst_3(A,C), ring_substitutions(A,C).
(r39) great_rsd(A,B) :- ring_subst_2(A,C), r_subst_3(A,D), ring_subst_6(B,C), ring_subst_4(B,C).
(r40) great_rsd(A,B) :- sigma(E,F), flex(E,D), x_subst(B,C,E), ring_substitutions(A,C).
(r41) great_rsd(A,B) :- ring_subst_3(A,C), ring_subst_2(B,E), ring_subst_3(A,D), x_subst(A,F,D).
(r42) great_rsd(A,B) :- polar(E,F), great_polar(F,D), x_subst(B,C,E), ring_substitutions(A,C).
(r43) great_rsd(A,B) :- size(C,D), ring_subst_4(A,C), ring_subst_2(B,E), flex(C,F).
(r44) great_rsd(A,B) :- r_subst_1(B,D), ring_subst_4(A,C), ring_subst_4(A,E), ring_subst_2(B,C).
(r45) great_rsd(A,B) :- ring_subst_5(A,C), size(C,D), ring_subst_4(B,F), size(C,E).
(r46) great_rsd(A,B) :- ring_substitutions(B,C), n_val(A,D), x_subst(B,E,F), ring_subst_4(B,F).
(r47) great_rsd(A,B) :- ring_substitutions(A,D), r_subst_2(A,E), r_subst_2(B,F), ring_subst_6(A,C).
(r48) great_rsd(A,B) :- r_subst_3(B,D), ring_subst_2(B,F), r_subst_3(A,C), gt(D,E).
(r49) great_rsd(A,B) :- gt(C,D), r_subst_3(B,C), ring_subst_6(A,E), x_subst(B,D,E).
(r50) great_rsd(A,B) :- x_subst(A,C,E), ring_substitutions(B,F), alk_groups(B,D), ring_substitutions(A,C).
====================
MaxSAT solving... (1765 vars, 11613 hard, 571 soft)
number of rules: 52
program size: 238
(inv1) inv1(X1,X2,X3,X4,X5,X6,X7,X8) :- ring_subst_3(X1,X2), ring_subst_3(X3,X4), ring_subst_2(X5,X6), ring_subst_2(X7,X8).
(inv2) inv2(X1,X2,X3,X4,X5,X6) :- ring_subst_4(X1,X2), ring_subst_4(X3,X4), ring_subst_2(X5,X6).
(r1) great_rsd(A,B) :- x_subst(A,E,D), ring_subst_6(A,D), pi_doner(D,F), ring_subst_2(B,C).
(r2) great_rsd(A,B) :- n_val(A,C), x_subst(A,E,D), ring_substitutions(A,F), r_subst_3(B,F).
(r3) great_rsd(A,B) :- sigma(D,E), ring_subst_5(A,D), ring_subst_6(B,D), ring_subst_3(B,C).
(r4) great_rsd(A,B) :- ring_subst_2(B,E), x_subst(A,D,E), ring_subst_2(A,E), n_val(B,C).
(r5) great_rsd(A,B) :- ring_subst_6(B,C), r_subst_2(A,E), ring_subst_4(B,C), ring_subst_6(A,D).
(r6) great_rsd(A,B) :- size(D,E), size(D,C), ring_subst_4(B,F), ring_subst_5(A,D).
(r7) great_rsd(A,B) :- h_doner(F,C), ring_subst_3(A,F), ring_substitutions(B,E), pi_acceptor(F,D).
(r8) great_rsd(A,B) :- alk_groups(A,D), ring_subst_2(B,F), x_subst(B,D,E), pi_doner(F,C).
(r9) great_rsd(A,B) :- polarisable(E,D), x_subst(A,C,E), gt(C,F), n_val(B,F).
(r10) great_rsd(A,B) :- r_subst_3(B,D), ring_subst_3(A,E), r_subst_1(B,F), ring_subst_3(B,C).
(r11) great_rsd(A,B) :- inv1(A,F,A,F,A,D,A,E), ring_subst_2(B,C).
(r12) great_rsd(A,B) :- ring_subst_4(A,D), ring_subst_3(B,C), h_doner(D,E), r_subst_2(A,F).
(r13) great_rsd(A,B) :- ring_subst_3(A,F), alk_groups(A,C), n_val(B,E), polar(F,D).
(r14) great_rsd(A,B) :- polarisable(D,C), ring_subst_4(B,E), ring_subst_6(A,D).
(r15) great_rsd(A,B) :- x_subst(A,E,D), ring_subst_6(A,C), n_val(B,E), size(C,F).
(r16) great_rsd(A,B) :- inv1(B,E,A,E,B,C,B,C), ring_substitutions(A,D).
(r17) great_rsd(A,B) :- inv1(A,E,A,E,A,E,A,E), r_subst_1(B,C), x_subst(B,F,D).
(r18) great_rsd(A,B) :- x_subst(A,F,C), ring_subst_6(B,C), n_val(A,E), ring_subst_5(B,D).
(r19) great_rsd(A,B) :- inv1(A,F,A,F,B,F,B,F), flex(C,E), x_subst(A,D,C).
(r20) great_rsd(A,B) :- size(E,D), alk_groups(B,F), r_subst_2(A,C), ring_subst_4(B,E).
(r21) great_rsd(A,B) :- ring_subst_3(B,D), ring_substitutions(A,E), x_subst(B,C,D), alk_groups(B,F).
(r22) great_rsd(A,B) :- x_subst(B,C,D), ring_subst_2(B,D), pi_acceptor(D,F), ring_subst_5(A,E).
(r23) great_rsd(A,B) :- inv2(B,F,B,F,B,E), h_doner(F,D), r_subst_3(A,C).
(r24) great_rsd(A,B) :- inv1(B,D,B,D,B,C,B,C), r_subst_1(B,E), r_subst_1(A,E).
(r25) great_rsd(A,B) :- inv1(A,F,A,F,B,E,B,E), r_subst_3(A,D), r_subst_1(B,C).
(r26) great_rsd(A,B) :- ring_subst_3(A,F), x_subst(A,D,C), ring_subst_6(B,C), r_subst_2(A,E).
(r27) great_rsd(A,B) :- ring_subst_6(B,E), ring_subst_5(B,F), h_acceptor(F,D), ring_subst_6(A,C).
(r28) great_rsd(A,B) :- alk_groups(A,E), ring_subst_6(A,C), ring_subst_3(B,F), polar(C,D).
(r29) great_rsd(A,B) :- inv2(A,D,A,D,B,C), flex(C,F), size(C,E).
(r30) great_rsd(A,B) :- inv2(A,C,A,C,B,F), x_subst(A,D,F), polarisable(F,E).
(r31) great_rsd(A,B) :- ring_subst_2(A,F), h_acceptor(F,C), r_subst_1(B,E), ring_subst_6(A,D).
(r32) great_rsd(A,B) :- inv1(B,C,B,C,B,E,B,E), x_subst(B,F,E), x_subst(A,D,E).
(r33) great_rsd(A,B) :- inv2(A,F,A,F,B,E), r_subst_1(B,D), ring_subst_6(B,C).
(r34) great_rsd(A,B) :- ring_substitutions(A,E), ring_subst_3(B,D), alk_groups(A,F), r_subst_3(B,C).
(r35) great_rsd(A,B) :- ring_subst_3(A,C), ring_substitutions(A,D), ring_subst_6(B,C), ring_subst_6(A,C).
(r36) great_rsd(A,B) :- x_subst(A,C,E), x_subst(B,D,E), ring_subst_5(B,E), x_subst(A,D,E).
(r37) great_rsd(A,B) :- inv2(B,C,B,C,A,D), x_subst(A,F,E), ring_substitutions(B,F).
(r38) great_rsd(A,B) :- r_subst_1(B,D), n_val(B,C), r_subst_3(A,C), ring_substitutions(A,C).
(r39) great_rsd(A,B) :- inv2(B,C,B,C,A,C), r_subst_3(A,D), ring_subst_6(B,C).
(r40) great_rsd(A,B) :- sigma(E,F), flex(E,D), x_subst(B,C,E), ring_substitutions(A,C).
(r41) great_rsd(A,B) :- inv1(A,C,A,D,B,E,B,E), x_subst(A,F,D).
(r42) great_rsd(A,B) :- polar(E,F), great_polar(F,D), x_subst(B,C,E), ring_substitutions(A,C).
(r43) great_rsd(A,B) :- inv2(A,C,A,C,B,E), size(C,D), flex(C,F).
(r44) great_rsd(A,B) :- inv2(A,C,A,E,B,C), r_subst_1(B,D).
(r45) great_rsd(A,B) :- ring_subst_5(A,C), size(C,D), ring_subst_4(B,F), size(C,E).
(r46) great_rsd(A,B) :- ring_substitutions(B,C), n_val(A,D), x_subst(B,E,F), ring_subst_4(B,F).
(r47) great_rsd(A,B) :- ring_substitutions(A,D), r_subst_2(A,E), r_subst_2(B,F), ring_subst_6(A,C).
(r48) great_rsd(A,B) :- r_subst_3(B,D), ring_subst_2(B,F), r_subst_3(A,C), gt(D,E).
(r49) great_rsd(A,B) :- gt(C,D), r_subst_3(B,C), ring_subst_6(A,E), x_subst(B,D,E).
(r50) great_rsd(A,B) :- x_subst(A,C,E), ring_substitutions(B,F), alk_groups(B,D), ring_substitutions(A,C).
====================
