number of rules: 150
program size: 746
(r1) great_ne(A,B) :- ring_subst_3(A,D), ring_subst_3(B,C), ring_subst_3(A,C), r_subst_3(B,E).
(r2) great_ne(A,B) :- r_subst_3(A,E), pi_acceptor(C,F), x_subst(A,D,C), ring_subst_6(B,C).
(r3) great_ne(A,B) :- ring_subst_5(A,F), r_subst_2(B,E), flex(F,D), h_acceptor(F,C).
(r4) great_ne(A,B) :- pi_doner(F,C), r_subst_1(A,D), great_pi_don(C,E), ring_subst_2(B,F).
(r5) great_ne(A,B) :- h_acceptor(C,E), n_val(A,D), ring_subst_2(B,F), ring_subst_5(B,C).
(r6) great_ne(A,B) :- ring_substitutions(A,D), alk_groups(A,C), ring_subst_6(B,E), size(E,F).
(r7) great_ne(A,B) :- x_subst(B,E,D), ring_subst_6(B,D), flex(D,C), ring_subst_3(A,F).
(r8) great_ne(A,B) :- ring_subst_5(B,F), ring_subst_6(A,D), r_subst_2(B,E), flex(F,C).
(r9) great_ne(A,B) :- ring_subst_3(B,F), flex(F,C), polarisable(F,D), r_subst_2(A,E).
(r10) great_ne(A,B) :- ring_subst_5(A,F), r_subst_3(B,C), ring_subst_6(B,E), ring_subst_4(B,D).
(r11) great_ne(A,B) :- ring_subst_6(A,C), r_subst_3(B,F), polarisable(C,D), r_subst_1(A,E).
(r12) great_ne(A,B) :- alk_groups(B,D), ring_subst_3(B,E), ring_subst_5(A,C), polar(E,F).
(r13) great_ne(A,B) :- alk_groups(B,D), alk_groups(B,E), r_subst_2(A,C), r_subst_3(B,E).
(r14) great_ne(A,B) :- ring_subst_5(A,F), r_subst_3(A,C), ring_subst_3(B,D), h_acceptor(D,E).
(r15) great_ne(A,B) :- n_val(B,E), ring_subst_6(B,D), n_val(A,C).
(r16) great_ne(A,B) :- ring_substitutions(B,F), polarisable(E,C), ring_subst_3(A,E), flex(E,D).
(r17) great_ne(A,B) :- ring_subst_4(B,C), ring_subst_4(A,C), ring_subst_6(B,E), ring_subst_2(B,D).
(r18) great_ne(A,B) :- ring_subst_5(A,F), r_subst_1(A,D), sigma(F,E), alk_groups(B,C).
(r19) great_ne(A,B) :- alk_groups(A,C), gt(E,D), x_subst(B,E,F), ring_subst_2(A,F).
(r20) great_ne(A,B) :- ring_subst_6(A,D), ring_subst_3(B,C), ring_subst_5(B,E), polar(D,F).
(r21) great_ne(A,B) :- r_subst_3(B,C), sigma(F,E), ring_subst_3(B,F), x_subst(A,D,F).
(r22) great_ne(A,B) :- alk_groups(B,D), ring_subst_2(B,C), ring_substitutions(B,E), n_val(A,D).
(r23) great_ne(A,B) :- r_subst_3(B,F), size(E,D), r_subst_1(A,C), ring_subst_6(A,E).
(r24) great_ne(A,B) :- ring_subst_5(B,F), ring_substitutions(A,D), gt(D,E), pi_acceptor(F,C).
(r25) great_ne(A,B) :- ring_subst_6(B,F), pi_acceptor(E,C), ring_subst_4(A,E), pi_acceptor(E,D).
(r26) great_ne(A,B) :- x_subst(A,E,F), ring_subst_6(B,F), r_subst_2(B,D), ring_subst_2(B,C).
(r27) great_ne(A,B) :- alk_groups(B,D), alk_groups(B,E), ring_subst_2(A,C), h_doner(C,F).
(r28) great_ne(A,B) :- alk_groups(A,C), x_subst(B,F,E), r_subst_3(A,D), n_val(A,D).
(r29) great_ne(A,B) :- ring_subst_3(B,E), ring_subst_2(A,C), r_subst_3(A,D), ring_subst_4(B,E).
(r30) great_ne(A,B) :- ring_subst_5(A,F), ring_subst_3(B,C), pi_doner(F,D), pi_acceptor(C,E).
(r31) great_ne(A,B) :- alk_groups(B,D), ring_subst_2(B,E), size(E,C), ring_subst_6(A,F).
(r32) great_ne(A,B) :- x_subst(A,D,E), ring_subst_4(A,C), ring_subst_2(B,F), x_subst(A,D,C).
(r33) great_ne(A,B) :- r_subst_1(B,D), flex(E,F), alk_groups(A,C), ring_subst_5(A,E).
(r34) great_ne(A,B) :- alk_groups(B,D), h_acceptor(E,F), ring_subst_3(A,C), x_subst(B,D,E).
(r35) great_ne(A,B) :- ring_subst_6(A,C), r_subst_2(B,E), r_subst_3(B,D), gt(D,F).
(r36) great_ne(A,B) :- ring_subst_6(B,F), ring_substitutions(B,D), ring_subst_2(A,C), sigma(C,E).
(r37) great_ne(A,B) :- ring_subst_5(B,D), polar(D,E), x_subst(B,C,D), ring_subst_2(A,D).
(r38) great_ne(A,B) :- sigma(E,C), n_val(B,D), ring_subst_6(A,E), polarisable(E,F).
(r39) great_ne(A,B) :- ring_subst_3(A,C), x_subst(B,D,C), x_subst(A,D,F), sigma(F,E).
(r40) great_ne(A,B) :- pi_acceptor(C,D), ring_subst_3(B,C), ring_subst_3(A,F), polarisable(F,E).
(r41) great_ne(A,B) :- h_doner(F,E), ring_subst_3(B,C), ring_subst_3(A,F), n_val(B,D).
(r42) great_ne(A,B) :- ring_subst_5(A,C), ring_subst_4(A,E), h_acceptor(E,D), n_val(B,F).
(r43) great_ne(A,B) :- alk_groups(B,D), r_subst_3(A,C), gt(E,D), ring_substitutions(B,E).
(r44) great_ne(A,B) :- x_subst(B,D,C), ring_substitutions(B,E), ring_subst_2(B,F), alk_groups(A,D).
(r45) great_ne(A,B) :- x_subst(A,E,F), x_subst(A,D,F), alk_groups(A,E), ring_subst_6(B,C).
(r46) great_ne(A,B) :- ring_subst_3(B,E), x_subst(A,C,D), sigma(E,F), ring_subst_3(A,E).
(r47) great_ne(A,B) :- ring_subst_3(B,E), ring_subst_6(B,D), r_subst_1(B,C), ring_subst_3(A,F).
(r48) great_ne(A,B) :- ring_subst_4(B,E), ring_subst_4(A,E), flex(D,C), ring_subst_3(B,D).
(r49) great_ne(A,B) :- x_subst(B,C,E), gt(C,D), n_val(A,C), n_val(A,F).
(r50) great_ne(A,B) :- ring_subst_4(A,F), ring_subst_2(B,E), polar(F,C), alk_groups(A,D).
(r51) great_ne(A,B) :- ring_subst_6(A,D), alk_groups(B,E), ring_subst_4(B,C), ring_subst_4(A,D).
(r52) great_ne(A,B) :- ring_subst_4(A,E), polar(E,D), r_subst_2(B,F), sigma(E,C).
(r53) great_ne(A,B) :- x_subst(A,E,F), ring_subst_6(B,F), ring_subst_3(B,C), r_subst_3(B,D).
(r54) great_ne(A,B) :- ring_subst_6(A,C), h_acceptor(F,D), ring_subst_5(B,E), ring_subst_3(A,F).
(r55) great_ne(A,B) :- size(F,D), ring_subst_4(A,F), pi_doner(C,E), ring_subst_6(B,C).
(r56) great_ne(A,B) :- ring_subst_6(A,C), flex(E,F), sigma(C,D), ring_subst_5(B,E).
(r57) great_ne(A,B) :- ring_subst_4(A,E), x_subst(A,F,E), pi_acceptor(D,C), ring_subst_5(B,D).
(r58) great_ne(A,B) :- x_subst(A,E,C), ring_subst_5(B,C), alk_groups(B,F), ring_subst_3(A,D).
(r59) great_ne(A,B) :- pi_acceptor(C,D), h_acceptor(E,F), ring_subst_6(A,E), ring_subst_6(B,C).
(r60) great_ne(A,B) :- size(F,D), ring_subst_3(B,F), r_subst_1(B,C), ring_subst_5(A,E).
(r61) great_ne(A,B) :- x_subst(A,E,F), gt(E,C), ring_subst_3(B,F), ring_subst_3(A,D).
(r62) great_ne(A,B) :- x_subst(A,E,F), ring_subst_5(A,D), ring_subst_3(B,C), alk_groups(A,E).
(r63) great_ne(A,B) :- x_subst(B,C,E), r_subst_3(A,F), ring_subst_2(B,E), n_val(A,D).
(r64) great_ne(A,B) :- gt(E,D), r_subst_3(B,D), x_subst(A,F,C), ring_substitutions(A,E).
(r65) great_ne(A,B) :- pi_doner(E,C), ring_subst_4(A,E), ring_subst_6(A,D), ring_subst_3(B,D).
(r66) great_ne(A,B) :- r_subst_3(A,E), x_subst(B,D,C), n_val(B,F), ring_substitutions(B,E).
(r67) great_ne(A,B) :- alk_groups(B,D), ring_subst_5(A,F), polar(F,C), ring_substitutions(B,E).
(r68) great_ne(A,B) :- ring_subst_6(A,C), flex(C,F), r_subst_2(A,E), n_val(B,D).
(r69) great_ne(A,B) :- x_subst(A,C,F), ring_substitutions(B,D), n_val(B,C), ring_substitutions(A,E).
(r70) great_ne(A,B) :- n_val(B,E), r_subst_3(B,F), r_subst_3(A,C), ring_subst_5(A,D).
(r71) great_ne(A,B) :- r_subst_1(B,D), ring_subst_3(A,F), ring_substitutions(A,E), ring_substitutions(B,C).
(r72) great_ne(A,B) :- ring_subst_5(A,F), h_doner(F,E), n_val(B,C), h_doner(F,D).
(r73) great_ne(A,B) :- r_subst_3(B,E), ring_subst_2(A,D), x_subst(B,C,D), r_subst_1(A,F).
(r74) great_ne(A,B) :- ring_subst_4(B,F), r_subst_1(A,E), alk_groups(A,D), ring_subst_6(B,C).
(r75) great_ne(A,B) :- ring_subst_6(A,C), ring_subst_5(B,E), alk_groups(A,D).
(r76) great_ne(A,B) :- ring_subst_6(A,F), x_subst(B,D,C), ring_subst_6(B,E), x_subst(B,D,E).
(r77) great_ne(A,B) :- ring_subst_3(A,C), r_subst_3(B,D), x_subst(B,D,E), ring_subst_3(A,F).
(r78) great_ne(A,B) :- h_doner(E,D), ring_subst_2(A,C), ring_subst_5(B,E), ring_subst_6(A,E).
(r79) great_ne(A,B) :- ring_subst_4(A,C), ring_subst_3(B,C), x_subst(B,E,F), ring_subst_2(A,D).
(r80) great_ne(A,B) :- alk_groups(B,D), ring_subst_6(B,E), n_val(A,C), alk_groups(B,C).
(r81) great_ne(A,B) :- sigma(C,E), ring_subst_4(A,C), ring_subst_3(B,F), flex(C,D).
(r82) great_ne(A,B) :- ring_subst_5(A,C), ring_subst_2(B,F), flex(C,D), polarisable(C,E).
(r83) great_ne(A,B) :- ring_substitutions(A,F), ring_subst_4(B,E), x_subst(A,D,C).
(r84) great_ne(A,B) :- ring_substitutions(A,F), r_subst_2(B,E), ring_subst_2(A,C), ring_subst_4(B,D).
(r85) great_ne(A,B) :- sigma(E,D), x_subst(B,C,E), r_subst_3(A,C), pi_acceptor(E,F).
(r86) great_ne(A,B) :- polarisable(D,F), x_subst(A,E,C), ring_subst_6(B,D), ring_subst_2(A,D).
(r87) great_ne(A,B) :- ring_subst_6(A,C), ring_subst_3(B,E), ring_substitutions(A,D), ring_subst_2(A,F).
(r88) great_ne(A,B) :- gt(C,D), r_subst_3(B,F), r_subst_1(B,E), n_val(A,C).
(r89) great_ne(A,B) :- polarisable(C,E), ring_subst_3(B,C), ring_subst_3(A,C), ring_subst_2(B,D).
(r90) great_ne(A,B) :- x_subst(B,E,F), alk_groups(A,D), n_val(B,D), gt(E,C).
(r91) great_ne(A,B) :- ring_substitutions(B,F), ring_subst_3(A,E), ring_subst_6(B,D), x_subst(A,F,C).
(r92) great_ne(A,B) :- ring_subst_5(A,F), ring_subst_2(B,E), pi_acceptor(E,C), x_subst(A,D,F).
(r93) great_ne(A,B) :- n_val(A,D), ring_subst_2(A,E), ring_subst_3(B,F), ring_substitutions(B,C).
(r94) great_ne(A,B) :- n_val(A,C), great_h_don(F,E), h_doner(D,F), ring_subst_3(B,D).
(r95) great_ne(A,B) :- ring_subst_5(A,C), n_val(B,D), ring_subst_6(A,E), size(E,F).
(r96) great_ne(A,B) :- ring_subst_2(B,E), polarisable(E,D), ring_subst_4(A,C), ring_subst_6(A,F).
(r97) great_ne(A,B) :- x_subst(B,D,C), gt(D,F), pi_acceptor(C,E), alk_groups(A,F).
(r98) great_ne(A,B) :- r_subst_3(A,E), ring_substitutions(B,D), gt(D,E), gt(E,C).
(r99) great_ne(A,B) :- ring_subst_5(B,E), ring_subst_2(A,C), alk_groups(A,D), polarisable(E,F).
(r100) great_ne(A,B) :- r_subst_2(B,D), ring_subst_3(B,C), ring_subst_4(A,F), pi_acceptor(F,E).
(r101) great_ne(A,B) :- size(F,C), alk_groups(B,E), ring_subst_3(A,F), ring_subst_2(A,D).
(r102) great_ne(A,B) :- x_subst(A,D,E), ring_subst_2(B,F), x_subst(A,D,F), polar(F,C).
(r103) great_ne(A,B) :- x_subst(A,C,D), alk_groups(B,E), ring_subst_4(A,D), ring_substitutions(B,C).
(r104) great_ne(A,B) :- ring_subst_6(A,F), ring_subst_4(A,C), polar(D,E), ring_subst_2(B,D).
(r105) great_ne(A,B) :- pi_acceptor(D,F), x_subst(A,C,D), size(D,E), ring_substitutions(B,C).
(r106) great_ne(A,B) :- alk_groups(B,D), ring_subst_6(A,C), ring_substitutions(A,D), r_subst_1(A,E).
(r107) great_ne(A,B) :- r_subst_3(B,F), x_subst(B,F,C), gt(D,E), n_val(A,D).
(r108) great_ne(A,B) :- alk_groups(B,D), r_subst_1(B,E), r_subst_1(A,E), r_subst_2(B,C).
(r109) great_ne(A,B) :- r_subst_3(A,F), h_doner(C,D), ring_subst_2(B,C), r_subst_3(B,E).
(r110) great_ne(A,B) :- ring_substitutions(A,D), ring_subst_3(B,F), r_subst_1(A,C), ring_subst_6(A,E).
(r111) great_ne(A,B) :- gt(C,D), n_val(B,C), r_subst_3(B,D), x_subst(A,C,E).
(r112) great_ne(A,B) :- ring_substitutions(A,D), sigma(F,E), ring_subst_3(A,F), ring_substitutions(B,C).
(r113) great_ne(A,B) :- x_subst(B,C,F), x_subst(A,C,E), ring_subst_6(A,E), r_subst_3(A,D).
(r114) great_ne(A,B) :- alk_groups(B,D), h_doner(C,E), ring_subst_3(B,C), x_subst(A,D,C).
(r115) great_ne(A,B) :- ring_subst_4(A,E), ring_subst_3(A,E), x_subst(A,D,C), ring_subst_5(B,C).
(r116) great_ne(A,B) :- r_subst_1(B,D), alk_groups(A,E), ring_subst_3(A,F), pi_doner(F,C).
(r117) great_ne(A,B) :- x_subst(B,D,F), ring_subst_3(A,E), ring_subst_4(B,F), x_subst(A,C,E).
(r118) great_ne(A,B) :- polar(D,F), x_subst(A,C,D), ring_subst_6(B,E), x_subst(B,C,D).
(r119) great_ne(A,B) :- x_subst(A,E,F), alk_groups(A,C), ring_subst_3(B,D), x_subst(B,C,D).
(r120) great_ne(A,B) :- ring_subst_6(A,C), ring_subst_2(B,F), polarisable(D,E), ring_subst_4(A,D).
(r121) great_ne(A,B) :- ring_subst_2(B,E), ring_subst_6(A,D), ring_subst_2(A,F), ring_subst_6(B,C).
(r122) great_ne(A,B) :- ring_subst_6(A,F), alk_groups(A,C), pi_doner(F,D), ring_subst_5(B,E).
(r123) great_ne(A,B) :- ring_substitutions(B,F), ring_subst_4(A,E), x_subst(B,D,E), gt(F,C).
(r124) great_ne(A,B) :- x_subst(A,C,D), ring_subst_5(A,D), ring_subst_6(B,E), ring_subst_4(A,D).
(r125) great_ne(A,B) :- x_subst(B,D,F), ring_subst_4(B,E), ring_subst_4(A,E), ring_substitutions(B,C).
(r126) great_ne(A,B) :- x_subst(B,D,F), ring_subst_5(B,C), ring_substitutions(A,E), r_subst_3(B,E).
(r127) great_ne(A,B) :- ring_subst_4(A,E), n_val(B,C), pi_acceptor(E,D), alk_groups(B,C).
(r128) great_ne(A,B) :- alk_groups(B,D), ring_subst_3(B,C), ring_subst_2(A,C), r_subst_3(B,E).
(r129) great_ne(A,B) :- ring_subst_3(A,E), ring_subst_4(B,C), ring_subst_4(A,F), flex(E,D).
(r130) great_ne(A,B) :- r_subst_3(A,E), alk_groups(B,E), ring_subst_3(B,C), h_acceptor(C,D).
(r131) great_ne(A,B) :- pi_doner(C,F), x_subst(A,E,C), n_val(B,D).
(r132) great_ne(A,B) :- r_subst_2(B,D), x_subst(A,E,C), ring_subst_4(A,C), r_subst_1(A,F).
(r133) great_ne(A,B) :- ring_subst_2(A,E), h_doner(E,F), n_val(B,C), ring_subst_3(B,D).
(r134) great_ne(A,B) :- ring_subst_6(A,F), x_subst(A,E,C), r_subst_3(B,D), x_subst(A,D,C).
(r135) great_ne(A,B) :- ring_subst_3(B,E), x_subst(B,F,C), alk_groups(A,D), n_val(A,F).
(r136) great_ne(A,B) :- n_val(B,C), h_acceptor(F,E), ring_subst_3(A,F), ring_subst_2(A,D).
(r137) great_ne(A,B) :- ring_subst_6(A,F), ring_subst_2(B,C), polar(D,E), ring_subst_3(A,D).
(r138) great_ne(A,B) :- pi_doner(C,D), polar(C,E), x_subst(A,F,C), alk_groups(B,F).
(r139) great_ne(A,B) :- ring_subst_6(A,D), ring_subst_4(A,C), ring_subst_3(B,F), polarisable(D,E).
(r140) great_ne(A,B) :- n_val(B,F), r_subst_2(A,E), x_subst(A,D,C), alk_groups(B,F).
(r141) great_ne(A,B) :- polarisable(E,C), ring_subst_4(A,E), ring_subst_6(B,E), n_val(B,D).
(r142) great_ne(A,B) :- alk_groups(B,D), ring_subst_2(B,C), n_val(A,F), ring_substitutions(A,E).
(r143) great_ne(A,B) :- n_val(A,D), ring_subst_3(A,E), ring_subst_2(B,C), polar(E,F).
(r144) great_ne(A,B) :- x_subst(A,E,C), r_subst_3(B,D), x_subst(A,D,F), ring_subst_4(B,C).
(r145) great_ne(A,B) :- ring_subst_5(A,F), ring_subst_2(B,E), x_subst(B,D,E), ring_substitutions(B,C).
(r146) great_ne(A,B) :- x_subst(B,D,F), ring_subst_3(A,C), size(C,E), ring_subst_6(B,C).
(r147) great_ne(A,B) :- x_subst(A,D,E), x_subst(A,F,E), x_subst(A,C,E), ring_substitutions(B,C).
(r148) great_ne(A,B) :- h_acceptor(D,F), ring_subst_2(B,D), x_subst(A,C,E), x_subst(B,C,D).
(r149) great_ne(A,B) :- alk_groups(B,D), n_val(B,E), r_subst_1(A,C), r_subst_2(A,F).
(r150) great_ne(A,B) :- x_subst(A,D,E), ring_subst_4(A,C), ring_subst_6(B,E), sigma(E,F).
====================
MaxSAT solving... (5152 vars, 38156 hard, 1576 soft)
number of rules: 152
program size: 723
(inv1) inv1(X1,X2,X3,X4) :- ring_subst_4(X1,X2), ring_subst_6(X3,X4).
(inv2) inv2(X1,X2,X3,X4,X5) :- x_subst(X1,X2,X3), ring_subst_3(X4,X5).
(r1) great_ne(A,B) :- ring_subst_3(A,D), ring_subst_3(B,C), ring_subst_3(A,C), r_subst_3(B,E).
(r2) great_ne(A,B) :- r_subst_3(A,E), pi_acceptor(C,F), x_subst(A,D,C), ring_subst_6(B,C).
(r3) great_ne(A,B) :- ring_subst_5(A,F), r_subst_2(B,E), flex(F,D), h_acceptor(F,C).
(r4) great_ne(A,B) :- pi_doner(F,C), r_subst_1(A,D), great_pi_don(C,E), ring_subst_2(B,F).
(r5) great_ne(A,B) :- h_acceptor(C,E), n_val(A,D), ring_subst_2(B,F), ring_subst_5(B,C).
(r6) great_ne(A,B) :- ring_substitutions(A,D), alk_groups(A,C), ring_subst_6(B,E), size(E,F).
(r7) great_ne(A,B) :- inv2(B,E,D,A,F), ring_subst_6(B,D), flex(D,C).
(r8) great_ne(A,B) :- ring_subst_5(B,F), ring_subst_6(A,D), r_subst_2(B,E), flex(F,C).
(r9) great_ne(A,B) :- ring_subst_3(B,F), flex(F,C), polarisable(F,D), r_subst_2(A,E).
(r10) great_ne(A,B) :- inv1(B,D,B,E), ring_subst_5(A,F), r_subst_3(B,C).
(r11) great_ne(A,B) :- ring_subst_6(A,C), r_subst_3(B,F), polarisable(C,D), r_subst_1(A,E).
(r12) great_ne(A,B) :- alk_groups(B,D), ring_subst_3(B,E), ring_subst_5(A,C), polar(E,F).
(r13) great_ne(A,B) :- alk_groups(B,D), alk_groups(B,E), r_subst_2(A,C), r_subst_3(B,E).
(r14) great_ne(A,B) :- ring_subst_5(A,F), r_subst_3(A,C), ring_subst_3(B,D), h_acceptor(D,E).
(r15) great_ne(A,B) :- n_val(B,E), ring_subst_6(B,D), n_val(A,C).
(r16) great_ne(A,B) :- ring_substitutions(B,F), polarisable(E,C), ring_subst_3(A,E), flex(E,D).
(r17) great_ne(A,B) :- inv1(B,C,B,E), ring_subst_4(A,C), ring_subst_2(B,D).
(r18) great_ne(A,B) :- ring_subst_5(A,F), r_subst_1(A,D), sigma(F,E), alk_groups(B,C).
(r19) great_ne(A,B) :- alk_groups(A,C), gt(E,D), x_subst(B,E,F), ring_subst_2(A,F).
(r20) great_ne(A,B) :- ring_subst_6(A,D), ring_subst_3(B,C), ring_subst_5(B,E), polar(D,F).
(r21) great_ne(A,B) :- inv2(A,D,F,B,F), r_subst_3(B,C), sigma(F,E).
(r22) great_ne(A,B) :- alk_groups(B,D), ring_subst_2(B,C), ring_substitutions(B,E), n_val(A,D).
(r23) great_ne(A,B) :- r_subst_3(B,F), size(E,D), r_subst_1(A,C), ring_subst_6(A,E).
(r24) great_ne(A,B) :- ring_subst_5(B,F), ring_substitutions(A,D), gt(D,E), pi_acceptor(F,C).
(r25) great_ne(A,B) :- inv1(A,E,B,F), pi_acceptor(E,C), pi_acceptor(E,D).
(r26) great_ne(A,B) :- x_subst(A,E,F), ring_subst_6(B,F), r_subst_2(B,D), ring_subst_2(B,C).
(r27) great_ne(A,B) :- alk_groups(B,D), alk_groups(B,E), ring_subst_2(A,C), h_doner(C,F).
(r28) great_ne(A,B) :- alk_groups(A,C), x_subst(B,F,E), r_subst_3(A,D), n_val(A,D).
(r29) great_ne(A,B) :- ring_subst_3(B,E), ring_subst_2(A,C), r_subst_3(A,D), ring_subst_4(B,E).
(r30) great_ne(A,B) :- ring_subst_5(A,F), ring_subst_3(B,C), pi_doner(F,D), pi_acceptor(C,E).
(r31) great_ne(A,B) :- alk_groups(B,D), ring_subst_2(B,E), size(E,C), ring_subst_6(A,F).
(r32) great_ne(A,B) :- x_subst(A,D,E), ring_subst_4(A,C), ring_subst_2(B,F), x_subst(A,D,C).
(r33) great_ne(A,B) :- r_subst_1(B,D), flex(E,F), alk_groups(A,C), ring_subst_5(A,E).
(r34) great_ne(A,B) :- inv2(B,D,E,A,C), alk_groups(B,D), h_acceptor(E,F).
(r35) great_ne(A,B) :- ring_subst_6(A,C), r_subst_2(B,E), r_subst_3(B,D), gt(D,F).
(r36) great_ne(A,B) :- ring_subst_6(B,F), ring_substitutions(B,D), ring_subst_2(A,C), sigma(C,E).
(r37) great_ne(A,B) :- ring_subst_5(B,D), polar(D,E), x_subst(B,C,D), ring_subst_2(A,D).
(r38) great_ne(A,B) :- sigma(E,C), n_val(B,D), ring_subst_6(A,E), polarisable(E,F).
(r39) great_ne(A,B) :- inv2(B,D,C,A,C), x_subst(A,D,F), sigma(F,E).
(r40) great_ne(A,B) :- pi_acceptor(C,D), ring_subst_3(B,C), ring_subst_3(A,F), polarisable(F,E).
(r41) great_ne(A,B) :- h_doner(F,E), ring_subst_3(B,C), ring_subst_3(A,F), n_val(B,D).
(r42) great_ne(A,B) :- ring_subst_5(A,C), ring_subst_4(A,E), h_acceptor(E,D), n_val(B,F).
(r43) great_ne(A,B) :- alk_groups(B,D), r_subst_3(A,C), gt(E,D), ring_substitutions(B,E).
(r44) great_ne(A,B) :- x_subst(B,D,C), ring_substitutions(B,E), ring_subst_2(B,F), alk_groups(A,D).
(r45) great_ne(A,B) :- x_subst(A,E,F), x_subst(A,D,F), alk_groups(A,E), ring_subst_6(B,C).
(r46) great_ne(A,B) :- inv2(A,C,D,B,E), sigma(E,F), ring_subst_3(A,E).
(r47) great_ne(A,B) :- ring_subst_3(B,E), ring_subst_6(B,D), r_subst_1(B,C), ring_subst_3(A,F).
(r48) great_ne(A,B) :- ring_subst_4(B,E), ring_subst_4(A,E), flex(D,C), ring_subst_3(B,D).
(r49) great_ne(A,B) :- x_subst(B,C,E), gt(C,D), n_val(A,C), n_val(A,F).
(r50) great_ne(A,B) :- ring_subst_4(A,F), ring_subst_2(B,E), polar(F,C), alk_groups(A,D).
(r51) great_ne(A,B) :- inv1(B,C,A,D), alk_groups(B,E), ring_subst_4(A,D).
(r52) great_ne(A,B) :- ring_subst_4(A,E), polar(E,D), r_subst_2(B,F), sigma(E,C).
(r53) great_ne(A,B) :- inv2(A,E,F,B,C), ring_subst_6(B,F), r_subst_3(B,D).
(r54) great_ne(A,B) :- ring_subst_6(A,C), h_acceptor(F,D), ring_subst_5(B,E), ring_subst_3(A,F).
(r55) great_ne(A,B) :- inv1(A,F,B,C), size(F,D), pi_doner(C,E).
(r56) great_ne(A,B) :- ring_subst_6(A,C), flex(E,F), sigma(C,D), ring_subst_5(B,E).
(r57) great_ne(A,B) :- ring_subst_4(A,E), x_subst(A,F,E), pi_acceptor(D,C), ring_subst_5(B,D).
(r58) great_ne(A,B) :- inv2(A,E,C,A,D), ring_subst_5(B,C), alk_groups(B,F).
(r59) great_ne(A,B) :- pi_acceptor(C,D), h_acceptor(E,F), ring_subst_6(A,E), ring_subst_6(B,C).
(r60) great_ne(A,B) :- size(F,D), ring_subst_3(B,F), r_subst_1(B,C), ring_subst_5(A,E).
(r61) great_ne(A,B) :- inv2(A,E,F,B,F), gt(E,C), ring_subst_3(A,D).
(r62) great_ne(A,B) :- inv2(A,E,F,B,C), ring_subst_5(A,D), alk_groups(A,E).
(r63) great_ne(A,B) :- x_subst(B,C,E), r_subst_3(A,F), ring_subst_2(B,E), n_val(A,D).
(r64) great_ne(A,B) :- gt(E,D), r_subst_3(B,D), x_subst(A,F,C), ring_substitutions(A,E).
(r65) great_ne(A,B) :- inv1(A,E,A,D), pi_doner(E,C), ring_subst_3(B,D).
(r66) great_ne(A,B) :- r_subst_3(A,E), x_subst(B,D,C), n_val(B,F), ring_substitutions(B,E).
(r67) great_ne(A,B) :- alk_groups(B,D), ring_subst_5(A,F), polar(F,C), ring_substitutions(B,E).
(r68) great_ne(A,B) :- ring_subst_6(A,C), flex(C,F), r_subst_2(A,E), n_val(B,D).
(r69) great_ne(A,B) :- x_subst(A,C,F), ring_substitutions(B,D), n_val(B,C), ring_substitutions(A,E).
(r70) great_ne(A,B) :- n_val(B,E), r_subst_3(B,F), r_subst_3(A,C), ring_subst_5(A,D).
(r71) great_ne(A,B) :- r_subst_1(B,D), ring_subst_3(A,F), ring_substitutions(A,E), ring_substitutions(B,C).
(r72) great_ne(A,B) :- ring_subst_5(A,F), h_doner(F,E), n_val(B,C), h_doner(F,D).
(r73) great_ne(A,B) :- r_subst_3(B,E), ring_subst_2(A,D), x_subst(B,C,D), r_subst_1(A,F).
(r74) great_ne(A,B) :- inv1(B,F,B,C), r_subst_1(A,E), alk_groups(A,D).
(r75) great_ne(A,B) :- ring_subst_6(A,C), ring_subst_5(B,E), alk_groups(A,D).
(r76) great_ne(A,B) :- ring_subst_6(A,F), x_subst(B,D,C), ring_subst_6(B,E), x_subst(B,D,E).
(r77) great_ne(A,B) :- inv2(B,D,E,A,C), r_subst_3(B,D), ring_subst_3(A,F).
(r78) great_ne(A,B) :- h_doner(E,D), ring_subst_2(A,C), ring_subst_5(B,E), ring_subst_6(A,E).
(r79) great_ne(A,B) :- inv2(B,E,F,B,C), ring_subst_4(A,C), ring_subst_2(A,D).
(r80) great_ne(A,B) :- alk_groups(B,D), ring_subst_6(B,E), n_val(A,C), alk_groups(B,C).
(r81) great_ne(A,B) :- sigma(C,E), ring_subst_4(A,C), ring_subst_3(B,F), flex(C,D).
(r82) great_ne(A,B) :- ring_subst_5(A,C), ring_subst_2(B,F), flex(C,D), polarisable(C,E).
(r83) great_ne(A,B) :- ring_substitutions(A,F), ring_subst_4(B,E), x_subst(A,D,C).
(r84) great_ne(A,B) :- ring_substitutions(A,F), r_subst_2(B,E), ring_subst_2(A,C), ring_subst_4(B,D).
(r85) great_ne(A,B) :- sigma(E,D), x_subst(B,C,E), r_subst_3(A,C), pi_acceptor(E,F).
(r86) great_ne(A,B) :- polarisable(D,F), x_subst(A,E,C), ring_subst_6(B,D), ring_subst_2(A,D).
(r87) great_ne(A,B) :- ring_subst_6(A,C), ring_subst_3(B,E), ring_substitutions(A,D), ring_subst_2(A,F).
(r88) great_ne(A,B) :- gt(C,D), r_subst_3(B,F), r_subst_1(B,E), n_val(A,C).
(r89) great_ne(A,B) :- polarisable(C,E), ring_subst_3(B,C), ring_subst_3(A,C), ring_subst_2(B,D).
(r90) great_ne(A,B) :- x_subst(B,E,F), alk_groups(A,D), n_val(B,D), gt(E,C).
(r91) great_ne(A,B) :- inv2(A,F,C,A,E), ring_substitutions(B,F), ring_subst_6(B,D).
(r92) great_ne(A,B) :- ring_subst_5(A,F), ring_subst_2(B,E), pi_acceptor(E,C), x_subst(A,D,F).
(r93) great_ne(A,B) :- n_val(A,D), ring_subst_2(A,E), ring_subst_3(B,F), ring_substitutions(B,C).
(r94) great_ne(A,B) :- n_val(A,C), great_h_don(F,E), h_doner(D,F), ring_subst_3(B,D).
(r95) great_ne(A,B) :- ring_subst_5(A,C), n_val(B,D), ring_subst_6(A,E), size(E,F).
(r96) great_ne(A,B) :- inv1(A,C,A,F), ring_subst_2(B,E), polarisable(E,D).
(r97) great_ne(A,B) :- x_subst(B,D,C), gt(D,F), pi_acceptor(C,E), alk_groups(A,F).
(r98) great_ne(A,B) :- r_subst_3(A,E), ring_substitutions(B,D), gt(D,E), gt(E,C).
(r99) great_ne(A,B) :- ring_subst_5(B,E), ring_subst_2(A,C), alk_groups(A,D), polarisable(E,F).
(r100) great_ne(A,B) :- r_subst_2(B,D), ring_subst_3(B,C), ring_subst_4(A,F), pi_acceptor(F,E).
(r101) great_ne(A,B) :- size(F,C), alk_groups(B,E), ring_subst_3(A,F), ring_subst_2(A,D).
(r102) great_ne(A,B) :- x_subst(A,D,E), ring_subst_2(B,F), x_subst(A,D,F), polar(F,C).
(r103) great_ne(A,B) :- x_subst(A,C,D), alk_groups(B,E), ring_subst_4(A,D), ring_substitutions(B,C).
(r104) great_ne(A,B) :- inv1(A,C,A,F), polar(D,E), ring_subst_2(B,D).
(r105) great_ne(A,B) :- pi_acceptor(D,F), x_subst(A,C,D), size(D,E), ring_substitutions(B,C).
(r106) great_ne(A,B) :- alk_groups(B,D), ring_subst_6(A,C), ring_substitutions(A,D), r_subst_1(A,E).
(r107) great_ne(A,B) :- r_subst_3(B,F), x_subst(B,F,C), gt(D,E), n_val(A,D).
(r108) great_ne(A,B) :- alk_groups(B,D), r_subst_1(B,E), r_subst_1(A,E), r_subst_2(B,C).
(r109) great_ne(A,B) :- r_subst_3(A,F), h_doner(C,D), ring_subst_2(B,C), r_subst_3(B,E).
(r110) great_ne(A,B) :- ring_substitutions(A,D), ring_subst_3(B,F), r_subst_1(A,C), ring_subst_6(A,E).
(r111) great_ne(A,B) :- gt(C,D), n_val(B,C), r_subst_3(B,D), x_subst(A,C,E).
(r112) great_ne(A,B) :- ring_substitutions(A,D), sigma(F,E), ring_subst_3(A,F), ring_substitutions(B,C).
(r113) great_ne(A,B) :- x_subst(B,C,F), x_subst(A,C,E), ring_subst_6(A,E), r_subst_3(A,D).
(r114) great_ne(A,B) :- inv2(A,D,C,B,C), alk_groups(B,D), h_doner(C,E).
(r115) great_ne(A,B) :- ring_subst_4(A,E), ring_subst_3(A,E), x_subst(A,D,C), ring_subst_5(B,C).
(r116) great_ne(A,B) :- r_subst_1(B,D), alk_groups(A,E), ring_subst_3(A,F), pi_doner(F,C).
(r117) great_ne(A,B) :- inv2(B,D,F,A,E), ring_subst_4(B,F), x_subst(A,C,E).
(r118) great_ne(A,B) :- polar(D,F), x_subst(A,C,D), ring_subst_6(B,E), x_subst(B,C,D).
(r119) great_ne(A,B) :- inv2(A,E,F,B,D), alk_groups(A,C), x_subst(B,C,D).
(r120) great_ne(A,B) :- ring_subst_6(A,C), ring_subst_2(B,F), polarisable(D,E), ring_subst_4(A,D).
(r121) great_ne(A,B) :- ring_subst_2(B,E), ring_subst_6(A,D), ring_subst_2(A,F), ring_subst_6(B,C).
(r122) great_ne(A,B) :- ring_subst_6(A,F), alk_groups(A,C), pi_doner(F,D), ring_subst_5(B,E).
(r123) great_ne(A,B) :- ring_substitutions(B,F), ring_subst_4(A,E), x_subst(B,D,E), gt(F,C).
(r124) great_ne(A,B) :- inv1(A,D,B,E), x_subst(A,C,D), ring_subst_5(A,D).
(r125) great_ne(A,B) :- x_subst(B,D,F), ring_subst_4(B,E), ring_subst_4(A,E), ring_substitutions(B,C).
(r126) great_ne(A,B) :- x_subst(B,D,F), ring_subst_5(B,C), ring_substitutions(A,E), r_subst_3(B,E).
(r127) great_ne(A,B) :- ring_subst_4(A,E), n_val(B,C), pi_acceptor(E,D), alk_groups(B,C).
(r128) great_ne(A,B) :- alk_groups(B,D), ring_subst_3(B,C), ring_subst_2(A,C), r_subst_3(B,E).
(r129) great_ne(A,B) :- ring_subst_3(A,E), ring_subst_4(B,C), ring_subst_4(A,F), flex(E,D).
(r130) great_ne(A,B) :- r_subst_3(A,E), alk_groups(B,E), ring_subst_3(B,C), h_acceptor(C,D).
(r131) great_ne(A,B) :- pi_doner(C,F), x_subst(A,E,C), n_val(B,D).
(r132) great_ne(A,B) :- r_subst_2(B,D), x_subst(A,E,C), ring_subst_4(A,C), r_subst_1(A,F).
(r133) great_ne(A,B) :- ring_subst_2(A,E), h_doner(E,F), n_val(B,C), ring_subst_3(B,D).
(r134) great_ne(A,B) :- ring_subst_6(A,F), x_subst(A,E,C), r_subst_3(B,D), x_subst(A,D,C).
(r135) great_ne(A,B) :- inv2(B,F,C,B,E), alk_groups(A,D), n_val(A,F).
(r136) great_ne(A,B) :- n_val(B,C), h_acceptor(F,E), ring_subst_3(A,F), ring_subst_2(A,D).
(r137) great_ne(A,B) :- ring_subst_6(A,F), ring_subst_2(B,C), polar(D,E), ring_subst_3(A,D).
(r138) great_ne(A,B) :- pi_doner(C,D), polar(C,E), x_subst(A,F,C), alk_groups(B,F).
(r139) great_ne(A,B) :- inv1(A,C,A,D), ring_subst_3(B,F), polarisable(D,E).
(r140) great_ne(A,B) :- n_val(B,F), r_subst_2(A,E), x_subst(A,D,C), alk_groups(B,F).
(r141) great_ne(A,B) :- inv1(A,E,B,E), polarisable(E,C), n_val(B,D).
(r142) great_ne(A,B) :- alk_groups(B,D), ring_subst_2(B,C), n_val(A,F), ring_substitutions(A,E).
(r143) great_ne(A,B) :- n_val(A,D), ring_subst_3(A,E), ring_subst_2(B,C), polar(E,F).
(r144) great_ne(A,B) :- x_subst(A,E,C), r_subst_3(B,D), x_subst(A,D,F), ring_subst_4(B,C).
(r145) great_ne(A,B) :- ring_subst_5(A,F), ring_subst_2(B,E), x_subst(B,D,E), ring_substitutions(B,C).
(r146) great_ne(A,B) :- x_subst(B,D,F), ring_subst_3(A,C), size(C,E), ring_subst_6(B,C).
(r147) great_ne(A,B) :- x_subst(A,D,E), x_subst(A,F,E), x_subst(A,C,E), ring_substitutions(B,C).
(r148) great_ne(A,B) :- h_acceptor(D,F), ring_subst_2(B,D), x_subst(A,C,E), x_subst(B,C,D).
(r149) great_ne(A,B) :- alk_groups(B,D), n_val(B,E), r_subst_1(A,C), r_subst_2(A,F).
(r150) great_ne(A,B) :- inv1(A,C,B,E), x_subst(A,D,E), sigma(E,F).
====================
