number of rules: 80
program size: 396
(r1) great(A,B) :- h_doner(D,E), x_subst(A,C,D), n_val(B,F), ring_subst_5(B,D).
(r2) great(A,B) :- r_subst_1(A,D), x_subst(A,F,E), ring_subst_6(A,C), ring_subst_6(B,E).
(r3) great(A,B) :- x_subst(A,C,D), n_val(A,C), size(F,E), ring_subst_5(B,F).
(r4) great(A,B) :- r_subst_2(A,D), ring_subst_2(B,C), ring_subst_3(B,C), r_subst_2(B,D).
(r5) great(A,B) :- ring_subst_2(A,E), n_val(B,F), r_subst_3(A,D), gt(D,C).
(r6) great(A,B) :- ring_subst_6(A,C), ring_subst_2(B,F), size(F,E), ring_subst_2(B,D).
(r7) great(A,B) :- r_subst_3(B,C), ring_subst_5(B,E), ring_subst_4(B,D), ring_subst_6(A,D).
(r8) great(A,B) :- ring_subst_4(B,E), pi_doner(E,F), n_val(A,C), ring_subst_3(A,D).
(r9) great(A,B) :- ring_subst_3(B,C), pi_acceptor(D,F), pi_doner(C,E), ring_subst_4(A,D).
(r10) great(A,B) :- r_subst_2(A,D), alk_groups(A,F), r_subst_1(B,C), ring_subst_4(B,E).
(r11) great(A,B) :- ring_subst_2(A,E), h_doner(E,F), x_subst(B,C,D), ring_subst_4(A,D).
(r12) great(A,B) :- ring_subst_4(B,E), ring_subst_2(A,E), polarisable(E,C), ring_subst_2(B,D).
(r13) great(A,B) :- r_subst_3(A,C), ring_subst_2(B,F), x_subst(A,C,E), sigma(E,D).
(r14) great(A,B) :- r_subst_2(A,D), r_subst_3(A,C), n_val(B,E), x_subst(B,E,F).
(r15) great(A,B) :- pi_doner(D,C), ring_subst_4(B,F), ring_subst_6(B,D), r_subst_3(A,E).
(r16) great(A,B) :- alk_groups(B,F), ring_subst_2(A,C), r_subst_1(A,E), alk_groups(A,D).
(r17) great(A,B) :- ring_subst_6(B,E), ring_subst_4(A,E), r_subst_2(B,C), sigma(E,D).
(r18) great(A,B) :- r_subst_1(A,D), ring_subst_4(B,E), h_doner(E,C), h_acceptor(E,F).
(r19) great(A,B) :- x_subst(B,D,C), x_subst(A,D,F), pi_doner(C,E), n_val(B,D).
(r20) great(A,B) :- polar(D,C), x_subst(B,E,F), ring_subst_2(B,D), ring_subst_3(A,D).
(r21) great(A,B) :- ring_subst_6(B,E), r_subst_3(B,F), pi_acceptor(E,C), ring_subst_4(A,D).
(r22) great(A,B) :- r_subst_3(B,C), ring_subst_3(A,E), ring_subst_4(A,F), x_subst(B,C,D).
(r23) great(A,B) :- pi_acceptor(D,E), alk_groups(A,C), r_subst_2(B,F), ring_subst_6(A,D).
(r24) great(A,B) :- ring_subst_3(A,E), alk_groups(A,F), x_subst(A,D,C), ring_subst_4(B,C).
(r25) great(A,B) :- alk_groups(A,C), gt(C,E), pi_acceptor(D,F), ring_subst_2(B,D).
(r26) great(A,B) :- great_pi_acc(D,E), ring_substitutions(B,F), ring_subst_6(A,C), pi_acceptor(C,D).
(r27) great(A,B) :- ring_subst_4(B,F), ring_subst_3(A,C), pi_doner(C,E), n_val(B,D).
(r28) great(A,B) :- ring_subst_5(A,C), polarisable(D,E), ring_subst_3(B,D).
(r29) great(A,B) :- polar(F,D), ring_subst_2(B,F), n_val(B,C), r_subst_3(A,E).
(r30) great(A,B) :- alk_groups(B,C), h_acceptor(D,E), n_val(A,F), ring_subst_3(A,D).
(r31) great(A,B) :- x_subst(A,C,E), ring_subst_5(B,D), gt(C,F).
(r32) great(A,B) :- x_subst(B,E,D), ring_substitutions(B,C), n_val(A,F).
(r33) great(A,B) :- n_val(A,F), alk_groups(A,D), r_subst_2(A,C), r_subst_3(B,E).
(r34) great(A,B) :- ring_subst_6(B,E), ring_subst_3(B,C), ring_substitutions(A,F), ring_substitutions(A,D).
(r35) great(A,B) :- size(E,C), x_subst(A,F,E), ring_subst_5(B,D), ring_subst_6(B,D).
(r36) great(A,B) :- x_subst(A,F,D), x_subst(B,F,C), ring_subst_2(B,D), ring_substitutions(B,E).
(r37) great(A,B) :- n_val(B,F), sigma(D,C), ring_subst_6(A,D), r_subst_3(A,E).
(r38) great(A,B) :- x_subst(A,E,C), r_subst_3(B,D), n_val(A,F), n_val(B,D).
(r39) great(A,B) :- x_subst(B,D,C), r_subst_3(A,F), alk_groups(A,D), polarisable(C,E).
(r40) great(A,B) :- pi_doner(C,F), n_val(B,E), ring_subst_6(A,C), r_subst_2(B,D).
(r41) great(A,B) :- ring_subst_5(A,E), ring_subst_3(B,C), ring_subst_2(A,F), sigma(E,D).
(r42) great(A,B) :- pi_acceptor(C,E), x_subst(B,F,C), ring_substitutions(A,F), ring_subst_2(B,D).
(r43) great(A,B) :- x_subst(A,E,C), pi_doner(C,D), ring_subst_3(B,F), r_subst_3(B,E).
(r44) great(A,B) :- ring_subst_3(A,E), alk_groups(A,F), pi_acceptor(D,C), ring_subst_3(B,D).
(r45) great(A,B) :- ring_substitutions(A,E), ring_subst_5(B,C), ring_subst_6(A,C), ring_subst_3(B,D).
(r46) great(A,B) :- r_subst_3(B,C), gt(C,E), x_subst(A,D,F), ring_subst_5(A,F).
(r47) great(A,B) :- ring_subst_4(B,C), alk_groups(A,D), size(C,E).
(r48) great(A,B) :- ring_subst_2(B,E), x_subst(A,F,E), r_subst_2(B,C), ring_subst_3(A,D).
(r49) great(A,B) :- ring_subst_3(B,E), ring_subst_4(A,E), sigma(D,F), x_subst(B,C,D).
(r50) great(A,B) :- pi_acceptor(E,C), ring_subst_6(A,E), x_subst(B,D,E), n_val(A,F).
(r51) great(A,B) :- ring_substitutions(B,E), ring_subst_2(B,C), ring_subst_5(A,C), x_subst(B,F,D).
(r52) great(A,B) :- ring_subst_6(B,C), x_subst(A,E,D), r_subst_1(B,F), ring_subst_4(A,D).
(r53) great(A,B) :- x_subst(A,F,D), ring_subst_6(B,C), ring_subst_5(B,E), ring_subst_6(A,D).
(r54) great(A,B) :- ring_subst_4(B,F), ring_subst_3(B,C), ring_subst_3(B,F), x_subst(A,E,D).
(r55) great(A,B) :- n_val(B,E), x_subst(B,E,F), r_subst_3(A,D), r_subst_1(A,C).
(r56) great(A,B) :- ring_subst_6(B,E), ring_subst_3(B,C), ring_subst_2(A,C), alk_groups(A,D).
(r57) great(A,B) :- ring_subst_5(A,E), ring_subst_3(B,C), ring_subst_6(A,C), polarisable(C,D).
(r58) great(A,B) :- ring_subst_2(B,C), ring_subst_2(A,F), pi_doner(C,E), h_doner(F,D).
(r59) great(A,B) :- n_val(A,C), ring_substitutions(A,E), ring_subst_3(B,F), alk_groups(A,D).
(r60) great(A,B) :- ring_subst_6(B,C), x_subst(A,E,C), ring_subst_3(B,C), ring_subst_5(B,D).
(r61) great(A,B) :- r_subst_3(A,F), ring_subst_6(A,C), pi_doner(D,E), ring_subst_3(B,D).
(r62) great(A,B) :- r_subst_1(A,D), r_subst_1(B,D), x_subst(A,C,E), x_subst(B,F,E).
(r63) great(A,B) :- ring_subst_4(B,C), ring_subst_3(A,F), polarisable(F,D), flex(F,E).
(r64) great(A,B) :- r_subst_3(B,C), ring_substitutions(B,F), ring_subst_4(B,E), ring_subst_5(A,D).
(r65) great(A,B) :- r_subst_3(B,F), r_subst_2(B,E), r_subst_3(B,D), ring_subst_2(A,C).
(r66) great(A,B) :- x_subst(A,C,D), alk_groups(A,F), x_subst(B,F,D), n_val(A,E).
(r67) great(A,B) :- ring_subst_5(B,C), h_doner(C,F), pi_doner(C,E), ring_subst_6(A,D).
(r68) great(A,B) :- ring_subst_3(B,C), r_subst_3(A,F), x_subst(A,E,D), r_subst_3(B,E).
(r69) great(A,B) :- ring_subst_6(B,E), ring_substitutions(B,C), x_subst(B,D,E), ring_substitutions(A,D).
(r70) great(A,B) :- r_subst_3(B,C), r_subst_3(A,F), r_subst_3(B,D), ring_subst_4(B,E).
(r71) great(A,B) :- x_subst(B,D,C), r_subst_3(A,F), ring_subst_5(B,E), x_subst(B,F,E).
(r72) great(A,B) :- alk_groups(B,F), ring_subst_3(A,C), gt(F,E), ring_subst_2(B,D).
(r73) great(A,B) :- x_subst(B,C,E), r_subst_3(A,C), r_subst_3(A,D), ring_substitutions(A,C).
(r74) great(A,B) :- ring_substitutions(A,E), ring_subst_2(B,C), ring_subst_2(A,C), ring_subst_6(B,D).
(r75) great(A,B) :- ring_subst_4(B,E), ring_subst_5(A,F), ring_subst_6(A,D), sigma(D,C).
(r76) great(A,B) :- n_val(B,E), pi_doner(C,D), ring_subst_4(A,C), ring_subst_5(A,F).
(r77) great(A,B) :- polar(F,D), ring_subst_4(A,C), pi_doner(F,E), ring_subst_5(B,F).
(r78) great(A,B) :- ring_substitutions(B,E), ring_subst_5(A,F), h_doner(F,D), size(F,C).
(r79) great(A,B) :- x_subst(A,E,C), ring_subst_6(B,F), ring_subst_2(B,D), ring_subst_5(B,F).
(r80) great(A,B) :- x_subst(A,F,D), ring_subst_5(B,C), r_subst_2(B,E), ring_subst_2(B,D).
====================
MaxSAT solving... (2762 vars, 18368 hard, 866 soft)
number of rules: 82
program size: 380
(inv1) inv1(X1,X2,X3,X4,X5) :- ring_subst_5(X1,X2), x_subst(X3,X4,X5).
(inv2) inv2(X1,X2,X3,X4,X5,X6,X7) :- r_subst_3(X1,X2), r_subst_3(X3,X4), x_subst(X5,X6,X7).
(r1) great(A,B) :- inv1(B,D,A,C,D), h_doner(D,E), n_val(B,F).
(r2) great(A,B) :- r_subst_1(A,D), x_subst(A,F,E), ring_subst_6(A,C), ring_subst_6(B,E).
(r3) great(A,B) :- inv1(B,F,A,C,D), n_val(A,C), size(F,E).
(r4) great(A,B) :- r_subst_2(A,D), ring_subst_2(B,C), ring_subst_3(B,C), r_subst_2(B,D).
(r5) great(A,B) :- ring_subst_2(A,E), n_val(B,F), r_subst_3(A,D), gt(D,C).
(r6) great(A,B) :- ring_subst_6(A,C), ring_subst_2(B,F), size(F,E), ring_subst_2(B,D).
(r7) great(A,B) :- r_subst_3(B,C), ring_subst_5(B,E), ring_subst_4(B,D), ring_subst_6(A,D).
(r8) great(A,B) :- ring_subst_4(B,E), pi_doner(E,F), n_val(A,C), ring_subst_3(A,D).
(r9) great(A,B) :- ring_subst_3(B,C), pi_acceptor(D,F), pi_doner(C,E), ring_subst_4(A,D).
(r10) great(A,B) :- r_subst_2(A,D), alk_groups(A,F), r_subst_1(B,C), ring_subst_4(B,E).
(r11) great(A,B) :- ring_subst_2(A,E), h_doner(E,F), x_subst(B,C,D), ring_subst_4(A,D).
(r12) great(A,B) :- ring_subst_4(B,E), ring_subst_2(A,E), polarisable(E,C), ring_subst_2(B,D).
(r13) great(A,B) :- inv2(A,C,A,C,A,C,E), ring_subst_2(B,F), sigma(E,D).
(r14) great(A,B) :- inv2(A,C,A,C,B,E,F), r_subst_2(A,D), n_val(B,E).
(r15) great(A,B) :- pi_doner(D,C), ring_subst_4(B,F), ring_subst_6(B,D), r_subst_3(A,E).
(r16) great(A,B) :- alk_groups(B,F), ring_subst_2(A,C), r_subst_1(A,E), alk_groups(A,D).
(r17) great(A,B) :- ring_subst_6(B,E), ring_subst_4(A,E), r_subst_2(B,C), sigma(E,D).
(r18) great(A,B) :- r_subst_1(A,D), ring_subst_4(B,E), h_doner(E,C), h_acceptor(E,F).
(r19) great(A,B) :- x_subst(B,D,C), x_subst(A,D,F), pi_doner(C,E), n_val(B,D).
(r20) great(A,B) :- polar(D,C), x_subst(B,E,F), ring_subst_2(B,D), ring_subst_3(A,D).
(r21) great(A,B) :- ring_subst_6(B,E), r_subst_3(B,F), pi_acceptor(E,C), ring_subst_4(A,D).
(r22) great(A,B) :- inv2(B,C,B,C,B,C,D), ring_subst_3(A,E), ring_subst_4(A,F).
(r23) great(A,B) :- pi_acceptor(D,E), alk_groups(A,C), r_subst_2(B,F), ring_subst_6(A,D).
(r24) great(A,B) :- ring_subst_3(A,E), alk_groups(A,F), x_subst(A,D,C), ring_subst_4(B,C).
(r25) great(A,B) :- alk_groups(A,C), gt(C,E), pi_acceptor(D,F), ring_subst_2(B,D).
(r26) great(A,B) :- great_pi_acc(D,E), ring_substitutions(B,F), ring_subst_6(A,C), pi_acceptor(C,D).
(r27) great(A,B) :- ring_subst_4(B,F), ring_subst_3(A,C), pi_doner(C,E), n_val(B,D).
(r28) great(A,B) :- ring_subst_5(A,C), polarisable(D,E), ring_subst_3(B,D).
(r29) great(A,B) :- polar(F,D), ring_subst_2(B,F), n_val(B,C), r_subst_3(A,E).
(r30) great(A,B) :- alk_groups(B,C), h_acceptor(D,E), n_val(A,F), ring_subst_3(A,D).
(r31) great(A,B) :- inv1(B,D,A,C,E), gt(C,F).
(r32) great(A,B) :- x_subst(B,E,D), ring_substitutions(B,C), n_val(A,F).
(r33) great(A,B) :- n_val(A,F), alk_groups(A,D), r_subst_2(A,C), r_subst_3(B,E).
(r34) great(A,B) :- ring_subst_6(B,E), ring_subst_3(B,C), ring_substitutions(A,F), ring_substitutions(A,D).
(r35) great(A,B) :- inv1(B,D,A,F,E), size(E,C), ring_subst_6(B,D).
(r36) great(A,B) :- x_subst(A,F,D), x_subst(B,F,C), ring_subst_2(B,D), ring_substitutions(B,E).
(r37) great(A,B) :- n_val(B,F), sigma(D,C), ring_subst_6(A,D), r_subst_3(A,E).
(r38) great(A,B) :- inv2(B,D,B,D,A,E,C), n_val(A,F), n_val(B,D).
(r39) great(A,B) :- inv2(A,F,A,F,B,D,C), alk_groups(A,D), polarisable(C,E).
(r40) great(A,B) :- pi_doner(C,F), n_val(B,E), ring_subst_6(A,C), r_subst_2(B,D).
(r41) great(A,B) :- ring_subst_5(A,E), ring_subst_3(B,C), ring_subst_2(A,F), sigma(E,D).
(r42) great(A,B) :- pi_acceptor(C,E), x_subst(B,F,C), ring_substitutions(A,F), ring_subst_2(B,D).
(r43) great(A,B) :- inv2(B,E,B,E,A,E,C), pi_doner(C,D), ring_subst_3(B,F).
(r44) great(A,B) :- ring_subst_3(A,E), alk_groups(A,F), pi_acceptor(D,C), ring_subst_3(B,D).
(r45) great(A,B) :- ring_substitutions(A,E), ring_subst_5(B,C), ring_subst_6(A,C), ring_subst_3(B,D).
(r46) great(A,B) :- inv2(B,C,B,C,A,D,F), gt(C,E), ring_subst_5(A,F).
(r47) great(A,B) :- ring_subst_4(B,C), alk_groups(A,D), size(C,E).
(r48) great(A,B) :- ring_subst_2(B,E), x_subst(A,F,E), r_subst_2(B,C), ring_subst_3(A,D).
(r49) great(A,B) :- ring_subst_3(B,E), ring_subst_4(A,E), sigma(D,F), x_subst(B,C,D).
(r50) great(A,B) :- pi_acceptor(E,C), ring_subst_6(A,E), x_subst(B,D,E), n_val(A,F).
(r51) great(A,B) :- inv1(A,C,B,F,D), ring_substitutions(B,E), ring_subst_2(B,C).
(r52) great(A,B) :- ring_subst_6(B,C), x_subst(A,E,D), r_subst_1(B,F), ring_subst_4(A,D).
(r53) great(A,B) :- inv1(B,E,A,F,D), ring_subst_6(B,C), ring_subst_6(A,D).
(r54) great(A,B) :- ring_subst_4(B,F), ring_subst_3(B,C), ring_subst_3(B,F), x_subst(A,E,D).
(r55) great(A,B) :- inv2(A,D,A,D,B,E,F), n_val(B,E), r_subst_1(A,C).
(r56) great(A,B) :- ring_subst_6(B,E), ring_subst_3(B,C), ring_subst_2(A,C), alk_groups(A,D).
(r57) great(A,B) :- ring_subst_5(A,E), ring_subst_3(B,C), ring_subst_6(A,C), polarisable(C,D).
(r58) great(A,B) :- ring_subst_2(B,C), ring_subst_2(A,F), pi_doner(C,E), h_doner(F,D).
(r59) great(A,B) :- n_val(A,C), ring_substitutions(A,E), ring_subst_3(B,F), alk_groups(A,D).
(r60) great(A,B) :- inv1(B,D,A,E,C), ring_subst_6(B,C), ring_subst_3(B,C).
(r61) great(A,B) :- r_subst_3(A,F), ring_subst_6(A,C), pi_doner(D,E), ring_subst_3(B,D).
(r62) great(A,B) :- r_subst_1(A,D), r_subst_1(B,D), x_subst(A,C,E), x_subst(B,F,E).
(r63) great(A,B) :- ring_subst_4(B,C), ring_subst_3(A,F), polarisable(F,D), flex(F,E).
(r64) great(A,B) :- r_subst_3(B,C), ring_substitutions(B,F), ring_subst_4(B,E), ring_subst_5(A,D).
(r65) great(A,B) :- r_subst_3(B,F), r_subst_2(B,E), r_subst_3(B,D), ring_subst_2(A,C).
(r66) great(A,B) :- x_subst(A,C,D), alk_groups(A,F), x_subst(B,F,D), n_val(A,E).
(r67) great(A,B) :- ring_subst_5(B,C), h_doner(C,F), pi_doner(C,E), ring_subst_6(A,D).
(r68) great(A,B) :- inv2(A,F,B,E,A,E,D), ring_subst_3(B,C).
(r69) great(A,B) :- ring_subst_6(B,E), ring_substitutions(B,C), x_subst(B,D,E), ring_substitutions(A,D).
(r70) great(A,B) :- r_subst_3(B,C), r_subst_3(A,F), r_subst_3(B,D), ring_subst_4(B,E).
(r71) great(A,B) :- inv1(B,E,B,D,C), inv2(A,F,A,F,B,F,E).
(r72) great(A,B) :- alk_groups(B,F), ring_subst_3(A,C), gt(F,E), ring_subst_2(B,D).
(r73) great(A,B) :- inv2(A,C,A,D,B,C,E), ring_substitutions(A,C).
(r74) great(A,B) :- ring_substitutions(A,E), ring_subst_2(B,C), ring_subst_2(A,C), ring_subst_6(B,D).
(r75) great(A,B) :- ring_subst_4(B,E), ring_subst_5(A,F), ring_subst_6(A,D), sigma(D,C).
(r76) great(A,B) :- n_val(B,E), pi_doner(C,D), ring_subst_4(A,C), ring_subst_5(A,F).
(r77) great(A,B) :- polar(F,D), ring_subst_4(A,C), pi_doner(F,E), ring_subst_5(B,F).
(r78) great(A,B) :- ring_substitutions(B,E), ring_subst_5(A,F), h_doner(F,D), size(F,C).
(r79) great(A,B) :- inv1(B,F,A,E,C), ring_subst_6(B,F), ring_subst_2(B,D).
(r80) great(A,B) :- inv1(B,C,A,F,D), r_subst_2(B,E), ring_subst_2(B,D).
====================
