number of rules: 50
program size: 248
(r1) great(A,B) :- ring_subst_4(B,C), r_subst_1(A,E), gt(D,F), n_val(A,D).
(r2) great(A,B) :- x_subst(A,D,E), ring_subst_3(B,E), ring_substitutions(A,C), polar(E,F).
(r3) great(A,B) :- r_subst_2(A,D), n_val(A,C), ring_subst_4(B,E), x_subst(B,F,E).
(r4) great(A,B) :- polarisable(D,E), n_val(B,C), ring_subst_5(A,F), ring_subst_2(A,D).
(r5) great(A,B) :- ring_subst_6(A,C), x_subst(B,E,C), ring_subst_3(A,D), size(D,F).
(r6) great(A,B) :- x_subst(A,D,E), alk_groups(B,F), pi_doner(E,C), ring_subst_2(B,E).
(r7) great(A,B) :- x_subst(B,D,C), x_subst(A,E,C), x_subst(B,F,C), ring_subst_3(A,C).
(r8) great(A,B) :- ring_subst_2(B,E), polarisable(C,F), ring_subst_5(A,C), polarisable(E,D).
(r9) great(A,B) :- polar(E,C), ring_subst_3(A,E), size(E,D), ring_subst_4(B,F).
(r10) great(A,B) :- ring_subst_2(B,D), polar(D,E), x_subst(A,F,C), ring_subst_3(A,D).
(r11) great(A,B) :- n_val(B,C), ring_subst_5(A,F), ring_subst_3(B,D), polarisable(D,E).
(r12) great(A,B) :- x_subst(B,E,D), h_doner(F,C), ring_subst_4(A,F).
(r13) great(A,B) :- gt(C,D), ring_substitutions(B,F), x_subst(A,F,E), ring_substitutions(A,C).
(r14) great(A,B) :- n_val(B,F), x_subst(A,E,D), x_subst(B,C,D), ring_subst_6(A,D).
(r15) great(A,B) :- ring_subst_2(A,E), ring_subst_4(B,C), ring_subst_4(A,C), r_subst_3(A,D).
(r16) great(A,B) :- alk_groups(B,C), ring_subst_2(A,F), x_subst(A,C,E), ring_subst_4(A,D).
(r17) great(A,B) :- r_subst_2(A,E), r_subst_3(A,D), x_subst(A,D,C), ring_subst_5(B,F).
(r18) great(A,B) :- x_subst(A,E,C), gt(E,F), n_val(B,D), gt(D,F).
(r19) great(A,B) :- gt(D,C), ring_subst_4(B,F), r_subst_3(A,D), h_acceptor(F,E).
(r20) great(A,B) :- ring_subst_6(B,C), sigma(D,E), ring_subst_6(B,D), ring_subst_4(A,D).
(r21) great(A,B) :- x_subst(B,F,C), r_subst_3(A,F), n_val(A,D), alk_groups(A,E).
(r22) great(A,B) :- ring_subst_6(A,D), r_subst_2(A,C), r_subst_3(B,E), ring_subst_3(A,D).
(r23) great(A,B) :- n_val(B,D), ring_subst_2(B,F), ring_substitutions(A,C), alk_groups(A,E).
(r24) great(A,B) :- r_subst_1(A,D), ring_subst_3(B,C), ring_subst_2(B,F), size(C,E).
(r25) great(A,B) :- ring_subst_3(B,F), ring_subst_2(A,C), x_subst(B,D,E), ring_subst_5(B,E).
(r26) great(A,B) :- ring_subst_3(B,E), n_val(A,C), alk_groups(A,D), ring_subst_3(A,F).
(r27) great(A,B) :- ring_subst_4(A,E), ring_subst_4(B,D), pi_doner(F,C), ring_subst_5(B,F).
(r28) great(A,B) :- r_subst_3(B,C), h_doner(D,E), ring_subst_2(B,D), ring_subst_2(A,D).
(r29) great(A,B) :- ring_subst_4(A,E), r_subst_1(B,F), ring_subst_4(A,D), size(D,C).
(r30) great(A,B) :- r_subst_2(A,E), ring_subst_6(B,D), sigma(D,C).
(r31) great(A,B) :- polar(C,F), x_subst(A,E,C), r_subst_3(A,D), alk_groups(B,E).
(r32) great(A,B) :- ring_subst_2(B,E), pi_acceptor(E,F), ring_subst_2(A,C), h_acceptor(C,D).
(r33) great(A,B) :- x_subst(A,D,E), n_val(B,C), x_subst(B,D,E), h_acceptor(E,F).
(r34) great(A,B) :- x_subst(A,D,E), ring_subst_2(B,E), ring_substitutions(A,C), ring_subst_4(B,E).
(r35) great(A,B) :- ring_subst_3(B,E), ring_subst_5(A,F), ring_subst_2(A,D), flex(D,C).
(r36) great(A,B) :- n_val(B,E), ring_subst_2(A,C), x_subst(A,D,C), ring_substitutions(B,D).
(r37) great(A,B) :- h_doner(C,E), ring_subst_2(B,C), x_subst(A,F,C), polar(C,D).
(r38) great(A,B) :- r_subst_3(B,C), r_subst_1(A,E), ring_substitutions(A,C), r_subst_2(B,D).
(r39) great(A,B) :- ring_subst_3(A,E), ring_subst_3(B,C), flex(C,F), r_subst_2(B,D).
(r40) great(A,B) :- ring_subst_3(B,E), ring_subst_3(B,F), x_subst(B,C,D), ring_substitutions(A,C).
(r41) great(A,B) :- ring_subst_5(A,E), ring_subst_4(B,C), n_val(B,F), n_val(A,D).
(r42) great(A,B) :- r_subst_1(A,D), n_val(A,E), x_subst(B,E,F), r_subst_1(B,C).
(r43) great(A,B) :- x_subst(B,D,C), gt(D,E), ring_substitutions(B,F), n_val(A,F).
(r44) great(A,B) :- alk_groups(A,C), ring_subst_5(B,D), ring_subst_3(A,E), x_subst(B,F,E).
(r45) great(A,B) :- x_subst(A,C,D), sigma(D,E), ring_subst_3(B,F), ring_subst_6(A,D).
(r46) great(A,B) :- polar(E,C), ring_subst_3(A,E), ring_subst_4(B,D), ring_subst_5(B,F).
(r47) great(A,B) :- ring_subst_4(B,E), ring_subst_3(B,F), r_subst_1(B,C), r_subst_3(A,D).
(r48) great(A,B) :- ring_subst_6(A,E), ring_subst_5(B,C), ring_subst_6(A,F), flex(F,D).
(r49) great(A,B) :- ring_subst_3(B,E), alk_groups(A,C), sigma(F,D), ring_subst_3(A,F).
(r50) great(A,B) :- ring_substitutions(B,E), ring_subst_3(B,C), ring_subst_4(A,C), n_val(B,D).
====================
MaxSAT solving... (1754 vars, 11212 hard, 566 soft)
number of rules: 52
program size: 237
(inv1) inv1(X1,X2,X3,X4,X5,X6,X7,X8) :- x_subst(X1,X2,X3), x_subst(X4,X5,X6), n_val(X7,X8).
(inv2) inv2(X1,X2,X3,X4,X5,X6,X7,X8,X9,X10,X11,X12,X13) :- x_subst(X1,X2,X3), x_subst(X4,X5,X6), x_subst(X7,X8,X9), ring_subst_3(X10,X11), ring_subst_3(X12,X13).
(r1) great(A,B) :- ring_subst_4(B,C), r_subst_1(A,E), gt(D,F), n_val(A,D).
(r2) great(A,B) :- inv2(A,D,E,A,D,E,A,D,E,B,E,B,E), ring_substitutions(A,C), polar(E,F).
(r3) great(A,B) :- inv1(B,F,E,B,F,E,A,C), r_subst_2(A,D), ring_subst_4(B,E).
(r4) great(A,B) :- polarisable(D,E), n_val(B,C), ring_subst_5(A,F), ring_subst_2(A,D).
(r5) great(A,B) :- inv2(B,E,C,B,E,C,B,E,C,A,D,A,D), ring_subst_6(A,C), size(D,F).
(r6) great(A,B) :- x_subst(A,D,E), alk_groups(B,F), pi_doner(E,C), ring_subst_2(B,E).
(r7) great(A,B) :- inv2(B,D,C,A,E,C,B,F,C,A,C,A,C).
(r8) great(A,B) :- ring_subst_2(B,E), polarisable(C,F), ring_subst_5(A,C), polarisable(E,D).
(r9) great(A,B) :- polar(E,C), ring_subst_3(A,E), size(E,D), ring_subst_4(B,F).
(r10) great(A,B) :- inv2(A,F,C,A,F,C,A,F,C,A,D,A,D), ring_subst_2(B,D), polar(D,E).
(r11) great(A,B) :- n_val(B,C), ring_subst_5(A,F), ring_subst_3(B,D), polarisable(D,E).
(r12) great(A,B) :- x_subst(B,E,D), h_doner(F,C), ring_subst_4(A,F).
(r13) great(A,B) :- gt(C,D), ring_substitutions(B,F), x_subst(A,F,E), ring_substitutions(A,C).
(r14) great(A,B) :- inv1(A,E,D,B,C,D,B,F), ring_subst_6(A,D).
(r15) great(A,B) :- ring_subst_2(A,E), ring_subst_4(B,C), ring_subst_4(A,C), r_subst_3(A,D).
(r16) great(A,B) :- alk_groups(B,C), ring_subst_2(A,F), x_subst(A,C,E), ring_subst_4(A,D).
(r17) great(A,B) :- r_subst_2(A,E), r_subst_3(A,D), x_subst(A,D,C), ring_subst_5(B,F).
(r18) great(A,B) :- inv1(A,E,C,A,E,C,B,D), gt(E,F), gt(D,F).
(r19) great(A,B) :- gt(D,C), ring_subst_4(B,F), r_subst_3(A,D), h_acceptor(F,E).
(r20) great(A,B) :- ring_subst_6(B,C), sigma(D,E), ring_subst_6(B,D), ring_subst_4(A,D).
(r21) great(A,B) :- inv1(B,F,C,B,F,C,A,D), r_subst_3(A,F), alk_groups(A,E).
(r22) great(A,B) :- ring_subst_6(A,D), r_subst_2(A,C), r_subst_3(B,E), ring_subst_3(A,D).
(r23) great(A,B) :- n_val(B,D), ring_subst_2(B,F), ring_substitutions(A,C), alk_groups(A,E).
(r24) great(A,B) :- r_subst_1(A,D), ring_subst_3(B,C), ring_subst_2(B,F), size(C,E).
(r25) great(A,B) :- inv2(B,D,E,B,D,E,B,D,E,B,F,B,F), ring_subst_2(A,C), ring_subst_5(B,E).
(r26) great(A,B) :- ring_subst_3(B,E), n_val(A,C), alk_groups(A,D), ring_subst_3(A,F).
(r27) great(A,B) :- ring_subst_4(A,E), ring_subst_4(B,D), pi_doner(F,C), ring_subst_5(B,F).
(r28) great(A,B) :- r_subst_3(B,C), h_doner(D,E), ring_subst_2(B,D), ring_subst_2(A,D).
(r29) great(A,B) :- ring_subst_4(A,E), r_subst_1(B,F), ring_subst_4(A,D), size(D,C).
(r30) great(A,B) :- r_subst_2(A,E), ring_subst_6(B,D), sigma(D,C).
(r31) great(A,B) :- polar(C,F), x_subst(A,E,C), r_subst_3(A,D), alk_groups(B,E).
(r32) great(A,B) :- ring_subst_2(B,E), pi_acceptor(E,F), ring_subst_2(A,C), h_acceptor(C,D).
(r33) great(A,B) :- inv1(A,D,E,B,D,E,B,C), h_acceptor(E,F).
(r34) great(A,B) :- x_subst(A,D,E), ring_subst_2(B,E), ring_substitutions(A,C), ring_subst_4(B,E).
(r35) great(A,B) :- ring_subst_3(B,E), ring_subst_5(A,F), ring_subst_2(A,D), flex(D,C).
(r36) great(A,B) :- inv1(A,D,C,A,D,C,B,E), ring_subst_2(A,C), ring_substitutions(B,D).
(r37) great(A,B) :- h_doner(C,E), ring_subst_2(B,C), x_subst(A,F,C), polar(C,D).
(r38) great(A,B) :- r_subst_3(B,C), r_subst_1(A,E), ring_substitutions(A,C), r_subst_2(B,D).
(r39) great(A,B) :- ring_subst_3(A,E), ring_subst_3(B,C), flex(C,F), r_subst_2(B,D).
(r40) great(A,B) :- inv2(B,C,D,B,C,D,B,C,D,B,E,B,F), ring_substitutions(A,C).
(r41) great(A,B) :- ring_subst_5(A,E), ring_subst_4(B,C), n_val(B,F), n_val(A,D).
(r42) great(A,B) :- inv1(B,E,F,B,E,F,A,E), r_subst_1(A,D), r_subst_1(B,C).
(r43) great(A,B) :- inv1(B,D,C,B,D,C,A,F), gt(D,E), ring_substitutions(B,F).
(r44) great(A,B) :- inv2(B,F,E,B,F,E,B,F,E,A,E,A,E), alk_groups(A,C), ring_subst_5(B,D).
(r45) great(A,B) :- inv2(A,C,D,A,C,D,A,C,D,B,F,B,F), sigma(D,E), ring_subst_6(A,D).
(r46) great(A,B) :- polar(E,C), ring_subst_3(A,E), ring_subst_4(B,D), ring_subst_5(B,F).
(r47) great(A,B) :- ring_subst_4(B,E), ring_subst_3(B,F), r_subst_1(B,C), r_subst_3(A,D).
(r48) great(A,B) :- ring_subst_6(A,E), ring_subst_5(B,C), ring_subst_6(A,F), flex(F,D).
(r49) great(A,B) :- ring_subst_3(B,E), alk_groups(A,C), sigma(F,D), ring_subst_3(A,F).
(r50) great(A,B) :- ring_substitutions(B,E), ring_subst_3(B,C), ring_subst_4(A,C), n_val(B,D).
====================
