number of rules: 60
program size: 300
(r1) great_rsd(A,B) :- ring_subst_6(B,C), r_subst_1(A,D), n_val(A,E), polarisable(C,F).
(r2) great_rsd(A,B) :- pi_doner(D,C), ring_subst_6(A,D), ring_subst_4(B,E), ring_substitutions(B,F).
(r3) great_rsd(A,B) :- r_subst_1(B,E), ring_subst_4(B,F), h_acceptor(F,D), ring_substitutions(A,C).
(r4) great_rsd(A,B) :- flex(D,E), ring_subst_4(B,C), x_subst(B,F,D), ring_subst_6(A,C).
(r5) great_rsd(A,B) :- ring_subst_3(B,F), ring_subst_3(A,D), flex(D,E), n_val(A,C).
(r6) great_rsd(A,B) :- n_val(B,F), r_subst_3(A,D), r_subst_1(B,E), gt(F,C).
(r7) great_rsd(A,B) :- ring_subst_3(A,C), ring_subst_3(A,F), ring_subst_6(A,E), n_val(B,D).
(r8) great_rsd(A,B) :- ring_subst_2(A,F), x_subst(B,C,D), r_subst_3(B,E), ring_subst_4(B,F).
(r9) great_rsd(A,B) :- ring_subst_5(B,E), n_val(B,D), ring_subst_5(A,F), n_val(B,C).
(r10) great_rsd(A,B) :- r_subst_3(A,D), x_subst(B,E,F), size(F,C), alk_groups(B,D).
(r11) great_rsd(A,B) :- ring_substitutions(B,E), alk_groups(A,C), flex(F,D), ring_subst_6(A,F).
(r12) great_rsd(A,B) :- ring_subst_4(A,C), ring_subst_4(B,F), h_doner(D,E), ring_subst_6(A,D).
(r13) great_rsd(A,B) :- n_val(B,F), ring_subst_5(B,C), x_subst(B,D,E), ring_substitutions(A,F).
(r14) great_rsd(A,B) :- n_val(B,D), ring_subst_5(A,E), gt(D,C), alk_groups(B,D).
(r15) great_rsd(A,B) :- ring_substitutions(A,E), n_val(A,D), ring_subst_4(B,F), ring_substitutions(A,C).
(r16) great_rsd(A,B) :- ring_subst_3(A,C), polar(D,F), r_subst_1(B,E), ring_subst_6(A,D).
(r17) great_rsd(A,B) :- pi_doner(C,D), ring_subst_4(B,C), ring_subst_2(A,E), ring_subst_2(B,C).
(r18) great_rsd(A,B) :- ring_subst_3(A,F), r_subst_1(B,C), x_subst(A,D,E), ring_subst_4(B,E).
(r19) great_rsd(A,B) :- x_subst(B,F,E), x_subst(A,C,E), ring_subst_4(A,E), size(E,D).
(r20) great_rsd(A,B) :- ring_substitutions(B,E), ring_subst_2(A,D), x_subst(A,F,D), ring_subst_6(B,C).
(r21) great_rsd(A,B) :- n_val(A,D), x_subst(B,D,E), pi_doner(E,C), r_subst_3(A,F).
(r22) great_rsd(A,B) :- alk_groups(A,E), alk_groups(B,C), x_subst(A,C,D), ring_subst_6(A,D).
(r23) great_rsd(A,B) :- ring_substitutions(A,E), ring_subst_3(A,F), polarisable(D,C), ring_subst_6(B,D).
(r24) great_rsd(A,B) :- ring_subst_5(B,E), ring_subst_3(A,D), x_subst(A,C,F), r_subst_3(A,C).
(r25) great_rsd(A,B) :- x_subst(A,C,E), sigma(E,F), sigma(E,D), alk_groups(B,C).
(r26) great_rsd(A,B) :- gt(D,C), ring_subst_2(A,F), x_subst(A,C,F), x_subst(B,D,E).
(r27) great_rsd(A,B) :- pi_acceptor(D,E), pi_acceptor(F,C), ring_subst_5(B,F), ring_subst_6(A,D).
(r28) great_rsd(A,B) :- ring_substitutions(A,D), x_subst(A,D,C), x_subst(B,E,F), ring_subst_6(B,F).
(r29) great_rsd(A,B) :- ring_subst_2(A,F), x_subst(B,D,C), ring_subst_5(B,F), ring_subst_4(B,E).
(r30) great_rsd(A,B) :- x_subst(B,F,E), ring_subst_6(A,E), ring_subst_6(B,C), pi_doner(E,D).
(r31) great_rsd(A,B) :- gt(C,E), gt(D,C), ring_subst_2(B,F), alk_groups(A,D).
(r32) great_rsd(A,B) :- h_acceptor(C,F), ring_subst_6(B,C), ring_subst_2(A,D), great_h_acc(F,E).
(r33) great_rsd(A,B) :- ring_subst_2(A,F), ring_substitutions(B,E), ring_subst_4(B,F), x_subst(A,C,D).
(r34) great_rsd(A,B) :- r_subst_1(B,D), ring_subst_5(A,E), ring_subst_3(A,C), r_subst_3(B,F).
(r35) great_rsd(A,B) :- alk_groups(A,E), x_subst(B,D,C), n_val(A,D), pi_acceptor(C,F).
(r36) great_rsd(A,B) :- flex(F,D), ring_subst_4(A,F), x_subst(B,E,F), sigma(F,C).
(r37) great_rsd(A,B) :- x_subst(A,D,F), ring_subst_3(A,F), ring_substitutions(B,E), ring_subst_4(A,C).
(r38) great_rsd(A,B) :- ring_subst_5(B,E), r_subst_1(A,C), n_val(A,F), x_subst(A,D,E).
(r39) great_rsd(A,B) :- h_doner(C,F), ring_subst_5(B,C), h_acceptor(C,D), x_subst(A,E,C).
(r40) great_rsd(A,B) :- ring_subst_6(B,E), ring_subst_4(A,F), ring_subst_6(A,C), x_subst(B,D,E).
(r41) great_rsd(A,B) :- h_acceptor(E,D), ring_subst_4(A,C), ring_subst_6(B,F), ring_subst_3(A,E).
(r42) great_rsd(A,B) :- r_subst_2(B,D), ring_subst_6(B,C), r_subst_2(B,E), r_subst_2(A,F).
(r43) great_rsd(A,B) :- ring_subst_3(A,F), polarisable(F,E), h_doner(C,D), ring_subst_2(B,C).
(r44) great_rsd(A,B) :- x_subst(A,D,C), x_subst(A,D,E), pi_doner(C,F), ring_subst_2(B,C).
(r45) great_rsd(A,B) :- x_subst(B,D,F), gt(D,C), r_subst_1(A,E), ring_subst_5(A,F).
(r46) great_rsd(A,B) :- n_val(A,D), r_subst_3(B,E), r_subst_1(B,C), n_val(B,E).
(r47) great_rsd(A,B) :- h_doner(F,E), ring_substitutions(A,D), ring_subst_2(B,F), r_subst_3(A,C).
(r48) great_rsd(A,B) :- ring_subst_4(B,D), ring_subst_4(A,E), r_subst_3(A,C), ring_subst_2(A,E).
(r49) great_rsd(A,B) :- ring_substitutions(A,D), ring_subst_6(B,C), ring_substitutions(A,E), n_val(A,F).
(r50) great_rsd(A,B) :- ring_substitutions(B,D), ring_substitutions(A,D), r_subst_3(A,E), r_subst_1(B,C).
(r51) great_rsd(A,B) :- polarisable(D,F), alk_groups(A,C), ring_subst_2(B,D), flex(D,E).
(r52) great_rsd(A,B) :- h_acceptor(E,F), ring_subst_5(A,C), h_acceptor(C,D), ring_subst_4(B,E).
(r53) great_rsd(A,B) :- alk_groups(A,C), ring_subst_5(B,D), ring_subst_4(A,F), ring_subst_3(A,E).
(r54) great_rsd(A,B) :- n_val(B,F), x_subst(A,E,D), size(D,C), ring_subst_6(A,D).
(r55) great_rsd(A,B) :- ring_subst_6(B,C), ring_subst_6(B,F), x_subst(A,D,E), ring_subst_2(B,C).
(r56) great_rsd(A,B) :- alk_groups(B,C), alk_groups(A,D), pi_acceptor(E,F), x_subst(B,C,E).
(r57) great_rsd(A,B) :- ring_subst_6(A,C), ring_subst_2(B,E), size(E,F), ring_subst_6(A,D).
(r58) great_rsd(A,B) :- ring_subst_3(B,D), x_subst(B,C,D), n_val(B,F), ring_subst_3(A,E).
(r59) great_rsd(A,B) :- ring_subst_5(A,C), h_acceptor(F,E), ring_subst_4(B,F), n_val(A,D).
(r60) great_rsd(A,B) :- h_acceptor(E,C), ring_subst_6(B,F), ring_subst_3(A,E), ring_subst_6(A,D).
====================
MaxSAT solving... (2118 vars, 15346 hard, 678 soft)
number of rules: 62
program size: 289
(inv1) inv1(X1,X2,X3,X4,X5,X6,X7,X8) :- x_subst(X1,X2,X3), x_subst(X4,X5,X6), ring_subst_4(X7,X8).
(inv2) inv2(X1,X2,X3,X4,X5,X6,X7,X8,X9,X10) :- x_subst(X1,X2,X3), x_subst(X4,X5,X6), ring_subst_6(X7,X8), ring_subst_6(X9,X10).
(r1) great_rsd(A,B) :- ring_subst_6(B,C), r_subst_1(A,D), n_val(A,E), polarisable(C,F).
(r2) great_rsd(A,B) :- pi_doner(D,C), ring_subst_6(A,D), ring_subst_4(B,E), ring_substitutions(B,F).
(r3) great_rsd(A,B) :- r_subst_1(B,E), ring_subst_4(B,F), h_acceptor(F,D), ring_substitutions(A,C).
(r4) great_rsd(A,B) :- inv1(B,F,D,B,F,D,B,C), flex(D,E), ring_subst_6(A,C).
(r5) great_rsd(A,B) :- ring_subst_3(B,F), ring_subst_3(A,D), flex(D,E), n_val(A,C).
(r6) great_rsd(A,B) :- n_val(B,F), r_subst_3(A,D), r_subst_1(B,E), gt(F,C).
(r7) great_rsd(A,B) :- ring_subst_3(A,C), ring_subst_3(A,F), ring_subst_6(A,E), n_val(B,D).
(r8) great_rsd(A,B) :- inv1(B,C,D,B,C,D,B,F), ring_subst_2(A,F), r_subst_3(B,E).
(r9) great_rsd(A,B) :- ring_subst_5(B,E), n_val(B,D), ring_subst_5(A,F), n_val(B,C).
(r10) great_rsd(A,B) :- r_subst_3(A,D), x_subst(B,E,F), size(F,C), alk_groups(B,D).
(r11) great_rsd(A,B) :- ring_substitutions(B,E), alk_groups(A,C), flex(F,D), ring_subst_6(A,F).
(r12) great_rsd(A,B) :- ring_subst_4(A,C), ring_subst_4(B,F), h_doner(D,E), ring_subst_6(A,D).
(r13) great_rsd(A,B) :- n_val(B,F), ring_subst_5(B,C), x_subst(B,D,E), ring_substitutions(A,F).
(r14) great_rsd(A,B) :- n_val(B,D), ring_subst_5(A,E), gt(D,C), alk_groups(B,D).
(r15) great_rsd(A,B) :- ring_substitutions(A,E), n_val(A,D), ring_subst_4(B,F), ring_substitutions(A,C).
(r16) great_rsd(A,B) :- ring_subst_3(A,C), polar(D,F), r_subst_1(B,E), ring_subst_6(A,D).
(r17) great_rsd(A,B) :- pi_doner(C,D), ring_subst_4(B,C), ring_subst_2(A,E), ring_subst_2(B,C).
(r18) great_rsd(A,B) :- inv1(A,D,E,A,D,E,B,E), ring_subst_3(A,F), r_subst_1(B,C).
(r19) great_rsd(A,B) :- inv1(B,F,E,A,C,E,A,E), size(E,D).
(r20) great_rsd(A,B) :- inv2(A,F,D,A,F,D,B,C,B,C), ring_substitutions(B,E), ring_subst_2(A,D).
(r21) great_rsd(A,B) :- n_val(A,D), x_subst(B,D,E), pi_doner(E,C), r_subst_3(A,F).
(r22) great_rsd(A,B) :- inv2(A,C,D,A,C,D,A,D,A,D), alk_groups(A,E), alk_groups(B,C).
(r23) great_rsd(A,B) :- ring_substitutions(A,E), ring_subst_3(A,F), polarisable(D,C), ring_subst_6(B,D).
(r24) great_rsd(A,B) :- ring_subst_5(B,E), ring_subst_3(A,D), x_subst(A,C,F), r_subst_3(A,C).
(r25) great_rsd(A,B) :- x_subst(A,C,E), sigma(E,F), sigma(E,D), alk_groups(B,C).
(r26) great_rsd(A,B) :- gt(D,C), ring_subst_2(A,F), x_subst(A,C,F), x_subst(B,D,E).
(r27) great_rsd(A,B) :- pi_acceptor(D,E), pi_acceptor(F,C), ring_subst_5(B,F), ring_subst_6(A,D).
(r28) great_rsd(A,B) :- inv2(A,D,C,B,E,F,B,F,B,F), ring_substitutions(A,D).
(r29) great_rsd(A,B) :- inv1(B,D,C,B,D,C,B,E), ring_subst_2(A,F), ring_subst_5(B,F).
(r30) great_rsd(A,B) :- inv2(B,F,E,B,F,E,A,E,B,C), pi_doner(E,D).
(r31) great_rsd(A,B) :- gt(C,E), gt(D,C), ring_subst_2(B,F), alk_groups(A,D).
(r32) great_rsd(A,B) :- h_acceptor(C,F), ring_subst_6(B,C), ring_subst_2(A,D), great_h_acc(F,E).
(r33) great_rsd(A,B) :- inv1(A,C,D,A,C,D,B,F), ring_subst_2(A,F), ring_substitutions(B,E).
(r34) great_rsd(A,B) :- r_subst_1(B,D), ring_subst_5(A,E), ring_subst_3(A,C), r_subst_3(B,F).
(r35) great_rsd(A,B) :- alk_groups(A,E), x_subst(B,D,C), n_val(A,D), pi_acceptor(C,F).
(r36) great_rsd(A,B) :- inv1(B,E,F,B,E,F,A,F), flex(F,D), sigma(F,C).
(r37) great_rsd(A,B) :- inv1(A,D,F,A,D,F,A,C), ring_subst_3(A,F), ring_substitutions(B,E).
(r38) great_rsd(A,B) :- ring_subst_5(B,E), r_subst_1(A,C), n_val(A,F), x_subst(A,D,E).
(r39) great_rsd(A,B) :- h_doner(C,F), ring_subst_5(B,C), h_acceptor(C,D), x_subst(A,E,C).
(r40) great_rsd(A,B) :- inv2(B,D,E,B,D,E,B,E,A,C), ring_subst_4(A,F).
(r41) great_rsd(A,B) :- h_acceptor(E,D), ring_subst_4(A,C), ring_subst_6(B,F), ring_subst_3(A,E).
(r42) great_rsd(A,B) :- r_subst_2(B,D), ring_subst_6(B,C), r_subst_2(B,E), r_subst_2(A,F).
(r43) great_rsd(A,B) :- ring_subst_3(A,F), polarisable(F,E), h_doner(C,D), ring_subst_2(B,C).
(r44) great_rsd(A,B) :- x_subst(A,D,C), x_subst(A,D,E), pi_doner(C,F), ring_subst_2(B,C).
(r45) great_rsd(A,B) :- x_subst(B,D,F), gt(D,C), r_subst_1(A,E), ring_subst_5(A,F).
(r46) great_rsd(A,B) :- n_val(A,D), r_subst_3(B,E), r_subst_1(B,C), n_val(B,E).
(r47) great_rsd(A,B) :- h_doner(F,E), ring_substitutions(A,D), ring_subst_2(B,F), r_subst_3(A,C).
(r48) great_rsd(A,B) :- ring_subst_4(B,D), ring_subst_4(A,E), r_subst_3(A,C), ring_subst_2(A,E).
(r49) great_rsd(A,B) :- ring_substitutions(A,D), ring_subst_6(B,C), ring_substitutions(A,E), n_val(A,F).
(r50) great_rsd(A,B) :- ring_substitutions(B,D), ring_substitutions(A,D), r_subst_3(A,E), r_subst_1(B,C).
(r51) great_rsd(A,B) :- polarisable(D,F), alk_groups(A,C), ring_subst_2(B,D), flex(D,E).
(r52) great_rsd(A,B) :- h_acceptor(E,F), ring_subst_5(A,C), h_acceptor(C,D), ring_subst_4(B,E).
(r53) great_rsd(A,B) :- alk_groups(A,C), ring_subst_5(B,D), ring_subst_4(A,F), ring_subst_3(A,E).
(r54) great_rsd(A,B) :- inv2(A,E,D,A,E,D,A,D,A,D), n_val(B,F), size(D,C).
(r55) great_rsd(A,B) :- inv2(A,D,E,A,D,E,B,C,B,F), ring_subst_2(B,C).
(r56) great_rsd(A,B) :- alk_groups(B,C), alk_groups(A,D), pi_acceptor(E,F), x_subst(B,C,E).
(r57) great_rsd(A,B) :- ring_subst_6(A,C), ring_subst_2(B,E), size(E,F), ring_subst_6(A,D).
(r58) great_rsd(A,B) :- ring_subst_3(B,D), x_subst(B,C,D), n_val(B,F), ring_subst_3(A,E).
(r59) great_rsd(A,B) :- ring_subst_5(A,C), h_acceptor(F,E), ring_subst_4(B,F), n_val(A,D).
(r60) great_rsd(A,B) :- h_acceptor(E,C), ring_subst_6(B,F), ring_subst_3(A,E), ring_subst_6(A,D).
====================
