number of rules: 100
program size: 494
(r1) great_ne(A,B) :- r_subst_1(B,D), ring_subst_4(A,C), ring_subst_4(A,F), ring_substitutions(A,E).
(r2) great_ne(A,B) :- alk_groups(B,D), ring_subst_2(B,C), r_subst_2(A,E), ring_subst_4(B,C).
(r3) great_ne(A,B) :- great_h_acc(C,E), ring_subst_6(A,F), ring_substitutions(B,D), h_acceptor(F,C).
(r4) great_ne(A,B) :- ring_substitutions(B,F), size(E,D), x_subst(A,F,E), x_subst(A,C,E).
(r5) great_ne(A,B) :- alk_groups(B,D), ring_subst_3(A,F), r_subst_3(A,E), ring_substitutions(B,C).
(r6) great_ne(A,B) :- ring_subst_3(B,E), size(E,F), x_subst(A,C,E), ring_subst_4(A,D).
(r7) great_ne(A,B) :- ring_subst_4(B,F), r_subst_1(A,E), x_subst(A,D,F), r_subst_1(A,C).
(r8) great_ne(A,B) :- x_subst(A,D,E), ring_subst_4(B,C), ring_subst_5(A,E), polarisable(E,F).
(r9) great_ne(A,B) :- size(F,C), r_subst_1(A,D), alk_groups(B,E), ring_subst_6(A,F).
(r10) great_ne(A,B) :- r_subst_1(B,E), pi_doner(C,D), x_subst(A,F,C), ring_subst_6(B,C).
(r11) great_ne(A,B) :- n_val(A,F), alk_groups(A,E), x_subst(B,F,D), r_subst_1(A,C).
(r12) great_ne(A,B) :- ring_subst_5(A,C), ring_subst_5(B,D), flex(C,F), ring_substitutions(A,E).
(r13) great_ne(A,B) :- r_subst_1(A,D), alk_groups(B,C), x_subst(A,C,E).
(r14) great_ne(A,B) :- ring_subst_2(A,E), pi_doner(F,D), ring_subst_4(B,F), ring_subst_5(B,C).
(r15) great_ne(A,B) :- r_subst_1(B,D), ring_subst_3(A,E), ring_subst_6(B,F), r_subst_1(B,C).
(r16) great_ne(A,B) :- ring_subst_5(B,F), ring_subst_5(A,F), x_subst(B,E,F), x_subst(A,D,C).
(r17) great_ne(A,B) :- ring_subst_5(A,F), ring_subst_3(B,E), ring_subst_6(B,D), h_acceptor(D,C).
(r18) great_ne(A,B) :- r_subst_3(B,F), ring_subst_4(B,C), r_subst_2(A,E), size(C,D).
(r19) great_ne(A,B) :- ring_subst_5(A,F), ring_subst_5(B,E), ring_subst_2(A,C), alk_groups(A,D).
(r20) great_ne(A,B) :- ring_subst_6(A,F), great_sigma(C,D), ring_subst_5(B,E), sigma(E,C).
(r21) great_ne(A,B) :- ring_subst_4(B,F), alk_groups(A,E), n_val(B,D), h_acceptor(F,C).
(r22) great_ne(A,B) :- ring_subst_4(B,F), r_subst_3(A,D), pi_acceptor(F,E), ring_subst_5(B,C).
(r23) great_ne(A,B) :- ring_subst_5(A,C), h_doner(C,E), ring_subst_2(A,F), ring_subst_3(B,D).
(r24) great_ne(A,B) :- pi_acceptor(D,F), r_subst_2(A,E), sigma(D,C), ring_subst_2(B,D).
(r25) great_ne(A,B) :- ring_substitutions(A,C), size(D,E), ring_subst_2(A,F), x_subst(B,C,D).
(r26) great_ne(A,B) :- ring_subst_2(B,E), polarisable(E,C), r_subst_1(B,F), ring_subst_2(A,D).
(r27) great_ne(A,B) :- ring_subst_2(B,E), ring_subst_6(A,D), ring_subst_2(A,F), h_acceptor(F,C).
(r28) great_ne(A,B) :- ring_subst_6(A,D), ring_subst_2(A,C), r_subst_1(A,E), r_subst_1(B,F).
(r29) great_ne(A,B) :- r_subst_3(A,E), ring_substitutions(A,D), x_subst(B,D,C), alk_groups(A,F).
(r30) great_ne(A,B) :- flex(E,F), r_subst_2(B,C), ring_subst_6(A,E), ring_subst_4(A,D).
(r31) great_ne(A,B) :- x_subst(B,C,E), r_subst_3(A,C), alk_groups(A,D), ring_substitutions(A,D).
(r32) great_ne(A,B) :- size(D,F), ring_subst_6(B,D), ring_subst_6(A,D), x_subst(B,E,C).
(r33) great_ne(A,B) :- n_val(A,E), alk_groups(B,E), x_subst(A,D,C).
(r34) great_ne(A,B) :- ring_subst_3(A,E), ring_subst_4(B,C), ring_subst_4(B,D), r_subst_1(B,F).
(r35) great_ne(A,B) :- r_subst_1(A,D), ring_subst_2(A,C), r_subst_2(B,F), ring_substitutions(A,E).
(r36) great_ne(A,B) :- polar(C,F), x_subst(A,E,C), ring_subst_4(B,C), h_doner(C,D).
(r37) great_ne(A,B) :- r_subst_3(A,C), ring_subst_5(A,D), ring_substitutions(B,E), ring_subst_3(B,D).
(r38) great_ne(A,B) :- ring_subst_3(B,C), r_subst_3(A,D), size(C,E), alk_groups(A,F).
(r39) great_ne(A,B) :- x_subst(B,C,E), x_subst(A,D,F), alk_groups(B,C), r_subst_3(A,D).
(r40) great_ne(A,B) :- polarisable(C,F), x_subst(A,E,C), ring_substitutions(B,E), ring_subst_3(A,D).
(r41) great_ne(A,B) :- ring_substitutions(B,F), x_subst(A,D,E), x_subst(B,F,C), n_val(B,F).
(r42) great_ne(A,B) :- ring_subst_4(B,C), ring_subst_4(B,F), ring_subst_6(A,E), ring_subst_3(A,D).
(r43) great_ne(A,B) :- r_subst_2(A,D), ring_subst_2(B,C), r_subst_1(A,E), ring_subst_4(B,C).
(r44) great_ne(A,B) :- h_doner(E,D), r_subst_3(B,F), n_val(B,C), x_subst(A,C,E).
(r45) great_ne(A,B) :- x_subst(B,D,F), x_subst(B,E,F), n_val(A,C), ring_substitutions(B,C).
(r46) great_ne(A,B) :- alk_groups(B,D), ring_subst_4(A,E), sigma(E,F), x_subst(A,D,C).
(r47) great_ne(A,B) :- ring_subst_4(A,F), ring_subst_4(A,C), ring_subst_2(B,F), x_subst(A,E,D).
(r48) great_ne(A,B) :- x_subst(B,D,C), r_subst_3(B,D), r_subst_2(A,E), ring_subst_6(B,C).
(r49) great_ne(A,B) :- ring_subst_4(A,E), x_subst(A,C,D), alk_groups(B,C), r_subst_1(B,F).
(r50) great_ne(A,B) :- r_subst_3(A,E), n_val(B,E), h_doner(D,F), x_subst(B,C,D).
(r51) great_ne(A,B) :- ring_subst_6(A,C), ring_subst_3(B,E), polar(E,D), polar(E,F).
(r52) great_ne(A,B) :- r_subst_1(A,D), h_acceptor(E,C), ring_subst_2(B,E), polar(E,F).
(r53) great_ne(A,B) :- alk_groups(B,D), size(E,C), ring_subst_5(A,E), ring_subst_6(A,E).
(r54) great_ne(A,B) :- r_subst_3(B,C), x_subst(A,C,D), x_subst(A,F,E), ring_substitutions(A,F).
(r55) great_ne(A,B) :- ring_subst_4(B,F), r_subst_2(B,C), ring_substitutions(A,E), ring_subst_2(A,D).
(r56) great_ne(A,B) :- ring_subst_5(A,D), ring_subst_2(B,C), ring_subst_2(B,F), size(F,E).
(r57) great_ne(A,B) :- x_subst(A,E,F), gt(E,D), x_subst(B,C,F).
(r58) great_ne(A,B) :- gt(C,E), n_val(A,C), r_subst_3(A,D), r_subst_3(B,E).
(r59) great_ne(A,B) :- size(D,F), r_subst_3(B,C), ring_subst_5(A,D), ring_substitutions(B,E).
(r60) great_ne(A,B) :- pi_doner(C,E), ring_subst_4(B,C), ring_subst_3(B,F), x_subst(A,D,C).
(r61) great_ne(A,B) :- flex(E,F), ring_subst_4(A,E), ring_subst_2(B,D), sigma(E,C).
(r62) great_ne(A,B) :- ring_subst_2(A,E), x_subst(A,C,D), n_val(B,F), x_subst(B,F,E).
(r63) great_ne(A,B) :- flex(E,F), ring_subst_2(A,E), ring_subst_4(B,C), ring_subst_3(A,D).
(r64) great_ne(A,B) :- ring_subst_6(A,C), ring_subst_2(A,E), ring_substitutions(B,D), sigma(C,F).
(r65) great_ne(A,B) :- ring_subst_3(B,E), polarisable(E,C), r_subst_3(B,D), ring_subst_2(A,F).
(r66) great_ne(A,B) :- size(F,D), ring_subst_3(B,C), ring_subst_3(A,F), ring_substitutions(A,E).
(r67) great_ne(A,B) :- polarisable(D,C), r_subst_3(B,F), x_subst(A,E,D), alk_groups(A,F).
(r68) great_ne(A,B) :- ring_subst_6(A,D), ring_subst_3(B,C), ring_subst_2(A,C), flex(C,E).
(r69) great_ne(A,B) :- x_subst(A,D,E), ring_subst_5(B,E), x_subst(A,C,E).
(r70) great_ne(A,B) :- ring_subst_3(B,E), ring_subst_2(B,F), x_subst(B,C,D), ring_subst_3(A,D).
(r71) great_ne(A,B) :- x_subst(A,D,E), ring_subst_2(B,C), ring_subst_2(A,F), ring_subst_4(B,C).
(r72) great_ne(A,B) :- alk_groups(B,D), ring_subst_5(A,C), flex(C,E), n_val(A,F).
(r73) great_ne(A,B) :- n_val(A,C), n_val(A,F), ring_subst_4(B,D), r_subst_3(B,E).
(r74) great_ne(A,B) :- alk_groups(B,D), n_val(A,E), ring_subst_5(A,C).
(r75) great_ne(A,B) :- sigma(E,D), ring_subst_3(A,E), r_subst_1(B,C), polar(E,F).
(r76) great_ne(A,B) :- ring_subst_5(B,F), h_doner(D,E), ring_subst_6(A,D), r_subst_2(B,C).
(r77) great_ne(A,B) :- ring_subst_3(B,E), h_acceptor(E,F), h_doner(E,C), ring_subst_4(A,D).
(r78) great_ne(A,B) :- ring_subst_5(A,F), r_subst_1(B,C), x_subst(A,E,D), ring_subst_4(A,D).
(r79) great_ne(A,B) :- ring_subst_3(B,E), ring_subst_6(A,D), ring_subst_2(A,F), h_acceptor(F,C).
(r80) great_ne(A,B) :- ring_subst_5(A,C), x_subst(A,D,E), ring_subst_3(A,E), ring_subst_6(B,F).
(r81) great_ne(A,B) :- ring_subst_6(A,C), ring_subst_6(B,F), size(F,E), ring_subst_4(B,D).
(r82) great_ne(A,B) :- ring_subst_6(A,C), ring_subst_3(B,E), ring_substitutions(A,D).
(r83) great_ne(A,B) :- h_acceptor(C,F), ring_subst_3(B,C), pi_doner(C,E), ring_subst_2(A,D).
(r84) great_ne(A,B) :- size(F,C), ring_subst_6(A,F), x_subst(B,D,E), r_subst_3(A,D).
(r85) great_ne(A,B) :- x_subst(A,F,D), n_val(B,C), ring_subst_6(A,D), x_subst(B,C,E).
(r86) great_ne(A,B) :- ring_subst_6(A,C), ring_subst_6(B,F), polarisable(C,E), ring_subst_4(B,D).
(r87) great_ne(A,B) :- ring_subst_2(B,C), x_subst(A,E,D), ring_subst_2(B,D), r_subst_2(A,F).
(r88) great_ne(A,B) :- r_subst_3(A,E), ring_subst_6(B,F), n_val(B,D), ring_subst_6(B,C).
(r89) great_ne(A,B) :- x_subst(A,C,F), x_subst(B,C,F), alk_groups(A,E), x_subst(B,C,D).
(r90) great_ne(A,B) :- pi_acceptor(C,F), ring_subst_5(B,D), alk_groups(A,E), ring_subst_6(B,C).
(r91) great_ne(A,B) :- ring_subst_6(A,C), r_subst_1(A,E), r_subst_2(B,F), ring_subst_2(A,D).
(r92) great_ne(A,B) :- r_subst_3(A,C), x_subst(B,E,F), alk_groups(B,C), ring_substitutions(B,D).
(r93) great_ne(A,B) :- x_subst(B,F,C), ring_subst_2(B,C), x_subst(B,F,E), x_subst(A,D,C).
(r94) great_ne(A,B) :- ring_subst_2(B,E), r_subst_3(A,D), n_val(A,F), h_acceptor(E,C).
(r95) great_ne(A,B) :- ring_subst_2(A,E), polarisable(C,D), ring_subst_2(A,F), ring_subst_5(B,C).
(r96) great_ne(A,B) :- x_subst(A,C,D), h_doner(D,F), ring_substitutions(B,E), ring_subst_3(A,D).
(r97) great_ne(A,B) :- ring_subst_3(A,E), ring_subst_4(B,F), alk_groups(A,D), ring_subst_5(B,C).
(r98) great_ne(A,B) :- r_subst_1(B,D), x_subst(B,F,C), ring_subst_3(B,C), r_subst_2(A,E).
(r99) great_ne(A,B) :- n_val(B,F), ring_subst_3(A,E), ring_subst_3(B,C), polarisable(C,D).
(r100) great_ne(A,B) :- ring_subst_4(B,C), x_subst(B,D,E), n_val(A,F), r_subst_3(A,D).
====================
MaxSAT solving... (3430 vars, 23596 hard, 1066 soft)
number of rules: 102
program size: 482
(inv1) inv1(X1,X2,X3,X4,X5,X6) :- ring_subst_4(X1,X2), ring_subst_4(X3,X4), ring_subst_3(X5,X6).
(inv2) inv2(X1,X2,X3,X4,X5,X6,X7,X8,X9) :- x_subst(X1,X2,X3), x_subst(X4,X5,X6), x_subst(X7,X8,X9).
(r1) great_ne(A,B) :- r_subst_1(B,D), ring_subst_4(A,C), ring_subst_4(A,F), ring_substitutions(A,E).
(r2) great_ne(A,B) :- alk_groups(B,D), ring_subst_2(B,C), r_subst_2(A,E), ring_subst_4(B,C).
(r3) great_ne(A,B) :- great_h_acc(C,E), ring_subst_6(A,F), ring_substitutions(B,D), h_acceptor(F,C).
(r4) great_ne(A,B) :- ring_substitutions(B,F), size(E,D), x_subst(A,F,E), x_subst(A,C,E).
(r5) great_ne(A,B) :- alk_groups(B,D), ring_subst_3(A,F), r_subst_3(A,E), ring_substitutions(B,C).
(r6) great_ne(A,B) :- inv1(A,D,A,D,B,E), size(E,F), x_subst(A,C,E).
(r7) great_ne(A,B) :- inv2(A,D,F,A,D,F,A,D,F), ring_subst_4(B,F), r_subst_1(A,E), r_subst_1(A,C).
(r8) great_ne(A,B) :- inv2(A,D,E,A,D,E,A,D,E), ring_subst_4(B,C), ring_subst_5(A,E), polarisable(E,F).
(r9) great_ne(A,B) :- size(F,C), r_subst_1(A,D), alk_groups(B,E), ring_subst_6(A,F).
(r10) great_ne(A,B) :- r_subst_1(B,E), pi_doner(C,D), x_subst(A,F,C), ring_subst_6(B,C).
(r11) great_ne(A,B) :- n_val(A,F), alk_groups(A,E), x_subst(B,F,D), r_subst_1(A,C).
(r12) great_ne(A,B) :- ring_subst_5(A,C), ring_subst_5(B,D), flex(C,F), ring_substitutions(A,E).
(r13) great_ne(A,B) :- r_subst_1(A,D), alk_groups(B,C), x_subst(A,C,E).
(r14) great_ne(A,B) :- ring_subst_2(A,E), pi_doner(F,D), ring_subst_4(B,F), ring_subst_5(B,C).
(r15) great_ne(A,B) :- r_subst_1(B,D), ring_subst_3(A,E), ring_subst_6(B,F), r_subst_1(B,C).
(r16) great_ne(A,B) :- inv2(B,E,F,A,D,C,B,E,F), ring_subst_5(B,F), ring_subst_5(A,F).
(r17) great_ne(A,B) :- ring_subst_5(A,F), ring_subst_3(B,E), ring_subst_6(B,D), h_acceptor(D,C).
(r18) great_ne(A,B) :- r_subst_3(B,F), ring_subst_4(B,C), r_subst_2(A,E), size(C,D).
(r19) great_ne(A,B) :- ring_subst_5(A,F), ring_subst_5(B,E), ring_subst_2(A,C), alk_groups(A,D).
(r20) great_ne(A,B) :- ring_subst_6(A,F), great_sigma(C,D), ring_subst_5(B,E), sigma(E,C).
(r21) great_ne(A,B) :- ring_subst_4(B,F), alk_groups(A,E), n_val(B,D), h_acceptor(F,C).
(r22) great_ne(A,B) :- ring_subst_4(B,F), r_subst_3(A,D), pi_acceptor(F,E), ring_subst_5(B,C).
(r23) great_ne(A,B) :- ring_subst_5(A,C), h_doner(C,E), ring_subst_2(A,F), ring_subst_3(B,D).
(r24) great_ne(A,B) :- pi_acceptor(D,F), r_subst_2(A,E), sigma(D,C), ring_subst_2(B,D).
(r25) great_ne(A,B) :- ring_substitutions(A,C), size(D,E), ring_subst_2(A,F), x_subst(B,C,D).
(r26) great_ne(A,B) :- ring_subst_2(B,E), polarisable(E,C), r_subst_1(B,F), ring_subst_2(A,D).
(r27) great_ne(A,B) :- ring_subst_2(B,E), ring_subst_6(A,D), ring_subst_2(A,F), h_acceptor(F,C).
(r28) great_ne(A,B) :- ring_subst_6(A,D), ring_subst_2(A,C), r_subst_1(A,E), r_subst_1(B,F).
(r29) great_ne(A,B) :- r_subst_3(A,E), ring_substitutions(A,D), x_subst(B,D,C), alk_groups(A,F).
(r30) great_ne(A,B) :- flex(E,F), r_subst_2(B,C), ring_subst_6(A,E), ring_subst_4(A,D).
(r31) great_ne(A,B) :- x_subst(B,C,E), r_subst_3(A,C), alk_groups(A,D), ring_substitutions(A,D).
(r32) great_ne(A,B) :- size(D,F), ring_subst_6(B,D), ring_subst_6(A,D), x_subst(B,E,C).
(r33) great_ne(A,B) :- n_val(A,E), alk_groups(B,E), x_subst(A,D,C).
(r34) great_ne(A,B) :- inv1(B,C,B,D,A,E), r_subst_1(B,F).
(r35) great_ne(A,B) :- r_subst_1(A,D), ring_subst_2(A,C), r_subst_2(B,F), ring_substitutions(A,E).
(r36) great_ne(A,B) :- inv2(A,E,C,A,E,C,A,E,C), polar(C,F), ring_subst_4(B,C), h_doner(C,D).
(r37) great_ne(A,B) :- r_subst_3(A,C), ring_subst_5(A,D), ring_substitutions(B,E), ring_subst_3(B,D).
(r38) great_ne(A,B) :- ring_subst_3(B,C), r_subst_3(A,D), size(C,E), alk_groups(A,F).
(r39) great_ne(A,B) :- x_subst(B,C,E), x_subst(A,D,F), alk_groups(B,C), r_subst_3(A,D).
(r40) great_ne(A,B) :- polarisable(C,F), x_subst(A,E,C), ring_substitutions(B,E), ring_subst_3(A,D).
(r41) great_ne(A,B) :- inv2(A,D,E,B,F,C,A,D,E), ring_substitutions(B,F), n_val(B,F).
(r42) great_ne(A,B) :- inv1(B,C,B,F,A,D), ring_subst_6(A,E).
(r43) great_ne(A,B) :- r_subst_2(A,D), ring_subst_2(B,C), r_subst_1(A,E), ring_subst_4(B,C).
(r44) great_ne(A,B) :- h_doner(E,D), r_subst_3(B,F), n_val(B,C), x_subst(A,C,E).
(r45) great_ne(A,B) :- inv2(B,D,F,B,E,F,B,D,F), n_val(A,C), ring_substitutions(B,C).
(r46) great_ne(A,B) :- alk_groups(B,D), ring_subst_4(A,E), sigma(E,F), x_subst(A,D,C).
(r47) great_ne(A,B) :- ring_subst_4(A,F), ring_subst_4(A,C), ring_subst_2(B,F), x_subst(A,E,D).
(r48) great_ne(A,B) :- x_subst(B,D,C), r_subst_3(B,D), r_subst_2(A,E), ring_subst_6(B,C).
(r49) great_ne(A,B) :- ring_subst_4(A,E), x_subst(A,C,D), alk_groups(B,C), r_subst_1(B,F).
(r50) great_ne(A,B) :- inv2(B,C,D,B,C,D,B,C,D), r_subst_3(A,E), n_val(B,E), h_doner(D,F).
(r51) great_ne(A,B) :- ring_subst_6(A,C), ring_subst_3(B,E), polar(E,D), polar(E,F).
(r52) great_ne(A,B) :- r_subst_1(A,D), h_acceptor(E,C), ring_subst_2(B,E), polar(E,F).
(r53) great_ne(A,B) :- alk_groups(B,D), size(E,C), ring_subst_5(A,E), ring_subst_6(A,E).
(r54) great_ne(A,B) :- inv2(A,C,D,A,F,E,A,C,D), r_subst_3(B,C), ring_substitutions(A,F).
(r55) great_ne(A,B) :- ring_subst_4(B,F), r_subst_2(B,C), ring_substitutions(A,E), ring_subst_2(A,D).
(r56) great_ne(A,B) :- ring_subst_5(A,D), ring_subst_2(B,C), ring_subst_2(B,F), size(F,E).
(r57) great_ne(A,B) :- inv2(A,E,F,B,C,F,A,E,F), gt(E,D).
(r58) great_ne(A,B) :- gt(C,E), n_val(A,C), r_subst_3(A,D), r_subst_3(B,E).
(r59) great_ne(A,B) :- size(D,F), r_subst_3(B,C), ring_subst_5(A,D), ring_substitutions(B,E).
(r60) great_ne(A,B) :- inv1(B,C,B,C,B,F), inv2(A,D,C,A,D,C,A,D,C), pi_doner(C,E).
(r61) great_ne(A,B) :- flex(E,F), ring_subst_4(A,E), ring_subst_2(B,D), sigma(E,C).
(r62) great_ne(A,B) :- inv2(A,C,D,B,F,E,A,C,D), ring_subst_2(A,E), n_val(B,F).
(r63) great_ne(A,B) :- inv1(B,C,B,C,A,D), flex(E,F), ring_subst_2(A,E).
(r64) great_ne(A,B) :- ring_subst_6(A,C), ring_subst_2(A,E), ring_substitutions(B,D), sigma(C,F).
(r65) great_ne(A,B) :- ring_subst_3(B,E), polarisable(E,C), r_subst_3(B,D), ring_subst_2(A,F).
(r66) great_ne(A,B) :- size(F,D), ring_subst_3(B,C), ring_subst_3(A,F), ring_substitutions(A,E).
(r67) great_ne(A,B) :- polarisable(D,C), r_subst_3(B,F), x_subst(A,E,D), alk_groups(A,F).
(r68) great_ne(A,B) :- ring_subst_6(A,D), ring_subst_3(B,C), ring_subst_2(A,C), flex(C,E).
(r69) great_ne(A,B) :- x_subst(A,D,E), ring_subst_5(B,E), x_subst(A,C,E).
(r70) great_ne(A,B) :- ring_subst_3(B,E), ring_subst_2(B,F), x_subst(B,C,D), ring_subst_3(A,D).
(r71) great_ne(A,B) :- inv2(A,D,E,A,D,E,A,D,E), ring_subst_2(B,C), ring_subst_2(A,F), ring_subst_4(B,C).
(r72) great_ne(A,B) :- alk_groups(B,D), ring_subst_5(A,C), flex(C,E), n_val(A,F).
(r73) great_ne(A,B) :- n_val(A,C), n_val(A,F), ring_subst_4(B,D), r_subst_3(B,E).
(r74) great_ne(A,B) :- alk_groups(B,D), n_val(A,E), ring_subst_5(A,C).
(r75) great_ne(A,B) :- sigma(E,D), ring_subst_3(A,E), r_subst_1(B,C), polar(E,F).
(r76) great_ne(A,B) :- ring_subst_5(B,F), h_doner(D,E), ring_subst_6(A,D), r_subst_2(B,C).
(r77) great_ne(A,B) :- inv1(A,D,A,D,B,E), h_acceptor(E,F), h_doner(E,C).
(r78) great_ne(A,B) :- ring_subst_5(A,F), r_subst_1(B,C), x_subst(A,E,D), ring_subst_4(A,D).
(r79) great_ne(A,B) :- ring_subst_3(B,E), ring_subst_6(A,D), ring_subst_2(A,F), h_acceptor(F,C).
(r80) great_ne(A,B) :- inv2(A,D,E,A,D,E,A,D,E), ring_subst_5(A,C), ring_subst_3(A,E), ring_subst_6(B,F).
(r81) great_ne(A,B) :- ring_subst_6(A,C), ring_subst_6(B,F), size(F,E), ring_subst_4(B,D).
(r82) great_ne(A,B) :- ring_subst_6(A,C), ring_subst_3(B,E), ring_substitutions(A,D).
(r83) great_ne(A,B) :- h_acceptor(C,F), ring_subst_3(B,C), pi_doner(C,E), ring_subst_2(A,D).
(r84) great_ne(A,B) :- size(F,C), ring_subst_6(A,F), x_subst(B,D,E), r_subst_3(A,D).
(r85) great_ne(A,B) :- inv2(A,F,D,B,C,E,A,F,D), n_val(B,C), ring_subst_6(A,D).
(r86) great_ne(A,B) :- ring_subst_6(A,C), ring_subst_6(B,F), polarisable(C,E), ring_subst_4(B,D).
(r87) great_ne(A,B) :- ring_subst_2(B,C), x_subst(A,E,D), ring_subst_2(B,D), r_subst_2(A,F).
(r88) great_ne(A,B) :- r_subst_3(A,E), ring_subst_6(B,F), n_val(B,D), ring_subst_6(B,C).
(r89) great_ne(A,B) :- inv2(A,C,F,B,C,F,B,C,D), alk_groups(A,E).
(r90) great_ne(A,B) :- pi_acceptor(C,F), ring_subst_5(B,D), alk_groups(A,E), ring_subst_6(B,C).
(r91) great_ne(A,B) :- ring_subst_6(A,C), r_subst_1(A,E), r_subst_2(B,F), ring_subst_2(A,D).
(r92) great_ne(A,B) :- r_subst_3(A,C), x_subst(B,E,F), alk_groups(B,C), ring_substitutions(B,D).
(r93) great_ne(A,B) :- inv2(B,F,C,B,F,E,A,D,C), ring_subst_2(B,C).
(r94) great_ne(A,B) :- ring_subst_2(B,E), r_subst_3(A,D), n_val(A,F), h_acceptor(E,C).
(r95) great_ne(A,B) :- ring_subst_2(A,E), polarisable(C,D), ring_subst_2(A,F), ring_subst_5(B,C).
(r96) great_ne(A,B) :- x_subst(A,C,D), h_doner(D,F), ring_substitutions(B,E), ring_subst_3(A,D).
(r97) great_ne(A,B) :- inv1(B,F,B,F,A,E), alk_groups(A,D), ring_subst_5(B,C).
(r98) great_ne(A,B) :- r_subst_1(B,D), x_subst(B,F,C), ring_subst_3(B,C), r_subst_2(A,E).
(r99) great_ne(A,B) :- n_val(B,F), ring_subst_3(A,E), ring_subst_3(B,C), polarisable(C,D).
(r100) great_ne(A,B) :- ring_subst_4(B,C), x_subst(B,D,E), n_val(A,F), r_subst_3(A,D).
====================
