number of rules: 50
program size: 247
(r1) great(A,B) :- h_doner(E,F), x_subst(A,C,E), n_val(B,D), n_val(A,D).
(r2) great(A,B) :- ring_subst_3(B,E), h_acceptor(E,C), x_subst(A,F,E), gt(F,D).
(r3) great(A,B) :- ring_subst_4(B,C), h_doner(D,F), ring_subst_2(B,D), r_subst_3(A,E).
(r4) great(A,B) :- x_subst(B,D,C), ring_subst_6(B,C), x_subst(A,F,E), r_subst_3(B,F).
(r5) great(A,B) :- ring_subst_2(B,E), ring_subst_4(A,D), x_subst(B,C,F), ring_subst_2(A,D).
(r6) great(A,B) :- r_subst_2(A,D), n_val(B,E), ring_subst_3(B,C), ring_subst_5(A,F).
(r7) great(A,B) :- ring_subst_4(B,E), flex(E,C), polar(E,F), ring_subst_5(A,D).
(r8) great(A,B) :- ring_subst_6(A,C), ring_subst_4(A,F), pi_doner(C,E), r_subst_2(B,D).
(r9) great(A,B) :- ring_subst_3(B,E), sigma(C,D), ring_subst_5(B,C), ring_subst_6(A,C).
(r10) great(A,B) :- n_val(A,C), gt(C,F), alk_groups(B,D), alk_groups(B,E).
(r11) great(A,B) :- ring_subst_4(B,E), flex(E,F), ring_subst_2(A,C), h_acceptor(C,D).
(r12) great(A,B) :- great_pi_acc(C,E), ring_subst_3(A,F), ring_subst_6(B,D), pi_acceptor(F,C).
(r13) great(A,B) :- r_subst_3(B,C), ring_subst_2(A,E), ring_substitutions(B,D), ring_subst_4(A,E).
(r14) great(A,B) :- r_subst_3(B,D), r_subst_1(A,C).
(r15) great(A,B) :- r_subst_1(B,C), x_subst(A,E,D), gt(E,F).
(r16) great(A,B) :- ring_subst_4(B,E), ring_subst_6(B,C), h_doner(C,F), ring_substitutions(A,D).
(r17) great(A,B) :- polar(C,F), x_subst(B,D,C), alk_groups(A,D), x_subst(B,D,E).
(r18) great(A,B) :- ring_subst_2(A,E), r_subst_3(A,F), alk_groups(B,D), ring_subst_4(B,C).
(r19) great(A,B) :- ring_subst_2(B,E), alk_groups(A,F), ring_subst_2(A,C), pi_doner(C,D).
(r20) great(A,B) :- ring_subst_3(A,E), ring_subst_3(B,C), size(C,D), r_subst_1(A,F).
(r21) great(A,B) :- alk_groups(B,C), ring_subst_2(B,D), ring_subst_6(A,D), ring_subst_6(B,D).
(r22) great(A,B) :- ring_subst_3(A,E), n_val(B,C), size(E,D), x_subst(A,C,E).
(r23) great(A,B) :- n_val(B,E), alk_groups(B,F), ring_subst_5(B,D), x_subst(A,F,C).
(r24) great(A,B) :- ring_substitutions(B,E), polarisable(F,D), ring_subst_3(A,F), r_subst_1(A,C).
(r25) great(A,B) :- gt(E,D), ring_subst_4(B,F), x_subst(A,D,C), alk_groups(A,E).
(r26) great(A,B) :- ring_subst_3(B,F), gt(D,E), x_subst(B,C,F), n_val(A,D).
(r27) great(A,B) :- r_subst_3(B,C), ring_subst_6(A,E), x_subst(A,F,E), h_acceptor(E,D).
(r28) great(A,B) :- alk_groups(A,C), r_subst_2(B,E), alk_groups(B,F), n_val(B,D).
(r29) great(A,B) :- ring_subst_2(B,D), r_subst_2(A,C), ring_subst_4(A,D), ring_subst_6(B,D).
(r30) great(A,B) :- r_subst_3(B,C), ring_subst_6(B,F), ring_subst_3(B,D), r_subst_3(A,E).
(r31) great(A,B) :- x_subst(A,F,E), ring_subst_3(B,D), x_subst(A,F,C), ring_subst_4(B,D).
(r32) great(A,B) :- gt(F,E), ring_subst_2(A,C), x_subst(B,F,D), r_subst_3(A,E).
(r33) great(A,B) :- ring_subst_6(B,E), alk_groups(A,C), alk_groups(B,F), ring_subst_5(B,D).
(r34) great(A,B) :- alk_groups(B,F), h_acceptor(E,C), x_subst(B,F,D), ring_subst_4(A,E).
(r35) great(A,B) :- polar(F,D), ring_subst_2(B,F), pi_acceptor(F,C), x_subst(A,E,F).
(r36) great(A,B) :- ring_subst_2(A,E), n_val(A,C), ring_subst_5(B,E), ring_subst_5(B,D).
(r37) great(A,B) :- n_val(A,E), ring_subst_3(B,C), alk_groups(B,D), alk_groups(B,E).
(r38) great(A,B) :- h_doner(F,C), ring_subst_6(A,F), ring_subst_4(B,F), x_subst(A,E,D).
(r39) great(A,B) :- alk_groups(B,C), sigma(E,D), ring_subst_6(A,F), x_subst(A,C,E).
(r40) great(A,B) :- flex(E,F), ring_subst_5(A,E), ring_subst_2(B,C), ring_subst_3(B,D).
(r41) great(A,B) :- ring_subst_5(A,E), pi_acceptor(E,F), ring_substitutions(B,D), gt(D,C).
(r42) great(A,B) :- polarisable(C,F), ring_subst_6(B,C), r_subst_2(A,E), ring_subst_6(A,D).
(r43) great(A,B) :- r_subst_3(A,C), x_subst(A,C,D), ring_subst_3(B,F), ring_subst_5(B,E).
(r44) great(A,B) :- ring_subst_3(A,E), ring_subst_6(A,E), r_subst_1(A,C), r_subst_2(B,D).
(r45) great(A,B) :- ring_subst_2(A,C), h_doner(C,E), ring_subst_6(A,D), ring_subst_5(B,F).
(r46) great(A,B) :- ring_subst_3(A,E), ring_subst_2(B,C), ring_subst_3(B,C), x_subst(B,D,F).
(r47) great(A,B) :- ring_subst_3(B,C), ring_subst_4(A,C), ring_subst_3(B,D), r_subst_3(A,E).
(r48) great(A,B) :- ring_subst_3(A,E), alk_groups(A,F), ring_subst_4(A,C), r_subst_2(B,D).
(r49) great(A,B) :- ring_subst_3(B,C), ring_subst_2(A,C), ring_subst_5(B,D), flex(D,E).
(r50) great(A,B) :- ring_subst_6(B,E), flex(E,F), ring_subst_4(A,C), sigma(E,D).
====================
MaxSAT solving... (1249 vars, 7195 hard, 461 soft)
number of rules: 52
program size: 241
(inv1) inv1(X1,X2,X3,X4,X5,X6) :- alk_groups(X1,X2), alk_groups(X3,X4), n_val(X5,X6).
(inv2) inv2(X1,X2,X3,X4,X5,X6,X7) :- ring_subst_3(X1,X2), ring_subst_3(X3,X4), x_subst(X5,X6,X7).
(r1) great(A,B) :- h_doner(E,F), x_subst(A,C,E), n_val(B,D), n_val(A,D).
(r2) great(A,B) :- inv2(B,E,B,E,A,F,E), h_acceptor(E,C), gt(F,D).
(r3) great(A,B) :- ring_subst_4(B,C), h_doner(D,F), ring_subst_2(B,D), r_subst_3(A,E).
(r4) great(A,B) :- x_subst(B,D,C), ring_subst_6(B,C), x_subst(A,F,E), r_subst_3(B,F).
(r5) great(A,B) :- ring_subst_2(B,E), ring_subst_4(A,D), x_subst(B,C,F), ring_subst_2(A,D).
(r6) great(A,B) :- r_subst_2(A,D), n_val(B,E), ring_subst_3(B,C), ring_subst_5(A,F).
(r7) great(A,B) :- ring_subst_4(B,E), flex(E,C), polar(E,F), ring_subst_5(A,D).
(r8) great(A,B) :- ring_subst_6(A,C), ring_subst_4(A,F), pi_doner(C,E), r_subst_2(B,D).
(r9) great(A,B) :- ring_subst_3(B,E), sigma(C,D), ring_subst_5(B,C), ring_subst_6(A,C).
(r10) great(A,B) :- inv1(B,D,B,E,A,C), gt(C,F).
(r11) great(A,B) :- ring_subst_4(B,E), flex(E,F), ring_subst_2(A,C), h_acceptor(C,D).
(r12) great(A,B) :- great_pi_acc(C,E), ring_subst_3(A,F), ring_subst_6(B,D), pi_acceptor(F,C).
(r13) great(A,B) :- r_subst_3(B,C), ring_subst_2(A,E), ring_substitutions(B,D), ring_subst_4(A,E).
(r14) great(A,B) :- r_subst_3(B,D), r_subst_1(A,C).
(r15) great(A,B) :- r_subst_1(B,C), x_subst(A,E,D), gt(E,F).
(r16) great(A,B) :- ring_subst_4(B,E), ring_subst_6(B,C), h_doner(C,F), ring_substitutions(A,D).
(r17) great(A,B) :- polar(C,F), x_subst(B,D,C), alk_groups(A,D), x_subst(B,D,E).
(r18) great(A,B) :- ring_subst_2(A,E), r_subst_3(A,F), alk_groups(B,D), ring_subst_4(B,C).
(r19) great(A,B) :- ring_subst_2(B,E), alk_groups(A,F), ring_subst_2(A,C), pi_doner(C,D).
(r20) great(A,B) :- ring_subst_3(A,E), ring_subst_3(B,C), size(C,D), r_subst_1(A,F).
(r21) great(A,B) :- alk_groups(B,C), ring_subst_2(B,D), ring_subst_6(A,D), ring_subst_6(B,D).
(r22) great(A,B) :- inv2(A,E,A,E,A,C,E), n_val(B,C), size(E,D).
(r23) great(A,B) :- inv1(B,F,B,F,B,E), ring_subst_5(B,D), x_subst(A,F,C).
(r24) great(A,B) :- ring_substitutions(B,E), polarisable(F,D), ring_subst_3(A,F), r_subst_1(A,C).
(r25) great(A,B) :- gt(E,D), ring_subst_4(B,F), x_subst(A,D,C), alk_groups(A,E).
(r26) great(A,B) :- inv2(B,F,B,F,B,C,F), gt(D,E), n_val(A,D).
(r27) great(A,B) :- r_subst_3(B,C), ring_subst_6(A,E), x_subst(A,F,E), h_acceptor(E,D).
(r28) great(A,B) :- inv1(A,C,B,F,B,D), r_subst_2(B,E).
(r29) great(A,B) :- ring_subst_2(B,D), r_subst_2(A,C), ring_subst_4(A,D), ring_subst_6(B,D).
(r30) great(A,B) :- r_subst_3(B,C), ring_subst_6(B,F), ring_subst_3(B,D), r_subst_3(A,E).
(r31) great(A,B) :- inv2(B,D,B,D,A,F,E), x_subst(A,F,C), ring_subst_4(B,D).
(r32) great(A,B) :- gt(F,E), ring_subst_2(A,C), x_subst(B,F,D), r_subst_3(A,E).
(r33) great(A,B) :- ring_subst_6(B,E), alk_groups(A,C), alk_groups(B,F), ring_subst_5(B,D).
(r34) great(A,B) :- alk_groups(B,F), h_acceptor(E,C), x_subst(B,F,D), ring_subst_4(A,E).
(r35) great(A,B) :- polar(F,D), ring_subst_2(B,F), pi_acceptor(F,C), x_subst(A,E,F).
(r36) great(A,B) :- ring_subst_2(A,E), n_val(A,C), ring_subst_5(B,E), ring_subst_5(B,D).
(r37) great(A,B) :- inv1(B,D,B,E,A,E), ring_subst_3(B,C).
(r38) great(A,B) :- h_doner(F,C), ring_subst_6(A,F), ring_subst_4(B,F), x_subst(A,E,D).
(r39) great(A,B) :- alk_groups(B,C), sigma(E,D), ring_subst_6(A,F), x_subst(A,C,E).
(r40) great(A,B) :- flex(E,F), ring_subst_5(A,E), ring_subst_2(B,C), ring_subst_3(B,D).
(r41) great(A,B) :- ring_subst_5(A,E), pi_acceptor(E,F), ring_substitutions(B,D), gt(D,C).
(r42) great(A,B) :- polarisable(C,F), ring_subst_6(B,C), r_subst_2(A,E), ring_subst_6(A,D).
(r43) great(A,B) :- inv2(B,F,B,F,A,C,D), r_subst_3(A,C), ring_subst_5(B,E).
(r44) great(A,B) :- ring_subst_3(A,E), ring_subst_6(A,E), r_subst_1(A,C), r_subst_2(B,D).
(r45) great(A,B) :- ring_subst_2(A,C), h_doner(C,E), ring_subst_6(A,D), ring_subst_5(B,F).
(r46) great(A,B) :- inv2(A,E,B,C,B,D,F), ring_subst_2(B,C).
(r47) great(A,B) :- ring_subst_3(B,C), ring_subst_4(A,C), ring_subst_3(B,D), r_subst_3(A,E).
(r48) great(A,B) :- ring_subst_3(A,E), alk_groups(A,F), ring_subst_4(A,C), r_subst_2(B,D).
(r49) great(A,B) :- ring_subst_3(B,C), ring_subst_2(A,C), ring_subst_5(B,D), flex(D,E).
(r50) great(A,B) :- ring_subst_6(B,E), flex(E,F), ring_subst_4(A,C), sigma(E,D).
====================
