number of rules: 90
program size: 449
(r1) great_ne(A,B) :- r_subst_3(B,C), alk_groups(A,C), x_subst(B,E,F), r_subst_3(A,D).
(r2) great_ne(A,B) :- ring_subst_3(B,E), ring_substitutions(A,D), ring_subst_3(B,C), x_subst(A,F,E).
(r3) great_ne(A,B) :- polar(D,C), ring_subst_4(B,D), ring_substitutions(A,E), r_subst_1(A,F).
(r4) great_ne(A,B) :- x_subst(A,E,C), ring_subst_2(B,F), ring_subst_3(B,D), n_val(A,E).
(r5) great_ne(A,B) :- ring_subst_6(A,C), pi_acceptor(C,E), ring_subst_4(B,D), ring_subst_2(A,D).
(r6) great_ne(A,B) :- r_subst_2(B,D), ring_subst_6(A,C), ring_substitutions(B,F), ring_subst_6(B,E).
(r7) great_ne(A,B) :- r_subst_2(B,D), gt(E,C), gt(F,E), alk_groups(A,F).
(r8) great_ne(A,B) :- ring_subst_2(B,E), x_subst(B,D,C), ring_subst_4(B,C), x_subst(A,D,F).
(r9) great_ne(A,B) :- ring_subst_3(B,F), alk_groups(A,E), h_acceptor(C,D), ring_subst_5(B,C).
(r10) great_ne(A,B) :- x_subst(A,F,D), r_subst_3(B,F), pi_acceptor(D,E), r_subst_1(B,C).
(r11) great_ne(A,B) :- pi_acceptor(F,E), ring_substitutions(B,D), ring_subst_3(A,F), r_subst_2(A,C).
(r12) great_ne(A,B) :- r_subst_2(B,D), ring_subst_6(A,C), ring_subst_3(A,C), ring_subst_6(B,E).
(r13) great_ne(A,B) :- x_subst(B,D,C), alk_groups(A,E), gt(D,F), ring_substitutions(A,E).
(r14) great_ne(A,B) :- x_subst(A,E,F), x_subst(A,E,C), ring_subst_2(B,C), h_acceptor(C,D).
(r15) great_ne(A,B) :- great_polar(D,E), ring_subst_3(B,C), polar(C,D), alk_groups(A,F).
(r16) great_ne(A,B) :- gt(C,F), ring_subst_5(A,D), x_subst(B,C,D), ring_substitutions(A,E).
(r17) great_ne(A,B) :- r_subst_1(B,D), n_val(A,E), ring_subst_3(B,C), ring_subst_2(A,F).
(r18) great_ne(A,B) :- r_subst_3(A,C), ring_subst_5(A,D), pi_acceptor(D,E), ring_substitutions(B,C).
(r19) great_ne(A,B) :- x_subst(A,C,F), polarisable(E,D), ring_subst_2(B,F), ring_subst_5(B,E).
(r20) great_ne(A,B) :- ring_subst_3(B,C), alk_groups(A,E), ring_subst_4(B,D), sigma(C,F).
(r21) great_ne(A,B) :- r_subst_3(A,E), x_subst(A,F,D), pi_doner(D,C), ring_subst_2(B,D).
(r22) great_ne(A,B) :- ring_subst_2(B,C), ring_substitutions(B,D), alk_groups(B,E), x_subst(A,D,C).
(r23) great_ne(A,B) :- ring_subst_5(A,F), polarisable(D,C), ring_subst_4(B,D), h_acceptor(D,E).
(r24) great_ne(A,B) :- ring_subst_3(B,E), h_acceptor(D,C), sigma(E,F), ring_subst_2(A,D).
(r25) great_ne(A,B) :- ring_subst_6(A,C), n_val(B,E), r_subst_3(B,F), r_subst_3(B,D).
(r26) great_ne(A,B) :- ring_subst_5(B,F), r_subst_3(A,C), r_subst_2(B,E), x_subst(A,D,F).
(r27) great_ne(A,B) :- x_subst(A,D,E), x_subst(B,C,F), r_subst_3(A,D), n_val(A,D).
(r28) great_ne(A,B) :- size(F,C), ring_subst_4(A,E), ring_subst_4(B,F), x_subst(A,D,F).
(r29) great_ne(A,B) :- alk_groups(B,D), x_subst(B,D,C), ring_subst_3(A,E).
(r30) great_ne(A,B) :- ring_subst_5(A,F), h_acceptor(F,D), size(F,E), ring_subst_5(B,C).
(r31) great_ne(A,B) :- polarisable(C,D), ring_subst_4(A,C), ring_subst_5(B,E), pi_doner(E,F).
(r32) great_ne(A,B) :- ring_subst_5(B,F), ring_subst_4(A,E), alk_groups(A,C), pi_doner(E,D).
(r33) great_ne(A,B) :- polar(D,C), ring_subst_6(A,D), alk_groups(A,E), x_subst(B,F,D).
(r34) great_ne(A,B) :- r_subst_3(B,D), r_subst_1(A,E), ring_subst_2(B,C), sigma(C,F).
(r35) great_ne(A,B) :- ring_subst_6(A,C), polarisable(E,D), ring_subst_6(B,E), pi_doner(E,F).
(r36) great_ne(A,B) :- n_val(B,E), ring_subst_4(A,C), ring_subst_6(B,C), ring_subst_2(A,D).
(r37) great_ne(A,B) :- r_subst_1(B,D), pi_acceptor(E,C), ring_subst_4(A,E), n_val(B,F).
(r38) great_ne(A,B) :- r_subst_2(A,D), n_val(B,C), h_doner(E,F), ring_subst_2(B,E).
(r39) great_ne(A,B) :- ring_subst_2(B,E), pi_acceptor(C,D), ring_subst_4(A,C), x_subst(A,F,C).
(r40) great_ne(A,B) :- r_subst_1(A,D), n_val(A,E), ring_subst_4(B,F), x_subst(B,C,F).
(r41) great_ne(A,B) :- ring_subst_6(B,E), ring_subst_4(A,C), x_subst(A,F,E), alk_groups(A,D).
(r42) great_ne(A,B) :- gt(E,F), gt(F,D), ring_substitutions(B,E), r_subst_2(A,C).
(r43) great_ne(A,B) :- r_subst_3(A,C), ring_subst_4(B,E), alk_groups(A,C), ring_subst_2(B,D).
(r44) great_ne(A,B) :- ring_substitutions(A,C), x_subst(A,C,E), ring_subst_3(B,D), ring_substitutions(B,C).
(r45) great_ne(A,B) :- ring_subst_2(B,E), pi_acceptor(E,C), ring_subst_2(B,F), ring_subst_3(A,D).
(r46) great_ne(A,B) :- ring_subst_5(A,C), ring_subst_2(A,E), ring_subst_3(B,D), pi_acceptor(E,F).
(r47) great_ne(A,B) :- ring_subst_4(A,E), alk_groups(B,C), alk_groups(A,D), ring_subst_6(A,E).
(r48) great_ne(A,B) :- n_val(A,D), ring_substitutions(B,D), ring_subst_6(B,C), r_subst_3(B,E).
(r49) great_ne(A,B) :- ring_subst_5(B,F), alk_groups(B,E), alk_groups(B,C), ring_subst_2(A,D).
(r50) great_ne(A,B) :- x_subst(B,D,C), ring_subst_4(A,C), ring_subst_3(A,C), alk_groups(A,D).
(r51) great_ne(A,B) :- ring_subst_2(B,E), ring_subst_4(A,E), ring_subst_2(B,C), ring_subst_3(B,D).
(r52) great_ne(A,B) :- ring_substitutions(A,C), x_subst(B,E,D), n_val(B,C), n_val(A,F).
(r53) great_ne(A,B) :- ring_subst_6(A,C), h_doner(C,E), polarisable(C,D), ring_subst_3(B,F).
(r54) great_ne(A,B) :- n_val(A,C), r_subst_1(A,D), ring_subst_2(A,E), ring_subst_4(B,F).
(r55) great_ne(A,B) :- ring_subst_4(A,E), ring_substitutions(A,D), ring_subst_4(B,C), x_subst(A,D,F).
(r56) great_ne(A,B) :- r_subst_2(A,D), ring_subst_2(B,C), polarisable(C,E), alk_groups(A,F).
(r57) great_ne(A,B) :- ring_subst_6(B,F), x_subst(B,D,C), ring_subst_3(A,C), sigma(C,E).
(r58) great_ne(A,B) :- r_subst_1(B,D), ring_subst_3(A,C), ring_substitutions(A,E), r_subst_1(A,F).
(r59) great_ne(A,B) :- x_subst(A,D,E), flex(E,F), r_subst_3(B,C), ring_subst_2(B,E).
(r60) great_ne(A,B) :- ring_substitutions(B,F), x_subst(A,F,D), size(D,C), x_subst(A,F,E).
(r61) great_ne(A,B) :- r_subst_3(A,E), x_subst(B,E,D), ring_subst_2(B,C), r_subst_1(A,F).
(r62) great_ne(A,B) :- ring_subst_5(B,D), ring_subst_4(B,C), ring_subst_2(A,C), ring_subst_3(B,D).
(r63) great_ne(A,B) :- r_subst_1(B,D), ring_subst_4(A,E), flex(E,C), ring_subst_3(B,F).
(r64) great_ne(A,B) :- r_subst_3(B,C), ring_subst_2(A,E), flex(E,F), ring_subst_4(A,D).
(r65) great_ne(A,B) :- r_subst_2(B,D), ring_subst_2(B,F), ring_subst_2(A,C), size(F,E).
(r66) great_ne(A,B) :- great_size(E,F), ring_subst_2(A,C), r_subst_3(B,D), size(C,E).
(r67) great_ne(A,B) :- r_subst_2(B,E), ring_subst_4(B,F), r_subst_1(A,C), h_doner(F,D).
(r68) great_ne(A,B) :- x_subst(B,C,E), ring_substitutions(B,D), gt(F,D), n_val(A,F).
(r69) great_ne(A,B) :- ring_subst_3(B,E), ring_subst_4(A,E), ring_subst_6(A,D), n_val(B,C).
(r70) great_ne(A,B) :- ring_subst_4(A,C), x_subst(A,F,E), r_subst_3(A,D), ring_subst_6(B,C).
(r71) great_ne(A,B) :- h_acceptor(C,E), ring_subst_2(B,C), ring_subst_3(B,D), ring_subst_3(A,D).
(r72) great_ne(A,B) :- ring_subst_3(A,D), ring_subst_6(A,D), ring_subst_4(B,E), ring_substitutions(B,C).
(r73) great_ne(A,B) :- ring_subst_6(B,D), ring_subst_6(A,D), x_subst(B,E,C), ring_subst_4(A,D).
(r74) great_ne(A,B) :- r_subst_3(B,C), pi_doner(D,E), ring_subst_4(B,D), ring_subst_3(A,D).
(r75) great_ne(A,B) :- h_doner(E,D), ring_subst_4(B,E), pi_doner(C,F), ring_subst_2(A,C).
(r76) great_ne(A,B) :- polar(F,D), ring_subst_3(B,F), ring_subst_6(A,E), ring_subst_6(B,C).
(r77) great_ne(A,B) :- x_subst(A,D,E), ring_subst_4(A,E), x_subst(B,C,E), r_subst_2(A,F).
(r78) great_ne(A,B) :- r_subst_3(B,E), ring_subst_6(A,D), alk_groups(B,C), alk_groups(A,F).
(r79) great_ne(A,B) :- ring_subst_3(B,E), x_subst(A,D,E), x_subst(B,D,C), ring_subst_2(A,E).
(r80) great_ne(A,B) :- ring_subst_2(B,E), r_subst_2(B,C), r_subst_2(B,F), ring_subst_2(A,D).
(r81) great_ne(A,B) :- x_subst(B,C,E), x_subst(B,C,F), x_subst(A,D,F), r_subst_3(B,C).
(r82) great_ne(A,B) :- ring_subst_2(A,D), ring_subst_2(B,C), alk_groups(A,E), r_subst_1(A,F).
(r83) great_ne(A,B) :- pi_acceptor(C,F), ring_subst_5(B,D), n_val(A,E), ring_subst_6(B,C).
(r84) great_ne(A,B) :- ring_subst_5(A,F), ring_subst_3(A,E), flex(E,C), ring_subst_5(B,D).
(r85) great_ne(A,B) :- ring_subst_2(B,E), polarisable(E,F), alk_groups(A,D), ring_substitutions(B,C).
(r86) great_ne(A,B) :- ring_subst_5(A,C), n_val(B,F), r_subst_2(A,E), r_subst_3(A,D).
(r87) great_ne(A,B) :- ring_subst_5(A,F), ring_substitutions(A,D), x_subst(B,E,F), x_subst(A,D,C).
(r88) great_ne(A,B) :- polar(E,C), ring_subst_5(A,D), ring_subst_5(B,E), pi_acceptor(E,F).
(r89) great_ne(A,B) :- ring_subst_4(A,F), ring_subst_2(A,E), x_subst(A,C,E), n_val(B,D).
(r90) great_ne(A,B) :- ring_subst_6(A,D), ring_subst_4(B,F), ring_substitutions(B,E), ring_subst_6(B,C).
====================
MaxSAT solving... (3131 vars, 22615 hard, 977 soft)
number of rules: 92
program size: 432
(inv1) inv1(X1,X2,X3,X4,X5,X6,X7,X8,X9,X10) :- x_subst(X1,X2,X3), x_subst(X4,X5,X6), ring_subst_4(X7,X8), ring_subst_4(X9,X10).
(inv2) inv2(X1,X2,X3,X4,X5,X6) :- ring_subst_2(X1,X2), ring_subst_2(X3,X4), ring_subst_3(X5,X6).
(r1) great_ne(A,B) :- r_subst_3(B,C), alk_groups(A,C), x_subst(B,E,F), r_subst_3(A,D).
(r2) great_ne(A,B) :- ring_subst_3(B,E), ring_substitutions(A,D), ring_subst_3(B,C), x_subst(A,F,E).
(r3) great_ne(A,B) :- polar(D,C), ring_subst_4(B,D), ring_substitutions(A,E), r_subst_1(A,F).
(r4) great_ne(A,B) :- inv2(B,F,B,F,B,D), x_subst(A,E,C), n_val(A,E).
(r5) great_ne(A,B) :- ring_subst_6(A,C), pi_acceptor(C,E), ring_subst_4(B,D), ring_subst_2(A,D).
(r6) great_ne(A,B) :- r_subst_2(B,D), ring_subst_6(A,C), ring_substitutions(B,F), ring_subst_6(B,E).
(r7) great_ne(A,B) :- r_subst_2(B,D), gt(E,C), gt(F,E), alk_groups(A,F).
(r8) great_ne(A,B) :- inv1(B,D,C,A,D,F,B,C,B,C), ring_subst_2(B,E).
(r9) great_ne(A,B) :- ring_subst_3(B,F), alk_groups(A,E), h_acceptor(C,D), ring_subst_5(B,C).
(r10) great_ne(A,B) :- x_subst(A,F,D), r_subst_3(B,F), pi_acceptor(D,E), r_subst_1(B,C).
(r11) great_ne(A,B) :- pi_acceptor(F,E), ring_substitutions(B,D), ring_subst_3(A,F), r_subst_2(A,C).
(r12) great_ne(A,B) :- r_subst_2(B,D), ring_subst_6(A,C), ring_subst_3(A,C), ring_subst_6(B,E).
(r13) great_ne(A,B) :- x_subst(B,D,C), alk_groups(A,E), gt(D,F), ring_substitutions(A,E).
(r14) great_ne(A,B) :- x_subst(A,E,F), x_subst(A,E,C), ring_subst_2(B,C), h_acceptor(C,D).
(r15) great_ne(A,B) :- great_polar(D,E), ring_subst_3(B,C), polar(C,D), alk_groups(A,F).
(r16) great_ne(A,B) :- gt(C,F), ring_subst_5(A,D), x_subst(B,C,D), ring_substitutions(A,E).
(r17) great_ne(A,B) :- inv2(A,F,A,F,B,C), r_subst_1(B,D), n_val(A,E).
(r18) great_ne(A,B) :- r_subst_3(A,C), ring_subst_5(A,D), pi_acceptor(D,E), ring_substitutions(B,C).
(r19) great_ne(A,B) :- x_subst(A,C,F), polarisable(E,D), ring_subst_2(B,F), ring_subst_5(B,E).
(r20) great_ne(A,B) :- ring_subst_3(B,C), alk_groups(A,E), ring_subst_4(B,D), sigma(C,F).
(r21) great_ne(A,B) :- r_subst_3(A,E), x_subst(A,F,D), pi_doner(D,C), ring_subst_2(B,D).
(r22) great_ne(A,B) :- ring_subst_2(B,C), ring_substitutions(B,D), alk_groups(B,E), x_subst(A,D,C).
(r23) great_ne(A,B) :- ring_subst_5(A,F), polarisable(D,C), ring_subst_4(B,D), h_acceptor(D,E).
(r24) great_ne(A,B) :- inv2(A,D,A,D,B,E), h_acceptor(D,C), sigma(E,F).
(r25) great_ne(A,B) :- ring_subst_6(A,C), n_val(B,E), r_subst_3(B,F), r_subst_3(B,D).
(r26) great_ne(A,B) :- ring_subst_5(B,F), r_subst_3(A,C), r_subst_2(B,E), x_subst(A,D,F).
(r27) great_ne(A,B) :- x_subst(A,D,E), x_subst(B,C,F), r_subst_3(A,D), n_val(A,D).
(r28) great_ne(A,B) :- inv1(A,D,F,A,D,F,A,E,B,F), size(F,C).
(r29) great_ne(A,B) :- alk_groups(B,D), x_subst(B,D,C), ring_subst_3(A,E).
(r30) great_ne(A,B) :- ring_subst_5(A,F), h_acceptor(F,D), size(F,E), ring_subst_5(B,C).
(r31) great_ne(A,B) :- polarisable(C,D), ring_subst_4(A,C), ring_subst_5(B,E), pi_doner(E,F).
(r32) great_ne(A,B) :- ring_subst_5(B,F), ring_subst_4(A,E), alk_groups(A,C), pi_doner(E,D).
(r33) great_ne(A,B) :- polar(D,C), ring_subst_6(A,D), alk_groups(A,E), x_subst(B,F,D).
(r34) great_ne(A,B) :- r_subst_3(B,D), r_subst_1(A,E), ring_subst_2(B,C), sigma(C,F).
(r35) great_ne(A,B) :- ring_subst_6(A,C), polarisable(E,D), ring_subst_6(B,E), pi_doner(E,F).
(r36) great_ne(A,B) :- n_val(B,E), ring_subst_4(A,C), ring_subst_6(B,C), ring_subst_2(A,D).
(r37) great_ne(A,B) :- r_subst_1(B,D), pi_acceptor(E,C), ring_subst_4(A,E), n_val(B,F).
(r38) great_ne(A,B) :- r_subst_2(A,D), n_val(B,C), h_doner(E,F), ring_subst_2(B,E).
(r39) great_ne(A,B) :- inv1(A,F,C,A,F,C,A,C,A,C), ring_subst_2(B,E), pi_acceptor(C,D).
(r40) great_ne(A,B) :- inv1(B,C,F,B,C,F,B,F,B,F), r_subst_1(A,D), n_val(A,E).
(r41) great_ne(A,B) :- inv1(A,F,E,A,F,E,A,C,A,C), ring_subst_6(B,E), alk_groups(A,D).
(r42) great_ne(A,B) :- gt(E,F), gt(F,D), ring_substitutions(B,E), r_subst_2(A,C).
(r43) great_ne(A,B) :- r_subst_3(A,C), ring_subst_4(B,E), alk_groups(A,C), ring_subst_2(B,D).
(r44) great_ne(A,B) :- ring_substitutions(A,C), x_subst(A,C,E), ring_subst_3(B,D), ring_substitutions(B,C).
(r45) great_ne(A,B) :- inv2(B,E,B,F,A,D), pi_acceptor(E,C).
(r46) great_ne(A,B) :- inv2(A,E,A,E,B,D), ring_subst_5(A,C), pi_acceptor(E,F).
(r47) great_ne(A,B) :- ring_subst_4(A,E), alk_groups(B,C), alk_groups(A,D), ring_subst_6(A,E).
(r48) great_ne(A,B) :- n_val(A,D), ring_substitutions(B,D), ring_subst_6(B,C), r_subst_3(B,E).
(r49) great_ne(A,B) :- ring_subst_5(B,F), alk_groups(B,E), alk_groups(B,C), ring_subst_2(A,D).
(r50) great_ne(A,B) :- inv1(B,D,C,B,D,C,A,C,A,C), ring_subst_3(A,C), alk_groups(A,D).
(r51) great_ne(A,B) :- inv2(B,E,B,C,B,D), ring_subst_4(A,E).
(r52) great_ne(A,B) :- ring_substitutions(A,C), x_subst(B,E,D), n_val(B,C), n_val(A,F).
(r53) great_ne(A,B) :- ring_subst_6(A,C), h_doner(C,E), polarisable(C,D), ring_subst_3(B,F).
(r54) great_ne(A,B) :- n_val(A,C), r_subst_1(A,D), ring_subst_2(A,E), ring_subst_4(B,F).
(r55) great_ne(A,B) :- inv1(A,D,F,A,D,F,A,E,B,C), ring_substitutions(A,D).
(r56) great_ne(A,B) :- r_subst_2(A,D), ring_subst_2(B,C), polarisable(C,E), alk_groups(A,F).
(r57) great_ne(A,B) :- ring_subst_6(B,F), x_subst(B,D,C), ring_subst_3(A,C), sigma(C,E).
(r58) great_ne(A,B) :- r_subst_1(B,D), ring_subst_3(A,C), ring_substitutions(A,E), r_subst_1(A,F).
(r59) great_ne(A,B) :- x_subst(A,D,E), flex(E,F), r_subst_3(B,C), ring_subst_2(B,E).
(r60) great_ne(A,B) :- ring_substitutions(B,F), x_subst(A,F,D), size(D,C), x_subst(A,F,E).
(r61) great_ne(A,B) :- r_subst_3(A,E), x_subst(B,E,D), ring_subst_2(B,C), r_subst_1(A,F).
(r62) great_ne(A,B) :- inv2(A,C,A,C,B,D), ring_subst_5(B,D), ring_subst_4(B,C).
(r63) great_ne(A,B) :- r_subst_1(B,D), ring_subst_4(A,E), flex(E,C), ring_subst_3(B,F).
(r64) great_ne(A,B) :- r_subst_3(B,C), ring_subst_2(A,E), flex(E,F), ring_subst_4(A,D).
(r65) great_ne(A,B) :- r_subst_2(B,D), ring_subst_2(B,F), ring_subst_2(A,C), size(F,E).
(r66) great_ne(A,B) :- great_size(E,F), ring_subst_2(A,C), r_subst_3(B,D), size(C,E).
(r67) great_ne(A,B) :- r_subst_2(B,E), ring_subst_4(B,F), r_subst_1(A,C), h_doner(F,D).
(r68) great_ne(A,B) :- x_subst(B,C,E), ring_substitutions(B,D), gt(F,D), n_val(A,F).
(r69) great_ne(A,B) :- ring_subst_3(B,E), ring_subst_4(A,E), ring_subst_6(A,D), n_val(B,C).
(r70) great_ne(A,B) :- inv1(A,F,E,A,F,E,A,C,A,C), r_subst_3(A,D), ring_subst_6(B,C).
(r71) great_ne(A,B) :- inv2(B,C,B,C,B,D), inv2(B,C,B,C,A,D), h_acceptor(C,E).
(r72) great_ne(A,B) :- ring_subst_3(A,D), ring_subst_6(A,D), ring_subst_4(B,E), ring_substitutions(B,C).
(r73) great_ne(A,B) :- inv1(B,E,C,B,E,C,A,D,A,D), ring_subst_6(B,D), ring_subst_6(A,D).
(r74) great_ne(A,B) :- r_subst_3(B,C), pi_doner(D,E), ring_subst_4(B,D), ring_subst_3(A,D).
(r75) great_ne(A,B) :- h_doner(E,D), ring_subst_4(B,E), pi_doner(C,F), ring_subst_2(A,C).
(r76) great_ne(A,B) :- polar(F,D), ring_subst_3(B,F), ring_subst_6(A,E), ring_subst_6(B,C).
(r77) great_ne(A,B) :- inv1(A,D,E,B,C,E,A,E,A,E), r_subst_2(A,F).
(r78) great_ne(A,B) :- r_subst_3(B,E), ring_subst_6(A,D), alk_groups(B,C), alk_groups(A,F).
(r79) great_ne(A,B) :- inv2(A,E,A,E,B,E), x_subst(A,D,E), x_subst(B,D,C).
(r80) great_ne(A,B) :- ring_subst_2(B,E), r_subst_2(B,C), r_subst_2(B,F), ring_subst_2(A,D).
(r81) great_ne(A,B) :- x_subst(B,C,E), x_subst(B,C,F), x_subst(A,D,F), r_subst_3(B,C).
(r82) great_ne(A,B) :- ring_subst_2(A,D), ring_subst_2(B,C), alk_groups(A,E), r_subst_1(A,F).
(r83) great_ne(A,B) :- pi_acceptor(C,F), ring_subst_5(B,D), n_val(A,E), ring_subst_6(B,C).
(r84) great_ne(A,B) :- ring_subst_5(A,F), ring_subst_3(A,E), flex(E,C), ring_subst_5(B,D).
(r85) great_ne(A,B) :- ring_subst_2(B,E), polarisable(E,F), alk_groups(A,D), ring_substitutions(B,C).
(r86) great_ne(A,B) :- ring_subst_5(A,C), n_val(B,F), r_subst_2(A,E), r_subst_3(A,D).
(r87) great_ne(A,B) :- ring_subst_5(A,F), ring_substitutions(A,D), x_subst(B,E,F), x_subst(A,D,C).
(r88) great_ne(A,B) :- polar(E,C), ring_subst_5(A,D), ring_subst_5(B,E), pi_acceptor(E,F).
(r89) great_ne(A,B) :- inv1(A,C,E,A,C,E,A,F,A,F), ring_subst_2(A,E), n_val(B,D).
(r90) great_ne(A,B) :- ring_subst_6(A,D), ring_subst_4(B,F), ring_substitutions(B,E), ring_subst_6(B,C).
====================
