number of rules: 150
program size: 746
(r1) great_rsd(A,B) :- ring_subst_6(B,E), alk_groups(B,C), n_val(A,F), x_subst(B,F,D).
(r2) great_rsd(A,B) :- r_subst_3(B,D), x_subst(A,D,C), ring_subst_6(A,E), polar(C,F).
(r3) great_rsd(A,B) :- ring_subst_2(B,D), ring_subst_2(A,D), ring_subst_4(B,F), x_subst(B,E,C).
(r4) great_rsd(A,B) :- x_subst(A,E,D), polar(D,F), x_subst(A,C,D), alk_groups(B,C).
(r5) great_rsd(A,B) :- ring_subst_3(A,C), h_acceptor(C,E), h_acceptor(C,D), ring_subst_3(B,C).
(r6) great_rsd(A,B) :- sigma(D,C), ring_subst_2(B,F), ring_subst_3(B,E), ring_subst_6(A,D).
(r7) great_rsd(A,B) :- ring_subst_3(B,D), ring_subst_3(A,D), ring_subst_5(A,F), x_subst(B,E,C).
(r8) great_rsd(A,B) :- x_subst(B,C,D), gt(C,F), ring_subst_3(A,E), r_subst_3(B,F).
(r9) great_rsd(A,B) :- alk_groups(A,C), alk_groups(B,D), ring_subst_2(B,F), ring_subst_2(A,E).
(r10) great_rsd(A,B) :- n_val(B,D), x_subst(A,F,C), alk_groups(B,D), r_subst_1(A,E).
(r11) great_rsd(A,B) :- alk_groups(A,E), ring_subst_4(B,D), ring_subst_6(B,C), ring_subst_2(B,C).
(r12) great_rsd(A,B) :- x_subst(A,C,E), alk_groups(A,C), sigma(E,D), r_subst_1(B,F).
(r13) great_rsd(A,B) :- n_val(A,E), ring_subst_6(B,C), x_subst(B,E,F), alk_groups(B,D).
(r14) great_rsd(A,B) :- alk_groups(A,E), ring_subst_2(B,D), ring_subst_6(A,C), ring_subst_3(B,D).
(r15) great_rsd(A,B) :- r_subst_3(B,C), ring_subst_3(B,D), r_subst_3(A,C), x_subst(A,C,D).
(r16) great_rsd(A,B) :- ring_subst_5(B,D), ring_subst_6(A,C), pi_acceptor(C,F), ring_subst_3(A,E).
(r17) great_rsd(A,B) :- alk_groups(A,E), flex(C,D), x_subst(B,F,C), gt(E,F).
(r18) great_rsd(A,B) :- ring_subst_6(B,E), ring_subst_3(B,C), x_subst(B,D,E), r_subst_2(A,F).
(r19) great_rsd(A,B) :- ring_subst_4(A,E), ring_subst_3(A,D), ring_subst_6(A,C), ring_subst_2(B,E).
(r20) great_rsd(A,B) :- n_val(B,D), x_subst(B,E,F), ring_subst_4(B,F), r_subst_3(A,C).
(r21) great_rsd(A,B) :- x_subst(A,F,E), ring_subst_5(B,E), ring_subst_4(B,C), r_subst_1(A,D).
(r22) great_rsd(A,B) :- r_subst_3(A,D), ring_subst_6(A,E), ring_subst_4(B,C), h_acceptor(E,F).
(r23) great_rsd(A,B) :- x_subst(A,D,C), alk_groups(A,D), r_subst_3(B,F), size(C,E).
(r24) great_rsd(A,B) :- alk_groups(A,C), r_subst_1(B,E), ring_subst_3(A,D), ring_subst_5(A,F).
(r25) great_rsd(A,B) :- x_subst(A,E,D), ring_subst_4(B,C), r_subst_2(B,F), ring_subst_3(B,C).
(r26) great_rsd(A,B) :- ring_subst_5(B,F), r_subst_1(A,E), pi_doner(F,D), ring_subst_2(B,C).
(r27) great_rsd(A,B) :- ring_subst_6(B,E), ring_subst_5(B,E), ring_subst_3(A,E), x_subst(A,C,D).
(r28) great_rsd(A,B) :- r_subst_3(B,D), r_subst_3(B,E), x_subst(A,E,C), ring_subst_3(B,C).
(r29) great_rsd(A,B) :- ring_substitutions(B,C), ring_substitutions(A,D), alk_groups(B,F), gt(F,E).
(r30) great_rsd(A,B) :- n_val(B,D), alk_groups(B,D), pi_acceptor(C,F), x_subst(A,E,C).
(r31) great_rsd(A,B) :- ring_subst_2(B,D), ring_subst_4(B,C), size(D,F), ring_subst_3(A,E).
(r32) great_rsd(A,B) :- x_subst(A,E,D), alk_groups(B,F), r_subst_2(A,C), x_subst(A,F,D).
(r33) great_rsd(A,B) :- n_val(B,E), ring_subst_2(B,C), alk_groups(A,D), ring_substitutions(B,F).
(r34) great_rsd(A,B) :- x_subst(B,F,D), r_subst_3(A,E), x_subst(A,F,D), x_subst(A,C,D).
(r35) great_rsd(A,B) :- polarisable(E,D), great_polari(D,C), r_subst_3(B,F), ring_subst_2(A,E).
(r36) great_rsd(A,B) :- ring_subst_4(A,F), flex(C,E), ring_subst_6(A,D), ring_subst_2(B,C).
(r37) great_rsd(A,B) :- n_val(A,F), size(D,C), polar(D,E), ring_subst_6(B,D).
(r38) great_rsd(A,B) :- pi_doner(D,E), ring_subst_5(A,C), x_subst(B,F,D), r_subst_3(B,F).
(r39) great_rsd(A,B) :- x_subst(A,F,E), n_val(A,F), x_subst(B,F,C), x_subst(A,F,D).
(r40) great_rsd(A,B) :- ring_subst_6(B,E), ring_subst_4(B,D), ring_subst_4(A,E), polarisable(D,C).
(r41) great_rsd(A,B) :- ring_subst_2(A,C), ring_substitutions(A,D), alk_groups(B,D), n_val(B,E).
(r42) great_rsd(A,B) :- r_subst_2(B,D), pi_doner(F,E), ring_subst_4(A,F), r_subst_2(B,C).
(r43) great_rsd(A,B) :- flex(C,D), ring_subst_4(A,F), ring_subst_6(B,C), pi_doner(F,E).
(r44) great_rsd(A,B) :- gt(C,E), ring_subst_4(B,D), x_subst(A,C,D), ring_substitutions(B,F).
(r45) great_rsd(A,B) :- ring_substitutions(B,E), x_subst(A,D,C), ring_subst_2(B,C), r_subst_2(A,F).
(r46) great_rsd(A,B) :- ring_subst_2(B,C), alk_groups(B,D), ring_subst_2(A,E), r_subst_1(A,F).
(r47) great_rsd(A,B) :- ring_substitutions(B,E), r_subst_1(A,C), ring_subst_2(B,D), r_subst_3(B,F).
(r48) great_rsd(A,B) :- ring_subst_5(A,E), ring_subst_5(B,F), h_acceptor(F,C), sigma(E,D).
(r49) great_rsd(A,B) :- h_doner(F,C), ring_subst_3(A,F), n_val(B,D), r_subst_2(A,E).
(r50) great_rsd(A,B) :- ring_subst_2(B,D), x_subst(A,C,F), ring_subst_2(B,F), alk_groups(B,E).
(r51) great_rsd(A,B) :- r_subst_2(B,D), ring_subst_6(A,E), ring_subst_2(B,F), ring_subst_3(A,C).
(r52) great_rsd(A,B) :- ring_subst_3(A,C), h_doner(E,D), ring_subst_5(A,C), ring_subst_2(B,E).
(r53) great_rsd(A,B) :- gt(D,F), x_subst(B,D,E), x_subst(A,D,E), pi_acceptor(E,C).
(r54) great_rsd(A,B) :- ring_substitutions(B,C), ring_subst_2(A,F), ring_subst_4(A,E), ring_subst_6(B,D).
(r55) great_rsd(A,B) :- alk_groups(B,C), flex(F,D), ring_subst_5(A,F), h_doner(F,E).
(r56) great_rsd(A,B) :- x_subst(A,D,C), x_subst(B,D,C), n_val(A,E), r_subst_3(B,F).
(r57) great_rsd(A,B) :- ring_subst_4(A,C), ring_subst_2(B,F), n_val(A,D), ring_subst_4(B,E).
(r58) great_rsd(A,B) :- ring_substitutions(A,D), x_subst(A,D,E), r_subst_3(B,F), n_val(B,C).
(r59) great_rsd(A,B) :- alk_groups(A,E), r_subst_3(B,F), ring_subst_3(A,D), r_subst_3(A,C).
(r60) great_rsd(A,B) :- ring_substitutions(A,D), gt(C,F), r_subst_1(A,E), r_subst_3(B,C).
(r61) great_rsd(A,B) :- ring_subst_6(A,E), h_acceptor(E,C), alk_groups(A,D), r_subst_3(B,F).
(r62) great_rsd(A,B) :- pi_doner(E,F), x_subst(A,D,C), x_subst(B,D,C), ring_subst_4(B,E).
(r63) great_rsd(A,B) :- n_val(A,F), ring_subst_3(B,D), n_val(B,E), r_subst_3(A,C).
(r64) great_rsd(A,B) :- ring_subst_5(B,E), r_subst_1(A,C), x_subst(A,D,E), ring_subst_5(A,F).
(r65) great_rsd(A,B) :- alk_groups(A,E), n_val(A,D), r_subst_3(B,C), ring_substitutions(A,C).
(r66) great_rsd(A,B) :- sigma(E,C), x_subst(A,D,E), ring_subst_4(B,E), ring_subst_3(B,E).
(r67) great_rsd(A,B) :- sigma(F,D), alk_groups(B,C), r_subst_2(A,E), ring_subst_2(B,F).
(r68) great_rsd(A,B) :- ring_substitutions(B,C), ring_substitutions(A,D), ring_subst_4(B,F), ring_subst_2(B,E).
(r69) great_rsd(A,B) :- ring_subst_6(A,E), ring_subst_2(B,F), ring_subst_6(B,D), ring_subst_2(B,C).
(r70) great_rsd(A,B) :- sigma(F,D), polar(F,E), r_subst_1(B,C), ring_subst_5(A,F).
(r71) great_rsd(A,B) :- n_val(A,E), ring_subst_4(B,F), pi_acceptor(D,C), ring_subst_5(A,D).
(r72) great_rsd(A,B) :- ring_substitutions(A,E), gt(E,D), n_val(A,F), ring_subst_4(B,C).
(r73) great_rsd(A,B) :- ring_substitutions(B,C), ring_subst_4(B,D), ring_subst_6(A,F), ring_subst_3(A,E).
(r74) great_rsd(A,B) :- ring_subst_3(B,F), ring_subst_3(A,F), x_subst(B,C,D), ring_subst_2(A,E).
(r75) great_rsd(A,B) :- pi_acceptor(E,D), ring_subst_4(A,E), flex(E,F), n_val(B,C).
(r76) great_rsd(A,B) :- ring_substitutions(B,C), r_subst_1(A,E), ring_subst_6(A,D), r_subst_3(A,F).
(r77) great_rsd(A,B) :- ring_subst_6(B,E), r_subst_1(B,C), ring_subst_5(B,F), x_subst(A,D,E).
(r78) great_rsd(A,B) :- ring_subst_4(B,D), r_subst_2(B,E), x_subst(B,C,F), r_subst_3(A,C).
(r79) great_rsd(A,B) :- pi_doner(D,E), ring_subst_3(A,D), ring_subst_6(A,F), ring_subst_3(B,C).
(r80) great_rsd(A,B) :- r_subst_2(A,C), r_subst_2(B,E), ring_subst_2(A,D).
(r81) great_rsd(A,B) :- ring_substitutions(B,C), ring_substitutions(A,E), x_subst(B,C,D), x_subst(A,C,F).
(r82) great_rsd(A,B) :- ring_subst_4(B,D), ring_subst_6(B,C), ring_subst_4(A,E), ring_subst_3(B,E).
(r83) great_rsd(A,B) :- pi_doner(C,E), ring_subst_2(A,D), pi_acceptor(D,F), ring_subst_2(B,C).
(r84) great_rsd(A,B) :- x_subst(A,E,D), ring_subst_6(B,F), n_val(B,E), x_subst(A,E,C).
(r85) great_rsd(A,B) :- h_acceptor(D,C), ring_subst_2(B,D), r_subst_2(A,E), ring_subst_4(B,F).
(r86) great_rsd(A,B) :- h_doner(E,D), ring_subst_3(A,E), r_subst_1(B,C), r_subst_2(B,F).
(r87) great_rsd(A,B) :- x_subst(B,D,C), ring_subst_4(A,F), ring_substitutions(B,D), size(C,E).
(r88) great_rsd(A,B) :- ring_subst_2(A,C), h_doner(C,F), ring_subst_3(B,D), ring_subst_2(B,E).
(r89) great_rsd(A,B) :- ring_subst_2(A,F), x_subst(B,D,C), ring_subst_5(A,F), n_val(B,E).
(r90) great_rsd(A,B) :- n_val(A,C), x_subst(A,E,D), alk_groups(A,C), ring_subst_6(B,F).
(r91) great_rsd(A,B) :- x_subst(B,F,E), r_subst_3(B,C), x_subst(A,D,E), ring_subst_2(B,E).
(r92) great_rsd(A,B) :- ring_subst_5(A,F), polarisable(E,C), x_subst(B,D,E), ring_subst_4(B,E).
(r93) great_rsd(A,B) :- x_subst(B,D,F), ring_subst_5(B,F), ring_subst_5(A,C), h_acceptor(C,E).
(r94) great_rsd(A,B) :- ring_subst_6(B,D), ring_subst_4(B,F), size(F,C), ring_subst_2(A,E).
(r95) great_rsd(A,B) :- r_subst_2(B,D), ring_subst_3(A,F), x_subst(B,C,F), n_val(A,E).
(r96) great_rsd(A,B) :- x_subst(B,D,C), n_val(A,E), x_subst(A,E,C), alk_groups(B,E).
(r97) great_rsd(A,B) :- alk_groups(B,C), x_subst(B,C,D), ring_subst_5(B,F), ring_subst_2(A,E).
(r98) great_rsd(A,B) :- ring_substitutions(B,C), ring_subst_4(B,D), r_subst_3(A,E).
(r99) great_rsd(A,B) :- ring_subst_6(B,E), x_subst(A,C,E), n_val(B,D), ring_subst_3(B,E).
(r100) great_rsd(A,B) :- x_subst(B,C,D), flex(D,F), x_subst(A,C,D), sigma(D,E).
(r101) great_rsd(A,B) :- ring_subst_2(A,F), r_subst_2(B,E), x_subst(B,C,F), alk_groups(B,D).
(r102) great_rsd(A,B) :- ring_subst_2(B,D), r_subst_1(B,E), r_subst_3(A,C), n_val(B,C).
(r103) great_rsd(A,B) :- x_subst(B,F,C), n_val(A,D), x_subst(B,E,C), gt(E,D).
(r104) great_rsd(A,B) :- size(F,D), r_subst_1(A,E), ring_subst_4(B,F), n_val(B,C).
(r105) great_rsd(A,B) :- ring_substitutions(B,C), x_subst(A,C,E), h_doner(E,D), r_subst_3(B,C).
(r106) great_rsd(A,B) :- x_subst(A,F,E), ring_subst_5(A,D), ring_subst_5(B,D), ring_subst_3(B,C).
(r107) great_rsd(A,B) :- r_subst_1(B,D), ring_subst_2(A,F), ring_substitutions(B,E), gt(E,C).
(r108) great_rsd(A,B) :- flex(D,E), ring_subst_2(B,F), r_subst_3(B,C), ring_subst_5(A,D).
(r109) great_rsd(A,B) :- n_val(A,C), sigma(D,E), x_subst(B,F,D), r_subst_3(A,F).
(r110) great_rsd(A,B) :- x_subst(B,D,C), r_subst_1(A,F), alk_groups(B,E).
(r111) great_rsd(A,B) :- r_subst_3(A,D), ring_subst_4(B,C), x_subst(B,D,E), ring_subst_6(B,F).
(r112) great_rsd(A,B) :- ring_subst_5(B,E), ring_subst_4(A,C), x_subst(B,D,E), ring_subst_2(B,C).
(r113) great_rsd(A,B) :- x_subst(A,C,E), n_val(A,D), ring_substitutions(A,D), ring_subst_5(B,F).
(r114) great_rsd(A,B) :- ring_subst_3(B,F), x_subst(B,D,C), alk_groups(A,D), ring_subst_4(B,E).
(r115) great_rsd(A,B) :- gt(E,C), x_subst(B,E,F), r_subst_2(A,D), alk_groups(B,E).
(r116) great_rsd(A,B) :- r_subst_1(B,D), ring_subst_6(B,C), ring_subst_3(B,E), ring_subst_3(A,C).
(r117) great_rsd(A,B) :- pi_doner(E,F), r_subst_3(A,D), ring_subst_4(B,C), ring_subst_3(A,E).
(r118) great_rsd(A,B) :- ring_substitutions(A,E), ring_subst_5(B,C), ring_subst_5(A,F), polar(C,D).
(r119) great_rsd(A,B) :- polarisable(E,C), ring_subst_3(A,F), ring_subst_5(B,E), h_acceptor(F,D).
(r120) great_rsd(A,B) :- size(D,E), r_subst_1(B,C), r_subst_3(B,F), ring_subst_5(A,D).
(r121) great_rsd(A,B) :- ring_subst_6(B,E), ring_subst_4(A,F), ring_subst_5(B,C), ring_subst_6(A,D).
(r122) great_rsd(A,B) :- ring_subst_3(A,C), gt(F,E), x_subst(B,F,D), n_val(A,E).
(r123) great_rsd(A,B) :- r_subst_3(A,D), ring_subst_4(B,C), ring_subst_3(B,E), polarisable(C,F).
(r124) great_rsd(A,B) :- x_subst(B,C,D), r_subst_2(B,E), polarisable(D,F), r_subst_3(A,C).
(r125) great_rsd(A,B) :- x_subst(B,D,F), x_subst(B,E,F), ring_subst_3(A,C), ring_subst_6(A,C).
(r126) great_rsd(A,B) :- ring_subst_3(A,D), x_subst(B,E,F), pi_acceptor(D,C).
(r127) great_rsd(A,B) :- ring_subst_2(B,D), ring_subst_6(A,E), pi_acceptor(E,C), ring_subst_6(A,D).
(r128) great_rsd(A,B) :- h_doner(D,F), x_subst(B,E,D), r_subst_3(A,E), ring_subst_6(A,C).
(r129) great_rsd(A,B) :- pi_doner(E,C), ring_subst_4(B,D), ring_subst_3(A,E), ring_substitutions(A,F).
(r130) great_rsd(A,B) :- ring_substitutions(A,E), ring_subst_2(B,D), ring_subst_5(B,C), flex(C,F).
(r131) great_rsd(A,B) :- ring_subst_3(B,F), r_subst_3(B,C), n_val(A,E), pi_acceptor(F,D).
(r132) great_rsd(A,B) :- x_subst(B,C,D), ring_subst_6(A,D), x_subst(A,F,D), ring_subst_5(A,E).
(r133) great_rsd(A,B) :- ring_subst_6(B,F), ring_subst_2(B,E), r_subst_3(A,C), pi_acceptor(F,D).
(r134) great_rsd(A,B) :- ring_subst_6(B,E), ring_substitutions(A,D), n_val(B,F), ring_subst_2(B,C).
(r135) great_rsd(A,B) :- x_subst(A,C,E), ring_subst_5(B,D), ring_subst_4(A,E), ring_subst_4(B,E).
(r136) great_rsd(A,B) :- ring_substitutions(B,D), polar(C,F), ring_subst_6(A,C), x_subst(B,D,E).
(r137) great_rsd(A,B) :- sigma(F,E), x_subst(A,C,F), ring_subst_4(B,F), alk_groups(B,D).
(r138) great_rsd(A,B) :- h_acceptor(E,F), n_val(B,D), x_subst(B,C,E), ring_subst_2(A,E).
(r139) great_rsd(A,B) :- size(F,D), r_subst_1(A,E), ring_subst_5(A,F), n_val(B,C).
(r140) great_rsd(A,B) :- x_subst(B,D,F), polar(C,E), ring_subst_5(A,C), ring_subst_6(A,C).
(r141) great_rsd(A,B) :- x_subst(A,D,F), alk_groups(B,C), ring_subst_4(A,E), r_subst_3(B,C).
(r142) great_rsd(A,B) :- ring_subst_2(A,F), ring_subst_5(B,F), x_subst(A,C,D), h_acceptor(D,E).
(r143) great_rsd(A,B) :- n_val(B,C), x_subst(B,C,D), h_acceptor(D,E), ring_subst_6(A,D).
(r144) great_rsd(A,B) :- gt(E,D), ring_subst_4(B,C), ring_subst_4(B,F), n_val(A,E).
(r145) great_rsd(A,B) :- x_subst(A,D,F), ring_substitutions(A,D), x_subst(B,D,C), pi_doner(F,E).
(r146) great_rsd(A,B) :- ring_subst_3(A,F), polar(F,E), flex(F,C), ring_subst_5(B,D).
(r147) great_rsd(A,B) :- ring_subst_6(A,E), ring_subst_6(B,C), pi_acceptor(C,F), ring_subst_6(A,D).
(r148) great_rsd(A,B) :- x_subst(A,D,F), x_subst(A,D,C), ring_subst_6(B,F), sigma(F,E).
(r149) great_rsd(A,B) :- alk_groups(A,E), x_subst(B,C,D), alk_groups(A,C), r_subst_3(A,F).
(r150) great_rsd(A,B) :- ring_subst_6(B,E), ring_subst_2(A,D), h_doner(E,F), flex(E,C).
====================
MaxSAT solving... (5148 vars, 36420 hard, 1572 soft)
number of rules: 152
program size: 720
(inv1) inv1(X1,X2,X3,X4,X5,X6,X7) :- ring_subst_3(X1,X2), ring_subst_3(X3,X4), x_subst(X5,X6,X7).
(inv2) inv2(X1,X2,X3,X4,X5,X6,X7,X8) :- n_val(X1,X2), x_subst(X3,X4,X5), x_subst(X6,X7,X8).
(r1) great_rsd(A,B) :- inv2(A,F,B,F,D,B,F,D), ring_subst_6(B,E), alk_groups(B,C).
(r2) great_rsd(A,B) :- r_subst_3(B,D), x_subst(A,D,C), ring_subst_6(A,E), polar(C,F).
(r3) great_rsd(A,B) :- ring_subst_2(B,D), ring_subst_2(A,D), ring_subst_4(B,F), x_subst(B,E,C).
(r4) great_rsd(A,B) :- x_subst(A,E,D), polar(D,F), x_subst(A,C,D), alk_groups(B,C).
(r5) great_rsd(A,B) :- ring_subst_3(A,C), h_acceptor(C,E), h_acceptor(C,D), ring_subst_3(B,C).
(r6) great_rsd(A,B) :- sigma(D,C), ring_subst_2(B,F), ring_subst_3(B,E), ring_subst_6(A,D).
(r7) great_rsd(A,B) :- inv1(B,D,A,D,B,E,C), ring_subst_5(A,F).
(r8) great_rsd(A,B) :- inv1(A,E,A,E,B,C,D), gt(C,F), r_subst_3(B,F).
(r9) great_rsd(A,B) :- alk_groups(A,C), alk_groups(B,D), ring_subst_2(B,F), ring_subst_2(A,E).
(r10) great_rsd(A,B) :- inv2(B,D,A,F,C,A,F,C), alk_groups(B,D), r_subst_1(A,E).
(r11) great_rsd(A,B) :- alk_groups(A,E), ring_subst_4(B,D), ring_subst_6(B,C), ring_subst_2(B,C).
(r12) great_rsd(A,B) :- x_subst(A,C,E), alk_groups(A,C), sigma(E,D), r_subst_1(B,F).
(r13) great_rsd(A,B) :- inv2(A,E,B,E,F,B,E,F), ring_subst_6(B,C), alk_groups(B,D).
(r14) great_rsd(A,B) :- alk_groups(A,E), ring_subst_2(B,D), ring_subst_6(A,C), ring_subst_3(B,D).
(r15) great_rsd(A,B) :- inv1(B,D,B,D,A,C,D), r_subst_3(B,C), r_subst_3(A,C).
(r16) great_rsd(A,B) :- ring_subst_5(B,D), ring_subst_6(A,C), pi_acceptor(C,F), ring_subst_3(A,E).
(r17) great_rsd(A,B) :- alk_groups(A,E), flex(C,D), x_subst(B,F,C), gt(E,F).
(r18) great_rsd(A,B) :- inv1(B,C,B,C,B,D,E), ring_subst_6(B,E), r_subst_2(A,F).
(r19) great_rsd(A,B) :- ring_subst_4(A,E), ring_subst_3(A,D), ring_subst_6(A,C), ring_subst_2(B,E).
(r20) great_rsd(A,B) :- inv2(B,D,B,E,F,B,E,F), ring_subst_4(B,F), r_subst_3(A,C).
(r21) great_rsd(A,B) :- x_subst(A,F,E), ring_subst_5(B,E), ring_subst_4(B,C), r_subst_1(A,D).
(r22) great_rsd(A,B) :- r_subst_3(A,D), ring_subst_6(A,E), ring_subst_4(B,C), h_acceptor(E,F).
(r23) great_rsd(A,B) :- x_subst(A,D,C), alk_groups(A,D), r_subst_3(B,F), size(C,E).
(r24) great_rsd(A,B) :- alk_groups(A,C), r_subst_1(B,E), ring_subst_3(A,D), ring_subst_5(A,F).
(r25) great_rsd(A,B) :- x_subst(A,E,D), ring_subst_4(B,C), r_subst_2(B,F), ring_subst_3(B,C).
(r26) great_rsd(A,B) :- ring_subst_5(B,F), r_subst_1(A,E), pi_doner(F,D), ring_subst_2(B,C).
(r27) great_rsd(A,B) :- inv1(A,E,A,E,A,C,D), ring_subst_6(B,E), ring_subst_5(B,E).
(r28) great_rsd(A,B) :- r_subst_3(B,D), r_subst_3(B,E), x_subst(A,E,C), ring_subst_3(B,C).
(r29) great_rsd(A,B) :- ring_substitutions(B,C), ring_substitutions(A,D), alk_groups(B,F), gt(F,E).
(r30) great_rsd(A,B) :- n_val(B,D), alk_groups(B,D), pi_acceptor(C,F), x_subst(A,E,C).
(r31) great_rsd(A,B) :- ring_subst_2(B,D), ring_subst_4(B,C), size(D,F), ring_subst_3(A,E).
(r32) great_rsd(A,B) :- x_subst(A,E,D), alk_groups(B,F), r_subst_2(A,C), x_subst(A,F,D).
(r33) great_rsd(A,B) :- n_val(B,E), ring_subst_2(B,C), alk_groups(A,D), ring_substitutions(B,F).
(r34) great_rsd(A,B) :- x_subst(B,F,D), r_subst_3(A,E), x_subst(A,F,D), x_subst(A,C,D).
(r35) great_rsd(A,B) :- polarisable(E,D), great_polari(D,C), r_subst_3(B,F), ring_subst_2(A,E).
(r36) great_rsd(A,B) :- ring_subst_4(A,F), flex(C,E), ring_subst_6(A,D), ring_subst_2(B,C).
(r37) great_rsd(A,B) :- n_val(A,F), size(D,C), polar(D,E), ring_subst_6(B,D).
(r38) great_rsd(A,B) :- pi_doner(D,E), ring_subst_5(A,C), x_subst(B,F,D), r_subst_3(B,F).
(r39) great_rsd(A,B) :- inv2(A,F,A,F,E,B,F,C), x_subst(A,F,D).
(r40) great_rsd(A,B) :- ring_subst_6(B,E), ring_subst_4(B,D), ring_subst_4(A,E), polarisable(D,C).
(r41) great_rsd(A,B) :- ring_subst_2(A,C), ring_substitutions(A,D), alk_groups(B,D), n_val(B,E).
(r42) great_rsd(A,B) :- r_subst_2(B,D), pi_doner(F,E), ring_subst_4(A,F), r_subst_2(B,C).
(r43) great_rsd(A,B) :- flex(C,D), ring_subst_4(A,F), ring_subst_6(B,C), pi_doner(F,E).
(r44) great_rsd(A,B) :- gt(C,E), ring_subst_4(B,D), x_subst(A,C,D), ring_substitutions(B,F).
(r45) great_rsd(A,B) :- ring_substitutions(B,E), x_subst(A,D,C), ring_subst_2(B,C), r_subst_2(A,F).
(r46) great_rsd(A,B) :- ring_subst_2(B,C), alk_groups(B,D), ring_subst_2(A,E), r_subst_1(A,F).
(r47) great_rsd(A,B) :- ring_substitutions(B,E), r_subst_1(A,C), ring_subst_2(B,D), r_subst_3(B,F).
(r48) great_rsd(A,B) :- ring_subst_5(A,E), ring_subst_5(B,F), h_acceptor(F,C), sigma(E,D).
(r49) great_rsd(A,B) :- h_doner(F,C), ring_subst_3(A,F), n_val(B,D), r_subst_2(A,E).
(r50) great_rsd(A,B) :- ring_subst_2(B,D), x_subst(A,C,F), ring_subst_2(B,F), alk_groups(B,E).
(r51) great_rsd(A,B) :- r_subst_2(B,D), ring_subst_6(A,E), ring_subst_2(B,F), ring_subst_3(A,C).
(r52) great_rsd(A,B) :- ring_subst_3(A,C), h_doner(E,D), ring_subst_5(A,C), ring_subst_2(B,E).
(r53) great_rsd(A,B) :- gt(D,F), x_subst(B,D,E), x_subst(A,D,E), pi_acceptor(E,C).
(r54) great_rsd(A,B) :- ring_substitutions(B,C), ring_subst_2(A,F), ring_subst_4(A,E), ring_subst_6(B,D).
(r55) great_rsd(A,B) :- alk_groups(B,C), flex(F,D), ring_subst_5(A,F), h_doner(F,E).
(r56) great_rsd(A,B) :- inv2(A,E,A,D,C,B,D,C), r_subst_3(B,F).
(r57) great_rsd(A,B) :- ring_subst_4(A,C), ring_subst_2(B,F), n_val(A,D), ring_subst_4(B,E).
(r58) great_rsd(A,B) :- inv2(B,C,A,D,E,A,D,E), ring_substitutions(A,D), r_subst_3(B,F).
(r59) great_rsd(A,B) :- alk_groups(A,E), r_subst_3(B,F), ring_subst_3(A,D), r_subst_3(A,C).
(r60) great_rsd(A,B) :- ring_substitutions(A,D), gt(C,F), r_subst_1(A,E), r_subst_3(B,C).
(r61) great_rsd(A,B) :- ring_subst_6(A,E), h_acceptor(E,C), alk_groups(A,D), r_subst_3(B,F).
(r62) great_rsd(A,B) :- pi_doner(E,F), x_subst(A,D,C), x_subst(B,D,C), ring_subst_4(B,E).
(r63) great_rsd(A,B) :- n_val(A,F), ring_subst_3(B,D), n_val(B,E), r_subst_3(A,C).
(r64) great_rsd(A,B) :- ring_subst_5(B,E), r_subst_1(A,C), x_subst(A,D,E), ring_subst_5(A,F).
(r65) great_rsd(A,B) :- alk_groups(A,E), n_val(A,D), r_subst_3(B,C), ring_substitutions(A,C).
(r66) great_rsd(A,B) :- inv1(B,E,B,E,A,D,E), sigma(E,C), ring_subst_4(B,E).
(r67) great_rsd(A,B) :- sigma(F,D), alk_groups(B,C), r_subst_2(A,E), ring_subst_2(B,F).
(r68) great_rsd(A,B) :- ring_substitutions(B,C), ring_substitutions(A,D), ring_subst_4(B,F), ring_subst_2(B,E).
(r69) great_rsd(A,B) :- ring_subst_6(A,E), ring_subst_2(B,F), ring_subst_6(B,D), ring_subst_2(B,C).
(r70) great_rsd(A,B) :- sigma(F,D), polar(F,E), r_subst_1(B,C), ring_subst_5(A,F).
(r71) great_rsd(A,B) :- n_val(A,E), ring_subst_4(B,F), pi_acceptor(D,C), ring_subst_5(A,D).
(r72) great_rsd(A,B) :- ring_substitutions(A,E), gt(E,D), n_val(A,F), ring_subst_4(B,C).
(r73) great_rsd(A,B) :- ring_substitutions(B,C), ring_subst_4(B,D), ring_subst_6(A,F), ring_subst_3(A,E).
(r74) great_rsd(A,B) :- inv1(B,F,A,F,B,C,D), ring_subst_2(A,E).
(r75) great_rsd(A,B) :- pi_acceptor(E,D), ring_subst_4(A,E), flex(E,F), n_val(B,C).
(r76) great_rsd(A,B) :- ring_substitutions(B,C), r_subst_1(A,E), ring_subst_6(A,D), r_subst_3(A,F).
(r77) great_rsd(A,B) :- ring_subst_6(B,E), r_subst_1(B,C), ring_subst_5(B,F), x_subst(A,D,E).
(r78) great_rsd(A,B) :- ring_subst_4(B,D), r_subst_2(B,E), x_subst(B,C,F), r_subst_3(A,C).
(r79) great_rsd(A,B) :- pi_doner(D,E), ring_subst_3(A,D), ring_subst_6(A,F), ring_subst_3(B,C).
(r80) great_rsd(A,B) :- r_subst_2(A,C), r_subst_2(B,E), ring_subst_2(A,D).
(r81) great_rsd(A,B) :- ring_substitutions(B,C), ring_substitutions(A,E), x_subst(B,C,D), x_subst(A,C,F).
(r82) great_rsd(A,B) :- ring_subst_4(B,D), ring_subst_6(B,C), ring_subst_4(A,E), ring_subst_3(B,E).
(r83) great_rsd(A,B) :- pi_doner(C,E), ring_subst_2(A,D), pi_acceptor(D,F), ring_subst_2(B,C).
(r84) great_rsd(A,B) :- inv2(B,E,A,E,D,A,E,C), ring_subst_6(B,F).
(r85) great_rsd(A,B) :- h_acceptor(D,C), ring_subst_2(B,D), r_subst_2(A,E), ring_subst_4(B,F).
(r86) great_rsd(A,B) :- h_doner(E,D), ring_subst_3(A,E), r_subst_1(B,C), r_subst_2(B,F).
(r87) great_rsd(A,B) :- x_subst(B,D,C), ring_subst_4(A,F), ring_substitutions(B,D), size(C,E).
(r88) great_rsd(A,B) :- ring_subst_2(A,C), h_doner(C,F), ring_subst_3(B,D), ring_subst_2(B,E).
(r89) great_rsd(A,B) :- ring_subst_2(A,F), x_subst(B,D,C), ring_subst_5(A,F), n_val(B,E).
(r90) great_rsd(A,B) :- n_val(A,C), x_subst(A,E,D), alk_groups(A,C), ring_subst_6(B,F).
(r91) great_rsd(A,B) :- x_subst(B,F,E), r_subst_3(B,C), x_subst(A,D,E), ring_subst_2(B,E).
(r92) great_rsd(A,B) :- ring_subst_5(A,F), polarisable(E,C), x_subst(B,D,E), ring_subst_4(B,E).
(r93) great_rsd(A,B) :- x_subst(B,D,F), ring_subst_5(B,F), ring_subst_5(A,C), h_acceptor(C,E).
(r94) great_rsd(A,B) :- ring_subst_6(B,D), ring_subst_4(B,F), size(F,C), ring_subst_2(A,E).
(r95) great_rsd(A,B) :- inv2(A,E,B,C,F,B,C,F), r_subst_2(B,D), ring_subst_3(A,F).
(r96) great_rsd(A,B) :- inv2(A,E,B,D,C,A,E,C), alk_groups(B,E).
(r97) great_rsd(A,B) :- alk_groups(B,C), x_subst(B,C,D), ring_subst_5(B,F), ring_subst_2(A,E).
(r98) great_rsd(A,B) :- ring_substitutions(B,C), ring_subst_4(B,D), r_subst_3(A,E).
(r99) great_rsd(A,B) :- inv2(B,D,A,C,E,A,C,E), ring_subst_6(B,E), ring_subst_3(B,E).
(r100) great_rsd(A,B) :- x_subst(B,C,D), flex(D,F), x_subst(A,C,D), sigma(D,E).
(r101) great_rsd(A,B) :- ring_subst_2(A,F), r_subst_2(B,E), x_subst(B,C,F), alk_groups(B,D).
(r102) great_rsd(A,B) :- ring_subst_2(B,D), r_subst_1(B,E), r_subst_3(A,C), n_val(B,C).
(r103) great_rsd(A,B) :- inv2(A,D,B,F,C,B,E,C), gt(E,D).
(r104) great_rsd(A,B) :- size(F,D), r_subst_1(A,E), ring_subst_4(B,F), n_val(B,C).
(r105) great_rsd(A,B) :- ring_substitutions(B,C), x_subst(A,C,E), h_doner(E,D), r_subst_3(B,C).
(r106) great_rsd(A,B) :- x_subst(A,F,E), ring_subst_5(A,D), ring_subst_5(B,D), ring_subst_3(B,C).
(r107) great_rsd(A,B) :- r_subst_1(B,D), ring_subst_2(A,F), ring_substitutions(B,E), gt(E,C).
(r108) great_rsd(A,B) :- flex(D,E), ring_subst_2(B,F), r_subst_3(B,C), ring_subst_5(A,D).
(r109) great_rsd(A,B) :- inv2(A,C,B,F,D,B,F,D), sigma(D,E), r_subst_3(A,F).
(r110) great_rsd(A,B) :- x_subst(B,D,C), r_subst_1(A,F), alk_groups(B,E).
(r111) great_rsd(A,B) :- r_subst_3(A,D), ring_subst_4(B,C), x_subst(B,D,E), ring_subst_6(B,F).
(r112) great_rsd(A,B) :- ring_subst_5(B,E), ring_subst_4(A,C), x_subst(B,D,E), ring_subst_2(B,C).
(r113) great_rsd(A,B) :- inv2(A,D,A,C,E,A,C,E), ring_substitutions(A,D), ring_subst_5(B,F).
(r114) great_rsd(A,B) :- inv1(B,F,B,F,B,D,C), alk_groups(A,D), ring_subst_4(B,E).
(r115) great_rsd(A,B) :- gt(E,C), x_subst(B,E,F), r_subst_2(A,D), alk_groups(B,E).
(r116) great_rsd(A,B) :- r_subst_1(B,D), ring_subst_6(B,C), ring_subst_3(B,E), ring_subst_3(A,C).
(r117) great_rsd(A,B) :- pi_doner(E,F), r_subst_3(A,D), ring_subst_4(B,C), ring_subst_3(A,E).
(r118) great_rsd(A,B) :- ring_substitutions(A,E), ring_subst_5(B,C), ring_subst_5(A,F), polar(C,D).
(r119) great_rsd(A,B) :- polarisable(E,C), ring_subst_3(A,F), ring_subst_5(B,E), h_acceptor(F,D).
(r120) great_rsd(A,B) :- size(D,E), r_subst_1(B,C), r_subst_3(B,F), ring_subst_5(A,D).
(r121) great_rsd(A,B) :- ring_subst_6(B,E), ring_subst_4(A,F), ring_subst_5(B,C), ring_subst_6(A,D).
(r122) great_rsd(A,B) :- inv1(A,C,A,C,B,F,D), gt(F,E), n_val(A,E).
(r123) great_rsd(A,B) :- r_subst_3(A,D), ring_subst_4(B,C), ring_subst_3(B,E), polarisable(C,F).
(r124) great_rsd(A,B) :- x_subst(B,C,D), r_subst_2(B,E), polarisable(D,F), r_subst_3(A,C).
(r125) great_rsd(A,B) :- inv1(A,C,A,C,B,D,F), x_subst(B,E,F), ring_subst_6(A,C).
(r126) great_rsd(A,B) :- inv1(A,D,A,D,B,E,F), pi_acceptor(D,C).
(r127) great_rsd(A,B) :- ring_subst_2(B,D), ring_subst_6(A,E), pi_acceptor(E,C), ring_subst_6(A,D).
(r128) great_rsd(A,B) :- h_doner(D,F), x_subst(B,E,D), r_subst_3(A,E), ring_subst_6(A,C).
(r129) great_rsd(A,B) :- pi_doner(E,C), ring_subst_4(B,D), ring_subst_3(A,E), ring_substitutions(A,F).
(r130) great_rsd(A,B) :- ring_substitutions(A,E), ring_subst_2(B,D), ring_subst_5(B,C), flex(C,F).
(r131) great_rsd(A,B) :- ring_subst_3(B,F), r_subst_3(B,C), n_val(A,E), pi_acceptor(F,D).
(r132) great_rsd(A,B) :- x_subst(B,C,D), ring_subst_6(A,D), x_subst(A,F,D), ring_subst_5(A,E).
(r133) great_rsd(A,B) :- ring_subst_6(B,F), ring_subst_2(B,E), r_subst_3(A,C), pi_acceptor(F,D).
(r134) great_rsd(A,B) :- ring_subst_6(B,E), ring_substitutions(A,D), n_val(B,F), ring_subst_2(B,C).
(r135) great_rsd(A,B) :- x_subst(A,C,E), ring_subst_5(B,D), ring_subst_4(A,E), ring_subst_4(B,E).
(r136) great_rsd(A,B) :- ring_substitutions(B,D), polar(C,F), ring_subst_6(A,C), x_subst(B,D,E).
(r137) great_rsd(A,B) :- sigma(F,E), x_subst(A,C,F), ring_subst_4(B,F), alk_groups(B,D).
(r138) great_rsd(A,B) :- inv2(B,D,B,C,E,B,C,E), h_acceptor(E,F), ring_subst_2(A,E).
(r139) great_rsd(A,B) :- size(F,D), r_subst_1(A,E), ring_subst_5(A,F), n_val(B,C).
(r140) great_rsd(A,B) :- x_subst(B,D,F), polar(C,E), ring_subst_5(A,C), ring_subst_6(A,C).
(r141) great_rsd(A,B) :- x_subst(A,D,F), alk_groups(B,C), ring_subst_4(A,E), r_subst_3(B,C).
(r142) great_rsd(A,B) :- ring_subst_2(A,F), ring_subst_5(B,F), x_subst(A,C,D), h_acceptor(D,E).
(r143) great_rsd(A,B) :- inv2(B,C,B,C,D,B,C,D), h_acceptor(D,E), ring_subst_6(A,D).
(r144) great_rsd(A,B) :- gt(E,D), ring_subst_4(B,C), ring_subst_4(B,F), n_val(A,E).
(r145) great_rsd(A,B) :- x_subst(A,D,F), ring_substitutions(A,D), x_subst(B,D,C), pi_doner(F,E).
(r146) great_rsd(A,B) :- ring_subst_3(A,F), polar(F,E), flex(F,C), ring_subst_5(B,D).
(r147) great_rsd(A,B) :- ring_subst_6(A,E), ring_subst_6(B,C), pi_acceptor(C,F), ring_subst_6(A,D).
(r148) great_rsd(A,B) :- x_subst(A,D,F), x_subst(A,D,C), ring_subst_6(B,F), sigma(F,E).
(r149) great_rsd(A,B) :- alk_groups(A,E), x_subst(B,C,D), alk_groups(A,C), r_subst_3(A,F).
(r150) great_rsd(A,B) :- ring_subst_6(B,E), ring_subst_2(A,D), h_doner(E,F), flex(E,C).
====================
