number of rules: 100
program size: 498
(r1) great_ne(A,B) :- r_subst_3(A,C), n_val(B,F), pi_acceptor(D,E), ring_subst_3(A,D).
(r2) great_ne(A,B) :- x_subst(A,C,F), ring_subst_5(A,F), x_subst(B,D,F), ring_substitutions(A,E).
(r3) great_ne(A,B) :- polarisable(D,F), ring_subst_5(B,D), ring_subst_4(A,E), r_subst_1(A,C).
(r4) great_ne(A,B) :- ring_subst_4(B,E), pi_doner(D,C), ring_subst_6(A,D), sigma(E,F).
(r5) great_ne(A,B) :- n_val(A,D), x_subst(B,F,C), size(C,E), alk_groups(A,F).
(r6) great_ne(A,B) :- h_doner(C,E), x_subst(B,F,D), n_val(A,F), ring_subst_5(B,C).
(r7) great_ne(A,B) :- r_subst_2(A,E), alk_groups(A,D), r_subst_1(B,F), ring_subst_6(B,C).
(r8) great_ne(A,B) :- ring_substitutions(A,D), n_val(B,C), x_subst(A,F,E), ring_substitutions(B,D).
(r9) great_ne(A,B) :- ring_subst_5(B,F), n_val(B,E), ring_subst_2(B,C), ring_subst_2(A,D).
(r10) great_ne(A,B) :- n_val(B,F), r_subst_3(B,D), r_subst_1(A,C), ring_substitutions(A,E).
(r11) great_ne(A,B) :- ring_subst_5(A,C), ring_subst_2(B,E), x_subst(B,D,C), x_subst(A,F,E).
(r12) great_ne(A,B) :- x_subst(B,D,F), x_subst(B,C,E), ring_subst_3(A,E), ring_subst_2(B,F).
(r13) great_ne(A,B) :- x_subst(A,C,D), ring_subst_2(A,D), size(D,E), ring_substitutions(B,C).
(r14) great_ne(A,B) :- pi_doner(E,D), r_subst_1(B,C), ring_subst_5(A,E), size(E,F).
(r15) great_ne(A,B) :- alk_groups(B,D), sigma(F,E), ring_subst_4(A,F), size(F,C).
(r16) great_ne(A,B) :- ring_subst_2(A,E), flex(E,C), r_subst_3(A,D), r_subst_2(B,F).
(r17) great_ne(A,B) :- flex(D,C), ring_subst_5(B,D), ring_subst_2(B,F), ring_substitutions(A,E).
(r18) great_ne(A,B) :- polar(D,F), x_subst(A,C,D), n_val(B,C), r_subst_3(B,E).
(r19) great_ne(A,B) :- ring_subst_3(B,E), ring_substitutions(A,D), ring_subst_2(A,C), n_val(A,D).
(r20) great_ne(A,B) :- alk_groups(B,D), ring_subst_2(A,C), x_subst(B,F,E), n_val(B,D).
(r21) great_ne(A,B) :- r_subst_3(A,C), r_subst_1(B,E), n_val(B,C), ring_subst_5(B,D).
(r22) great_ne(A,B) :- ring_subst_2(A,E), n_val(B,F), x_subst(A,C,E), n_val(B,D).
(r23) great_ne(A,B) :- size(E,C), ring_subst_5(B,E), ring_subst_2(A,F), ring_subst_4(B,D).
(r24) great_ne(A,B) :- r_subst_2(B,D), flex(F,E), ring_subst_3(A,F), r_subst_1(A,C).
(r25) great_ne(A,B) :- ring_subst_3(B,C), ring_subst_5(B,E), ring_subst_2(B,D), r_subst_1(A,F).
(r26) great_ne(A,B) :- x_subst(A,E,F), ring_subst_3(B,C), ring_subst_4(B,F), h_doner(F,D).
(r27) great_ne(A,B) :- ring_subst_3(B,C), h_doner(D,F), ring_subst_6(A,E), ring_subst_4(A,D).
(r28) great_ne(A,B) :- x_subst(B,C,E), ring_subst_2(A,E), ring_subst_2(B,E), ring_subst_6(B,D).
(r29) great_ne(A,B) :- ring_substitutions(A,C), n_val(A,D), ring_substitutions(A,E), ring_substitutions(B,C).
(r30) great_ne(A,B) :- r_subst_3(B,F), x_subst(B,F,C), ring_substitutions(B,E), n_val(A,D).
(r31) great_ne(A,B) :- ring_substitutions(A,D), r_subst_3(A,C), n_val(B,F), ring_subst_2(A,E).
(r32) great_ne(A,B) :- ring_subst_2(B,E), ring_subst_5(B,D), ring_subst_4(A,C), ring_subst_3(A,D).
(r33) great_ne(A,B) :- x_subst(A,E,C), ring_subst_2(B,C), ring_subst_5(A,D), sigma(C,F).
(r34) great_ne(A,B) :- alk_groups(B,D), ring_subst_2(B,E), r_subst_3(B,F), r_subst_1(A,C).
(r35) great_ne(A,B) :- polarisable(F,C), sigma(F,E), ring_subst_5(A,D), ring_subst_2(B,F).
(r36) great_ne(A,B) :- ring_subst_5(A,F), x_subst(A,D,F), ring_substitutions(B,E), ring_subst_5(B,C).
(r37) great_ne(A,B) :- ring_subst_5(A,D), x_subst(B,F,D), size(D,E), ring_subst_6(B,C).
(r38) great_ne(A,B) :- x_subst(B,F,C), alk_groups(B,E), ring_subst_2(B,C), n_val(A,D).
(r39) great_ne(A,B) :- flex(D,C), ring_subst_6(A,F), x_subst(B,E,F), ring_subst_3(B,D).
(r40) great_ne(A,B) :- ring_subst_2(A,E), n_val(B,C), ring_subst_2(B,F), ring_subst_4(A,D).
(r41) great_ne(A,B) :- ring_subst_6(A,C), n_val(B,E), n_val(B,D), r_subst_1(B,F).
(r42) great_ne(A,B) :- ring_subst_6(A,D), ring_subst_4(A,C), ring_subst_6(B,E), ring_subst_2(A,D).
(r43) great_ne(A,B) :- r_subst_1(B,D), ring_subst_3(B,E), r_subst_1(B,C), r_subst_1(A,C).
(r44) great_ne(A,B) :- r_subst_2(B,D), ring_substitutions(A,C), ring_subst_6(B,F), pi_doner(F,E).
(r45) great_ne(A,B) :- ring_subst_5(A,E), x_subst(B,F,E), r_subst_1(B,C), ring_subst_3(B,D).
(r46) great_ne(A,B) :- ring_subst_2(B,F), x_subst(A,D,F), ring_subst_5(B,E), ring_subst_4(B,C).
(r47) great_ne(A,B) :- ring_subst_5(A,F), ring_subst_3(B,E), size(E,C), n_val(B,D).
(r48) great_ne(A,B) :- x_subst(A,C,F), r_subst_3(B,C), ring_substitutions(B,D), ring_subst_5(A,E).
(r49) great_ne(A,B) :- ring_subst_5(A,D), alk_groups(B,E), ring_subst_3(A,F), ring_subst_2(B,C).
(r50) great_ne(A,B) :- x_subst(A,E,F), polar(C,D), ring_subst_2(B,F), ring_subst_5(B,C).
(r51) great_ne(A,B) :- ring_substitutions(B,D), ring_subst_3(B,F), r_subst_2(A,C), ring_subst_3(A,E).
(r52) great_ne(A,B) :- ring_subst_6(A,D), ring_subst_4(B,C), ring_subst_4(B,D).
(r53) great_ne(A,B) :- polar(E,C), ring_subst_3(A,E), ring_subst_6(B,E), alk_groups(A,D).
(r54) great_ne(A,B) :- ring_subst_5(A,D), r_subst_2(B,E), ring_subst_2(B,F), ring_subst_2(B,C).
(r55) great_ne(A,B) :- ring_substitutions(A,C), ring_subst_2(A,F), x_subst(B,C,D), flex(D,E).
(r56) great_ne(A,B) :- pi_doner(C,F), ring_subst_2(B,C), pi_doner(D,E), ring_subst_3(A,D).
(r57) great_ne(A,B) :- x_subst(B,F,C), n_val(B,F), x_subst(A,D,C), r_subst_3(B,E).
(r58) great_ne(A,B) :- size(D,C), ring_subst_6(A,D), x_subst(B,F,E), alk_groups(A,F).
(r59) great_ne(A,B) :- size(D,F), x_subst(B,C,E), x_subst(A,C,E), ring_subst_2(A,D).
(r60) great_ne(A,B) :- r_subst_2(B,D), ring_substitutions(A,F), ring_substitutions(A,E), ring_subst_6(A,C).
(r61) great_ne(A,B) :- ring_substitutions(B,F), gt(E,F), x_subst(A,D,C), ring_substitutions(A,E).
(r62) great_ne(A,B) :- ring_subst_6(A,F), ring_subst_6(B,E), r_subst_3(A,D), ring_subst_6(B,C).
(r63) great_ne(A,B) :- n_val(A,C), r_subst_1(A,D), n_val(B,C), alk_groups(A,E).
(r64) great_ne(A,B) :- r_subst_3(A,C), ring_subst_4(B,F), pi_acceptor(D,E), x_subst(B,C,D).
(r65) great_ne(A,B) :- ring_subst_6(B,F), ring_subst_3(A,E), polarisable(C,D), ring_subst_4(A,C).
(r66) great_ne(A,B) :- ring_substitutions(B,D), alk_groups(A,E), ring_subst_6(B,C), r_subst_1(A,F).
(r67) great_ne(A,B) :- great_pi_don(E,F), ring_subst_2(B,C), pi_doner(C,E), n_val(A,D).
(r68) great_ne(A,B) :- ring_substitutions(A,F), ring_subst_3(B,D), pi_acceptor(D,E), x_subst(B,C,D).
(r69) great_ne(A,B) :- ring_subst_4(A,E), ring_subst_4(B,C), n_val(B,F), polar(C,D).
(r70) great_ne(A,B) :- x_subst(A,E,F), ring_subst_5(B,F), ring_subst_4(A,F), x_subst(B,C,D).
(r71) great_ne(A,B) :- ring_subst_5(A,F), ring_subst_4(B,D), r_subst_1(A,C), r_subst_3(B,E).
(r72) great_ne(A,B) :- ring_subst_6(A,C), h_doner(D,F), ring_subst_6(B,E), ring_subst_3(A,D).
(r73) great_ne(A,B) :- ring_subst_2(A,E), r_subst_3(A,F), r_subst_3(B,D), x_subst(A,D,C).
(r74) great_ne(A,B) :- ring_subst_6(A,C), ring_subst_4(A,E), x_subst(B,F,C), x_subst(B,F,D).
(r75) great_ne(A,B) :- ring_subst_4(B,E), ring_substitutions(A,D), ring_subst_2(A,C), polarisable(E,F).
(r76) great_ne(A,B) :- ring_subst_6(A,C), ring_subst_4(A,D), ring_subst_4(B,D), r_subst_3(B,E).
(r77) great_ne(A,B) :- ring_subst_3(A,F), ring_subst_2(B,D), r_subst_1(A,C), r_subst_3(B,E).
(r78) great_ne(A,B) :- ring_subst_2(B,E), flex(E,C), pi_doner(E,D), ring_subst_6(A,E).
(r79) great_ne(A,B) :- x_subst(B,C,E), ring_subst_3(A,E), ring_subst_2(B,F), h_doner(F,D).
(r80) great_ne(A,B) :- alk_groups(A,C), gt(C,E), alk_groups(B,F), ring_subst_2(A,D).
(r81) great_ne(A,B) :- x_subst(B,E,D), ring_subst_2(A,C), x_subst(B,E,C), ring_subst_6(B,C).
(r82) great_ne(A,B) :- polarisable(E,C), x_subst(B,F,E), r_subst_3(A,D).
(r83) great_ne(A,B) :- ring_subst_4(A,E), ring_subst_3(B,D), ring_subst_3(B,F), r_subst_1(A,C).
(r84) great_ne(A,B) :- ring_subst_5(B,D), x_subst(A,F,E), ring_subst_6(B,D), size(D,C).
(r85) great_ne(A,B) :- ring_subst_6(A,F), x_subst(B,D,C), alk_groups(B,E), ring_subst_4(A,F).
(r86) great_ne(A,B) :- r_subst_3(B,C), ring_subst_6(A,D), r_subst_2(A,E), ring_subst_2(A,F).
(r87) great_ne(A,B) :- ring_subst_2(B,E), ring_subst_3(B,C), ring_subst_2(A,C), n_val(B,D).
(r88) great_ne(A,B) :- h_doner(F,D), x_subst(B,E,F), x_subst(B,E,C), ring_substitutions(A,E).
(r89) great_ne(A,B) :- ring_subst_6(A,D), ring_subst_3(A,E), ring_subst_3(B,C), pi_doner(E,F).
(r90) great_ne(A,B) :- ring_substitutions(A,F), r_subst_3(A,C), n_val(B,D), n_val(A,E).
(r91) great_ne(A,B) :- ring_subst_5(B,D), x_subst(A,C,D), polar(D,E), r_subst_1(B,F).
(r92) great_ne(A,B) :- r_subst_1(B,E), r_subst_2(B,C), r_subst_3(A,F), ring_subst_2(B,D).
(r93) great_ne(A,B) :- polar(C,F), ring_subst_4(A,E), ring_subst_5(B,D), ring_subst_5(B,C).
(r94) great_ne(A,B) :- ring_subst_5(A,C), ring_subst_2(B,F), ring_subst_5(B,E), h_doner(F,D).
(r95) great_ne(A,B) :- r_subst_2(A,D), n_val(A,E), ring_subst_2(B,C), n_val(A,F).
(r96) great_ne(A,B) :- x_subst(A,C,D), r_subst_1(B,E), ring_subst_4(B,F), ring_substitutions(B,C).
(r97) great_ne(A,B) :- r_subst_3(B,F), ring_subst_6(A,D), ring_subst_5(A,E), polarisable(D,C).
(r98) great_ne(A,B) :- r_subst_3(B,C), ring_subst_3(B,F), x_subst(A,D,F), polarisable(F,E).
(r99) great_ne(A,B) :- ring_subst_5(A,F), pi_acceptor(C,D), size(F,E), ring_subst_5(B,C).
(r100) great_ne(A,B) :- r_subst_2(B,E), ring_subst_2(A,C), ring_subst_2(A,F), h_doner(C,D).
====================
MaxSAT solving... (3462 vars, 24422 hard, 1074 soft)
number of rules: 102
program size: 475
(inv1) inv1(X1,X2,X3,X4,X5,X6,X7,X8,X9,X10) :- ring_substitutions(X1,X2), ring_substitutions(X3,X4), x_subst(X5,X6,X7), x_subst(X8,X9,X10).
(inv2) inv2(X1,X2,X3,X4,X5,X6,X7,X8) :- ring_subst_2(X1,X2), x_subst(X3,X4,X5), x_subst(X6,X7,X8).
(r1) great_ne(A,B) :- r_subst_3(A,C), n_val(B,F), pi_acceptor(D,E), ring_subst_3(A,D).
(r2) great_ne(A,B) :- inv1(A,E,A,E,A,C,F,B,D,F), ring_subst_5(A,F).
(r3) great_ne(A,B) :- polarisable(D,F), ring_subst_5(B,D), ring_subst_4(A,E), r_subst_1(A,C).
(r4) great_ne(A,B) :- ring_subst_4(B,E), pi_doner(D,C), ring_subst_6(A,D), sigma(E,F).
(r5) great_ne(A,B) :- n_val(A,D), x_subst(B,F,C), size(C,E), alk_groups(A,F).
(r6) great_ne(A,B) :- h_doner(C,E), x_subst(B,F,D), n_val(A,F), ring_subst_5(B,C).
(r7) great_ne(A,B) :- r_subst_2(A,E), alk_groups(A,D), r_subst_1(B,F), ring_subst_6(B,C).
(r8) great_ne(A,B) :- inv1(A,D,B,D,A,F,E,A,F,E), n_val(B,C).
(r9) great_ne(A,B) :- ring_subst_5(B,F), n_val(B,E), ring_subst_2(B,C), ring_subst_2(A,D).
(r10) great_ne(A,B) :- n_val(B,F), r_subst_3(B,D), r_subst_1(A,C), ring_substitutions(A,E).
(r11) great_ne(A,B) :- inv2(B,E,B,D,C,A,F,E), ring_subst_5(A,C).
(r12) great_ne(A,B) :- inv2(B,F,B,D,F,B,C,E), ring_subst_3(A,E).
(r13) great_ne(A,B) :- inv1(B,C,B,C,A,C,D,A,C,D), ring_subst_2(A,D), size(D,E).
(r14) great_ne(A,B) :- pi_doner(E,D), r_subst_1(B,C), ring_subst_5(A,E), size(E,F).
(r15) great_ne(A,B) :- alk_groups(B,D), sigma(F,E), ring_subst_4(A,F), size(F,C).
(r16) great_ne(A,B) :- ring_subst_2(A,E), flex(E,C), r_subst_3(A,D), r_subst_2(B,F).
(r17) great_ne(A,B) :- flex(D,C), ring_subst_5(B,D), ring_subst_2(B,F), ring_substitutions(A,E).
(r18) great_ne(A,B) :- polar(D,F), x_subst(A,C,D), n_val(B,C), r_subst_3(B,E).
(r19) great_ne(A,B) :- ring_subst_3(B,E), ring_substitutions(A,D), ring_subst_2(A,C), n_val(A,D).
(r20) great_ne(A,B) :- inv2(A,C,B,F,E,B,F,E), alk_groups(B,D), n_val(B,D).
(r21) great_ne(A,B) :- r_subst_3(A,C), r_subst_1(B,E), n_val(B,C), ring_subst_5(B,D).
(r22) great_ne(A,B) :- inv2(A,E,A,C,E,A,C,E), n_val(B,F), n_val(B,D).
(r23) great_ne(A,B) :- size(E,C), ring_subst_5(B,E), ring_subst_2(A,F), ring_subst_4(B,D).
(r24) great_ne(A,B) :- r_subst_2(B,D), flex(F,E), ring_subst_3(A,F), r_subst_1(A,C).
(r25) great_ne(A,B) :- ring_subst_3(B,C), ring_subst_5(B,E), ring_subst_2(B,D), r_subst_1(A,F).
(r26) great_ne(A,B) :- x_subst(A,E,F), ring_subst_3(B,C), ring_subst_4(B,F), h_doner(F,D).
(r27) great_ne(A,B) :- ring_subst_3(B,C), h_doner(D,F), ring_subst_6(A,E), ring_subst_4(A,D).
(r28) great_ne(A,B) :- inv2(A,E,B,C,E,B,C,E), inv2(B,E,B,C,E,B,C,E), ring_subst_6(B,D).
(r29) great_ne(A,B) :- ring_substitutions(A,C), n_val(A,D), ring_substitutions(A,E), ring_substitutions(B,C).
(r30) great_ne(A,B) :- inv1(B,E,B,E,B,F,C,B,F,C), r_subst_3(B,F), n_val(A,D).
(r31) great_ne(A,B) :- ring_substitutions(A,D), r_subst_3(A,C), n_val(B,F), ring_subst_2(A,E).
(r32) great_ne(A,B) :- ring_subst_2(B,E), ring_subst_5(B,D), ring_subst_4(A,C), ring_subst_3(A,D).
(r33) great_ne(A,B) :- inv2(B,C,A,E,C,A,E,C), ring_subst_5(A,D), sigma(C,F).
(r34) great_ne(A,B) :- alk_groups(B,D), ring_subst_2(B,E), r_subst_3(B,F), r_subst_1(A,C).
(r35) great_ne(A,B) :- polarisable(F,C), sigma(F,E), ring_subst_5(A,D), ring_subst_2(B,F).
(r36) great_ne(A,B) :- inv1(B,E,B,E,A,D,F,A,D,F), ring_subst_5(A,F), ring_subst_5(B,C).
(r37) great_ne(A,B) :- ring_subst_5(A,D), x_subst(B,F,D), size(D,E), ring_subst_6(B,C).
(r38) great_ne(A,B) :- inv2(B,C,B,F,C,B,F,C), alk_groups(B,E), n_val(A,D).
(r39) great_ne(A,B) :- flex(D,C), ring_subst_6(A,F), x_subst(B,E,F), ring_subst_3(B,D).
(r40) great_ne(A,B) :- ring_subst_2(A,E), n_val(B,C), ring_subst_2(B,F), ring_subst_4(A,D).
(r41) great_ne(A,B) :- ring_subst_6(A,C), n_val(B,E), n_val(B,D), r_subst_1(B,F).
(r42) great_ne(A,B) :- ring_subst_6(A,D), ring_subst_4(A,C), ring_subst_6(B,E), ring_subst_2(A,D).
(r43) great_ne(A,B) :- r_subst_1(B,D), ring_subst_3(B,E), r_subst_1(B,C), r_subst_1(A,C).
(r44) great_ne(A,B) :- r_subst_2(B,D), ring_substitutions(A,C), ring_subst_6(B,F), pi_doner(F,E).
(r45) great_ne(A,B) :- ring_subst_5(A,E), x_subst(B,F,E), r_subst_1(B,C), ring_subst_3(B,D).
(r46) great_ne(A,B) :- inv2(B,F,A,D,F,A,D,F), ring_subst_5(B,E), ring_subst_4(B,C).
(r47) great_ne(A,B) :- ring_subst_5(A,F), ring_subst_3(B,E), size(E,C), n_val(B,D).
(r48) great_ne(A,B) :- inv1(B,D,B,D,A,C,F,A,C,F), r_subst_3(B,C), ring_subst_5(A,E).
(r49) great_ne(A,B) :- ring_subst_5(A,D), alk_groups(B,E), ring_subst_3(A,F), ring_subst_2(B,C).
(r50) great_ne(A,B) :- inv2(B,F,A,E,F,A,E,F), polar(C,D), ring_subst_5(B,C).
(r51) great_ne(A,B) :- ring_substitutions(B,D), ring_subst_3(B,F), r_subst_2(A,C), ring_subst_3(A,E).
(r52) great_ne(A,B) :- ring_subst_6(A,D), ring_subst_4(B,C), ring_subst_4(B,D).
(r53) great_ne(A,B) :- polar(E,C), ring_subst_3(A,E), ring_subst_6(B,E), alk_groups(A,D).
(r54) great_ne(A,B) :- ring_subst_5(A,D), r_subst_2(B,E), ring_subst_2(B,F), ring_subst_2(B,C).
(r55) great_ne(A,B) :- inv1(A,C,A,C,B,C,D,B,C,D), ring_subst_2(A,F), flex(D,E).
(r56) great_ne(A,B) :- pi_doner(C,F), ring_subst_2(B,C), pi_doner(D,E), ring_subst_3(A,D).
(r57) great_ne(A,B) :- x_subst(B,F,C), n_val(B,F), x_subst(A,D,C), r_subst_3(B,E).
(r58) great_ne(A,B) :- size(D,C), ring_subst_6(A,D), x_subst(B,F,E), alk_groups(A,F).
(r59) great_ne(A,B) :- inv2(A,D,B,C,E,A,C,E), size(D,F).
(r60) great_ne(A,B) :- r_subst_2(B,D), ring_substitutions(A,F), ring_substitutions(A,E), ring_subst_6(A,C).
(r61) great_ne(A,B) :- inv1(B,F,A,E,A,D,C,A,D,C), gt(E,F).
(r62) great_ne(A,B) :- ring_subst_6(A,F), ring_subst_6(B,E), r_subst_3(A,D), ring_subst_6(B,C).
(r63) great_ne(A,B) :- n_val(A,C), r_subst_1(A,D), n_val(B,C), alk_groups(A,E).
(r64) great_ne(A,B) :- r_subst_3(A,C), ring_subst_4(B,F), pi_acceptor(D,E), x_subst(B,C,D).
(r65) great_ne(A,B) :- ring_subst_6(B,F), ring_subst_3(A,E), polarisable(C,D), ring_subst_4(A,C).
(r66) great_ne(A,B) :- ring_substitutions(B,D), alk_groups(A,E), ring_subst_6(B,C), r_subst_1(A,F).
(r67) great_ne(A,B) :- great_pi_don(E,F), ring_subst_2(B,C), pi_doner(C,E), n_val(A,D).
(r68) great_ne(A,B) :- inv1(A,F,A,F,B,C,D,B,C,D), ring_subst_3(B,D), pi_acceptor(D,E).
(r69) great_ne(A,B) :- ring_subst_4(A,E), ring_subst_4(B,C), n_val(B,F), polar(C,D).
(r70) great_ne(A,B) :- x_subst(A,E,F), ring_subst_5(B,F), ring_subst_4(A,F), x_subst(B,C,D).
(r71) great_ne(A,B) :- ring_subst_5(A,F), ring_subst_4(B,D), r_subst_1(A,C), r_subst_3(B,E).
(r72) great_ne(A,B) :- ring_subst_6(A,C), h_doner(D,F), ring_subst_6(B,E), ring_subst_3(A,D).
(r73) great_ne(A,B) :- inv2(A,E,A,D,C,A,D,C), r_subst_3(A,F), r_subst_3(B,D).
(r74) great_ne(A,B) :- ring_subst_6(A,C), ring_subst_4(A,E), x_subst(B,F,C), x_subst(B,F,D).
(r75) great_ne(A,B) :- ring_subst_4(B,E), ring_substitutions(A,D), ring_subst_2(A,C), polarisable(E,F).
(r76) great_ne(A,B) :- ring_subst_6(A,C), ring_subst_4(A,D), ring_subst_4(B,D), r_subst_3(B,E).
(r77) great_ne(A,B) :- ring_subst_3(A,F), ring_subst_2(B,D), r_subst_1(A,C), r_subst_3(B,E).
(r78) great_ne(A,B) :- ring_subst_2(B,E), flex(E,C), pi_doner(E,D), ring_subst_6(A,E).
(r79) great_ne(A,B) :- inv2(B,F,B,C,E,B,C,E), ring_subst_3(A,E), h_doner(F,D).
(r80) great_ne(A,B) :- alk_groups(A,C), gt(C,E), alk_groups(B,F), ring_subst_2(A,D).
(r81) great_ne(A,B) :- inv2(A,C,B,E,D,B,E,C), ring_subst_6(B,C).
(r82) great_ne(A,B) :- polarisable(E,C), x_subst(B,F,E), r_subst_3(A,D).
(r83) great_ne(A,B) :- ring_subst_4(A,E), ring_subst_3(B,D), ring_subst_3(B,F), r_subst_1(A,C).
(r84) great_ne(A,B) :- ring_subst_5(B,D), x_subst(A,F,E), ring_subst_6(B,D), size(D,C).
(r85) great_ne(A,B) :- ring_subst_6(A,F), x_subst(B,D,C), alk_groups(B,E), ring_subst_4(A,F).
(r86) great_ne(A,B) :- r_subst_3(B,C), ring_subst_6(A,D), r_subst_2(A,E), ring_subst_2(A,F).
(r87) great_ne(A,B) :- ring_subst_2(B,E), ring_subst_3(B,C), ring_subst_2(A,C), n_val(B,D).
(r88) great_ne(A,B) :- inv1(A,E,A,E,B,E,F,B,E,C), h_doner(F,D).
(r89) great_ne(A,B) :- ring_subst_6(A,D), ring_subst_3(A,E), ring_subst_3(B,C), pi_doner(E,F).
(r90) great_ne(A,B) :- ring_substitutions(A,F), r_subst_3(A,C), n_val(B,D), n_val(A,E).
(r91) great_ne(A,B) :- ring_subst_5(B,D), x_subst(A,C,D), polar(D,E), r_subst_1(B,F).
(r92) great_ne(A,B) :- r_subst_1(B,E), r_subst_2(B,C), r_subst_3(A,F), ring_subst_2(B,D).
(r93) great_ne(A,B) :- polar(C,F), ring_subst_4(A,E), ring_subst_5(B,D), ring_subst_5(B,C).
(r94) great_ne(A,B) :- ring_subst_5(A,C), ring_subst_2(B,F), ring_subst_5(B,E), h_doner(F,D).
(r95) great_ne(A,B) :- r_subst_2(A,D), n_val(A,E), ring_subst_2(B,C), n_val(A,F).
(r96) great_ne(A,B) :- inv1(B,C,B,C,A,C,D,A,C,D), r_subst_1(B,E), ring_subst_4(B,F).
(r97) great_ne(A,B) :- r_subst_3(B,F), ring_subst_6(A,D), ring_subst_5(A,E), polarisable(D,C).
(r98) great_ne(A,B) :- r_subst_3(B,C), ring_subst_3(B,F), x_subst(A,D,F), polarisable(F,E).
(r99) great_ne(A,B) :- ring_subst_5(A,F), pi_acceptor(C,D), size(F,E), ring_subst_5(B,C).
(r100) great_ne(A,B) :- r_subst_2(B,E), ring_subst_2(A,C), ring_subst_2(A,F), h_doner(C,D).
====================
