number of rules: 90
program size: 441
(r1) great(A,B) :- alk_groups(A,C), x_subst(B,F,D), alk_groups(B,E).
(r2) great(A,B) :- n_val(A,C), r_subst_3(B,D), x_subst(B,E,F), ring_subst_5(A,F).
(r3) great(A,B) :- ring_subst_2(B,E), sigma(E,D), ring_subst_4(B,F), n_val(A,C).
(r4) great(A,B) :- polarisable(E,C), x_subst(A,D,F), x_subst(B,D,E), n_val(A,D).
(r5) great(A,B) :- n_val(A,C), n_val(B,D), x_subst(A,E,F), x_subst(A,C,F).
(r6) great(A,B) :- n_val(A,C), ring_subst_5(A,E), ring_substitutions(B,F), polar(E,D).
(r7) great(A,B) :- h_doner(D,E), h_doner(F,C), ring_subst_3(A,F), ring_subst_3(B,D).
(r8) great(A,B) :- ring_subst_2(B,F), h_doner(F,C), x_subst(A,D,F), r_subst_3(B,E).
(r9) great(A,B) :- ring_subst_2(B,E), h_acceptor(D,C), ring_subst_4(B,D), r_subst_1(A,F).
(r10) great(A,B) :- ring_subst_6(A,C), ring_subst_3(B,D), x_subst(A,F,C), r_subst_3(B,E).
(r11) great(A,B) :- x_subst(B,E,D), polar(D,C), ring_subst_5(A,F), ring_subst_2(A,D).
(r12) great(A,B) :- alk_groups(B,C), ring_substitutions(B,C), ring_subst_4(B,E), ring_subst_6(A,D).
(r13) great(A,B) :- ring_subst_4(B,F), pi_acceptor(F,E), ring_subst_3(A,D), size(F,C).
(r14) great(A,B) :- ring_subst_2(A,E), n_val(B,D), ring_substitutions(A,C).
(r15) great(A,B) :- alk_groups(B,C), r_subst_3(A,D), ring_substitutions(B,E), ring_subst_5(B,F).
(r16) great(A,B) :- h_doner(F,E), ring_subst_3(A,C), ring_subst_2(A,F), ring_subst_2(B,D).
(r17) great(A,B) :- ring_subst_2(A,E), alk_groups(B,D), ring_subst_3(A,F), sigma(E,C).
(r18) great(A,B) :- r_subst_1(A,D), ring_subst_6(B,C), ring_subst_3(A,C), h_doner(C,E).
(r19) great(A,B) :- ring_subst_4(A,F), ring_subst_2(B,D), alk_groups(B,E), x_subst(A,C,F).
(r20) great(A,B) :- x_subst(B,C,E), r_subst_1(A,D), ring_subst_3(A,F), r_subst_1(B,D).
(r21) great(A,B) :- alk_groups(A,C), alk_groups(B,D), r_subst_3(A,D), ring_subst_4(A,E).
(r22) great(A,B) :- ring_subst_2(B,E), ring_subst_3(A,E), n_val(B,D), x_subst(A,C,F).
(r23) great(A,B) :- x_subst(B,E,D), x_subst(A,E,C), ring_subst_3(A,D), sigma(C,F).
(r24) great(A,B) :- ring_subst_4(B,E), polarisable(E,C), ring_subst_4(A,F), n_val(A,D).
(r25) great(A,B) :- ring_subst_4(B,E), polar(E,D), ring_subst_3(A,F), size(E,C).
(r26) great(A,B) :- x_subst(A,D,E), ring_subst_3(B,F), ring_subst_4(A,F), size(F,C).
(r27) great(A,B) :- sigma(C,D), ring_subst_6(A,C), ring_subst_2(A,F), alk_groups(B,E).
(r28) great(A,B) :- ring_subst_4(B,E), ring_subst_6(A,C), flex(E,D), r_subst_2(A,F).
(r29) great(A,B) :- r_subst_3(A,C), ring_subst_5(A,F), ring_subst_5(B,D), ring_subst_5(B,E).
(r30) great(A,B) :- x_subst(A,D,E), flex(E,C), r_subst_2(B,F).
(r31) great(A,B) :- alk_groups(B,C), alk_groups(A,F), x_subst(B,D,E), n_val(A,D).
(r32) great(A,B) :- r_subst_1(A,D), flex(F,C), ring_subst_4(B,F), ring_subst_5(B,E).
(r33) great(A,B) :- x_subst(B,D,C), ring_subst_6(A,E).
(r34) great(A,B) :- r_subst_3(B,C), r_subst_3(B,F), alk_groups(B,D), x_subst(A,C,E).
(r35) great(A,B) :- n_val(A,E), x_subst(B,C,D), ring_subst_4(A,D), polar(D,F).
(r36) great(A,B) :- ring_subst_4(B,E), size(D,C), ring_subst_6(A,F), ring_subst_6(A,D).
(r37) great(A,B) :- n_val(A,C), ring_subst_2(B,F), size(F,E), ring_subst_6(A,D).
(r38) great(A,B) :- ring_subst_2(B,E), alk_groups(A,F), ring_subst_6(A,D), sigma(D,C).
(r39) great(A,B) :- x_subst(A,E,C), ring_subst_6(B,C), r_subst_1(A,F), ring_subst_3(A,D).
(r40) great(A,B) :- x_subst(A,D,E), r_subst_3(B,C), x_subst(B,C,E), pi_doner(E,F).
(r41) great(A,B) :- alk_groups(B,C), alk_groups(B,F), ring_subst_6(A,D), r_subst_3(A,E).
(r42) great(A,B) :- x_subst(A,E,C), ring_substitutions(A,E), ring_substitutions(B,F), r_subst_2(B,D).
(r43) great(A,B) :- x_subst(B,E,D), alk_groups(A,F), ring_subst_6(A,C), ring_subst_5(B,D).
(r44) great(A,B) :- x_subst(B,C,E), ring_subst_2(B,E), ring_substitutions(A,D), x_subst(A,C,F).
(r45) great(A,B) :- ring_subst_6(A,E), h_doner(F,C), ring_subst_3(B,F), r_subst_3(A,D).
(r46) great(A,B) :- n_val(A,C), ring_subst_3(B,F), alk_groups(B,D), polarisable(F,E).
(r47) great(A,B) :- ring_subst_4(A,E), ring_subst_5(B,C), great_sigma(F,D), sigma(C,F).
(r48) great(A,B) :- x_subst(B,C,E), sigma(E,D), x_subst(A,C,E), x_subst(A,C,F).
(r49) great(A,B) :- x_subst(B,E,D), alk_groups(A,C), r_subst_3(A,F), x_subst(B,C,D).
(r50) great(A,B) :- x_subst(A,E,C), ring_subst_4(B,F), n_val(B,D), alk_groups(B,E).
(r51) great(A,B) :- ring_substitutions(A,E), ring_subst_3(B,C), x_subst(B,E,F), polarisable(C,D).
(r52) great(A,B) :- x_subst(B,C,E), gt(C,D), r_subst_1(A,F).
(r53) great(A,B) :- r_subst_3(B,C), ring_subst_2(A,D), ring_subst_6(B,D), ring_substitutions(B,E).
(r54) great(A,B) :- ring_subst_6(B,C), ring_subst_5(A,E), r_subst_3(A,F), pi_doner(E,D).
(r55) great(A,B) :- x_subst(A,F,E), x_subst(B,F,D), r_subst_2(A,C), ring_subst_6(B,D).
(r56) great(A,B) :- x_subst(A,C,D), h_acceptor(D,F), r_subst_2(A,E), ring_subst_2(B,D).
(r57) great(A,B) :- pi_doner(C,F), ring_subst_6(A,E), ring_subst_3(B,C), polar(C,D).
(r58) great(A,B) :- r_subst_2(A,E), x_subst(B,C,F), flex(F,D), ring_substitutions(A,C).
(r59) great(A,B) :- polar(F,D), x_subst(B,E,F), ring_subst_6(A,C).
(r60) great(A,B) :- ring_subst_2(B,E), h_acceptor(F,C), ring_subst_5(A,F), ring_subst_6(B,D).
(r61) great(A,B) :- r_subst_3(B,F), r_subst_2(B,E), ring_subst_3(B,C), n_val(A,D).
(r62) great(A,B) :- ring_subst_2(B,E), polar(D,C), ring_substitutions(B,F), ring_subst_3(A,D).
(r63) great(A,B) :- ring_subst_4(B,E), pi_doner(D,C), ring_subst_2(B,D), ring_subst_4(A,D).
(r64) great(A,B) :- r_subst_3(A,C), ring_substitutions(A,D), r_subst_2(B,F), r_subst_3(B,E).
(r65) great(A,B) :- x_subst(A,F,D), ring_subst_2(B,C), flex(C,E), x_subst(B,F,D).
(r66) great(A,B) :- r_subst_1(A,D), ring_subst_5(A,E), x_subst(B,C,F), ring_subst_3(A,F).
(r67) great(A,B) :- ring_subst_3(B,E), alk_groups(B,F), size(E,D), r_subst_1(A,C).
(r68) great(A,B) :- ring_subst_2(A,E), ring_subst_3(A,C), ring_substitutions(B,D), ring_subst_4(A,E).
(r69) great(A,B) :- x_subst(A,D,E), ring_subst_6(A,C), x_subst(B,D,E), polarisable(E,F).
(r70) great(A,B) :- n_val(B,E), x_subst(B,F,C), ring_subst_4(A,D).
(r71) great(A,B) :- ring_subst_4(B,C), r_subst_2(A,E), ring_subst_3(A,F), r_subst_1(B,D).
(r72) great(A,B) :- x_subst(B,D,C), pi_acceptor(C,F), ring_subst_5(A,E), ring_substitutions(A,D).
(r73) great(A,B) :- gt(E,C), ring_substitutions(A,F), ring_substitutions(B,D), r_subst_3(B,E).
(r74) great(A,B) :- ring_subst_5(B,C), r_subst_1(A,E), ring_subst_2(B,D), ring_subst_2(A,D).
(r75) great(A,B) :- ring_subst_3(B,E), ring_subst_6(B,C), r_subst_3(A,D), r_subst_1(A,F).
(r76) great(A,B) :- ring_subst_5(A,E), x_subst(A,D,F), r_subst_1(B,C), ring_subst_6(A,E).
(r77) great(A,B) :- ring_substitutions(B,E), x_subst(B,C,F), x_subst(B,C,D), n_val(A,C).
(r78) great(A,B) :- x_subst(A,E,C), ring_subst_6(A,D), ring_subst_3(B,D), ring_subst_5(A,D).
(r79) great(A,B) :- ring_subst_4(B,E), x_subst(B,D,C), ring_subst_3(A,E), n_val(A,D).
(r80) great(A,B) :- sigma(D,E), r_subst_2(B,C), ring_subst_3(A,F), ring_subst_2(A,D).
(r81) great(A,B) :- n_val(A,E), ring_subst_4(B,C), n_val(A,D).
(r82) great(A,B) :- ring_subst_2(B,E), polarisable(C,F), ring_subst_4(A,C), ring_subst_6(B,D).
(r83) great(A,B) :- sigma(C,D), ring_subst_6(A,E), ring_subst_3(B,C), ring_subst_2(A,C).
(r84) great(A,B) :- r_subst_3(B,F), flex(E,D), x_subst(A,F,C), ring_subst_4(A,E).
(r85) great(A,B) :- x_subst(A,E,C), ring_substitutions(A,E), ring_substitutions(B,F), ring_subst_3(A,D).
(r86) great(A,B) :- r_subst_3(B,D), r_subst_1(A,E), ring_subst_3(B,C), x_subst(A,F,C).
(r87) great(A,B) :- ring_subst_3(A,C), ring_subst_5(B,E), n_val(A,F), h_doner(E,D).
(r88) great(A,B) :- gt(D,E), ring_subst_5(B,C), ring_subst_6(A,C), ring_substitutions(A,D).
(r89) great(A,B) :- n_val(A,E), n_val(B,C), alk_groups(B,D), ring_subst_2(B,F).
(r90) great(A,B) :- ring_substitutions(B,E), x_subst(A,E,C), gt(E,F), r_subst_1(B,D).
====================
MaxSAT solving... (3073 vars, 21883 hard, 967 soft)
number of rules: 92
program size: 431
(inv1) inv1(X1,X2,X3,X4,X5) :- x_subst(X1,X2,X3), n_val(X4,X5).
(inv2) inv2(X1,X2,X3,X4,X5,X6) :- x_subst(X1,X2,X3), x_subst(X4,X5,X6).
(r1) great(A,B) :- alk_groups(A,C), x_subst(B,F,D), alk_groups(B,E).
(r2) great(A,B) :- inv1(B,E,F,A,C), r_subst_3(B,D), ring_subst_5(A,F).
(r3) great(A,B) :- ring_subst_2(B,E), sigma(E,D), ring_subst_4(B,F), n_val(A,C).
(r4) great(A,B) :- inv1(A,D,F,A,D), polarisable(E,C), x_subst(B,D,E).
(r5) great(A,B) :- inv1(A,E,F,A,C), n_val(B,D), x_subst(A,C,F).
(r6) great(A,B) :- n_val(A,C), ring_subst_5(A,E), ring_substitutions(B,F), polar(E,D).
(r7) great(A,B) :- h_doner(D,E), h_doner(F,C), ring_subst_3(A,F), ring_subst_3(B,D).
(r8) great(A,B) :- ring_subst_2(B,F), h_doner(F,C), x_subst(A,D,F), r_subst_3(B,E).
(r9) great(A,B) :- ring_subst_2(B,E), h_acceptor(D,C), ring_subst_4(B,D), r_subst_1(A,F).
(r10) great(A,B) :- ring_subst_6(A,C), ring_subst_3(B,D), x_subst(A,F,C), r_subst_3(B,E).
(r11) great(A,B) :- x_subst(B,E,D), polar(D,C), ring_subst_5(A,F), ring_subst_2(A,D).
(r12) great(A,B) :- alk_groups(B,C), ring_substitutions(B,C), ring_subst_4(B,E), ring_subst_6(A,D).
(r13) great(A,B) :- ring_subst_4(B,F), pi_acceptor(F,E), ring_subst_3(A,D), size(F,C).
(r14) great(A,B) :- ring_subst_2(A,E), n_val(B,D), ring_substitutions(A,C).
(r15) great(A,B) :- alk_groups(B,C), r_subst_3(A,D), ring_substitutions(B,E), ring_subst_5(B,F).
(r16) great(A,B) :- h_doner(F,E), ring_subst_3(A,C), ring_subst_2(A,F), ring_subst_2(B,D).
(r17) great(A,B) :- ring_subst_2(A,E), alk_groups(B,D), ring_subst_3(A,F), sigma(E,C).
(r18) great(A,B) :- r_subst_1(A,D), ring_subst_6(B,C), ring_subst_3(A,C), h_doner(C,E).
(r19) great(A,B) :- ring_subst_4(A,F), ring_subst_2(B,D), alk_groups(B,E), x_subst(A,C,F).
(r20) great(A,B) :- x_subst(B,C,E), r_subst_1(A,D), ring_subst_3(A,F), r_subst_1(B,D).
(r21) great(A,B) :- alk_groups(A,C), alk_groups(B,D), r_subst_3(A,D), ring_subst_4(A,E).
(r22) great(A,B) :- inv1(A,C,F,B,D), ring_subst_2(B,E), ring_subst_3(A,E).
(r23) great(A,B) :- inv2(B,E,D,A,E,C), ring_subst_3(A,D), sigma(C,F).
(r24) great(A,B) :- ring_subst_4(B,E), polarisable(E,C), ring_subst_4(A,F), n_val(A,D).
(r25) great(A,B) :- ring_subst_4(B,E), polar(E,D), ring_subst_3(A,F), size(E,C).
(r26) great(A,B) :- x_subst(A,D,E), ring_subst_3(B,F), ring_subst_4(A,F), size(F,C).
(r27) great(A,B) :- sigma(C,D), ring_subst_6(A,C), ring_subst_2(A,F), alk_groups(B,E).
(r28) great(A,B) :- ring_subst_4(B,E), ring_subst_6(A,C), flex(E,D), r_subst_2(A,F).
(r29) great(A,B) :- r_subst_3(A,C), ring_subst_5(A,F), ring_subst_5(B,D), ring_subst_5(B,E).
(r30) great(A,B) :- inv2(A,D,E,A,D,E), flex(E,C), r_subst_2(B,F).
(r31) great(A,B) :- alk_groups(B,C), alk_groups(A,F), x_subst(B,D,E), n_val(A,D).
(r32) great(A,B) :- r_subst_1(A,D), flex(F,C), ring_subst_4(B,F), ring_subst_5(B,E).
(r33) great(A,B) :- inv2(B,D,C,B,D,C), ring_subst_6(A,E).
(r34) great(A,B) :- r_subst_3(B,C), r_subst_3(B,F), alk_groups(B,D), x_subst(A,C,E).
(r35) great(A,B) :- inv1(B,C,D,A,E), ring_subst_4(A,D), polar(D,F).
(r36) great(A,B) :- ring_subst_4(B,E), size(D,C), ring_subst_6(A,F), ring_subst_6(A,D).
(r37) great(A,B) :- n_val(A,C), ring_subst_2(B,F), size(F,E), ring_subst_6(A,D).
(r38) great(A,B) :- ring_subst_2(B,E), alk_groups(A,F), ring_subst_6(A,D), sigma(D,C).
(r39) great(A,B) :- x_subst(A,E,C), ring_subst_6(B,C), r_subst_1(A,F), ring_subst_3(A,D).
(r40) great(A,B) :- inv2(A,D,E,B,C,E), r_subst_3(B,C), pi_doner(E,F).
(r41) great(A,B) :- alk_groups(B,C), alk_groups(B,F), ring_subst_6(A,D), r_subst_3(A,E).
(r42) great(A,B) :- x_subst(A,E,C), ring_substitutions(A,E), ring_substitutions(B,F), r_subst_2(B,D).
(r43) great(A,B) :- x_subst(B,E,D), alk_groups(A,F), ring_subst_6(A,C), ring_subst_5(B,D).
(r44) great(A,B) :- inv2(B,C,E,A,C,F), ring_subst_2(B,E), ring_substitutions(A,D).
(r45) great(A,B) :- ring_subst_6(A,E), h_doner(F,C), ring_subst_3(B,F), r_subst_3(A,D).
(r46) great(A,B) :- n_val(A,C), ring_subst_3(B,F), alk_groups(B,D), polarisable(F,E).
(r47) great(A,B) :- ring_subst_4(A,E), ring_subst_5(B,C), great_sigma(F,D), sigma(C,F).
(r48) great(A,B) :- inv2(B,C,E,A,C,E), sigma(E,D), x_subst(A,C,F).
(r49) great(A,B) :- inv2(B,E,D,B,C,D), alk_groups(A,C), r_subst_3(A,F).
(r50) great(A,B) :- inv1(A,E,C,B,D), ring_subst_4(B,F), alk_groups(B,E).
(r51) great(A,B) :- ring_substitutions(A,E), ring_subst_3(B,C), x_subst(B,E,F), polarisable(C,D).
(r52) great(A,B) :- x_subst(B,C,E), gt(C,D), r_subst_1(A,F).
(r53) great(A,B) :- r_subst_3(B,C), ring_subst_2(A,D), ring_subst_6(B,D), ring_substitutions(B,E).
(r54) great(A,B) :- ring_subst_6(B,C), ring_subst_5(A,E), r_subst_3(A,F), pi_doner(E,D).
(r55) great(A,B) :- x_subst(A,F,E), x_subst(B,F,D), r_subst_2(A,C), ring_subst_6(B,D).
(r56) great(A,B) :- x_subst(A,C,D), h_acceptor(D,F), r_subst_2(A,E), ring_subst_2(B,D).
(r57) great(A,B) :- pi_doner(C,F), ring_subst_6(A,E), ring_subst_3(B,C), polar(C,D).
(r58) great(A,B) :- r_subst_2(A,E), x_subst(B,C,F), flex(F,D), ring_substitutions(A,C).
(r59) great(A,B) :- polar(F,D), x_subst(B,E,F), ring_subst_6(A,C).
(r60) great(A,B) :- ring_subst_2(B,E), h_acceptor(F,C), ring_subst_5(A,F), ring_subst_6(B,D).
(r61) great(A,B) :- r_subst_3(B,F), r_subst_2(B,E), ring_subst_3(B,C), n_val(A,D).
(r62) great(A,B) :- ring_subst_2(B,E), polar(D,C), ring_substitutions(B,F), ring_subst_3(A,D).
(r63) great(A,B) :- ring_subst_4(B,E), pi_doner(D,C), ring_subst_2(B,D), ring_subst_4(A,D).
(r64) great(A,B) :- r_subst_3(A,C), ring_substitutions(A,D), r_subst_2(B,F), r_subst_3(B,E).
(r65) great(A,B) :- inv2(A,F,D,B,F,D), ring_subst_2(B,C), flex(C,E).
(r66) great(A,B) :- r_subst_1(A,D), ring_subst_5(A,E), x_subst(B,C,F), ring_subst_3(A,F).
(r67) great(A,B) :- ring_subst_3(B,E), alk_groups(B,F), size(E,D), r_subst_1(A,C).
(r68) great(A,B) :- ring_subst_2(A,E), ring_subst_3(A,C), ring_substitutions(B,D), ring_subst_4(A,E).
(r69) great(A,B) :- inv2(A,D,E,B,D,E), ring_subst_6(A,C), polarisable(E,F).
(r70) great(A,B) :- inv1(B,F,C,B,E), ring_subst_4(A,D).
(r71) great(A,B) :- ring_subst_4(B,C), r_subst_2(A,E), ring_subst_3(A,F), r_subst_1(B,D).
(r72) great(A,B) :- x_subst(B,D,C), pi_acceptor(C,F), ring_subst_5(A,E), ring_substitutions(A,D).
(r73) great(A,B) :- gt(E,C), ring_substitutions(A,F), ring_substitutions(B,D), r_subst_3(B,E).
(r74) great(A,B) :- ring_subst_5(B,C), r_subst_1(A,E), ring_subst_2(B,D), ring_subst_2(A,D).
(r75) great(A,B) :- ring_subst_3(B,E), ring_subst_6(B,C), r_subst_3(A,D), r_subst_1(A,F).
(r76) great(A,B) :- inv2(A,D,F,A,D,F), ring_subst_5(A,E), r_subst_1(B,C), ring_subst_6(A,E).
(r77) great(A,B) :- inv2(B,C,F,B,C,D), ring_substitutions(B,E), n_val(A,C).
(r78) great(A,B) :- x_subst(A,E,C), ring_subst_6(A,D), ring_subst_3(B,D), ring_subst_5(A,D).
(r79) great(A,B) :- inv1(B,D,C,A,D), ring_subst_4(B,E), ring_subst_3(A,E).
(r80) great(A,B) :- sigma(D,E), r_subst_2(B,C), ring_subst_3(A,F), ring_subst_2(A,D).
(r81) great(A,B) :- n_val(A,E), ring_subst_4(B,C), n_val(A,D).
(r82) great(A,B) :- ring_subst_2(B,E), polarisable(C,F), ring_subst_4(A,C), ring_subst_6(B,D).
(r83) great(A,B) :- sigma(C,D), ring_subst_6(A,E), ring_subst_3(B,C), ring_subst_2(A,C).
(r84) great(A,B) :- inv2(A,F,C,A,F,C), r_subst_3(B,F), flex(E,D), ring_subst_4(A,E).
(r85) great(A,B) :- x_subst(A,E,C), ring_substitutions(A,E), ring_substitutions(B,F), ring_subst_3(A,D).
(r86) great(A,B) :- inv2(A,F,C,A,F,C), r_subst_3(B,D), r_subst_1(A,E), ring_subst_3(B,C).
(r87) great(A,B) :- ring_subst_3(A,C), ring_subst_5(B,E), n_val(A,F), h_doner(E,D).
(r88) great(A,B) :- gt(D,E), ring_subst_5(B,C), ring_subst_6(A,C), ring_substitutions(A,D).
(r89) great(A,B) :- n_val(A,E), n_val(B,C), alk_groups(B,D), ring_subst_2(B,F).
(r90) great(A,B) :- ring_substitutions(B,E), x_subst(A,E,C), gt(E,F), r_subst_1(B,D).
====================
