number of rules: 60
program size: 300
(r1) great(A,B) :- n_val(A,C), ring_subst_5(A,E), size(E,D), r_subst_1(B,F).
(r2) great(A,B) :- ring_subst_6(B,C), ring_subst_6(A,F), r_subst_3(B,E), n_val(A,D).
(r3) great(A,B) :- pi_acceptor(D,E), ring_subst_4(A,D), x_subst(B,C,D), r_subst_2(A,F).
(r4) great(A,B) :- r_subst_3(A,C), ring_subst_3(B,D), pi_doner(D,E), r_subst_1(B,F).
(r5) great(A,B) :- ring_subst_4(B,C), ring_subst_2(A,F), flex(F,D), flex(F,E).
(r6) great(A,B) :- ring_substitutions(B,E), ring_subst_2(B,D), x_subst(B,C,D), r_subst_1(A,F).
(r7) great(A,B) :- ring_subst_3(B,E), n_val(B,F), ring_subst_6(A,C), r_subst_2(B,D).
(r8) great(A,B) :- ring_subst_6(B,C), great_polar(D,E), ring_subst_2(A,F), polar(C,D).
(r9) great(A,B) :- r_subst_3(B,F), r_subst_3(A,D), x_subst(A,D,C), h_acceptor(C,E).
(r10) great(A,B) :- ring_subst_2(B,C), x_subst(B,E,F), ring_subst_4(A,C), ring_subst_2(A,D).
(r11) great(A,B) :- ring_subst_2(B,E), ring_subst_4(A,C), x_subst(A,F,E), pi_acceptor(C,D).
(r12) great(A,B) :- ring_subst_6(B,E), r_subst_3(A,C), n_val(B,F), ring_subst_3(B,D).
(r13) great(A,B) :- ring_subst_4(B,E), alk_groups(A,C), h_doner(E,F), r_subst_3(B,D).
(r14) great(A,B) :- x_subst(B,D,C), r_subst_3(A,F), ring_subst_6(A,E), ring_subst_2(A,E).
(r15) great(A,B) :- r_subst_3(B,C), r_subst_1(B,D), ring_subst_2(A,F), alk_groups(A,E).
(r16) great(A,B) :- ring_subst_6(B,C), gt(D,E), ring_substitutions(A,D), alk_groups(B,E).
(r17) great(A,B) :- x_subst(A,F,D), alk_groups(A,C), x_subst(A,E,D), ring_subst_2(B,D).
(r18) great(A,B) :- ring_subst_2(B,E), ring_subst_5(A,E), n_val(B,C), flex(E,D).
(r19) great(A,B) :- ring_subst_5(B,C), ring_subst_5(A,C), ring_subst_2(B,D), r_subst_3(A,E).
(r20) great(A,B) :- r_subst_1(A,D), ring_subst_3(B,C), r_subst_2(A,E), pi_doner(C,F).
(r21) great(A,B) :- flex(C,D), ring_subst_2(B,F), x_subst(B,E,C), x_subst(A,E,F).
(r22) great(A,B) :- r_subst_1(B,E), n_val(A,C), n_val(A,F), ring_subst_4(B,D).
(r23) great(A,B) :- ring_subst_3(B,C), great_polar(D,E), ring_subst_5(A,F), polar(C,D).
(r24) great(A,B) :- x_subst(B,C,E), gt(C,D), r_subst_3(A,D), ring_subst_5(B,E).
(r25) great(A,B) :- pi_acceptor(E,C), ring_subst_6(A,E), ring_subst_4(B,F), flex(F,D).
(r26) great(A,B) :- ring_subst_2(B,E), alk_groups(A,F), ring_subst_2(A,C), x_subst(B,D,E).
(r27) great(A,B) :- ring_subst_4(B,C), r_subst_3(A,D), h_doner(C,F), alk_groups(B,E).
(r28) great(A,B) :- ring_subst_5(A,E), r_subst_3(B,D), r_subst_2(B,C), n_val(A,D).
(r29) great(A,B) :- r_subst_3(A,C), ring_subst_5(B,E), n_val(B,D), x_subst(A,C,F).
(r30) great(A,B) :- ring_subst_4(B,D), x_subst(A,E,D), ring_subst_3(A,F), sigma(D,C).
(r31) great(A,B) :- ring_subst_6(B,C), r_subst_2(B,E), ring_subst_2(A,C), ring_subst_5(B,D).
(r32) great(A,B) :- ring_subst_2(B,D), ring_subst_4(A,E), ring_substitutions(A,C), ring_subst_3(A,D).
(r33) great(A,B) :- h_doner(F,E), ring_subst_4(B,F), r_subst_2(B,C), ring_substitutions(A,D).
(r34) great(A,B) :- ring_subst_3(A,E), x_subst(B,F,D), h_doner(E,C), n_val(A,F).
(r35) great(A,B) :- r_subst_3(A,F), x_subst(B,F,D), ring_subst_2(B,C), x_subst(B,F,E).
(r36) great(A,B) :- ring_subst_3(B,E), n_val(B,C), polar(E,F), n_val(A,D).
(r37) great(A,B) :- ring_subst_2(B,E), h_doner(C,F), x_subst(A,D,C), ring_subst_6(B,E).
(r38) great(A,B) :- x_subst(B,C,E), ring_subst_2(B,E), n_val(B,D), r_subst_2(A,F).
(r39) great(A,B) :- x_subst(B,E,D), n_val(B,C), n_val(A,C), r_subst_3(A,E).
(r40) great(A,B) :- gt(D,F), x_subst(A,F,E), alk_groups(B,D), ring_substitutions(A,C).
(r41) great(A,B) :- x_subst(A,D,E), ring_subst_3(A,F), alk_groups(B,C), gt(D,C).
(r42) great(A,B) :- gt(E,D), ring_subst_2(B,C), ring_subst_4(B,C), alk_groups(A,E).
(r43) great(A,B) :- sigma(F,D), ring_subst_4(A,E), ring_subst_6(B,C), ring_subst_4(B,F).
(r44) great(A,B) :- ring_subst_5(B,C), pi_acceptor(D,F), x_subst(A,E,D), ring_subst_2(B,D).
(r45) great(A,B) :- r_subst_2(B,C), r_subst_3(B,F), x_subst(B,D,E), n_val(A,D).
(r46) great(A,B) :- x_subst(A,E,C), pi_acceptor(F,D), x_subst(B,E,F), ring_subst_3(A,F).
(r47) great(A,B) :- size(F,D), ring_subst_5(A,F), r_subst_2(B,C), ring_subst_5(B,E).
(r48) great(A,B) :- ring_substitutions(B,E), n_val(A,C), ring_subst_3(B,D), r_subst_3(A,E).
(r49) great(A,B) :- pi_acceptor(D,E), ring_subst_6(B,C), ring_subst_3(B,F), ring_subst_5(A,D).
(r50) great(A,B) :- h_acceptor(C,F), alk_groups(B,D), x_subst(A,D,C), gt(D,E).
(r51) great(A,B) :- r_subst_3(B,F), pi_doner(E,D), x_subst(A,F,C), ring_subst_4(A,E).
(r52) great(A,B) :- gt(E,C), x_subst(B,E,F), ring_subst_5(A,D), alk_groups(B,E).
(r53) great(A,B) :- ring_subst_3(B,C), ring_subst_4(A,F), ring_subst_5(B,D), polar(F,E).
(r54) great(A,B) :- ring_subst_2(B,E), n_val(A,C), ring_subst_5(A,D), r_subst_1(A,F).
(r55) great(A,B) :- x_subst(A,C,D), alk_groups(A,C), r_subst_1(A,F), r_subst_1(B,E).
(r56) great(A,B) :- r_subst_3(B,C), n_val(B,C), n_val(A,C), x_subst(B,D,E).
(r57) great(A,B) :- n_val(B,E), h_acceptor(F,C), ring_subst_5(A,F), r_subst_1(B,D).
(r58) great(A,B) :- alk_groups(A,C), n_val(A,C), ring_subst_2(A,D), alk_groups(B,E).
(r59) great(A,B) :- ring_subst_5(B,C), great_size(F,E), ring_subst_6(A,D), size(D,F).
(r60) great(A,B) :- ring_subst_4(A,E), h_doner(E,C), ring_subst_2(B,D), polarisable(D,F).
====================
MaxSAT solving... (1510 vars, 9266 hard, 550 soft)
number of rules: 62
program size: 283
(inv1) inv1(X1,X2,X3,X4,X5,X6) :- n_val(X1,X2), n_val(X3,X4), r_subst_3(X5,X6).
(inv2) inv2(X1,X2,X3,X4,X5,X6,X7,X8,X9,X10) :- x_subst(X1,X2,X3), x_subst(X4,X5,X6), ring_subst_2(X7,X8), ring_subst_2(X9,X10).
(r1) great(A,B) :- n_val(A,C), ring_subst_5(A,E), size(E,D), r_subst_1(B,F).
(r2) great(A,B) :- inv1(A,D,A,D,B,E), ring_subst_6(B,C), ring_subst_6(A,F).
(r3) great(A,B) :- pi_acceptor(D,E), ring_subst_4(A,D), x_subst(B,C,D), r_subst_2(A,F).
(r4) great(A,B) :- r_subst_3(A,C), ring_subst_3(B,D), pi_doner(D,E), r_subst_1(B,F).
(r5) great(A,B) :- ring_subst_4(B,C), ring_subst_2(A,F), flex(F,D), flex(F,E).
(r6) great(A,B) :- inv2(B,C,D,B,C,D,B,D,B,D), ring_substitutions(B,E), r_subst_1(A,F).
(r7) great(A,B) :- ring_subst_3(B,E), n_val(B,F), ring_subst_6(A,C), r_subst_2(B,D).
(r8) great(A,B) :- ring_subst_6(B,C), great_polar(D,E), ring_subst_2(A,F), polar(C,D).
(r9) great(A,B) :- r_subst_3(B,F), r_subst_3(A,D), x_subst(A,D,C), h_acceptor(C,E).
(r10) great(A,B) :- inv2(B,E,F,B,E,F,B,C,A,D), ring_subst_4(A,C).
(r11) great(A,B) :- inv2(A,F,E,A,F,E,B,E,B,E), ring_subst_4(A,C), pi_acceptor(C,D).
(r12) great(A,B) :- inv1(B,F,B,F,A,C), ring_subst_6(B,E), ring_subst_3(B,D).
(r13) great(A,B) :- ring_subst_4(B,E), alk_groups(A,C), h_doner(E,F), r_subst_3(B,D).
(r14) great(A,B) :- inv2(B,D,C,B,D,C,A,E,A,E), r_subst_3(A,F), ring_subst_6(A,E).
(r15) great(A,B) :- r_subst_3(B,C), r_subst_1(B,D), ring_subst_2(A,F), alk_groups(A,E).
(r16) great(A,B) :- ring_subst_6(B,C), gt(D,E), ring_substitutions(A,D), alk_groups(B,E).
(r17) great(A,B) :- inv2(A,F,D,A,E,D,B,D,B,D), alk_groups(A,C).
(r18) great(A,B) :- ring_subst_2(B,E), ring_subst_5(A,E), n_val(B,C), flex(E,D).
(r19) great(A,B) :- ring_subst_5(B,C), ring_subst_5(A,C), ring_subst_2(B,D), r_subst_3(A,E).
(r20) great(A,B) :- r_subst_1(A,D), ring_subst_3(B,C), r_subst_2(A,E), pi_doner(C,F).
(r21) great(A,B) :- inv2(B,E,C,A,E,F,B,F,B,F), flex(C,D).
(r22) great(A,B) :- r_subst_1(B,E), n_val(A,C), n_val(A,F), ring_subst_4(B,D).
(r23) great(A,B) :- ring_subst_3(B,C), great_polar(D,E), ring_subst_5(A,F), polar(C,D).
(r24) great(A,B) :- x_subst(B,C,E), gt(C,D), r_subst_3(A,D), ring_subst_5(B,E).
(r25) great(A,B) :- pi_acceptor(E,C), ring_subst_6(A,E), ring_subst_4(B,F), flex(F,D).
(r26) great(A,B) :- inv2(B,D,E,B,D,E,B,E,A,C), alk_groups(A,F).
(r27) great(A,B) :- ring_subst_4(B,C), r_subst_3(A,D), h_doner(C,F), alk_groups(B,E).
(r28) great(A,B) :- inv1(A,D,A,D,B,D), ring_subst_5(A,E), r_subst_2(B,C).
(r29) great(A,B) :- inv1(B,D,B,D,A,C), ring_subst_5(B,E), x_subst(A,C,F).
(r30) great(A,B) :- ring_subst_4(B,D), x_subst(A,E,D), ring_subst_3(A,F), sigma(D,C).
(r31) great(A,B) :- ring_subst_6(B,C), r_subst_2(B,E), ring_subst_2(A,C), ring_subst_5(B,D).
(r32) great(A,B) :- ring_subst_2(B,D), ring_subst_4(A,E), ring_substitutions(A,C), ring_subst_3(A,D).
(r33) great(A,B) :- h_doner(F,E), ring_subst_4(B,F), r_subst_2(B,C), ring_substitutions(A,D).
(r34) great(A,B) :- ring_subst_3(A,E), x_subst(B,F,D), h_doner(E,C), n_val(A,F).
(r35) great(A,B) :- inv2(B,F,D,B,F,E,B,C,B,C), r_subst_3(A,F).
(r36) great(A,B) :- ring_subst_3(B,E), n_val(B,C), polar(E,F), n_val(A,D).
(r37) great(A,B) :- inv2(A,D,C,A,D,C,B,E,B,E), h_doner(C,F), ring_subst_6(B,E).
(r38) great(A,B) :- inv2(B,C,E,B,C,E,B,E,B,E), n_val(B,D), r_subst_2(A,F).
(r39) great(A,B) :- inv1(B,C,A,C,A,E), x_subst(B,E,D).
(r40) great(A,B) :- gt(D,F), x_subst(A,F,E), alk_groups(B,D), ring_substitutions(A,C).
(r41) great(A,B) :- x_subst(A,D,E), ring_subst_3(A,F), alk_groups(B,C), gt(D,C).
(r42) great(A,B) :- gt(E,D), ring_subst_2(B,C), ring_subst_4(B,C), alk_groups(A,E).
(r43) great(A,B) :- sigma(F,D), ring_subst_4(A,E), ring_subst_6(B,C), ring_subst_4(B,F).
(r44) great(A,B) :- inv2(A,E,D,A,E,D,B,D,B,D), ring_subst_5(B,C), pi_acceptor(D,F).
(r45) great(A,B) :- inv1(A,D,A,D,B,F), r_subst_2(B,C), x_subst(B,D,E).
(r46) great(A,B) :- x_subst(A,E,C), pi_acceptor(F,D), x_subst(B,E,F), ring_subst_3(A,F).
(r47) great(A,B) :- size(F,D), ring_subst_5(A,F), r_subst_2(B,C), ring_subst_5(B,E).
(r48) great(A,B) :- inv1(A,C,A,C,A,E), ring_substitutions(B,E), ring_subst_3(B,D).
(r49) great(A,B) :- pi_acceptor(D,E), ring_subst_6(B,C), ring_subst_3(B,F), ring_subst_5(A,D).
(r50) great(A,B) :- h_acceptor(C,F), alk_groups(B,D), x_subst(A,D,C), gt(D,E).
(r51) great(A,B) :- r_subst_3(B,F), pi_doner(E,D), x_subst(A,F,C), ring_subst_4(A,E).
(r52) great(A,B) :- gt(E,C), x_subst(B,E,F), ring_subst_5(A,D), alk_groups(B,E).
(r53) great(A,B) :- ring_subst_3(B,C), ring_subst_4(A,F), ring_subst_5(B,D), polar(F,E).
(r54) great(A,B) :- ring_subst_2(B,E), n_val(A,C), ring_subst_5(A,D), r_subst_1(A,F).
(r55) great(A,B) :- x_subst(A,C,D), alk_groups(A,C), r_subst_1(A,F), r_subst_1(B,E).
(r56) great(A,B) :- inv1(B,C,A,C,B,C), x_subst(B,D,E).
(r57) great(A,B) :- n_val(B,E), h_acceptor(F,C), ring_subst_5(A,F), r_subst_1(B,D).
(r58) great(A,B) :- alk_groups(A,C), n_val(A,C), ring_subst_2(A,D), alk_groups(B,E).
(r59) great(A,B) :- ring_subst_5(B,C), great_size(F,E), ring_subst_6(A,D), size(D,F).
(r60) great(A,B) :- ring_subst_4(A,E), h_doner(E,C), ring_subst_2(B,D), polarisable(D,F).
====================
