number of rules: 100
program size: 496
(r1) great(A,B) :- ring_substitutions(B,C), x_subst(A,F,E), ring_subst_5(B,E), polarisable(E,D).
(r2) great(A,B) :- ring_subst_5(A,C), x_subst(A,D,C), x_subst(B,E,C), alk_groups(A,E).
(r3) great(A,B) :- h_acceptor(F,C), ring_subst_4(B,F), r_subst_3(A,D), flex(F,E).
(r4) great(A,B) :- alk_groups(B,C), ring_substitutions(A,E), gt(E,D), alk_groups(B,D).
(r5) great(A,B) :- flex(F,C), ring_subst_2(B,F), ring_subst_3(A,D), flex(F,E).
(r6) great(A,B) :- x_subst(A,C,D), x_subst(B,C,D), ring_subst_4(A,E).
(r7) great(A,B) :- ring_subst_3(B,E), flex(E,F), ring_substitutions(A,C), ring_subst_5(A,D).
(r8) great(A,B) :- ring_substitutions(B,E), ring_subst_6(B,C), ring_subst_3(A,D), size(D,F).
(r9) great(A,B) :- ring_subst_3(B,E), n_val(B,C), h_doner(D,F), ring_subst_6(A,D).
(r10) great(A,B) :- h_doner(D,F), r_subst_2(A,E), r_subst_2(B,C), ring_subst_2(B,D).
(r11) great(A,B) :- ring_subst_6(B,E), ring_substitutions(B,C), ring_subst_3(A,F), ring_subst_6(A,D).
(r12) great(A,B) :- r_subst_1(A,D), ring_subst_2(A,E), ring_substitutions(B,C), ring_subst_3(A,E).
(r13) great(A,B) :- ring_subst_2(A,E), ring_subst_6(B,C), ring_subst_4(B,F), pi_acceptor(E,D).
(r14) great(A,B) :- size(D,C), flex(D,E), ring_subst_5(A,F), ring_subst_4(B,D).
(r15) great(A,B) :- ring_subst_3(A,C), r_subst_2(A,E), ring_substitutions(B,D), n_val(A,D).
(r16) great(A,B) :- r_subst_2(A,D), pi_acceptor(C,E), ring_subst_3(B,C), pi_doner(C,F).
(r17) great(A,B) :- ring_subst_4(A,E), ring_subst_4(B,F), r_subst_1(B,C), h_acceptor(E,D).
(r18) great(A,B) :- flex(C,D), r_subst_3(B,F), ring_subst_4(A,C), r_subst_2(A,E).
(r19) great(A,B) :- r_subst_1(B,E), ring_subst_6(A,C), polarisable(C,D), ring_subst_4(B,C).
(r20) great(A,B) :- ring_subst_4(B,E), r_subst_3(A,F), alk_groups(A,F), x_subst(B,C,D).
(r21) great(A,B) :- n_val(A,C), ring_subst_5(B,D), r_subst_2(A,E), ring_subst_3(B,D).
(r22) great(A,B) :- ring_subst_2(B,C), ring_subst_5(A,C), pi_acceptor(C,D), r_subst_3(A,E).
(r23) great(A,B) :- ring_subst_2(B,E), polarisable(C,D), ring_subst_2(A,C), ring_subst_6(B,F).
(r24) great(A,B) :- ring_subst_3(A,E), ring_subst_3(A,C), ring_subst_5(A,E), r_subst_1(B,D).
(r25) great(A,B) :- x_subst(B,E,D), ring_subst_4(B,F), h_acceptor(D,C), x_subst(A,E,F).
(r26) great(A,B) :- r_subst_2(A,D), r_subst_3(B,F), x_subst(A,F,C), ring_subst_4(A,E).
(r27) great(A,B) :- h_acceptor(F,E), ring_subst_2(B,F), n_val(A,D), polar(F,C).
(r28) great(A,B) :- x_subst(A,F,D), n_val(A,E), ring_substitutions(B,C), n_val(A,C).
(r29) great(A,B) :- ring_subst_6(B,E), r_subst_3(A,C), n_val(A,C), x_subst(B,C,D).
(r30) great(A,B) :- ring_subst_4(B,E), ring_subst_4(B,C), x_subst(A,F,E), polar(E,D).
(r31) great(A,B) :- r_subst_3(B,C), x_subst(B,C,F), r_subst_3(A,D), alk_groups(B,E).
(r32) great(A,B) :- ring_subst_6(A,E), ring_subst_4(B,D), ring_subst_5(A,F), r_subst_1(A,C).
(r33) great(A,B) :- x_subst(A,D,E), ring_subst_4(A,F), ring_substitutions(A,C), ring_substitutions(B,D).
(r34) great(A,B) :- ring_subst_4(A,E), great_polar(F,D), r_subst_1(B,C), polar(E,F).
(r35) great(A,B) :- r_subst_3(A,C), x_subst(B,C,F), x_subst(A,D,F), sigma(F,E).
(r36) great(A,B) :- ring_subst_3(B,E), sigma(E,D), ring_subst_6(B,F), x_subst(A,C,E).
(r37) great(A,B) :- ring_subst_3(B,E), x_subst(A,F,E), r_subst_1(B,C), ring_subst_3(B,D).
(r38) great(A,B) :- ring_subst_6(B,E), n_val(A,C), ring_subst_5(A,D).
(r39) great(A,B) :- x_subst(B,D,C), size(C,E), ring_subst_2(A,F), ring_subst_3(A,F).
(r40) great(A,B) :- ring_subst_3(A,E), ring_subst_5(A,C), ring_subst_5(B,D), x_subst(B,F,E).
(r41) great(A,B) :- ring_subst_2(A,E), ring_subst_2(A,C), r_subst_2(B,D).
(r42) great(A,B) :- x_subst(A,D,E), polarisable(E,C), ring_subst_4(B,E), size(E,F).
(r43) great(A,B) :- polar(F,C), polarisable(D,E), ring_subst_6(A,D), ring_subst_5(B,F).
(r44) great(A,B) :- ring_subst_3(A,E), ring_subst_6(B,C), h_doner(E,F), r_subst_2(B,D).
(r45) great(A,B) :- x_subst(B,C,E), ring_subst_3(B,E), ring_subst_3(A,F), flex(F,D).
(r46) great(A,B) :- ring_subst_4(B,E), r_subst_3(B,F), polar(E,D), ring_substitutions(A,C).
(r47) great(A,B) :- ring_subst_2(A,F), r_subst_3(A,D), r_subst_3(B,E), polar(F,C).
(r48) great(A,B) :- pi_acceptor(E,F), ring_subst_5(B,E), ring_substitutions(A,C), ring_subst_6(A,D).
(r49) great(A,B) :- ring_subst_3(A,C), ring_subst_6(A,E), ring_subst_2(B,F), pi_acceptor(C,D).
(r50) great(A,B) :- ring_subst_4(B,F), ring_subst_2(A,C), h_acceptor(C,D), h_doner(C,E).
(r51) great(A,B) :- x_subst(A,D,E), ring_subst_6(A,E), ring_subst_3(B,C), r_subst_1(B,F).
(r52) great(A,B) :- r_subst_2(B,E), n_val(A,C), r_subst_3(A,F), ring_subst_3(A,D).
(r53) great(A,B) :- x_subst(A,D,E), ring_subst_5(B,C), ring_subst_5(B,E), r_subst_1(A,F).
(r54) great(A,B) :- x_subst(A,D,E), x_subst(B,D,C), ring_subst_4(A,C), ring_subst_2(A,E).
(r55) great(A,B) :- sigma(E,C), ring_subst_6(A,E), ring_subst_3(B,F), ring_subst_6(A,D).
(r56) great(A,B) :- ring_substitutions(B,C), x_subst(A,F,E), x_subst(B,F,D), ring_subst_6(A,D).
(r57) great(A,B) :- size(D,E), x_subst(B,C,D), ring_subst_3(A,D), x_subst(A,C,F).
(r58) great(A,B) :- x_subst(B,E,D), ring_subst_3(B,C), ring_subst_5(A,C), polar(C,F).
(r59) great(A,B) :- n_val(B,C), n_val(A,C), ring_substitutions(A,D), x_subst(B,F,E).
(r60) great(A,B) :- x_subst(A,E,C), ring_substitutions(A,E), ring_subst_2(B,D), pi_doner(D,F).
(r61) great(A,B) :- pi_doner(D,E), ring_subst_6(A,F), r_subst_1(B,C), ring_subst_3(A,D).
(r62) great(A,B) :- x_subst(A,D,E), n_val(B,C), x_subst(A,F,E), n_val(A,D).
(r63) great(A,B) :- r_subst_3(A,C), n_val(A,C), ring_substitutions(B,D).
(r64) great(A,B) :- pi_doner(D,C), r_subst_2(B,E), ring_subst_4(B,F), ring_subst_2(A,D).
(r65) great(A,B) :- ring_substitutions(A,E), alk_groups(B,D), alk_groups(A,D), ring_subst_5(A,C).
(r66) great(A,B) :- ring_subst_3(A,C), ring_subst_4(B,C), r_subst_3(B,D), ring_subst_6(A,C).
(r67) great(A,B) :- pi_acceptor(C,F), ring_subst_2(A,C), x_subst(B,D,E), ring_substitutions(A,D).
(r68) great(A,B) :- alk_groups(A,C), ring_subst_4(A,E), n_val(B,C), x_subst(B,D,F).
(r69) great(A,B) :- ring_subst_6(A,E), x_subst(A,C,E), ring_substitutions(B,D), r_subst_2(A,F).
(r70) great(A,B) :- ring_subst_2(B,C), ring_substitutions(B,F), ring_subst_5(A,D), flex(D,E).
(r71) great(A,B) :- h_doner(F,E), ring_subst_4(B,C), x_subst(A,D,F), ring_subst_2(B,F).
(r72) great(A,B) :- n_val(A,E), polarisable(F,C), ring_subst_6(A,D), ring_subst_5(B,F).
(r73) great(A,B) :- x_subst(A,C,D), ring_substitutions(B,F), gt(F,C), alk_groups(B,E).
(r74) great(A,B) :- ring_subst_5(B,C), r_subst_2(B,F), n_val(A,D), alk_groups(A,E).
(r75) great(A,B) :- ring_subst_3(B,E), r_subst_2(A,C), size(E,F), ring_subst_6(B,D).
(r76) great(A,B) :- ring_subst_2(B,E), ring_subst_4(B,C), ring_subst_5(A,C), ring_subst_3(A,D).
(r77) great(A,B) :- r_subst_3(A,C), gt(F,E), x_subst(B,F,D), n_val(A,E).
(r78) great(A,B) :- ring_subst_3(B,E), sigma(C,D), ring_subst_6(B,C), ring_subst_2(A,F).
(r79) great(A,B) :- ring_subst_4(B,F), alk_groups(A,D), r_subst_3(B,E), size(F,C).
(r80) great(A,B) :- r_subst_1(B,C), ring_subst_6(B,F), alk_groups(A,D), ring_subst_5(B,E).
(r81) great(A,B) :- ring_subst_6(A,F), pi_doner(F,E), pi_doner(F,C), r_subst_2(B,D).
(r82) great(A,B) :- x_subst(B,C,E), ring_subst_6(A,D), ring_subst_5(B,E), alk_groups(B,C).
(r83) great(A,B) :- ring_subst_3(A,C), ring_subst_5(A,F), ring_subst_5(B,E), pi_acceptor(E,D).
(r84) great(A,B) :- size(D,C), r_subst_1(B,E), ring_subst_3(A,F), ring_subst_5(B,D).
(r85) great(A,B) :- ring_subst_6(B,C), ring_subst_2(B,C), r_subst_2(A,E), ring_substitutions(B,D).
(r86) great(A,B) :- x_subst(B,C,E), h_doner(E,F), ring_subst_4(B,D), ring_subst_4(A,D).
(r87) great(A,B) :- ring_subst_4(B,C), ring_subst_3(B,F), x_subst(A,E,D), ring_subst_5(A,F).
(r88) great(A,B) :- r_subst_3(A,C), ring_substitutions(B,C), x_subst(B,C,D), ring_subst_3(A,D).
(r89) great(A,B) :- x_subst(A,D,E), ring_subst_5(B,E), n_val(A,D), x_subst(A,C,F).
(r90) great(A,B) :- r_subst_2(A,D), ring_subst_6(A,E), ring_subst_2(B,C), ring_subst_4(A,C).
(r91) great(A,B) :- x_subst(A,E,C), ring_subst_5(A,F), ring_substitutions(A,D), r_subst_3(B,E).
(r92) great(A,B) :- ring_subst_5(A,E), h_acceptor(E,C), ring_subst_3(B,D), pi_acceptor(E,F).
(r93) great(A,B) :- r_subst_3(B,F), ring_subst_5(A,C), polarisable(D,E), ring_subst_3(B,D).
(r94) great(A,B) :- r_subst_3(A,F), size(D,E), x_subst(B,C,D), ring_subst_6(B,D).
(r95) great(A,B) :- x_subst(A,C,D), r_subst_1(B,E), n_val(B,C), ring_subst_5(B,F).
(r96) great(A,B) :- flex(C,D), ring_subst_4(B,F), ring_subst_6(A,C), alk_groups(A,E).
(r97) great(A,B) :- r_subst_3(B,C), ring_subst_4(A,D), r_subst_1(B,E), r_subst_2(A,F).
(r98) great(A,B) :- alk_groups(B,C), polar(F,D), ring_subst_5(A,F), size(F,E).
(r99) great(A,B) :- x_subst(B,E,D), ring_subst_6(A,C), x_subst(A,E,D), ring_subst_3(A,D).
(r100) great(A,B) :- ring_subst_5(A,E), polarisable(F,C), ring_subst_4(A,D), ring_subst_5(B,F).
====================
MaxSAT solving... (2454 vars, 16116 hard, 870 soft)
number of rules: 102
program size: 473
(inv1) inv1(X1,X2,X3,X4,X5,X6,X7,X8,X9,X10) :- ring_subst_4(X1,X2), ring_subst_4(X3,X4), x_subst(X5,X6,X7), x_subst(X8,X9,X10).
(inv2) inv2(X1,X2,X3,X4,X5,X6) :- ring_subst_3(X1,X2), ring_subst_6(X3,X4), ring_subst_6(X5,X6).
(r1) great(A,B) :- ring_substitutions(B,C), x_subst(A,F,E), ring_subst_5(B,E), polarisable(E,D).
(r2) great(A,B) :- ring_subst_5(A,C), x_subst(A,D,C), x_subst(B,E,C), alk_groups(A,E).
(r3) great(A,B) :- h_acceptor(F,C), ring_subst_4(B,F), r_subst_3(A,D), flex(F,E).
(r4) great(A,B) :- alk_groups(B,C), ring_substitutions(A,E), gt(E,D), alk_groups(B,D).
(r5) great(A,B) :- flex(F,C), ring_subst_2(B,F), ring_subst_3(A,D), flex(F,E).
(r6) great(A,B) :- inv1(A,E,A,E,A,C,D,B,C,D).
(r7) great(A,B) :- ring_subst_3(B,E), flex(E,F), ring_substitutions(A,C), ring_subst_5(A,D).
(r8) great(A,B) :- inv2(A,D,B,C,B,C), ring_substitutions(B,E), size(D,F).
(r9) great(A,B) :- inv2(B,E,A,D,A,D), n_val(B,C), h_doner(D,F).
(r10) great(A,B) :- h_doner(D,F), r_subst_2(A,E), r_subst_2(B,C), ring_subst_2(B,D).
(r11) great(A,B) :- inv2(A,F,B,E,A,D), ring_substitutions(B,C).
(r12) great(A,B) :- r_subst_1(A,D), ring_subst_2(A,E), ring_substitutions(B,C), ring_subst_3(A,E).
(r13) great(A,B) :- ring_subst_2(A,E), ring_subst_6(B,C), ring_subst_4(B,F), pi_acceptor(E,D).
(r14) great(A,B) :- size(D,C), flex(D,E), ring_subst_5(A,F), ring_subst_4(B,D).
(r15) great(A,B) :- ring_subst_3(A,C), r_subst_2(A,E), ring_substitutions(B,D), n_val(A,D).
(r16) great(A,B) :- r_subst_2(A,D), pi_acceptor(C,E), ring_subst_3(B,C), pi_doner(C,F).
(r17) great(A,B) :- ring_subst_4(A,E), ring_subst_4(B,F), r_subst_1(B,C), h_acceptor(E,D).
(r18) great(A,B) :- flex(C,D), r_subst_3(B,F), ring_subst_4(A,C), r_subst_2(A,E).
(r19) great(A,B) :- r_subst_1(B,E), ring_subst_6(A,C), polarisable(C,D), ring_subst_4(B,C).
(r20) great(A,B) :- inv1(B,E,B,E,B,C,D,B,C,D), r_subst_3(A,F), alk_groups(A,F).
(r21) great(A,B) :- n_val(A,C), ring_subst_5(B,D), r_subst_2(A,E), ring_subst_3(B,D).
(r22) great(A,B) :- ring_subst_2(B,C), ring_subst_5(A,C), pi_acceptor(C,D), r_subst_3(A,E).
(r23) great(A,B) :- ring_subst_2(B,E), polarisable(C,D), ring_subst_2(A,C), ring_subst_6(B,F).
(r24) great(A,B) :- ring_subst_3(A,E), ring_subst_3(A,C), ring_subst_5(A,E), r_subst_1(B,D).
(r25) great(A,B) :- inv1(B,F,B,F,B,E,D,A,E,F), h_acceptor(D,C).
(r26) great(A,B) :- inv1(A,E,A,E,A,F,C,A,F,C), r_subst_2(A,D), r_subst_3(B,F).
(r27) great(A,B) :- h_acceptor(F,E), ring_subst_2(B,F), n_val(A,D), polar(F,C).
(r28) great(A,B) :- x_subst(A,F,D), n_val(A,E), ring_substitutions(B,C), n_val(A,C).
(r29) great(A,B) :- ring_subst_6(B,E), r_subst_3(A,C), n_val(A,C), x_subst(B,C,D).
(r30) great(A,B) :- inv1(B,E,B,C,A,F,E,A,F,E), polar(E,D).
(r31) great(A,B) :- r_subst_3(B,C), x_subst(B,C,F), r_subst_3(A,D), alk_groups(B,E).
(r32) great(A,B) :- ring_subst_6(A,E), ring_subst_4(B,D), ring_subst_5(A,F), r_subst_1(A,C).
(r33) great(A,B) :- inv1(A,F,A,F,A,D,E,A,D,E), ring_substitutions(A,C), ring_substitutions(B,D).
(r34) great(A,B) :- ring_subst_4(A,E), great_polar(F,D), r_subst_1(B,C), polar(E,F).
(r35) great(A,B) :- r_subst_3(A,C), x_subst(B,C,F), x_subst(A,D,F), sigma(F,E).
(r36) great(A,B) :- inv2(B,E,B,F,B,F), sigma(E,D), x_subst(A,C,E).
(r37) great(A,B) :- ring_subst_3(B,E), x_subst(A,F,E), r_subst_1(B,C), ring_subst_3(B,D).
(r38) great(A,B) :- ring_subst_6(B,E), n_val(A,C), ring_subst_5(A,D).
(r39) great(A,B) :- x_subst(B,D,C), size(C,E), ring_subst_2(A,F), ring_subst_3(A,F).
(r40) great(A,B) :- ring_subst_3(A,E), ring_subst_5(A,C), ring_subst_5(B,D), x_subst(B,F,E).
(r41) great(A,B) :- ring_subst_2(A,E), ring_subst_2(A,C), r_subst_2(B,D).
(r42) great(A,B) :- inv1(B,E,B,E,A,D,E,A,D,E), polarisable(E,C), size(E,F).
(r43) great(A,B) :- polar(F,C), polarisable(D,E), ring_subst_6(A,D), ring_subst_5(B,F).
(r44) great(A,B) :- inv2(A,E,B,C,B,C), h_doner(E,F), r_subst_2(B,D).
(r45) great(A,B) :- x_subst(B,C,E), ring_subst_3(B,E), ring_subst_3(A,F), flex(F,D).
(r46) great(A,B) :- ring_subst_4(B,E), r_subst_3(B,F), polar(E,D), ring_substitutions(A,C).
(r47) great(A,B) :- ring_subst_2(A,F), r_subst_3(A,D), r_subst_3(B,E), polar(F,C).
(r48) great(A,B) :- pi_acceptor(E,F), ring_subst_5(B,E), ring_substitutions(A,C), ring_subst_6(A,D).
(r49) great(A,B) :- inv2(A,C,A,E,A,E), ring_subst_2(B,F), pi_acceptor(C,D).
(r50) great(A,B) :- ring_subst_4(B,F), ring_subst_2(A,C), h_acceptor(C,D), h_doner(C,E).
(r51) great(A,B) :- inv2(B,C,A,E,A,E), x_subst(A,D,E), r_subst_1(B,F).
(r52) great(A,B) :- r_subst_2(B,E), n_val(A,C), r_subst_3(A,F), ring_subst_3(A,D).
(r53) great(A,B) :- x_subst(A,D,E), ring_subst_5(B,C), ring_subst_5(B,E), r_subst_1(A,F).
(r54) great(A,B) :- inv1(A,C,A,C,A,D,E,B,D,C), ring_subst_2(A,E).
(r55) great(A,B) :- inv2(B,F,A,E,A,D), sigma(E,C).
(r56) great(A,B) :- ring_substitutions(B,C), x_subst(A,F,E), x_subst(B,F,D), ring_subst_6(A,D).
(r57) great(A,B) :- size(D,E), x_subst(B,C,D), ring_subst_3(A,D), x_subst(A,C,F).
(r58) great(A,B) :- x_subst(B,E,D), ring_subst_3(B,C), ring_subst_5(A,C), polar(C,F).
(r59) great(A,B) :- n_val(B,C), n_val(A,C), ring_substitutions(A,D), x_subst(B,F,E).
(r60) great(A,B) :- x_subst(A,E,C), ring_substitutions(A,E), ring_subst_2(B,D), pi_doner(D,F).
(r61) great(A,B) :- inv2(A,D,A,F,A,F), pi_doner(D,E), r_subst_1(B,C).
(r62) great(A,B) :- x_subst(A,D,E), n_val(B,C), x_subst(A,F,E), n_val(A,D).
(r63) great(A,B) :- r_subst_3(A,C), n_val(A,C), ring_substitutions(B,D).
(r64) great(A,B) :- pi_doner(D,C), r_subst_2(B,E), ring_subst_4(B,F), ring_subst_2(A,D).
(r65) great(A,B) :- ring_substitutions(A,E), alk_groups(B,D), alk_groups(A,D), ring_subst_5(A,C).
(r66) great(A,B) :- inv2(A,C,A,C,A,C), ring_subst_4(B,C), r_subst_3(B,D).
(r67) great(A,B) :- pi_acceptor(C,F), ring_subst_2(A,C), x_subst(B,D,E), ring_substitutions(A,D).
(r68) great(A,B) :- inv1(A,E,A,E,B,D,F,B,D,F), alk_groups(A,C), n_val(B,C).
(r69) great(A,B) :- ring_subst_6(A,E), x_subst(A,C,E), ring_substitutions(B,D), r_subst_2(A,F).
(r70) great(A,B) :- ring_subst_2(B,C), ring_substitutions(B,F), ring_subst_5(A,D), flex(D,E).
(r71) great(A,B) :- inv1(B,C,B,C,A,D,F,A,D,F), h_doner(F,E), ring_subst_2(B,F).
(r72) great(A,B) :- n_val(A,E), polarisable(F,C), ring_subst_6(A,D), ring_subst_5(B,F).
(r73) great(A,B) :- x_subst(A,C,D), ring_substitutions(B,F), gt(F,C), alk_groups(B,E).
(r74) great(A,B) :- ring_subst_5(B,C), r_subst_2(B,F), n_val(A,D), alk_groups(A,E).
(r75) great(A,B) :- inv2(B,E,B,D,B,D), r_subst_2(A,C), size(E,F).
(r76) great(A,B) :- ring_subst_2(B,E), ring_subst_4(B,C), ring_subst_5(A,C), ring_subst_3(A,D).
(r77) great(A,B) :- r_subst_3(A,C), gt(F,E), x_subst(B,F,D), n_val(A,E).
(r78) great(A,B) :- inv2(B,E,B,C,B,C), sigma(C,D), ring_subst_2(A,F).
(r79) great(A,B) :- ring_subst_4(B,F), alk_groups(A,D), r_subst_3(B,E), size(F,C).
(r80) great(A,B) :- r_subst_1(B,C), ring_subst_6(B,F), alk_groups(A,D), ring_subst_5(B,E).
(r81) great(A,B) :- ring_subst_6(A,F), pi_doner(F,E), pi_doner(F,C), r_subst_2(B,D).
(r82) great(A,B) :- x_subst(B,C,E), ring_subst_6(A,D), ring_subst_5(B,E), alk_groups(B,C).
(r83) great(A,B) :- ring_subst_3(A,C), ring_subst_5(A,F), ring_subst_5(B,E), pi_acceptor(E,D).
(r84) great(A,B) :- size(D,C), r_subst_1(B,E), ring_subst_3(A,F), ring_subst_5(B,D).
(r85) great(A,B) :- ring_subst_6(B,C), ring_subst_2(B,C), r_subst_2(A,E), ring_substitutions(B,D).
(r86) great(A,B) :- inv1(B,D,A,D,B,C,E,B,C,E), h_doner(E,F).
(r87) great(A,B) :- inv1(B,C,B,C,A,E,D,A,E,D), ring_subst_3(B,F), ring_subst_5(A,F).
(r88) great(A,B) :- r_subst_3(A,C), ring_substitutions(B,C), x_subst(B,C,D), ring_subst_3(A,D).
(r89) great(A,B) :- x_subst(A,D,E), ring_subst_5(B,E), n_val(A,D), x_subst(A,C,F).
(r90) great(A,B) :- r_subst_2(A,D), ring_subst_6(A,E), ring_subst_2(B,C), ring_subst_4(A,C).
(r91) great(A,B) :- x_subst(A,E,C), ring_subst_5(A,F), ring_substitutions(A,D), r_subst_3(B,E).
(r92) great(A,B) :- ring_subst_5(A,E), h_acceptor(E,C), ring_subst_3(B,D), pi_acceptor(E,F).
(r93) great(A,B) :- r_subst_3(B,F), ring_subst_5(A,C), polarisable(D,E), ring_subst_3(B,D).
(r94) great(A,B) :- r_subst_3(A,F), size(D,E), x_subst(B,C,D), ring_subst_6(B,D).
(r95) great(A,B) :- x_subst(A,C,D), r_subst_1(B,E), n_val(B,C), ring_subst_5(B,F).
(r96) great(A,B) :- flex(C,D), ring_subst_4(B,F), ring_subst_6(A,C), alk_groups(A,E).
(r97) great(A,B) :- r_subst_3(B,C), ring_subst_4(A,D), r_subst_1(B,E), r_subst_2(A,F).
(r98) great(A,B) :- alk_groups(B,C), polar(F,D), ring_subst_5(A,F), size(F,E).
(r99) great(A,B) :- inv2(A,D,A,C,A,C), x_subst(B,E,D), x_subst(A,E,D).
(r100) great(A,B) :- ring_subst_5(A,E), polarisable(F,C), ring_subst_4(A,D), ring_subst_5(B,F).
====================
