number of rules: 120
program size: 598
(r1) great_rsd(A,B) :- sigma(D,F), ring_subst_6(A,E), ring_subst_5(A,D), ring_subst_2(B,C).
(r2) great_rsd(A,B) :- pi_doner(F,E), ring_subst_4(A,F), n_val(B,C), polarisable(F,D).
(r3) great_rsd(A,B) :- ring_substitutions(A,E), size(C,D), n_val(B,E), ring_subst_3(B,C).
(r4) great_rsd(A,B) :- ring_subst_6(B,E), r_subst_2(A,C), alk_groups(B,D), polar(E,F).
(r5) great_rsd(A,B) :- alk_groups(B,C), ring_subst_5(A,E), alk_groups(A,D), size(E,F).
(r6) great_rsd(A,B) :- ring_subst_4(A,D), sigma(D,F), n_val(B,E), n_val(A,C).
(r7) great_rsd(A,B) :- r_subst_1(B,D), n_val(A,F), ring_subst_6(A,E), ring_subst_4(A,C).
(r8) great_rsd(A,B) :- n_val(A,F), ring_subst_5(A,E), ring_subst_4(B,C), size(C,D).
(r9) great_rsd(A,B) :- x_subst(A,D,F), x_subst(B,D,C), h_doner(F,E), n_val(B,D).
(r10) great_rsd(A,B) :- n_val(A,C), ring_subst_3(A,D), n_val(A,E), r_subst_3(B,F).
(r11) great_rsd(A,B) :- x_subst(A,D,F), alk_groups(B,D), n_val(A,C), gt(D,E).
(r12) great_rsd(A,B) :- ring_subst_5(B,E), size(D,C), polarisable(E,F), ring_subst_6(A,D).
(r13) great_rsd(A,B) :- x_subst(A,D,F), ring_subst_5(B,E), sigma(E,C), n_val(A,D).
(r14) great_rsd(A,B) :- alk_groups(B,C), ring_subst_2(B,D), ring_subst_2(A,D), x_subst(B,C,E).
(r15) great_rsd(A,B) :- ring_subst_4(A,D), polar(F,E), ring_subst_5(B,F), x_subst(A,C,D).
(r16) great_rsd(A,B) :- alk_groups(A,E), x_subst(A,D,C), alk_groups(A,F), x_subst(B,F,C).
(r17) great_rsd(A,B) :- ring_subst_5(B,D), x_subst(A,F,C), ring_subst_2(A,D), ring_subst_3(A,E).
(r18) great_rsd(A,B) :- ring_subst_4(A,C), x_subst(B,F,C), ring_subst_2(B,D), gt(F,E).
(r19) great_rsd(A,B) :- x_subst(A,D,F), x_subst(B,E,F), n_val(B,E), x_subst(A,E,C).
(r20) great_rsd(A,B) :- r_subst_2(B,D), ring_subst_4(A,C), alk_groups(B,F), r_subst_3(B,E).
(r21) great_rsd(A,B) :- ring_subst_6(B,E), ring_subst_2(A,F), pi_doner(F,D), ring_subst_3(B,C).
(r22) great_rsd(A,B) :- x_subst(B,F,E), alk_groups(B,C), n_val(A,D), gt(D,C).
(r23) great_rsd(A,B) :- ring_subst_4(A,D), polarisable(D,F), x_subst(B,C,E), x_subst(A,C,D).
(r24) great_rsd(A,B) :- x_subst(A,D,F), r_subst_3(B,E), gt(E,C), alk_groups(B,E).
(r25) great_rsd(A,B) :- h_acceptor(C,E), sigma(C,D), ring_substitutions(A,F), ring_subst_3(B,C).
(r26) great_rsd(A,B) :- sigma(C,E), ring_substitutions(A,D), ring_subst_2(B,C), ring_substitutions(B,F).
(r27) great_rsd(A,B) :- ring_substitutions(B,C), ring_substitutions(A,D), gt(C,F), ring_subst_3(A,E).
(r28) great_rsd(A,B) :- ring_subst_3(B,F), ring_subst_3(A,D), r_subst_3(B,C), h_doner(F,E).
(r29) great_rsd(A,B) :- x_subst(A,D,F), ring_subst_6(B,C), ring_subst_6(A,F), n_val(B,E).
(r30) great_rsd(A,B) :- ring_subst_3(A,D), x_subst(B,E,F), ring_subst_5(B,D), ring_subst_6(A,C).
(r31) great_rsd(A,B) :- size(E,D), alk_groups(A,F), ring_subst_3(B,E), ring_subst_2(B,C).
(r32) great_rsd(A,B) :- size(F,D), ring_subst_2(B,F), ring_subst_3(B,E), r_subst_3(A,C).
(r33) great_rsd(A,B) :- ring_subst_3(B,F), ring_subst_6(A,C), r_subst_1(A,D), ring_subst_3(A,E).
(r34) great_rsd(A,B) :- sigma(F,D), ring_subst_5(B,E), polar(F,C), ring_subst_5(A,F).
(r35) great_rsd(A,B) :- alk_groups(A,E), r_subst_3(B,D), ring_subst_6(A,C), ring_subst_3(B,C).
(r36) great_rsd(A,B) :- ring_subst_5(B,F), ring_subst_3(B,D), r_subst_3(A,E), r_subst_3(B,C).
(r37) great_rsd(A,B) :- n_val(A,C), gt(C,E), ring_substitutions(B,D), n_val(A,E).
(r38) great_rsd(A,B) :- h_acceptor(E,F), alk_groups(A,D), x_subst(B,D,E), ring_subst_3(B,C).
(r39) great_rsd(A,B) :- polar(E,C), n_val(A,F), x_subst(B,F,D), ring_subst_3(B,E).
(r40) great_rsd(A,B) :- ring_subst_4(A,D), ring_subst_5(A,D), h_doner(D,E), ring_subst_3(B,C).
(r41) great_rsd(A,B) :- ring_subst_4(B,D), ring_subst_6(B,C), ring_subst_6(A,C), ring_subst_2(B,E).
(r42) great_rsd(A,B) :- h_acceptor(F,C), r_subst_3(A,E), ring_subst_4(B,F), pi_acceptor(F,D).
(r43) great_rsd(A,B) :- h_doner(D,F), great_h_don(F,C), ring_subst_2(B,D), ring_subst_3(A,E).
(r44) great_rsd(A,B) :- r_subst_1(B,D), ring_subst_3(A,F), ring_substitutions(B,E), x_subst(B,C,F).
(r45) great_rsd(A,B) :- h_doner(E,F), alk_groups(B,D), r_subst_3(A,C), ring_subst_2(A,E).
(r46) great_rsd(A,B) :- h_doner(C,E), ring_subst_6(A,C), h_doner(D,E), ring_subst_6(B,D).
(r47) great_rsd(A,B) :- polarisable(C,E), ring_subst_3(B,D), ring_subst_6(A,C), x_subst(B,F,D).
(r48) great_rsd(A,B) :- n_val(B,D), ring_subst_4(A,E), r_subst_2(B,F), flex(E,C).
(r49) great_rsd(A,B) :- n_val(A,F), ring_subst_6(B,C), ring_subst_4(A,E), polar(C,D).
(r50) great_rsd(A,B) :- alk_groups(B,C), ring_subst_5(B,E), x_subst(A,C,D), r_subst_1(A,F).
(r51) great_rsd(A,B) :- x_subst(B,F,E), ring_subst_4(A,E), x_subst(B,F,D), x_subst(B,C,E).
(r52) great_rsd(A,B) :- r_subst_3(B,C), ring_subst_5(B,E), x_subst(A,D,E), r_subst_3(A,F).
(r53) great_rsd(A,B) :- ring_subst_3(A,C), ring_substitutions(A,E), ring_subst_2(B,D), ring_subst_3(A,F).
(r54) great_rsd(A,B) :- x_subst(A,F,E), ring_subst_2(B,E), ring_subst_6(A,C), r_subst_2(A,D).
(r55) great_rsd(A,B) :- r_subst_2(A,C), ring_subst_4(B,F), ring_subst_4(A,E), ring_subst_6(A,D).
(r56) great_rsd(A,B) :- ring_subst_5(A,E), size(F,D), ring_subst_6(B,F), ring_subst_3(B,C).
(r57) great_rsd(A,B) :- polar(D,F), ring_subst_2(B,E), pi_acceptor(D,C), ring_subst_6(A,D).
(r58) great_rsd(A,B) :- ring_subst_6(B,E), ring_substitutions(A,D), ring_subst_4(B,F), x_subst(B,C,E).
(r59) great_rsd(A,B) :- ring_substitutions(B,C), ring_subst_5(B,F), x_subst(A,D,E), ring_subst_2(A,E).
(r60) great_rsd(A,B) :- ring_substitutions(B,D), ring_substitutions(B,E), r_subst_1(B,C), r_subst_3(A,F).
(r61) great_rsd(A,B) :- ring_subst_5(B,E), x_subst(B,D,E), ring_subst_5(B,C), x_subst(A,D,E).
(r62) great_rsd(A,B) :- r_subst_2(B,D), r_subst_3(A,F), ring_subst_6(B,C), alk_groups(B,E).
(r63) great_rsd(A,B) :- gt(D,F), x_subst(A,D,C), x_subst(B,D,E), ring_subst_2(A,E).
(r64) great_rsd(A,B) :- x_subst(B,C,E), ring_subst_4(A,E), x_subst(A,F,D), x_subst(A,C,D).
(r65) great_rsd(A,B) :- h_acceptor(F,D), x_subst(B,E,F), h_acceptor(C,D), x_subst(A,E,C).
(r66) great_rsd(A,B) :- ring_substitutions(A,D), ring_subst_4(A,F), ring_subst_3(B,E), ring_subst_3(B,C).
(r67) great_rsd(A,B) :- ring_subst_2(A,D), r_subst_3(A,E), ring_subst_6(A,C), alk_groups(B,E).
(r68) great_rsd(A,B) :- x_subst(A,C,E), size(F,D), ring_subst_5(B,F), ring_subst_2(A,F).
(r69) great_rsd(A,B) :- x_subst(B,F,E), x_subst(B,D,C), ring_subst_3(A,E), ring_subst_4(B,E).
(r70) great_rsd(A,B) :- ring_subst_3(B,D), ring_subst_6(A,C), h_acceptor(D,E), ring_subst_5(A,D).
(r71) great_rsd(A,B) :- alk_groups(B,C), x_subst(B,C,D), n_val(A,E), pi_doner(D,F).
(r72) great_rsd(A,B) :- ring_subst_4(A,D), ring_subst_5(A,F), n_val(A,E), n_val(B,C).
(r73) great_rsd(A,B) :- n_val(A,E), ring_subst_6(B,F), n_val(B,E), x_subst(A,C,D).
(r74) great_rsd(A,B) :- ring_subst_6(B,F), ring_subst_4(A,E), x_subst(A,C,D), ring_subst_2(A,E).
(r75) great_rsd(A,B) :- ring_subst_2(A,C), r_subst_1(B,E), polar(C,F), ring_subst_6(A,D).
(r76) great_rsd(A,B) :- ring_subst_2(A,C), sigma(D,F), n_val(B,E), ring_subst_6(A,D).
(r77) great_rsd(A,B) :- x_subst(B,E,D), ring_subst_2(B,D), x_subst(A,F,D), ring_substitutions(A,C).
(r78) great_rsd(A,B) :- x_subst(A,C,E), x_subst(B,C,D), r_subst_3(B,F), ring_substitutions(B,F).
(r79) great_rsd(A,B) :- x_subst(B,C,D), x_subst(A,C,F), ring_subst_4(A,E), ring_subst_4(B,E).
(r80) great_rsd(A,B) :- ring_subst_2(A,F), ring_subst_6(B,C), ring_subst_4(A,E), ring_subst_6(A,D).
(r81) great_rsd(A,B) :- alk_groups(A,E), alk_groups(B,F), ring_subst_6(A,D), ring_subst_2(B,C).
(r82) great_rsd(A,B) :- ring_subst_2(B,C), x_subst(A,F,C), r_subst_3(B,E), ring_subst_2(A,D).
(r83) great_rsd(A,B) :- ring_subst_5(A,E), n_val(A,D), ring_substitutions(B,D), flex(E,C).
(r84) great_rsd(A,B) :- ring_substitutions(B,C), n_val(A,D), x_subst(B,C,E), size(E,F).
(r85) great_rsd(A,B) :- alk_groups(B,C), ring_subst_5(B,E), n_val(A,D), x_subst(B,C,E).
(r86) great_rsd(A,B) :- ring_subst_3(A,C), ring_subst_5(A,E), n_val(B,F), ring_subst_6(A,D).
(r87) great_rsd(A,B) :- ring_substitutions(A,E), h_doner(C,F), ring_substitutions(B,D), ring_subst_3(B,C).
(r88) great_rsd(A,B) :- pi_acceptor(C,E), ring_subst_2(A,D), x_subst(B,F,D), ring_subst_2(B,C).
(r89) great_rsd(A,B) :- ring_subst_6(B,C), ring_subst_2(B,F), alk_groups(A,D), ring_subst_3(B,E).
(r90) great_rsd(A,B) :- r_subst_3(B,D), ring_subst_2(A,C), x_subst(B,D,E).
(r91) great_rsd(A,B) :- r_subst_2(B,D), ring_substitutions(B,E), alk_groups(A,C), ring_subst_2(B,F).
(r92) great_rsd(A,B) :- ring_subst_4(A,E), ring_subst_4(B,C), ring_substitutions(B,D), size(E,F).
(r93) great_rsd(A,B) :- n_val(B,D), ring_subst_5(B,F), ring_substitutions(B,E), ring_subst_5(A,C).
(r94) great_rsd(A,B) :- r_subst_1(B,E), h_acceptor(D,C), ring_subst_2(A,D).
(r95) great_rsd(A,B) :- x_subst(A,E,D), n_val(B,C), x_subst(B,C,F), ring_subst_6(A,D).
(r96) great_rsd(A,B) :- ring_subst_6(A,E), ring_substitutions(B,D), r_subst_1(B,F), ring_subst_2(B,C).
(r97) great_rsd(A,B) :- ring_subst_3(A,C), alk_groups(B,F), ring_subst_4(A,D), h_acceptor(D,E).
(r98) great_rsd(A,B) :- ring_subst_4(B,D), h_acceptor(D,C), ring_subst_5(A,F), alk_groups(B,E).
(r99) great_rsd(A,B) :- ring_subst_5(B,E), h_acceptor(F,D), x_subst(A,C,F), r_subst_3(B,C).
(r100) great_rsd(A,B) :- ring_substitutions(B,C), r_subst_3(A,D), ring_subst_4(B,F), ring_subst_6(B,E).
(r101) great_rsd(A,B) :- pi_doner(E,C), ring_subst_2(B,D), ring_subst_6(A,E), ring_subst_5(B,D).
(r102) great_rsd(A,B) :- size(E,D), n_val(A,F), ring_subst_3(B,E), pi_acceptor(E,C).
(r103) great_rsd(A,B) :- pi_doner(E,F), alk_groups(A,D), x_subst(B,D,E), flex(E,C).
(r104) great_rsd(A,B) :- ring_substitutions(A,D), ring_subst_5(B,C), ring_subst_6(B,F), pi_doner(F,E).
(r105) great_rsd(A,B) :- ring_subst_3(B,F), size(E,D), ring_subst_6(A,C), ring_subst_4(A,E).
(r106) great_rsd(A,B) :- n_val(B,F), r_subst_2(A,C), ring_subst_4(A,E), h_acceptor(E,D).
(r107) great_rsd(A,B) :- alk_groups(A,E), alk_groups(B,C), n_val(B,D), n_val(A,F).
(r108) great_rsd(A,B) :- x_subst(A,D,C), gt(F,E), n_val(B,E), ring_substitutions(B,F).
(r109) great_rsd(A,B) :- ring_subst_2(A,C), x_subst(A,D,C), alk_groups(A,F), x_subst(B,E,C).
(r110) great_rsd(A,B) :- ring_subst_3(B,D), ring_subst_2(B,D), ring_subst_4(A,E), ring_subst_2(B,C).
(r111) great_rsd(A,B) :- ring_subst_3(A,C), x_subst(A,E,D), ring_subst_3(A,F), ring_subst_6(B,D).
(r112) great_rsd(A,B) :- polarisable(C,E), x_subst(B,D,C), great_polari(E,F), ring_subst_6(A,C).
(r113) great_rsd(A,B) :- polarisable(E,C), ring_subst_6(A,F), h_doner(E,D), ring_subst_2(B,E).
(r114) great_rsd(A,B) :- ring_substitutions(B,C), x_subst(A,E,D), alk_groups(A,C), ring_subst_2(B,D).
(r115) great_rsd(A,B) :- n_val(B,F), x_subst(A,C,E), ring_subst_5(A,E), h_acceptor(E,D).
(r116) great_rsd(A,B) :- h_acceptor(C,F), r_subst_2(A,D), h_doner(C,E), ring_subst_3(B,C).
(r117) great_rsd(A,B) :- ring_subst_5(B,E), ring_subst_2(B,F), ring_subst_6(A,C), flex(C,D).
(r118) great_rsd(A,B) :- x_subst(A,D,C), ring_subst_4(A,C), ring_subst_2(B,E), gt(D,F).
(r119) great_rsd(A,B) :- polarisable(E,C), ring_subst_3(B,E), flex(E,F), ring_subst_6(A,D).
(r120) great_rsd(A,B) :- x_subst(B,C,D), ring_subst_6(A,F), x_subst(A,C,F), ring_subst_4(A,E).
====================
MaxSAT solving... (4142 vars, 29536 hard, 1274 soft)
number of rules: 122
program size: 578
(inv1) inv1(X1,X2,X3,X4,X5,X6,X7) :- ring_subst_2(X1,X2), ring_subst_2(X3,X4), x_subst(X5,X6,X7).
(inv2) inv2(X1,X2,X3,X4,X5,X6,X7,X8,X9,X10) :- ring_subst_4(X1,X2), ring_subst_4(X3,X4), x_subst(X5,X6,X7), x_subst(X8,X9,X10).
(r1) great_rsd(A,B) :- sigma(D,F), ring_subst_6(A,E), ring_subst_5(A,D), ring_subst_2(B,C).
(r2) great_rsd(A,B) :- pi_doner(F,E), ring_subst_4(A,F), n_val(B,C), polarisable(F,D).
(r3) great_rsd(A,B) :- ring_substitutions(A,E), size(C,D), n_val(B,E), ring_subst_3(B,C).
(r4) great_rsd(A,B) :- ring_subst_6(B,E), r_subst_2(A,C), alk_groups(B,D), polar(E,F).
(r5) great_rsd(A,B) :- alk_groups(B,C), ring_subst_5(A,E), alk_groups(A,D), size(E,F).
(r6) great_rsd(A,B) :- ring_subst_4(A,D), sigma(D,F), n_val(B,E), n_val(A,C).
(r7) great_rsd(A,B) :- r_subst_1(B,D), n_val(A,F), ring_subst_6(A,E), ring_subst_4(A,C).
(r8) great_rsd(A,B) :- n_val(A,F), ring_subst_5(A,E), ring_subst_4(B,C), size(C,D).
(r9) great_rsd(A,B) :- x_subst(A,D,F), x_subst(B,D,C), h_doner(F,E), n_val(B,D).
(r10) great_rsd(A,B) :- n_val(A,C), ring_subst_3(A,D), n_val(A,E), r_subst_3(B,F).
(r11) great_rsd(A,B) :- x_subst(A,D,F), alk_groups(B,D), n_val(A,C), gt(D,E).
(r12) great_rsd(A,B) :- ring_subst_5(B,E), size(D,C), polarisable(E,F), ring_subst_6(A,D).
(r13) great_rsd(A,B) :- x_subst(A,D,F), ring_subst_5(B,E), sigma(E,C), n_val(A,D).
(r14) great_rsd(A,B) :- inv1(B,D,A,D,B,C,E), alk_groups(B,C).
(r15) great_rsd(A,B) :- inv2(A,D,A,D,A,C,D,A,C,D), polar(F,E), ring_subst_5(B,F).
(r16) great_rsd(A,B) :- alk_groups(A,E), x_subst(A,D,C), alk_groups(A,F), x_subst(B,F,C).
(r17) great_rsd(A,B) :- inv1(A,D,A,D,A,F,C), ring_subst_5(B,D), ring_subst_3(A,E).
(r18) great_rsd(A,B) :- inv2(A,C,A,C,B,F,C,B,F,C), ring_subst_2(B,D), gt(F,E).
(r19) great_rsd(A,B) :- x_subst(A,D,F), x_subst(B,E,F), n_val(B,E), x_subst(A,E,C).
(r20) great_rsd(A,B) :- r_subst_2(B,D), ring_subst_4(A,C), alk_groups(B,F), r_subst_3(B,E).
(r21) great_rsd(A,B) :- ring_subst_6(B,E), ring_subst_2(A,F), pi_doner(F,D), ring_subst_3(B,C).
(r22) great_rsd(A,B) :- x_subst(B,F,E), alk_groups(B,C), n_val(A,D), gt(D,C).
(r23) great_rsd(A,B) :- inv2(A,D,A,D,B,C,E,A,C,D), polarisable(D,F).
(r24) great_rsd(A,B) :- x_subst(A,D,F), r_subst_3(B,E), gt(E,C), alk_groups(B,E).
(r25) great_rsd(A,B) :- h_acceptor(C,E), sigma(C,D), ring_substitutions(A,F), ring_subst_3(B,C).
(r26) great_rsd(A,B) :- sigma(C,E), ring_substitutions(A,D), ring_subst_2(B,C), ring_substitutions(B,F).
(r27) great_rsd(A,B) :- ring_substitutions(B,C), ring_substitutions(A,D), gt(C,F), ring_subst_3(A,E).
(r28) great_rsd(A,B) :- ring_subst_3(B,F), ring_subst_3(A,D), r_subst_3(B,C), h_doner(F,E).
(r29) great_rsd(A,B) :- x_subst(A,D,F), ring_subst_6(B,C), ring_subst_6(A,F), n_val(B,E).
(r30) great_rsd(A,B) :- ring_subst_3(A,D), x_subst(B,E,F), ring_subst_5(B,D), ring_subst_6(A,C).
(r31) great_rsd(A,B) :- size(E,D), alk_groups(A,F), ring_subst_3(B,E), ring_subst_2(B,C).
(r32) great_rsd(A,B) :- size(F,D), ring_subst_2(B,F), ring_subst_3(B,E), r_subst_3(A,C).
(r33) great_rsd(A,B) :- ring_subst_3(B,F), ring_subst_6(A,C), r_subst_1(A,D), ring_subst_3(A,E).
(r34) great_rsd(A,B) :- sigma(F,D), ring_subst_5(B,E), polar(F,C), ring_subst_5(A,F).
(r35) great_rsd(A,B) :- alk_groups(A,E), r_subst_3(B,D), ring_subst_6(A,C), ring_subst_3(B,C).
(r36) great_rsd(A,B) :- ring_subst_5(B,F), ring_subst_3(B,D), r_subst_3(A,E), r_subst_3(B,C).
(r37) great_rsd(A,B) :- n_val(A,C), gt(C,E), ring_substitutions(B,D), n_val(A,E).
(r38) great_rsd(A,B) :- h_acceptor(E,F), alk_groups(A,D), x_subst(B,D,E), ring_subst_3(B,C).
(r39) great_rsd(A,B) :- polar(E,C), n_val(A,F), x_subst(B,F,D), ring_subst_3(B,E).
(r40) great_rsd(A,B) :- ring_subst_4(A,D), ring_subst_5(A,D), h_doner(D,E), ring_subst_3(B,C).
(r41) great_rsd(A,B) :- ring_subst_4(B,D), ring_subst_6(B,C), ring_subst_6(A,C), ring_subst_2(B,E).
(r42) great_rsd(A,B) :- h_acceptor(F,C), r_subst_3(A,E), ring_subst_4(B,F), pi_acceptor(F,D).
(r43) great_rsd(A,B) :- h_doner(D,F), great_h_don(F,C), ring_subst_2(B,D), ring_subst_3(A,E).
(r44) great_rsd(A,B) :- r_subst_1(B,D), ring_subst_3(A,F), ring_substitutions(B,E), x_subst(B,C,F).
(r45) great_rsd(A,B) :- h_doner(E,F), alk_groups(B,D), r_subst_3(A,C), ring_subst_2(A,E).
(r46) great_rsd(A,B) :- h_doner(C,E), ring_subst_6(A,C), h_doner(D,E), ring_subst_6(B,D).
(r47) great_rsd(A,B) :- polarisable(C,E), ring_subst_3(B,D), ring_subst_6(A,C), x_subst(B,F,D).
(r48) great_rsd(A,B) :- n_val(B,D), ring_subst_4(A,E), r_subst_2(B,F), flex(E,C).
(r49) great_rsd(A,B) :- n_val(A,F), ring_subst_6(B,C), ring_subst_4(A,E), polar(C,D).
(r50) great_rsd(A,B) :- alk_groups(B,C), ring_subst_5(B,E), x_subst(A,C,D), r_subst_1(A,F).
(r51) great_rsd(A,B) :- inv2(A,E,A,E,B,F,E,B,F,D), x_subst(B,C,E).
(r52) great_rsd(A,B) :- r_subst_3(B,C), ring_subst_5(B,E), x_subst(A,D,E), r_subst_3(A,F).
(r53) great_rsd(A,B) :- ring_subst_3(A,C), ring_substitutions(A,E), ring_subst_2(B,D), ring_subst_3(A,F).
(r54) great_rsd(A,B) :- inv1(B,E,B,E,A,F,E), ring_subst_6(A,C), r_subst_2(A,D).
(r55) great_rsd(A,B) :- r_subst_2(A,C), ring_subst_4(B,F), ring_subst_4(A,E), ring_subst_6(A,D).
(r56) great_rsd(A,B) :- ring_subst_5(A,E), size(F,D), ring_subst_6(B,F), ring_subst_3(B,C).
(r57) great_rsd(A,B) :- polar(D,F), ring_subst_2(B,E), pi_acceptor(D,C), ring_subst_6(A,D).
(r58) great_rsd(A,B) :- inv2(B,F,B,F,B,C,E,B,C,E), ring_subst_6(B,E), ring_substitutions(A,D).
(r59) great_rsd(A,B) :- inv1(A,E,A,E,A,D,E), ring_substitutions(B,C), ring_subst_5(B,F).
(r60) great_rsd(A,B) :- ring_substitutions(B,D), ring_substitutions(B,E), r_subst_1(B,C), r_subst_3(A,F).
(r61) great_rsd(A,B) :- ring_subst_5(B,E), x_subst(B,D,E), ring_subst_5(B,C), x_subst(A,D,E).
(r62) great_rsd(A,B) :- r_subst_2(B,D), r_subst_3(A,F), ring_subst_6(B,C), alk_groups(B,E).
(r63) great_rsd(A,B) :- inv1(A,E,A,E,A,D,C), gt(D,F), x_subst(B,D,E).
(r64) great_rsd(A,B) :- inv2(A,E,A,E,B,C,E,A,F,D), x_subst(A,C,D).
(r65) great_rsd(A,B) :- h_acceptor(F,D), x_subst(B,E,F), h_acceptor(C,D), x_subst(A,E,C).
(r66) great_rsd(A,B) :- ring_substitutions(A,D), ring_subst_4(A,F), ring_subst_3(B,E), ring_subst_3(B,C).
(r67) great_rsd(A,B) :- ring_subst_2(A,D), r_subst_3(A,E), ring_subst_6(A,C), alk_groups(B,E).
(r68) great_rsd(A,B) :- inv1(A,F,A,F,A,C,E), size(F,D), ring_subst_5(B,F).
(r69) great_rsd(A,B) :- inv2(B,E,B,E,B,F,E,B,D,C), ring_subst_3(A,E).
(r70) great_rsd(A,B) :- ring_subst_3(B,D), ring_subst_6(A,C), h_acceptor(D,E), ring_subst_5(A,D).
(r71) great_rsd(A,B) :- alk_groups(B,C), x_subst(B,C,D), n_val(A,E), pi_doner(D,F).
(r72) great_rsd(A,B) :- ring_subst_4(A,D), ring_subst_5(A,F), n_val(A,E), n_val(B,C).
(r73) great_rsd(A,B) :- n_val(A,E), ring_subst_6(B,F), n_val(B,E), x_subst(A,C,D).
(r74) great_rsd(A,B) :- inv1(A,E,A,E,A,C,D), inv2(A,E,A,E,A,C,D,A,C,D), ring_subst_6(B,F).
(r75) great_rsd(A,B) :- ring_subst_2(A,C), r_subst_1(B,E), polar(C,F), ring_subst_6(A,D).
(r76) great_rsd(A,B) :- ring_subst_2(A,C), sigma(D,F), n_val(B,E), ring_subst_6(A,D).
(r77) great_rsd(A,B) :- x_subst(B,E,D), ring_subst_2(B,D), x_subst(A,F,D), ring_substitutions(A,C).
(r78) great_rsd(A,B) :- x_subst(A,C,E), x_subst(B,C,D), r_subst_3(B,F), ring_substitutions(B,F).
(r79) great_rsd(A,B) :- inv2(A,E,B,E,B,C,D,A,C,F).
(r80) great_rsd(A,B) :- ring_subst_2(A,F), ring_subst_6(B,C), ring_subst_4(A,E), ring_subst_6(A,D).
(r81) great_rsd(A,B) :- alk_groups(A,E), alk_groups(B,F), ring_subst_6(A,D), ring_subst_2(B,C).
(r82) great_rsd(A,B) :- ring_subst_2(B,C), x_subst(A,F,C), r_subst_3(B,E), ring_subst_2(A,D).
(r83) great_rsd(A,B) :- ring_subst_5(A,E), n_val(A,D), ring_substitutions(B,D), flex(E,C).
(r84) great_rsd(A,B) :- ring_substitutions(B,C), n_val(A,D), x_subst(B,C,E), size(E,F).
(r85) great_rsd(A,B) :- alk_groups(B,C), ring_subst_5(B,E), n_val(A,D), x_subst(B,C,E).
(r86) great_rsd(A,B) :- ring_subst_3(A,C), ring_subst_5(A,E), n_val(B,F), ring_subst_6(A,D).
(r87) great_rsd(A,B) :- ring_substitutions(A,E), h_doner(C,F), ring_substitutions(B,D), ring_subst_3(B,C).
(r88) great_rsd(A,B) :- inv1(A,D,B,C,B,F,D), pi_acceptor(C,E).
(r89) great_rsd(A,B) :- ring_subst_6(B,C), ring_subst_2(B,F), alk_groups(A,D), ring_subst_3(B,E).
(r90) great_rsd(A,B) :- inv1(A,C,A,C,B,D,E), r_subst_3(B,D).
(r91) great_rsd(A,B) :- r_subst_2(B,D), ring_substitutions(B,E), alk_groups(A,C), ring_subst_2(B,F).
(r92) great_rsd(A,B) :- ring_subst_4(A,E), ring_subst_4(B,C), ring_substitutions(B,D), size(E,F).
(r93) great_rsd(A,B) :- n_val(B,D), ring_subst_5(B,F), ring_substitutions(B,E), ring_subst_5(A,C).
(r94) great_rsd(A,B) :- r_subst_1(B,E), h_acceptor(D,C), ring_subst_2(A,D).
(r95) great_rsd(A,B) :- x_subst(A,E,D), n_val(B,C), x_subst(B,C,F), ring_subst_6(A,D).
(r96) great_rsd(A,B) :- ring_subst_6(A,E), ring_substitutions(B,D), r_subst_1(B,F), ring_subst_2(B,C).
(r97) great_rsd(A,B) :- ring_subst_3(A,C), alk_groups(B,F), ring_subst_4(A,D), h_acceptor(D,E).
(r98) great_rsd(A,B) :- ring_subst_4(B,D), h_acceptor(D,C), ring_subst_5(A,F), alk_groups(B,E).
(r99) great_rsd(A,B) :- ring_subst_5(B,E), h_acceptor(F,D), x_subst(A,C,F), r_subst_3(B,C).
(r100) great_rsd(A,B) :- ring_substitutions(B,C), r_subst_3(A,D), ring_subst_4(B,F), ring_subst_6(B,E).
(r101) great_rsd(A,B) :- pi_doner(E,C), ring_subst_2(B,D), ring_subst_6(A,E), ring_subst_5(B,D).
(r102) great_rsd(A,B) :- size(E,D), n_val(A,F), ring_subst_3(B,E), pi_acceptor(E,C).
(r103) great_rsd(A,B) :- pi_doner(E,F), alk_groups(A,D), x_subst(B,D,E), flex(E,C).
(r104) great_rsd(A,B) :- ring_substitutions(A,D), ring_subst_5(B,C), ring_subst_6(B,F), pi_doner(F,E).
(r105) great_rsd(A,B) :- ring_subst_3(B,F), size(E,D), ring_subst_6(A,C), ring_subst_4(A,E).
(r106) great_rsd(A,B) :- n_val(B,F), r_subst_2(A,C), ring_subst_4(A,E), h_acceptor(E,D).
(r107) great_rsd(A,B) :- alk_groups(A,E), alk_groups(B,C), n_val(B,D), n_val(A,F).
(r108) great_rsd(A,B) :- x_subst(A,D,C), gt(F,E), n_val(B,E), ring_substitutions(B,F).
(r109) great_rsd(A,B) :- ring_subst_2(A,C), x_subst(A,D,C), alk_groups(A,F), x_subst(B,E,C).
(r110) great_rsd(A,B) :- ring_subst_3(B,D), ring_subst_2(B,D), ring_subst_4(A,E), ring_subst_2(B,C).
(r111) great_rsd(A,B) :- ring_subst_3(A,C), x_subst(A,E,D), ring_subst_3(A,F), ring_subst_6(B,D).
(r112) great_rsd(A,B) :- polarisable(C,E), x_subst(B,D,C), great_polari(E,F), ring_subst_6(A,C).
(r113) great_rsd(A,B) :- polarisable(E,C), ring_subst_6(A,F), h_doner(E,D), ring_subst_2(B,E).
(r114) great_rsd(A,B) :- inv1(B,D,B,D,A,E,D), ring_substitutions(B,C), alk_groups(A,C).
(r115) great_rsd(A,B) :- n_val(B,F), x_subst(A,C,E), ring_subst_5(A,E), h_acceptor(E,D).
(r116) great_rsd(A,B) :- h_acceptor(C,F), r_subst_2(A,D), h_doner(C,E), ring_subst_3(B,C).
(r117) great_rsd(A,B) :- ring_subst_5(B,E), ring_subst_2(B,F), ring_subst_6(A,C), flex(C,D).
(r118) great_rsd(A,B) :- inv2(A,C,A,C,A,D,C,A,D,C), ring_subst_2(B,E), gt(D,F).
(r119) great_rsd(A,B) :- polarisable(E,C), ring_subst_3(B,E), flex(E,F), ring_subst_6(A,D).
(r120) great_rsd(A,B) :- inv2(A,E,A,E,B,C,D,A,C,F), ring_subst_6(A,F).
====================
