number of rules: 70
program size: 347
(r1) great(A,B) :- flex(F,C), ring_subst_5(A,F), ring_subst_3(B,D), n_val(A,E).
(r2) great(A,B) :- x_subst(B,C,E), r_subst_3(B,D), ring_subst_3(A,F), ring_subst_5(B,F).
(r3) great(A,B) :- r_subst_3(B,F), r_subst_2(B,E), ring_subst_4(A,C), ring_subst_4(A,D).
(r4) great(A,B) :- ring_subst_2(B,E), ring_subst_6(A,E), polarisable(E,D), x_subst(B,C,F).
(r5) great(A,B) :- great_size(E,D), ring_subst_2(A,C), size(C,E), ring_subst_2(B,F).
(r6) great(A,B) :- x_subst(B,D,C), x_subst(B,F,C), alk_groups(B,F), ring_subst_3(A,E).
(r7) great(A,B) :- alk_groups(B,F), alk_groups(B,D), ring_subst_6(A,C), r_subst_3(B,E).
(r8) great(A,B) :- x_subst(A,D,E), ring_subst_2(B,C), n_val(B,F), ring_subst_3(B,E).
(r9) great(A,B) :- ring_subst_4(B,E), r_subst_3(A,C), pi_acceptor(D,F), ring_subst_6(A,D).
(r10) great(A,B) :- alk_groups(B,D), ring_subst_5(B,E), ring_subst_2(B,F), x_subst(A,C,F).
(r11) great(A,B) :- ring_subst_2(A,F), ring_subst_4(A,F), x_subst(B,D,E), sigma(E,C).
(r12) great(A,B) :- r_subst_3(A,C), n_val(A,C), x_subst(B,C,D), x_subst(A,E,F).
(r13) great(A,B) :- ring_substitutions(B,E), ring_subst_6(B,C), ring_substitutions(A,F), ring_subst_6(B,D).
(r14) great(A,B) :- ring_substitutions(A,E), gt(E,C), r_subst_3(A,D), r_subst_3(B,E).
(r15) great(A,B) :- ring_subst_2(B,F), x_subst(B,D,E), ring_subst_6(A,C), ring_subst_5(A,C).
(r16) great(A,B) :- alk_groups(B,F), ring_substitutions(A,E), x_subst(B,E,C), ring_subst_5(A,D).
(r17) great(A,B) :- x_subst(B,E,D), n_val(A,C), ring_subst_4(A,F), x_subst(A,E,F).
(r18) great(A,B) :- r_subst_3(A,C), r_subst_1(B,E), x_subst(A,D,F), r_subst_3(B,D).
(r19) great(A,B) :- ring_substitutions(A,F), alk_groups(A,D), ring_subst_2(B,C), x_subst(B,F,E).
(r20) great(A,B) :- ring_subst_6(B,E), x_subst(A,F,E), x_subst(A,F,C), n_val(B,D).
(r21) great(A,B) :- x_subst(A,D,E), ring_subst_5(B,C), ring_subst_4(B,C), ring_subst_2(B,E).
(r22) great(A,B) :- x_subst(A,E,C), ring_substitutions(A,E), ring_substitutions(B,D), r_subst_3(B,E).
(r23) great(A,B) :- x_subst(B,D,C), ring_subst_3(B,C), alk_groups(A,D), h_acceptor(C,E).
(r24) great(A,B) :- ring_subst_4(A,C), x_subst(B,F,D), r_subst_3(A,E).
(r25) great(A,B) :- x_subst(A,C,D), ring_substitutions(B,C), ring_subst_3(A,D), x_subst(A,E,F).
(r26) great(A,B) :- ring_subst_3(B,E), ring_subst_2(B,C), flex(C,D), r_subst_2(A,F).
(r27) great(A,B) :- x_subst(B,F,C), ring_subst_6(A,D), polar(C,E), ring_subst_2(A,D).
(r28) great(A,B) :- ring_subst_3(B,E), flex(E,F), pi_doner(E,C), alk_groups(A,D).
(r29) great(A,B) :- x_subst(B,C,E), x_subst(A,C,D), ring_subst_6(B,E), r_subst_1(A,F).
(r30) great(A,B) :- ring_subst_2(B,E), ring_subst_3(A,E), h_doner(D,C), ring_subst_3(A,D).
(r31) great(A,B) :- r_subst_3(B,C), r_subst_2(A,E), x_subst(A,D,F), gt(C,D).
(r32) great(A,B) :- x_subst(A,E,C), ring_subst_6(B,F), ring_subst_2(A,D), r_subst_3(B,E).
(r33) great(A,B) :- n_val(B,F), ring_subst_5(B,E), x_subst(A,D,C).
(r34) great(A,B) :- ring_subst_5(A,C), alk_groups(B,D), ring_substitutions(B,F), r_subst_1(A,E).
(r35) great(A,B) :- n_val(B,E), r_subst_1(A,C), n_val(A,D), alk_groups(A,E).
(r36) great(A,B) :- ring_subst_2(B,E), ring_subst_2(A,C), x_subst(B,D,E), ring_subst_3(A,F).
(r37) great(A,B) :- x_subst(B,F,C), gt(F,E), n_val(A,F), ring_subst_3(A,D).
(r38) great(A,B) :- r_subst_3(A,C), sigma(D,F), r_subst_3(B,E), ring_subst_4(A,D).
(r39) great(A,B) :- x_subst(A,E,C), r_subst_3(A,F), ring_substitutions(B,F), ring_subst_4(B,D).
(r40) great(A,B) :- h_doner(E,D), ring_subst_3(A,F), ring_substitutions(A,C), ring_subst_5(B,E).
(r41) great(A,B) :- ring_subst_6(B,E), alk_groups(A,C), sigma(E,F), x_subst(B,C,D).
(r42) great(A,B) :- n_val(B,E), ring_subst_2(B,C), ring_subst_6(A,D), r_subst_3(A,E).
(r43) great(A,B) :- r_subst_3(B,F), ring_substitutions(B,D), x_subst(B,E,C), r_subst_3(A,E).
(r44) great(A,B) :- ring_subst_2(B,C), ring_subst_3(B,D), x_subst(A,E,F).
(r45) great(A,B) :- ring_substitutions(B,E), n_val(A,F), x_subst(B,E,C), ring_subst_5(A,D).
(r46) great(A,B) :- x_subst(B,C,E), x_subst(A,F,E), n_val(B,D), gt(D,F).
(r47) great(A,B) :- ring_subst_6(B,C), x_subst(B,E,F), ring_subst_3(A,F), ring_substitutions(A,D).
(r48) great(A,B) :- r_subst_1(A,D), r_subst_3(A,C), ring_subst_3(B,E), r_subst_1(B,D).
(r49) great(A,B) :- x_subst(B,D,C), alk_groups(A,F), ring_subst_6(A,E), r_subst_3(A,D).
(r50) great(A,B) :- ring_subst_3(A,E), ring_subst_4(B,D), ring_subst_2(B,D), ring_subst_5(A,C).
(r51) great(A,B) :- ring_subst_3(B,C), pi_doner(C,E), ring_subst_6(B,D), ring_subst_6(A,D).
(r52) great(A,B) :- ring_subst_3(A,E), flex(E,C), ring_subst_5(B,E), ring_substitutions(A,D).
(r53) great(A,B) :- x_subst(B,C,E), pi_doner(E,D), n_val(A,F), x_subst(B,F,E).
(r54) great(A,B) :- ring_subst_4(A,E), x_subst(A,C,E), ring_subst_5(B,D), gt(C,F).
(r55) great(A,B) :- x_subst(B,F,C), gt(F,E), x_subst(B,F,D), r_subst_3(A,E).
(r56) great(A,B) :- r_subst_1(A,C), x_subst(B,E,F), alk_groups(B,D), alk_groups(A,E).
(r57) great(A,B) :- ring_subst_6(B,E), pi_doner(E,D), ring_subst_2(A,C), h_acceptor(E,F).
(r58) great(A,B) :- polarisable(C,F), r_subst_3(B,D), x_subst(A,D,C), sigma(C,E).
(r59) great(A,B) :- alk_groups(B,C), x_subst(B,C,D), ring_subst_3(A,D), ring_subst_6(B,D).
(r60) great(A,B) :- ring_subst_6(B,E), ring_subst_2(B,F), h_acceptor(D,C), ring_subst_2(A,D).
(r61) great(A,B) :- ring_subst_4(B,E), ring_subst_6(A,E), flex(E,C), r_subst_3(A,D).
(r62) great(A,B) :- ring_substitutions(A,E), x_subst(B,E,F), alk_groups(B,D), gt(E,C).
(r63) great(A,B) :- n_val(A,E), ring_subst_2(B,C), ring_substitutions(B,D), ring_subst_5(B,F).
(r64) great(A,B) :- alk_groups(B,C), ring_subst_2(B,F), x_subst(A,C,E), h_acceptor(E,D).
(r65) great(A,B) :- ring_subst_5(A,E), ring_subst_2(B,F), flex(F,C), pi_acceptor(E,D).
(r66) great(A,B) :- flex(C,D), x_subst(B,E,F), ring_subst_5(A,F), ring_subst_6(A,C).
(r67) great(A,B) :- n_val(B,E), x_subst(A,E,C), h_acceptor(C,F), polarisable(C,D).
(r68) great(A,B) :- ring_subst_4(B,C), ring_subst_6(A,D), ring_substitutions(A,F), r_subst_3(B,E).
(r69) great(A,B) :- ring_subst_5(B,C), flex(C,E), x_subst(A,D,C), flex(C,F).
(r70) great(A,B) :- ring_subst_2(B,E), h_acceptor(E,C), n_val(A,F), r_subst_1(B,D).
====================
MaxSAT solving... (1735 vars, 10769 hard, 627 soft)
number of rules: 72
program size: 327
(inv1) inv1(X1,X2,X3,X4,X5,X6,X7,X8) :- x_subst(X1,X2,X3), x_subst(X4,X5,X6), n_val(X7,X8).
(inv2) inv2(X1,X2,X3,X4,X5,X6,X7,X8,X9,X10) :- r_subst_3(X1,X2), r_subst_3(X3,X4), x_subst(X5,X6,X7), x_subst(X8,X9,X10).
(r1) great(A,B) :- flex(F,C), ring_subst_5(A,F), ring_subst_3(B,D), n_val(A,E).
(r2) great(A,B) :- inv2(B,D,B,D,B,C,E,B,C,E), ring_subst_3(A,F), ring_subst_5(B,F).
(r3) great(A,B) :- r_subst_3(B,F), r_subst_2(B,E), ring_subst_4(A,C), ring_subst_4(A,D).
(r4) great(A,B) :- ring_subst_2(B,E), ring_subst_6(A,E), polarisable(E,D), x_subst(B,C,F).
(r5) great(A,B) :- great_size(E,D), ring_subst_2(A,C), size(C,E), ring_subst_2(B,F).
(r6) great(A,B) :- x_subst(B,D,C), x_subst(B,F,C), alk_groups(B,F), ring_subst_3(A,E).
(r7) great(A,B) :- alk_groups(B,F), alk_groups(B,D), ring_subst_6(A,C), r_subst_3(B,E).
(r8) great(A,B) :- inv1(A,D,E,A,D,E,B,F), ring_subst_2(B,C), ring_subst_3(B,E).
(r9) great(A,B) :- ring_subst_4(B,E), r_subst_3(A,C), pi_acceptor(D,F), ring_subst_6(A,D).
(r10) great(A,B) :- alk_groups(B,D), ring_subst_5(B,E), ring_subst_2(B,F), x_subst(A,C,F).
(r11) great(A,B) :- ring_subst_2(A,F), ring_subst_4(A,F), x_subst(B,D,E), sigma(E,C).
(r12) great(A,B) :- inv1(B,C,D,A,E,F,A,C), inv2(A,C,A,C,B,C,D,B,C,D).
(r13) great(A,B) :- ring_substitutions(B,E), ring_subst_6(B,C), ring_substitutions(A,F), ring_subst_6(B,D).
(r14) great(A,B) :- ring_substitutions(A,E), gt(E,C), r_subst_3(A,D), r_subst_3(B,E).
(r15) great(A,B) :- ring_subst_2(B,F), x_subst(B,D,E), ring_subst_6(A,C), ring_subst_5(A,C).
(r16) great(A,B) :- alk_groups(B,F), ring_substitutions(A,E), x_subst(B,E,C), ring_subst_5(A,D).
(r17) great(A,B) :- inv1(B,E,D,A,E,F,A,C), ring_subst_4(A,F).
(r18) great(A,B) :- inv2(A,C,B,D,A,D,F,A,D,F), r_subst_1(B,E).
(r19) great(A,B) :- ring_substitutions(A,F), alk_groups(A,D), ring_subst_2(B,C), x_subst(B,F,E).
(r20) great(A,B) :- inv1(A,F,E,A,F,C,B,D), ring_subst_6(B,E).
(r21) great(A,B) :- x_subst(A,D,E), ring_subst_5(B,C), ring_subst_4(B,C), ring_subst_2(B,E).
(r22) great(A,B) :- inv2(B,E,B,E,A,E,C,A,E,C), ring_substitutions(A,E), ring_substitutions(B,D).
(r23) great(A,B) :- x_subst(B,D,C), ring_subst_3(B,C), alk_groups(A,D), h_acceptor(C,E).
(r24) great(A,B) :- inv2(A,E,A,E,B,F,D,B,F,D), ring_subst_4(A,C).
(r25) great(A,B) :- x_subst(A,C,D), ring_substitutions(B,C), ring_subst_3(A,D), x_subst(A,E,F).
(r26) great(A,B) :- ring_subst_3(B,E), ring_subst_2(B,C), flex(C,D), r_subst_2(A,F).
(r27) great(A,B) :- x_subst(B,F,C), ring_subst_6(A,D), polar(C,E), ring_subst_2(A,D).
(r28) great(A,B) :- ring_subst_3(B,E), flex(E,F), pi_doner(E,C), alk_groups(A,D).
(r29) great(A,B) :- x_subst(B,C,E), x_subst(A,C,D), ring_subst_6(B,E), r_subst_1(A,F).
(r30) great(A,B) :- ring_subst_2(B,E), ring_subst_3(A,E), h_doner(D,C), ring_subst_3(A,D).
(r31) great(A,B) :- inv2(B,C,B,C,A,D,F,A,D,F), r_subst_2(A,E), gt(C,D).
(r32) great(A,B) :- inv2(B,E,B,E,A,E,C,A,E,C), ring_subst_6(B,F), ring_subst_2(A,D).
(r33) great(A,B) :- inv1(A,D,C,A,D,C,B,F), ring_subst_5(B,E).
(r34) great(A,B) :- ring_subst_5(A,C), alk_groups(B,D), ring_substitutions(B,F), r_subst_1(A,E).
(r35) great(A,B) :- n_val(B,E), r_subst_1(A,C), n_val(A,D), alk_groups(A,E).
(r36) great(A,B) :- ring_subst_2(B,E), ring_subst_2(A,C), x_subst(B,D,E), ring_subst_3(A,F).
(r37) great(A,B) :- inv1(B,F,C,B,F,C,A,F), gt(F,E), ring_subst_3(A,D).
(r38) great(A,B) :- r_subst_3(A,C), sigma(D,F), r_subst_3(B,E), ring_subst_4(A,D).
(r39) great(A,B) :- inv2(A,F,A,F,A,E,C,A,E,C), ring_substitutions(B,F), ring_subst_4(B,D).
(r40) great(A,B) :- h_doner(E,D), ring_subst_3(A,F), ring_substitutions(A,C), ring_subst_5(B,E).
(r41) great(A,B) :- ring_subst_6(B,E), alk_groups(A,C), sigma(E,F), x_subst(B,C,D).
(r42) great(A,B) :- n_val(B,E), ring_subst_2(B,C), ring_subst_6(A,D), r_subst_3(A,E).
(r43) great(A,B) :- inv2(B,F,A,E,B,E,C,B,E,C), ring_substitutions(B,D).
(r44) great(A,B) :- ring_subst_2(B,C), ring_subst_3(B,D), x_subst(A,E,F).
(r45) great(A,B) :- inv1(B,E,C,B,E,C,A,F), ring_substitutions(B,E), ring_subst_5(A,D).
(r46) great(A,B) :- inv1(B,C,E,A,F,E,B,D), gt(D,F).
(r47) great(A,B) :- ring_subst_6(B,C), x_subst(B,E,F), ring_subst_3(A,F), ring_substitutions(A,D).
(r48) great(A,B) :- r_subst_1(A,D), r_subst_3(A,C), ring_subst_3(B,E), r_subst_1(B,D).
(r49) great(A,B) :- inv2(A,D,A,D,B,D,C,B,D,C), alk_groups(A,F), ring_subst_6(A,E).
(r50) great(A,B) :- ring_subst_3(A,E), ring_subst_4(B,D), ring_subst_2(B,D), ring_subst_5(A,C).
(r51) great(A,B) :- ring_subst_3(B,C), pi_doner(C,E), ring_subst_6(B,D), ring_subst_6(A,D).
(r52) great(A,B) :- ring_subst_3(A,E), flex(E,C), ring_subst_5(B,E), ring_substitutions(A,D).
(r53) great(A,B) :- inv1(B,C,E,B,F,E,A,F), pi_doner(E,D).
(r54) great(A,B) :- ring_subst_4(A,E), x_subst(A,C,E), ring_subst_5(B,D), gt(C,F).
(r55) great(A,B) :- inv2(A,E,A,E,B,F,C,B,F,D), gt(F,E).
(r56) great(A,B) :- r_subst_1(A,C), x_subst(B,E,F), alk_groups(B,D), alk_groups(A,E).
(r57) great(A,B) :- ring_subst_6(B,E), pi_doner(E,D), ring_subst_2(A,C), h_acceptor(E,F).
(r58) great(A,B) :- inv2(B,D,B,D,A,D,C,A,D,C), polarisable(C,F), sigma(C,E).
(r59) great(A,B) :- alk_groups(B,C), x_subst(B,C,D), ring_subst_3(A,D), ring_subst_6(B,D).
(r60) great(A,B) :- ring_subst_6(B,E), ring_subst_2(B,F), h_acceptor(D,C), ring_subst_2(A,D).
(r61) great(A,B) :- ring_subst_4(B,E), ring_subst_6(A,E), flex(E,C), r_subst_3(A,D).
(r62) great(A,B) :- ring_substitutions(A,E), x_subst(B,E,F), alk_groups(B,D), gt(E,C).
(r63) great(A,B) :- n_val(A,E), ring_subst_2(B,C), ring_substitutions(B,D), ring_subst_5(B,F).
(r64) great(A,B) :- alk_groups(B,C), ring_subst_2(B,F), x_subst(A,C,E), h_acceptor(E,D).
(r65) great(A,B) :- ring_subst_5(A,E), ring_subst_2(B,F), flex(F,C), pi_acceptor(E,D).
(r66) great(A,B) :- flex(C,D), x_subst(B,E,F), ring_subst_5(A,F), ring_subst_6(A,C).
(r67) great(A,B) :- inv1(A,E,C,A,E,C,B,E), h_acceptor(C,F), polarisable(C,D).
(r68) great(A,B) :- ring_subst_4(B,C), ring_subst_6(A,D), ring_substitutions(A,F), r_subst_3(B,E).
(r69) great(A,B) :- ring_subst_5(B,C), flex(C,E), x_subst(A,D,C), flex(C,F).
(r70) great(A,B) :- ring_subst_2(B,E), h_acceptor(E,C), n_val(A,F), r_subst_1(B,D).
====================
