number of rules: 50
program size: 248
(r1) great(A,B) :- ring_subst_2(B,E), x_subst(B,D,C), ring_subst_6(B,F), ring_subst_2(A,F).
(r2) great(A,B) :- ring_subst_4(B,E), x_subst(A,D,F), ring_subst_5(A,C).
(r3) great(A,B) :- ring_subst_3(A,E), h_doner(D,F), h_doner(E,C), ring_subst_3(B,D).
(r4) great(A,B) :- ring_subst_2(B,C), ring_subst_5(A,C), polar(C,E), ring_subst_2(A,D).
(r5) great(A,B) :- n_val(A,C), ring_substitutions(A,E), r_subst_3(B,D), x_subst(B,C,F).
(r6) great(A,B) :- x_subst(A,C,D), gt(E,C), n_val(A,E), r_subst_3(B,E).
(r7) great(A,B) :- ring_subst_5(A,E), h_acceptor(E,C), alk_groups(B,D), ring_subst_6(A,F).
(r8) great(A,B) :- ring_subst_2(B,E), n_val(A,C), ring_subst_4(A,F), ring_subst_6(B,D).
(r9) great(A,B) :- ring_subst_4(B,E), x_subst(A,F,E), size(E,C), h_acceptor(E,D).
(r10) great(A,B) :- r_subst_2(A,D), r_subst_1(B,F), gt(E,C), alk_groups(A,E).
(r11) great(A,B) :- ring_substitutions(A,E), ring_subst_4(B,F), ring_subst_6(A,D), polarisable(F,C).
(r12) great(A,B) :- ring_subst_2(B,E), ring_subst_4(A,E), polar(E,C), n_val(A,D).
(r13) great(A,B) :- r_subst_1(B,E), r_subst_1(A,E), n_val(B,C), x_subst(B,C,D).
(r14) great(A,B) :- polarisable(C,F), ring_subst_2(A,E), ring_subst_6(B,C), ring_subst_5(B,D).
(r15) great(A,B) :- alk_groups(B,C), alk_groups(A,C), alk_groups(B,D), r_subst_3(A,E).
(r16) great(A,B) :- r_subst_2(A,D), ring_subst_5(A,E), ring_substitutions(B,F), ring_subst_6(A,C).
(r17) great(A,B) :- r_subst_2(A,E), ring_subst_5(A,F), ring_substitutions(B,D), sigma(F,C).
(r18) great(A,B) :- ring_subst_6(B,C), ring_subst_6(A,C), x_subst(A,E,D), ring_subst_3(A,F).
(r19) great(A,B) :- polar(C,F), x_subst(B,D,C), alk_groups(B,D), n_val(A,E).
(r20) great(A,B) :- gt(C,D), n_val(A,C), ring_subst_5(B,E), r_subst_2(B,F).
(r21) great(A,B) :- ring_subst_6(A,F), r_subst_3(A,D), r_subst_1(B,C), x_subst(A,E,F).
(r22) great(A,B) :- ring_substitutions(B,E), flex(D,C), ring_subst_5(A,D), ring_subst_5(B,F).
(r23) great(A,B) :- n_val(B,C), ring_subst_5(A,F), ring_subst_4(B,D), x_subst(A,E,F).
(r24) great(A,B) :- pi_acceptor(E,C), x_subst(A,D,F), ring_subst_5(B,E), ring_subst_5(B,F).
(r25) great(A,B) :- h_acceptor(F,D), ring_substitutions(A,E), ring_subst_6(B,C), ring_subst_5(A,F).
(r26) great(A,B) :- x_subst(B,C,E), r_subst_3(A,C), ring_subst_5(A,F), ring_subst_2(B,D).
(r27) great(A,B) :- ring_subst_2(A,E), r_subst_3(B,D), h_doner(E,C), sigma(E,F).
(r28) great(A,B) :- ring_subst_2(B,E), sigma(C,D), ring_subst_4(B,C), ring_subst_2(A,F).
(r29) great(A,B) :- x_subst(A,E,C), ring_subst_2(B,C), r_subst_3(A,D).
(r30) great(A,B) :- ring_subst_2(B,E), ring_subst_5(B,C), ring_subst_5(A,C), n_val(A,D).
(r31) great(A,B) :- x_subst(B,D,C), x_subst(A,E,C), ring_substitutions(A,E), x_subst(A,D,C).
(r32) great(A,B) :- ring_subst_6(A,E), ring_subst_2(B,C), ring_subst_2(B,F), pi_acceptor(E,D).
(r33) great(A,B) :- alk_groups(B,C), r_subst_3(A,C), ring_subst_3(B,D), x_subst(B,C,D).
(r34) great(A,B) :- ring_subst_2(A,E), sigma(D,F), x_subst(B,C,D), ring_subst_5(A,D).
(r35) great(A,B) :- polarisable(C,F), x_subst(B,D,C), ring_subst_3(B,C), ring_subst_4(A,E).
(r36) great(A,B) :- ring_substitutions(A,E), ring_subst_6(B,C), ring_subst_2(A,C), ring_subst_4(B,D).
(r37) great(A,B) :- ring_subst_4(B,E), ring_subst_6(B,C), ring_subst_2(A,C), size(C,D).
(r38) great(A,B) :- x_subst(B,C,E), n_val(A,C), ring_subst_6(B,D), ring_subst_3(A,D).
(r39) great(A,B) :- r_subst_2(B,E), ring_subst_6(B,F), ring_subst_3(B,C), ring_substitutions(A,D).
(r40) great(A,B) :- n_val(A,C), pi_acceptor(F,D), ring_subst_6(B,F), size(F,E).
(r41) great(A,B) :- ring_subst_3(A,E), ring_subst_6(B,C), polar(E,D), ring_subst_5(B,F).
(r42) great(A,B) :- ring_subst_6(B,E), ring_subst_4(A,C), ring_subst_2(B,D), polar(E,F).
(r43) great(A,B) :- pi_doner(C,F), x_subst(B,D,C), x_subst(B,D,E), n_val(A,D).
(r44) great(A,B) :- ring_subst_5(A,C), gt(E,F), x_subst(B,E,C), pi_acceptor(C,D).
(r45) great(A,B) :- ring_subst_3(B,E), ring_subst_6(B,C), ring_subst_3(A,C), r_subst_1(B,D).
(r46) great(A,B) :- polar(C,D), ring_subst_6(A,C), ring_subst_5(B,F), r_subst_3(A,E).
(r47) great(A,B) :- ring_subst_3(A,C), x_subst(A,D,C), r_subst_1(B,F), alk_groups(A,E).
(r48) great(A,B) :- alk_groups(B,F), ring_subst_5(A,C), h_acceptor(C,D), h_acceptor(C,E).
(r49) great(A,B) :- x_subst(A,F,E), ring_substitutions(B,F), ring_subst_6(A,D), flex(D,C).
(r50) great(A,B) :- r_subst_3(A,C), ring_subst_6(A,E), x_subst(B,C,D), r_subst_2(A,F).
====================
MaxSAT solving... (1754 vars, 11250 hard, 566 soft)
number of rules: 52
program size: 239
(inv1) inv1(X1,X2,X3,X4,X5,X6) :- ring_subst_6(X1,X2), ring_subst_2(X3,X4), ring_subst_2(X5,X6).
(inv2) inv2(X1,X2,X3,X4,X5) :- x_subst(X1,X2,X3), r_subst_3(X4,X5).
(r1) great(A,B) :- inv1(B,F,B,E,A,F), x_subst(B,D,C).
(r2) great(A,B) :- ring_subst_4(B,E), x_subst(A,D,F), ring_subst_5(A,C).
(r3) great(A,B) :- ring_subst_3(A,E), h_doner(D,F), h_doner(E,C), ring_subst_3(B,D).
(r4) great(A,B) :- ring_subst_2(B,C), ring_subst_5(A,C), polar(C,E), ring_subst_2(A,D).
(r5) great(A,B) :- inv2(B,C,F,B,D), n_val(A,C), ring_substitutions(A,E).
(r6) great(A,B) :- inv2(A,C,D,B,E), gt(E,C), n_val(A,E).
(r7) great(A,B) :- ring_subst_5(A,E), h_acceptor(E,C), alk_groups(B,D), ring_subst_6(A,F).
(r8) great(A,B) :- inv1(B,D,B,E,B,E), n_val(A,C), ring_subst_4(A,F).
(r9) great(A,B) :- ring_subst_4(B,E), x_subst(A,F,E), size(E,C), h_acceptor(E,D).
(r10) great(A,B) :- r_subst_2(A,D), r_subst_1(B,F), gt(E,C), alk_groups(A,E).
(r11) great(A,B) :- ring_substitutions(A,E), ring_subst_4(B,F), ring_subst_6(A,D), polarisable(F,C).
(r12) great(A,B) :- ring_subst_2(B,E), ring_subst_4(A,E), polar(E,C), n_val(A,D).
(r13) great(A,B) :- r_subst_1(B,E), r_subst_1(A,E), n_val(B,C), x_subst(B,C,D).
(r14) great(A,B) :- inv1(B,C,A,E,A,E), polarisable(C,F), ring_subst_5(B,D).
(r15) great(A,B) :- alk_groups(B,C), alk_groups(A,C), alk_groups(B,D), r_subst_3(A,E).
(r16) great(A,B) :- r_subst_2(A,D), ring_subst_5(A,E), ring_substitutions(B,F), ring_subst_6(A,C).
(r17) great(A,B) :- r_subst_2(A,E), ring_subst_5(A,F), ring_substitutions(B,D), sigma(F,C).
(r18) great(A,B) :- ring_subst_6(B,C), ring_subst_6(A,C), x_subst(A,E,D), ring_subst_3(A,F).
(r19) great(A,B) :- polar(C,F), x_subst(B,D,C), alk_groups(B,D), n_val(A,E).
(r20) great(A,B) :- gt(C,D), n_val(A,C), ring_subst_5(B,E), r_subst_2(B,F).
(r21) great(A,B) :- inv2(A,E,F,A,D), ring_subst_6(A,F), r_subst_1(B,C).
(r22) great(A,B) :- ring_substitutions(B,E), flex(D,C), ring_subst_5(A,D), ring_subst_5(B,F).
(r23) great(A,B) :- n_val(B,C), ring_subst_5(A,F), ring_subst_4(B,D), x_subst(A,E,F).
(r24) great(A,B) :- pi_acceptor(E,C), x_subst(A,D,F), ring_subst_5(B,E), ring_subst_5(B,F).
(r25) great(A,B) :- h_acceptor(F,D), ring_substitutions(A,E), ring_subst_6(B,C), ring_subst_5(A,F).
(r26) great(A,B) :- inv2(B,C,E,A,C), ring_subst_5(A,F), ring_subst_2(B,D).
(r27) great(A,B) :- ring_subst_2(A,E), r_subst_3(B,D), h_doner(E,C), sigma(E,F).
(r28) great(A,B) :- ring_subst_2(B,E), sigma(C,D), ring_subst_4(B,C), ring_subst_2(A,F).
(r29) great(A,B) :- inv2(A,E,C,A,D), ring_subst_2(B,C).
(r30) great(A,B) :- ring_subst_2(B,E), ring_subst_5(B,C), ring_subst_5(A,C), n_val(A,D).
(r31) great(A,B) :- x_subst(B,D,C), x_subst(A,E,C), ring_substitutions(A,E), x_subst(A,D,C).
(r32) great(A,B) :- inv1(A,E,B,C,B,F), pi_acceptor(E,D).
(r33) great(A,B) :- inv2(B,C,D,A,C), alk_groups(B,C), ring_subst_3(B,D).
(r34) great(A,B) :- ring_subst_2(A,E), sigma(D,F), x_subst(B,C,D), ring_subst_5(A,D).
(r35) great(A,B) :- polarisable(C,F), x_subst(B,D,C), ring_subst_3(B,C), ring_subst_4(A,E).
(r36) great(A,B) :- inv1(B,C,A,C,A,C), ring_substitutions(A,E), ring_subst_4(B,D).
(r37) great(A,B) :- inv1(B,C,A,C,A,C), ring_subst_4(B,E), size(C,D).
(r38) great(A,B) :- x_subst(B,C,E), n_val(A,C), ring_subst_6(B,D), ring_subst_3(A,D).
(r39) great(A,B) :- r_subst_2(B,E), ring_subst_6(B,F), ring_subst_3(B,C), ring_substitutions(A,D).
(r40) great(A,B) :- n_val(A,C), pi_acceptor(F,D), ring_subst_6(B,F), size(F,E).
(r41) great(A,B) :- ring_subst_3(A,E), ring_subst_6(B,C), polar(E,D), ring_subst_5(B,F).
(r42) great(A,B) :- inv1(B,E,B,D,B,D), ring_subst_4(A,C), polar(E,F).
(r43) great(A,B) :- pi_doner(C,F), x_subst(B,D,C), x_subst(B,D,E), n_val(A,D).
(r44) great(A,B) :- ring_subst_5(A,C), gt(E,F), x_subst(B,E,C), pi_acceptor(C,D).
(r45) great(A,B) :- ring_subst_3(B,E), ring_subst_6(B,C), ring_subst_3(A,C), r_subst_1(B,D).
(r46) great(A,B) :- polar(C,D), ring_subst_6(A,C), ring_subst_5(B,F), r_subst_3(A,E).
(r47) great(A,B) :- ring_subst_3(A,C), x_subst(A,D,C), r_subst_1(B,F), alk_groups(A,E).
(r48) great(A,B) :- alk_groups(B,F), ring_subst_5(A,C), h_acceptor(C,D), h_acceptor(C,E).
(r49) great(A,B) :- x_subst(A,F,E), ring_substitutions(B,F), ring_subst_6(A,D), flex(D,C).
(r50) great(A,B) :- inv2(B,C,D,A,C), ring_subst_6(A,E), r_subst_2(A,F).
====================
