number of rules: 60
program size: 297
(r1) great_ne(A,B) :- ring_subst_5(A,F), ring_subst_2(B,C), polar(C,E), n_val(A,D).
(r2) great_ne(A,B) :- r_subst_1(A,D), ring_subst_2(B,E), ring_subst_5(B,E), sigma(E,C).
(r3) great_ne(A,B) :- ring_subst_5(A,D), ring_subst_2(B,F), r_subst_1(A,E), size(D,C).
(r4) great_ne(A,B) :- ring_subst_2(B,E), ring_subst_3(A,C), n_val(B,D), ring_subst_6(B,C).
(r5) great_ne(A,B) :- size(D,C), r_subst_2(B,E), n_val(A,F), ring_subst_2(B,D).
(r6) great_ne(A,B) :- r_subst_3(B,C), ring_subst_2(A,D), x_subst(A,C,E), alk_groups(A,F).
(r7) great_ne(A,B) :- x_subst(B,F,D), x_subst(A,F,E), x_subst(A,C,E), ring_subst_2(A,D).
(r8) great_ne(A,B) :- r_subst_3(A,E), ring_substitutions(A,C), ring_subst_5(A,D), x_subst(B,C,D).
(r9) great_ne(A,B) :- ring_subst_4(A,C), ring_subst_2(B,F), alk_groups(A,D), x_subst(B,E,C).
(r10) great_ne(A,B) :- ring_subst_2(A,E), h_acceptor(E,F), x_subst(B,C,D).
(r11) great_ne(A,B) :- alk_groups(B,D), r_subst_2(B,E), r_subst_2(A,C), n_val(A,D).
(r12) great_ne(A,B) :- ring_subst_5(A,F), x_subst(A,E,C), ring_subst_4(B,C), n_val(A,D).
(r13) great_ne(A,B) :- ring_subst_4(B,E), x_subst(A,C,D), ring_subst_6(B,E), ring_subst_6(A,E).
(r14) great_ne(A,B) :- ring_subst_2(B,C), ring_subst_3(A,F), ring_subst_4(B,D), flex(D,E).
(r15) great_ne(A,B) :- x_subst(A,E,F), ring_subst_5(A,F), x_subst(B,C,D), ring_substitutions(A,E).
(r16) great_ne(A,B) :- x_subst(A,C,D), h_doner(D,F), alk_groups(B,C), polarisable(D,E).
(r17) great_ne(A,B) :- ring_subst_5(A,C), polarisable(C,D), ring_subst_4(B,F), pi_acceptor(C,E).
(r18) great_ne(A,B) :- x_subst(A,F,D), x_subst(A,C,D), ring_subst_2(B,E), x_subst(B,F,D).
(r19) great_ne(A,B) :- r_subst_3(A,E), r_subst_3(B,F), r_subst_3(B,D), gt(E,C).
(r20) great_ne(A,B) :- n_val(A,D), alk_groups(B,E), ring_subst_2(B,F), ring_subst_6(B,C).
(r21) great_ne(A,B) :- h_doner(F,D), ring_subst_6(A,F), x_subst(B,E,F), ring_subst_6(B,C).
(r22) great_ne(A,B) :- r_subst_3(A,E), ring_substitutions(A,F), ring_subst_2(B,D), gt(F,C).
(r23) great_ne(A,B) :- ring_subst_6(B,F), r_subst_1(B,E), r_subst_3(B,D), x_subst(A,D,C).
(r24) great_ne(A,B) :- ring_subst_6(A,F), polarisable(F,E), h_acceptor(F,D), ring_subst_6(B,C).
(r25) great_ne(A,B) :- pi_doner(D,F), ring_subst_3(B,C), r_subst_2(A,E), ring_subst_3(B,D).
(r26) great_ne(A,B) :- ring_subst_2(B,C), r_subst_3(B,D), ring_subst_6(B,E), r_subst_2(A,F).
(r27) great_ne(A,B) :- ring_subst_4(A,F), r_subst_1(B,C), x_subst(A,E,D), r_subst_1(A,C).
(r28) great_ne(A,B) :- r_subst_1(B,C), r_subst_2(A,E), x_subst(B,F,D), alk_groups(B,F).
(r29) great_ne(A,B) :- ring_subst_2(B,E), alk_groups(A,C), size(E,D), pi_doner(E,F).
(r30) great_ne(A,B) :- h_acceptor(C,E), ring_subst_2(B,C), alk_groups(A,D), r_subst_3(A,D).
(r31) great_ne(A,B) :- alk_groups(B,D), n_val(A,E), alk_groups(A,D), gt(E,C).
(r32) great_ne(A,B) :- x_subst(A,F,D), r_subst_3(B,C), ring_subst_6(A,E), gt(C,F).
(r33) great_ne(A,B) :- pi_acceptor(C,E), pi_doner(C,D), ring_subst_3(A,C), r_subst_2(B,F).
(r34) great_ne(A,B) :- x_subst(B,D,C), ring_subst_5(B,E), ring_substitutions(B,D), r_subst_3(A,D).
(r35) great_ne(A,B) :- x_subst(A,C,D), ring_subst_4(B,F), x_subst(B,C,F), x_subst(A,E,D).
(r36) great_ne(A,B) :- ring_subst_3(B,E), ring_subst_5(A,D), great_polar(F,C), polar(E,F).
(r37) great_ne(A,B) :- n_val(A,C), gt(C,D), x_subst(B,F,E), ring_subst_6(A,E).
(r38) great_ne(A,B) :- x_subst(B,D,F), pi_doner(C,E), ring_subst_2(A,C), x_subst(A,D,C).
(r39) great_ne(A,B) :- ring_substitutions(A,C), x_subst(A,D,E), ring_substitutions(B,F), alk_groups(B,C).
(r40) great_ne(A,B) :- x_subst(A,E,F), ring_subst_6(A,C), alk_groups(B,E), h_doner(F,D).
(r41) great_ne(A,B) :- ring_subst_2(A,E), r_subst_3(A,C), x_subst(A,C,E), ring_subst_4(B,D).
(r42) great_ne(A,B) :- x_subst(B,E,D), polarisable(D,C), alk_groups(A,F).
(r43) great_ne(A,B) :- r_subst_1(B,D), r_subst_2(B,E), x_subst(A,F,C).
(r44) great_ne(A,B) :- ring_subst_5(B,F), n_val(A,E), x_subst(B,C,F), n_val(A,D).
(r45) great_ne(A,B) :- ring_subst_5(A,F), ring_subst_3(B,E), sigma(E,D), flex(E,C).
(r46) great_ne(A,B) :- ring_subst_3(B,E), pi_doner(F,D), ring_subst_3(A,F), ring_substitutions(B,C).
(r47) great_ne(A,B) :- ring_subst_5(A,C), x_subst(A,E,C), n_val(B,D), sigma(C,F).
(r48) great_ne(A,B) :- ring_subst_5(B,F), h_acceptor(F,D), r_subst_2(A,E), r_subst_2(A,C).
(r49) great_ne(A,B) :- ring_subst_5(A,F), sigma(C,D), ring_subst_2(A,F), x_subst(B,E,C).
(r50) great_ne(A,B) :- n_val(B,E), sigma(C,D), x_subst(A,E,C), ring_subst_5(B,C).
(r51) great_ne(A,B) :- alk_groups(B,E), ring_subst_2(A,C), pi_doner(C,D), ring_subst_6(B,C).
(r52) great_ne(A,B) :- x_subst(A,C,F), n_val(B,D), n_val(A,C), ring_subst_6(A,E).
(r53) great_ne(A,B) :- x_subst(B,D,C), h_doner(C,F), ring_subst_5(B,E), n_val(A,D).
(r54) great_ne(A,B) :- r_subst_1(B,D), n_val(A,E), ring_subst_3(A,F), ring_subst_5(B,C).
(r55) great_ne(A,B) :- ring_subst_4(A,F), alk_groups(A,D), x_subst(A,C,E), n_val(B,D).
(r56) great_ne(A,B) :- size(F,C), x_subst(B,E,D), ring_subst_6(B,D), ring_subst_2(A,F).
(r57) great_ne(A,B) :- r_subst_3(B,F), ring_subst_5(A,D), gt(F,E), ring_subst_5(B,C).
(r58) great_ne(A,B) :- ring_subst_3(B,C), ring_subst_4(A,C), size(D,E), ring_subst_2(B,D).
(r59) great_ne(A,B) :- ring_substitutions(A,F), x_subst(A,F,E), r_subst_1(B,C), ring_subst_4(A,D).
(r60) great_ne(A,B) :- ring_subst_5(A,C), ring_subst_3(B,C), h_acceptor(C,D), ring_subst_5(A,E).
====================
MaxSAT solving... (2091 vars, 14133 hard, 669 soft)
number of rules: 62
program size: 282
(inv1) inv1(X1,X2,X3,X4,X5,X6,X7) :- n_val(X1,X2), n_val(X3,X4), x_subst(X5,X6,X7).
(inv2) inv2(X1,X2,X3,X4,X5,X6,X7,X8,X9,X10,X11) :- x_subst(X1,X2,X3), x_subst(X4,X5,X6), x_subst(X7,X8,X9), ring_subst_2(X10,X11).
(r1) great_ne(A,B) :- ring_subst_5(A,F), ring_subst_2(B,C), polar(C,E), n_val(A,D).
(r2) great_ne(A,B) :- r_subst_1(A,D), ring_subst_2(B,E), ring_subst_5(B,E), sigma(E,C).
(r3) great_ne(A,B) :- ring_subst_5(A,D), ring_subst_2(B,F), r_subst_1(A,E), size(D,C).
(r4) great_ne(A,B) :- ring_subst_2(B,E), ring_subst_3(A,C), n_val(B,D), ring_subst_6(B,C).
(r5) great_ne(A,B) :- size(D,C), r_subst_2(B,E), n_val(A,F), ring_subst_2(B,D).
(r6) great_ne(A,B) :- inv2(A,C,E,A,C,E,A,C,E,A,D), r_subst_3(B,C), alk_groups(A,F).
(r7) great_ne(A,B) :- inv2(B,F,D,A,F,E,A,C,E,A,D).
(r8) great_ne(A,B) :- r_subst_3(A,E), ring_substitutions(A,C), ring_subst_5(A,D), x_subst(B,C,D).
(r9) great_ne(A,B) :- inv2(B,E,C,B,E,C,B,E,C,B,F), ring_subst_4(A,C), alk_groups(A,D).
(r10) great_ne(A,B) :- inv2(B,C,D,B,C,D,B,C,D,A,E), h_acceptor(E,F).
(r11) great_ne(A,B) :- alk_groups(B,D), r_subst_2(B,E), r_subst_2(A,C), n_val(A,D).
(r12) great_ne(A,B) :- inv1(A,D,A,D,A,E,C), ring_subst_5(A,F), ring_subst_4(B,C).
(r13) great_ne(A,B) :- ring_subst_4(B,E), x_subst(A,C,D), ring_subst_6(B,E), ring_subst_6(A,E).
(r14) great_ne(A,B) :- ring_subst_2(B,C), ring_subst_3(A,F), ring_subst_4(B,D), flex(D,E).
(r15) great_ne(A,B) :- x_subst(A,E,F), ring_subst_5(A,F), x_subst(B,C,D), ring_substitutions(A,E).
(r16) great_ne(A,B) :- x_subst(A,C,D), h_doner(D,F), alk_groups(B,C), polarisable(D,E).
(r17) great_ne(A,B) :- ring_subst_5(A,C), polarisable(C,D), ring_subst_4(B,F), pi_acceptor(C,E).
(r18) great_ne(A,B) :- inv2(A,F,D,A,C,D,B,F,D,B,E).
(r19) great_ne(A,B) :- r_subst_3(A,E), r_subst_3(B,F), r_subst_3(B,D), gt(E,C).
(r20) great_ne(A,B) :- n_val(A,D), alk_groups(B,E), ring_subst_2(B,F), ring_subst_6(B,C).
(r21) great_ne(A,B) :- h_doner(F,D), ring_subst_6(A,F), x_subst(B,E,F), ring_subst_6(B,C).
(r22) great_ne(A,B) :- r_subst_3(A,E), ring_substitutions(A,F), ring_subst_2(B,D), gt(F,C).
(r23) great_ne(A,B) :- ring_subst_6(B,F), r_subst_1(B,E), r_subst_3(B,D), x_subst(A,D,C).
(r24) great_ne(A,B) :- ring_subst_6(A,F), polarisable(F,E), h_acceptor(F,D), ring_subst_6(B,C).
(r25) great_ne(A,B) :- pi_doner(D,F), ring_subst_3(B,C), r_subst_2(A,E), ring_subst_3(B,D).
(r26) great_ne(A,B) :- ring_subst_2(B,C), r_subst_3(B,D), ring_subst_6(B,E), r_subst_2(A,F).
(r27) great_ne(A,B) :- ring_subst_4(A,F), r_subst_1(B,C), x_subst(A,E,D), r_subst_1(A,C).
(r28) great_ne(A,B) :- r_subst_1(B,C), r_subst_2(A,E), x_subst(B,F,D), alk_groups(B,F).
(r29) great_ne(A,B) :- ring_subst_2(B,E), alk_groups(A,C), size(E,D), pi_doner(E,F).
(r30) great_ne(A,B) :- h_acceptor(C,E), ring_subst_2(B,C), alk_groups(A,D), r_subst_3(A,D).
(r31) great_ne(A,B) :- alk_groups(B,D), n_val(A,E), alk_groups(A,D), gt(E,C).
(r32) great_ne(A,B) :- x_subst(A,F,D), r_subst_3(B,C), ring_subst_6(A,E), gt(C,F).
(r33) great_ne(A,B) :- pi_acceptor(C,E), pi_doner(C,D), ring_subst_3(A,C), r_subst_2(B,F).
(r34) great_ne(A,B) :- x_subst(B,D,C), ring_subst_5(B,E), ring_substitutions(B,D), r_subst_3(A,D).
(r35) great_ne(A,B) :- x_subst(A,C,D), ring_subst_4(B,F), x_subst(B,C,F), x_subst(A,E,D).
(r36) great_ne(A,B) :- ring_subst_3(B,E), ring_subst_5(A,D), great_polar(F,C), polar(E,F).
(r37) great_ne(A,B) :- inv1(A,C,A,C,B,F,E), gt(C,D), ring_subst_6(A,E).
(r38) great_ne(A,B) :- inv2(B,D,F,A,D,C,B,D,F,A,C), pi_doner(C,E).
(r39) great_ne(A,B) :- ring_substitutions(A,C), x_subst(A,D,E), ring_substitutions(B,F), alk_groups(B,C).
(r40) great_ne(A,B) :- x_subst(A,E,F), ring_subst_6(A,C), alk_groups(B,E), h_doner(F,D).
(r41) great_ne(A,B) :- inv2(A,C,E,A,C,E,A,C,E,A,E), r_subst_3(A,C), ring_subst_4(B,D).
(r42) great_ne(A,B) :- x_subst(B,E,D), polarisable(D,C), alk_groups(A,F).
(r43) great_ne(A,B) :- r_subst_1(B,D), r_subst_2(B,E), x_subst(A,F,C).
(r44) great_ne(A,B) :- inv1(A,E,A,D,B,C,F), ring_subst_5(B,F).
(r45) great_ne(A,B) :- ring_subst_5(A,F), ring_subst_3(B,E), sigma(E,D), flex(E,C).
(r46) great_ne(A,B) :- ring_subst_3(B,E), pi_doner(F,D), ring_subst_3(A,F), ring_substitutions(B,C).
(r47) great_ne(A,B) :- inv1(B,D,B,D,A,E,C), ring_subst_5(A,C), sigma(C,F).
(r48) great_ne(A,B) :- ring_subst_5(B,F), h_acceptor(F,D), r_subst_2(A,E), r_subst_2(A,C).
(r49) great_ne(A,B) :- inv2(B,E,C,B,E,C,B,E,C,A,F), ring_subst_5(A,F), sigma(C,D).
(r50) great_ne(A,B) :- inv1(B,E,B,E,A,E,C), sigma(C,D), ring_subst_5(B,C).
(r51) great_ne(A,B) :- alk_groups(B,E), ring_subst_2(A,C), pi_doner(C,D), ring_subst_6(B,C).
(r52) great_ne(A,B) :- inv1(B,D,A,C,A,C,F), ring_subst_6(A,E).
(r53) great_ne(A,B) :- inv1(A,D,A,D,B,D,C), h_doner(C,F), ring_subst_5(B,E).
(r54) great_ne(A,B) :- r_subst_1(B,D), n_val(A,E), ring_subst_3(A,F), ring_subst_5(B,C).
(r55) great_ne(A,B) :- inv1(B,D,B,D,A,C,E), ring_subst_4(A,F), alk_groups(A,D).
(r56) great_ne(A,B) :- inv2(B,E,D,B,E,D,B,E,D,A,F), size(F,C), ring_subst_6(B,D).
(r57) great_ne(A,B) :- r_subst_3(B,F), ring_subst_5(A,D), gt(F,E), ring_subst_5(B,C).
(r58) great_ne(A,B) :- ring_subst_3(B,C), ring_subst_4(A,C), size(D,E), ring_subst_2(B,D).
(r59) great_ne(A,B) :- ring_substitutions(A,F), x_subst(A,F,E), r_subst_1(B,C), ring_subst_4(A,D).
(r60) great_ne(A,B) :- ring_subst_5(A,C), ring_subst_3(B,C), h_acceptor(C,D), ring_subst_5(A,E).
====================
