number of rules: 90
program size: 446
(r1) great(A,B) :- x_subst(B,C,E), r_subst_3(A,C), n_val(A,C), pi_acceptor(E,D).
(r2) great(A,B) :- ring_subst_3(B,E), pi_acceptor(D,C), ring_subst_3(B,D), ring_subst_6(A,D).
(r3) great(A,B) :- x_subst(A,D,E), x_subst(B,F,C), n_val(B,F), ring_subst_3(A,E).
(r4) great(A,B) :- ring_subst_4(B,E), ring_subst_2(B,C), n_val(B,D), ring_substitutions(A,D).
(r5) great(A,B) :- ring_subst_4(B,E), x_subst(A,D,F), gt(D,C).
(r6) great(A,B) :- ring_substitutions(B,E), ring_subst_3(B,C), n_val(A,F), ring_subst_2(A,D).
(r7) great(A,B) :- x_subst(B,C,E), alk_groups(A,C), ring_subst_2(B,F), n_val(A,D).
(r8) great(A,B) :- ring_subst_2(B,C), sigma(C,F), ring_subst_3(A,D), r_subst_3(A,E).
(r9) great(A,B) :- x_subst(B,D,C), ring_subst_2(B,C), ring_substitutions(A,E).
(r10) great(A,B) :- ring_subst_2(B,C), polar(E,F), ring_subst_5(B,E), ring_subst_6(A,D).
(r11) great(A,B) :- r_subst_3(A,C), n_val(B,D), r_subst_3(B,F), alk_groups(B,E).
(r12) great(A,B) :- h_doner(F,C), x_subst(B,E,F), ring_subst_2(B,D), n_val(A,E).
(r13) great(A,B) :- ring_subst_4(B,C), ring_subst_6(A,C), ring_subst_5(B,E), polarisable(E,D).
(r14) great(A,B) :- ring_subst_2(B,C), polarisable(D,E), ring_subst_2(A,D), sigma(C,F).
(r15) great(A,B) :- ring_substitutions(A,E), ring_subst_6(B,C), ring_subst_6(A,F), ring_subst_6(B,D).
(r16) great(A,B) :- ring_subst_4(A,E), r_subst_3(A,F), ring_subst_3(B,C), polar(C,D).
(r17) great(A,B) :- alk_groups(B,F), n_val(B,C), r_subst_3(B,E), ring_subst_3(A,D).
(r18) great(A,B) :- ring_subst_2(B,C), ring_subst_2(A,C), polar(C,E), ring_subst_6(B,D).
(r19) great(A,B) :- ring_subst_5(B,C), r_subst_2(B,E), flex(C,F), ring_subst_6(A,D).
(r20) great(A,B) :- x_subst(A,F,D), ring_subst_2(B,C), x_subst(B,E,D), r_subst_3(B,E).
(r21) great(A,B) :- ring_subst_3(A,E), ring_subst_6(B,C), ring_subst_2(B,F), ring_subst_2(A,D).
(r22) great(A,B) :- size(F,D), ring_subst_3(A,C), h_doner(C,E), ring_subst_5(B,F).
(r23) great(A,B) :- ring_substitutions(B,E), ring_subst_2(A,C), ring_subst_2(B,D), ring_subst_3(A,D).
(r24) great(A,B) :- x_subst(B,E,F), r_subst_2(A,C), n_val(A,D).
(r25) great(A,B) :- x_subst(B,D,C), x_subst(B,F,C), alk_groups(A,D), r_subst_3(A,E).
(r26) great(A,B) :- x_subst(B,E,D), alk_groups(B,F), h_acceptor(D,C), ring_substitutions(A,F).
(r27) great(A,B) :- flex(F,D), ring_subst_2(B,C), ring_subst_4(A,F), size(C,E).
(r28) great(A,B) :- x_subst(A,C,D), x_subst(B,F,D), gt(F,C), ring_subst_3(A,E).
(r29) great(A,B) :- x_subst(B,F,C), r_subst_3(A,F), size(C,E), ring_subst_6(A,D).
(r30) great(A,B) :- ring_subst_5(B,C), ring_subst_2(A,C), ring_subst_6(A,C), ring_subst_6(A,D).
(r31) great(A,B) :- sigma(E,C), ring_subst_6(A,E), ring_subst_6(B,D), polar(E,F).
(r32) great(A,B) :- n_val(B,F), ring_subst_3(A,E), ring_subst_5(A,C), ring_subst_2(B,D).
(r33) great(A,B) :- polarisable(F,E), r_subst_1(B,C), ring_subst_3(A,F), h_doner(F,D).
(r34) great(A,B) :- ring_subst_4(B,E), ring_subst_4(B,F), n_val(B,C), x_subst(A,D,F).
(r35) great(A,B) :- ring_subst_3(A,E), h_doner(E,F), r_subst_1(B,C), ring_subst_6(A,D).
(r36) great(A,B) :- x_subst(A,D,E), ring_subst_4(B,F), polarisable(F,C), ring_subst_5(B,F).
(r37) great(A,B) :- ring_subst_2(B,C), gt(F,E), x_subst(B,F,D), n_val(A,F).
(r38) great(A,B) :- pi_doner(C,F), ring_subst_2(B,C), polarisable(D,E), ring_subst_4(A,D).
(r39) great(A,B) :- ring_subst_4(B,F), x_subst(B,C,F), alk_groups(A,D), r_subst_1(A,E).
(r40) great(A,B) :- ring_subst_6(A,E), h_acceptor(D,C), sigma(E,F), ring_subst_4(B,D).
(r41) great(A,B) :- x_subst(A,C,D), r_subst_2(B,E), n_val(B,F), ring_substitutions(A,C).
(r42) great(A,B) :- ring_subst_2(A,E), sigma(D,F), x_subst(B,C,D), ring_subst_2(A,D).
(r43) great(A,B) :- x_subst(A,F,D), r_subst_3(B,F), r_subst_2(B,E), ring_subst_6(A,C).
(r44) great(A,B) :- ring_subst_6(B,C), ring_subst_4(B,C), ring_subst_5(B,E), n_val(A,D).
(r45) great(A,B) :- x_subst(A,C,D), pi_doner(D,E), ring_subst_5(B,D), n_val(A,F).
(r46) great(A,B) :- sigma(F,D), ring_subst_4(A,E), ring_subst_5(A,C), ring_subst_6(B,F).
(r47) great(A,B) :- r_subst_1(A,D), ring_subst_5(A,E), n_val(A,C), ring_subst_5(B,F).
(r48) great(A,B) :- alk_groups(A,C), ring_subst_4(B,F), x_subst(A,E,D), gt(E,C).
(r49) great(A,B) :- alk_groups(B,C), r_subst_1(A,E), flex(D,F), ring_subst_6(A,D).
(r50) great(A,B) :- x_subst(B,C,E), ring_subst_4(A,E), ring_subst_2(B,E), flex(E,D).
(r51) great(A,B) :- x_subst(A,F,D), ring_subst_3(B,E), x_subst(A,F,E), x_subst(B,C,E).
(r52) great(A,B) :- size(D,C), pi_doner(F,E), ring_subst_4(A,D), ring_subst_5(B,F).
(r53) great(A,B) :- x_subst(A,C,D), ring_subst_6(A,E), ring_subst_6(B,D), ring_subst_2(A,D).
(r54) great(A,B) :- size(E,F), ring_subst_3(B,C), ring_subst_5(B,E), ring_subst_6(A,D).
(r55) great(A,B) :- ring_subst_3(B,E), ring_subst_4(A,F), flex(F,D), sigma(E,C).
(r56) great(A,B) :- ring_subst_4(A,E), n_val(A,C), ring_subst_2(B,D), r_subst_2(A,F).
(r57) great(A,B) :- x_subst(B,D,C), ring_subst_5(B,C), ring_subst_4(A,C), alk_groups(A,D).
(r58) great(A,B) :- r_subst_2(B,E), ring_subst_3(A,F), size(F,D), polarisable(F,C).
(r59) great(A,B) :- x_subst(A,E,C), ring_subst_2(B,C), ring_subst_3(B,F), gt(E,D).
(r60) great(A,B) :- r_subst_3(B,F), ring_subst_2(A,C), pi_doner(D,E), ring_subst_4(B,D).
(r61) great(A,B) :- ring_subst_3(A,E), ring_subst_2(A,C), x_subst(A,D,F), ring_subst_2(B,C).
(r62) great(A,B) :- h_acceptor(E,F), ring_subst_3(A,E), ring_subst_6(B,C), great_h_acc(F,D).
(r63) great(A,B) :- ring_subst_2(A,E), h_doner(E,C), ring_subst_5(B,D), n_val(A,F).
(r64) great(A,B) :- x_subst(A,E,C), h_acceptor(F,D), ring_subst_4(A,F), alk_groups(B,E).
(r65) great(A,B) :- r_subst_3(A,C), ring_subst_5(A,F), ring_subst_2(A,E), r_subst_1(B,D).
(r66) great(A,B) :- ring_subst_2(B,D), ring_subst_2(A,E), x_subst(A,C,E), r_subst_2(B,F).
(r67) great(A,B) :- x_subst(A,F,D), ring_subst_3(A,C), ring_substitutions(B,E).
(r68) great(A,B) :- ring_subst_5(A,E), ring_subst_6(B,C), ring_substitutions(B,F), pi_doner(C,D).
(r69) great(A,B) :- ring_subst_6(A,E), ring_subst_4(B,F), flex(E,D), polarisable(F,C).
(r70) great(A,B) :- n_val(B,C), r_subst_3(A,D), polar(F,E), x_subst(A,C,F).
(r71) great(A,B) :- ring_subst_6(A,E), ring_subst_3(B,C), r_subst_3(A,D), ring_substitutions(B,D).
(r72) great(A,B) :- ring_subst_4(B,E), alk_groups(A,C), ring_subst_4(B,F), ring_substitutions(A,D).
(r73) great(A,B) :- ring_subst_3(A,C), pi_acceptor(C,F), r_subst_3(B,E), n_val(A,D).
(r74) great(A,B) :- ring_subst_3(A,E), ring_subst_6(B,C), flex(D,F), ring_subst_2(A,D).
(r75) great(A,B) :- alk_groups(A,E), x_subst(A,E,C), ring_subst_3(B,D), x_subst(A,E,F).
(r76) great(A,B) :- x_subst(B,D,E), ring_subst_4(A,F), gt(C,D), x_subst(A,C,E).
(r77) great(A,B) :- r_subst_3(B,F), size(D,E), x_subst(A,F,C), ring_subst_3(A,D).
(r78) great(A,B) :- ring_subst_6(B,C), size(D,E), ring_subst_2(A,D), polar(D,F).
(r79) great(A,B) :- n_val(A,C), n_val(A,F), r_subst_3(A,E), r_subst_1(B,D).
(r80) great(A,B) :- x_subst(B,E,D), r_subst_3(B,C), gt(E,F), ring_subst_4(A,D).
(r81) great(A,B) :- n_val(A,C), n_val(A,E), x_subst(B,C,F), gt(C,D).
(r82) great(A,B) :- x_subst(B,D,C), ring_subst_3(B,C), ring_subst_4(A,C), alk_groups(B,E).
(r83) great(A,B) :- n_val(B,E), ring_subst_3(A,F), ring_subst_3(A,D), pi_acceptor(F,C).
(r84) great(A,B) :- ring_subst_4(A,E), ring_subst_6(B,C), great_sigma(F,D), sigma(C,F).
(r85) great(A,B) :- ring_subst_4(B,C), ring_subst_3(A,F), polar(F,E), n_val(A,D).
(r86) great(A,B) :- ring_subst_2(B,E), ring_subst_5(A,F), r_subst_1(A,C), n_val(A,D).
(r87) great(A,B) :- ring_subst_6(B,E), size(E,C), n_val(A,F), ring_subst_4(A,D).
(r88) great(A,B) :- ring_substitutions(B,C), ring_subst_5(A,F), alk_groups(B,E), ring_subst_3(A,D).
(r89) great(A,B) :- size(C,F), ring_subst_3(A,E), ring_subst_6(B,C), ring_substitutions(B,D).
(r90) great(A,B) :- h_doner(F,D), ring_subst_4(A,E), ring_subst_6(B,F), flex(F,C).
====================
MaxSAT solving... (3102 vars, 20446 hard, 966 soft)
number of rules: 92
program size: 429
(inv1) inv1(X1,X2,X3,X4,X5,X6,X7,X8,X9,X10) :- ring_subst_2(X1,X2), ring_subst_2(X3,X4), x_subst(X5,X6,X7), x_subst(X8,X9,X10).
(inv2) inv2(X1,X2,X3,X4,X5,X6,X7,X8,X9,X10,X11) :- x_subst(X1,X2,X3), x_subst(X4,X5,X6), x_subst(X7,X8,X9), ring_subst_3(X10,X11).
(r1) great(A,B) :- x_subst(B,C,E), r_subst_3(A,C), n_val(A,C), pi_acceptor(E,D).
(r2) great(A,B) :- ring_subst_3(B,E), pi_acceptor(D,C), ring_subst_3(B,D), ring_subst_6(A,D).
(r3) great(A,B) :- inv2(A,D,E,B,F,C,A,D,E,A,E), n_val(B,F).
(r4) great(A,B) :- ring_subst_4(B,E), ring_subst_2(B,C), n_val(B,D), ring_substitutions(A,D).
(r5) great(A,B) :- ring_subst_4(B,E), x_subst(A,D,F), gt(D,C).
(r6) great(A,B) :- ring_substitutions(B,E), ring_subst_3(B,C), n_val(A,F), ring_subst_2(A,D).
(r7) great(A,B) :- inv1(B,F,B,F,B,C,E,B,C,E), alk_groups(A,C), n_val(A,D).
(r8) great(A,B) :- ring_subst_2(B,C), sigma(C,F), ring_subst_3(A,D), r_subst_3(A,E).
(r9) great(A,B) :- inv1(B,C,B,C,B,D,C,B,D,C), ring_substitutions(A,E).
(r10) great(A,B) :- ring_subst_2(B,C), polar(E,F), ring_subst_5(B,E), ring_subst_6(A,D).
(r11) great(A,B) :- r_subst_3(A,C), n_val(B,D), r_subst_3(B,F), alk_groups(B,E).
(r12) great(A,B) :- inv1(B,D,B,D,B,E,F,B,E,F), h_doner(F,C), n_val(A,E).
(r13) great(A,B) :- ring_subst_4(B,C), ring_subst_6(A,C), ring_subst_5(B,E), polarisable(E,D).
(r14) great(A,B) :- ring_subst_2(B,C), polarisable(D,E), ring_subst_2(A,D), sigma(C,F).
(r15) great(A,B) :- ring_substitutions(A,E), ring_subst_6(B,C), ring_subst_6(A,F), ring_subst_6(B,D).
(r16) great(A,B) :- ring_subst_4(A,E), r_subst_3(A,F), ring_subst_3(B,C), polar(C,D).
(r17) great(A,B) :- alk_groups(B,F), n_val(B,C), r_subst_3(B,E), ring_subst_3(A,D).
(r18) great(A,B) :- ring_subst_2(B,C), ring_subst_2(A,C), polar(C,E), ring_subst_6(B,D).
(r19) great(A,B) :- ring_subst_5(B,C), r_subst_2(B,E), flex(C,F), ring_subst_6(A,D).
(r20) great(A,B) :- inv1(B,C,B,C,A,F,D,B,E,D), r_subst_3(B,E).
(r21) great(A,B) :- ring_subst_3(A,E), ring_subst_6(B,C), ring_subst_2(B,F), ring_subst_2(A,D).
(r22) great(A,B) :- size(F,D), ring_subst_3(A,C), h_doner(C,E), ring_subst_5(B,F).
(r23) great(A,B) :- ring_substitutions(B,E), ring_subst_2(A,C), ring_subst_2(B,D), ring_subst_3(A,D).
(r24) great(A,B) :- x_subst(B,E,F), r_subst_2(A,C), n_val(A,D).
(r25) great(A,B) :- x_subst(B,D,C), x_subst(B,F,C), alk_groups(A,D), r_subst_3(A,E).
(r26) great(A,B) :- x_subst(B,E,D), alk_groups(B,F), h_acceptor(D,C), ring_substitutions(A,F).
(r27) great(A,B) :- flex(F,D), ring_subst_2(B,C), ring_subst_4(A,F), size(C,E).
(r28) great(A,B) :- inv2(A,C,D,B,F,D,A,C,D,A,E), gt(F,C).
(r29) great(A,B) :- x_subst(B,F,C), r_subst_3(A,F), size(C,E), ring_subst_6(A,D).
(r30) great(A,B) :- ring_subst_5(B,C), ring_subst_2(A,C), ring_subst_6(A,C), ring_subst_6(A,D).
(r31) great(A,B) :- sigma(E,C), ring_subst_6(A,E), ring_subst_6(B,D), polar(E,F).
(r32) great(A,B) :- n_val(B,F), ring_subst_3(A,E), ring_subst_5(A,C), ring_subst_2(B,D).
(r33) great(A,B) :- polarisable(F,E), r_subst_1(B,C), ring_subst_3(A,F), h_doner(F,D).
(r34) great(A,B) :- ring_subst_4(B,E), ring_subst_4(B,F), n_val(B,C), x_subst(A,D,F).
(r35) great(A,B) :- ring_subst_3(A,E), h_doner(E,F), r_subst_1(B,C), ring_subst_6(A,D).
(r36) great(A,B) :- x_subst(A,D,E), ring_subst_4(B,F), polarisable(F,C), ring_subst_5(B,F).
(r37) great(A,B) :- inv1(B,C,B,C,B,F,D,B,F,D), gt(F,E), n_val(A,F).
(r38) great(A,B) :- pi_doner(C,F), ring_subst_2(B,C), polarisable(D,E), ring_subst_4(A,D).
(r39) great(A,B) :- ring_subst_4(B,F), x_subst(B,C,F), alk_groups(A,D), r_subst_1(A,E).
(r40) great(A,B) :- ring_subst_6(A,E), h_acceptor(D,C), sigma(E,F), ring_subst_4(B,D).
(r41) great(A,B) :- x_subst(A,C,D), r_subst_2(B,E), n_val(B,F), ring_substitutions(A,C).
(r42) great(A,B) :- inv1(A,E,A,D,B,C,D,B,C,D), sigma(D,F).
(r43) great(A,B) :- x_subst(A,F,D), r_subst_3(B,F), r_subst_2(B,E), ring_subst_6(A,C).
(r44) great(A,B) :- ring_subst_6(B,C), ring_subst_4(B,C), ring_subst_5(B,E), n_val(A,D).
(r45) great(A,B) :- x_subst(A,C,D), pi_doner(D,E), ring_subst_5(B,D), n_val(A,F).
(r46) great(A,B) :- sigma(F,D), ring_subst_4(A,E), ring_subst_5(A,C), ring_subst_6(B,F).
(r47) great(A,B) :- r_subst_1(A,D), ring_subst_5(A,E), n_val(A,C), ring_subst_5(B,F).
(r48) great(A,B) :- alk_groups(A,C), ring_subst_4(B,F), x_subst(A,E,D), gt(E,C).
(r49) great(A,B) :- alk_groups(B,C), r_subst_1(A,E), flex(D,F), ring_subst_6(A,D).
(r50) great(A,B) :- inv1(B,E,B,E,B,C,E,B,C,E), ring_subst_4(A,E), flex(E,D).
(r51) great(A,B) :- inv2(A,F,D,A,F,E,B,C,E,B,E).
(r52) great(A,B) :- size(D,C), pi_doner(F,E), ring_subst_4(A,D), ring_subst_5(B,F).
(r53) great(A,B) :- inv1(A,D,A,D,A,C,D,A,C,D), ring_subst_6(A,E), ring_subst_6(B,D).
(r54) great(A,B) :- size(E,F), ring_subst_3(B,C), ring_subst_5(B,E), ring_subst_6(A,D).
(r55) great(A,B) :- ring_subst_3(B,E), ring_subst_4(A,F), flex(F,D), sigma(E,C).
(r56) great(A,B) :- ring_subst_4(A,E), n_val(A,C), ring_subst_2(B,D), r_subst_2(A,F).
(r57) great(A,B) :- x_subst(B,D,C), ring_subst_5(B,C), ring_subst_4(A,C), alk_groups(A,D).
(r58) great(A,B) :- r_subst_2(B,E), ring_subst_3(A,F), size(F,D), polarisable(F,C).
(r59) great(A,B) :- inv1(B,C,B,C,A,E,C,A,E,C), ring_subst_3(B,F), gt(E,D).
(r60) great(A,B) :- r_subst_3(B,F), ring_subst_2(A,C), pi_doner(D,E), ring_subst_4(B,D).
(r61) great(A,B) :- inv1(A,C,B,C,A,D,F,A,D,F), ring_subst_3(A,E).
(r62) great(A,B) :- h_acceptor(E,F), ring_subst_3(A,E), ring_subst_6(B,C), great_h_acc(F,D).
(r63) great(A,B) :- ring_subst_2(A,E), h_doner(E,C), ring_subst_5(B,D), n_val(A,F).
(r64) great(A,B) :- x_subst(A,E,C), h_acceptor(F,D), ring_subst_4(A,F), alk_groups(B,E).
(r65) great(A,B) :- r_subst_3(A,C), ring_subst_5(A,F), ring_subst_2(A,E), r_subst_1(B,D).
(r66) great(A,B) :- inv1(B,D,A,E,A,C,E,A,C,E), r_subst_2(B,F).
(r67) great(A,B) :- inv2(A,F,D,A,F,D,A,F,D,A,C), ring_substitutions(B,E).
(r68) great(A,B) :- ring_subst_5(A,E), ring_subst_6(B,C), ring_substitutions(B,F), pi_doner(C,D).
(r69) great(A,B) :- ring_subst_6(A,E), ring_subst_4(B,F), flex(E,D), polarisable(F,C).
(r70) great(A,B) :- n_val(B,C), r_subst_3(A,D), polar(F,E), x_subst(A,C,F).
(r71) great(A,B) :- ring_subst_6(A,E), ring_subst_3(B,C), r_subst_3(A,D), ring_substitutions(B,D).
(r72) great(A,B) :- ring_subst_4(B,E), alk_groups(A,C), ring_subst_4(B,F), ring_substitutions(A,D).
(r73) great(A,B) :- ring_subst_3(A,C), pi_acceptor(C,F), r_subst_3(B,E), n_val(A,D).
(r74) great(A,B) :- ring_subst_3(A,E), ring_subst_6(B,C), flex(D,F), ring_subst_2(A,D).
(r75) great(A,B) :- inv2(A,E,C,A,E,F,A,E,C,B,D), alk_groups(A,E).
(r76) great(A,B) :- x_subst(B,D,E), ring_subst_4(A,F), gt(C,D), x_subst(A,C,E).
(r77) great(A,B) :- inv2(A,F,C,A,F,C,A,F,C,A,D), r_subst_3(B,F), size(D,E).
(r78) great(A,B) :- ring_subst_6(B,C), size(D,E), ring_subst_2(A,D), polar(D,F).
(r79) great(A,B) :- n_val(A,C), n_val(A,F), r_subst_3(A,E), r_subst_1(B,D).
(r80) great(A,B) :- x_subst(B,E,D), r_subst_3(B,C), gt(E,F), ring_subst_4(A,D).
(r81) great(A,B) :- n_val(A,C), n_val(A,E), x_subst(B,C,F), gt(C,D).
(r82) great(A,B) :- inv2(B,D,C,B,D,C,B,D,C,B,C), ring_subst_4(A,C), alk_groups(B,E).
(r83) great(A,B) :- n_val(B,E), ring_subst_3(A,F), ring_subst_3(A,D), pi_acceptor(F,C).
(r84) great(A,B) :- ring_subst_4(A,E), ring_subst_6(B,C), great_sigma(F,D), sigma(C,F).
(r85) great(A,B) :- ring_subst_4(B,C), ring_subst_3(A,F), polar(F,E), n_val(A,D).
(r86) great(A,B) :- ring_subst_2(B,E), ring_subst_5(A,F), r_subst_1(A,C), n_val(A,D).
(r87) great(A,B) :- ring_subst_6(B,E), size(E,C), n_val(A,F), ring_subst_4(A,D).
(r88) great(A,B) :- ring_substitutions(B,C), ring_subst_5(A,F), alk_groups(B,E), ring_subst_3(A,D).
(r89) great(A,B) :- size(C,F), ring_subst_3(A,E), ring_subst_6(B,C), ring_substitutions(B,D).
(r90) great(A,B) :- h_doner(F,D), ring_subst_4(A,E), ring_subst_6(B,F), flex(F,C).
====================
