number of rules: 60
program size: 298
(r1) great_ne(A,B) :- x_subst(A,C,F), x_subst(A,C,D), ring_subst_5(B,F), polarisable(D,E).
(r2) great_ne(A,B) :- ring_subst_5(B,D), ring_subst_4(B,C), ring_substitutions(A,E).
(r3) great_ne(A,B) :- ring_subst_3(A,E), great_h_acc(C,D), n_val(B,F), h_acceptor(E,C).
(r4) great_ne(A,B) :- x_subst(B,D,F), alk_groups(A,C), ring_subst_3(A,F), pi_doner(F,E).
(r5) great_ne(A,B) :- n_val(A,D), ring_subst_4(A,E), gt(D,F), ring_subst_5(B,C).
(r6) great_ne(A,B) :- ring_subst_4(B,F), x_subst(A,D,F), ring_substitutions(B,C), r_subst_3(B,E).
(r7) great_ne(A,B) :- x_subst(A,C,D), alk_groups(A,C), ring_subst_6(B,E), flex(D,F).
(r8) great_ne(A,B) :- size(C,F), ring_subst_3(B,C), size(C,E), x_subst(A,D,C).
(r9) great_ne(A,B) :- polar(D,F), r_subst_3(B,C), ring_subst_3(B,D), ring_subst_6(A,E).
(r10) great_ne(A,B) :- ring_subst_5(A,C), ring_subst_3(B,C), ring_subst_2(A,C), ring_subst_4(A,D).
(r11) great_ne(A,B) :- flex(D,F), h_acceptor(D,E), r_subst_1(B,C), ring_subst_4(A,D).
(r12) great_ne(A,B) :- x_subst(B,D,C), ring_subst_2(A,F), pi_acceptor(F,E), n_val(A,D).
(r13) great_ne(A,B) :- r_subst_3(A,E), ring_subst_6(B,F), r_subst_2(B,C), flex(F,D).
(r14) great_ne(A,B) :- alk_groups(B,D), x_subst(B,C,E), alk_groups(A,D), pi_acceptor(E,F).
(r15) great_ne(A,B) :- x_subst(A,C,F), ring_subst_6(B,F), x_subst(A,C,E), ring_subst_4(A,D).
(r16) great_ne(A,B) :- polarisable(F,C), ring_subst_5(A,F), x_subst(B,E,F), ring_subst_4(A,D).
(r17) great_ne(A,B) :- ring_substitutions(A,F), gt(E,F), x_subst(B,E,C), h_doner(C,D).
(r18) great_ne(A,B) :- r_subst_3(B,C), ring_subst_5(A,D), ring_subst_4(A,F), flex(D,E).
(r19) great_ne(A,B) :- ring_subst_2(B,E), x_subst(B,D,E), ring_subst_5(B,C), r_subst_2(A,F).
(r20) great_ne(A,B) :- h_acceptor(E,F), ring_subst_3(B,C), h_acceptor(C,D), ring_subst_6(A,E).
(r21) great_ne(A,B) :- ring_subst_6(A,F), r_subst_2(B,E), ring_subst_4(A,C), ring_subst_4(A,D).
(r22) great_ne(A,B) :- alk_groups(B,D), ring_subst_6(A,F), ring_subst_6(B,E), r_subst_1(B,C).
(r23) great_ne(A,B) :- ring_subst_6(A,C), ring_substitutions(A,D), alk_groups(B,E), ring_subst_6(B,C).
(r24) great_ne(A,B) :- polar(F,C), ring_subst_5(B,E), ring_subst_4(B,F), alk_groups(A,D).
(r25) great_ne(A,B) :- alk_groups(B,E), alk_groups(A,D), x_subst(B,E,C), r_subst_3(A,D).
(r26) great_ne(A,B) :- ring_subst_5(A,F), h_doner(F,E), polarisable(F,D), r_subst_1(B,C).
(r27) great_ne(A,B) :- ring_subst_3(B,F), r_subst_2(A,E), sigma(F,C), polar(F,D).
(r28) great_ne(A,B) :- ring_subst_2(A,E), r_subst_3(B,F), pi_doner(E,C), r_subst_3(A,D).
(r29) great_ne(A,B) :- ring_substitutions(A,D), x_subst(B,C,F), ring_subst_6(A,E), ring_subst_3(A,E).
(r30) great_ne(A,B) :- ring_subst_5(A,C), n_val(B,E), pi_doner(C,D), ring_subst_4(B,F).
(r31) great_ne(A,B) :- x_subst(A,D,E), x_subst(B,C,F), ring_subst_4(A,F).
(r32) great_ne(A,B) :- ring_subst_6(B,E), r_subst_3(B,D), r_subst_1(B,C), ring_subst_6(A,E).
(r33) great_ne(A,B) :- ring_subst_3(A,E), ring_subst_2(B,C), n_val(B,D), ring_subst_4(B,C).
(r34) great_ne(A,B) :- h_acceptor(C,F), ring_subst_6(A,D), ring_subst_2(A,C), r_subst_3(B,E).
(r35) great_ne(A,B) :- ring_subst_4(B,E), x_subst(B,D,C), r_subst_3(A,F), ring_subst_5(B,E).
(r36) great_ne(A,B) :- n_val(A,C), ring_substitutions(B,D), r_subst_1(A,E), ring_subst_4(A,F).
(r37) great_ne(A,B) :- x_subst(A,D,E), n_val(A,C), ring_subst_5(B,E), gt(C,F).
(r38) great_ne(A,B) :- n_val(A,E), ring_subst_2(B,C), alk_groups(A,E), ring_subst_3(B,D).
(r39) great_ne(A,B) :- ring_subst_6(B,F), n_val(B,E), ring_subst_6(A,D), gt(E,C).
(r40) great_ne(A,B) :- ring_subst_2(A,F), ring_subst_5(B,D), ring_substitutions(B,E), gt(E,C).
(r41) great_ne(A,B) :- ring_subst_4(B,E), flex(E,F), r_subst_3(A,D), h_acceptor(E,C).
(r42) great_ne(A,B) :- x_subst(A,C,F), r_subst_3(A,C), flex(F,D), r_subst_3(B,E).
(r43) great_ne(A,B) :- ring_subst_4(A,F), r_subst_2(A,D), alk_groups(B,C), x_subst(A,C,E).
(r44) great_ne(A,B) :- ring_subst_3(A,E), ring_subst_3(B,C), r_subst_3(A,D), size(E,F).
(r45) great_ne(A,B) :- ring_substitutions(A,F), x_subst(A,E,C), ring_subst_4(B,D), x_subst(B,E,C).
(r46) great_ne(A,B) :- ring_subst_5(A,E), ring_subst_6(B,D), sigma(E,F), r_subst_2(A,C).
(r47) great_ne(A,B) :- gt(C,D), n_val(A,C), ring_subst_6(B,E), r_subst_1(B,F).
(r48) great_ne(A,B) :- ring_subst_5(A,F), r_subst_2(B,C), ring_subst_2(B,E), x_subst(B,D,E).
(r49) great_ne(A,B) :- r_subst_3(B,F), ring_subst_3(B,D), r_subst_1(A,C), flex(D,E).
(r50) great_ne(A,B) :- alk_groups(B,E), gt(C,E), r_subst_3(A,D), gt(E,C).
(r51) great_ne(A,B) :- pi_doner(C,E), r_subst_3(A,F), ring_subst_3(B,C), x_subst(A,D,C).
(r52) great_ne(A,B) :- x_subst(A,D,E), ring_subst_3(B,E), x_subst(A,C,E), pi_acceptor(E,F).
(r53) great_ne(A,B) :- pi_acceptor(E,C), x_subst(B,D,E), n_val(B,D), r_subst_3(A,D).
(r54) great_ne(A,B) :- size(E,F), ring_subst_2(A,E), ring_subst_5(A,D), ring_subst_6(B,C).
(r55) great_ne(A,B) :- polarisable(F,C), ring_subst_6(B,D), ring_subst_5(B,E), ring_subst_2(A,F).
(r56) great_ne(A,B) :- ring_substitutions(A,C), ring_subst_2(A,D), x_subst(B,C,D), ring_substitutions(B,C).
(r57) great_ne(A,B) :- ring_substitutions(B,E), r_subst_3(A,F), ring_subst_3(A,C), r_subst_3(A,D).
(r58) great_ne(A,B) :- x_subst(A,E,F), r_subst_1(A,D), ring_subst_4(B,F), pi_doner(F,C).
(r59) great_ne(A,B) :- n_val(A,D), gt(E,C), ring_substitutions(B,E), r_subst_3(B,E).
(r60) great_ne(A,B) :- ring_subst_6(A,C), ring_subst_6(B,D), ring_subst_2(A,F), polarisable(C,E).
====================
MaxSAT solving... (1498 vars, 9136 hard, 546 soft)
number of rules: 62
program size: 288
(inv1) inv1(X1,X2,X3,X4) :- ring_subst_5(X1,X2), ring_subst_2(X3,X4).
(inv2) inv2(X1,X2,X3,X4,X5,X6,X7,X8) :- ring_subst_4(X1,X2), x_subst(X3,X4,X5), x_subst(X6,X7,X8).
(r1) great_ne(A,B) :- x_subst(A,C,F), x_subst(A,C,D), ring_subst_5(B,F), polarisable(D,E).
(r2) great_ne(A,B) :- ring_subst_5(B,D), ring_subst_4(B,C), ring_substitutions(A,E).
(r3) great_ne(A,B) :- ring_subst_3(A,E), great_h_acc(C,D), n_val(B,F), h_acceptor(E,C).
(r4) great_ne(A,B) :- x_subst(B,D,F), alk_groups(A,C), ring_subst_3(A,F), pi_doner(F,E).
(r5) great_ne(A,B) :- n_val(A,D), ring_subst_4(A,E), gt(D,F), ring_subst_5(B,C).
(r6) great_ne(A,B) :- inv2(B,F,A,D,F,A,D,F), ring_substitutions(B,C), r_subst_3(B,E).
(r7) great_ne(A,B) :- x_subst(A,C,D), alk_groups(A,C), ring_subst_6(B,E), flex(D,F).
(r8) great_ne(A,B) :- size(C,F), ring_subst_3(B,C), size(C,E), x_subst(A,D,C).
(r9) great_ne(A,B) :- polar(D,F), r_subst_3(B,C), ring_subst_3(B,D), ring_subst_6(A,E).
(r10) great_ne(A,B) :- inv1(A,C,A,C), ring_subst_3(B,C), ring_subst_4(A,D).
(r11) great_ne(A,B) :- flex(D,F), h_acceptor(D,E), r_subst_1(B,C), ring_subst_4(A,D).
(r12) great_ne(A,B) :- x_subst(B,D,C), ring_subst_2(A,F), pi_acceptor(F,E), n_val(A,D).
(r13) great_ne(A,B) :- r_subst_3(A,E), ring_subst_6(B,F), r_subst_2(B,C), flex(F,D).
(r14) great_ne(A,B) :- alk_groups(B,D), x_subst(B,C,E), alk_groups(A,D), pi_acceptor(E,F).
(r15) great_ne(A,B) :- inv2(A,D,A,C,F,A,C,E), ring_subst_6(B,F).
(r16) great_ne(A,B) :- inv2(A,D,B,E,F,B,E,F), polarisable(F,C), ring_subst_5(A,F).
(r17) great_ne(A,B) :- ring_substitutions(A,F), gt(E,F), x_subst(B,E,C), h_doner(C,D).
(r18) great_ne(A,B) :- r_subst_3(B,C), ring_subst_5(A,D), ring_subst_4(A,F), flex(D,E).
(r19) great_ne(A,B) :- inv1(B,C,B,E), x_subst(B,D,E), r_subst_2(A,F).
(r20) great_ne(A,B) :- h_acceptor(E,F), ring_subst_3(B,C), h_acceptor(C,D), ring_subst_6(A,E).
(r21) great_ne(A,B) :- ring_subst_6(A,F), r_subst_2(B,E), ring_subst_4(A,C), ring_subst_4(A,D).
(r22) great_ne(A,B) :- alk_groups(B,D), ring_subst_6(A,F), ring_subst_6(B,E), r_subst_1(B,C).
(r23) great_ne(A,B) :- ring_subst_6(A,C), ring_substitutions(A,D), alk_groups(B,E), ring_subst_6(B,C).
(r24) great_ne(A,B) :- polar(F,C), ring_subst_5(B,E), ring_subst_4(B,F), alk_groups(A,D).
(r25) great_ne(A,B) :- alk_groups(B,E), alk_groups(A,D), x_subst(B,E,C), r_subst_3(A,D).
(r26) great_ne(A,B) :- ring_subst_5(A,F), h_doner(F,E), polarisable(F,D), r_subst_1(B,C).
(r27) great_ne(A,B) :- ring_subst_3(B,F), r_subst_2(A,E), sigma(F,C), polar(F,D).
(r28) great_ne(A,B) :- ring_subst_2(A,E), r_subst_3(B,F), pi_doner(E,C), r_subst_3(A,D).
(r29) great_ne(A,B) :- ring_substitutions(A,D), x_subst(B,C,F), ring_subst_6(A,E), ring_subst_3(A,E).
(r30) great_ne(A,B) :- ring_subst_5(A,C), n_val(B,E), pi_doner(C,D), ring_subst_4(B,F).
(r31) great_ne(A,B) :- inv2(A,F,A,D,E,B,C,F).
(r32) great_ne(A,B) :- ring_subst_6(B,E), r_subst_3(B,D), r_subst_1(B,C), ring_subst_6(A,E).
(r33) great_ne(A,B) :- ring_subst_3(A,E), ring_subst_2(B,C), n_val(B,D), ring_subst_4(B,C).
(r34) great_ne(A,B) :- h_acceptor(C,F), ring_subst_6(A,D), ring_subst_2(A,C), r_subst_3(B,E).
(r35) great_ne(A,B) :- inv2(B,E,B,D,C,B,D,C), r_subst_3(A,F), ring_subst_5(B,E).
(r36) great_ne(A,B) :- n_val(A,C), ring_substitutions(B,D), r_subst_1(A,E), ring_subst_4(A,F).
(r37) great_ne(A,B) :- x_subst(A,D,E), n_val(A,C), ring_subst_5(B,E), gt(C,F).
(r38) great_ne(A,B) :- n_val(A,E), ring_subst_2(B,C), alk_groups(A,E), ring_subst_3(B,D).
(r39) great_ne(A,B) :- ring_subst_6(B,F), n_val(B,E), ring_subst_6(A,D), gt(E,C).
(r40) great_ne(A,B) :- inv1(B,D,A,F), ring_substitutions(B,E), gt(E,C).
(r41) great_ne(A,B) :- ring_subst_4(B,E), flex(E,F), r_subst_3(A,D), h_acceptor(E,C).
(r42) great_ne(A,B) :- x_subst(A,C,F), r_subst_3(A,C), flex(F,D), r_subst_3(B,E).
(r43) great_ne(A,B) :- inv2(A,F,A,C,E,A,C,E), r_subst_2(A,D), alk_groups(B,C).
(r44) great_ne(A,B) :- ring_subst_3(A,E), ring_subst_3(B,C), r_subst_3(A,D), size(E,F).
(r45) great_ne(A,B) :- inv2(B,D,A,E,C,B,E,C), ring_substitutions(A,F).
(r46) great_ne(A,B) :- ring_subst_5(A,E), ring_subst_6(B,D), sigma(E,F), r_subst_2(A,C).
(r47) great_ne(A,B) :- gt(C,D), n_val(A,C), ring_subst_6(B,E), r_subst_1(B,F).
(r48) great_ne(A,B) :- inv1(A,F,B,E), r_subst_2(B,C), x_subst(B,D,E).
(r49) great_ne(A,B) :- r_subst_3(B,F), ring_subst_3(B,D), r_subst_1(A,C), flex(D,E).
(r50) great_ne(A,B) :- alk_groups(B,E), gt(C,E), r_subst_3(A,D), gt(E,C).
(r51) great_ne(A,B) :- pi_doner(C,E), r_subst_3(A,F), ring_subst_3(B,C), x_subst(A,D,C).
(r52) great_ne(A,B) :- x_subst(A,D,E), ring_subst_3(B,E), x_subst(A,C,E), pi_acceptor(E,F).
(r53) great_ne(A,B) :- pi_acceptor(E,C), x_subst(B,D,E), n_val(B,D), r_subst_3(A,D).
(r54) great_ne(A,B) :- inv1(A,D,A,E), size(E,F), ring_subst_6(B,C).
(r55) great_ne(A,B) :- inv1(B,E,A,F), polarisable(F,C), ring_subst_6(B,D).
(r56) great_ne(A,B) :- ring_substitutions(A,C), ring_subst_2(A,D), x_subst(B,C,D), ring_substitutions(B,C).
(r57) great_ne(A,B) :- ring_substitutions(B,E), r_subst_3(A,F), ring_subst_3(A,C), r_subst_3(A,D).
(r58) great_ne(A,B) :- inv2(B,F,A,E,F,A,E,F), r_subst_1(A,D), pi_doner(F,C).
(r59) great_ne(A,B) :- n_val(A,D), gt(E,C), ring_substitutions(B,E), r_subst_3(B,E).
(r60) great_ne(A,B) :- ring_subst_6(A,C), ring_subst_6(B,D), ring_subst_2(A,F), polarisable(C,E).
====================
