number of rules: 90
program size: 446
(r1) great_ne(A,B) :- x_subst(B,E,D), ring_subst_2(B,C), ring_subst_2(B,F), ring_subst_4(A,D).
(r2) great_ne(A,B) :- x_subst(A,D,E), ring_subst_2(A,E), ring_subst_4(A,C), ring_subst_6(B,E).
(r3) great_ne(A,B) :- r_subst_3(A,C), r_subst_1(A,E), ring_subst_2(A,F), ring_subst_5(B,D).
(r4) great_ne(A,B) :- ring_subst_5(B,D), gt(C,E), x_subst(A,E,D), gt(E,C).
(r5) great_ne(A,B) :- x_subst(A,D,E), h_acceptor(C,F), ring_subst_2(A,C), x_subst(B,D,E).
(r6) great_ne(A,B) :- x_subst(A,C,F), ring_subst_2(A,E), x_subst(B,D,F), x_subst(A,C,E).
(r7) great_ne(A,B) :- ring_subst_6(A,D), n_val(B,F), h_doner(D,C), h_acceptor(D,E).
(r8) great_ne(A,B) :- ring_subst_6(B,D), n_val(A,F), r_subst_1(A,C), ring_subst_6(A,E).
(r9) great_ne(A,B) :- n_val(A,D), ring_subst_3(B,C), x_subst(B,E,F), r_subst_3(B,E).
(r10) great_ne(A,B) :- ring_subst_6(B,F), ring_subst_4(B,E), x_subst(B,D,E), r_subst_1(A,C).
(r11) great_ne(A,B) :- ring_subst_3(B,E), polar(E,F), polar(E,C), ring_subst_2(A,D).
(r12) great_ne(A,B) :- ring_subst_2(A,E), size(E,D), h_acceptor(E,F), ring_subst_6(B,C).
(r13) great_ne(A,B) :- x_subst(A,C,F), r_subst_2(B,D), size(F,E).
(r14) great_ne(A,B) :- polarisable(E,F), r_subst_3(B,D), ring_subst_5(A,E), ring_subst_6(B,C).
(r15) great_ne(A,B) :- x_subst(A,F,D), ring_subst_6(B,E), x_subst(A,F,E), r_subst_2(B,C).
(r16) great_ne(A,B) :- ring_subst_5(A,D), ring_subst_3(B,D), x_subst(B,C,D), ring_subst_6(A,E).
(r17) great_ne(A,B) :- polarisable(E,F), x_subst(B,D,C), alk_groups(A,D), ring_subst_3(A,E).
(r18) great_ne(A,B) :- r_subst_1(B,D), ring_subst_5(A,C), ring_subst_6(B,E), pi_acceptor(E,F).
(r19) great_ne(A,B) :- h_acceptor(F,D), ring_subst_4(B,F), ring_subst_2(A,C), great_h_acc(D,E).
(r20) great_ne(A,B) :- size(E,F), polar(D,C), ring_subst_6(B,E), ring_subst_3(A,D).
(r21) great_ne(A,B) :- h_doner(F,E), ring_subst_3(B,F), r_subst_1(A,C), n_val(A,D).
(r22) great_ne(A,B) :- ring_subst_5(A,F), h_doner(F,C), ring_subst_6(B,E), n_val(B,D).
(r23) great_ne(A,B) :- ring_subst_2(B,F), size(D,E), ring_subst_5(B,C), ring_subst_3(A,D).
(r24) great_ne(A,B) :- ring_subst_6(A,C), ring_subst_4(B,E), great_h_don(D,F), h_doner(E,D).
(r25) great_ne(A,B) :- polar(E,F), ring_subst_6(A,D), x_subst(A,C,E), ring_substitutions(B,C).
(r26) great_ne(A,B) :- ring_substitutions(A,C), x_subst(A,D,E), ring_subst_3(A,E), ring_subst_4(B,F).
(r27) great_ne(A,B) :- ring_subst_5(B,E), ring_subst_2(A,C), x_subst(B,D,E), ring_subst_5(B,C).
(r28) great_ne(A,B) :- ring_substitutions(A,C), r_subst_2(A,E), r_subst_3(A,D), r_subst_1(B,F).
(r29) great_ne(A,B) :- r_subst_1(B,D), ring_subst_3(A,E), n_val(B,C), ring_subst_3(B,F).
(r30) great_ne(A,B) :- ring_subst_6(A,C), ring_subst_5(B,D), x_subst(B,F,E), ring_subst_4(A,D).
(r31) great_ne(A,B) :- ring_subst_3(A,E), h_acceptor(C,F), polarisable(E,D), ring_subst_6(B,C).
(r32) great_ne(A,B) :- size(D,F), x_subst(A,C,D), gt(E,C), r_subst_3(B,E).
(r33) great_ne(A,B) :- pi_doner(F,C), ring_subst_5(A,F), ring_subst_3(B,D), h_acceptor(D,E).
(r34) great_ne(A,B) :- ring_subst_3(A,E), ring_subst_4(B,C), ring_subst_3(B,D), alk_groups(A,F).
(r35) great_ne(A,B) :- ring_subst_4(B,E), ring_substitutions(B,D), n_val(A,C), ring_subst_5(A,E).
(r36) great_ne(A,B) :- n_val(B,E), x_subst(A,E,C), ring_subst_2(B,C), ring_subst_3(A,D).
(r37) great_ne(A,B) :- ring_subst_5(A,E), ring_subst_6(B,D), x_subst(A,F,C), alk_groups(B,F).
(r38) great_ne(A,B) :- ring_subst_5(B,F), x_subst(A,C,D), ring_subst_3(B,F), h_acceptor(D,E).
(r39) great_ne(A,B) :- ring_subst_4(B,E), flex(E,C), x_subst(A,D,F), ring_subst_3(A,F).
(r40) great_ne(A,B) :- alk_groups(A,E), r_subst_1(B,C), ring_subst_2(B,D), ring_subst_3(A,D).
(r41) great_ne(A,B) :- ring_subst_6(B,F), r_subst_3(A,C), polar(D,E), ring_subst_3(B,D).
(r42) great_ne(A,B) :- pi_acceptor(E,F), ring_substitutions(B,D), ring_subst_6(A,E), ring_subst_5(B,C).
(r43) great_ne(A,B) :- ring_subst_3(A,E), ring_subst_6(B,D), r_subst_1(B,C).
(r44) great_ne(A,B) :- ring_subst_6(B,F), ring_substitutions(A,D), x_subst(A,E,C), ring_subst_5(B,C).
(r45) great_ne(A,B) :- ring_subst_5(B,F), x_subst(B,E,D), ring_subst_6(A,F), r_subst_1(A,C).
(r46) great_ne(A,B) :- r_subst_2(B,D), ring_subst_3(B,C), ring_subst_4(A,F), ring_substitutions(A,E).
(r47) great_ne(A,B) :- x_subst(B,C,E), r_subst_3(B,F), ring_subst_6(A,E), ring_subst_4(A,D).
(r48) great_ne(A,B) :- ring_subst_6(A,D), n_val(B,F), ring_subst_2(B,C), alk_groups(A,E).
(r49) great_ne(A,B) :- ring_subst_2(A,E), x_subst(B,D,C), pi_doner(C,F), ring_subst_6(B,E).
(r50) great_ne(A,B) :- pi_doner(C,F), ring_subst_3(A,C), ring_subst_2(B,D), flex(D,E).
(r51) great_ne(A,B) :- ring_subst_2(A,D), r_subst_1(B,E), alk_groups(B,F), ring_substitutions(B,C).
(r52) great_ne(A,B) :- h_doner(D,C), x_subst(A,F,E), ring_subst_6(B,E), ring_subst_2(B,D).
(r53) great_ne(A,B) :- ring_subst_4(A,F), h_doner(C,E), ring_subst_2(B,C), r_subst_3(A,D).
(r54) great_ne(A,B) :- h_acceptor(D,C), alk_groups(A,E), ring_subst_2(B,D), ring_subst_4(A,D).
(r55) great_ne(A,B) :- r_subst_2(B,D), ring_subst_5(B,E), x_subst(A,F,C), alk_groups(B,F).
(r56) great_ne(A,B) :- ring_subst_5(A,D), flex(D,C), ring_subst_4(B,D), ring_substitutions(A,E).
(r57) great_ne(A,B) :- polarisable(D,F), ring_subst_5(B,D), n_val(A,C), ring_substitutions(B,E).
(r58) great_ne(A,B) :- r_subst_2(B,D), ring_subst_4(A,F), ring_substitutions(A,E), h_acceptor(F,C).
(r59) great_ne(A,B) :- ring_subst_5(B,E), ring_subst_3(B,F), x_subst(A,C,E), polar(E,D).
(r60) great_ne(A,B) :- r_subst_2(A,D), ring_subst_3(B,E), ring_subst_3(B,C), ring_subst_4(A,F).
(r61) great_ne(A,B) :- pi_acceptor(E,C), ring_substitutions(B,D), x_subst(A,F,E), ring_subst_5(A,E).
(r62) great_ne(A,B) :- r_subst_1(B,D), x_subst(A,F,E), gt(F,C).
(r63) great_ne(A,B) :- ring_substitutions(A,D), ring_subst_3(B,C), n_val(B,F), ring_subst_6(A,E).
(r64) great_ne(A,B) :- r_subst_2(B,E), r_subst_2(A,E), ring_subst_2(B,D), ring_substitutions(B,C).
(r65) great_ne(A,B) :- ring_subst_4(A,E), r_subst_3(B,F), r_subst_3(B,D), r_subst_1(A,C).
(r66) great_ne(A,B) :- pi_doner(C,F), x_subst(A,E,C), alk_groups(B,E), flex(C,D).
(r67) great_ne(A,B) :- ring_subst_2(B,E), pi_acceptor(D,C), pi_acceptor(E,C), ring_subst_3(A,D).
(r68) great_ne(A,B) :- x_subst(B,D,F), ring_substitutions(A,D), ring_subst_4(A,F), x_subst(A,C,E).
(r69) great_ne(A,B) :- r_subst_3(B,C), ring_subst_3(A,E), r_subst_3(B,D), n_val(A,D).
(r70) great_ne(A,B) :- r_subst_3(B,C), ring_subst_5(A,D), ring_subst_4(B,F), pi_doner(F,E).
(r71) great_ne(A,B) :- pi_acceptor(F,C), ring_subst_2(B,F), ring_subst_2(B,D), ring_substitutions(A,E).
(r72) great_ne(A,B) :- ring_subst_5(A,F), r_subst_1(A,D), ring_subst_3(B,F), x_subst(A,C,E).
(r73) great_ne(A,B) :- size(C,F), ring_subst_4(A,E), n_val(B,D), ring_subst_6(B,C).
(r74) great_ne(A,B) :- alk_groups(B,D), ring_substitutions(A,F), ring_subst_2(A,E), h_doner(E,C).
(r75) great_ne(A,B) :- ring_subst_6(A,D), r_subst_3(A,F), ring_subst_3(B,C), ring_subst_6(B,E).
(r76) great_ne(A,B) :- r_subst_1(B,D), n_val(B,F), n_val(A,C), x_subst(A,C,E).
(r77) great_ne(A,B) :- pi_doner(E,C), ring_subst_4(A,E), ring_subst_5(B,E), n_val(A,D).
(r78) great_ne(A,B) :- ring_subst_6(A,D), r_subst_2(B,E), r_subst_2(B,C).
(r79) great_ne(A,B) :- ring_subst_5(A,C), ring_subst_6(A,D), ring_subst_5(B,F), ring_substitutions(B,E).
(r80) great_ne(A,B) :- ring_substitutions(B,F), r_subst_1(A,E), x_subst(B,C,D), alk_groups(B,F).
(r81) great_ne(A,B) :- ring_subst_5(B,D), ring_subst_6(A,D), r_subst_1(B,C), ring_subst_4(B,D).
(r82) great_ne(A,B) :- ring_subst_5(A,C), ring_subst_2(A,E), x_subst(A,F,E), ring_subst_5(B,D).
(r83) great_ne(A,B) :- size(F,C), x_subst(A,D,E), ring_subst_2(B,F), ring_subst_6(A,E).
(r84) great_ne(A,B) :- ring_subst_6(A,F), x_subst(B,E,D), ring_subst_5(A,D), r_subst_2(A,C).
(r85) great_ne(A,B) :- h_doner(E,D), ring_subst_2(B,E), r_subst_3(A,F), r_subst_2(A,C).
(r86) great_ne(A,B) :- n_val(B,E), ring_subst_6(B,D), x_subst(A,F,C), alk_groups(B,F).
(r87) great_ne(A,B) :- n_val(A,F), ring_subst_2(B,D), x_subst(B,C,D), ring_substitutions(A,E).
(r88) great_ne(A,B) :- ring_subst_3(B,E), ring_subst_6(B,D), n_val(B,F), n_val(A,C).
(r89) great_ne(A,B) :- r_subst_3(B,F), r_subst_3(B,D), r_subst_3(A,D), x_subst(B,E,C).
(r90) great_ne(A,B) :- x_subst(B,D,F), alk_groups(B,E), size(F,C), n_val(A,D).
====================
MaxSAT solving... (3106 vars, 21574 hard, 970 soft)
number of rules: 92
program size: 427
(inv1) inv1(X1,X2,X3,X4,X5,X6,X7) :- ring_subst_5(X1,X2), ring_subst_5(X3,X4), x_subst(X5,X6,X7).
(inv2) inv2(X1,X2,X3,X4,X5,X6,X7,X8,X9,X10,X11) :- ring_subst_2(X1,X2), x_subst(X3,X4,X5), x_subst(X6,X7,X8), x_subst(X9,X10,X11).
(r1) great_ne(A,B) :- inv2(B,C,B,E,D,B,E,D,B,E,D), ring_subst_2(B,F), ring_subst_4(A,D).
(r2) great_ne(A,B) :- inv2(A,E,A,D,E,A,D,E,A,D,E), ring_subst_4(A,C), ring_subst_6(B,E).
(r3) great_ne(A,B) :- r_subst_3(A,C), r_subst_1(A,E), ring_subst_2(A,F), ring_subst_5(B,D).
(r4) great_ne(A,B) :- inv1(B,D,B,D,A,E,D), gt(C,E), gt(E,C).
(r5) great_ne(A,B) :- inv2(A,C,A,D,E,B,D,E,A,D,E), h_acceptor(C,F).
(r6) great_ne(A,B) :- inv2(A,E,A,C,F,B,D,F,A,C,E).
(r7) great_ne(A,B) :- ring_subst_6(A,D), n_val(B,F), h_doner(D,C), h_acceptor(D,E).
(r8) great_ne(A,B) :- ring_subst_6(B,D), n_val(A,F), r_subst_1(A,C), ring_subst_6(A,E).
(r9) great_ne(A,B) :- n_val(A,D), ring_subst_3(B,C), x_subst(B,E,F), r_subst_3(B,E).
(r10) great_ne(A,B) :- ring_subst_6(B,F), ring_subst_4(B,E), x_subst(B,D,E), r_subst_1(A,C).
(r11) great_ne(A,B) :- ring_subst_3(B,E), polar(E,F), polar(E,C), ring_subst_2(A,D).
(r12) great_ne(A,B) :- ring_subst_2(A,E), size(E,D), h_acceptor(E,F), ring_subst_6(B,C).
(r13) great_ne(A,B) :- x_subst(A,C,F), r_subst_2(B,D), size(F,E).
(r14) great_ne(A,B) :- polarisable(E,F), r_subst_3(B,D), ring_subst_5(A,E), ring_subst_6(B,C).
(r15) great_ne(A,B) :- x_subst(A,F,D), ring_subst_6(B,E), x_subst(A,F,E), r_subst_2(B,C).
(r16) great_ne(A,B) :- inv1(A,D,A,D,B,C,D), ring_subst_3(B,D), ring_subst_6(A,E).
(r17) great_ne(A,B) :- polarisable(E,F), x_subst(B,D,C), alk_groups(A,D), ring_subst_3(A,E).
(r18) great_ne(A,B) :- r_subst_1(B,D), ring_subst_5(A,C), ring_subst_6(B,E), pi_acceptor(E,F).
(r19) great_ne(A,B) :- h_acceptor(F,D), ring_subst_4(B,F), ring_subst_2(A,C), great_h_acc(D,E).
(r20) great_ne(A,B) :- size(E,F), polar(D,C), ring_subst_6(B,E), ring_subst_3(A,D).
(r21) great_ne(A,B) :- h_doner(F,E), ring_subst_3(B,F), r_subst_1(A,C), n_val(A,D).
(r22) great_ne(A,B) :- ring_subst_5(A,F), h_doner(F,C), ring_subst_6(B,E), n_val(B,D).
(r23) great_ne(A,B) :- ring_subst_2(B,F), size(D,E), ring_subst_5(B,C), ring_subst_3(A,D).
(r24) great_ne(A,B) :- ring_subst_6(A,C), ring_subst_4(B,E), great_h_don(D,F), h_doner(E,D).
(r25) great_ne(A,B) :- polar(E,F), ring_subst_6(A,D), x_subst(A,C,E), ring_substitutions(B,C).
(r26) great_ne(A,B) :- ring_substitutions(A,C), x_subst(A,D,E), ring_subst_3(A,E), ring_subst_4(B,F).
(r27) great_ne(A,B) :- inv1(B,E,B,C,B,D,E), ring_subst_2(A,C).
(r28) great_ne(A,B) :- ring_substitutions(A,C), r_subst_2(A,E), r_subst_3(A,D), r_subst_1(B,F).
(r29) great_ne(A,B) :- r_subst_1(B,D), ring_subst_3(A,E), n_val(B,C), ring_subst_3(B,F).
(r30) great_ne(A,B) :- inv1(B,D,B,D,B,F,E), ring_subst_6(A,C), ring_subst_4(A,D).
(r31) great_ne(A,B) :- ring_subst_3(A,E), h_acceptor(C,F), polarisable(E,D), ring_subst_6(B,C).
(r32) great_ne(A,B) :- size(D,F), x_subst(A,C,D), gt(E,C), r_subst_3(B,E).
(r33) great_ne(A,B) :- pi_doner(F,C), ring_subst_5(A,F), ring_subst_3(B,D), h_acceptor(D,E).
(r34) great_ne(A,B) :- ring_subst_3(A,E), ring_subst_4(B,C), ring_subst_3(B,D), alk_groups(A,F).
(r35) great_ne(A,B) :- ring_subst_4(B,E), ring_substitutions(B,D), n_val(A,C), ring_subst_5(A,E).
(r36) great_ne(A,B) :- inv2(B,C,A,E,C,A,E,C,A,E,C), n_val(B,E), ring_subst_3(A,D).
(r37) great_ne(A,B) :- inv1(A,E,A,E,A,F,C), ring_subst_6(B,D), alk_groups(B,F).
(r38) great_ne(A,B) :- inv1(B,F,B,F,A,C,D), ring_subst_3(B,F), h_acceptor(D,E).
(r39) great_ne(A,B) :- ring_subst_4(B,E), flex(E,C), x_subst(A,D,F), ring_subst_3(A,F).
(r40) great_ne(A,B) :- alk_groups(A,E), r_subst_1(B,C), ring_subst_2(B,D), ring_subst_3(A,D).
(r41) great_ne(A,B) :- ring_subst_6(B,F), r_subst_3(A,C), polar(D,E), ring_subst_3(B,D).
(r42) great_ne(A,B) :- pi_acceptor(E,F), ring_substitutions(B,D), ring_subst_6(A,E), ring_subst_5(B,C).
(r43) great_ne(A,B) :- ring_subst_3(A,E), ring_subst_6(B,D), r_subst_1(B,C).
(r44) great_ne(A,B) :- inv1(B,C,B,C,A,E,C), ring_subst_6(B,F), ring_substitutions(A,D).
(r45) great_ne(A,B) :- inv1(B,F,B,F,B,E,D), ring_subst_6(A,F), r_subst_1(A,C).
(r46) great_ne(A,B) :- r_subst_2(B,D), ring_subst_3(B,C), ring_subst_4(A,F), ring_substitutions(A,E).
(r47) great_ne(A,B) :- x_subst(B,C,E), r_subst_3(B,F), ring_subst_6(A,E), ring_subst_4(A,D).
(r48) great_ne(A,B) :- ring_subst_6(A,D), n_val(B,F), ring_subst_2(B,C), alk_groups(A,E).
(r49) great_ne(A,B) :- inv2(A,E,B,D,C,B,D,C,B,D,C), pi_doner(C,F), ring_subst_6(B,E).
(r50) great_ne(A,B) :- pi_doner(C,F), ring_subst_3(A,C), ring_subst_2(B,D), flex(D,E).
(r51) great_ne(A,B) :- ring_subst_2(A,D), r_subst_1(B,E), alk_groups(B,F), ring_substitutions(B,C).
(r52) great_ne(A,B) :- inv2(B,D,A,F,E,A,F,E,A,F,E), h_doner(D,C), ring_subst_6(B,E).
(r53) great_ne(A,B) :- ring_subst_4(A,F), h_doner(C,E), ring_subst_2(B,C), r_subst_3(A,D).
(r54) great_ne(A,B) :- h_acceptor(D,C), alk_groups(A,E), ring_subst_2(B,D), ring_subst_4(A,D).
(r55) great_ne(A,B) :- inv1(B,E,B,E,A,F,C), r_subst_2(B,D), alk_groups(B,F).
(r56) great_ne(A,B) :- ring_subst_5(A,D), flex(D,C), ring_subst_4(B,D), ring_substitutions(A,E).
(r57) great_ne(A,B) :- polarisable(D,F), ring_subst_5(B,D), n_val(A,C), ring_substitutions(B,E).
(r58) great_ne(A,B) :- r_subst_2(B,D), ring_subst_4(A,F), ring_substitutions(A,E), h_acceptor(F,C).
(r59) great_ne(A,B) :- inv1(B,E,B,E,A,C,E), ring_subst_3(B,F), polar(E,D).
(r60) great_ne(A,B) :- r_subst_2(A,D), ring_subst_3(B,E), ring_subst_3(B,C), ring_subst_4(A,F).
(r61) great_ne(A,B) :- inv1(A,E,A,E,A,F,E), pi_acceptor(E,C), ring_substitutions(B,D).
(r62) great_ne(A,B) :- r_subst_1(B,D), x_subst(A,F,E), gt(F,C).
(r63) great_ne(A,B) :- ring_substitutions(A,D), ring_subst_3(B,C), n_val(B,F), ring_subst_6(A,E).
(r64) great_ne(A,B) :- r_subst_2(B,E), r_subst_2(A,E), ring_subst_2(B,D), ring_substitutions(B,C).
(r65) great_ne(A,B) :- ring_subst_4(A,E), r_subst_3(B,F), r_subst_3(B,D), r_subst_1(A,C).
(r66) great_ne(A,B) :- pi_doner(C,F), x_subst(A,E,C), alk_groups(B,E), flex(C,D).
(r67) great_ne(A,B) :- ring_subst_2(B,E), pi_acceptor(D,C), pi_acceptor(E,C), ring_subst_3(A,D).
(r68) great_ne(A,B) :- x_subst(B,D,F), ring_substitutions(A,D), ring_subst_4(A,F), x_subst(A,C,E).
(r69) great_ne(A,B) :- r_subst_3(B,C), ring_subst_3(A,E), r_subst_3(B,D), n_val(A,D).
(r70) great_ne(A,B) :- r_subst_3(B,C), ring_subst_5(A,D), ring_subst_4(B,F), pi_doner(F,E).
(r71) great_ne(A,B) :- pi_acceptor(F,C), ring_subst_2(B,F), ring_subst_2(B,D), ring_substitutions(A,E).
(r72) great_ne(A,B) :- inv1(A,F,A,F,A,C,E), r_subst_1(A,D), ring_subst_3(B,F).
(r73) great_ne(A,B) :- size(C,F), ring_subst_4(A,E), n_val(B,D), ring_subst_6(B,C).
(r74) great_ne(A,B) :- alk_groups(B,D), ring_substitutions(A,F), ring_subst_2(A,E), h_doner(E,C).
(r75) great_ne(A,B) :- ring_subst_6(A,D), r_subst_3(A,F), ring_subst_3(B,C), ring_subst_6(B,E).
(r76) great_ne(A,B) :- r_subst_1(B,D), n_val(B,F), n_val(A,C), x_subst(A,C,E).
(r77) great_ne(A,B) :- pi_doner(E,C), ring_subst_4(A,E), ring_subst_5(B,E), n_val(A,D).
(r78) great_ne(A,B) :- ring_subst_6(A,D), r_subst_2(B,E), r_subst_2(B,C).
(r79) great_ne(A,B) :- ring_subst_5(A,C), ring_subst_6(A,D), ring_subst_5(B,F), ring_substitutions(B,E).
(r80) great_ne(A,B) :- ring_substitutions(B,F), r_subst_1(A,E), x_subst(B,C,D), alk_groups(B,F).
(r81) great_ne(A,B) :- ring_subst_5(B,D), ring_subst_6(A,D), r_subst_1(B,C), ring_subst_4(B,D).
(r82) great_ne(A,B) :- inv1(A,C,B,D,A,F,E), ring_subst_2(A,E).
(r83) great_ne(A,B) :- inv2(B,F,A,D,E,A,D,E,A,D,E), size(F,C), ring_subst_6(A,E).
(r84) great_ne(A,B) :- inv1(A,D,A,D,B,E,D), ring_subst_6(A,F), r_subst_2(A,C).
(r85) great_ne(A,B) :- h_doner(E,D), ring_subst_2(B,E), r_subst_3(A,F), r_subst_2(A,C).
(r86) great_ne(A,B) :- n_val(B,E), ring_subst_6(B,D), x_subst(A,F,C), alk_groups(B,F).
(r87) great_ne(A,B) :- inv2(B,D,B,C,D,B,C,D,B,C,D), n_val(A,F), ring_substitutions(A,E).
(r88) great_ne(A,B) :- ring_subst_3(B,E), ring_subst_6(B,D), n_val(B,F), n_val(A,C).
(r89) great_ne(A,B) :- r_subst_3(B,F), r_subst_3(B,D), r_subst_3(A,D), x_subst(B,E,C).
(r90) great_ne(A,B) :- x_subst(B,D,F), alk_groups(B,E), size(F,C), n_val(A,D).
====================
