number of rules: 50
program size: 249
(r1) great(A,B) :- ring_subst_4(B,E), h_doner(C,D), ring_subst_3(A,C), n_val(A,F).
(r2) great(A,B) :- ring_subst_6(B,F), ring_subst_3(B,F), x_subst(A,D,C), r_subst_3(B,E).
(r3) great(A,B) :- polar(D,C), r_subst_1(A,E), ring_substitutions(A,F), ring_subst_2(B,D).
(r4) great(A,B) :- alk_groups(B,C), ring_subst_5(A,E), polarisable(E,F), ring_subst_4(A,D).
(r5) great(A,B) :- r_subst_3(B,C), ring_subst_4(A,D), alk_groups(A,F), ring_substitutions(B,E).
(r6) great(A,B) :- ring_subst_6(B,C), ring_subst_4(B,C), x_subst(A,F,E), pi_acceptor(C,D).
(r7) great(A,B) :- r_subst_1(A,D), ring_subst_5(B,C), r_subst_2(A,E).
(r8) great(A,B) :- x_subst(B,C,E), ring_subst_4(B,D), ring_subst_2(A,D), ring_subst_5(B,F).
(r9) great(A,B) :- ring_subst_2(A,C), alk_groups(B,D), ring_substitutions(B,D), n_val(B,D).
(r10) great(A,B) :- x_subst(A,E,C), ring_substitutions(A,E), ring_subst_4(B,F), r_subst_1(B,D).
(r11) great(A,B) :- alk_groups(B,F), h_acceptor(E,C), great_h_acc(C,D), ring_subst_3(A,E).
(r12) great(A,B) :- x_subst(A,C,D), x_subst(B,C,F), n_val(A,E), alk_groups(A,E).
(r13) great(A,B) :- n_val(B,E), ring_subst_3(A,F), x_subst(B,C,D), ring_subst_2(A,D).
(r14) great(A,B) :- x_subst(A,D,E), pi_doner(E,C), ring_subst_2(B,E), r_subst_1(B,F).
(r15) great(A,B) :- r_subst_2(A,D), r_subst_1(B,C), sigma(E,F), ring_subst_4(B,E).
(r16) great(A,B) :- ring_subst_3(B,E), flex(E,F), n_val(A,C), ring_subst_6(B,D).
(r17) great(A,B) :- sigma(F,E), ring_subst_4(B,C), r_subst_3(B,D), ring_subst_3(A,F).
(r18) great(A,B) :- x_subst(A,F,D), ring_subst_3(B,C), ring_subst_2(A,C), alk_groups(A,E).
(r19) great(A,B) :- alk_groups(A,D), ring_subst_3(A,C), x_subst(B,D,E), ring_subst_4(A,E).
(r20) great(A,B) :- ring_subst_6(B,E), x_subst(A,C,D), ring_subst_4(B,D), polar(E,F).
(r21) great(A,B) :- ring_subst_3(B,E), n_val(B,F), x_subst(A,C,E), gt(F,D).
(r22) great(A,B) :- ring_subst_6(B,C), polar(C,E), ring_subst_4(B,D), r_subst_1(A,F).
(r23) great(A,B) :- n_val(A,E), ring_subst_6(B,C), ring_subst_5(A,C), x_subst(B,D,F).
(r24) great(A,B) :- flex(F,D), ring_subst_6(B,C), ring_subst_6(A,F), polar(C,E).
(r25) great(A,B) :- pi_acceptor(D,E), ring_subst_6(B,C), ring_subst_2(B,D), ring_subst_5(A,D).
(r26) great(A,B) :- x_subst(B,D,C), ring_subst_5(A,C), r_subst_3(A,D), r_subst_3(A,E).
(r27) great(A,B) :- pi_acceptor(E,C), ring_subst_3(A,E), alk_groups(B,D), ring_subst_5(A,F).
(r28) great(A,B) :- ring_subst_3(B,E), ring_substitutions(B,F), ring_substitutions(A,F), x_subst(B,C,D).
(r29) great(A,B) :- ring_substitutions(B,E), ring_subst_5(B,C), n_val(A,F), r_subst_2(B,D).
(r30) great(A,B) :- x_subst(B,D,C), ring_subst_4(B,C), r_subst_3(A,D), alk_groups(A,E).
(r31) great(A,B) :- polar(E,C), r_subst_3(B,F), x_subst(A,F,E), flex(E,D).
(r32) great(A,B) :- x_subst(A,C,D), r_subst_1(B,E), ring_subst_6(A,D), ring_subst_4(A,D).
(r33) great(A,B) :- r_subst_3(A,C), ring_substitutions(B,C), ring_substitutions(A,E), n_val(B,D).
(r34) great(A,B) :- r_subst_3(A,C), alk_groups(A,D), polarisable(F,E), x_subst(B,D,F).
(r35) great(A,B) :- ring_subst_2(A,E), ring_subst_6(B,C), alk_groups(B,D), x_subst(B,D,F).
(r36) great(A,B) :- pi_acceptor(E,C), alk_groups(B,F), ring_subst_2(A,E), ring_subst_4(A,D).
(r37) great(A,B) :- alk_groups(A,C), ring_substitutions(B,C), flex(F,D), x_subst(A,E,F).
(r38) great(A,B) :- x_subst(A,F,E), x_subst(B,F,D), ring_substitutions(A,C), ring_subst_5(A,D).
(r39) great(A,B) :- ring_subst_3(A,E), alk_groups(B,D), r_subst_2(B,C), ring_subst_3(A,F).
(r40) great(A,B) :- ring_subst_3(A,C), sigma(C,D), ring_subst_2(B,F), pi_doner(C,E).
(r41) great(A,B) :- r_subst_3(B,C), n_val(B,E), n_val(A,C), ring_subst_6(B,D).
(r42) great(A,B) :- ring_subst_4(B,E), flex(F,C), ring_subst_5(A,F), ring_subst_3(B,D).
(r43) great(A,B) :- ring_subst_2(B,D), r_subst_2(A,C), ring_subst_6(B,E), pi_doner(D,F).
(r44) great(A,B) :- n_val(A,E), n_val(B,C), ring_substitutions(B,F), ring_subst_6(A,D).
(r45) great(A,B) :- h_acceptor(C,D), x_subst(A,E,C), ring_subst_2(B,F), ring_subst_2(A,F).
(r46) great(A,B) :- n_val(A,E), ring_subst_4(B,C), ring_subst_6(A,F), n_val(A,D).
(r47) great(A,B) :- r_subst_3(A,C), ring_subst_4(A,F), ring_subst_2(B,D), polar(F,E).
(r48) great(A,B) :- r_subst_2(A,D), ring_subst_4(B,F), ring_substitutions(B,E), n_val(A,C).
(r49) great(A,B) :- ring_subst_4(A,C), r_subst_3(A,D), ring_subst_5(B,E), x_subst(B,F,E).
(r50) great(A,B) :- ring_subst_2(B,E), ring_subst_3(B,E), ring_subst_5(A,C), h_acceptor(E,D).
====================
MaxSAT solving... (1255 vars, 6795 hard, 459 soft)
number of rules: 52
program size: 240
(inv1) inv1(X1,X2,X3,X4,X5) :- ring_subst_4(X1,X2), x_subst(X3,X4,X5).
(inv2) inv2(X1,X2,X3,X4,X5,X6) :- ring_subst_6(X1,X2), n_val(X3,X4), n_val(X5,X6).
(r1) great(A,B) :- ring_subst_4(B,E), h_doner(C,D), ring_subst_3(A,C), n_val(A,F).
(r2) great(A,B) :- ring_subst_6(B,F), ring_subst_3(B,F), x_subst(A,D,C), r_subst_3(B,E).
(r3) great(A,B) :- polar(D,C), r_subst_1(A,E), ring_substitutions(A,F), ring_subst_2(B,D).
(r4) great(A,B) :- alk_groups(B,C), ring_subst_5(A,E), polarisable(E,F), ring_subst_4(A,D).
(r5) great(A,B) :- r_subst_3(B,C), ring_subst_4(A,D), alk_groups(A,F), ring_substitutions(B,E).
(r6) great(A,B) :- inv1(B,C,A,F,E), ring_subst_6(B,C), pi_acceptor(C,D).
(r7) great(A,B) :- r_subst_1(A,D), ring_subst_5(B,C), r_subst_2(A,E).
(r8) great(A,B) :- inv1(B,D,B,C,E), ring_subst_2(A,D), ring_subst_5(B,F).
(r9) great(A,B) :- ring_subst_2(A,C), alk_groups(B,D), ring_substitutions(B,D), n_val(B,D).
(r10) great(A,B) :- inv1(B,F,A,E,C), ring_substitutions(A,E), r_subst_1(B,D).
(r11) great(A,B) :- alk_groups(B,F), h_acceptor(E,C), great_h_acc(C,D), ring_subst_3(A,E).
(r12) great(A,B) :- x_subst(A,C,D), x_subst(B,C,F), n_val(A,E), alk_groups(A,E).
(r13) great(A,B) :- n_val(B,E), ring_subst_3(A,F), x_subst(B,C,D), ring_subst_2(A,D).
(r14) great(A,B) :- x_subst(A,D,E), pi_doner(E,C), ring_subst_2(B,E), r_subst_1(B,F).
(r15) great(A,B) :- r_subst_2(A,D), r_subst_1(B,C), sigma(E,F), ring_subst_4(B,E).
(r16) great(A,B) :- inv2(B,D,A,C,A,C), ring_subst_3(B,E), flex(E,F).
(r17) great(A,B) :- sigma(F,E), ring_subst_4(B,C), r_subst_3(B,D), ring_subst_3(A,F).
(r18) great(A,B) :- x_subst(A,F,D), ring_subst_3(B,C), ring_subst_2(A,C), alk_groups(A,E).
(r19) great(A,B) :- inv1(A,E,B,D,E), alk_groups(A,D), ring_subst_3(A,C).
(r20) great(A,B) :- inv1(B,D,A,C,D), ring_subst_6(B,E), polar(E,F).
(r21) great(A,B) :- ring_subst_3(B,E), n_val(B,F), x_subst(A,C,E), gt(F,D).
(r22) great(A,B) :- ring_subst_6(B,C), polar(C,E), ring_subst_4(B,D), r_subst_1(A,F).
(r23) great(A,B) :- inv2(B,C,A,E,A,E), ring_subst_5(A,C), x_subst(B,D,F).
(r24) great(A,B) :- flex(F,D), ring_subst_6(B,C), ring_subst_6(A,F), polar(C,E).
(r25) great(A,B) :- pi_acceptor(D,E), ring_subst_6(B,C), ring_subst_2(B,D), ring_subst_5(A,D).
(r26) great(A,B) :- x_subst(B,D,C), ring_subst_5(A,C), r_subst_3(A,D), r_subst_3(A,E).
(r27) great(A,B) :- pi_acceptor(E,C), ring_subst_3(A,E), alk_groups(B,D), ring_subst_5(A,F).
(r28) great(A,B) :- ring_subst_3(B,E), ring_substitutions(B,F), ring_substitutions(A,F), x_subst(B,C,D).
(r29) great(A,B) :- ring_substitutions(B,E), ring_subst_5(B,C), n_val(A,F), r_subst_2(B,D).
(r30) great(A,B) :- inv1(B,C,B,D,C), r_subst_3(A,D), alk_groups(A,E).
(r31) great(A,B) :- polar(E,C), r_subst_3(B,F), x_subst(A,F,E), flex(E,D).
(r32) great(A,B) :- inv1(A,D,A,C,D), r_subst_1(B,E), ring_subst_6(A,D).
(r33) great(A,B) :- r_subst_3(A,C), ring_substitutions(B,C), ring_substitutions(A,E), n_val(B,D).
(r34) great(A,B) :- r_subst_3(A,C), alk_groups(A,D), polarisable(F,E), x_subst(B,D,F).
(r35) great(A,B) :- ring_subst_2(A,E), ring_subst_6(B,C), alk_groups(B,D), x_subst(B,D,F).
(r36) great(A,B) :- pi_acceptor(E,C), alk_groups(B,F), ring_subst_2(A,E), ring_subst_4(A,D).
(r37) great(A,B) :- alk_groups(A,C), ring_substitutions(B,C), flex(F,D), x_subst(A,E,F).
(r38) great(A,B) :- x_subst(A,F,E), x_subst(B,F,D), ring_substitutions(A,C), ring_subst_5(A,D).
(r39) great(A,B) :- ring_subst_3(A,E), alk_groups(B,D), r_subst_2(B,C), ring_subst_3(A,F).
(r40) great(A,B) :- ring_subst_3(A,C), sigma(C,D), ring_subst_2(B,F), pi_doner(C,E).
(r41) great(A,B) :- inv2(B,D,B,E,A,C), r_subst_3(B,C).
(r42) great(A,B) :- ring_subst_4(B,E), flex(F,C), ring_subst_5(A,F), ring_subst_3(B,D).
(r43) great(A,B) :- ring_subst_2(B,D), r_subst_2(A,C), ring_subst_6(B,E), pi_doner(D,F).
(r44) great(A,B) :- inv2(A,D,A,E,B,C), ring_substitutions(B,F).
(r45) great(A,B) :- h_acceptor(C,D), x_subst(A,E,C), ring_subst_2(B,F), ring_subst_2(A,F).
(r46) great(A,B) :- inv2(A,F,A,E,A,D), ring_subst_4(B,C).
(r47) great(A,B) :- r_subst_3(A,C), ring_subst_4(A,F), ring_subst_2(B,D), polar(F,E).
(r48) great(A,B) :- r_subst_2(A,D), ring_subst_4(B,F), ring_substitutions(B,E), n_val(A,C).
(r49) great(A,B) :- inv1(A,C,B,F,E), r_subst_3(A,D), ring_subst_5(B,E).
(r50) great(A,B) :- ring_subst_2(B,E), ring_subst_3(B,E), ring_subst_5(A,C), h_acceptor(E,D).
====================
