number of rules: 60
program size: 299
(r1) great_ne(A,B) :- ring_subst_4(A,E), flex(E,C), r_subst_1(B,F), sigma(E,D).
(r2) great_ne(A,B) :- r_subst_3(A,C), ring_subst_4(B,D), ring_subst_3(A,D).
(r3) great_ne(A,B) :- n_val(A,C), n_val(B,C), r_subst_2(A,E), ring_subst_3(A,D).
(r4) great_ne(A,B) :- size(E,C), r_subst_3(B,D), n_val(A,F), ring_subst_5(A,E).
(r5) great_ne(A,B) :- ring_subst_6(A,C), ring_substitutions(B,D), r_subst_3(A,F), ring_substitutions(A,E).
(r6) great_ne(A,B) :- ring_subst_3(B,E), size(E,D), x_subst(A,F,E), r_subst_1(B,C).
(r7) great_ne(A,B) :- x_subst(B,F,C), ring_subst_2(A,C), ring_subst_5(B,E), x_subst(A,D,C).
(r8) great_ne(A,B) :- ring_subst_3(A,C), ring_subst_6(A,D), x_subst(A,F,E), alk_groups(B,F).
(r9) great_ne(A,B) :- ring_subst_4(B,E), ring_substitutions(B,D), ring_subst_2(A,C), ring_subst_5(B,E).
(r10) great_ne(A,B) :- pi_acceptor(D,E), ring_subst_3(B,C), ring_subst_2(A,C), x_subst(B,F,D).
(r11) great_ne(A,B) :- alk_groups(B,D), x_subst(A,D,E), ring_subst_6(B,F), ring_subst_4(B,C).
(r12) great_ne(A,B) :- flex(C,E), ring_subst_3(B,C), alk_groups(A,D), ring_subst_5(B,C).
(r13) great_ne(A,B) :- alk_groups(B,D), ring_subst_2(A,C), alk_groups(A,E), r_subst_1(A,F).
(r14) great_ne(A,B) :- size(F,C), ring_subst_2(B,F), great_size(C,D), ring_subst_5(A,E).
(r15) great_ne(A,B) :- ring_subst_4(A,C), ring_subst_3(B,F), polar(D,E), ring_subst_3(B,D).
(r16) great_ne(A,B) :- r_subst_3(B,F), ring_subst_3(B,C), x_subst(A,F,E), ring_subst_4(B,D).
(r17) great_ne(A,B) :- ring_subst_6(A,C), ring_substitutions(A,F), ring_subst_5(B,E), x_subst(A,D,C).
(r18) great_ne(A,B) :- ring_subst_5(A,C), ring_subst_3(B,F), polar(C,E), ring_subst_4(A,D).
(r19) great_ne(A,B) :- x_subst(B,C,E), x_subst(A,C,D), x_subst(B,F,E), ring_subst_5(A,E).
(r20) great_ne(A,B) :- x_subst(B,E,D), r_subst_1(B,C), x_subst(A,E,D), sigma(D,F).
(r21) great_ne(A,B) :- alk_groups(B,D), ring_subst_4(A,E), ring_substitutions(B,D), r_subst_1(B,C).
(r22) great_ne(A,B) :- alk_groups(B,E), ring_subst_2(B,D), x_subst(B,C,D), ring_subst_2(A,D).
(r23) great_ne(A,B) :- alk_groups(A,C), ring_subst_4(B,F), ring_subst_6(A,E), ring_subst_3(A,D).
(r24) great_ne(A,B) :- r_subst_3(B,F), ring_subst_6(A,D), flex(E,C), ring_subst_3(A,E).
(r25) great_ne(A,B) :- alk_groups(A,C), h_acceptor(D,E), alk_groups(B,F), ring_subst_4(A,D).
(r26) great_ne(A,B) :- gt(D,C), ring_subst_4(A,E), ring_substitutions(B,D), r_subst_1(B,F).
(r27) great_ne(A,B) :- x_subst(B,D,C), sigma(C,E), n_val(B,D), n_val(A,D).
(r28) great_ne(A,B) :- ring_subst_6(B,F), n_val(A,E), pi_acceptor(F,C), r_subst_3(A,D).
(r29) great_ne(A,B) :- polar(E,C), ring_subst_2(A,E), alk_groups(B,F), ring_subst_4(A,D).
(r30) great_ne(A,B) :- r_subst_3(B,F), ring_subst_3(A,C), gt(F,E), ring_subst_2(B,D).
(r31) great_ne(A,B) :- x_subst(A,E,F), h_acceptor(F,D), ring_substitutions(B,E), ring_subst_6(B,C).
(r32) great_ne(A,B) :- ring_subst_6(B,F), r_subst_3(A,C), gt(C,E), ring_subst_5(B,D).
(r33) great_ne(A,B) :- x_subst(B,D,F), ring_subst_6(A,C), n_val(A,E), r_subst_3(B,D).
(r34) great_ne(A,B) :- ring_subst_5(A,F), ring_subst_4(B,E), ring_subst_2(A,C), polar(E,D).
(r35) great_ne(A,B) :- size(F,C), ring_subst_5(A,E), ring_subst_4(B,F), ring_subst_4(B,D).
(r36) great_ne(A,B) :- x_subst(A,E,F), h_doner(F,C), ring_subst_6(B,D), ring_subst_2(B,F).
(r37) great_ne(A,B) :- ring_subst_5(A,C), h_doner(D,E), n_val(A,F), ring_subst_4(B,D).
(r38) great_ne(A,B) :- ring_subst_5(A,F), ring_subst_5(B,D), polar(D,C), pi_doner(F,E).
(r39) great_ne(A,B) :- gt(D,C), ring_substitutions(B,E), r_subst_3(A,D), r_subst_1(A,F).
(r40) great_ne(A,B) :- ring_subst_5(A,F), ring_subst_3(A,E), ring_subst_2(B,D), r_subst_1(A,C).
(r41) great_ne(A,B) :- alk_groups(B,D), x_subst(B,C,F), alk_groups(A,E), n_val(A,D).
(r42) great_ne(A,B) :- ring_subst_6(A,C), gt(F,D), r_subst_1(B,E), x_subst(A,F,C).
(r43) great_ne(A,B) :- r_subst_2(A,D), ring_subst_3(A,E), ring_subst_2(B,C), ring_subst_3(B,C).
(r44) great_ne(A,B) :- x_subst(A,D,E), ring_substitutions(B,D), x_subst(B,C,E), r_subst_2(A,F).
(r45) great_ne(A,B) :- pi_acceptor(F,C), ring_subst_5(A,F), pi_acceptor(D,E), ring_subst_2(B,D).
(r46) great_ne(A,B) :- ring_subst_5(A,C), ring_subst_3(B,F), ring_subst_5(B,D), r_subst_1(A,E).
(r47) great_ne(A,B) :- ring_subst_3(A,E), ring_subst_6(A,D), n_val(B,F), pi_acceptor(D,C).
(r48) great_ne(A,B) :- r_subst_3(A,C), r_subst_1(B,E), r_subst_1(A,E), x_subst(B,C,D).
(r49) great_ne(A,B) :- n_val(A,D), ring_subst_2(A,E), ring_subst_6(B,E), ring_subst_5(B,C).
(r50) great_ne(A,B) :- r_subst_2(B,D), ring_subst_6(A,C), ring_subst_5(A,E), ring_subst_5(B,C).
(r51) great_ne(A,B) :- ring_subst_4(B,F), ring_subst_2(A,C), h_doner(C,D), r_subst_3(B,E).
(r52) great_ne(A,B) :- ring_subst_2(B,E), ring_subst_6(B,D), r_subst_1(A,C), pi_doner(E,F).
(r53) great_ne(A,B) :- ring_subst_4(B,E), r_subst_3(A,C), h_doner(E,F), pi_acceptor(E,D).
(r54) great_ne(A,B) :- ring_subst_4(A,E), x_subst(B,C,E), alk_groups(A,C), x_subst(A,D,F).
(r55) great_ne(A,B) :- r_subst_3(B,C), ring_subst_6(A,D), x_subst(A,F,E), ring_subst_4(B,D).
(r56) great_ne(A,B) :- ring_subst_5(A,C), ring_subst_6(A,F), flex(C,D), r_subst_3(B,E).
(r57) great_ne(A,B) :- ring_subst_5(B,D), r_subst_2(A,E), alk_groups(B,F), ring_substitutions(B,C).
(r58) great_ne(A,B) :- x_subst(B,D,F), ring_subst_2(A,C), ring_substitutions(A,E), ring_subst_5(B,F).
(r59) great_ne(A,B) :- n_val(A,D), x_subst(B,F,E), r_subst_3(A,D), h_acceptor(E,C).
(r60) great_ne(A,B) :- ring_subst_6(B,D), r_subst_3(A,F), x_subst(A,F,E), r_subst_2(B,C).
====================
MaxSAT solving... (2101 vars, 13435 hard, 667 soft)
number of rules: 62
program size: 288
(inv1) inv1(X1,X2,X3,X4) :- ring_subst_2(X1,X2), ring_subst_5(X3,X4).
(inv2) inv2(X1,X2,X3,X4,X5) :- x_subst(X1,X2,X3), ring_subst_6(X4,X5).
(r1) great_ne(A,B) :- ring_subst_4(A,E), flex(E,C), r_subst_1(B,F), sigma(E,D).
(r2) great_ne(A,B) :- r_subst_3(A,C), ring_subst_4(B,D), ring_subst_3(A,D).
(r3) great_ne(A,B) :- n_val(A,C), n_val(B,C), r_subst_2(A,E), ring_subst_3(A,D).
(r4) great_ne(A,B) :- size(E,C), r_subst_3(B,D), n_val(A,F), ring_subst_5(A,E).
(r5) great_ne(A,B) :- ring_subst_6(A,C), ring_substitutions(B,D), r_subst_3(A,F), ring_substitutions(A,E).
(r6) great_ne(A,B) :- ring_subst_3(B,E), size(E,D), x_subst(A,F,E), r_subst_1(B,C).
(r7) great_ne(A,B) :- inv1(A,C,B,E), x_subst(B,F,C), x_subst(A,D,C).
(r8) great_ne(A,B) :- inv2(A,F,E,A,D), ring_subst_3(A,C), alk_groups(B,F).
(r9) great_ne(A,B) :- inv1(A,C,B,E), ring_subst_4(B,E), ring_substitutions(B,D).
(r10) great_ne(A,B) :- pi_acceptor(D,E), ring_subst_3(B,C), ring_subst_2(A,C), x_subst(B,F,D).
(r11) great_ne(A,B) :- inv2(A,D,E,B,F), alk_groups(B,D), ring_subst_4(B,C).
(r12) great_ne(A,B) :- flex(C,E), ring_subst_3(B,C), alk_groups(A,D), ring_subst_5(B,C).
(r13) great_ne(A,B) :- alk_groups(B,D), ring_subst_2(A,C), alk_groups(A,E), r_subst_1(A,F).
(r14) great_ne(A,B) :- inv1(B,F,A,E), size(F,C), great_size(C,D).
(r15) great_ne(A,B) :- ring_subst_4(A,C), ring_subst_3(B,F), polar(D,E), ring_subst_3(B,D).
(r16) great_ne(A,B) :- r_subst_3(B,F), ring_subst_3(B,C), x_subst(A,F,E), ring_subst_4(B,D).
(r17) great_ne(A,B) :- inv2(A,D,C,A,C), ring_substitutions(A,F), ring_subst_5(B,E).
(r18) great_ne(A,B) :- ring_subst_5(A,C), ring_subst_3(B,F), polar(C,E), ring_subst_4(A,D).
(r19) great_ne(A,B) :- x_subst(B,C,E), x_subst(A,C,D), x_subst(B,F,E), ring_subst_5(A,E).
(r20) great_ne(A,B) :- x_subst(B,E,D), r_subst_1(B,C), x_subst(A,E,D), sigma(D,F).
(r21) great_ne(A,B) :- alk_groups(B,D), ring_subst_4(A,E), ring_substitutions(B,D), r_subst_1(B,C).
(r22) great_ne(A,B) :- alk_groups(B,E), ring_subst_2(B,D), x_subst(B,C,D), ring_subst_2(A,D).
(r23) great_ne(A,B) :- alk_groups(A,C), ring_subst_4(B,F), ring_subst_6(A,E), ring_subst_3(A,D).
(r24) great_ne(A,B) :- r_subst_3(B,F), ring_subst_6(A,D), flex(E,C), ring_subst_3(A,E).
(r25) great_ne(A,B) :- alk_groups(A,C), h_acceptor(D,E), alk_groups(B,F), ring_subst_4(A,D).
(r26) great_ne(A,B) :- gt(D,C), ring_subst_4(A,E), ring_substitutions(B,D), r_subst_1(B,F).
(r27) great_ne(A,B) :- x_subst(B,D,C), sigma(C,E), n_val(B,D), n_val(A,D).
(r28) great_ne(A,B) :- ring_subst_6(B,F), n_val(A,E), pi_acceptor(F,C), r_subst_3(A,D).
(r29) great_ne(A,B) :- polar(E,C), ring_subst_2(A,E), alk_groups(B,F), ring_subst_4(A,D).
(r30) great_ne(A,B) :- r_subst_3(B,F), ring_subst_3(A,C), gt(F,E), ring_subst_2(B,D).
(r31) great_ne(A,B) :- inv2(A,E,F,B,C), h_acceptor(F,D), ring_substitutions(B,E).
(r32) great_ne(A,B) :- ring_subst_6(B,F), r_subst_3(A,C), gt(C,E), ring_subst_5(B,D).
(r33) great_ne(A,B) :- inv2(B,D,F,A,C), n_val(A,E), r_subst_3(B,D).
(r34) great_ne(A,B) :- inv1(A,C,A,F), ring_subst_4(B,E), polar(E,D).
(r35) great_ne(A,B) :- size(F,C), ring_subst_5(A,E), ring_subst_4(B,F), ring_subst_4(B,D).
(r36) great_ne(A,B) :- inv2(A,E,F,B,D), h_doner(F,C), ring_subst_2(B,F).
(r37) great_ne(A,B) :- ring_subst_5(A,C), h_doner(D,E), n_val(A,F), ring_subst_4(B,D).
(r38) great_ne(A,B) :- ring_subst_5(A,F), ring_subst_5(B,D), polar(D,C), pi_doner(F,E).
(r39) great_ne(A,B) :- gt(D,C), ring_substitutions(B,E), r_subst_3(A,D), r_subst_1(A,F).
(r40) great_ne(A,B) :- inv1(B,D,A,F), ring_subst_3(A,E), r_subst_1(A,C).
(r41) great_ne(A,B) :- alk_groups(B,D), x_subst(B,C,F), alk_groups(A,E), n_val(A,D).
(r42) great_ne(A,B) :- inv2(A,F,C,A,C), gt(F,D), r_subst_1(B,E).
(r43) great_ne(A,B) :- r_subst_2(A,D), ring_subst_3(A,E), ring_subst_2(B,C), ring_subst_3(B,C).
(r44) great_ne(A,B) :- x_subst(A,D,E), ring_substitutions(B,D), x_subst(B,C,E), r_subst_2(A,F).
(r45) great_ne(A,B) :- inv1(B,D,A,F), pi_acceptor(F,C), pi_acceptor(D,E).
(r46) great_ne(A,B) :- ring_subst_5(A,C), ring_subst_3(B,F), ring_subst_5(B,D), r_subst_1(A,E).
(r47) great_ne(A,B) :- ring_subst_3(A,E), ring_subst_6(A,D), n_val(B,F), pi_acceptor(D,C).
(r48) great_ne(A,B) :- r_subst_3(A,C), r_subst_1(B,E), r_subst_1(A,E), x_subst(B,C,D).
(r49) great_ne(A,B) :- inv1(A,E,B,C), n_val(A,D), ring_subst_6(B,E).
(r50) great_ne(A,B) :- r_subst_2(B,D), ring_subst_6(A,C), ring_subst_5(A,E), ring_subst_5(B,C).
(r51) great_ne(A,B) :- ring_subst_4(B,F), ring_subst_2(A,C), h_doner(C,D), r_subst_3(B,E).
(r52) great_ne(A,B) :- ring_subst_2(B,E), ring_subst_6(B,D), r_subst_1(A,C), pi_doner(E,F).
(r53) great_ne(A,B) :- ring_subst_4(B,E), r_subst_3(A,C), h_doner(E,F), pi_acceptor(E,D).
(r54) great_ne(A,B) :- ring_subst_4(A,E), x_subst(B,C,E), alk_groups(A,C), x_subst(A,D,F).
(r55) great_ne(A,B) :- inv2(A,F,E,A,D), r_subst_3(B,C), ring_subst_4(B,D).
(r56) great_ne(A,B) :- ring_subst_5(A,C), ring_subst_6(A,F), flex(C,D), r_subst_3(B,E).
(r57) great_ne(A,B) :- ring_subst_5(B,D), r_subst_2(A,E), alk_groups(B,F), ring_substitutions(B,C).
(r58) great_ne(A,B) :- inv1(A,C,B,F), x_subst(B,D,F), ring_substitutions(A,E).
(r59) great_ne(A,B) :- n_val(A,D), x_subst(B,F,E), r_subst_3(A,D), h_acceptor(E,C).
(r60) great_ne(A,B) :- inv2(A,F,E,B,D), r_subst_3(A,F), r_subst_2(B,C).
====================
