number of rules: 70
program size: 347
(r1) great(A,B) :- ring_subst_6(A,C), ring_subst_4(A,C), x_subst(B,F,D), ring_subst_5(B,E).
(r2) great(A,B) :- ring_subst_5(A,E), r_subst_3(B,F), flex(E,D), ring_substitutions(A,C).
(r3) great(A,B) :- x_subst(A,E,C), h_acceptor(C,F), x_subst(B,E,C), ring_substitutions(B,D).
(r4) great(A,B) :- n_val(A,C), x_subst(A,C,E), ring_subst_3(B,D), ring_subst_5(B,E).
(r5) great(A,B) :- x_subst(B,E,D), x_subst(A,E,C), ring_subst_6(B,F), ring_subst_6(A,D).
(r6) great(A,B) :- ring_subst_5(A,F), r_subst_2(B,C), ring_subst_4(A,D), flex(F,E).
(r7) great(A,B) :- ring_substitutions(B,E), ring_subst_6(B,C), r_subst_3(A,D).
(r8) great(A,B) :- ring_subst_2(B,E), pi_doner(E,F), h_doner(E,C), ring_subst_5(A,D).
(r9) great(A,B) :- ring_subst_6(B,C), ring_subst_4(B,C), r_subst_1(A,E), polarisable(C,D).
(r10) great(A,B) :- r_subst_3(B,C), gt(C,E), ring_subst_4(B,D), r_subst_1(A,F).
(r11) great(A,B) :- n_val(A,C), ring_subst_3(B,D), x_subst(B,C,D), ring_subst_4(B,D).
(r12) great(A,B) :- ring_subst_6(B,E), r_subst_3(A,F), alk_groups(A,F), x_subst(B,C,D).
(r13) great(A,B) :- r_subst_3(A,C), ring_subst_4(B,D), x_subst(A,E,D), r_subst_1(B,F).
(r14) great(A,B) :- x_subst(A,C,E), r_subst_1(B,F), ring_substitutions(A,D), gt(D,C).
(r15) great(A,B) :- ring_subst_3(A,E), alk_groups(A,F), n_val(A,C), r_subst_2(B,D).
(r16) great(A,B) :- ring_subst_2(B,E), ring_subst_4(B,F), ring_subst_4(A,C), h_doner(F,D).
(r17) great(A,B) :- x_subst(A,F,D), ring_subst_4(A,E), r_subst_2(B,C), ring_subst_4(A,D).
(r18) great(A,B) :- alk_groups(A,D), h_acceptor(E,C), x_subst(B,D,E), great_h_acc(C,F).
(r19) great(A,B) :- alk_groups(B,C), x_subst(A,C,D), r_subst_2(A,E), ring_subst_2(A,F).
(r20) great(A,B) :- gt(D,C), alk_groups(B,D), r_subst_3(A,E), x_subst(A,C,F).
(r21) great(A,B) :- x_subst(B,C,E), x_subst(B,F,D), n_val(A,F), ring_subst_6(A,D).
(r22) great(A,B) :- x_subst(A,C,D), h_acceptor(D,E), r_subst_3(B,F), ring_subst_4(A,D).
(r23) great(A,B) :- ring_subst_5(A,E), ring_substitutions(B,C), n_val(A,C), ring_subst_2(A,D).
(r24) great(A,B) :- alk_groups(A,F), flex(E,C), x_subst(B,D,E), ring_substitutions(B,D).
(r25) great(A,B) :- alk_groups(A,F), x_subst(A,F,E), ring_subst_6(B,D), ring_subst_2(B,C).
(r26) great(A,B) :- ring_subst_4(A,E), ring_subst_2(B,C), h_doner(C,D), ring_substitutions(A,F).
(r27) great(A,B) :- alk_groups(B,F), ring_subst_4(A,C), ring_subst_2(A,E), n_val(A,D).
(r28) great(A,B) :- ring_subst_2(B,C), ring_subst_6(B,F), ring_subst_6(A,D), flex(F,E).
(r29) great(A,B) :- ring_subst_4(A,E), ring_subst_4(B,C), r_subst_2(B,F), r_subst_2(B,D).
(r30) great(A,B) :- ring_substitutions(B,E), alk_groups(A,C), ring_subst_3(A,F), ring_subst_2(B,D).
(r31) great(A,B) :- x_subst(A,C,E), ring_subst_6(B,D), ring_subst_4(A,D), pi_doner(D,F).
(r32) great(A,B) :- great_polar(E,C), polar(D,E), r_subst_2(B,F), ring_subst_6(A,D).
(r33) great(A,B) :- pi_acceptor(D,E), ring_subst_4(B,C), n_val(A,F), ring_subst_3(A,D).
(r34) great(A,B) :- ring_subst_2(B,C), ring_subst_3(A,F), ring_subst_3(A,D), flex(F,E).
(r35) great(A,B) :- ring_substitutions(A,E), ring_subst_6(A,C), n_val(B,F), ring_subst_6(A,D).
(r36) great(A,B) :- x_subst(B,C,E), alk_groups(B,F), x_subst(B,C,D), ring_subst_5(A,D).
(r37) great(A,B) :- x_subst(B,E,D), r_subst_3(A,C), ring_subst_5(B,D), ring_substitutions(B,E).
(r38) great(A,B) :- ring_subst_4(B,E), ring_subst_6(B,C), ring_subst_5(B,E), ring_substitutions(A,D).
(r39) great(A,B) :- great_pi_don(E,F), ring_subst_5(A,C), pi_doner(D,E), ring_subst_4(B,D).
(r40) great(A,B) :- ring_subst_2(B,E), ring_subst_5(B,C), ring_subst_3(A,C), x_subst(B,D,F).
(r41) great(A,B) :- ring_subst_5(A,E), x_subst(B,D,E), n_val(A,F), gt(F,C).
(r42) great(A,B) :- ring_subst_2(B,E), r_subst_3(A,F), r_subst_2(B,C), ring_subst_3(A,D).
(r43) great(A,B) :- ring_subst_2(B,C), x_subst(B,E,C), ring_subst_6(A,D), polar(D,F).
(r44) great(A,B) :- r_subst_3(B,C), ring_subst_2(A,D), r_subst_3(B,E), size(D,F).
(r45) great(A,B) :- sigma(D,C), ring_subst_5(B,D), x_subst(A,E,F).
(r46) great(A,B) :- ring_subst_2(A,E), ring_subst_2(B,C), x_subst(A,F,E), ring_subst_3(A,D).
(r47) great(A,B) :- ring_subst_6(B,C), r_subst_1(B,E), ring_subst_2(A,C), ring_subst_4(A,D).
(r48) great(A,B) :- alk_groups(B,F), ring_subst_3(B,C), ring_subst_3(A,D), h_acceptor(C,E).
(r49) great(A,B) :- gt(E,D), ring_subst_2(A,C), alk_groups(B,D), alk_groups(A,E).
(r50) great(A,B) :- n_val(B,E), x_subst(B,D,C), gt(E,D), r_subst_3(A,D).
(r51) great(A,B) :- alk_groups(B,C), r_subst_2(A,D), ring_subst_2(B,E).
(r52) great(A,B) :- gt(C,D), n_val(B,C), r_subst_1(A,E), ring_subst_2(B,F).
(r53) great(A,B) :- x_subst(B,D,C), r_subst_1(B,E), r_subst_3(A,F), ring_substitutions(B,D).
(r54) great(A,B) :- ring_subst_3(B,E), ring_subst_4(A,E), polarisable(E,D), size(E,C).
(r55) great(A,B) :- flex(E,F), ring_subst_2(A,E), alk_groups(B,D), pi_doner(E,C).
(r56) great(A,B) :- x_subst(A,D,E), ring_subst_5(A,E), ring_subst_3(B,C), ring_subst_2(A,F).
(r57) great(A,B) :- ring_subst_3(B,E), ring_subst_3(A,F), h_doner(E,C), n_val(A,D).
(r58) great(A,B) :- n_val(B,E), ring_subst_6(A,C), ring_subst_4(A,D), sigma(C,F).
(r59) great(A,B) :- ring_subst_3(A,C), ring_subst_5(A,F), ring_subst_2(B,D), flex(F,E).
(r60) great(A,B) :- ring_subst_2(B,F), pi_doner(F,E), r_subst_1(A,C), n_val(B,D).
(r61) great(A,B) :- ring_subst_6(B,C), ring_subst_6(A,F), polarisable(F,D), r_subst_3(B,E).
(r62) great(A,B) :- ring_subst_3(B,E), ring_substitutions(A,F), r_subst_1(B,C), h_doner(E,D).
(r63) great(A,B) :- polar(D,C), alk_groups(B,F), ring_subst_4(A,D), x_subst(B,F,E).
(r64) great(A,B) :- x_subst(B,D,C), alk_groups(A,F), flex(C,E), ring_subst_5(B,C).
(r65) great(A,B) :- h_doner(F,C), r_subst_2(A,E), h_acceptor(F,D), ring_subst_2(B,F).
(r66) great(A,B) :- ring_subst_4(B,E), sigma(C,D), ring_subst_2(B,C), ring_subst_2(A,C).
(r67) great(A,B) :- ring_subst_2(A,E), ring_subst_5(B,C), pi_doner(C,D), size(E,F).
(r68) great(A,B) :- sigma(F,D), ring_subst_2(B,F), size(F,E), ring_substitutions(A,C).
(r69) great(A,B) :- ring_subst_4(A,E), ring_subst_5(A,C), x_subst(B,D,E), n_val(B,F).
(r70) great(A,B) :- x_subst(A,D,E), alk_groups(B,D), pi_acceptor(C,F), ring_subst_5(A,C).
====================
MaxSAT solving... (1733 vars, 10615 hard, 625 soft)
number of rules: 72
program size: 334
(inv1) inv1(X1,X2,X3,X4,X5) :- alk_groups(X1,X2), x_subst(X3,X4,X5).
(inv2) inv2(X1,X2,X3,X4,X5) :- ring_subst_5(X1,X2), x_subst(X3,X4,X5).
(r1) great(A,B) :- inv2(B,E,B,F,D), ring_subst_6(A,C), ring_subst_4(A,C).
(r2) great(A,B) :- ring_subst_5(A,E), r_subst_3(B,F), flex(E,D), ring_substitutions(A,C).
(r3) great(A,B) :- x_subst(A,E,C), h_acceptor(C,F), x_subst(B,E,C), ring_substitutions(B,D).
(r4) great(A,B) :- inv2(B,E,A,C,E), n_val(A,C), ring_subst_3(B,D).
(r5) great(A,B) :- x_subst(B,E,D), x_subst(A,E,C), ring_subst_6(B,F), ring_subst_6(A,D).
(r6) great(A,B) :- ring_subst_5(A,F), r_subst_2(B,C), ring_subst_4(A,D), flex(F,E).
(r7) great(A,B) :- ring_substitutions(B,E), ring_subst_6(B,C), r_subst_3(A,D).
(r8) great(A,B) :- ring_subst_2(B,E), pi_doner(E,F), h_doner(E,C), ring_subst_5(A,D).
(r9) great(A,B) :- ring_subst_6(B,C), ring_subst_4(B,C), r_subst_1(A,E), polarisable(C,D).
(r10) great(A,B) :- r_subst_3(B,C), gt(C,E), ring_subst_4(B,D), r_subst_1(A,F).
(r11) great(A,B) :- n_val(A,C), ring_subst_3(B,D), x_subst(B,C,D), ring_subst_4(B,D).
(r12) great(A,B) :- inv1(A,F,B,C,D), ring_subst_6(B,E), r_subst_3(A,F).
(r13) great(A,B) :- r_subst_3(A,C), ring_subst_4(B,D), x_subst(A,E,D), r_subst_1(B,F).
(r14) great(A,B) :- x_subst(A,C,E), r_subst_1(B,F), ring_substitutions(A,D), gt(D,C).
(r15) great(A,B) :- ring_subst_3(A,E), alk_groups(A,F), n_val(A,C), r_subst_2(B,D).
(r16) great(A,B) :- ring_subst_2(B,E), ring_subst_4(B,F), ring_subst_4(A,C), h_doner(F,D).
(r17) great(A,B) :- x_subst(A,F,D), ring_subst_4(A,E), r_subst_2(B,C), ring_subst_4(A,D).
(r18) great(A,B) :- inv1(A,D,B,D,E), h_acceptor(E,C), great_h_acc(C,F).
(r19) great(A,B) :- inv1(B,C,A,C,D), r_subst_2(A,E), ring_subst_2(A,F).
(r20) great(A,B) :- inv1(B,D,A,C,F), gt(D,C), r_subst_3(A,E).
(r21) great(A,B) :- x_subst(B,C,E), x_subst(B,F,D), n_val(A,F), ring_subst_6(A,D).
(r22) great(A,B) :- x_subst(A,C,D), h_acceptor(D,E), r_subst_3(B,F), ring_subst_4(A,D).
(r23) great(A,B) :- ring_subst_5(A,E), ring_substitutions(B,C), n_val(A,C), ring_subst_2(A,D).
(r24) great(A,B) :- inv1(A,F,B,D,E), flex(E,C), ring_substitutions(B,D).
(r25) great(A,B) :- inv1(A,F,A,F,E), ring_subst_6(B,D), ring_subst_2(B,C).
(r26) great(A,B) :- ring_subst_4(A,E), ring_subst_2(B,C), h_doner(C,D), ring_substitutions(A,F).
(r27) great(A,B) :- alk_groups(B,F), ring_subst_4(A,C), ring_subst_2(A,E), n_val(A,D).
(r28) great(A,B) :- ring_subst_2(B,C), ring_subst_6(B,F), ring_subst_6(A,D), flex(F,E).
(r29) great(A,B) :- ring_subst_4(A,E), ring_subst_4(B,C), r_subst_2(B,F), r_subst_2(B,D).
(r30) great(A,B) :- ring_substitutions(B,E), alk_groups(A,C), ring_subst_3(A,F), ring_subst_2(B,D).
(r31) great(A,B) :- x_subst(A,C,E), ring_subst_6(B,D), ring_subst_4(A,D), pi_doner(D,F).
(r32) great(A,B) :- great_polar(E,C), polar(D,E), r_subst_2(B,F), ring_subst_6(A,D).
(r33) great(A,B) :- pi_acceptor(D,E), ring_subst_4(B,C), n_val(A,F), ring_subst_3(A,D).
(r34) great(A,B) :- ring_subst_2(B,C), ring_subst_3(A,F), ring_subst_3(A,D), flex(F,E).
(r35) great(A,B) :- ring_substitutions(A,E), ring_subst_6(A,C), n_val(B,F), ring_subst_6(A,D).
(r36) great(A,B) :- inv1(B,F,B,C,E), inv2(A,D,B,C,D).
(r37) great(A,B) :- inv2(B,D,B,E,D), r_subst_3(A,C), ring_substitutions(B,E).
(r38) great(A,B) :- ring_subst_4(B,E), ring_subst_6(B,C), ring_subst_5(B,E), ring_substitutions(A,D).
(r39) great(A,B) :- great_pi_don(E,F), ring_subst_5(A,C), pi_doner(D,E), ring_subst_4(B,D).
(r40) great(A,B) :- inv2(B,C,B,D,F), ring_subst_2(B,E), ring_subst_3(A,C).
(r41) great(A,B) :- inv2(A,E,B,D,E), n_val(A,F), gt(F,C).
(r42) great(A,B) :- ring_subst_2(B,E), r_subst_3(A,F), r_subst_2(B,C), ring_subst_3(A,D).
(r43) great(A,B) :- ring_subst_2(B,C), x_subst(B,E,C), ring_subst_6(A,D), polar(D,F).
(r44) great(A,B) :- r_subst_3(B,C), ring_subst_2(A,D), r_subst_3(B,E), size(D,F).
(r45) great(A,B) :- inv2(B,D,A,E,F), sigma(D,C).
(r46) great(A,B) :- ring_subst_2(A,E), ring_subst_2(B,C), x_subst(A,F,E), ring_subst_3(A,D).
(r47) great(A,B) :- ring_subst_6(B,C), r_subst_1(B,E), ring_subst_2(A,C), ring_subst_4(A,D).
(r48) great(A,B) :- alk_groups(B,F), ring_subst_3(B,C), ring_subst_3(A,D), h_acceptor(C,E).
(r49) great(A,B) :- gt(E,D), ring_subst_2(A,C), alk_groups(B,D), alk_groups(A,E).
(r50) great(A,B) :- n_val(B,E), x_subst(B,D,C), gt(E,D), r_subst_3(A,D).
(r51) great(A,B) :- alk_groups(B,C), r_subst_2(A,D), ring_subst_2(B,E).
(r52) great(A,B) :- gt(C,D), n_val(B,C), r_subst_1(A,E), ring_subst_2(B,F).
(r53) great(A,B) :- x_subst(B,D,C), r_subst_1(B,E), r_subst_3(A,F), ring_substitutions(B,D).
(r54) great(A,B) :- ring_subst_3(B,E), ring_subst_4(A,E), polarisable(E,D), size(E,C).
(r55) great(A,B) :- flex(E,F), ring_subst_2(A,E), alk_groups(B,D), pi_doner(E,C).
(r56) great(A,B) :- inv2(A,E,A,D,E), ring_subst_3(B,C), ring_subst_2(A,F).
(r57) great(A,B) :- ring_subst_3(B,E), ring_subst_3(A,F), h_doner(E,C), n_val(A,D).
(r58) great(A,B) :- n_val(B,E), ring_subst_6(A,C), ring_subst_4(A,D), sigma(C,F).
(r59) great(A,B) :- ring_subst_3(A,C), ring_subst_5(A,F), ring_subst_2(B,D), flex(F,E).
(r60) great(A,B) :- ring_subst_2(B,F), pi_doner(F,E), r_subst_1(A,C), n_val(B,D).
(r61) great(A,B) :- ring_subst_6(B,C), ring_subst_6(A,F), polarisable(F,D), r_subst_3(B,E).
(r62) great(A,B) :- ring_subst_3(B,E), ring_substitutions(A,F), r_subst_1(B,C), h_doner(E,D).
(r63) great(A,B) :- inv1(B,F,B,F,E), polar(D,C), ring_subst_4(A,D).
(r64) great(A,B) :- inv2(B,C,B,D,C), alk_groups(A,F), flex(C,E).
(r65) great(A,B) :- h_doner(F,C), r_subst_2(A,E), h_acceptor(F,D), ring_subst_2(B,F).
(r66) great(A,B) :- ring_subst_4(B,E), sigma(C,D), ring_subst_2(B,C), ring_subst_2(A,C).
(r67) great(A,B) :- ring_subst_2(A,E), ring_subst_5(B,C), pi_doner(C,D), size(E,F).
(r68) great(A,B) :- sigma(F,D), ring_subst_2(B,F), size(F,E), ring_substitutions(A,C).
(r69) great(A,B) :- inv2(A,C,B,D,E), ring_subst_4(A,E), n_val(B,F).
(r70) great(A,B) :- inv1(B,D,A,D,E), pi_acceptor(C,F), ring_subst_5(A,C).
====================
