number of rules: 70
program size: 350
(r1) great_ne(A,B) :- r_subst_3(B,C), ring_subst_5(A,D), n_val(A,C), size(D,E).
(r2) great_ne(A,B) :- x_subst(A,F,D), r_subst_3(B,F), n_val(A,C), ring_subst_5(A,E).
(r3) great_ne(A,B) :- alk_groups(B,D), r_subst_3(A,C), x_subst(B,D,E), ring_subst_3(A,F).
(r4) great_ne(A,B) :- ring_subst_4(B,E), ring_subst_4(A,C), alk_groups(B,F), h_doner(C,D).
(r5) great_ne(A,B) :- x_subst(B,D,C), ring_subst_2(B,C), ring_substitutions(A,E), sigma(C,F).
(r6) great_ne(A,B) :- ring_subst_2(B,F), h_acceptor(F,C), ring_substitutions(A,E), ring_subst_4(A,D).
(r7) great_ne(A,B) :- h_acceptor(E,D), ring_subst_6(B,E), h_doner(F,C), ring_subst_2(A,F).
(r8) great_ne(A,B) :- ring_subst_5(B,F), ring_subst_5(A,D), sigma(D,E), n_val(A,C).
(r9) great_ne(A,B) :- ring_subst_6(A,C), flex(C,E), ring_subst_2(B,D), alk_groups(A,F).
(r10) great_ne(A,B) :- x_subst(B,E,D), ring_subst_4(B,F), h_doner(D,C), ring_subst_2(A,D).
(r11) great_ne(A,B) :- ring_substitutions(B,F), x_subst(A,D,E), ring_subst_2(A,C), ring_subst_6(A,C).
(r12) great_ne(A,B) :- x_subst(A,E,F), r_subst_3(A,C), ring_subst_4(B,D), ring_subst_3(B,D).
(r13) great_ne(A,B) :- flex(F,E), ring_subst_6(A,F), n_val(A,C), x_subst(B,C,D).
(r14) great_ne(A,B) :- ring_subst_2(B,E), x_subst(A,F,E), gt(F,D), x_subst(A,D,C).
(r15) great_ne(A,B) :- ring_subst_2(B,E), ring_subst_4(A,C), n_val(A,D), sigma(C,F).
(r16) great_ne(A,B) :- ring_subst_6(A,F), r_subst_1(A,E), ring_subst_3(B,D), ring_subst_5(B,C).
(r17) great_ne(A,B) :- r_subst_3(B,C), polarisable(E,D), x_subst(A,F,E), gt(F,C).
(r18) great_ne(A,B) :- ring_subst_6(A,C), pi_acceptor(C,F), n_val(B,E), ring_subst_4(A,D).
(r19) great_ne(A,B) :- ring_subst_3(B,E), flex(D,C), ring_subst_2(A,F), ring_subst_4(B,D).
(r20) great_ne(A,B) :- polarisable(C,E), ring_subst_2(A,C), r_subst_1(B,F), n_val(A,D).
(r21) great_ne(A,B) :- ring_subst_6(A,F), x_subst(A,C,D), n_val(B,C), x_subst(B,E,F).
(r22) great_ne(A,B) :- gt(E,C), x_subst(B,E,F), ring_subst_4(A,F), ring_subst_2(A,D).
(r23) great_ne(A,B) :- ring_subst_2(A,C), pi_acceptor(D,E), ring_subst_4(B,D), ring_subst_6(B,C).
(r24) great_ne(A,B) :- x_subst(A,D,E), ring_subst_3(B,C), ring_subst_2(B,E), x_subst(A,D,C).
(r25) great_ne(A,B) :- r_subst_2(B,D), ring_subst_4(A,E), n_val(B,C), ring_subst_5(B,F).
(r26) great_ne(A,B) :- x_subst(A,D,E), ring_subst_3(B,C), r_subst_3(A,F), ring_subst_3(A,C).
(r27) great_ne(A,B) :- ring_substitutions(A,C), r_subst_3(A,C), ring_subst_6(B,E), r_subst_3(A,D).
(r28) great_ne(A,B) :- x_subst(A,C,F), ring_subst_4(A,E), flex(F,D), ring_substitutions(B,C).
(r29) great_ne(A,B) :- x_subst(A,C,F), ring_subst_6(A,D), ring_subst_3(B,F), pi_acceptor(F,E).
(r30) great_ne(A,B) :- r_subst_1(A,D), alk_groups(A,C), gt(C,E), alk_groups(B,F).
(r31) great_ne(A,B) :- sigma(C,F), ring_subst_4(A,D), ring_subst_3(B,C), r_subst_3(B,E).
(r32) great_ne(A,B) :- n_val(A,C), r_subst_1(A,D), r_subst_1(A,E), ring_substitutions(B,C).
(r33) great_ne(A,B) :- ring_subst_5(B,F), ring_subst_2(A,E), pi_acceptor(F,D), h_acceptor(F,C).
(r34) great_ne(A,B) :- sigma(F,D), ring_substitutions(B,C), ring_subst_2(A,F), r_subst_3(B,E).
(r35) great_ne(A,B) :- r_subst_3(B,D), x_subst(A,F,E), x_subst(B,F,E), sigma(E,C).
(r36) great_ne(A,B) :- x_subst(A,C,F), h_doner(D,E), ring_subst_4(B,F), ring_subst_3(B,D).
(r37) great_ne(A,B) :- pi_acceptor(E,C), h_doner(E,F), n_val(B,D), ring_subst_5(A,E).
(r38) great_ne(A,B) :- x_subst(A,E,F), ring_subst_2(B,F), flex(F,D), pi_doner(F,C).
(r39) great_ne(A,B) :- flex(F,C), ring_subst_2(B,F), r_subst_3(A,D), ring_substitutions(A,E).
(r40) great_ne(A,B) :- ring_substitutions(A,C), ring_subst_3(A,E), r_subst_3(A,F), ring_subst_3(B,D).
(r41) great_ne(A,B) :- n_val(A,D), ring_subst_2(A,E), n_val(B,C), ring_subst_3(A,E).
(r42) great_ne(A,B) :- ring_subst_3(B,C), ring_subst_3(A,C), pi_doner(C,D), ring_subst_6(B,C).
(r43) great_ne(A,B) :- n_val(A,C), ring_subst_2(B,E), great_pi_don(D,F), pi_doner(E,D).
(r44) great_ne(A,B) :- ring_subst_6(A,C), ring_subst_4(B,F), r_subst_3(B,D), x_subst(B,D,E).
(r45) great_ne(A,B) :- ring_subst_3(A,E), ring_subst_2(B,F), x_subst(B,D,E), sigma(F,C).
(r46) great_ne(A,B) :- ring_subst_6(A,F), pi_acceptor(F,E), r_subst_2(B,C), flex(F,D).
(r47) great_ne(A,B) :- ring_substitutions(A,C), ring_subst_4(B,E), pi_acceptor(F,D), ring_subst_2(B,F).
(r48) great_ne(A,B) :- alk_groups(B,D), r_subst_3(B,E), gt(E,C), r_subst_2(A,F).
(r49) great_ne(A,B) :- ring_substitutions(A,D), x_subst(B,D,C), pi_acceptor(C,E), sigma(C,F).
(r50) great_ne(A,B) :- ring_subst_2(A,C), ring_subst_2(B,D), ring_substitutions(A,E), alk_groups(A,F).
(r51) great_ne(A,B) :- ring_substitutions(A,C), h_doner(E,F), r_subst_3(B,D), ring_subst_5(A,E).
(r52) great_ne(A,B) :- x_subst(A,D,E), ring_subst_4(B,E), r_subst_1(B,C), r_subst_3(A,D).
(r53) great_ne(A,B) :- n_val(A,C), x_subst(B,C,E), x_subst(B,C,F), n_val(A,D).
(r54) great_ne(A,B) :- flex(F,D), x_subst(B,E,F), ring_subst_4(A,F), x_subst(B,E,C).
(r55) great_ne(A,B) :- ring_subst_6(A,D), h_acceptor(D,F), ring_subst_4(B,C), ring_substitutions(A,E).
(r56) great_ne(A,B) :- x_subst(A,C,F), ring_substitutions(A,C), alk_groups(B,E), ring_subst_6(A,D).
(r57) great_ne(A,B) :- pi_acceptor(F,D), r_subst_1(B,E), ring_subst_3(B,C), ring_subst_4(A,F).
(r58) great_ne(A,B) :- r_subst_3(A,E), ring_substitutions(A,F), x_subst(A,C,D), alk_groups(B,F).
(r59) great_ne(A,B) :- polarisable(D,E), polar(D,C), ring_subst_3(A,F), ring_subst_2(B,D).
(r60) great_ne(A,B) :- ring_subst_4(A,E), ring_subst_2(A,E), x_subst(B,F,C), h_acceptor(C,D).
(r61) great_ne(A,B) :- ring_subst_2(A,E), h_doner(E,F), ring_subst_4(A,C), n_val(B,D).
(r62) great_ne(A,B) :- r_subst_1(A,D), alk_groups(B,E), x_subst(A,F,C), ring_subst_6(B,C).
(r63) great_ne(A,B) :- ring_subst_3(A,E), r_subst_3(A,C), ring_subst_2(A,D), ring_substitutions(B,C).
(r64) great_ne(A,B) :- ring_subst_5(A,C), n_val(B,E), pi_doner(C,D), r_subst_2(A,F).
(r65) great_ne(A,B) :- gt(C,D), alk_groups(A,C), ring_subst_4(B,F), x_subst(B,D,E).
(r66) great_ne(A,B) :- n_val(A,C), ring_substitutions(A,F), ring_subst_6(B,D), x_subst(B,F,E).
(r67) great_ne(A,B) :- r_subst_3(A,E), r_subst_3(A,C), x_subst(A,D,F), n_val(B,D).
(r68) great_ne(A,B) :- ring_subst_3(A,E), ring_subst_2(B,C), ring_subst_4(B,D), pi_doner(E,F).
(r69) great_ne(A,B) :- n_val(A,E), gt(E,F), x_subst(B,E,C), n_val(A,D).
(r70) great_ne(A,B) :- r_subst_1(A,D), ring_subst_5(B,E), alk_groups(B,F), h_acceptor(E,C).
====================
MaxSAT solving... (1746 vars, 10288 hard, 626 soft)
number of rules: 72
program size: 336
(inv1) inv1(X1,X2,X3,X4) :- ring_subst_2(X1,X2), ring_subst_4(X3,X4).
(inv2) inv2(X1,X2,X3,X4,X5,X6,X7,X8) :- x_subst(X1,X2,X3), x_subst(X4,X5,X6), r_subst_3(X7,X8).
(r1) great_ne(A,B) :- r_subst_3(B,C), ring_subst_5(A,D), n_val(A,C), size(D,E).
(r2) great_ne(A,B) :- inv2(A,F,D,A,F,D,B,F), n_val(A,C), ring_subst_5(A,E).
(r3) great_ne(A,B) :- inv2(B,D,E,B,D,E,A,C), alk_groups(B,D), ring_subst_3(A,F).
(r4) great_ne(A,B) :- ring_subst_4(B,E), ring_subst_4(A,C), alk_groups(B,F), h_doner(C,D).
(r5) great_ne(A,B) :- x_subst(B,D,C), ring_subst_2(B,C), ring_substitutions(A,E), sigma(C,F).
(r6) great_ne(A,B) :- inv1(B,F,A,D), h_acceptor(F,C), ring_substitutions(A,E).
(r7) great_ne(A,B) :- h_acceptor(E,D), ring_subst_6(B,E), h_doner(F,C), ring_subst_2(A,F).
(r8) great_ne(A,B) :- ring_subst_5(B,F), ring_subst_5(A,D), sigma(D,E), n_val(A,C).
(r9) great_ne(A,B) :- ring_subst_6(A,C), flex(C,E), ring_subst_2(B,D), alk_groups(A,F).
(r10) great_ne(A,B) :- inv1(A,D,B,F), x_subst(B,E,D), h_doner(D,C).
(r11) great_ne(A,B) :- ring_substitutions(B,F), x_subst(A,D,E), ring_subst_2(A,C), ring_subst_6(A,C).
(r12) great_ne(A,B) :- inv2(A,E,F,A,E,F,A,C), ring_subst_4(B,D), ring_subst_3(B,D).
(r13) great_ne(A,B) :- flex(F,E), ring_subst_6(A,F), n_val(A,C), x_subst(B,C,D).
(r14) great_ne(A,B) :- ring_subst_2(B,E), x_subst(A,F,E), gt(F,D), x_subst(A,D,C).
(r15) great_ne(A,B) :- inv1(B,E,A,C), n_val(A,D), sigma(C,F).
(r16) great_ne(A,B) :- ring_subst_6(A,F), r_subst_1(A,E), ring_subst_3(B,D), ring_subst_5(B,C).
(r17) great_ne(A,B) :- inv2(A,F,E,A,F,E,B,C), polarisable(E,D), gt(F,C).
(r18) great_ne(A,B) :- ring_subst_6(A,C), pi_acceptor(C,F), n_val(B,E), ring_subst_4(A,D).
(r19) great_ne(A,B) :- inv1(A,F,B,D), ring_subst_3(B,E), flex(D,C).
(r20) great_ne(A,B) :- polarisable(C,E), ring_subst_2(A,C), r_subst_1(B,F), n_val(A,D).
(r21) great_ne(A,B) :- ring_subst_6(A,F), x_subst(A,C,D), n_val(B,C), x_subst(B,E,F).
(r22) great_ne(A,B) :- inv1(A,D,A,F), gt(E,C), x_subst(B,E,F).
(r23) great_ne(A,B) :- inv1(A,C,B,D), pi_acceptor(D,E), ring_subst_6(B,C).
(r24) great_ne(A,B) :- x_subst(A,D,E), ring_subst_3(B,C), ring_subst_2(B,E), x_subst(A,D,C).
(r25) great_ne(A,B) :- r_subst_2(B,D), ring_subst_4(A,E), n_val(B,C), ring_subst_5(B,F).
(r26) great_ne(A,B) :- inv2(A,D,E,A,D,E,A,F), ring_subst_3(B,C), ring_subst_3(A,C).
(r27) great_ne(A,B) :- ring_substitutions(A,C), r_subst_3(A,C), ring_subst_6(B,E), r_subst_3(A,D).
(r28) great_ne(A,B) :- x_subst(A,C,F), ring_subst_4(A,E), flex(F,D), ring_substitutions(B,C).
(r29) great_ne(A,B) :- x_subst(A,C,F), ring_subst_6(A,D), ring_subst_3(B,F), pi_acceptor(F,E).
(r30) great_ne(A,B) :- r_subst_1(A,D), alk_groups(A,C), gt(C,E), alk_groups(B,F).
(r31) great_ne(A,B) :- sigma(C,F), ring_subst_4(A,D), ring_subst_3(B,C), r_subst_3(B,E).
(r32) great_ne(A,B) :- n_val(A,C), r_subst_1(A,D), r_subst_1(A,E), ring_substitutions(B,C).
(r33) great_ne(A,B) :- ring_subst_5(B,F), ring_subst_2(A,E), pi_acceptor(F,D), h_acceptor(F,C).
(r34) great_ne(A,B) :- sigma(F,D), ring_substitutions(B,C), ring_subst_2(A,F), r_subst_3(B,E).
(r35) great_ne(A,B) :- inv2(A,F,E,B,F,E,B,D), sigma(E,C).
(r36) great_ne(A,B) :- x_subst(A,C,F), h_doner(D,E), ring_subst_4(B,F), ring_subst_3(B,D).
(r37) great_ne(A,B) :- pi_acceptor(E,C), h_doner(E,F), n_val(B,D), ring_subst_5(A,E).
(r38) great_ne(A,B) :- x_subst(A,E,F), ring_subst_2(B,F), flex(F,D), pi_doner(F,C).
(r39) great_ne(A,B) :- flex(F,C), ring_subst_2(B,F), r_subst_3(A,D), ring_substitutions(A,E).
(r40) great_ne(A,B) :- ring_substitutions(A,C), ring_subst_3(A,E), r_subst_3(A,F), ring_subst_3(B,D).
(r41) great_ne(A,B) :- n_val(A,D), ring_subst_2(A,E), n_val(B,C), ring_subst_3(A,E).
(r42) great_ne(A,B) :- ring_subst_3(B,C), ring_subst_3(A,C), pi_doner(C,D), ring_subst_6(B,C).
(r43) great_ne(A,B) :- n_val(A,C), ring_subst_2(B,E), great_pi_don(D,F), pi_doner(E,D).
(r44) great_ne(A,B) :- inv2(B,D,E,B,D,E,B,D), ring_subst_6(A,C), ring_subst_4(B,F).
(r45) great_ne(A,B) :- ring_subst_3(A,E), ring_subst_2(B,F), x_subst(B,D,E), sigma(F,C).
(r46) great_ne(A,B) :- ring_subst_6(A,F), pi_acceptor(F,E), r_subst_2(B,C), flex(F,D).
(r47) great_ne(A,B) :- inv1(B,F,B,E), ring_substitutions(A,C), pi_acceptor(F,D).
(r48) great_ne(A,B) :- alk_groups(B,D), r_subst_3(B,E), gt(E,C), r_subst_2(A,F).
(r49) great_ne(A,B) :- ring_substitutions(A,D), x_subst(B,D,C), pi_acceptor(C,E), sigma(C,F).
(r50) great_ne(A,B) :- ring_subst_2(A,C), ring_subst_2(B,D), ring_substitutions(A,E), alk_groups(A,F).
(r51) great_ne(A,B) :- ring_substitutions(A,C), h_doner(E,F), r_subst_3(B,D), ring_subst_5(A,E).
(r52) great_ne(A,B) :- inv2(A,D,E,A,D,E,A,D), ring_subst_4(B,E), r_subst_1(B,C).
(r53) great_ne(A,B) :- n_val(A,C), x_subst(B,C,E), x_subst(B,C,F), n_val(A,D).
(r54) great_ne(A,B) :- flex(F,D), x_subst(B,E,F), ring_subst_4(A,F), x_subst(B,E,C).
(r55) great_ne(A,B) :- ring_subst_6(A,D), h_acceptor(D,F), ring_subst_4(B,C), ring_substitutions(A,E).
(r56) great_ne(A,B) :- x_subst(A,C,F), ring_substitutions(A,C), alk_groups(B,E), ring_subst_6(A,D).
(r57) great_ne(A,B) :- pi_acceptor(F,D), r_subst_1(B,E), ring_subst_3(B,C), ring_subst_4(A,F).
(r58) great_ne(A,B) :- inv2(A,C,D,A,C,D,A,E), ring_substitutions(A,F), alk_groups(B,F).
(r59) great_ne(A,B) :- polarisable(D,E), polar(D,C), ring_subst_3(A,F), ring_subst_2(B,D).
(r60) great_ne(A,B) :- inv1(A,E,A,E), x_subst(B,F,C), h_acceptor(C,D).
(r61) great_ne(A,B) :- inv1(A,E,A,C), h_doner(E,F), n_val(B,D).
(r62) great_ne(A,B) :- r_subst_1(A,D), alk_groups(B,E), x_subst(A,F,C), ring_subst_6(B,C).
(r63) great_ne(A,B) :- ring_subst_3(A,E), r_subst_3(A,C), ring_subst_2(A,D), ring_substitutions(B,C).
(r64) great_ne(A,B) :- ring_subst_5(A,C), n_val(B,E), pi_doner(C,D), r_subst_2(A,F).
(r65) great_ne(A,B) :- gt(C,D), alk_groups(A,C), ring_subst_4(B,F), x_subst(B,D,E).
(r66) great_ne(A,B) :- n_val(A,C), ring_substitutions(A,F), ring_subst_6(B,D), x_subst(B,F,E).
(r67) great_ne(A,B) :- inv2(A,D,F,A,D,F,A,E), r_subst_3(A,C), n_val(B,D).
(r68) great_ne(A,B) :- inv1(B,C,B,D), ring_subst_3(A,E), pi_doner(E,F).
(r69) great_ne(A,B) :- n_val(A,E), gt(E,F), x_subst(B,E,C), n_val(A,D).
(r70) great_ne(A,B) :- r_subst_1(A,D), ring_subst_5(B,E), alk_groups(B,F), h_acceptor(E,C).
====================
