number of rules: 90
program size: 445
(r1) great_rsd(A,B) :- n_val(A,C), ring_subst_3(A,D), flex(D,E), ring_subst_6(B,D).
(r2) great_rsd(A,B) :- polar(F,E), x_subst(A,C,F), r_subst_3(B,C), alk_groups(B,D).
(r3) great_rsd(A,B) :- h_acceptor(E,F), ring_subst_2(A,D), pi_doner(D,C), ring_subst_4(B,E).
(r4) great_rsd(A,B) :- size(E,F), ring_subst_6(A,E), x_subst(A,C,D), n_val(B,C).
(r5) great_rsd(A,B) :- ring_subst_3(B,F), size(F,D), sigma(E,C), ring_subst_4(A,E).
(r6) great_rsd(A,B) :- n_val(A,C), ring_subst_5(B,F), gt(C,D), alk_groups(B,E).
(r7) great_rsd(A,B) :- x_subst(A,D,F), x_subst(B,D,F), ring_subst_4(A,C), x_subst(A,E,C).
(r8) great_rsd(A,B) :- ring_subst_2(A,C), ring_subst_2(B,D), x_subst(A,E,C), r_subst_2(B,F).
(r9) great_rsd(A,B) :- ring_subst_4(A,D), polarisable(C,E), ring_subst_2(B,D), ring_subst_3(B,C).
(r10) great_rsd(A,B) :- ring_subst_5(B,E), flex(E,D), r_subst_1(B,C), r_subst_2(A,F).
(r11) great_rsd(A,B) :- ring_subst_2(A,C), n_val(A,F), r_subst_3(B,E), ring_subst_2(A,D).
(r12) great_rsd(A,B) :- x_subst(B,F,E), x_subst(A,C,E), x_subst(A,F,D), ring_subst_4(B,D).
(r13) great_rsd(A,B) :- ring_substitutions(B,C), ring_substitutions(A,D), ring_subst_6(A,F), x_subst(A,D,E).
(r14) great_rsd(A,B) :- x_subst(A,D,C), ring_subst_5(B,C), ring_subst_6(A,C), alk_groups(B,E).
(r15) great_rsd(A,B) :- x_subst(A,E,D), n_val(A,F), x_subst(B,F,D), x_subst(A,E,C).
(r16) great_rsd(A,B) :- sigma(F,C), x_subst(B,E,F), ring_subst_5(A,F), ring_subst_5(B,D).
(r17) great_rsd(A,B) :- ring_substitutions(B,E), x_subst(B,C,D), ring_subst_2(A,F), ring_subst_5(B,D).
(r18) great_rsd(A,B) :- x_subst(B,F,E), x_subst(A,C,E), ring_subst_2(A,D).
(r19) great_rsd(A,B) :- ring_subst_6(B,E), polar(E,F), ring_subst_2(A,D), n_val(B,C).
(r20) great_rsd(A,B) :- r_subst_1(B,D), polar(E,F), ring_subst_3(B,E), n_val(A,C).
(r21) great_rsd(A,B) :- x_subst(A,E,D), pi_acceptor(D,C), r_subst_3(B,F), ring_subst_6(B,D).
(r22) great_rsd(A,B) :- ring_subst_6(B,E), x_subst(A,C,E), pi_doner(E,D), x_subst(B,C,F).
(r23) great_rsd(A,B) :- n_val(B,E), r_subst_3(B,E), alk_groups(A,D), ring_subst_3(B,C).
(r24) great_rsd(A,B) :- ring_substitutions(A,E), n_val(A,D), r_subst_1(B,C), r_subst_2(B,F).
(r25) great_rsd(A,B) :- ring_subst_2(A,C), ring_subst_4(B,F), ring_subst_3(B,E), ring_subst_6(A,D).
(r26) great_rsd(A,B) :- ring_subst_2(A,C), x_subst(A,E,D), x_subst(B,F,C), ring_subst_6(A,D).
(r27) great_rsd(A,B) :- pi_acceptor(F,D), ring_subst_3(A,F), r_subst_2(B,E), ring_subst_3(B,C).
(r28) great_rsd(A,B) :- ring_subst_2(A,C), ring_subst_2(B,D), ring_subst_4(A,C), ring_subst_3(B,E).
(r29) great_rsd(A,B) :- pi_acceptor(E,D), ring_subst_3(B,E), ring_subst_5(A,F), pi_doner(F,C).
(r30) great_rsd(A,B) :- ring_substitutions(A,D), x_subst(A,D,C), ring_subst_4(A,C), ring_subst_2(B,E).
(r31) great_rsd(A,B) :- r_subst_2(A,C), ring_subst_2(B,D), ring_subst_5(B,F), pi_acceptor(F,E).
(r32) great_rsd(A,B) :- ring_subst_3(A,C), r_subst_3(A,D), n_val(B,D), n_val(A,E).
(r33) great_rsd(A,B) :- ring_substitutions(B,E), x_subst(A,E,F), x_subst(B,E,C), ring_subst_6(A,D).
(r34) great_rsd(A,B) :- ring_subst_2(A,C), alk_groups(B,D), x_subst(A,D,E), flex(E,F).
(r35) great_rsd(A,B) :- x_subst(A,E,D), ring_subst_4(A,F), ring_substitutions(A,E), r_subst_3(B,C).
(r36) great_rsd(A,B) :- ring_subst_3(B,F), pi_doner(F,E), r_subst_2(B,C), ring_subst_6(A,D).
(r37) great_rsd(A,B) :- r_subst_2(B,E), h_doner(C,D), ring_subst_5(A,F), ring_subst_3(B,C).
(r38) great_rsd(A,B) :- ring_subst_3(A,F), r_subst_1(A,C), ring_subst_4(B,E), pi_acceptor(F,D).
(r39) great_rsd(A,B) :- n_val(B,F), x_subst(A,C,E), ring_subst_2(A,D), ring_subst_5(B,D).
(r40) great_rsd(A,B) :- ring_subst_4(A,D), ring_subst_6(B,E), sigma(F,C), ring_subst_5(A,F).
(r41) great_rsd(A,B) :- ring_subst_5(B,F), polar(C,D), r_subst_3(A,E), ring_subst_2(B,C).
(r42) great_rsd(A,B) :- x_subst(A,F,E), r_subst_3(A,D), ring_subst_4(A,E), ring_substitutions(B,C).
(r43) great_rsd(A,B) :- ring_subst_4(A,F), flex(C,E), ring_substitutions(B,D), ring_subst_2(B,C).
(r44) great_rsd(A,B) :- ring_subst_6(B,C), ring_subst_5(B,F), r_subst_1(A,D), n_val(A,E).
(r45) great_rsd(A,B) :- size(E,F), ring_subst_5(B,D), ring_subst_3(A,E), ring_substitutions(A,C).
(r46) great_rsd(A,B) :- ring_subst_5(A,C), ring_substitutions(A,E), ring_subst_4(B,F), polar(F,D).
(r47) great_rsd(A,B) :- ring_subst_2(A,F), ring_subst_2(B,D), ring_subst_6(A,C), ring_subst_3(A,E).
(r48) great_rsd(A,B) :- ring_substitutions(A,D), x_subst(A,D,C), ring_subst_6(B,C), pi_acceptor(C,E).
(r49) great_rsd(A,B) :- ring_subst_5(B,F), ring_subst_3(B,E), sigma(E,D), ring_substitutions(A,C).
(r50) great_rsd(A,B) :- x_subst(A,E,D), alk_groups(A,F), ring_subst_6(B,D), ring_subst_2(B,C).
(r51) great_rsd(A,B) :- n_val(B,D), sigma(F,C), ring_subst_4(B,F), ring_subst_3(A,E).
(r52) great_rsd(A,B) :- ring_subst_3(A,D), ring_subst_6(A,C), ring_subst_4(A,E), ring_subst_4(B,E).
(r53) great_rsd(A,B) :- ring_subst_6(B,E), pi_doner(E,D), flex(E,F), ring_substitutions(A,C).
(r54) great_rsd(A,B) :- ring_substitutions(B,C), ring_subst_2(A,F), gt(D,C), x_subst(B,D,E).
(r55) great_rsd(A,B) :- r_subst_3(B,D), x_subst(A,E,F), r_subst_3(B,C), ring_subst_6(B,F).
(r56) great_rsd(A,B) :- ring_subst_4(B,C), r_subst_3(A,E), r_subst_1(A,D).
(r57) great_rsd(A,B) :- n_val(A,F), x_subst(B,C,D), r_subst_2(B,E), r_subst_3(A,F).
(r58) great_rsd(A,B) :- r_subst_1(B,C), r_subst_1(A,C), x_subst(A,D,E).
(r59) great_rsd(A,B) :- r_subst_3(B,E), ring_subst_6(A,F), x_subst(A,E,C), pi_acceptor(C,D).
(r60) great_rsd(A,B) :- r_subst_1(B,D), x_subst(A,C,E), ring_subst_2(A,E), alk_groups(B,C).
(r61) great_rsd(A,B) :- x_subst(B,D,C), gt(E,D), r_subst_3(A,E), size(C,F).
(r62) great_rsd(A,B) :- ring_subst_3(B,F), r_subst_3(A,D), r_subst_1(A,C), pi_doner(F,E).
(r63) great_rsd(A,B) :- alk_groups(B,F), r_subst_1(B,E), alk_groups(B,D), ring_subst_6(A,C).
(r64) great_rsd(A,B) :- flex(C,D), ring_subst_6(A,E), pi_acceptor(E,F), ring_subst_2(B,C).
(r65) great_rsd(A,B) :- x_subst(A,D,F), r_subst_1(A,C), r_subst_3(B,E), ring_subst_5(B,F).
(r66) great_rsd(A,B) :- n_val(B,F), ring_subst_6(B,E), h_doner(C,D), ring_subst_6(A,C).
(r67) great_rsd(A,B) :- alk_groups(A,C), ring_subst_5(B,D), h_acceptor(D,E).
(r68) great_rsd(A,B) :- n_val(A,F), x_subst(B,D,E), r_subst_3(A,C), r_subst_3(A,F).
(r69) great_rsd(A,B) :- sigma(C,E), ring_subst_4(B,C), size(D,F), ring_subst_6(A,D).
(r70) great_rsd(A,B) :- n_val(B,C), flex(D,F), x_subst(A,C,D), ring_subst_4(B,E).
(r71) great_rsd(A,B) :- ring_substitutions(B,C), flex(F,D), r_subst_1(A,E), ring_subst_2(B,F).
(r72) great_rsd(A,B) :- polar(D,F), x_subst(B,C,D), ring_subst_2(A,D), r_subst_1(A,E).
(r73) great_rsd(A,B) :- ring_subst_6(A,F), h_doner(E,D), ring_subst_4(A,E), ring_subst_2(B,C).
(r74) great_rsd(A,B) :- ring_subst_3(B,F), x_subst(A,D,E), ring_subst_4(B,E), polar(E,C).
(r75) great_rsd(A,B) :- x_subst(A,D,F), ring_subst_3(A,F), ring_subst_4(A,F), x_subst(B,C,E).
(r76) great_rsd(A,B) :- r_subst_2(B,D), ring_subst_4(A,C), r_subst_2(A,D), ring_subst_3(A,E).
(r77) great_rsd(A,B) :- ring_substitutions(B,C), x_subst(A,C,E), size(F,D), ring_subst_5(A,F).
(r78) great_rsd(A,B) :- x_subst(B,F,E), n_val(A,C), pi_acceptor(E,D), ring_subst_3(A,E).
(r79) great_rsd(A,B) :- n_val(B,F), h_doner(C,D), r_subst_2(A,E), ring_subst_3(B,C).
(r80) great_rsd(A,B) :- ring_subst_6(A,F), pi_doner(F,D), r_subst_3(B,C), ring_subst_3(A,E).
(r81) great_rsd(A,B) :- r_subst_3(B,D), r_subst_3(A,E), r_subst_1(B,C), r_subst_3(B,F).
(r82) great_rsd(A,B) :- r_subst_3(B,C), ring_subst_4(A,E), x_subst(A,F,D), x_subst(A,C,D).
(r83) great_rsd(A,B) :- alk_groups(A,E), ring_subst_3(A,F), r_subst_3(B,D), gt(E,C).
(r84) great_rsd(A,B) :- x_subst(B,F,E), ring_substitutions(A,D), ring_subst_2(B,E), polarisable(E,C).
(r85) great_rsd(A,B) :- x_subst(A,C,E), ring_subst_2(B,D), ring_subst_6(B,F), ring_subst_4(B,E).
(r86) great_rsd(A,B) :- n_val(B,F), r_subst_3(A,D), x_subst(B,D,E), n_val(B,C).
(r87) great_rsd(A,B) :- x_subst(A,C,E), n_val(B,C), r_subst_1(A,D), r_subst_1(A,F).
(r88) great_rsd(A,B) :- x_subst(B,D,F), r_subst_3(A,D), ring_subst_6(A,E), ring_subst_2(A,C).
(r89) great_rsd(A,B) :- r_subst_3(B,D), x_subst(B,F,C), r_subst_3(A,E).
(r90) great_rsd(A,B) :- x_subst(A,F,E), ring_subst_5(B,C), ring_subst_4(B,C), h_acceptor(E,D).
====================
MaxSAT solving... (3099 vars, 21281 hard, 969 soft)
number of rules: 92
program size: 421
(inv1) inv1(X1,X2,X3,X4,X5,X6,X7) :- r_subst_3(X1,X2), r_subst_3(X3,X4), x_subst(X5,X6,X7).
(inv2) inv2(X1,X2,X3,X4,X5,X6,X7,X8,X9,X10) :- x_subst(X1,X2,X3), x_subst(X4,X5,X6), ring_subst_2(X7,X8), ring_subst_2(X9,X10).
(r1) great_rsd(A,B) :- n_val(A,C), ring_subst_3(A,D), flex(D,E), ring_subst_6(B,D).
(r2) great_rsd(A,B) :- inv1(B,C,B,C,A,C,F), polar(F,E), alk_groups(B,D).
(r3) great_rsd(A,B) :- h_acceptor(E,F), ring_subst_2(A,D), pi_doner(D,C), ring_subst_4(B,E).
(r4) great_rsd(A,B) :- size(E,F), ring_subst_6(A,E), x_subst(A,C,D), n_val(B,C).
(r5) great_rsd(A,B) :- ring_subst_3(B,F), size(F,D), sigma(E,C), ring_subst_4(A,E).
(r6) great_rsd(A,B) :- n_val(A,C), ring_subst_5(B,F), gt(C,D), alk_groups(B,E).
(r7) great_rsd(A,B) :- x_subst(A,D,F), x_subst(B,D,F), ring_subst_4(A,C), x_subst(A,E,C).
(r8) great_rsd(A,B) :- inv2(A,E,C,A,E,C,A,C,B,D), r_subst_2(B,F).
(r9) great_rsd(A,B) :- ring_subst_4(A,D), polarisable(C,E), ring_subst_2(B,D), ring_subst_3(B,C).
(r10) great_rsd(A,B) :- ring_subst_5(B,E), flex(E,D), r_subst_1(B,C), r_subst_2(A,F).
(r11) great_rsd(A,B) :- ring_subst_2(A,C), n_val(A,F), r_subst_3(B,E), ring_subst_2(A,D).
(r12) great_rsd(A,B) :- x_subst(B,F,E), x_subst(A,C,E), x_subst(A,F,D), ring_subst_4(B,D).
(r13) great_rsd(A,B) :- ring_substitutions(B,C), ring_substitutions(A,D), ring_subst_6(A,F), x_subst(A,D,E).
(r14) great_rsd(A,B) :- x_subst(A,D,C), ring_subst_5(B,C), ring_subst_6(A,C), alk_groups(B,E).
(r15) great_rsd(A,B) :- x_subst(A,E,D), n_val(A,F), x_subst(B,F,D), x_subst(A,E,C).
(r16) great_rsd(A,B) :- sigma(F,C), x_subst(B,E,F), ring_subst_5(A,F), ring_subst_5(B,D).
(r17) great_rsd(A,B) :- inv2(B,C,D,B,C,D,A,F,A,F), ring_substitutions(B,E), ring_subst_5(B,D).
(r18) great_rsd(A,B) :- inv2(B,F,E,A,C,E,A,D,A,D).
(r19) great_rsd(A,B) :- ring_subst_6(B,E), polar(E,F), ring_subst_2(A,D), n_val(B,C).
(r20) great_rsd(A,B) :- r_subst_1(B,D), polar(E,F), ring_subst_3(B,E), n_val(A,C).
(r21) great_rsd(A,B) :- inv1(B,F,B,F,A,E,D), pi_acceptor(D,C), ring_subst_6(B,D).
(r22) great_rsd(A,B) :- ring_subst_6(B,E), x_subst(A,C,E), pi_doner(E,D), x_subst(B,C,F).
(r23) great_rsd(A,B) :- n_val(B,E), r_subst_3(B,E), alk_groups(A,D), ring_subst_3(B,C).
(r24) great_rsd(A,B) :- ring_substitutions(A,E), n_val(A,D), r_subst_1(B,C), r_subst_2(B,F).
(r25) great_rsd(A,B) :- ring_subst_2(A,C), ring_subst_4(B,F), ring_subst_3(B,E), ring_subst_6(A,D).
(r26) great_rsd(A,B) :- inv2(A,E,D,B,F,C,A,C,A,C), ring_subst_6(A,D).
(r27) great_rsd(A,B) :- pi_acceptor(F,D), ring_subst_3(A,F), r_subst_2(B,E), ring_subst_3(B,C).
(r28) great_rsd(A,B) :- ring_subst_2(A,C), ring_subst_2(B,D), ring_subst_4(A,C), ring_subst_3(B,E).
(r29) great_rsd(A,B) :- pi_acceptor(E,D), ring_subst_3(B,E), ring_subst_5(A,F), pi_doner(F,C).
(r30) great_rsd(A,B) :- inv2(A,D,C,A,D,C,B,E,B,E), ring_substitutions(A,D), ring_subst_4(A,C).
(r31) great_rsd(A,B) :- r_subst_2(A,C), ring_subst_2(B,D), ring_subst_5(B,F), pi_acceptor(F,E).
(r32) great_rsd(A,B) :- ring_subst_3(A,C), r_subst_3(A,D), n_val(B,D), n_val(A,E).
(r33) great_rsd(A,B) :- ring_substitutions(B,E), x_subst(A,E,F), x_subst(B,E,C), ring_subst_6(A,D).
(r34) great_rsd(A,B) :- inv2(A,D,E,A,D,E,A,C,A,C), alk_groups(B,D), flex(E,F).
(r35) great_rsd(A,B) :- inv1(B,C,B,C,A,E,D), ring_subst_4(A,F), ring_substitutions(A,E).
(r36) great_rsd(A,B) :- ring_subst_3(B,F), pi_doner(F,E), r_subst_2(B,C), ring_subst_6(A,D).
(r37) great_rsd(A,B) :- r_subst_2(B,E), h_doner(C,D), ring_subst_5(A,F), ring_subst_3(B,C).
(r38) great_rsd(A,B) :- ring_subst_3(A,F), r_subst_1(A,C), ring_subst_4(B,E), pi_acceptor(F,D).
(r39) great_rsd(A,B) :- inv2(A,C,E,A,C,E,A,D,A,D), n_val(B,F), ring_subst_5(B,D).
(r40) great_rsd(A,B) :- ring_subst_4(A,D), ring_subst_6(B,E), sigma(F,C), ring_subst_5(A,F).
(r41) great_rsd(A,B) :- ring_subst_5(B,F), polar(C,D), r_subst_3(A,E), ring_subst_2(B,C).
(r42) great_rsd(A,B) :- inv1(A,D,A,D,A,F,E), ring_subst_4(A,E), ring_substitutions(B,C).
(r43) great_rsd(A,B) :- ring_subst_4(A,F), flex(C,E), ring_substitutions(B,D), ring_subst_2(B,C).
(r44) great_rsd(A,B) :- ring_subst_6(B,C), ring_subst_5(B,F), r_subst_1(A,D), n_val(A,E).
(r45) great_rsd(A,B) :- size(E,F), ring_subst_5(B,D), ring_subst_3(A,E), ring_substitutions(A,C).
(r46) great_rsd(A,B) :- ring_subst_5(A,C), ring_substitutions(A,E), ring_subst_4(B,F), polar(F,D).
(r47) great_rsd(A,B) :- ring_subst_2(A,F), ring_subst_2(B,D), ring_subst_6(A,C), ring_subst_3(A,E).
(r48) great_rsd(A,B) :- ring_substitutions(A,D), x_subst(A,D,C), ring_subst_6(B,C), pi_acceptor(C,E).
(r49) great_rsd(A,B) :- ring_subst_5(B,F), ring_subst_3(B,E), sigma(E,D), ring_substitutions(A,C).
(r50) great_rsd(A,B) :- inv2(A,E,D,A,E,D,B,C,B,C), alk_groups(A,F), ring_subst_6(B,D).
(r51) great_rsd(A,B) :- n_val(B,D), sigma(F,C), ring_subst_4(B,F), ring_subst_3(A,E).
(r52) great_rsd(A,B) :- ring_subst_3(A,D), ring_subst_6(A,C), ring_subst_4(A,E), ring_subst_4(B,E).
(r53) great_rsd(A,B) :- ring_subst_6(B,E), pi_doner(E,D), flex(E,F), ring_substitutions(A,C).
(r54) great_rsd(A,B) :- inv2(B,D,E,B,D,E,A,F,A,F), ring_substitutions(B,C), gt(D,C).
(r55) great_rsd(A,B) :- inv1(B,D,B,C,A,E,F), ring_subst_6(B,F).
(r56) great_rsd(A,B) :- ring_subst_4(B,C), r_subst_3(A,E), r_subst_1(A,D).
(r57) great_rsd(A,B) :- inv1(A,F,A,F,B,C,D), n_val(A,F), r_subst_2(B,E).
(r58) great_rsd(A,B) :- r_subst_1(B,C), r_subst_1(A,C), x_subst(A,D,E).
(r59) great_rsd(A,B) :- inv1(B,E,B,E,A,E,C), ring_subst_6(A,F), pi_acceptor(C,D).
(r60) great_rsd(A,B) :- inv2(A,C,E,A,C,E,A,E,A,E), r_subst_1(B,D), alk_groups(B,C).
(r61) great_rsd(A,B) :- inv1(A,E,A,E,B,D,C), gt(E,D), size(C,F).
(r62) great_rsd(A,B) :- ring_subst_3(B,F), r_subst_3(A,D), r_subst_1(A,C), pi_doner(F,E).
(r63) great_rsd(A,B) :- alk_groups(B,F), r_subst_1(B,E), alk_groups(B,D), ring_subst_6(A,C).
(r64) great_rsd(A,B) :- flex(C,D), ring_subst_6(A,E), pi_acceptor(E,F), ring_subst_2(B,C).
(r65) great_rsd(A,B) :- inv1(B,E,B,E,A,D,F), r_subst_1(A,C), ring_subst_5(B,F).
(r66) great_rsd(A,B) :- n_val(B,F), ring_subst_6(B,E), h_doner(C,D), ring_subst_6(A,C).
(r67) great_rsd(A,B) :- alk_groups(A,C), ring_subst_5(B,D), h_acceptor(D,E).
(r68) great_rsd(A,B) :- inv1(A,C,A,F,B,D,E), n_val(A,F).
(r69) great_rsd(A,B) :- sigma(C,E), ring_subst_4(B,C), size(D,F), ring_subst_6(A,D).
(r70) great_rsd(A,B) :- n_val(B,C), flex(D,F), x_subst(A,C,D), ring_subst_4(B,E).
(r71) great_rsd(A,B) :- ring_substitutions(B,C), flex(F,D), r_subst_1(A,E), ring_subst_2(B,F).
(r72) great_rsd(A,B) :- inv2(B,C,D,B,C,D,A,D,A,D), polar(D,F), r_subst_1(A,E).
(r73) great_rsd(A,B) :- ring_subst_6(A,F), h_doner(E,D), ring_subst_4(A,E), ring_subst_2(B,C).
(r74) great_rsd(A,B) :- ring_subst_3(B,F), x_subst(A,D,E), ring_subst_4(B,E), polar(E,C).
(r75) great_rsd(A,B) :- x_subst(A,D,F), ring_subst_3(A,F), ring_subst_4(A,F), x_subst(B,C,E).
(r76) great_rsd(A,B) :- r_subst_2(B,D), ring_subst_4(A,C), r_subst_2(A,D), ring_subst_3(A,E).
(r77) great_rsd(A,B) :- ring_substitutions(B,C), x_subst(A,C,E), size(F,D), ring_subst_5(A,F).
(r78) great_rsd(A,B) :- x_subst(B,F,E), n_val(A,C), pi_acceptor(E,D), ring_subst_3(A,E).
(r79) great_rsd(A,B) :- n_val(B,F), h_doner(C,D), r_subst_2(A,E), ring_subst_3(B,C).
(r80) great_rsd(A,B) :- ring_subst_6(A,F), pi_doner(F,D), r_subst_3(B,C), ring_subst_3(A,E).
(r81) great_rsd(A,B) :- r_subst_3(B,D), r_subst_3(A,E), r_subst_1(B,C), r_subst_3(B,F).
(r82) great_rsd(A,B) :- inv1(B,C,B,C,A,F,D), ring_subst_4(A,E), x_subst(A,C,D).
(r83) great_rsd(A,B) :- alk_groups(A,E), ring_subst_3(A,F), r_subst_3(B,D), gt(E,C).
(r84) great_rsd(A,B) :- inv2(B,F,E,B,F,E,B,E,B,E), ring_substitutions(A,D), polarisable(E,C).
(r85) great_rsd(A,B) :- inv2(A,C,E,A,C,E,B,D,B,D), ring_subst_6(B,F), ring_subst_4(B,E).
(r86) great_rsd(A,B) :- inv1(A,D,A,D,B,D,E), n_val(B,F), n_val(B,C).
(r87) great_rsd(A,B) :- x_subst(A,C,E), n_val(B,C), r_subst_1(A,D), r_subst_1(A,F).
(r88) great_rsd(A,B) :- inv1(A,D,A,D,B,D,F), ring_subst_6(A,E), ring_subst_2(A,C).
(r89) great_rsd(A,B) :- inv1(B,D,A,E,B,F,C).
(r90) great_rsd(A,B) :- x_subst(A,F,E), ring_subst_5(B,C), ring_subst_4(B,C), h_acceptor(E,D).
====================
