number of rules: 40
program size: 197
(r1) great(A,B) :- alk_groups(B,C), pi_acceptor(F,D), ring_subst_3(A,F), h_acceptor(F,E).
(r2) great(A,B) :- ring_subst_3(A,E), h_doner(E,C), ring_subst_2(B,D), ring_subst_6(B,D).
(r3) great(A,B) :- n_val(A,F), r_subst_3(A,F), polarisable(D,E), x_subst(B,C,D).
(r4) great(A,B) :- ring_substitutions(B,E), r_subst_3(A,C), alk_groups(B,E), r_subst_1(B,D).
(r5) great(A,B) :- alk_groups(B,C), n_val(A,C), ring_subst_4(B,E), r_subst_2(B,D).
(r6) great(A,B) :- ring_subst_6(B,C), ring_substitutions(A,E), ring_subst_5(B,C), ring_subst_6(A,D).
(r7) great(A,B) :- r_subst_3(B,E), ring_subst_4(A,C), ring_subst_6(A,D), alk_groups(B,E).
(r8) great(A,B) :- r_subst_3(A,C), ring_subst_5(B,D), r_subst_3(B,E).
(r9) great(A,B) :- ring_subst_5(A,E), r_subst_3(A,C), ring_subst_5(B,D), ring_subst_3(B,D).
(r10) great(A,B) :- ring_subst_2(B,E), ring_subst_5(A,E), ring_subst_4(A,C), pi_acceptor(C,D).
(r11) great(A,B) :- ring_substitutions(A,E), ring_subst_4(B,C), n_val(A,D).
(r12) great(A,B) :- gt(E,F), r_subst_3(A,C), x_subst(A,E,D), alk_groups(B,E).
(r13) great(A,B) :- n_val(B,C), n_val(B,F), ring_subst_6(A,D), x_subst(B,F,E).
(r14) great(A,B) :- x_subst(B,E,F), r_subst_1(B,C), ring_substitutions(A,D), n_val(A,D).
(r15) great(A,B) :- ring_subst_2(B,E), alk_groups(A,C), x_subst(B,C,D), r_subst_2(A,F).
(r16) great(A,B) :- ring_subst_4(A,E), ring_subst_2(A,F), ring_subst_5(B,D), pi_acceptor(D,C).
(r17) great(A,B) :- gt(E,C), n_val(A,F), alk_groups(B,E), r_subst_1(B,D).
(r18) great(A,B) :- ring_subst_6(B,E), ring_substitutions(B,C), x_subst(A,F,E), gt(C,D).
(r19) great(A,B) :- ring_subst_4(B,F), r_subst_1(B,D), sigma(F,C), alk_groups(A,E).
(r20) great(A,B) :- ring_substitutions(B,E), ring_subst_2(B,D), n_val(A,F), x_subst(B,E,C).
(r21) great(A,B) :- x_subst(A,E,C), ring_subst_4(B,F), ring_subst_6(A,F), n_val(B,D).
(r22) great(A,B) :- r_subst_1(B,E), alk_groups(B,D), ring_subst_5(A,F), polar(F,C).
(r23) great(A,B) :- r_subst_2(A,D), alk_groups(A,F), r_subst_3(B,C), r_subst_3(A,E).
(r24) great(A,B) :- x_subst(B,C,E), alk_groups(B,D), gt(C,D), n_val(A,C).
(r25) great(A,B) :- x_subst(B,D,C), ring_subst_4(A,C), alk_groups(A,D), alk_groups(B,E).
(r26) great(A,B) :- x_subst(B,C,E), ring_subst_3(A,E), x_subst(B,D,E), gt(C,F).
(r27) great(A,B) :- x_subst(B,F,C), ring_subst_3(B,C), ring_substitutions(A,E), x_subst(B,F,D).
(r28) great(A,B) :- x_subst(A,C,D), ring_subst_4(B,F), x_subst(A,E,D), ring_subst_2(A,D).
(r29) great(A,B) :- ring_subst_4(A,E), ring_subst_4(B,F), ring_subst_4(A,D), polarisable(F,C).
(r30) great(A,B) :- ring_subst_3(A,E), alk_groups(B,D), ring_subst_5(A,F), gt(D,C).
(r31) great(A,B) :- ring_subst_4(B,C), alk_groups(B,D), alk_groups(A,D).
(r32) great(A,B) :- x_subst(A,C,D), r_subst_3(A,F), ring_subst_5(A,D), x_subst(B,F,E).
(r33) great(A,B) :- gt(E,C), ring_subst_3(B,F), x_subst(A,E,D), ring_subst_5(A,D).
(r34) great(A,B) :- x_subst(A,D,E), ring_subst_3(B,E), pi_acceptor(E,C), n_val(A,D).
(r35) great(A,B) :- ring_subst_4(B,C), ring_subst_5(A,F), x_subst(A,E,D), ring_subst_6(A,C).
(r36) great(A,B) :- ring_subst_4(B,E), alk_groups(A,F), r_subst_1(B,C), ring_subst_6(A,D).
(r37) great(A,B) :- alk_groups(A,C), x_subst(B,F,D), ring_substitutions(A,C), ring_subst_3(A,E).
(r38) great(A,B) :- n_val(B,F), r_subst_2(A,E), x_subst(A,D,C), n_val(B,D).
(r39) great(A,B) :- size(F,E), ring_subst_5(A,C), ring_subst_5(A,F), ring_subst_5(B,D).
(r40) great(A,B) :- ring_subst_3(A,E), ring_subst_5(B,C), ring_subst_3(A,F), ring_subst_4(A,D).
====================
MaxSAT solving... (1401 vars, 8209 hard, 459 soft)
number of rules: 42
program size: 187
(inv1) inv1(X1,X2,X3,X4,X5,X6) :- ring_subst_4(X1,X2), alk_groups(X3,X4), alk_groups(X5,X6).
(inv2) inv2(X1,X2,X3,X4,X5,X6,X7) :- n_val(X1,X2), n_val(X3,X4), x_subst(X5,X6,X7).
(r1) great(A,B) :- alk_groups(B,C), pi_acceptor(F,D), ring_subst_3(A,F), h_acceptor(F,E).
(r2) great(A,B) :- ring_subst_3(A,E), h_doner(E,C), ring_subst_2(B,D), ring_subst_6(B,D).
(r3) great(A,B) :- inv2(A,F,A,F,B,C,D), r_subst_3(A,F), polarisable(D,E).
(r4) great(A,B) :- ring_substitutions(B,E), r_subst_3(A,C), alk_groups(B,E), r_subst_1(B,D).
(r5) great(A,B) :- inv1(B,E,B,C,B,C), n_val(A,C), r_subst_2(B,D).
(r6) great(A,B) :- ring_subst_6(B,C), ring_substitutions(A,E), ring_subst_5(B,C), ring_subst_6(A,D).
(r7) great(A,B) :- inv1(A,C,B,E,B,E), r_subst_3(B,E), ring_subst_6(A,D).
(r8) great(A,B) :- r_subst_3(A,C), ring_subst_5(B,D), r_subst_3(B,E).
(r9) great(A,B) :- ring_subst_5(A,E), r_subst_3(A,C), ring_subst_5(B,D), ring_subst_3(B,D).
(r10) great(A,B) :- ring_subst_2(B,E), ring_subst_5(A,E), ring_subst_4(A,C), pi_acceptor(C,D).
(r11) great(A,B) :- ring_substitutions(A,E), ring_subst_4(B,C), n_val(A,D).
(r12) great(A,B) :- gt(E,F), r_subst_3(A,C), x_subst(A,E,D), alk_groups(B,E).
(r13) great(A,B) :- inv2(B,C,B,F,B,F,E), ring_subst_6(A,D).
(r14) great(A,B) :- inv2(A,D,A,D,B,E,F), r_subst_1(B,C), ring_substitutions(A,D).
(r15) great(A,B) :- ring_subst_2(B,E), alk_groups(A,C), x_subst(B,C,D), r_subst_2(A,F).
(r16) great(A,B) :- ring_subst_4(A,E), ring_subst_2(A,F), ring_subst_5(B,D), pi_acceptor(D,C).
(r17) great(A,B) :- gt(E,C), n_val(A,F), alk_groups(B,E), r_subst_1(B,D).
(r18) great(A,B) :- ring_subst_6(B,E), ring_substitutions(B,C), x_subst(A,F,E), gt(C,D).
(r19) great(A,B) :- inv1(B,F,A,E,A,E), r_subst_1(B,D), sigma(F,C).
(r20) great(A,B) :- inv2(A,F,A,F,B,E,C), ring_substitutions(B,E), ring_subst_2(B,D).
(r21) great(A,B) :- inv2(B,D,B,D,A,E,C), ring_subst_4(B,F), ring_subst_6(A,F).
(r22) great(A,B) :- r_subst_1(B,E), alk_groups(B,D), ring_subst_5(A,F), polar(F,C).
(r23) great(A,B) :- r_subst_2(A,D), alk_groups(A,F), r_subst_3(B,C), r_subst_3(A,E).
(r24) great(A,B) :- inv2(A,C,A,C,B,C,E), alk_groups(B,D), gt(C,D).
(r25) great(A,B) :- inv1(A,C,A,D,B,E), x_subst(B,D,C).
(r26) great(A,B) :- x_subst(B,C,E), ring_subst_3(A,E), x_subst(B,D,E), gt(C,F).
(r27) great(A,B) :- x_subst(B,F,C), ring_subst_3(B,C), ring_substitutions(A,E), x_subst(B,F,D).
(r28) great(A,B) :- x_subst(A,C,D), ring_subst_4(B,F), x_subst(A,E,D), ring_subst_2(A,D).
(r29) great(A,B) :- ring_subst_4(A,E), ring_subst_4(B,F), ring_subst_4(A,D), polarisable(F,C).
(r30) great(A,B) :- ring_subst_3(A,E), alk_groups(B,D), ring_subst_5(A,F), gt(D,C).
(r31) great(A,B) :- inv1(B,C,B,D,A,D).
(r32) great(A,B) :- x_subst(A,C,D), r_subst_3(A,F), ring_subst_5(A,D), x_subst(B,F,E).
(r33) great(A,B) :- gt(E,C), ring_subst_3(B,F), x_subst(A,E,D), ring_subst_5(A,D).
(r34) great(A,B) :- inv2(A,D,A,D,A,D,E), ring_subst_3(B,E), pi_acceptor(E,C).
(r35) great(A,B) :- ring_subst_4(B,C), ring_subst_5(A,F), x_subst(A,E,D), ring_subst_6(A,C).
(r36) great(A,B) :- inv1(B,E,A,F,A,F), r_subst_1(B,C), ring_subst_6(A,D).
(r37) great(A,B) :- alk_groups(A,C), x_subst(B,F,D), ring_substitutions(A,C), ring_subst_3(A,E).
(r38) great(A,B) :- inv2(B,F,B,D,A,D,C), r_subst_2(A,E).
(r39) great(A,B) :- size(F,E), ring_subst_5(A,C), ring_subst_5(A,F), ring_subst_5(B,D).
(r40) great(A,B) :- ring_subst_3(A,E), ring_subst_5(B,C), ring_subst_3(A,F), ring_subst_4(A,D).
====================
