number of rules: 40
program size: 197
(r1) great_ne(A,B) :- ring_subst_3(B,E), ring_subst_3(A,C), ring_subst_2(B,D), ring_subst_2(A,D).
(r2) great_ne(A,B) :- ring_substitutions(B,F), r_subst_2(A,D), alk_groups(A,C), x_subst(A,F,E).
(r3) great_ne(A,B) :- x_subst(A,C,F), alk_groups(A,E), ring_subst_2(A,F), x_subst(B,C,D).
(r4) great_ne(A,B) :- polar(E,C), ring_subst_6(B,E), r_subst_3(A,D), polar(E,F).
(r5) great_ne(A,B) :- ring_subst_5(B,F), size(D,C), x_subst(A,E,D), n_val(A,E).
(r6) great_ne(A,B) :- x_subst(A,C,F), r_subst_1(A,E), n_val(A,C), r_subst_1(B,D).
(r7) great_ne(A,B) :- pi_acceptor(F,D), r_subst_3(A,C), ring_subst_6(B,E), ring_subst_3(A,F).
(r8) great_ne(A,B) :- ring_subst_6(A,C), x_subst(B,D,C), r_subst_1(A,E), n_val(A,F).
(r9) great_ne(A,B) :- h_acceptor(C,E), r_subst_2(A,D), x_subst(B,F,C), r_subst_3(B,F).
(r10) great_ne(A,B) :- ring_subst_3(B,E), r_subst_3(B,C), ring_substitutions(A,D), ring_subst_2(A,F).
(r11) great_ne(A,B) :- flex(E,F), ring_subst_5(B,E), r_subst_1(A,C), n_val(A,D).
(r12) great_ne(A,B) :- gt(D,C), x_subst(A,D,E), ring_substitutions(A,D), n_val(B,D).
(r13) great_ne(A,B) :- great_h_acc(C,E), ring_subst_5(A,F), ring_subst_6(B,D), h_acceptor(F,C).
(r14) great_ne(A,B) :- h_doner(D,C), ring_subst_4(B,D), ring_subst_4(A,D).
(r15) great_ne(A,B) :- ring_subst_5(A,F), r_subst_2(A,D), polarisable(E,C), ring_subst_6(B,E).
(r16) great_ne(A,B) :- ring_substitutions(B,F), alk_groups(A,D), x_subst(A,C,E), gt(F,C).
(r17) great_ne(A,B) :- ring_substitutions(B,F), ring_subst_2(A,E), flex(E,C), ring_subst_2(B,D).
(r18) great_ne(A,B) :- x_subst(A,E,F), polarisable(D,C), ring_subst_3(B,D).
(r19) great_ne(A,B) :- r_subst_3(A,F), ring_subst_2(B,D), ring_substitutions(A,E), gt(F,C).
(r20) great_ne(A,B) :- x_subst(A,E,F), polarisable(F,D), ring_substitutions(A,E), ring_substitutions(B,C).
(r21) great_ne(A,B) :- ring_subst_2(B,E), ring_subst_5(B,D), x_subst(A,F,E), polar(E,C).
(r22) great_ne(A,B) :- n_val(B,E), x_subst(A,E,C), ring_subst_4(B,C), r_subst_3(A,D).
(r23) great_ne(A,B) :- x_subst(A,E,F), r_subst_1(A,D), ring_subst_2(B,C), ring_subst_4(A,C).
(r24) great_ne(A,B) :- x_subst(B,F,C), polarisable(C,D), ring_subst_4(A,C), ring_subst_3(A,E).
(r25) great_ne(A,B) :- alk_groups(B,E), n_val(A,C), alk_groups(A,D), r_subst_1(B,F).
(r26) great_ne(A,B) :- ring_subst_2(A,E), ring_subst_4(B,C), ring_subst_6(A,E), n_val(A,D).
(r27) great_ne(A,B) :- ring_subst_6(B,F), ring_subst_4(A,E), pi_doner(F,C), ring_subst_4(A,D).
(r28) great_ne(A,B) :- ring_subst_2(B,C), ring_subst_3(B,D), x_subst(A,F,C), ring_substitutions(A,E).
(r29) great_ne(A,B) :- ring_subst_6(A,F), n_val(B,C), x_subst(A,D,F), ring_substitutions(B,E).
(r30) great_ne(A,B) :- ring_subst_5(A,D), ring_subst_4(B,F), ring_subst_5(B,E), h_acceptor(F,C).
(r31) great_ne(A,B) :- alk_groups(B,E), polarisable(C,D), gt(E,F), x_subst(A,F,C).
(r32) great_ne(A,B) :- r_subst_2(B,D), r_subst_3(A,C), ring_subst_2(B,F), ring_subst_3(A,E).
(r33) great_ne(A,B) :- ring_substitutions(A,C), ring_subst_2(B,E), r_subst_3(B,D), alk_groups(A,F).
(r34) great_ne(A,B) :- ring_subst_4(A,E), h_doner(D,C), ring_subst_2(B,D), r_subst_1(A,F).
(r35) great_ne(A,B) :- ring_substitutions(A,F), ring_substitutions(B,D), n_val(A,C), ring_substitutions(A,E).
(r36) great_ne(A,B) :- ring_subst_4(A,E), ring_subst_6(B,E), x_subst(A,D,F), alk_groups(B,C).
(r37) great_ne(A,B) :- h_doner(D,E), r_subst_3(A,C), ring_subst_2(B,F), ring_subst_2(A,D).
(r38) great_ne(A,B) :- x_subst(A,E,C), ring_subst_3(B,F), h_doner(C,D).
(r39) great_ne(A,B) :- r_subst_3(A,C), alk_groups(B,C), n_val(B,F), x_subst(A,E,D).
(r40) great_ne(A,B) :- ring_subst_2(A,E), r_subst_3(A,C), h_doner(E,F), n_val(B,D).
====================
MaxSAT solving... (1405 vars, 8813 hard, 463 soft)
number of rules: 42
program size: 190
(inv1) inv1(X1,X2,X3,X4,X5,X6) :- r_subst_3(X1,X2), ring_subst_2(X3,X4), ring_subst_2(X5,X6).
(inv2) inv2(X1,X2,X3,X4,X5) :- x_subst(X1,X2,X3), n_val(X4,X5).
(r1) great_ne(A,B) :- ring_subst_3(B,E), ring_subst_3(A,C), ring_subst_2(B,D), ring_subst_2(A,D).
(r2) great_ne(A,B) :- ring_substitutions(B,F), r_subst_2(A,D), alk_groups(A,C), x_subst(A,F,E).
(r3) great_ne(A,B) :- x_subst(A,C,F), alk_groups(A,E), ring_subst_2(A,F), x_subst(B,C,D).
(r4) great_ne(A,B) :- polar(E,C), ring_subst_6(B,E), r_subst_3(A,D), polar(E,F).
(r5) great_ne(A,B) :- inv2(A,E,D,A,E), ring_subst_5(B,F), size(D,C).
(r6) great_ne(A,B) :- inv2(A,C,F,A,C), r_subst_1(A,E), r_subst_1(B,D).
(r7) great_ne(A,B) :- pi_acceptor(F,D), r_subst_3(A,C), ring_subst_6(B,E), ring_subst_3(A,F).
(r8) great_ne(A,B) :- inv2(B,D,C,A,F), ring_subst_6(A,C), r_subst_1(A,E).
(r9) great_ne(A,B) :- h_acceptor(C,E), r_subst_2(A,D), x_subst(B,F,C), r_subst_3(B,F).
(r10) great_ne(A,B) :- inv1(B,C,A,F,A,F), ring_subst_3(B,E), ring_substitutions(A,D).
(r11) great_ne(A,B) :- flex(E,F), ring_subst_5(B,E), r_subst_1(A,C), n_val(A,D).
(r12) great_ne(A,B) :- inv2(A,D,E,B,D), gt(D,C), ring_substitutions(A,D).
(r13) great_ne(A,B) :- great_h_acc(C,E), ring_subst_5(A,F), ring_subst_6(B,D), h_acceptor(F,C).
(r14) great_ne(A,B) :- h_doner(D,C), ring_subst_4(B,D), ring_subst_4(A,D).
(r15) great_ne(A,B) :- ring_subst_5(A,F), r_subst_2(A,D), polarisable(E,C), ring_subst_6(B,E).
(r16) great_ne(A,B) :- ring_substitutions(B,F), alk_groups(A,D), x_subst(A,C,E), gt(F,C).
(r17) great_ne(A,B) :- ring_substitutions(B,F), ring_subst_2(A,E), flex(E,C), ring_subst_2(B,D).
(r18) great_ne(A,B) :- x_subst(A,E,F), polarisable(D,C), ring_subst_3(B,D).
(r19) great_ne(A,B) :- inv1(A,F,B,D,B,D), ring_substitutions(A,E), gt(F,C).
(r20) great_ne(A,B) :- x_subst(A,E,F), polarisable(F,D), ring_substitutions(A,E), ring_substitutions(B,C).
(r21) great_ne(A,B) :- ring_subst_2(B,E), ring_subst_5(B,D), x_subst(A,F,E), polar(E,C).
(r22) great_ne(A,B) :- inv2(A,E,C,B,E), ring_subst_4(B,C), r_subst_3(A,D).
(r23) great_ne(A,B) :- x_subst(A,E,F), r_subst_1(A,D), ring_subst_2(B,C), ring_subst_4(A,C).
(r24) great_ne(A,B) :- x_subst(B,F,C), polarisable(C,D), ring_subst_4(A,C), ring_subst_3(A,E).
(r25) great_ne(A,B) :- alk_groups(B,E), n_val(A,C), alk_groups(A,D), r_subst_1(B,F).
(r26) great_ne(A,B) :- ring_subst_2(A,E), ring_subst_4(B,C), ring_subst_6(A,E), n_val(A,D).
(r27) great_ne(A,B) :- ring_subst_6(B,F), ring_subst_4(A,E), pi_doner(F,C), ring_subst_4(A,D).
(r28) great_ne(A,B) :- ring_subst_2(B,C), ring_subst_3(B,D), x_subst(A,F,C), ring_substitutions(A,E).
(r29) great_ne(A,B) :- inv2(A,D,F,B,C), ring_subst_6(A,F), ring_substitutions(B,E).
(r30) great_ne(A,B) :- ring_subst_5(A,D), ring_subst_4(B,F), ring_subst_5(B,E), h_acceptor(F,C).
(r31) great_ne(A,B) :- alk_groups(B,E), polarisable(C,D), gt(E,F), x_subst(A,F,C).
(r32) great_ne(A,B) :- inv1(A,C,B,F,B,F), r_subst_2(B,D), ring_subst_3(A,E).
(r33) great_ne(A,B) :- inv1(B,D,B,E,B,E), ring_substitutions(A,C), alk_groups(A,F).
(r34) great_ne(A,B) :- ring_subst_4(A,E), h_doner(D,C), ring_subst_2(B,D), r_subst_1(A,F).
(r35) great_ne(A,B) :- ring_substitutions(A,F), ring_substitutions(B,D), n_val(A,C), ring_substitutions(A,E).
(r36) great_ne(A,B) :- ring_subst_4(A,E), ring_subst_6(B,E), x_subst(A,D,F), alk_groups(B,C).
(r37) great_ne(A,B) :- inv1(A,C,B,F,A,D), h_doner(D,E).
(r38) great_ne(A,B) :- x_subst(A,E,C), ring_subst_3(B,F), h_doner(C,D).
(r39) great_ne(A,B) :- inv2(A,E,D,B,F), r_subst_3(A,C), alk_groups(B,C).
(r40) great_ne(A,B) :- inv1(A,C,A,E,A,E), h_doner(E,F), n_val(B,D).
====================
