number of rules: 70
program size: 348
(r1) great_rsd(A,B) :- r_subst_3(B,C), ring_substitutions(B,E), r_subst_1(A,D), gt(E,C).
(r2) great_rsd(A,B) :- ring_subst_2(A,C), polar(F,E), ring_subst_2(B,F), polar(F,D).
(r3) great_rsd(A,B) :- x_subst(A,D,C), n_val(A,D), alk_groups(B,F), ring_subst_2(B,E).
(r4) great_rsd(A,B) :- ring_subst_2(B,D), r_subst_3(B,E), x_subst(A,C,F), ring_substitutions(A,C).
(r5) great_rsd(A,B) :- n_val(B,F), ring_subst_6(B,C), ring_subst_2(A,D), ring_subst_2(A,E).
(r6) great_rsd(A,B) :- ring_subst_4(B,D), r_subst_1(A,C), n_val(A,F), ring_subst_4(A,E).
(r7) great_rsd(A,B) :- x_subst(B,D,F), x_subst(A,D,C), alk_groups(A,D), pi_acceptor(F,E).
(r8) great_rsd(A,B) :- ring_subst_3(A,F), r_subst_2(B,E), h_acceptor(F,D), ring_substitutions(A,C).
(r9) great_rsd(A,B) :- x_subst(B,D,C), n_val(A,D), x_subst(B,E,F), n_val(B,E).
(r10) great_rsd(A,B) :- pi_acceptor(F,C), ring_subst_2(B,F), ring_subst_4(A,E), h_acceptor(E,D).
(r11) great_rsd(A,B) :- ring_substitutions(B,E), ring_subst_2(B,D), ring_substitutions(A,F), ring_subst_2(B,C).
(r12) great_rsd(A,B) :- r_subst_2(A,C), alk_groups(B,D), ring_subst_2(B,E), ring_substitutions(B,F).
(r13) great_rsd(A,B) :- ring_subst_6(B,D), ring_subst_6(A,E), h_acceptor(E,C), ring_subst_3(A,E).
(r14) great_rsd(A,B) :- ring_subst_4(A,F), ring_subst_2(B,F), x_subst(B,C,E), ring_subst_6(B,D).
(r15) great_rsd(A,B) :- x_subst(A,F,E), x_subst(B,F,E), pi_doner(E,D), great_pi_don(D,C).
(r16) great_rsd(A,B) :- ring_subst_3(A,F), pi_doner(D,E), r_subst_3(B,C), x_subst(A,C,D).
(r17) great_rsd(A,B) :- ring_subst_3(B,D), x_subst(B,C,D), r_subst_1(A,E), x_subst(A,F,D).
(r18) great_rsd(A,B) :- r_subst_2(A,C), ring_subst_2(B,F), ring_subst_4(A,E), pi_acceptor(F,D).
(r19) great_rsd(A,B) :- x_subst(A,D,F), ring_subst_3(B,E), h_doner(F,C).
(r20) great_rsd(A,B) :- x_subst(A,F,E), ring_subst_4(B,D), ring_subst_2(A,E), n_val(B,C).
(r21) great_rsd(A,B) :- ring_subst_2(A,F), ring_subst_6(A,C), ring_subst_3(B,E), ring_subst_4(B,D).
(r22) great_rsd(A,B) :- x_subst(A,E,D), n_val(A,F), ring_substitutions(A,F), ring_subst_3(B,C).
(r23) great_rsd(A,B) :- flex(E,C), ring_subst_2(B,E), ring_subst_5(A,F), ring_subst_6(A,D).
(r24) great_rsd(A,B) :- n_val(A,C), n_val(B,D), ring_subst_6(A,F), x_subst(A,D,E).
(r25) great_rsd(A,B) :- n_val(A,C), pi_doner(F,E), ring_subst_6(B,F), pi_acceptor(F,D).
(r26) great_rsd(A,B) :- ring_subst_5(B,F), ring_subst_2(B,E), ring_subst_6(A,C), polarisable(C,D).
(r27) great_rsd(A,B) :- ring_subst_3(A,F), ring_subst_2(B,D), ring_subst_4(B,C), flex(F,E).
(r28) great_rsd(A,B) :- ring_subst_6(B,C), ring_subst_2(B,F), n_val(A,D), gt(D,E).
(r29) great_rsd(A,B) :- r_subst_2(B,D), ring_subst_3(A,E), r_subst_1(B,F), ring_substitutions(A,C).
(r30) great_rsd(A,B) :- r_subst_3(A,D), ring_subst_3(B,C), x_subst(B,D,E), r_subst_1(A,F).
(r31) great_rsd(A,B) :- polarisable(E,C), n_val(B,F), x_subst(B,D,E), ring_substitutions(A,F).
(r32) great_rsd(A,B) :- r_subst_1(B,C), ring_subst_6(A,E), x_subst(B,D,E), ring_subst_3(A,E).
(r33) great_rsd(A,B) :- n_val(A,C), alk_groups(B,C), ring_subst_2(B,D), r_subst_3(A,C).
(r34) great_rsd(A,B) :- polar(F,C), r_subst_3(A,E), ring_subst_2(B,F), ring_subst_6(A,D).
(r35) great_rsd(A,B) :- polar(E,F), ring_subst_6(B,C), h_acceptor(C,D), ring_subst_2(A,E).
(r36) great_rsd(A,B) :- r_subst_3(A,E), ring_subst_6(B,F), pi_acceptor(D,C), ring_subst_6(A,D).
(r37) great_rsd(A,B) :- x_subst(A,F,E), r_subst_3(B,F), n_val(A,D), r_subst_3(A,C).
(r38) great_rsd(A,B) :- x_subst(B,D,C), ring_subst_6(A,F), x_subst(A,D,E).
(r39) great_rsd(A,B) :- x_subst(A,F,E), ring_subst_3(B,D), size(E,C), x_subst(A,F,D).
(r40) great_rsd(A,B) :- polar(F,C), ring_subst_4(A,E), ring_subst_4(B,F), r_subst_1(A,D).
(r41) great_rsd(A,B) :- pi_acceptor(D,E), ring_subst_2(B,D), r_subst_3(A,C), ring_substitutions(B,F).
(r42) great_rsd(A,B) :- ring_subst_2(B,E), ring_subst_6(A,F), x_subst(A,D,E), flex(E,C).
(r43) great_rsd(A,B) :- h_acceptor(F,E), r_subst_1(B,C), ring_subst_6(A,F), alk_groups(A,D).
(r44) great_rsd(A,B) :- ring_subst_2(A,C), r_subst_3(A,D), ring_subst_6(B,C), x_subst(B,D,E).
(r45) great_rsd(A,B) :- ring_subst_4(A,D), ring_subst_6(B,C), h_acceptor(D,E), ring_subst_6(A,D).
(r46) great_rsd(A,B) :- ring_subst_6(B,E), x_subst(B,C,D), alk_groups(A,F), ring_subst_2(A,D).
(r47) great_rsd(A,B) :- alk_groups(B,C), ring_subst_3(A,F), n_val(B,E), ring_subst_5(B,D).
(r48) great_rsd(A,B) :- ring_subst_4(A,E), ring_subst_5(B,C), x_subst(A,F,D), ring_subst_6(A,C).
(r49) great_rsd(A,B) :- ring_subst_4(A,D), pi_doner(C,E), alk_groups(B,F), ring_subst_2(B,C).
(r50) great_rsd(A,B) :- ring_substitutions(B,E), x_subst(B,C,D), ring_subst_5(A,F), ring_substitutions(A,C).
(r51) great_rsd(A,B) :- r_subst_3(A,D), h_doner(C,F), x_subst(B,E,C), gt(D,E).
(r52) great_rsd(A,B) :- r_subst_3(B,E), polarisable(D,F), r_subst_3(B,C), ring_subst_2(A,D).
(r53) great_rsd(A,B) :- x_subst(B,F,E), r_subst_3(A,D), ring_subst_6(B,C), ring_subst_6(B,E).
(r54) great_rsd(A,B) :- x_subst(A,C,E), ring_subst_2(A,F), ring_substitutions(B,D), n_val(B,C).
(r55) great_rsd(A,B) :- ring_substitutions(B,D), x_subst(A,D,C), x_subst(A,D,E), ring_subst_5(A,E).
(r56) great_rsd(A,B) :- pi_acceptor(E,C), alk_groups(B,F), alk_groups(A,D), ring_subst_3(A,E).
(r57) great_rsd(A,B) :- alk_groups(A,E), ring_subst_6(B,D), n_val(A,F), x_subst(A,E,C).
(r58) great_rsd(A,B) :- ring_substitutions(B,C), r_subst_3(A,D), ring_subst_4(B,F), x_subst(A,D,E).
(r59) great_rsd(A,B) :- pi_doner(E,F), alk_groups(B,C), ring_subst_5(B,E), ring_substitutions(A,D).
(r60) great_rsd(A,B) :- flex(C,E), ring_subst_4(A,C), ring_subst_4(B,F), ring_subst_6(A,D).
(r61) great_rsd(A,B) :- pi_doner(C,E), x_subst(B,F,C), r_subst_2(A,D), r_subst_3(B,F).
(r62) great_rsd(A,B) :- r_subst_3(B,D), x_subst(A,D,C), x_subst(B,D,C), r_subst_3(A,E).
(r63) great_rsd(A,B) :- ring_subst_2(B,D), ring_subst_6(B,C), flex(F,E), ring_subst_5(A,F).
(r64) great_rsd(A,B) :- ring_subst_2(A,C), ring_subst_2(A,D), ring_subst_5(B,C), ring_subst_3(A,E).
(r65) great_rsd(A,B) :- n_val(B,C), polarisable(D,F), x_subst(A,C,D), ring_subst_4(B,E).
(r66) great_rsd(A,B) :- ring_subst_6(A,E), alk_groups(A,D), ring_subst_5(A,F), n_val(B,C).
(r67) great_rsd(A,B) :- ring_substitutions(B,E), h_doner(C,D), ring_subst_6(A,C), gt(E,F).
(r68) great_rsd(A,B) :- ring_subst_6(B,E), r_subst_3(B,C), ring_subst_4(A,F), x_subst(B,D,E).
(r69) great_rsd(A,B) :- x_subst(A,E,F), ring_subst_4(B,F), ring_subst_5(B,D), ring_substitutions(A,C).
(r70) great_rsd(A,B) :- ring_subst_2(B,D), ring_subst_4(A,F), size(F,C), ring_subst_4(B,E).
====================
MaxSAT solving... (1734 vars, 10054 hard, 622 soft)
number of rules: 72
program size: 330
(inv1) inv1(X1,X2,X3,X4) :- ring_subst_6(X1,X2), ring_subst_2(X3,X4).
(inv2) inv2(X1,X2,X3,X4,X5,X6,X7,X8,X9,X10) :- x_subst(X1,X2,X3), x_subst(X4,X5,X6), r_subst_3(X7,X8), r_subst_3(X9,X10).
(r1) great_rsd(A,B) :- r_subst_3(B,C), ring_substitutions(B,E), r_subst_1(A,D), gt(E,C).
(r2) great_rsd(A,B) :- ring_subst_2(A,C), polar(F,E), ring_subst_2(B,F), polar(F,D).
(r3) great_rsd(A,B) :- x_subst(A,D,C), n_val(A,D), alk_groups(B,F), ring_subst_2(B,E).
(r4) great_rsd(A,B) :- inv2(A,C,F,A,C,F,B,E,B,E), ring_subst_2(B,D), ring_substitutions(A,C).
(r5) great_rsd(A,B) :- inv1(B,C,A,D), n_val(B,F), ring_subst_2(A,E).
(r6) great_rsd(A,B) :- ring_subst_4(B,D), r_subst_1(A,C), n_val(A,F), ring_subst_4(A,E).
(r7) great_rsd(A,B) :- x_subst(B,D,F), x_subst(A,D,C), alk_groups(A,D), pi_acceptor(F,E).
(r8) great_rsd(A,B) :- ring_subst_3(A,F), r_subst_2(B,E), h_acceptor(F,D), ring_substitutions(A,C).
(r9) great_rsd(A,B) :- x_subst(B,D,C), n_val(A,D), x_subst(B,E,F), n_val(B,E).
(r10) great_rsd(A,B) :- pi_acceptor(F,C), ring_subst_2(B,F), ring_subst_4(A,E), h_acceptor(E,D).
(r11) great_rsd(A,B) :- ring_substitutions(B,E), ring_subst_2(B,D), ring_substitutions(A,F), ring_subst_2(B,C).
(r12) great_rsd(A,B) :- r_subst_2(A,C), alk_groups(B,D), ring_subst_2(B,E), ring_substitutions(B,F).
(r13) great_rsd(A,B) :- ring_subst_6(B,D), ring_subst_6(A,E), h_acceptor(E,C), ring_subst_3(A,E).
(r14) great_rsd(A,B) :- inv1(B,D,B,F), ring_subst_4(A,F), x_subst(B,C,E).
(r15) great_rsd(A,B) :- x_subst(A,F,E), x_subst(B,F,E), pi_doner(E,D), great_pi_don(D,C).
(r16) great_rsd(A,B) :- inv2(A,C,D,A,C,D,B,C,B,C), ring_subst_3(A,F), pi_doner(D,E).
(r17) great_rsd(A,B) :- ring_subst_3(B,D), x_subst(B,C,D), r_subst_1(A,E), x_subst(A,F,D).
(r18) great_rsd(A,B) :- r_subst_2(A,C), ring_subst_2(B,F), ring_subst_4(A,E), pi_acceptor(F,D).
(r19) great_rsd(A,B) :- x_subst(A,D,F), ring_subst_3(B,E), h_doner(F,C).
(r20) great_rsd(A,B) :- x_subst(A,F,E), ring_subst_4(B,D), ring_subst_2(A,E), n_val(B,C).
(r21) great_rsd(A,B) :- inv1(A,C,A,F), ring_subst_3(B,E), ring_subst_4(B,D).
(r22) great_rsd(A,B) :- x_subst(A,E,D), n_val(A,F), ring_substitutions(A,F), ring_subst_3(B,C).
(r23) great_rsd(A,B) :- inv1(A,D,B,E), flex(E,C), ring_subst_5(A,F).
(r24) great_rsd(A,B) :- n_val(A,C), n_val(B,D), ring_subst_6(A,F), x_subst(A,D,E).
(r25) great_rsd(A,B) :- n_val(A,C), pi_doner(F,E), ring_subst_6(B,F), pi_acceptor(F,D).
(r26) great_rsd(A,B) :- inv1(A,C,B,E), ring_subst_5(B,F), polarisable(C,D).
(r27) great_rsd(A,B) :- ring_subst_3(A,F), ring_subst_2(B,D), ring_subst_4(B,C), flex(F,E).
(r28) great_rsd(A,B) :- inv1(B,C,B,F), n_val(A,D), gt(D,E).
(r29) great_rsd(A,B) :- r_subst_2(B,D), ring_subst_3(A,E), r_subst_1(B,F), ring_substitutions(A,C).
(r30) great_rsd(A,B) :- inv2(B,D,E,B,D,E,A,D,A,D), ring_subst_3(B,C), r_subst_1(A,F).
(r31) great_rsd(A,B) :- polarisable(E,C), n_val(B,F), x_subst(B,D,E), ring_substitutions(A,F).
(r32) great_rsd(A,B) :- r_subst_1(B,C), ring_subst_6(A,E), x_subst(B,D,E), ring_subst_3(A,E).
(r33) great_rsd(A,B) :- n_val(A,C), alk_groups(B,C), ring_subst_2(B,D), r_subst_3(A,C).
(r34) great_rsd(A,B) :- inv1(A,D,B,F), polar(F,C), r_subst_3(A,E).
(r35) great_rsd(A,B) :- inv1(B,C,A,E), polar(E,F), h_acceptor(C,D).
(r36) great_rsd(A,B) :- r_subst_3(A,E), ring_subst_6(B,F), pi_acceptor(D,C), ring_subst_6(A,D).
(r37) great_rsd(A,B) :- inv2(A,F,E,A,F,E,B,F,A,C), n_val(A,D).
(r38) great_rsd(A,B) :- x_subst(B,D,C), ring_subst_6(A,F), x_subst(A,D,E).
(r39) great_rsd(A,B) :- x_subst(A,F,E), ring_subst_3(B,D), size(E,C), x_subst(A,F,D).
(r40) great_rsd(A,B) :- polar(F,C), ring_subst_4(A,E), ring_subst_4(B,F), r_subst_1(A,D).
(r41) great_rsd(A,B) :- pi_acceptor(D,E), ring_subst_2(B,D), r_subst_3(A,C), ring_substitutions(B,F).
(r42) great_rsd(A,B) :- inv1(A,F,B,E), x_subst(A,D,E), flex(E,C).
(r43) great_rsd(A,B) :- h_acceptor(F,E), r_subst_1(B,C), ring_subst_6(A,F), alk_groups(A,D).
(r44) great_rsd(A,B) :- inv1(B,C,A,C), inv2(B,D,E,B,D,E,A,D,A,D).
(r45) great_rsd(A,B) :- ring_subst_4(A,D), ring_subst_6(B,C), h_acceptor(D,E), ring_subst_6(A,D).
(r46) great_rsd(A,B) :- inv1(B,E,A,D), x_subst(B,C,D), alk_groups(A,F).
(r47) great_rsd(A,B) :- alk_groups(B,C), ring_subst_3(A,F), n_val(B,E), ring_subst_5(B,D).
(r48) great_rsd(A,B) :- ring_subst_4(A,E), ring_subst_5(B,C), x_subst(A,F,D), ring_subst_6(A,C).
(r49) great_rsd(A,B) :- ring_subst_4(A,D), pi_doner(C,E), alk_groups(B,F), ring_subst_2(B,C).
(r50) great_rsd(A,B) :- ring_substitutions(B,E), x_subst(B,C,D), ring_subst_5(A,F), ring_substitutions(A,C).
(r51) great_rsd(A,B) :- inv2(B,E,C,B,E,C,A,D,A,D), h_doner(C,F), gt(D,E).
(r52) great_rsd(A,B) :- r_subst_3(B,E), polarisable(D,F), r_subst_3(B,C), ring_subst_2(A,D).
(r53) great_rsd(A,B) :- inv2(B,F,E,B,F,E,A,D,A,D), ring_subst_6(B,C), ring_subst_6(B,E).
(r54) great_rsd(A,B) :- x_subst(A,C,E), ring_subst_2(A,F), ring_substitutions(B,D), n_val(B,C).
(r55) great_rsd(A,B) :- ring_substitutions(B,D), x_subst(A,D,C), x_subst(A,D,E), ring_subst_5(A,E).
(r56) great_rsd(A,B) :- pi_acceptor(E,C), alk_groups(B,F), alk_groups(A,D), ring_subst_3(A,E).
(r57) great_rsd(A,B) :- alk_groups(A,E), ring_subst_6(B,D), n_val(A,F), x_subst(A,E,C).
(r58) great_rsd(A,B) :- inv2(A,D,E,A,D,E,A,D,A,D), ring_substitutions(B,C), ring_subst_4(B,F).
(r59) great_rsd(A,B) :- pi_doner(E,F), alk_groups(B,C), ring_subst_5(B,E), ring_substitutions(A,D).
(r60) great_rsd(A,B) :- flex(C,E), ring_subst_4(A,C), ring_subst_4(B,F), ring_subst_6(A,D).
(r61) great_rsd(A,B) :- inv2(B,F,C,B,F,C,B,F,B,F), pi_doner(C,E), r_subst_2(A,D).
(r62) great_rsd(A,B) :- inv2(A,D,C,B,D,C,B,D,A,E).
(r63) great_rsd(A,B) :- inv1(B,C,B,D), flex(F,E), ring_subst_5(A,F).
(r64) great_rsd(A,B) :- ring_subst_2(A,C), ring_subst_2(A,D), ring_subst_5(B,C), ring_subst_3(A,E).
(r65) great_rsd(A,B) :- n_val(B,C), polarisable(D,F), x_subst(A,C,D), ring_subst_4(B,E).
(r66) great_rsd(A,B) :- ring_subst_6(A,E), alk_groups(A,D), ring_subst_5(A,F), n_val(B,C).
(r67) great_rsd(A,B) :- ring_substitutions(B,E), h_doner(C,D), ring_subst_6(A,C), gt(E,F).
(r68) great_rsd(A,B) :- inv2(B,D,E,B,D,E,B,C,B,C), ring_subst_6(B,E), ring_subst_4(A,F).
(r69) great_rsd(A,B) :- x_subst(A,E,F), ring_subst_4(B,F), ring_subst_5(B,D), ring_substitutions(A,C).
(r70) great_rsd(A,B) :- ring_subst_2(B,D), ring_subst_4(A,F), size(F,C), ring_subst_4(B,E).
====================
