number of rules: 40
program size: 198
(r1) great(A,B) :- x_subst(A,C,D), r_subst_1(B,F), ring_substitutions(A,C), alk_groups(A,E).
(r2) great(A,B) :- gt(E,D), ring_subst_6(B,C), ring_subst_5(A,F), alk_groups(B,E).
(r3) great(A,B) :- sigma(E,F), ring_subst_5(B,E), r_subst_2(A,C), h_acceptor(E,D).
(r4) great(A,B) :- x_subst(A,C,D), ring_subst_4(B,F), polar(D,E), polar(F,E).
(r5) great(A,B) :- ring_subst_3(B,C), sigma(D,E), ring_substitutions(A,F), ring_subst_6(B,D).
(r6) great(A,B) :- alk_groups(B,D), ring_subst_4(A,F), r_subst_2(A,C), ring_subst_5(B,E).
(r7) great(A,B) :- r_subst_3(A,C), ring_substitutions(B,D), ring_substitutions(A,D).
(r8) great(A,B) :- gt(E,F), ring_subst_6(B,C), x_subst(A,E,D), x_subst(A,F,C).
(r9) great(A,B) :- ring_subst_2(B,E), ring_subst_5(A,F), sigma(F,C), ring_subst_6(A,D).
(r10) great(A,B) :- alk_groups(A,C), ring_substitutions(A,E), ring_subst_2(B,D), ring_subst_6(B,D).
(r11) great(A,B) :- r_subst_3(B,D), x_subst(A,D,C), r_subst_2(B,F), r_subst_3(A,E).
(r12) great(A,B) :- ring_subst_5(A,C), gt(E,F), ring_subst_6(B,D), alk_groups(A,E).
(r13) great(A,B) :- x_subst(B,E,D), polar(D,C), ring_subst_6(A,D), ring_substitutions(B,E).
(r14) great(A,B) :- pi_doner(C,F), great_pi_don(F,E), ring_subst_3(B,C), ring_subst_2(A,D).
(r15) great(A,B) :- ring_subst_6(A,E), ring_substitutions(B,C), sigma(E,F), sigma(E,D).
(r16) great(A,B) :- ring_subst_5(B,C), ring_subst_2(B,C), ring_subst_2(A,C), alk_groups(A,D).
(r17) great(A,B) :- sigma(C,E), pi_doner(C,D), ring_subst_2(B,F), ring_subst_6(A,C).
(r18) great(A,B) :- ring_substitutions(A,E), ring_subst_3(A,C), ring_subst_6(B,F), x_subst(A,D,C).
(r19) great(A,B) :- ring_subst_2(B,E), x_subst(A,F,E), alk_groups(B,D), polarisable(E,C).
(r20) great(A,B) :- ring_subst_2(B,E), pi_doner(E,D), ring_subst_2(A,F), h_doner(E,C).
(r21) great(A,B) :- x_subst(A,C,D), alk_groups(A,F), alk_groups(B,E), ring_subst_3(A,D).
(r22) great(A,B) :- sigma(C,E), ring_subst_4(B,C), ring_subst_3(A,C), x_subst(A,D,C).
(r23) great(A,B) :- x_subst(B,D,C), gt(D,E), ring_subst_6(A,C), r_subst_2(B,F).
(r24) great(A,B) :- polar(D,E), ring_subst_6(A,C), x_subst(B,F,D), ring_subst_3(B,D).
(r25) great(A,B) :- n_val(B,C), x_subst(A,F,E), alk_groups(A,D), gt(D,C).
(r26) great(A,B) :- ring_subst_3(A,C), ring_subst_6(A,F), x_subst(B,E,C), n_val(A,D).
(r27) great(A,B) :- ring_subst_4(B,E), ring_subst_5(B,C), x_subst(A,F,E), ring_subst_6(B,D).
(r28) great(A,B) :- alk_groups(B,F), great_polari(C,E), ring_subst_3(A,D), polarisable(D,C).
(r29) great(A,B) :- alk_groups(B,C), ring_subst_6(A,E), pi_acceptor(E,D).
(r30) great(A,B) :- flex(E,F), ring_subst_3(A,E), ring_subst_5(A,C), n_val(B,D).
(r31) great(A,B) :- r_subst_3(B,C), ring_subst_6(A,E), ring_subst_4(B,F), ring_subst_5(A,D).
(r32) great(A,B) :- ring_subst_4(B,F), pi_acceptor(D,C), ring_subst_2(A,D), great_pi_acc(C,E).
(r33) great(A,B) :- ring_subst_3(B,C), ring_subst_3(A,F), polar(F,E), ring_subst_6(A,D).
(r34) great(A,B) :- x_subst(A,F,D), ring_subst_3(B,E), r_subst_3(B,C), n_val(A,F).
(r35) great(A,B) :- r_subst_1(A,D), ring_subst_6(A,C), polar(C,F), ring_substitutions(B,E).
(r36) great(A,B) :- r_subst_3(B,D), r_subst_1(B,F), gt(E,C), r_subst_3(A,E).
(r37) great(A,B) :- ring_subst_4(B,C), ring_subst_6(A,C), r_subst_3(A,D), x_subst(B,F,E).
(r38) great(A,B) :- ring_subst_2(B,E), ring_subst_5(A,E), polar(E,D), size(E,C).
(r39) great(A,B) :- ring_subst_2(B,D), ring_subst_2(A,F), r_subst_2(A,C), ring_subst_5(B,E).
(r40) great(A,B) :- x_subst(B,D,C), ring_subst_4(A,C), ring_subst_2(A,F), h_acceptor(F,E).
====================
MaxSAT solving... (1018 vars, 6112 hard, 386 soft)
number of rules: 42
program size: 191
(inv1) inv1(X1,X2,X3,X4,X5) :- x_subst(X1,X2,X3), ring_subst_6(X4,X5).
(inv2) inv2(X1,X2,X3,X4,X5,X6) :- ring_subst_2(X1,X2), ring_subst_2(X3,X4), ring_subst_5(X5,X6).
(r1) great(A,B) :- x_subst(A,C,D), r_subst_1(B,F), ring_substitutions(A,C), alk_groups(A,E).
(r2) great(A,B) :- gt(E,D), ring_subst_6(B,C), ring_subst_5(A,F), alk_groups(B,E).
(r3) great(A,B) :- sigma(E,F), ring_subst_5(B,E), r_subst_2(A,C), h_acceptor(E,D).
(r4) great(A,B) :- x_subst(A,C,D), ring_subst_4(B,F), polar(D,E), polar(F,E).
(r5) great(A,B) :- ring_subst_3(B,C), sigma(D,E), ring_substitutions(A,F), ring_subst_6(B,D).
(r6) great(A,B) :- alk_groups(B,D), ring_subst_4(A,F), r_subst_2(A,C), ring_subst_5(B,E).
(r7) great(A,B) :- r_subst_3(A,C), ring_substitutions(B,D), ring_substitutions(A,D).
(r8) great(A,B) :- inv1(A,E,D,B,C), inv1(A,F,C,B,C), gt(E,F).
(r9) great(A,B) :- inv2(B,E,B,E,A,F), sigma(F,C), ring_subst_6(A,D).
(r10) great(A,B) :- alk_groups(A,C), ring_substitutions(A,E), ring_subst_2(B,D), ring_subst_6(B,D).
(r11) great(A,B) :- r_subst_3(B,D), x_subst(A,D,C), r_subst_2(B,F), r_subst_3(A,E).
(r12) great(A,B) :- ring_subst_5(A,C), gt(E,F), ring_subst_6(B,D), alk_groups(A,E).
(r13) great(A,B) :- inv1(B,E,D,A,D), polar(D,C), ring_substitutions(B,E).
(r14) great(A,B) :- pi_doner(C,F), great_pi_don(F,E), ring_subst_3(B,C), ring_subst_2(A,D).
(r15) great(A,B) :- ring_subst_6(A,E), ring_substitutions(B,C), sigma(E,F), sigma(E,D).
(r16) great(A,B) :- inv2(B,C,A,C,B,C), alk_groups(A,D).
(r17) great(A,B) :- sigma(C,E), pi_doner(C,D), ring_subst_2(B,F), ring_subst_6(A,C).
(r18) great(A,B) :- inv1(A,D,C,B,F), ring_substitutions(A,E), ring_subst_3(A,C).
(r19) great(A,B) :- ring_subst_2(B,E), x_subst(A,F,E), alk_groups(B,D), polarisable(E,C).
(r20) great(A,B) :- ring_subst_2(B,E), pi_doner(E,D), ring_subst_2(A,F), h_doner(E,C).
(r21) great(A,B) :- x_subst(A,C,D), alk_groups(A,F), alk_groups(B,E), ring_subst_3(A,D).
(r22) great(A,B) :- sigma(C,E), ring_subst_4(B,C), ring_subst_3(A,C), x_subst(A,D,C).
(r23) great(A,B) :- inv1(B,D,C,A,C), gt(D,E), r_subst_2(B,F).
(r24) great(A,B) :- inv1(B,F,D,A,C), polar(D,E), ring_subst_3(B,D).
(r25) great(A,B) :- n_val(B,C), x_subst(A,F,E), alk_groups(A,D), gt(D,C).
(r26) great(A,B) :- inv1(B,E,C,A,F), ring_subst_3(A,C), n_val(A,D).
(r27) great(A,B) :- inv1(A,F,E,B,D), ring_subst_4(B,E), ring_subst_5(B,C).
(r28) great(A,B) :- alk_groups(B,F), great_polari(C,E), ring_subst_3(A,D), polarisable(D,C).
(r29) great(A,B) :- alk_groups(B,C), ring_subst_6(A,E), pi_acceptor(E,D).
(r30) great(A,B) :- flex(E,F), ring_subst_3(A,E), ring_subst_5(A,C), n_val(B,D).
(r31) great(A,B) :- r_subst_3(B,C), ring_subst_6(A,E), ring_subst_4(B,F), ring_subst_5(A,D).
(r32) great(A,B) :- ring_subst_4(B,F), pi_acceptor(D,C), ring_subst_2(A,D), great_pi_acc(C,E).
(r33) great(A,B) :- ring_subst_3(B,C), ring_subst_3(A,F), polar(F,E), ring_subst_6(A,D).
(r34) great(A,B) :- x_subst(A,F,D), ring_subst_3(B,E), r_subst_3(B,C), n_val(A,F).
(r35) great(A,B) :- r_subst_1(A,D), ring_subst_6(A,C), polar(C,F), ring_substitutions(B,E).
(r36) great(A,B) :- r_subst_3(B,D), r_subst_1(B,F), gt(E,C), r_subst_3(A,E).
(r37) great(A,B) :- inv1(B,F,E,A,C), ring_subst_4(B,C), r_subst_3(A,D).
(r38) great(A,B) :- inv2(B,E,B,E,A,E), polar(E,D), size(E,C).
(r39) great(A,B) :- inv2(B,D,A,F,B,E), r_subst_2(A,C).
(r40) great(A,B) :- x_subst(B,D,C), ring_subst_4(A,C), ring_subst_2(A,F), h_acceptor(F,E).
====================
