number of rules: 120
program size: 595
(r1) great_rsd(A,B) :- ring_substitutions(A,E), sigma(C,D), pi_doner(C,F), ring_subst_3(B,C).
(r2) great_rsd(A,B) :- ring_substitutions(A,E), ring_subst_2(B,D), r_subst_1(B,C), r_subst_2(A,F).
(r3) great_rsd(A,B) :- r_subst_2(B,C), ring_subst_4(B,F), r_subst_1(A,D), n_val(A,E).
(r4) great_rsd(A,B) :- ring_subst_5(A,E), pi_acceptor(E,F), x_subst(B,C,E), ring_subst_5(A,D).
(r5) great_rsd(A,B) :- x_subst(A,F,E), ring_subst_2(A,C), x_subst(A,D,E), ring_substitutions(B,F).
(r6) great_rsd(A,B) :- gt(C,E), ring_subst_4(B,D), r_subst_3(B,C), x_subst(A,C,D).
(r7) great_rsd(A,B) :- ring_subst_3(A,F), x_subst(B,D,C), r_subst_3(A,E).
(r8) great_rsd(A,B) :- ring_subst_2(B,D), ring_subst_6(B,C), ring_subst_6(A,F), ring_subst_2(A,E).
(r9) great_rsd(A,B) :- r_subst_1(B,D), r_subst_2(A,F), x_subst(A,E,C), alk_groups(B,E).
(r10) great_rsd(A,B) :- ring_subst_2(A,C), x_subst(B,F,C), alk_groups(B,D), h_doner(C,E).
(r11) great_rsd(A,B) :- x_subst(A,F,C), r_subst_1(A,E), x_subst(B,F,D), ring_subst_6(A,C).
(r12) great_rsd(A,B) :- ring_subst_6(B,E), ring_subst_3(B,D), ring_subst_5(A,E), ring_subst_2(B,C).
(r13) great_rsd(A,B) :- r_subst_3(A,D), h_acceptor(E,C), ring_subst_2(B,E), ring_subst_3(B,E).
(r14) great_rsd(A,B) :- r_subst_3(B,D), ring_subst_2(A,C), ring_subst_4(A,E), r_subst_3(A,F).
(r15) great_rsd(A,B) :- r_subst_1(B,E), ring_subst_3(A,D), pi_doner(C,F), ring_subst_3(B,C).
(r16) great_rsd(A,B) :- ring_subst_2(B,C), ring_subst_6(A,D), size(D,F), alk_groups(B,E).
(r17) great_rsd(A,B) :- n_val(B,F), ring_subst_4(B,C), sigma(C,D), ring_subst_3(A,E).
(r18) great_rsd(A,B) :- ring_substitutions(A,E), r_subst_3(B,E), h_acceptor(C,D), ring_subst_2(B,C).
(r19) great_rsd(A,B) :- r_subst_3(B,D), sigma(F,C), ring_subst_5(B,F), x_subst(A,D,E).
(r20) great_rsd(A,B) :- x_subst(B,F,E), r_subst_2(A,C), ring_subst_2(A,D), ring_subst_2(B,D).
(r21) great_rsd(A,B) :- n_val(B,D), size(F,E), ring_subst_5(A,F), ring_subst_3(B,C).
(r22) great_rsd(A,B) :- r_subst_3(A,D), x_subst(B,D,C), ring_subst_6(B,C), alk_groups(B,E).
(r23) great_rsd(A,B) :- x_subst(B,F,E), ring_subst_2(A,C), x_subst(B,D,C), x_subst(B,D,E).
(r24) great_rsd(A,B) :- ring_subst_4(B,D), ring_subst_6(B,F), ring_subst_4(A,E), ring_subst_3(B,C).
(r25) great_rsd(A,B) :- alk_groups(B,F), ring_subst_6(A,C), sigma(C,D), h_doner(C,E).
(r26) great_rsd(A,B) :- r_subst_3(B,D), ring_subst_5(A,E), gt(D,C), ring_subst_3(A,E).
(r27) great_rsd(A,B) :- ring_subst_2(B,E), r_subst_2(B,C), ring_subst_5(A,F), ring_subst_6(B,D).
(r28) great_rsd(A,B) :- r_subst_1(B,D), ring_subst_2(A,C), ring_substitutions(B,E), ring_subst_2(B,C).
(r29) great_rsd(A,B) :- gt(F,C), r_subst_1(B,E), ring_substitutions(A,F), ring_subst_6(A,D).
(r30) great_rsd(A,B) :- ring_subst_3(A,F), ring_subst_3(B,D), ring_subst_4(B,F), x_subst(A,E,C).
(r31) great_rsd(A,B) :- ring_subst_2(A,F), r_subst_3(B,C), x_subst(A,C,D), ring_subst_2(B,E).
(r32) great_rsd(A,B) :- ring_subst_2(A,F), ring_subst_6(A,E), r_subst_2(A,D), ring_subst_3(B,C).
(r33) great_rsd(A,B) :- ring_subst_3(B,D), flex(E,F), ring_subst_3(A,E), ring_subst_2(B,C).
(r34) great_rsd(A,B) :- alk_groups(B,F), ring_subst_6(A,D), polarisable(D,C), ring_subst_5(A,E).
(r35) great_rsd(A,B) :- ring_subst_4(B,D), ring_subst_5(A,F), pi_doner(F,E), ring_subst_2(B,C).
(r36) great_rsd(A,B) :- r_subst_2(B,D), ring_subst_6(A,C), ring_subst_4(A,E), flex(C,F).
(r37) great_rsd(A,B) :- ring_subst_5(B,E), ring_subst_3(B,D), n_val(A,F), pi_doner(D,C).
(r38) great_rsd(A,B) :- ring_subst_3(A,F), size(C,D), ring_subst_6(B,C), x_subst(B,E,F).
(r39) great_rsd(A,B) :- ring_subst_4(A,D), h_acceptor(D,F), ring_subst_6(A,C), alk_groups(B,E).
(r40) great_rsd(A,B) :- ring_subst_5(B,E), ring_subst_2(B,D), ring_subst_4(A,C), ring_subst_5(A,E).
(r41) great_rsd(A,B) :- n_val(A,C), alk_groups(B,C), ring_subst_2(B,D), ring_subst_5(B,D).
(r42) great_rsd(A,B) :- x_subst(B,F,E), gt(F,D), ring_subst_4(A,C), ring_subst_2(B,E).
(r43) great_rsd(A,B) :- r_subst_1(B,D), ring_subst_5(A,E), ring_subst_2(B,E), ring_subst_2(B,C).
(r44) great_rsd(A,B) :- ring_subst_3(B,F), flex(F,D), ring_subst_6(A,C), h_doner(F,E).
(r45) great_rsd(A,B) :- x_subst(A,D,F), x_subst(B,D,C), ring_subst_6(B,C), n_val(B,E).
(r46) great_rsd(A,B) :- ring_subst_2(B,D), x_subst(A,C,D), alk_groups(B,E).
(r47) great_rsd(A,B) :- ring_subst_3(A,C), h_acceptor(E,D), ring_subst_5(B,C), ring_subst_3(A,E).
(r48) great_rsd(A,B) :- alk_groups(B,C), ring_subst_3(A,D), ring_subst_3(B,E), ring_subst_6(A,D).
(r49) great_rsd(A,B) :- x_subst(B,F,E), ring_subst_6(B,C), ring_subst_2(A,D).
(r50) great_rsd(A,B) :- n_val(B,D), ring_subst_4(A,E), x_subst(B,C,E), size(E,F).
(r51) great_rsd(A,B) :- ring_subst_5(B,E), ring_subst_3(B,D), r_subst_3(B,F), ring_substitutions(A,C).
(r52) great_rsd(A,B) :- ring_subst_2(B,E), alk_groups(A,C), ring_subst_4(B,F), ring_substitutions(B,D).
(r53) great_rsd(A,B) :- ring_subst_3(A,C), size(C,D), sigma(C,F), ring_subst_2(B,E).
(r54) great_rsd(A,B) :- h_doner(D,F), r_subst_2(B,E), r_subst_3(B,C), ring_subst_3(A,D).
(r55) great_rsd(A,B) :- n_val(B,D), r_subst_1(A,E), ring_subst_2(B,C).
(r56) great_rsd(A,B) :- h_doner(D,F), polarisable(C,E), ring_subst_5(A,D), ring_subst_3(B,C).
(r57) great_rsd(A,B) :- r_subst_2(B,D), x_subst(A,C,E), sigma(E,F), ring_subst_2(B,E).
(r58) great_rsd(A,B) :- r_subst_3(B,D), h_doner(E,F), r_subst_3(A,C), ring_subst_2(A,E).
(r59) great_rsd(A,B) :- ring_subst_3(A,C), ring_subst_6(A,E), alk_groups(A,D), x_subst(B,D,E).
(r60) great_rsd(A,B) :- ring_substitutions(A,D), ring_subst_4(A,F), ring_subst_6(B,C), x_subst(B,E,C).
(r61) great_rsd(A,B) :- ring_substitutions(A,E), x_subst(B,C,D), r_subst_3(A,E), ring_subst_6(A,D).
(r62) great_rsd(A,B) :- x_subst(A,D,C), ring_subst_5(A,C), pi_acceptor(C,F), n_val(B,E).
(r63) great_rsd(A,B) :- ring_substitutions(A,D), n_val(B,D), gt(D,C), ring_subst_3(A,E).
(r64) great_rsd(A,B) :- r_subst_3(B,D), ring_subst_3(B,C), size(C,E), r_subst_3(A,F).
(r65) great_rsd(A,B) :- r_subst_3(B,D), x_subst(B,F,C), x_subst(A,D,E), ring_subst_3(A,C).
(r66) great_rsd(A,B) :- ring_subst_4(B,D), x_subst(B,C,D), r_subst_1(B,F), ring_subst_5(A,E).
(r67) great_rsd(A,B) :- x_subst(B,C,D), alk_groups(A,C), size(D,F), h_doner(D,E).
(r68) great_rsd(A,B) :- ring_subst_4(A,D), r_subst_2(A,C), ring_subst_5(B,F), ring_subst_3(B,E).
(r69) great_rsd(A,B) :- r_subst_3(B,D), size(F,E), ring_subst_6(A,C), ring_subst_6(B,F).
(r70) great_rsd(A,B) :- ring_subst_4(A,D), x_subst(B,C,D), size(D,E), flex(D,F).
(r71) great_rsd(A,B) :- x_subst(B,D,F), n_val(A,D), x_subst(B,D,E), n_val(B,C).
(r72) great_rsd(A,B) :- ring_subst_4(A,D), pi_doner(C,F), r_subst_3(B,E), x_subst(A,E,C).
(r73) great_rsd(A,B) :- alk_groups(B,C), ring_subst_5(A,E), r_subst_3(A,D), ring_subst_4(A,E).
(r74) great_rsd(A,B) :- r_subst_1(B,C), n_val(A,D), ring_subst_4(A,F), x_subst(B,D,E).
(r75) great_rsd(A,B) :- r_subst_2(B,D), sigma(C,F), r_subst_1(A,E), ring_subst_2(B,C).
(r76) great_rsd(A,B) :- r_subst_3(A,D), alk_groups(A,C), x_subst(A,E,F), r_subst_3(B,C).
(r77) great_rsd(A,B) :- x_subst(A,F,E), ring_subst_4(A,C), sigma(C,D), n_val(B,F).
(r78) great_rsd(A,B) :- r_subst_2(A,C), ring_subst_3(A,E), alk_groups(A,D), r_subst_1(B,F).
(r79) great_rsd(A,B) :- r_subst_3(B,D), ring_subst_6(A,C), polarisable(C,F), sigma(C,E).
(r80) great_rsd(A,B) :- h_acceptor(E,C), ring_subst_5(B,F), x_subst(A,D,E), ring_subst_3(A,E).
(r81) great_rsd(A,B) :- h_acceptor(E,F), ring_subst_5(A,E), ring_subst_5(B,D), ring_subst_2(B,C).
(r82) great_rsd(A,B) :- polar(C,F), polarisable(C,E), ring_subst_6(B,C), alk_groups(A,D).
(r83) great_rsd(A,B) :- r_subst_1(A,D), alk_groups(B,F), gt(C,F), x_subst(B,C,E).
(r84) great_rsd(A,B) :- ring_subst_3(B,F), x_subst(A,C,E), ring_subst_6(B,E), gt(C,D).
(r85) great_rsd(A,B) :- x_subst(A,C,E), pi_doner(E,D), gt(C,F), ring_substitutions(B,F).
(r86) great_rsd(A,B) :- pi_acceptor(E,D), ring_subst_6(B,C), ring_subst_2(A,E), r_subst_3(A,F).
(r87) great_rsd(A,B) :- ring_substitutions(A,E), size(C,D), ring_subst_6(B,C), n_val(B,E).
(r88) great_rsd(A,B) :- ring_subst_3(B,F), size(E,C), ring_subst_4(A,E), polar(F,D).
(r89) great_rsd(A,B) :- ring_subst_6(A,E), alk_groups(B,D), x_subst(B,C,E), r_subst_1(A,F).
(r90) great_rsd(A,B) :- x_subst(B,F,E), r_subst_2(B,C), x_subst(A,D,E), ring_subst_3(B,E).
(r91) great_rsd(A,B) :- r_subst_2(B,D), ring_subst_4(A,E), x_subst(B,C,E), r_subst_1(B,F).
(r92) great_rsd(A,B) :- h_acceptor(E,F), n_val(B,D), ring_subst_4(B,E), ring_substitutions(A,C).
(r93) great_rsd(A,B) :- ring_subst_5(B,F), x_subst(A,C,F), r_subst_2(A,D), ring_subst_2(A,E).
(r94) great_rsd(A,B) :- r_subst_3(B,D), ring_subst_5(B,F), n_val(A,C), gt(D,E).
(r95) great_rsd(A,B) :- ring_subst_2(B,D), ring_subst_2(B,E), r_subst_3(A,C), ring_substitutions(A,C).
(r96) great_rsd(A,B) :- ring_subst_4(A,F), ring_subst_5(B,D), x_subst(A,C,D), h_acceptor(D,E).
(r97) great_rsd(A,B) :- ring_substitutions(A,D), ring_subst_5(B,E), ring_subst_4(B,F), pi_doner(F,C).
(r98) great_rsd(A,B) :- x_subst(A,D,F), polar(F,C), ring_subst_2(B,F), pi_doner(F,E).
(r99) great_rsd(A,B) :- x_subst(A,C,E), ring_subst_5(B,E), ring_subst_3(A,D), r_subst_1(A,F).
(r100) great_rsd(A,B) :- ring_subst_3(A,C), pi_acceptor(D,E), ring_subst_6(A,C), ring_subst_6(B,D).
(r101) great_rsd(A,B) :- ring_subst_3(B,F), h_doner(C,D), r_subst_3(A,E), ring_subst_3(B,C).
(r102) great_rsd(A,B) :- ring_subst_2(B,D), polarisable(D,F), ring_subst_6(A,E), x_subst(B,C,E).
(r103) great_rsd(A,B) :- ring_substitutions(A,E), ring_subst_6(A,C), h_acceptor(C,D), r_subst_3(B,F).
(r104) great_rsd(A,B) :- n_val(B,F), x_subst(A,C,E), ring_subst_4(B,D), ring_substitutions(B,F).
(r105) great_rsd(A,B) :- ring_subst_5(B,E), r_subst_1(A,C), size(E,D).
(r106) great_rsd(A,B) :- ring_substitutions(B,E), ring_subst_2(A,D), r_subst_3(B,C), ring_subst_3(A,D).
(r107) great_rsd(A,B) :- pi_acceptor(E,D), ring_subst_5(A,E), n_val(A,C), r_subst_2(B,F).
(r108) great_rsd(A,B) :- gt(F,D), alk_groups(A,C), alk_groups(B,F), alk_groups(B,E).
(r109) great_rsd(A,B) :- r_subst_2(B,D), sigma(E,C), r_subst_2(A,D), ring_subst_3(A,E).
(r110) great_rsd(A,B) :- x_subst(B,D,F), h_acceptor(F,C), ring_subst_5(A,F), h_doner(F,E).
(r111) great_rsd(A,B) :- x_subst(B,D,C), ring_subst_4(A,F), h_doner(C,E), ring_subst_6(B,F).
(r112) great_rsd(A,B) :- r_subst_1(B,D), gt(F,E), ring_substitutions(A,F), x_subst(A,E,C).
(r113) great_rsd(A,B) :- n_val(A,C), ring_subst_6(A,E), h_doner(E,D), ring_subst_4(B,E).
(r114) great_rsd(A,B) :- polarisable(D,E), ring_subst_4(A,C), ring_subst_4(B,F), ring_subst_5(A,D).
(r115) great_rsd(A,B) :- ring_subst_3(A,F), ring_subst_5(B,E), r_subst_1(B,C), ring_subst_5(A,D).
(r116) great_rsd(A,B) :- ring_subst_2(B,D), flex(D,E), ring_subst_6(A,C), flex(D,F).
(r117) great_rsd(A,B) :- ring_substitutions(A,E), r_subst_1(A,D), ring_subst_5(A,F), ring_subst_2(B,C).
(r118) great_rsd(A,B) :- n_val(A,D), ring_subst_4(B,F), n_val(A,E), ring_subst_3(B,C).
(r119) great_rsd(A,B) :- n_val(A,E), ring_subst_2(B,F), x_subst(A,C,D), ring_subst_6(A,D).
(r120) great_rsd(A,B) :- h_doner(F,E), ring_subst_2(B,D), ring_subst_6(B,F), r_subst_3(A,C).
====================
MaxSAT solving... (4117 vars, 27927 hard, 1267 soft)
number of rules: 122
program size: 583
(inv1) inv1(X1,X2,X3,X4,X5) :- ring_subst_6(X1,X2), x_subst(X3,X4,X5).
(inv2) inv2(X1,X2,X3,X4) :- ring_subst_3(X1,X2), ring_subst_5(X3,X4).
(r1) great_rsd(A,B) :- ring_substitutions(A,E), sigma(C,D), pi_doner(C,F), ring_subst_3(B,C).
(r2) great_rsd(A,B) :- ring_substitutions(A,E), ring_subst_2(B,D), r_subst_1(B,C), r_subst_2(A,F).
(r3) great_rsd(A,B) :- r_subst_2(B,C), ring_subst_4(B,F), r_subst_1(A,D), n_val(A,E).
(r4) great_rsd(A,B) :- ring_subst_5(A,E), pi_acceptor(E,F), x_subst(B,C,E), ring_subst_5(A,D).
(r5) great_rsd(A,B) :- x_subst(A,F,E), ring_subst_2(A,C), x_subst(A,D,E), ring_substitutions(B,F).
(r6) great_rsd(A,B) :- gt(C,E), ring_subst_4(B,D), r_subst_3(B,C), x_subst(A,C,D).
(r7) great_rsd(A,B) :- ring_subst_3(A,F), x_subst(B,D,C), r_subst_3(A,E).
(r8) great_rsd(A,B) :- ring_subst_2(B,D), ring_subst_6(B,C), ring_subst_6(A,F), ring_subst_2(A,E).
(r9) great_rsd(A,B) :- r_subst_1(B,D), r_subst_2(A,F), x_subst(A,E,C), alk_groups(B,E).
(r10) great_rsd(A,B) :- ring_subst_2(A,C), x_subst(B,F,C), alk_groups(B,D), h_doner(C,E).
(r11) great_rsd(A,B) :- inv1(A,C,A,F,C), r_subst_1(A,E), x_subst(B,F,D).
(r12) great_rsd(A,B) :- inv2(B,D,A,E), ring_subst_6(B,E), ring_subst_2(B,C).
(r13) great_rsd(A,B) :- r_subst_3(A,D), h_acceptor(E,C), ring_subst_2(B,E), ring_subst_3(B,E).
(r14) great_rsd(A,B) :- r_subst_3(B,D), ring_subst_2(A,C), ring_subst_4(A,E), r_subst_3(A,F).
(r15) great_rsd(A,B) :- r_subst_1(B,E), ring_subst_3(A,D), pi_doner(C,F), ring_subst_3(B,C).
(r16) great_rsd(A,B) :- ring_subst_2(B,C), ring_subst_6(A,D), size(D,F), alk_groups(B,E).
(r17) great_rsd(A,B) :- n_val(B,F), ring_subst_4(B,C), sigma(C,D), ring_subst_3(A,E).
(r18) great_rsd(A,B) :- ring_substitutions(A,E), r_subst_3(B,E), h_acceptor(C,D), ring_subst_2(B,C).
(r19) great_rsd(A,B) :- r_subst_3(B,D), sigma(F,C), ring_subst_5(B,F), x_subst(A,D,E).
(r20) great_rsd(A,B) :- x_subst(B,F,E), r_subst_2(A,C), ring_subst_2(A,D), ring_subst_2(B,D).
(r21) great_rsd(A,B) :- n_val(B,D), size(F,E), ring_subst_5(A,F), ring_subst_3(B,C).
(r22) great_rsd(A,B) :- inv1(B,C,B,D,C), r_subst_3(A,D), alk_groups(B,E).
(r23) great_rsd(A,B) :- x_subst(B,F,E), ring_subst_2(A,C), x_subst(B,D,C), x_subst(B,D,E).
(r24) great_rsd(A,B) :- ring_subst_4(B,D), ring_subst_6(B,F), ring_subst_4(A,E), ring_subst_3(B,C).
(r25) great_rsd(A,B) :- alk_groups(B,F), ring_subst_6(A,C), sigma(C,D), h_doner(C,E).
(r26) great_rsd(A,B) :- r_subst_3(B,D), ring_subst_5(A,E), gt(D,C), ring_subst_3(A,E).
(r27) great_rsd(A,B) :- ring_subst_2(B,E), r_subst_2(B,C), ring_subst_5(A,F), ring_subst_6(B,D).
(r28) great_rsd(A,B) :- r_subst_1(B,D), ring_subst_2(A,C), ring_substitutions(B,E), ring_subst_2(B,C).
(r29) great_rsd(A,B) :- gt(F,C), r_subst_1(B,E), ring_substitutions(A,F), ring_subst_6(A,D).
(r30) great_rsd(A,B) :- ring_subst_3(A,F), ring_subst_3(B,D), ring_subst_4(B,F), x_subst(A,E,C).
(r31) great_rsd(A,B) :- ring_subst_2(A,F), r_subst_3(B,C), x_subst(A,C,D), ring_subst_2(B,E).
(r32) great_rsd(A,B) :- ring_subst_2(A,F), ring_subst_6(A,E), r_subst_2(A,D), ring_subst_3(B,C).
(r33) great_rsd(A,B) :- ring_subst_3(B,D), flex(E,F), ring_subst_3(A,E), ring_subst_2(B,C).
(r34) great_rsd(A,B) :- alk_groups(B,F), ring_subst_6(A,D), polarisable(D,C), ring_subst_5(A,E).
(r35) great_rsd(A,B) :- ring_subst_4(B,D), ring_subst_5(A,F), pi_doner(F,E), ring_subst_2(B,C).
(r36) great_rsd(A,B) :- r_subst_2(B,D), ring_subst_6(A,C), ring_subst_4(A,E), flex(C,F).
(r37) great_rsd(A,B) :- inv2(B,D,B,E), n_val(A,F), pi_doner(D,C).
(r38) great_rsd(A,B) :- ring_subst_3(A,F), size(C,D), ring_subst_6(B,C), x_subst(B,E,F).
(r39) great_rsd(A,B) :- ring_subst_4(A,D), h_acceptor(D,F), ring_subst_6(A,C), alk_groups(B,E).
(r40) great_rsd(A,B) :- ring_subst_5(B,E), ring_subst_2(B,D), ring_subst_4(A,C), ring_subst_5(A,E).
(r41) great_rsd(A,B) :- n_val(A,C), alk_groups(B,C), ring_subst_2(B,D), ring_subst_5(B,D).
(r42) great_rsd(A,B) :- x_subst(B,F,E), gt(F,D), ring_subst_4(A,C), ring_subst_2(B,E).
(r43) great_rsd(A,B) :- r_subst_1(B,D), ring_subst_5(A,E), ring_subst_2(B,E), ring_subst_2(B,C).
(r44) great_rsd(A,B) :- ring_subst_3(B,F), flex(F,D), ring_subst_6(A,C), h_doner(F,E).
(r45) great_rsd(A,B) :- inv1(B,C,A,D,F), x_subst(B,D,C), n_val(B,E).
(r46) great_rsd(A,B) :- ring_subst_2(B,D), x_subst(A,C,D), alk_groups(B,E).
(r47) great_rsd(A,B) :- inv2(A,C,B,C), h_acceptor(E,D), ring_subst_3(A,E).
(r48) great_rsd(A,B) :- alk_groups(B,C), ring_subst_3(A,D), ring_subst_3(B,E), ring_subst_6(A,D).
(r49) great_rsd(A,B) :- inv1(B,C,B,F,E), ring_subst_2(A,D).
(r50) great_rsd(A,B) :- n_val(B,D), ring_subst_4(A,E), x_subst(B,C,E), size(E,F).
(r51) great_rsd(A,B) :- inv2(B,D,B,E), r_subst_3(B,F), ring_substitutions(A,C).
(r52) great_rsd(A,B) :- ring_subst_2(B,E), alk_groups(A,C), ring_subst_4(B,F), ring_substitutions(B,D).
(r53) great_rsd(A,B) :- ring_subst_3(A,C), size(C,D), sigma(C,F), ring_subst_2(B,E).
(r54) great_rsd(A,B) :- h_doner(D,F), r_subst_2(B,E), r_subst_3(B,C), ring_subst_3(A,D).
(r55) great_rsd(A,B) :- n_val(B,D), r_subst_1(A,E), ring_subst_2(B,C).
(r56) great_rsd(A,B) :- inv2(B,C,A,D), h_doner(D,F), polarisable(C,E).
(r57) great_rsd(A,B) :- r_subst_2(B,D), x_subst(A,C,E), sigma(E,F), ring_subst_2(B,E).
(r58) great_rsd(A,B) :- r_subst_3(B,D), h_doner(E,F), r_subst_3(A,C), ring_subst_2(A,E).
(r59) great_rsd(A,B) :- inv1(A,E,B,D,E), ring_subst_3(A,C), alk_groups(A,D).
(r60) great_rsd(A,B) :- inv1(B,C,B,E,C), ring_substitutions(A,D), ring_subst_4(A,F).
(r61) great_rsd(A,B) :- inv1(A,D,B,C,D), ring_substitutions(A,E), r_subst_3(A,E).
(r62) great_rsd(A,B) :- x_subst(A,D,C), ring_subst_5(A,C), pi_acceptor(C,F), n_val(B,E).
(r63) great_rsd(A,B) :- ring_substitutions(A,D), n_val(B,D), gt(D,C), ring_subst_3(A,E).
(r64) great_rsd(A,B) :- r_subst_3(B,D), ring_subst_3(B,C), size(C,E), r_subst_3(A,F).
(r65) great_rsd(A,B) :- r_subst_3(B,D), x_subst(B,F,C), x_subst(A,D,E), ring_subst_3(A,C).
(r66) great_rsd(A,B) :- ring_subst_4(B,D), x_subst(B,C,D), r_subst_1(B,F), ring_subst_5(A,E).
(r67) great_rsd(A,B) :- x_subst(B,C,D), alk_groups(A,C), size(D,F), h_doner(D,E).
(r68) great_rsd(A,B) :- ring_subst_4(A,D), r_subst_2(A,C), ring_subst_5(B,F), ring_subst_3(B,E).
(r69) great_rsd(A,B) :- r_subst_3(B,D), size(F,E), ring_subst_6(A,C), ring_subst_6(B,F).
(r70) great_rsd(A,B) :- ring_subst_4(A,D), x_subst(B,C,D), size(D,E), flex(D,F).
(r71) great_rsd(A,B) :- x_subst(B,D,F), n_val(A,D), x_subst(B,D,E), n_val(B,C).
(r72) great_rsd(A,B) :- ring_subst_4(A,D), pi_doner(C,F), r_subst_3(B,E), x_subst(A,E,C).
(r73) great_rsd(A,B) :- alk_groups(B,C), ring_subst_5(A,E), r_subst_3(A,D), ring_subst_4(A,E).
(r74) great_rsd(A,B) :- r_subst_1(B,C), n_val(A,D), ring_subst_4(A,F), x_subst(B,D,E).
(r75) great_rsd(A,B) :- r_subst_2(B,D), sigma(C,F), r_subst_1(A,E), ring_subst_2(B,C).
(r76) great_rsd(A,B) :- r_subst_3(A,D), alk_groups(A,C), x_subst(A,E,F), r_subst_3(B,C).
(r77) great_rsd(A,B) :- x_subst(A,F,E), ring_subst_4(A,C), sigma(C,D), n_val(B,F).
(r78) great_rsd(A,B) :- r_subst_2(A,C), ring_subst_3(A,E), alk_groups(A,D), r_subst_1(B,F).
(r79) great_rsd(A,B) :- r_subst_3(B,D), ring_subst_6(A,C), polarisable(C,F), sigma(C,E).
(r80) great_rsd(A,B) :- inv2(A,E,B,F), h_acceptor(E,C), x_subst(A,D,E).
(r81) great_rsd(A,B) :- h_acceptor(E,F), ring_subst_5(A,E), ring_subst_5(B,D), ring_subst_2(B,C).
(r82) great_rsd(A,B) :- polar(C,F), polarisable(C,E), ring_subst_6(B,C), alk_groups(A,D).
(r83) great_rsd(A,B) :- r_subst_1(A,D), alk_groups(B,F), gt(C,F), x_subst(B,C,E).
(r84) great_rsd(A,B) :- ring_subst_3(B,F), x_subst(A,C,E), ring_subst_6(B,E), gt(C,D).
(r85) great_rsd(A,B) :- x_subst(A,C,E), pi_doner(E,D), gt(C,F), ring_substitutions(B,F).
(r86) great_rsd(A,B) :- pi_acceptor(E,D), ring_subst_6(B,C), ring_subst_2(A,E), r_subst_3(A,F).
(r87) great_rsd(A,B) :- ring_substitutions(A,E), size(C,D), ring_subst_6(B,C), n_val(B,E).
(r88) great_rsd(A,B) :- ring_subst_3(B,F), size(E,C), ring_subst_4(A,E), polar(F,D).
(r89) great_rsd(A,B) :- ring_subst_6(A,E), alk_groups(B,D), x_subst(B,C,E), r_subst_1(A,F).
(r90) great_rsd(A,B) :- x_subst(B,F,E), r_subst_2(B,C), x_subst(A,D,E), ring_subst_3(B,E).
(r91) great_rsd(A,B) :- r_subst_2(B,D), ring_subst_4(A,E), x_subst(B,C,E), r_subst_1(B,F).
(r92) great_rsd(A,B) :- h_acceptor(E,F), n_val(B,D), ring_subst_4(B,E), ring_substitutions(A,C).
(r93) great_rsd(A,B) :- ring_subst_5(B,F), x_subst(A,C,F), r_subst_2(A,D), ring_subst_2(A,E).
(r94) great_rsd(A,B) :- r_subst_3(B,D), ring_subst_5(B,F), n_val(A,C), gt(D,E).
(r95) great_rsd(A,B) :- ring_subst_2(B,D), ring_subst_2(B,E), r_subst_3(A,C), ring_substitutions(A,C).
(r96) great_rsd(A,B) :- ring_subst_4(A,F), ring_subst_5(B,D), x_subst(A,C,D), h_acceptor(D,E).
(r97) great_rsd(A,B) :- ring_substitutions(A,D), ring_subst_5(B,E), ring_subst_4(B,F), pi_doner(F,C).
(r98) great_rsd(A,B) :- x_subst(A,D,F), polar(F,C), ring_subst_2(B,F), pi_doner(F,E).
(r99) great_rsd(A,B) :- inv2(A,D,B,E), x_subst(A,C,E), r_subst_1(A,F).
(r100) great_rsd(A,B) :- ring_subst_3(A,C), pi_acceptor(D,E), ring_subst_6(A,C), ring_subst_6(B,D).
(r101) great_rsd(A,B) :- ring_subst_3(B,F), h_doner(C,D), r_subst_3(A,E), ring_subst_3(B,C).
(r102) great_rsd(A,B) :- inv1(A,E,B,C,E), ring_subst_2(B,D), polarisable(D,F).
(r103) great_rsd(A,B) :- ring_substitutions(A,E), ring_subst_6(A,C), h_acceptor(C,D), r_subst_3(B,F).
(r104) great_rsd(A,B) :- n_val(B,F), x_subst(A,C,E), ring_subst_4(B,D), ring_substitutions(B,F).
(r105) great_rsd(A,B) :- ring_subst_5(B,E), r_subst_1(A,C), size(E,D).
(r106) great_rsd(A,B) :- ring_substitutions(B,E), ring_subst_2(A,D), r_subst_3(B,C), ring_subst_3(A,D).
(r107) great_rsd(A,B) :- pi_acceptor(E,D), ring_subst_5(A,E), n_val(A,C), r_subst_2(B,F).
(r108) great_rsd(A,B) :- gt(F,D), alk_groups(A,C), alk_groups(B,F), alk_groups(B,E).
(r109) great_rsd(A,B) :- r_subst_2(B,D), sigma(E,C), r_subst_2(A,D), ring_subst_3(A,E).
(r110) great_rsd(A,B) :- x_subst(B,D,F), h_acceptor(F,C), ring_subst_5(A,F), h_doner(F,E).
(r111) great_rsd(A,B) :- inv1(B,F,B,D,C), ring_subst_4(A,F), h_doner(C,E).
(r112) great_rsd(A,B) :- r_subst_1(B,D), gt(F,E), ring_substitutions(A,F), x_subst(A,E,C).
(r113) great_rsd(A,B) :- n_val(A,C), ring_subst_6(A,E), h_doner(E,D), ring_subst_4(B,E).
(r114) great_rsd(A,B) :- polarisable(D,E), ring_subst_4(A,C), ring_subst_4(B,F), ring_subst_5(A,D).
(r115) great_rsd(A,B) :- inv2(A,F,B,E), r_subst_1(B,C), ring_subst_5(A,D).
(r116) great_rsd(A,B) :- ring_subst_2(B,D), flex(D,E), ring_subst_6(A,C), flex(D,F).
(r117) great_rsd(A,B) :- ring_substitutions(A,E), r_subst_1(A,D), ring_subst_5(A,F), ring_subst_2(B,C).
(r118) great_rsd(A,B) :- n_val(A,D), ring_subst_4(B,F), n_val(A,E), ring_subst_3(B,C).
(r119) great_rsd(A,B) :- inv1(A,D,A,C,D), n_val(A,E), ring_subst_2(B,F).
(r120) great_rsd(A,B) :- h_doner(F,E), ring_subst_2(B,D), ring_subst_6(B,F), r_subst_3(A,C).
====================
