number of rules: 110
program size: 544
(r1) great_rsd(A,B) :- x_subst(A,D,F), x_subst(B,D,F), n_val(A,C), ring_subst_4(B,E).
(r2) great_rsd(A,B) :- r_subst_1(B,D), alk_groups(A,C), n_val(A,C), ring_substitutions(B,C).
(r3) great_rsd(A,B) :- n_val(B,D), r_subst_2(A,E), ring_subst_4(B,F), ring_subst_6(A,C).
(r4) great_rsd(A,B) :- n_val(B,F), ring_subst_6(A,E), gt(F,C), ring_subst_6(A,D).
(r5) great_rsd(A,B) :- ring_subst_4(A,D), ring_subst_4(A,C), ring_subst_6(A,C), ring_subst_2(B,E).
(r6) great_rsd(A,B) :- h_acceptor(C,E), x_subst(A,D,C), ring_subst_6(B,F).
(r7) great_rsd(A,B) :- r_subst_3(A,D), ring_subst_6(A,E), ring_subst_5(B,F), x_subst(B,C,E).
(r8) great_rsd(A,B) :- ring_subst_2(A,C), ring_subst_6(A,E), n_val(A,D), n_val(B,F).
(r9) great_rsd(A,B) :- r_subst_2(B,D), ring_subst_6(B,C), ring_subst_4(B,E), r_subst_3(A,F).
(r10) great_rsd(A,B) :- ring_subst_2(B,D), sigma(E,C), ring_subst_5(B,F), ring_subst_3(A,E).
(r11) great_rsd(A,B) :- r_subst_2(B,D), ring_subst_2(A,F), r_subst_3(A,E), x_subst(A,E,C).
(r12) great_rsd(A,B) :- h_acceptor(E,D), ring_subst_3(B,C), ring_subst_3(A,E), r_subst_1(A,F).
(r13) great_rsd(A,B) :- h_acceptor(F,E), x_subst(B,C,D), ring_subst_3(A,D), x_subst(B,C,F).
(r14) great_rsd(A,B) :- x_subst(B,D,F), ring_subst_6(B,E), x_subst(B,D,C), x_subst(A,D,E).
(r15) great_rsd(A,B) :- x_subst(A,D,F), pi_acceptor(F,E), ring_subst_4(B,C).
(r16) great_rsd(A,B) :- x_subst(B,D,C), ring_subst_2(B,F), ring_subst_6(A,C), alk_groups(B,E).
(r17) great_rsd(A,B) :- x_subst(A,F,E), x_subst(B,F,C), alk_groups(A,D), ring_subst_3(B,C).
(r18) great_rsd(A,B) :- x_subst(B,E,D), n_val(A,E), x_subst(A,E,C), r_subst_2(A,F).
(r19) great_rsd(A,B) :- ring_substitutions(A,C), x_subst(A,C,E), ring_subst_4(B,D), r_subst_2(A,F).
(r20) great_rsd(A,B) :- ring_subst_3(A,C), ring_subst_4(B,D), alk_groups(B,E).
(r21) great_rsd(A,B) :- x_subst(A,C,E), ring_subst_5(B,F), r_subst_1(A,D), r_subst_3(A,C).
(r22) great_rsd(A,B) :- ring_subst_5(A,C), x_subst(B,F,C), alk_groups(B,D), size(C,E).
(r23) great_rsd(A,B) :- x_subst(A,D,F), x_subst(B,E,F), gt(C,D), r_subst_3(A,C).
(r24) great_rsd(A,B) :- gt(E,D), ring_subst_5(B,F), r_subst_1(B,C), n_val(A,E).
(r25) great_rsd(A,B) :- x_subst(B,E,D), ring_subst_5(A,C), polarisable(C,F), ring_subst_6(A,D).
(r26) great_rsd(A,B) :- pi_doner(E,D), ring_subst_5(A,E), alk_groups(A,F), r_subst_3(B,C).
(r27) great_rsd(A,B) :- ring_subst_6(A,D), polar(C,E), ring_subst_5(A,D), ring_subst_2(B,C).
(r28) great_rsd(A,B) :- x_subst(A,C,E), polar(E,F), alk_groups(B,D), ring_substitutions(A,C).
(r29) great_rsd(A,B) :- x_subst(B,F,E), alk_groups(A,F), r_subst_1(B,C), n_val(A,D).
(r30) great_rsd(A,B) :- pi_doner(D,C), ring_subst_6(B,D), ring_subst_6(A,D).
(r31) great_rsd(A,B) :- r_subst_2(B,D), ring_subst_2(A,F), flex(F,E), r_subst_1(B,C).
(r32) great_rsd(A,B) :- alk_groups(B,F), gt(F,C), x_subst(A,C,D), ring_subst_4(B,E).
(r33) great_rsd(A,B) :- x_subst(B,C,D), r_subst_3(B,E), ring_substitutions(A,F), gt(F,C).
(r34) great_rsd(A,B) :- ring_subst_5(B,E), n_val(A,D), pi_acceptor(E,C), r_subst_2(B,F).
(r35) great_rsd(A,B) :- flex(F,D), ring_subst_5(A,E), ring_subst_4(B,F), ring_subst_3(B,C).
(r36) great_rsd(A,B) :- ring_subst_2(A,C), n_val(B,D), ring_subst_6(B,C).
(r37) great_rsd(A,B) :- ring_subst_3(A,C), ring_subst_4(B,D), size(C,F), ring_subst_4(A,E).
(r38) great_rsd(A,B) :- h_acceptor(E,C), ring_subst_5(B,D), ring_subst_5(B,F), ring_subst_3(A,E).
(r39) great_rsd(A,B) :- x_subst(A,F,E), ring_subst_3(B,D), ring_subst_3(A,D), r_subst_1(B,C).
(r40) great_rsd(A,B) :- ring_subst_2(A,F), ring_subst_2(B,D), polarisable(D,C), sigma(D,E).
(r41) great_rsd(A,B) :- ring_subst_6(B,C), alk_groups(A,F), r_subst_3(A,E), ring_subst_6(B,D).
(r42) great_rsd(A,B) :- ring_substitutions(A,D), n_val(B,D), r_subst_2(B,C), ring_subst_3(A,E).
(r43) great_rsd(A,B) :- x_subst(A,F,E), ring_subst_6(B,E), ring_subst_4(A,C), size(E,D).
(r44) great_rsd(A,B) :- n_val(A,C), ring_subst_5(A,E), r_subst_3(B,F), ring_subst_6(A,D).
(r45) great_rsd(A,B) :- pi_acceptor(E,D), ring_subst_5(A,C), ring_subst_4(A,E), ring_subst_4(B,E).
(r46) great_rsd(A,B) :- flex(D,E), ring_subst_4(A,C), ring_subst_4(B,F), ring_subst_5(A,D).
(r47) great_rsd(A,B) :- h_doner(C,D), ring_subst_4(B,F), ring_subst_5(A,F), x_subst(B,E,C).
(r48) great_rsd(A,B) :- ring_subst_4(A,F), n_val(A,D), r_subst_3(B,C), n_val(A,E).
(r49) great_rsd(A,B) :- r_subst_3(B,D), ring_subst_3(A,F), x_subst(A,E,C), ring_subst_2(B,C).
(r50) great_rsd(A,B) :- n_val(B,D), h_acceptor(E,F), ring_subst_6(A,E), polarisable(E,C).
(r51) great_rsd(A,B) :- ring_subst_4(B,D), n_val(A,F), polar(D,E), ring_subst_3(B,C).
(r52) great_rsd(A,B) :- x_subst(A,E,D), alk_groups(B,F), pi_acceptor(D,C), ring_substitutions(B,F).
(r53) great_rsd(A,B) :- n_val(A,C), r_subst_1(B,E), r_subst_3(B,C), ring_subst_5(A,D).
(r54) great_rsd(A,B) :- ring_subst_2(A,C), x_subst(B,D,C), flex(C,E), r_subst_1(B,F).
(r55) great_rsd(A,B) :- ring_subst_2(A,C), x_subst(B,D,C), alk_groups(B,D), x_subst(A,D,E).
(r56) great_rsd(A,B) :- ring_subst_2(B,D), sigma(E,C), ring_subst_3(A,E), r_subst_3(A,F).
(r57) great_rsd(A,B) :- n_val(A,F), ring_subst_2(B,E), h_acceptor(E,D), flex(E,C).
(r58) great_rsd(A,B) :- ring_subst_5(B,D), r_subst_3(B,E), r_subst_3(B,C), ring_subst_5(A,F).
(r59) great_rsd(A,B) :- ring_subst_2(A,C), ring_subst_2(B,D), ring_subst_4(B,E), ring_subst_2(B,C).
(r60) great_rsd(A,B) :- r_subst_3(B,D), n_val(B,C), ring_subst_4(A,E), ring_substitutions(A,C).
(r61) great_rsd(A,B) :- pi_doner(F,E), ring_subst_4(B,F), r_subst_2(B,C), ring_subst_5(A,D).
(r62) great_rsd(A,B) :- ring_substitutions(A,D), ring_subst_6(B,C), r_subst_3(A,E).
(r63) great_rsd(A,B) :- size(D,E), x_subst(B,C,D), ring_subst_2(A,D), flex(D,F).
(r64) great_rsd(A,B) :- ring_subst_3(B,F), alk_groups(A,C), gt(C,E), x_subst(A,C,D).
(r65) great_rsd(A,B) :- ring_subst_2(A,C), ring_subst_4(A,D), polar(D,E), ring_subst_2(B,F).
(r66) great_rsd(A,B) :- ring_subst_3(B,C), ring_subst_3(B,D), pi_doner(D,E), r_subst_3(A,F).
(r67) great_rsd(A,B) :- x_subst(A,C,E), n_val(B,C), ring_subst_5(B,F), ring_subst_5(A,D).
(r68) great_rsd(A,B) :- n_val(A,F), ring_subst_3(B,D), flex(D,E), r_subst_2(B,C).
(r69) great_rsd(A,B) :- n_val(A,C), pi_acceptor(D,E), ring_subst_3(B,D), r_subst_3(B,F).
(r70) great_rsd(A,B) :- ring_subst_2(A,D), ring_subst_6(A,C), ring_subst_4(B,E), ring_subst_6(A,D).
(r71) great_rsd(A,B) :- r_subst_3(B,D), ring_subst_3(A,F), h_doner(F,C), ring_subst_3(A,E).
(r72) great_rsd(A,B) :- x_subst(A,C,E), ring_subst_3(B,D), ring_subst_5(A,D), r_subst_3(A,F).
(r73) great_rsd(A,B) :- pi_doner(C,D), r_subst_1(A,E), ring_subst_4(B,F), ring_subst_3(B,C).
(r74) great_rsd(A,B) :- x_subst(A,D,F), polarisable(F,C), ring_subst_2(B,E), ring_subst_5(A,F).
(r75) great_rsd(A,B) :- x_subst(B,D,F), r_subst_3(A,D), ring_subst_5(B,C), h_acceptor(F,E).
(r76) great_rsd(A,B) :- n_val(A,F), x_subst(B,F,C), ring_subst_4(A,E), alk_groups(A,D).
(r77) great_rsd(A,B) :- ring_subst_5(A,E), n_val(A,D), x_subst(A,C,F), x_subst(B,D,E).
(r78) great_rsd(A,B) :- r_subst_1(B,D), r_subst_3(A,E), gt(E,F), n_val(A,C).
(r79) great_rsd(A,B) :- ring_subst_2(B,D), great_pi_don(F,E), ring_subst_6(A,C), pi_doner(C,F).
(r80) great_rsd(A,B) :- ring_subst_5(B,E), r_subst_2(A,C), x_subst(B,D,E), r_subst_2(A,F).
(r81) great_rsd(A,B) :- ring_subst_3(B,D), ring_subst_6(B,C), x_subst(B,E,F), ring_subst_5(A,D).
(r82) great_rsd(A,B) :- alk_groups(A,E), x_subst(A,D,C), ring_subst_6(B,C), n_val(B,E).
(r83) great_rsd(A,B) :- ring_substitutions(A,E), x_subst(B,D,C), ring_subst_5(A,F), x_subst(A,E,C).
(r84) great_rsd(A,B) :- ring_subst_4(A,D), ring_subst_2(A,F), ring_subst_6(A,C), ring_subst_2(B,E).
(r85) great_rsd(A,B) :- h_doner(E,C), alk_groups(A,F), alk_groups(B,D), x_subst(B,D,E).
(r86) great_rsd(A,B) :- n_val(A,C), x_subst(A,C,E), flex(E,D), ring_subst_3(B,E).
(r87) great_rsd(A,B) :- ring_subst_3(A,D), r_subst_3(A,E), r_subst_1(B,C), ring_subst_6(B,F).
(r88) great_rsd(A,B) :- x_subst(A,C,E), polar(E,D), ring_subst_2(A,E), alk_groups(B,C).
(r89) great_rsd(A,B) :- n_val(A,C), ring_subst_6(B,E), x_subst(B,C,D), alk_groups(A,F).
(r90) great_rsd(A,B) :- x_subst(A,E,D), ring_subst_2(B,F), n_val(B,E), polar(D,C).
(r91) great_rsd(A,B) :- r_subst_1(B,C), alk_groups(A,D), x_subst(B,D,E), gt(D,F).
(r92) great_rsd(A,B) :- r_subst_3(B,D), gt(D,C), alk_groups(B,D), n_val(A,E).
(r93) great_rsd(A,B) :- r_subst_1(B,D), ring_subst_3(A,F), polarisable(F,E), ring_subst_2(B,C).
(r94) great_rsd(A,B) :- alk_groups(A,E), alk_groups(B,F), size(C,D), x_subst(B,E,C).
(r95) great_rsd(A,B) :- n_val(B,D), r_subst_2(A,E), r_subst_3(A,C), r_subst_1(B,F).
(r96) great_rsd(A,B) :- r_subst_2(B,D), ring_subst_5(A,C), ring_subst_3(A,C), ring_subst_6(A,C).
(r97) great_rsd(A,B) :- ring_subst_2(A,C), pi_acceptor(F,E), ring_subst_4(B,F), sigma(F,D).
(r98) great_rsd(A,B) :- h_doner(F,C), ring_subst_6(B,F), ring_subst_6(A,D), alk_groups(B,E).
(r99) great_rsd(A,B) :- ring_subst_3(A,C), x_subst(A,F,D), h_doner(C,E), ring_subst_2(B,C).
(r100) great_rsd(A,B) :- r_subst_3(B,D), n_val(A,F), x_subst(B,F,C), ring_subst_3(B,E).
(r101) great_rsd(A,B) :- ring_substitutions(B,E), r_subst_3(B,E), x_subst(A,C,D), r_subst_2(A,F).
(r102) great_rsd(A,B) :- x_subst(B,F,C), ring_subst_6(A,E), x_subst(B,F,D), ring_subst_2(B,C).
(r103) great_rsd(A,B) :- ring_subst_4(B,D), r_subst_1(A,E), r_subst_1(B,C), r_subst_1(B,F).
(r104) great_rsd(A,B) :- ring_subst_6(B,E), alk_groups(B,C), pi_acceptor(E,F), ring_substitutions(A,D).
(r105) great_rsd(A,B) :- sigma(F,D), x_subst(B,E,F), r_subst_3(B,C), ring_subst_5(A,F).
(r106) great_rsd(A,B) :- ring_substitutions(A,E), gt(E,C), ring_subst_4(B,D), ring_substitutions(B,F).
(r107) great_rsd(A,B) :- polarisable(E,C), pi_doner(E,D), ring_subst_3(B,E), ring_subst_5(A,F).
(r108) great_rsd(A,B) :- x_subst(A,F,E), ring_subst_5(B,E), size(E,C), size(E,D).
(r109) great_rsd(A,B) :- ring_subst_6(A,D), r_subst_2(A,E), x_subst(A,F,D), ring_subst_2(B,C).
(r110) great_rsd(A,B) :- x_subst(A,D,C), pi_acceptor(E,F), ring_subst_5(A,C), ring_subst_2(B,E).
====================
MaxSAT solving... (3778 vars, 27896 hard, 1174 soft)
number of rules: 112
program size: 516
(inv1) inv1(X1,X2,X3,X4,X5,X6,X7,X8,X9,X10) :- x_subst(X1,X2,X3), x_subst(X4,X5,X6), alk_groups(X7,X8), alk_groups(X9,X10).
(inv2) inv2(X1,X2,X3,X4,X5,X6,X7,X8) :- ring_subst_5(X1,X2), x_subst(X3,X4,X5), x_subst(X6,X7,X8).
(r1) great_rsd(A,B) :- x_subst(A,D,F), x_subst(B,D,F), n_val(A,C), ring_subst_4(B,E).
(r2) great_rsd(A,B) :- r_subst_1(B,D), alk_groups(A,C), n_val(A,C), ring_substitutions(B,C).
(r3) great_rsd(A,B) :- n_val(B,D), r_subst_2(A,E), ring_subst_4(B,F), ring_subst_6(A,C).
(r4) great_rsd(A,B) :- n_val(B,F), ring_subst_6(A,E), gt(F,C), ring_subst_6(A,D).
(r5) great_rsd(A,B) :- ring_subst_4(A,D), ring_subst_4(A,C), ring_subst_6(A,C), ring_subst_2(B,E).
(r6) great_rsd(A,B) :- h_acceptor(C,E), x_subst(A,D,C), ring_subst_6(B,F).
(r7) great_rsd(A,B) :- inv2(B,F,B,C,E,B,C,E), r_subst_3(A,D), ring_subst_6(A,E).
(r8) great_rsd(A,B) :- ring_subst_2(A,C), ring_subst_6(A,E), n_val(A,D), n_val(B,F).
(r9) great_rsd(A,B) :- r_subst_2(B,D), ring_subst_6(B,C), ring_subst_4(B,E), r_subst_3(A,F).
(r10) great_rsd(A,B) :- ring_subst_2(B,D), sigma(E,C), ring_subst_5(B,F), ring_subst_3(A,E).
(r11) great_rsd(A,B) :- r_subst_2(B,D), ring_subst_2(A,F), r_subst_3(A,E), x_subst(A,E,C).
(r12) great_rsd(A,B) :- h_acceptor(E,D), ring_subst_3(B,C), ring_subst_3(A,E), r_subst_1(A,F).
(r13) great_rsd(A,B) :- h_acceptor(F,E), x_subst(B,C,D), ring_subst_3(A,D), x_subst(B,C,F).
(r14) great_rsd(A,B) :- x_subst(B,D,F), ring_subst_6(B,E), x_subst(B,D,C), x_subst(A,D,E).
(r15) great_rsd(A,B) :- x_subst(A,D,F), pi_acceptor(F,E), ring_subst_4(B,C).
(r16) great_rsd(A,B) :- inv1(B,D,C,B,D,C,B,E,B,E), ring_subst_2(B,F), ring_subst_6(A,C).
(r17) great_rsd(A,B) :- inv1(A,F,E,B,F,C,A,D,A,D), ring_subst_3(B,C).
(r18) great_rsd(A,B) :- x_subst(B,E,D), n_val(A,E), x_subst(A,E,C), r_subst_2(A,F).
(r19) great_rsd(A,B) :- ring_substitutions(A,C), x_subst(A,C,E), ring_subst_4(B,D), r_subst_2(A,F).
(r20) great_rsd(A,B) :- ring_subst_3(A,C), ring_subst_4(B,D), alk_groups(B,E).
(r21) great_rsd(A,B) :- inv2(B,F,A,C,E,A,C,E), r_subst_1(A,D), r_subst_3(A,C).
(r22) great_rsd(A,B) :- inv2(A,C,B,F,C,B,F,C), alk_groups(B,D), size(C,E).
(r23) great_rsd(A,B) :- x_subst(A,D,F), x_subst(B,E,F), gt(C,D), r_subst_3(A,C).
(r24) great_rsd(A,B) :- gt(E,D), ring_subst_5(B,F), r_subst_1(B,C), n_val(A,E).
(r25) great_rsd(A,B) :- inv2(A,C,B,E,D,B,E,D), polarisable(C,F), ring_subst_6(A,D).
(r26) great_rsd(A,B) :- pi_doner(E,D), ring_subst_5(A,E), alk_groups(A,F), r_subst_3(B,C).
(r27) great_rsd(A,B) :- ring_subst_6(A,D), polar(C,E), ring_subst_5(A,D), ring_subst_2(B,C).
(r28) great_rsd(A,B) :- inv1(A,C,E,A,C,E,B,D,B,D), polar(E,F), ring_substitutions(A,C).
(r29) great_rsd(A,B) :- inv1(B,F,E,B,F,E,A,F,A,F), r_subst_1(B,C), n_val(A,D).
(r30) great_rsd(A,B) :- pi_doner(D,C), ring_subst_6(B,D), ring_subst_6(A,D).
(r31) great_rsd(A,B) :- r_subst_2(B,D), ring_subst_2(A,F), flex(F,E), r_subst_1(B,C).
(r32) great_rsd(A,B) :- inv1(A,C,D,A,C,D,B,F,B,F), gt(F,C), ring_subst_4(B,E).
(r33) great_rsd(A,B) :- x_subst(B,C,D), r_subst_3(B,E), ring_substitutions(A,F), gt(F,C).
(r34) great_rsd(A,B) :- ring_subst_5(B,E), n_val(A,D), pi_acceptor(E,C), r_subst_2(B,F).
(r35) great_rsd(A,B) :- flex(F,D), ring_subst_5(A,E), ring_subst_4(B,F), ring_subst_3(B,C).
(r36) great_rsd(A,B) :- ring_subst_2(A,C), n_val(B,D), ring_subst_6(B,C).
(r37) great_rsd(A,B) :- ring_subst_3(A,C), ring_subst_4(B,D), size(C,F), ring_subst_4(A,E).
(r38) great_rsd(A,B) :- h_acceptor(E,C), ring_subst_5(B,D), ring_subst_5(B,F), ring_subst_3(A,E).
(r39) great_rsd(A,B) :- x_subst(A,F,E), ring_subst_3(B,D), ring_subst_3(A,D), r_subst_1(B,C).
(r40) great_rsd(A,B) :- ring_subst_2(A,F), ring_subst_2(B,D), polarisable(D,C), sigma(D,E).
(r41) great_rsd(A,B) :- ring_subst_6(B,C), alk_groups(A,F), r_subst_3(A,E), ring_subst_6(B,D).
(r42) great_rsd(A,B) :- ring_substitutions(A,D), n_val(B,D), r_subst_2(B,C), ring_subst_3(A,E).
(r43) great_rsd(A,B) :- x_subst(A,F,E), ring_subst_6(B,E), ring_subst_4(A,C), size(E,D).
(r44) great_rsd(A,B) :- n_val(A,C), ring_subst_5(A,E), r_subst_3(B,F), ring_subst_6(A,D).
(r45) great_rsd(A,B) :- pi_acceptor(E,D), ring_subst_5(A,C), ring_subst_4(A,E), ring_subst_4(B,E).
(r46) great_rsd(A,B) :- flex(D,E), ring_subst_4(A,C), ring_subst_4(B,F), ring_subst_5(A,D).
(r47) great_rsd(A,B) :- inv2(A,F,B,E,C,B,E,C), h_doner(C,D), ring_subst_4(B,F).
(r48) great_rsd(A,B) :- ring_subst_4(A,F), n_val(A,D), r_subst_3(B,C), n_val(A,E).
(r49) great_rsd(A,B) :- r_subst_3(B,D), ring_subst_3(A,F), x_subst(A,E,C), ring_subst_2(B,C).
(r50) great_rsd(A,B) :- n_val(B,D), h_acceptor(E,F), ring_subst_6(A,E), polarisable(E,C).
(r51) great_rsd(A,B) :- ring_subst_4(B,D), n_val(A,F), polar(D,E), ring_subst_3(B,C).
(r52) great_rsd(A,B) :- inv1(A,E,D,A,E,D,B,F,B,F), pi_acceptor(D,C), ring_substitutions(B,F).
(r53) great_rsd(A,B) :- n_val(A,C), r_subst_1(B,E), r_subst_3(B,C), ring_subst_5(A,D).
(r54) great_rsd(A,B) :- ring_subst_2(A,C), x_subst(B,D,C), flex(C,E), r_subst_1(B,F).
(r55) great_rsd(A,B) :- inv1(B,D,C,A,D,E,B,D,B,D), ring_subst_2(A,C).
(r56) great_rsd(A,B) :- ring_subst_2(B,D), sigma(E,C), ring_subst_3(A,E), r_subst_3(A,F).
(r57) great_rsd(A,B) :- n_val(A,F), ring_subst_2(B,E), h_acceptor(E,D), flex(E,C).
(r58) great_rsd(A,B) :- ring_subst_5(B,D), r_subst_3(B,E), r_subst_3(B,C), ring_subst_5(A,F).
(r59) great_rsd(A,B) :- ring_subst_2(A,C), ring_subst_2(B,D), ring_subst_4(B,E), ring_subst_2(B,C).
(r60) great_rsd(A,B) :- r_subst_3(B,D), n_val(B,C), ring_subst_4(A,E), ring_substitutions(A,C).
(r61) great_rsd(A,B) :- pi_doner(F,E), ring_subst_4(B,F), r_subst_2(B,C), ring_subst_5(A,D).
(r62) great_rsd(A,B) :- ring_substitutions(A,D), ring_subst_6(B,C), r_subst_3(A,E).
(r63) great_rsd(A,B) :- size(D,E), x_subst(B,C,D), ring_subst_2(A,D), flex(D,F).
(r64) great_rsd(A,B) :- inv1(A,C,D,A,C,D,A,C,A,C), ring_subst_3(B,F), gt(C,E).
(r65) great_rsd(A,B) :- ring_subst_2(A,C), ring_subst_4(A,D), polar(D,E), ring_subst_2(B,F).
(r66) great_rsd(A,B) :- ring_subst_3(B,C), ring_subst_3(B,D), pi_doner(D,E), r_subst_3(A,F).
(r67) great_rsd(A,B) :- inv2(B,F,A,C,E,A,C,E), n_val(B,C), ring_subst_5(A,D).
(r68) great_rsd(A,B) :- n_val(A,F), ring_subst_3(B,D), flex(D,E), r_subst_2(B,C).
(r69) great_rsd(A,B) :- n_val(A,C), pi_acceptor(D,E), ring_subst_3(B,D), r_subst_3(B,F).
(r70) great_rsd(A,B) :- ring_subst_2(A,D), ring_subst_6(A,C), ring_subst_4(B,E), ring_subst_6(A,D).
(r71) great_rsd(A,B) :- r_subst_3(B,D), ring_subst_3(A,F), h_doner(F,C), ring_subst_3(A,E).
(r72) great_rsd(A,B) :- inv2(A,D,A,C,E,A,C,E), ring_subst_3(B,D), r_subst_3(A,F).
(r73) great_rsd(A,B) :- pi_doner(C,D), r_subst_1(A,E), ring_subst_4(B,F), ring_subst_3(B,C).
(r74) great_rsd(A,B) :- inv2(A,F,A,D,F,A,D,F), polarisable(F,C), ring_subst_2(B,E).
(r75) great_rsd(A,B) :- inv2(B,C,B,D,F,B,D,F), r_subst_3(A,D), h_acceptor(F,E).
(r76) great_rsd(A,B) :- inv1(B,F,C,B,F,C,A,D,A,D), n_val(A,F), ring_subst_4(A,E).
(r77) great_rsd(A,B) :- inv2(A,E,A,C,F,B,D,E), n_val(A,D).
(r78) great_rsd(A,B) :- r_subst_1(B,D), r_subst_3(A,E), gt(E,F), n_val(A,C).
(r79) great_rsd(A,B) :- ring_subst_2(B,D), great_pi_don(F,E), ring_subst_6(A,C), pi_doner(C,F).
(r80) great_rsd(A,B) :- inv2(B,E,B,D,E,B,D,E), r_subst_2(A,C), r_subst_2(A,F).
(r81) great_rsd(A,B) :- inv2(A,D,B,E,F,B,E,F), ring_subst_3(B,D), ring_subst_6(B,C).
(r82) great_rsd(A,B) :- inv1(A,D,C,A,D,C,A,E,A,E), ring_subst_6(B,C), n_val(B,E).
(r83) great_rsd(A,B) :- inv2(A,F,B,D,C,A,E,C), ring_substitutions(A,E).
(r84) great_rsd(A,B) :- ring_subst_4(A,D), ring_subst_2(A,F), ring_subst_6(A,C), ring_subst_2(B,E).
(r85) great_rsd(A,B) :- inv1(B,D,E,B,D,E,A,F,B,D), h_doner(E,C).
(r86) great_rsd(A,B) :- n_val(A,C), x_subst(A,C,E), flex(E,D), ring_subst_3(B,E).
(r87) great_rsd(A,B) :- ring_subst_3(A,D), r_subst_3(A,E), r_subst_1(B,C), ring_subst_6(B,F).
(r88) great_rsd(A,B) :- inv1(A,C,E,A,C,E,B,C,B,C), polar(E,D), ring_subst_2(A,E).
(r89) great_rsd(A,B) :- inv1(B,C,D,B,C,D,A,F,A,F), n_val(A,C), ring_subst_6(B,E).
(r90) great_rsd(A,B) :- x_subst(A,E,D), ring_subst_2(B,F), n_val(B,E), polar(D,C).
(r91) great_rsd(A,B) :- inv1(B,D,E,B,D,E,A,D,A,D), r_subst_1(B,C), gt(D,F).
(r92) great_rsd(A,B) :- r_subst_3(B,D), gt(D,C), alk_groups(B,D), n_val(A,E).
(r93) great_rsd(A,B) :- r_subst_1(B,D), ring_subst_3(A,F), polarisable(F,E), ring_subst_2(B,C).
(r94) great_rsd(A,B) :- inv1(B,E,C,B,E,C,A,E,B,F), size(C,D).
(r95) great_rsd(A,B) :- n_val(B,D), r_subst_2(A,E), r_subst_3(A,C), r_subst_1(B,F).
(r96) great_rsd(A,B) :- r_subst_2(B,D), ring_subst_5(A,C), ring_subst_3(A,C), ring_subst_6(A,C).
(r97) great_rsd(A,B) :- ring_subst_2(A,C), pi_acceptor(F,E), ring_subst_4(B,F), sigma(F,D).
(r98) great_rsd(A,B) :- h_doner(F,C), ring_subst_6(B,F), ring_subst_6(A,D), alk_groups(B,E).
(r99) great_rsd(A,B) :- ring_subst_3(A,C), x_subst(A,F,D), h_doner(C,E), ring_subst_2(B,C).
(r100) great_rsd(A,B) :- r_subst_3(B,D), n_val(A,F), x_subst(B,F,C), ring_subst_3(B,E).
(r101) great_rsd(A,B) :- ring_substitutions(B,E), r_subst_3(B,E), x_subst(A,C,D), r_subst_2(A,F).
(r102) great_rsd(A,B) :- x_subst(B,F,C), ring_subst_6(A,E), x_subst(B,F,D), ring_subst_2(B,C).
(r103) great_rsd(A,B) :- ring_subst_4(B,D), r_subst_1(A,E), r_subst_1(B,C), r_subst_1(B,F).
(r104) great_rsd(A,B) :- ring_subst_6(B,E), alk_groups(B,C), pi_acceptor(E,F), ring_substitutions(A,D).
(r105) great_rsd(A,B) :- inv2(A,F,B,E,F,B,E,F), sigma(F,D), r_subst_3(B,C).
(r106) great_rsd(A,B) :- ring_substitutions(A,E), gt(E,C), ring_subst_4(B,D), ring_substitutions(B,F).
(r107) great_rsd(A,B) :- polarisable(E,C), pi_doner(E,D), ring_subst_3(B,E), ring_subst_5(A,F).
(r108) great_rsd(A,B) :- inv2(B,E,A,F,E,A,F,E), size(E,C), size(E,D).
(r109) great_rsd(A,B) :- ring_subst_6(A,D), r_subst_2(A,E), x_subst(A,F,D), ring_subst_2(B,C).
(r110) great_rsd(A,B) :- inv2(A,C,A,D,C,A,D,C), pi_acceptor(E,F), ring_subst_2(B,E).
====================
