number of rules: 70
program size: 347
(r1) great_ne(A,B) :- r_subst_2(B,C), size(D,E), ring_subst_2(A,D).
(r2) great_ne(A,B) :- ring_subst_2(B,E), n_val(A,F), r_subst_1(B,C), ring_subst_4(B,D).
(r3) great_ne(A,B) :- ring_subst_6(A,C), ring_subst_4(B,C), r_subst_2(B,E), ring_subst_2(B,D).
(r4) great_ne(A,B) :- ring_subst_4(B,C), polarisable(C,D), ring_subst_6(A,E).
(r5) great_ne(A,B) :- x_subst(B,F,C), sigma(C,E), n_val(A,F), ring_subst_3(A,D).
(r6) great_ne(A,B) :- alk_groups(A,E), ring_subst_4(B,D), ring_subst_3(B,D), gt(E,C).
(r7) great_ne(A,B) :- ring_subst_2(B,E), size(E,C), ring_subst_3(A,D), ring_subst_2(A,D).
(r8) great_ne(A,B) :- ring_subst_6(A,C), x_subst(B,F,C), pi_acceptor(C,D), size(C,E).
(r9) great_ne(A,B) :- ring_substitutions(B,D), ring_subst_2(A,C), x_subst(B,E,C), ring_subst_6(B,C).
(r10) great_ne(A,B) :- ring_subst_6(B,F), ring_subst_3(A,E), pi_doner(F,D), polar(F,C).
(r11) great_ne(A,B) :- x_subst(B,C,E), n_val(B,C), n_val(B,F), n_val(A,D).
(r12) great_ne(A,B) :- flex(E,F), ring_subst_2(B,D), r_subst_2(A,C), ring_subst_6(A,E).
(r13) great_ne(A,B) :- ring_subst_5(A,F), ring_subst_6(B,D), r_subst_2(B,E), h_acceptor(F,C).
(r14) great_ne(A,B) :- h_doner(E,D), ring_subst_3(B,F), x_subst(B,C,F), ring_subst_5(A,E).
(r15) great_ne(A,B) :- ring_subst_4(B,E), ring_subst_6(A,D), ring_subst_3(A,C), ring_subst_5(B,C).
(r16) great_ne(A,B) :- r_subst_1(B,D), n_val(A,E), x_subst(B,E,C).
(r17) great_ne(A,B) :- ring_subst_4(B,E), ring_subst_2(B,F), polar(F,C), ring_subst_2(A,D).
(r18) great_ne(A,B) :- pi_acceptor(C,F), x_subst(A,D,E), ring_subst_6(B,C), ring_subst_5(B,C).
(r19) great_ne(A,B) :- ring_subst_4(A,E), flex(C,D), ring_subst_4(A,F), ring_subst_5(B,C).
(r20) great_ne(A,B) :- ring_subst_2(B,E), x_subst(A,C,D), h_doner(D,F), alk_groups(B,C).
(r21) great_ne(A,B) :- r_subst_3(A,E), x_subst(B,E,D), ring_subst_3(B,C), ring_subst_6(B,C).
(r22) great_ne(A,B) :- ring_substitutions(A,C), ring_subst_4(A,E), ring_subst_5(B,F), r_subst_3(A,D).
(r23) great_ne(A,B) :- ring_subst_3(A,C), h_doner(C,E), ring_subst_6(A,D), ring_subst_2(B,F).
(r24) great_ne(A,B) :- ring_subst_4(A,E), ring_subst_4(A,C), x_subst(B,D,E), r_subst_2(A,F).
(r25) great_ne(A,B) :- sigma(C,F), ring_subst_4(A,D), ring_subst_3(B,C), r_subst_3(B,E).
(r26) great_ne(A,B) :- h_acceptor(F,E), x_subst(A,D,F), r_subst_1(B,C), ring_subst_3(A,F).
(r27) great_ne(A,B) :- alk_groups(B,D), r_subst_1(B,E), x_subst(A,F,C), ring_subst_5(B,C).
(r28) great_ne(A,B) :- h_acceptor(C,E), x_subst(B,D,C), r_subst_3(A,D), r_subst_1(B,F).
(r29) great_ne(A,B) :- x_subst(B,F,D), x_subst(A,C,E), ring_subst_3(B,D), gt(C,F).
(r30) great_ne(A,B) :- ring_subst_3(A,C), ring_subst_2(A,C), ring_subst_2(B,D), h_acceptor(C,E).
(r31) great_ne(A,B) :- size(C,E), n_val(A,F), ring_subst_5(B,C), ring_subst_3(A,D).
(r32) great_ne(A,B) :- pi_doner(C,F), ring_substitutions(A,D), ring_subst_6(B,C), r_subst_3(B,E).
(r33) great_ne(A,B) :- ring_subst_2(B,E), h_doner(E,C), n_val(A,F), ring_subst_3(A,D).
(r34) great_ne(A,B) :- r_subst_1(A,D), ring_subst_2(B,E), polar(E,C), ring_subst_4(B,E).
(r35) great_ne(A,B) :- pi_acceptor(C,D), ring_subst_3(A,E), ring_subst_4(B,C), x_subst(A,F,C).
(r36) great_ne(A,B) :- gt(D,E), r_subst_3(A,D), ring_substitutions(A,E), ring_substitutions(B,C).
(r37) great_ne(A,B) :- size(F,D), alk_groups(B,E), ring_subst_2(A,F), gt(E,C).
(r38) great_ne(A,B) :- r_subst_3(B,F), ring_subst_3(A,C), x_subst(B,E,C), n_val(A,D).
(r39) great_ne(A,B) :- r_subst_3(A,E), x_subst(B,E,D), x_subst(A,E,C), ring_subst_4(B,C).
(r40) great_ne(A,B) :- x_subst(A,C,F), x_subst(B,C,E), ring_subst_4(B,D), ring_subst_5(A,F).
(r41) great_ne(A,B) :- x_subst(A,E,F), r_subst_3(B,C), flex(F,D), ring_subst_5(A,F).
(r42) great_ne(A,B) :- ring_subst_6(A,C), ring_subst_6(A,F), ring_subst_6(B,E), alk_groups(A,D).
(r43) great_ne(A,B) :- ring_subst_2(A,F), ring_subst_4(B,E), polarisable(E,C), x_subst(B,D,E).
(r44) great_ne(A,B) :- alk_groups(B,D), ring_subst_6(A,C), ring_subst_5(A,C), ring_subst_6(B,C).
(r45) great_ne(A,B) :- ring_subst_4(B,E), polar(E,D), r_subst_1(B,C), r_subst_2(A,F).
(r46) great_ne(A,B) :- ring_substitutions(B,F), x_subst(B,D,C), ring_substitutions(B,D), ring_subst_3(A,E).
(r47) great_ne(A,B) :- r_subst_1(B,D), ring_subst_6(A,C), alk_groups(B,E), ring_subst_2(B,C).
(r48) great_ne(A,B) :- n_val(A,E), r_subst_3(A,F), n_val(B,C), x_subst(B,C,D).
(r49) great_ne(A,B) :- ring_subst_2(A,E), r_subst_3(B,F), x_subst(A,C,E), x_subst(B,C,D).
(r50) great_ne(A,B) :- x_subst(A,F,D), ring_subst_6(A,D), gt(F,E), ring_substitutions(B,C).
(r51) great_ne(A,B) :- polar(E,C), n_val(A,F), ring_subst_6(B,E), ring_subst_4(B,D).
(r52) great_ne(A,B) :- alk_groups(B,D), ring_subst_5(A,F), ring_subst_4(A,F), x_subst(B,E,C).
(r53) great_ne(A,B) :- n_val(A,C), r_subst_1(A,D), gt(C,E), x_subst(B,C,F).
(r54) great_ne(A,B) :- r_subst_1(B,D), ring_subst_5(A,F), ring_subst_2(A,C), x_subst(B,E,C).
(r55) great_ne(A,B) :- h_doner(E,D), r_subst_3(B,C), ring_subst_4(A,E), ring_subst_2(A,F).
(r56) great_ne(A,B) :- ring_subst_4(A,E), ring_subst_4(B,C), ring_subst_4(B,D), ring_subst_2(B,D).
(r57) great_ne(A,B) :- great_h_acc(C,D), ring_subst_3(B,F), ring_subst_5(A,E), h_acceptor(F,C).
(r58) great_ne(A,B) :- r_subst_3(B,C), x_subst(A,E,D), sigma(D,F), ring_subst_2(A,D).
(r59) great_ne(A,B) :- ring_subst_6(B,E), r_subst_2(A,D), ring_subst_2(B,C), ring_subst_4(A,F).
(r60) great_ne(A,B) :- ring_subst_5(B,F), alk_groups(A,C), ring_subst_2(B,D), pi_acceptor(F,E).
(r61) great_ne(A,B) :- n_val(A,E), ring_subst_2(B,C), alk_groups(B,F), ring_subst_4(A,D).
(r62) great_ne(A,B) :- ring_subst_3(B,E), flex(E,C), ring_subst_3(A,F), h_doner(F,D).
(r63) great_ne(A,B) :- r_subst_3(A,C), ring_subst_2(B,F), pi_doner(D,E), ring_subst_6(B,D).
(r64) great_ne(A,B) :- ring_substitutions(A,C), ring_subst_3(A,D), x_subst(A,C,D), r_subst_3(B,E).
(r65) great_ne(A,B) :- ring_subst_6(A,C), ring_subst_4(A,E), ring_subst_4(B,F), flex(E,D).
(r66) great_ne(A,B) :- ring_subst_6(B,D), ring_subst_3(A,F), pi_doner(F,E), pi_doner(D,C).
(r67) great_ne(A,B) :- r_subst_3(B,F), ring_subst_5(A,D), r_subst_1(B,C), pi_doner(D,E).
(r68) great_ne(A,B) :- h_doner(F,C), ring_substitutions(B,D), ring_subst_4(B,F), n_val(A,E).
(r69) great_ne(A,B) :- ring_subst_2(A,F), alk_groups(A,D), x_subst(B,D,E), x_subst(A,D,C).
(r70) great_ne(A,B) :- pi_acceptor(F,C), h_doner(F,E), ring_subst_3(B,F), n_val(A,D).
====================
MaxSAT solving... (2429 vars, 16025 hard, 767 soft)
number of rules: 72
program size: 334
(inv1) inv1(X1,X2,X3,X4,X5,X6,X7,X8) :- x_subst(X1,X2,X3), x_subst(X4,X5,X6), r_subst_3(X7,X8).
(inv2) inv2(X1,X2,X3,X4) :- ring_subst_4(X1,X2), ring_subst_2(X3,X4).
(r1) great_ne(A,B) :- r_subst_2(B,C), size(D,E), ring_subst_2(A,D).
(r2) great_ne(A,B) :- inv2(B,D,B,E), n_val(A,F), r_subst_1(B,C).
(r3) great_ne(A,B) :- inv2(B,C,B,D), ring_subst_6(A,C), r_subst_2(B,E).
(r4) great_ne(A,B) :- ring_subst_4(B,C), polarisable(C,D), ring_subst_6(A,E).
(r5) great_ne(A,B) :- x_subst(B,F,C), sigma(C,E), n_val(A,F), ring_subst_3(A,D).
(r6) great_ne(A,B) :- alk_groups(A,E), ring_subst_4(B,D), ring_subst_3(B,D), gt(E,C).
(r7) great_ne(A,B) :- ring_subst_2(B,E), size(E,C), ring_subst_3(A,D), ring_subst_2(A,D).
(r8) great_ne(A,B) :- ring_subst_6(A,C), x_subst(B,F,C), pi_acceptor(C,D), size(C,E).
(r9) great_ne(A,B) :- ring_substitutions(B,D), ring_subst_2(A,C), x_subst(B,E,C), ring_subst_6(B,C).
(r10) great_ne(A,B) :- ring_subst_6(B,F), ring_subst_3(A,E), pi_doner(F,D), polar(F,C).
(r11) great_ne(A,B) :- x_subst(B,C,E), n_val(B,C), n_val(B,F), n_val(A,D).
(r12) great_ne(A,B) :- flex(E,F), ring_subst_2(B,D), r_subst_2(A,C), ring_subst_6(A,E).
(r13) great_ne(A,B) :- ring_subst_5(A,F), ring_subst_6(B,D), r_subst_2(B,E), h_acceptor(F,C).
(r14) great_ne(A,B) :- h_doner(E,D), ring_subst_3(B,F), x_subst(B,C,F), ring_subst_5(A,E).
(r15) great_ne(A,B) :- ring_subst_4(B,E), ring_subst_6(A,D), ring_subst_3(A,C), ring_subst_5(B,C).
(r16) great_ne(A,B) :- r_subst_1(B,D), n_val(A,E), x_subst(B,E,C).
(r17) great_ne(A,B) :- inv2(B,E,B,F), polar(F,C), ring_subst_2(A,D).
(r18) great_ne(A,B) :- pi_acceptor(C,F), x_subst(A,D,E), ring_subst_6(B,C), ring_subst_5(B,C).
(r19) great_ne(A,B) :- ring_subst_4(A,E), flex(C,D), ring_subst_4(A,F), ring_subst_5(B,C).
(r20) great_ne(A,B) :- ring_subst_2(B,E), x_subst(A,C,D), h_doner(D,F), alk_groups(B,C).
(r21) great_ne(A,B) :- inv1(B,E,D,B,E,D,A,E), ring_subst_3(B,C), ring_subst_6(B,C).
(r22) great_ne(A,B) :- ring_substitutions(A,C), ring_subst_4(A,E), ring_subst_5(B,F), r_subst_3(A,D).
(r23) great_ne(A,B) :- ring_subst_3(A,C), h_doner(C,E), ring_subst_6(A,D), ring_subst_2(B,F).
(r24) great_ne(A,B) :- ring_subst_4(A,E), ring_subst_4(A,C), x_subst(B,D,E), r_subst_2(A,F).
(r25) great_ne(A,B) :- sigma(C,F), ring_subst_4(A,D), ring_subst_3(B,C), r_subst_3(B,E).
(r26) great_ne(A,B) :- h_acceptor(F,E), x_subst(A,D,F), r_subst_1(B,C), ring_subst_3(A,F).
(r27) great_ne(A,B) :- alk_groups(B,D), r_subst_1(B,E), x_subst(A,F,C), ring_subst_5(B,C).
(r28) great_ne(A,B) :- inv1(B,D,C,B,D,C,A,D), h_acceptor(C,E), r_subst_1(B,F).
(r29) great_ne(A,B) :- x_subst(B,F,D), x_subst(A,C,E), ring_subst_3(B,D), gt(C,F).
(r30) great_ne(A,B) :- ring_subst_3(A,C), ring_subst_2(A,C), ring_subst_2(B,D), h_acceptor(C,E).
(r31) great_ne(A,B) :- size(C,E), n_val(A,F), ring_subst_5(B,C), ring_subst_3(A,D).
(r32) great_ne(A,B) :- pi_doner(C,F), ring_substitutions(A,D), ring_subst_6(B,C), r_subst_3(B,E).
(r33) great_ne(A,B) :- ring_subst_2(B,E), h_doner(E,C), n_val(A,F), ring_subst_3(A,D).
(r34) great_ne(A,B) :- inv2(B,E,B,E), r_subst_1(A,D), polar(E,C).
(r35) great_ne(A,B) :- pi_acceptor(C,D), ring_subst_3(A,E), ring_subst_4(B,C), x_subst(A,F,C).
(r36) great_ne(A,B) :- gt(D,E), r_subst_3(A,D), ring_substitutions(A,E), ring_substitutions(B,C).
(r37) great_ne(A,B) :- size(F,D), alk_groups(B,E), ring_subst_2(A,F), gt(E,C).
(r38) great_ne(A,B) :- inv1(B,E,C,B,E,C,B,F), ring_subst_3(A,C), n_val(A,D).
(r39) great_ne(A,B) :- inv1(B,E,D,A,E,C,A,E), ring_subst_4(B,C).
(r40) great_ne(A,B) :- x_subst(A,C,F), x_subst(B,C,E), ring_subst_4(B,D), ring_subst_5(A,F).
(r41) great_ne(A,B) :- inv1(A,E,F,A,E,F,B,C), flex(F,D), ring_subst_5(A,F).
(r42) great_ne(A,B) :- ring_subst_6(A,C), ring_subst_6(A,F), ring_subst_6(B,E), alk_groups(A,D).
(r43) great_ne(A,B) :- inv2(B,E,A,F), polarisable(E,C), x_subst(B,D,E).
(r44) great_ne(A,B) :- alk_groups(B,D), ring_subst_6(A,C), ring_subst_5(A,C), ring_subst_6(B,C).
(r45) great_ne(A,B) :- ring_subst_4(B,E), polar(E,D), r_subst_1(B,C), r_subst_2(A,F).
(r46) great_ne(A,B) :- ring_substitutions(B,F), x_subst(B,D,C), ring_substitutions(B,D), ring_subst_3(A,E).
(r47) great_ne(A,B) :- r_subst_1(B,D), ring_subst_6(A,C), alk_groups(B,E), ring_subst_2(B,C).
(r48) great_ne(A,B) :- inv1(B,C,D,B,C,D,A,F), n_val(A,E), n_val(B,C).
(r49) great_ne(A,B) :- inv1(A,C,E,B,C,D,B,F), ring_subst_2(A,E).
(r50) great_ne(A,B) :- x_subst(A,F,D), ring_subst_6(A,D), gt(F,E), ring_substitutions(B,C).
(r51) great_ne(A,B) :- polar(E,C), n_val(A,F), ring_subst_6(B,E), ring_subst_4(B,D).
(r52) great_ne(A,B) :- alk_groups(B,D), ring_subst_5(A,F), ring_subst_4(A,F), x_subst(B,E,C).
(r53) great_ne(A,B) :- n_val(A,C), r_subst_1(A,D), gt(C,E), x_subst(B,C,F).
(r54) great_ne(A,B) :- r_subst_1(B,D), ring_subst_5(A,F), ring_subst_2(A,C), x_subst(B,E,C).
(r55) great_ne(A,B) :- inv2(A,E,A,F), h_doner(E,D), r_subst_3(B,C).
(r56) great_ne(A,B) :- inv2(A,E,B,D), inv2(B,C,B,D), ring_subst_4(B,D).
(r57) great_ne(A,B) :- great_h_acc(C,D), ring_subst_3(B,F), ring_subst_5(A,E), h_acceptor(F,C).
(r58) great_ne(A,B) :- inv1(A,E,D,A,E,D,B,C), sigma(D,F), ring_subst_2(A,D).
(r59) great_ne(A,B) :- inv2(A,F,B,C), ring_subst_6(B,E), r_subst_2(A,D).
(r60) great_ne(A,B) :- ring_subst_5(B,F), alk_groups(A,C), ring_subst_2(B,D), pi_acceptor(F,E).
(r61) great_ne(A,B) :- inv2(A,D,B,C), n_val(A,E), alk_groups(B,F).
(r62) great_ne(A,B) :- ring_subst_3(B,E), flex(E,C), ring_subst_3(A,F), h_doner(F,D).
(r63) great_ne(A,B) :- r_subst_3(A,C), ring_subst_2(B,F), pi_doner(D,E), ring_subst_6(B,D).
(r64) great_ne(A,B) :- inv1(A,C,D,A,C,D,B,E), ring_substitutions(A,C), ring_subst_3(A,D).
(r65) great_ne(A,B) :- ring_subst_6(A,C), ring_subst_4(A,E), ring_subst_4(B,F), flex(E,D).
(r66) great_ne(A,B) :- ring_subst_6(B,D), ring_subst_3(A,F), pi_doner(F,E), pi_doner(D,C).
(r67) great_ne(A,B) :- r_subst_3(B,F), ring_subst_5(A,D), r_subst_1(B,C), pi_doner(D,E).
(r68) great_ne(A,B) :- h_doner(F,C), ring_substitutions(B,D), ring_subst_4(B,F), n_val(A,E).
(r69) great_ne(A,B) :- ring_subst_2(A,F), alk_groups(A,D), x_subst(B,D,E), x_subst(A,D,C).
(r70) great_ne(A,B) :- pi_acceptor(F,C), h_doner(F,E), ring_subst_3(B,F), n_val(A,D).
====================
