number of rules: 50
program size: 249
(r1) great_rsd(A,B) :- n_val(A,C), pi_doner(E,D), ring_subst_4(B,F), ring_subst_3(B,E).
(r2) great_rsd(A,B) :- alk_groups(B,F), ring_subst_2(A,D), pi_doner(D,E), pi_doner(D,C).
(r3) great_rsd(A,B) :- ring_subst_4(A,E), ring_subst_4(B,F), ring_substitutions(B,D), size(E,C).
(r4) great_rsd(A,B) :- r_subst_3(B,F), x_subst(A,F,C), x_subst(B,F,D), x_subst(A,E,C).
(r5) great_rsd(A,B) :- ring_subst_6(B,C), ring_subst_4(A,C), x_subst(A,D,E), ring_subst_4(B,E).
(r6) great_rsd(A,B) :- ring_subst_3(B,C), polar(C,E), ring_subst_2(A,D), r_subst_3(A,F).
(r7) great_rsd(A,B) :- pi_acceptor(D,E), ring_subst_5(A,D), great_pi_acc(E,F), ring_subst_3(B,C).
(r8) great_rsd(A,B) :- x_subst(A,D,C), size(C,F), x_subst(B,D,E), ring_subst_4(B,E).
(r9) great_rsd(A,B) :- ring_subst_2(A,C), ring_subst_6(B,E), n_val(A,D), ring_subst_2(B,C).
(r10) great_rsd(A,B) :- ring_subst_5(B,E), x_subst(B,D,C), n_val(A,D), ring_subst_4(A,F).
(r11) great_rsd(A,B) :- r_subst_2(B,D), ring_subst_3(A,E), ring_subst_2(B,C).
(r12) great_rsd(A,B) :- ring_subst_4(A,D), flex(F,E), ring_subst_2(B,F), pi_doner(F,C).
(r13) great_rsd(A,B) :- x_subst(B,D,F), r_subst_1(A,C), ring_subst_2(B,F), ring_subst_2(A,E).
(r14) great_rsd(A,B) :- ring_subst_6(B,E), ring_subst_4(B,D), x_subst(A,C,D), r_subst_2(A,F).
(r15) great_rsd(A,B) :- ring_substitutions(A,D), ring_subst_6(B,C), ring_subst_5(B,C), gt(D,E).
(r16) great_rsd(A,B) :- flex(F,E), ring_subst_2(B,F), pi_doner(D,C), ring_subst_5(A,D).
(r17) great_rsd(A,B) :- ring_substitutions(A,D), ring_substitutions(B,E), ring_subst_5(B,F), h_acceptor(F,C).
(r18) great_rsd(A,B) :- ring_subst_6(B,C), pi_doner(C,D), ring_subst_4(A,E), pi_acceptor(E,F).
(r19) great_rsd(A,B) :- x_subst(A,D,F), x_subst(B,D,E), n_val(A,C), n_val(B,C).
(r20) great_rsd(A,B) :- x_subst(B,F,E), r_subst_3(A,D), ring_subst_6(A,E), r_subst_3(B,C).
(r21) great_rsd(A,B) :- x_subst(A,F,E), h_acceptor(E,D), ring_subst_3(A,C), ring_substitutions(B,F).
(r22) great_rsd(A,B) :- x_subst(A,F,E), ring_subst_2(A,C), ring_subst_3(B,E), gt(F,D).
(r23) great_rsd(A,B) :- gt(D,E), alk_groups(B,D), ring_subst_4(B,C), r_subst_1(A,F).
(r24) great_rsd(A,B) :- r_subst_2(B,D), x_subst(A,F,C), alk_groups(B,F), ring_subst_3(A,E).
(r25) great_rsd(A,B) :- ring_subst_6(B,E), r_subst_2(A,C), n_val(A,F), x_subst(A,D,E).
(r26) great_rsd(A,B) :- alk_groups(B,C), n_val(B,E), x_subst(A,C,D), ring_substitutions(A,C).
(r27) great_rsd(A,B) :- ring_subst_6(B,E), ring_subst_2(B,F), r_subst_1(A,D), ring_subst_6(A,C).
(r28) great_rsd(A,B) :- ring_subst_5(B,E), ring_subst_6(A,C), polar(E,D), ring_subst_3(B,C).
(r29) great_rsd(A,B) :- ring_substitutions(B,D), sigma(E,C), x_subst(A,D,E), ring_substitutions(B,F).
(r30) great_rsd(A,B) :- great_sigma(F,D), ring_subst_6(A,E), sigma(C,F), ring_subst_2(B,C).
(r31) great_rsd(A,B) :- x_subst(B,E,D), ring_subst_2(B,D), r_subst_3(B,E), x_subst(A,C,D).
(r32) great_rsd(A,B) :- ring_subst_5(B,E), r_subst_2(A,C), polarisable(E,F), h_acceptor(E,D).
(r33) great_rsd(A,B) :- r_subst_2(B,D), x_subst(A,C,E), ring_subst_3(B,E), ring_subst_3(B,F).
(r34) great_rsd(A,B) :- ring_subst_2(B,F), alk_groups(A,D), ring_subst_3(A,E), ring_subst_6(A,C).
(r35) great_rsd(A,B) :- n_val(A,C), x_subst(B,E,F), ring_subst_2(B,F), pi_acceptor(F,D).
(r36) great_rsd(A,B) :- ring_subst_6(B,C), r_subst_3(A,E), r_subst_1(A,D), ring_subst_2(B,C).
(r37) great_rsd(A,B) :- r_subst_3(A,E), x_subst(B,E,F), ring_subst_5(A,F), x_subst(A,C,D).
(r38) great_rsd(A,B) :- ring_subst_2(B,D), ring_subst_4(A,C), polar(C,F), sigma(D,E).
(r39) great_rsd(A,B) :- ring_subst_3(B,F), r_subst_3(A,D), polarisable(F,E), size(F,C).
(r40) great_rsd(A,B) :- alk_groups(A,E), sigma(D,C), ring_subst_5(B,D), ring_subst_6(A,D).
(r41) great_rsd(A,B) :- ring_subst_3(A,F), r_subst_1(B,C), r_subst_2(B,E), alk_groups(A,D).
(r42) great_rsd(A,B) :- ring_subst_2(B,D), alk_groups(A,F), polar(C,E), ring_subst_2(B,C).
(r43) great_rsd(A,B) :- ring_substitutions(B,C), ring_subst_6(A,E), ring_subst_5(B,D), r_subst_3(A,C).
(r44) great_rsd(A,B) :- ring_substitutions(B,D), r_subst_3(A,D), x_subst(A,C,F), x_subst(B,C,E).
(r45) great_rsd(A,B) :- ring_subst_4(B,D), ring_subst_2(B,C), x_subst(A,E,C), r_subst_2(A,F).
(r46) great_rsd(A,B) :- ring_subst_3(B,F), x_subst(A,C,E), n_val(A,D), r_subst_3(B,C).
(r47) great_rsd(A,B) :- x_subst(B,F,E), ring_subst_2(B,D), ring_subst_4(A,C), ring_substitutions(A,F).
(r48) great_rsd(A,B) :- ring_subst_4(A,F), great_polar(D,E), polar(F,D), ring_subst_2(B,C).
(r49) great_rsd(A,B) :- x_subst(A,F,E), ring_subst_6(B,D), r_subst_3(A,C), x_subst(A,C,D).
(r50) great_rsd(A,B) :- alk_groups(B,F), ring_subst_2(B,D), ring_subst_6(A,C), n_val(B,E).
====================
MaxSAT solving... (1763 vars, 11517 hard, 569 soft)
number of rules: 52
program size: 238
(inv1) inv1(X1,X2,X3,X4,X5) :- x_subst(X1,X2,X3), ring_subst_4(X4,X5).
(inv2) inv2(X1,X2,X3,X4,X5,X6,X7,X8) :- r_subst_3(X1,X2), x_subst(X3,X4,X5), x_subst(X6,X7,X8).
(r1) great_rsd(A,B) :- n_val(A,C), pi_doner(E,D), ring_subst_4(B,F), ring_subst_3(B,E).
(r2) great_rsd(A,B) :- alk_groups(B,F), ring_subst_2(A,D), pi_doner(D,E), pi_doner(D,C).
(r3) great_rsd(A,B) :- ring_subst_4(A,E), ring_subst_4(B,F), ring_substitutions(B,D), size(E,C).
(r4) great_rsd(A,B) :- inv2(B,F,A,F,C,B,F,D), x_subst(A,E,C).
(r5) great_rsd(A,B) :- inv1(A,D,E,A,C), ring_subst_6(B,C), ring_subst_4(B,E).
(r6) great_rsd(A,B) :- ring_subst_3(B,C), polar(C,E), ring_subst_2(A,D), r_subst_3(A,F).
(r7) great_rsd(A,B) :- pi_acceptor(D,E), ring_subst_5(A,D), great_pi_acc(E,F), ring_subst_3(B,C).
(r8) great_rsd(A,B) :- inv1(A,D,C,B,E), size(C,F), x_subst(B,D,E).
(r9) great_rsd(A,B) :- ring_subst_2(A,C), ring_subst_6(B,E), n_val(A,D), ring_subst_2(B,C).
(r10) great_rsd(A,B) :- inv1(B,D,C,A,F), ring_subst_5(B,E), n_val(A,D).
(r11) great_rsd(A,B) :- r_subst_2(B,D), ring_subst_3(A,E), ring_subst_2(B,C).
(r12) great_rsd(A,B) :- ring_subst_4(A,D), flex(F,E), ring_subst_2(B,F), pi_doner(F,C).
(r13) great_rsd(A,B) :- x_subst(B,D,F), r_subst_1(A,C), ring_subst_2(B,F), ring_subst_2(A,E).
(r14) great_rsd(A,B) :- inv1(A,C,D,B,D), ring_subst_6(B,E), r_subst_2(A,F).
(r15) great_rsd(A,B) :- ring_substitutions(A,D), ring_subst_6(B,C), ring_subst_5(B,C), gt(D,E).
(r16) great_rsd(A,B) :- flex(F,E), ring_subst_2(B,F), pi_doner(D,C), ring_subst_5(A,D).
(r17) great_rsd(A,B) :- ring_substitutions(A,D), ring_substitutions(B,E), ring_subst_5(B,F), h_acceptor(F,C).
(r18) great_rsd(A,B) :- ring_subst_6(B,C), pi_doner(C,D), ring_subst_4(A,E), pi_acceptor(E,F).
(r19) great_rsd(A,B) :- x_subst(A,D,F), x_subst(B,D,E), n_val(A,C), n_val(B,C).
(r20) great_rsd(A,B) :- inv2(A,D,B,F,E,B,F,E), ring_subst_6(A,E), r_subst_3(B,C).
(r21) great_rsd(A,B) :- x_subst(A,F,E), h_acceptor(E,D), ring_subst_3(A,C), ring_substitutions(B,F).
(r22) great_rsd(A,B) :- x_subst(A,F,E), ring_subst_2(A,C), ring_subst_3(B,E), gt(F,D).
(r23) great_rsd(A,B) :- gt(D,E), alk_groups(B,D), ring_subst_4(B,C), r_subst_1(A,F).
(r24) great_rsd(A,B) :- r_subst_2(B,D), x_subst(A,F,C), alk_groups(B,F), ring_subst_3(A,E).
(r25) great_rsd(A,B) :- ring_subst_6(B,E), r_subst_2(A,C), n_val(A,F), x_subst(A,D,E).
(r26) great_rsd(A,B) :- alk_groups(B,C), n_val(B,E), x_subst(A,C,D), ring_substitutions(A,C).
(r27) great_rsd(A,B) :- ring_subst_6(B,E), ring_subst_2(B,F), r_subst_1(A,D), ring_subst_6(A,C).
(r28) great_rsd(A,B) :- ring_subst_5(B,E), ring_subst_6(A,C), polar(E,D), ring_subst_3(B,C).
(r29) great_rsd(A,B) :- ring_substitutions(B,D), sigma(E,C), x_subst(A,D,E), ring_substitutions(B,F).
(r30) great_rsd(A,B) :- great_sigma(F,D), ring_subst_6(A,E), sigma(C,F), ring_subst_2(B,C).
(r31) great_rsd(A,B) :- inv2(B,E,B,E,D,A,C,D), ring_subst_2(B,D).
(r32) great_rsd(A,B) :- ring_subst_5(B,E), r_subst_2(A,C), polarisable(E,F), h_acceptor(E,D).
(r33) great_rsd(A,B) :- r_subst_2(B,D), x_subst(A,C,E), ring_subst_3(B,E), ring_subst_3(B,F).
(r34) great_rsd(A,B) :- ring_subst_2(B,F), alk_groups(A,D), ring_subst_3(A,E), ring_subst_6(A,C).
(r35) great_rsd(A,B) :- n_val(A,C), x_subst(B,E,F), ring_subst_2(B,F), pi_acceptor(F,D).
(r36) great_rsd(A,B) :- ring_subst_6(B,C), r_subst_3(A,E), r_subst_1(A,D), ring_subst_2(B,C).
(r37) great_rsd(A,B) :- inv2(A,E,B,E,F,A,C,D), ring_subst_5(A,F).
(r38) great_rsd(A,B) :- ring_subst_2(B,D), ring_subst_4(A,C), polar(C,F), sigma(D,E).
(r39) great_rsd(A,B) :- ring_subst_3(B,F), r_subst_3(A,D), polarisable(F,E), size(F,C).
(r40) great_rsd(A,B) :- alk_groups(A,E), sigma(D,C), ring_subst_5(B,D), ring_subst_6(A,D).
(r41) great_rsd(A,B) :- ring_subst_3(A,F), r_subst_1(B,C), r_subst_2(B,E), alk_groups(A,D).
(r42) great_rsd(A,B) :- ring_subst_2(B,D), alk_groups(A,F), polar(C,E), ring_subst_2(B,C).
(r43) great_rsd(A,B) :- ring_substitutions(B,C), ring_subst_6(A,E), ring_subst_5(B,D), r_subst_3(A,C).
(r44) great_rsd(A,B) :- inv2(A,D,A,C,F,B,C,E), ring_substitutions(B,D).
(r45) great_rsd(A,B) :- inv1(A,E,C,B,D), ring_subst_2(B,C), r_subst_2(A,F).
(r46) great_rsd(A,B) :- inv2(B,C,A,C,E,A,C,E), ring_subst_3(B,F), n_val(A,D).
(r47) great_rsd(A,B) :- inv1(B,F,E,A,C), ring_subst_2(B,D), ring_substitutions(A,F).
(r48) great_rsd(A,B) :- ring_subst_4(A,F), great_polar(D,E), polar(F,D), ring_subst_2(B,C).
(r49) great_rsd(A,B) :- inv2(A,C,A,F,E,A,C,D), ring_subst_6(B,D).
(r50) great_rsd(A,B) :- alk_groups(B,F), ring_subst_2(B,D), ring_subst_6(A,C), n_val(B,E).
====================
