number of rules: 150
program size: 720
(r1) verbgroup(A,B) :- memberofdomainusage(D,E), instancehypernym(A,D), similarto(B,C), derivationallyrelatedform(F,A).
(r2) verbgroup(A,B) :- instancehypernym(A,D), membermeronym(D,F), membermeronym(E,C), similarto(B,C).
(r3) verbgroup(A,B) :- instancehypernym(A,F), alsosee(F,C), haspart(E,A), haspart(D,B).
(r4) verbgroup(A,B) :- memberofdomainregion(D,E), similarto(B,A), similarto(B,C), synsetdomaintopicof(A,E).
(r5) verbgroup(A,B) :- similarto(B,C), hypernym(B,D), haspart(A,C), similarto(A,C).
(r6) verbgroup(A,B) :- memberofdomainusage(C,D), memberofdomainusage(B,E), derivationallyrelatedform(A,C).
(r7) verbgroup(A,B) :- alsosee(C,F), similarto(B,C), haspart(A,D), memberofdomainregion(E,A).
(r8) verbgroup(A,B) :- hypernym(B,A), derivationallyrelatedform(A,D), similarto(B,C), similarto(C,D).
(r9) verbgroup(A,B) :- alsosee(F,C), similarto(B,E), similarto(C,B), memberofdomainregion(A,D).
(r10) verbgroup(A,B) :- derivationallyrelatedform(A,E), similarto(B,C), synsetdomaintopicof(E,F), derivationallyrelatedform(D,C).
(r11) verbgroup(A,B) :- alsosee(C,A), membermeronym(E,B), haspart(D,B), similarto(B,C).
(r12) verbgroup(A,B) :- haspart(D,B), alsosee(F,C), similarto(E,A), membermeronym(F,D).
(r13) verbgroup(A,B) :- memberofdomainusage(C,A), memberofdomainusage(A,D), similarto(C,B), similarto(B,C).
(r14) verbgroup(A,B) :- similarto(B,D), membermeronym(A,F), alsosee(F,C), hypernym(B,E).
(r15) verbgroup(A,B) :- derivationallyrelatedform(A,F), derivationallyrelatedform(F,E), alsosee(F,C), derivationallyrelatedform(D,B).
(r16) verbgroup(A,B) :- similarto(A,F), haspart(D,F), alsosee(F,C), instancehypernym(E,B).
(r17) verbgroup(A,B) :- alsosee(F,C), alsosee(A,E), alsosee(B,C), derivationallyrelatedform(F,D).
(r18) verbgroup(A,B) :- instancehypernym(A,D), memberofdomainusage(D,B), membermeronym(A,C).
(r19) verbgroup(A,B) :- haspart(C,D), memberofdomainregion(B,C), alsosee(F,C), hypernym(E,A).
(r20) verbgroup(A,B) :- haspart(F,A), alsosee(F,C), similarto(E,B), instancehypernym(D,C).
(r21) verbgroup(A,B) :- memberofdomainregion(D,B), memberofdomainusage(D,B), instancehypernym(A,B), similarto(B,C).
(r22) verbgroup(A,B) :- memberofdomainusage(A,C), derivationallyrelatedform(D,A), synsetdomaintopicof(B,A).
(r23) verbgroup(A,B) :- memberofdomainregion(D,B), haspart(E,C), similarto(A,E), similarto(B,C).
(r24) verbgroup(A,B) :- memberofdomainusage(D,B), similarto(B,A), similarto(E,D), similarto(B,C).
(r25) verbgroup(A,B) :- synsetdomaintopicof(A,F), memberofdomainusage(D,F), derivationallyrelatedform(B,E), similarto(B,C).
(r26) verbgroup(A,B) :- membermeronym(B,A), alsosee(C,B), haspart(D,A), similarto(B,C).
(r27) verbgroup(A,B) :- derivationallyrelatedform(E,B), synsetdomaintopicof(A,D), haspart(D,A), similarto(B,C).
(r28) verbgroup(A,B) :- haspart(D,B), instancehypernym(B,D), derivationallyrelatedform(A,D), similarto(B,C).
(r29) verbgroup(A,B) :- haspart(A,E), memberofdomainregion(D,C), similarto(B,C), haspart(C,A).
(r30) verbgroup(A,B) :- hypernym(E,B), alsosee(F,C), alsosee(F,A), memberofdomainregion(A,D).
(r31) verbgroup(A,B) :- derivationallyrelatedform(E,A), alsosee(F,C), alsosee(F,A), memberofdomainregion(B,D).
(r32) verbgroup(A,B) :- instancehypernym(B,D), alsosee(F,C), memberofdomainusage(C,A), haspart(E,B).
(r33) verbgroup(A,B) :- synsetdomaintopicof(B,D), haspart(D,C), instancehypernym(A,E), similarto(B,C).
(r34) verbgroup(A,B) :- memberofdomainregion(B,E), instancehypernym(C,A), alsosee(F,C), haspart(B,D).
(r35) verbgroup(A,B) :- alsosee(F,C), instancehypernym(D,B), derivationallyrelatedform(A,E), synsetdomaintopicof(C,B).
(r36) verbgroup(A,B) :- derivationallyrelatedform(A,E), synsetdomaintopicof(D,E), similarto(B,C), instancehypernym(B,C).
(r37) verbgroup(A,B) :- synsetdomaintopicof(B,C), alsosee(C,E), alsosee(F,C), haspart(D,A).
(r38) verbgroup(A,B) :- memberofdomainusage(E,B), membermeronym(D,C), memberofdomainregion(A,D).
(r39) verbgroup(A,B) :- membermeronym(B,E), memberofdomainregion(E,D), instancehypernym(A,C).
(r40) verbgroup(A,B) :- hypernym(D,C), memberofdomainregion(C,A), synsetdomaintopicof(C,B).
(r41) verbgroup(A,B) :- haspart(C,D), membermeronym(B,A), memberofdomainregion(B,D).
(r42) verbgroup(A,B) :- instancehypernym(C,D), synsetdomaintopicof(E,A), alsosee(F,C), haspart(B,C).
(r43) verbgroup(A,B) :- haspart(B,F), alsosee(F,C), memberofdomainregion(E,B), alsosee(D,A).
(r44) verbgroup(A,B) :- membermeronym(D,E), hypernym(B,D), similarto(B,C), synsetdomaintopicof(A,E).
(r45) verbgroup(A,B) :- membermeronym(C,B), alsosee(F,C), haspart(E,A), alsosee(D,C).
(r46) verbgroup(A,B) :- hypernym(B,F), alsosee(F,C), hypernym(B,D), membermeronym(E,A).
(r47) verbgroup(A,B) :- hypernym(A,D), memberofdomainusage(D,C), synsetdomaintopicof(A,B).
(r48) verbgroup(A,B) :- instancehypernym(F,D), alsosee(B,E), alsosee(F,C), memberofdomainregion(A,F).
(r49) verbgroup(A,B) :- hypernym(A,E), alsosee(F,C), hypernym(B,F), alsosee(D,A).
(r50) verbgroup(A,B) :- haspart(B,F), alsosee(F,C), synsetdomaintopicof(E,F), membermeronym(D,A).
(r51) verbgroup(A,B) :- hypernym(A,C), similarto(B,C), membermeronym(B,D).
(r52) verbgroup(A,B) :- alsosee(F,C), instancehypernym(D,A), synsetdomaintopicof(E,D), derivationallyrelatedform(B,F).
(r53) verbgroup(A,B) :- haspart(A,E), synsetdomaintopicof(B,D), similarto(B,C), similarto(A,C).
(r54) verbgroup(A,B) :- instancehypernym(C,D), alsosee(F,C), derivationallyrelatedform(C,B), hypernym(E,A).
(r55) verbgroup(A,B) :- haspart(A,E), derivationallyrelatedform(E,B), derivationallyrelatedform(D,B), similarto(B,C).
(r56) verbgroup(A,B) :- alsosee(F,C), hypernym(B,D), memberofdomainregion(D,E), derivationallyrelatedform(F,A).
(r57) verbgroup(A,B) :- instancehypernym(E,A), alsosee(F,C), instancehypernym(D,B), hypernym(F,E).
(r58) verbgroup(A,B) :- similarto(A,F), instancehypernym(B,D), alsosee(A,E), similarto(B,C).
(r59) verbgroup(A,B) :- hypernym(B,D), alsosee(A,C), memberofdomainregion(C,E).
(r60) verbgroup(A,B) :- memberofdomainusage(E,A), alsosee(D,B), similarto(B,C), haspart(C,F).
(r61) verbgroup(A,B) :- instancehypernym(D,A), haspart(B,C), alsosee(F,C), instancehypernym(B,E).
(r62) verbgroup(A,B) :- membermeronym(D,B), alsosee(F,C), synsetdomaintopicof(C,A), memberofdomainusage(B,E).
(r63) verbgroup(A,B) :- memberofdomainregion(D,E), synsetdomaintopicof(D,A), similarto(B,C), instancehypernym(F,A).
(r64) verbgroup(A,B) :- memberofdomainregion(D,B), derivationallyrelatedform(B,C), memberofdomainusage(A,E).
(r65) verbgroup(A,B) :- instancehypernym(C,E), memberofdomainregion(B,D), haspart(D,A), similarto(B,C).
(r66) verbgroup(A,B) :- memberofdomainusage(E,B), haspart(A,C), memberofdomainregion(D,E).
(r67) verbgroup(A,B) :- similarto(D,E), haspart(A,C), alsosee(B,D).
(r68) verbgroup(A,B) :- memberofdomainusage(C,B), alsosee(C,B), alsosee(D,A).
(r69) verbgroup(A,B) :- similarto(B,D), instancehypernym(A,E), similarto(B,C), instancehypernym(B,F).
(r70) verbgroup(A,B) :- instancehypernym(C,D), memberofdomainregion(A,E), memberofdomainregion(D,C), similarto(B,C).
(r71) verbgroup(A,B) :- memberofdomainusage(D,E), hypernym(A,E), memberofdomainregion(F,D), similarto(B,C).
(r72) verbgroup(A,B) :- derivationallyrelatedform(D,B), alsosee(A,C), similarto(B,C), memberofdomainusage(E,D).
(r73) verbgroup(A,B) :- hypernym(C,D), membermeronym(A,C), memberofdomainusage(B,E).
(r74) verbgroup(A,B) :- derivationallyrelatedform(C,F), memberofdomainregion(B,D), similarto(B,C), synsetdomaintopicof(A,E).
(r75) verbgroup(A,B) :- similarto(C,B), derivationallyrelatedform(A,D), haspart(B,D).
(r76) verbgroup(A,B) :- similarto(B,C), derivationallyrelatedform(A,B), synsetdomaintopicof(B,A), hypernym(A,D).
(r77) verbgroup(A,B) :- membermeronym(D,E), instancehypernym(D,A), membermeronym(A,E), similarto(B,C).
(r78) verbgroup(A,B) :- similarto(A,F), synsetdomaintopicof(A,D), synsetdomaintopicof(C,E), similarto(B,C).
(r79) verbgroup(A,B) :- memberofdomainusage(A,D), instancehypernym(A,E), similarto(B,C), memberofdomainregion(B,A).
(r80) verbgroup(A,B) :- alsosee(D,F), memberofdomainusage(A,D), similarto(B,C), synsetdomaintopicof(E,F).
(r81) verbgroup(A,B) :- haspart(E,D), alsosee(D,B), similarto(B,A), similarto(B,C).
(r82) verbgroup(A,B) :- similarto(B,D), hypernym(A,C), memberofdomainusage(A,E).
(r83) verbgroup(A,B) :- haspart(D,B), memberofdomainregion(E,F), similarto(B,C), alsosee(A,F).
(r84) verbgroup(A,B) :- hypernym(C,D), similarto(A,E), similarto(B,C), memberofdomainusage(C,B).
(r85) verbgroup(A,B) :- similarto(A,D), alsosee(F,C), similarto(B,C), memberofdomainusage(E,D).
(r86) verbgroup(A,B) :- hypernym(D,B), similarto(C,E), memberofdomainregion(D,A), similarto(B,C).
(r87) verbgroup(A,B) :- hypernym(A,E), derivationallyrelatedform(D,C), similarto(B,C), membermeronym(B,D).
(r88) verbgroup(A,B) :- alsosee(C,A), membermeronym(E,B), memberofdomainregion(A,D).
(r89) verbgroup(A,B) :- memberofdomainregion(C,F), similarto(D,B), similarto(B,C), memberofdomainusage(A,E).
(r90) verbgroup(A,B) :- alsosee(B,C), alsosee(A,C), similarto(A,C).
(r91) verbgroup(A,B) :- memberofdomainusage(E,D), alsosee(B,C), similarto(B,C), synsetdomaintopicof(A,E).
(r92) verbgroup(A,B) :- alsosee(C,A), memberofdomainregion(D,B), memberofdomainusage(A,B), similarto(B,C).
(r93) verbgroup(A,B) :- derivationallyrelatedform(D,B), memberofdomainusage(C,A), instancehypernym(C,B).
(r94) verbgroup(A,B) :- instancehypernym(A,D), hypernym(C,D), similarto(B,C), hypernym(A,B).
(r95) verbgroup(A,B) :- memberofdomainusage(F,E), alsosee(F,C), instancehypernym(B,E), memberofdomainusage(D,A).
(r96) verbgroup(A,B) :- memberofdomainregion(B,E), hypernym(D,B), alsosee(F,C), synsetdomaintopicof(C,A).
(r97) verbgroup(A,B) :- derivationallyrelatedform(B,D), memberofdomainusage(D,B), similarto(B,C), hypernym(A,B).
(r98) verbgroup(A,B) :- alsosee(F,C), memberofdomainusage(C,A), memberofdomainregion(D,A), similarto(E,B).
(r99) verbgroup(A,B) :- memberofdomainusage(B,C), synsetdomaintopicof(A,C), membermeronym(D,C).
(r100) verbgroup(A,B) :- similarto(E,C), alsosee(F,C), memberofdomainusage(D,B), derivationallyrelatedform(C,A).
(r101) verbgroup(A,B) :- derivationallyrelatedform(D,B), memberofdomainregion(C,D), alsosee(E,A).
(r102) verbgroup(A,B) :- memberofdomainregion(A,E), haspart(D,C), similarto(B,C), haspart(B,A).
(r103) verbgroup(A,B) :- memberofdomainusage(A,C), memberofdomainregion(B,D), similarto(E,D).
(r104) verbgroup(A,B) :- similarto(D,A), alsosee(F,C), instancehypernym(B,C), memberofdomainregion(E,B).
(r105) verbgroup(A,B) :- memberofdomainregion(B,E), synsetdomaintopicof(F,D), alsosee(F,C), derivationallyrelatedform(A,D).
(r106) verbgroup(A,B) :- membermeronym(C,E), derivationallyrelatedform(D,E), alsosee(A,E), similarto(B,C).
(r107) verbgroup(A,B) :- memberofdomainregion(B,F), synsetdomaintopicof(E,A), alsosee(F,C), membermeronym(C,D).
(r108) verbgroup(A,B) :- membermeronym(A,D), derivationallyrelatedform(D,E), memberofdomainregion(D,C), similarto(B,C).
(r109) verbgroup(A,B) :- derivationallyrelatedform(D,A), derivationallyrelatedform(D,C), memberofdomainusage(C,B).
(r110) verbgroup(A,B) :- alsosee(A,D), alsosee(E,C), similarto(B,C), similarto(A,F).
(r111) verbgroup(A,B) :- synsetdomaintopicof(D,E), similarto(B,C), hypernym(B,E), similarto(A,C).
(r112) verbgroup(A,B) :- similarto(C,D), memberofdomainregion(A,E), similarto(C,A), similarto(B,C).
(r113) verbgroup(A,B) :- alsosee(F,C), alsosee(D,F), hypernym(A,F), similarto(E,B).
(r114) verbgroup(A,B) :- alsosee(F,B), alsosee(F,C), memberofdomainregion(E,D), memberofdomainusage(E,A).
(r115) verbgroup(A,B) :- similarto(E,F), hypernym(D,B), hypernym(A,F), similarto(B,C).
(r116) verbgroup(A,B) :- memberofdomainregion(D,B), memberofdomainregion(D,C), similarto(B,C), memberofdomainusage(E,A).
(r117) verbgroup(A,B) :- haspart(C,D), alsosee(F,C), derivationallyrelatedform(E,B), memberofdomainregion(D,A).
(r118) verbgroup(A,B) :- similarto(C,E), memberofdomainregion(F,D), haspart(D,A), similarto(B,C).
(r119) verbgroup(A,B) :- haspart(D,B), similarto(B,C), similarto(A,E), alsosee(C,D).
(r120) verbgroup(A,B) :- synsetdomaintopicof(B,C), derivationallyrelatedform(B,E), memberofdomainregion(A,D).
(r121) verbgroup(A,B) :- membermeronym(A,B), alsosee(B,C), memberofdomainusage(D,A).
(r122) verbgroup(A,B) :- derivationallyrelatedform(D,A), synsetdomaintopicof(D,A), instancehypernym(D,B), similarto(B,C).
(r123) verbgroup(A,B) :- hypernym(E,F), haspart(F,D), haspart(D,A), similarto(B,C).
(r124) verbgroup(A,B) :- alsosee(F,C), haspart(D,C), hypernym(F,A), memberofdomainregion(E,B).
(r125) verbgroup(A,B) :- hypernym(B,D), hypernym(A,C), synsetdomaintopicof(C,E).
(r126) verbgroup(A,B) :- memberofdomainregion(A,E), derivationallyrelatedform(A,D), alsosee(F,C), hypernym(C,B).
(r127) verbgroup(A,B) :- hypernym(E,F), similarto(D,A), alsosee(F,C), memberofdomainusage(B,E).
(r128) verbgroup(A,B) :- hypernym(D,A), similarto(A,D), memberofdomainregion(A,E), similarto(B,C).
(r129) verbgroup(A,B) :- derivationallyrelatedform(A,E), haspart(D,A), similarto(B,C), memberofdomainregion(F,E).
(r130) verbgroup(A,B) :- hypernym(F,D), memberofdomainusage(A,D), similarto(B,C), instancehypernym(E,C).
(r131) verbgroup(A,B) :- memberofdomainregion(F,C), membermeronym(A,E), memberofdomainusage(A,D), similarto(B,C).
(r132) verbgroup(A,B) :- instancehypernym(F,B), membermeronym(A,E), similarto(B,C), alsosee(D,A).
(r133) verbgroup(A,B) :- haspart(D,B), memberofdomainregion(F,A), instancehypernym(A,E), similarto(B,C).
(r134) verbgroup(A,B) :- synsetdomaintopicof(D,A), memberofdomainusage(B,D), hypernym(C,B).
(r135) verbgroup(A,B) :- hypernym(E,F), haspart(A,E), haspart(D,A), similarto(B,C).
(r136) verbgroup(A,B) :- similarto(B,D), instancehypernym(C,E), similarto(B,C), similarto(A,C).
(r137) verbgroup(A,B) :- alsosee(F,C), haspart(C,A), synsetdomaintopicof(B,D), synsetdomaintopicof(E,F).
(r138) verbgroup(A,B) :- hypernym(D,E), derivationallyrelatedform(E,F), similarto(B,C), instancehypernym(F,A).
(r139) verbgroup(A,B) :- instancehypernym(E,B), derivationallyrelatedform(F,E), similarto(B,C), haspart(A,D).
(r140) verbgroup(A,B) :- memberofdomainregion(C,B), synsetdomaintopicof(D,A), instancehypernym(A,E), similarto(B,C).
(r141) verbgroup(A,B) :- memberofdomainregion(A,B), alsosee(A,C), derivationallyrelatedform(B,C).
(r142) verbgroup(A,B) :- similarto(D,E), hypernym(E,A), similarto(B,C), membermeronym(D,B).
(r143) verbgroup(A,B) :- membermeronym(A,D), membermeronym(E,B), synsetdomaintopicof(C,E), similarto(B,C).
(r144) verbgroup(A,B) :- hypernym(A,E), hypernym(D,F), similarto(D,E), similarto(B,C).
(r145) verbgroup(A,B) :- memberofdomainregion(F,E), instancehypernym(A,D), similarto(B,C), haspart(C,F).
(r146) verbgroup(A,B) :- derivationallyrelatedform(E,D), membermeronym(E,F), similarto(B,C), synsetdomaintopicof(A,E).
(r147) verbgroup(A,B) :- instancehypernym(D,A), synsetdomaintopicof(F,D), alsosee(F,C), instancehypernym(B,E).
(r148) verbgroup(A,B) :- alsosee(F,C), hypernym(A,C), membermeronym(D,F), derivationallyrelatedform(B,E).
(r149) verbgroup(A,B) :- alsosee(F,C), hypernym(C,A), haspart(B,D), instancehypernym(E,C).
(r150) verbgroup(A,B) :- memberofdomainregion(D,B), memberofdomainregion(A,E), hypernym(A,C).
====================
MaxSAT solving... (4938 vars, 22990 hard, 1518 soft)
number of rules: 152
program size: 669
(inv1) inv1(X1,X2,X3,X4,X5,X6) :- memberofdomainregion(X1,X2), similarto(X3,X4), similarto(X5,X6).
(inv2) inv2(X1,X2,X3,X4,X5,X6) :- alsosee(X1,X2), similarto(X3,X4), similarto(X5,X6).
(r1) verbgroup(A,B) :- memberofdomainusage(D,E), instancehypernym(A,D), similarto(B,C), derivationallyrelatedform(F,A).
(r2) verbgroup(A,B) :- instancehypernym(A,D), membermeronym(D,F), membermeronym(E,C), similarto(B,C).
(r3) verbgroup(A,B) :- instancehypernym(A,F), alsosee(F,C), haspart(E,A), haspart(D,B).
(r4) verbgroup(A,B) :- inv1(D,E,B,A,B,C), synsetdomaintopicof(A,E).
(r5) verbgroup(A,B) :- similarto(B,C), hypernym(B,D), haspart(A,C), similarto(A,C).
(r6) verbgroup(A,B) :- memberofdomainusage(C,D), memberofdomainusage(B,E), derivationallyrelatedform(A,C).
(r7) verbgroup(A,B) :- inv2(C,F,B,C,B,C), haspart(A,D), memberofdomainregion(E,A).
(r8) verbgroup(A,B) :- hypernym(B,A), derivationallyrelatedform(A,D), similarto(B,C), similarto(C,D).
(r9) verbgroup(A,B) :- inv1(A,D,B,E,C,B), alsosee(F,C).
(r10) verbgroup(A,B) :- derivationallyrelatedform(A,E), similarto(B,C), synsetdomaintopicof(E,F), derivationallyrelatedform(D,C).
(r11) verbgroup(A,B) :- alsosee(C,A), membermeronym(E,B), haspart(D,B), similarto(B,C).
(r12) verbgroup(A,B) :- inv2(F,C,E,A,E,A), haspart(D,B), membermeronym(F,D).
(r13) verbgroup(A,B) :- memberofdomainusage(C,A), memberofdomainusage(A,D), similarto(C,B), similarto(B,C).
(r14) verbgroup(A,B) :- inv2(F,C,B,D,B,D), membermeronym(A,F), hypernym(B,E).
(r15) verbgroup(A,B) :- derivationallyrelatedform(A,F), derivationallyrelatedform(F,E), alsosee(F,C), derivationallyrelatedform(D,B).
(r16) verbgroup(A,B) :- inv2(F,C,A,F,A,F), haspart(D,F), instancehypernym(E,B).
(r17) verbgroup(A,B) :- alsosee(F,C), alsosee(A,E), alsosee(B,C), derivationallyrelatedform(F,D).
(r18) verbgroup(A,B) :- instancehypernym(A,D), memberofdomainusage(D,B), membermeronym(A,C).
(r19) verbgroup(A,B) :- haspart(C,D), memberofdomainregion(B,C), alsosee(F,C), hypernym(E,A).
(r20) verbgroup(A,B) :- inv2(F,C,E,B,E,B), haspart(F,A), instancehypernym(D,C).
(r21) verbgroup(A,B) :- inv1(D,B,B,C,B,C), memberofdomainusage(D,B), instancehypernym(A,B).
(r22) verbgroup(A,B) :- memberofdomainusage(A,C), derivationallyrelatedform(D,A), synsetdomaintopicof(B,A).
(r23) verbgroup(A,B) :- inv1(D,B,A,E,B,C), haspart(E,C).
(r24) verbgroup(A,B) :- memberofdomainusage(D,B), similarto(B,A), similarto(E,D), similarto(B,C).
(r25) verbgroup(A,B) :- synsetdomaintopicof(A,F), memberofdomainusage(D,F), derivationallyrelatedform(B,E), similarto(B,C).
(r26) verbgroup(A,B) :- inv2(C,B,B,C,B,C), membermeronym(B,A), haspart(D,A).
(r27) verbgroup(A,B) :- derivationallyrelatedform(E,B), synsetdomaintopicof(A,D), haspart(D,A), similarto(B,C).
(r28) verbgroup(A,B) :- haspart(D,B), instancehypernym(B,D), derivationallyrelatedform(A,D), similarto(B,C).
(r29) verbgroup(A,B) :- inv1(D,C,B,C,B,C), haspart(A,E), haspart(C,A).
(r30) verbgroup(A,B) :- hypernym(E,B), alsosee(F,C), alsosee(F,A), memberofdomainregion(A,D).
(r31) verbgroup(A,B) :- derivationallyrelatedform(E,A), alsosee(F,C), alsosee(F,A), memberofdomainregion(B,D).
(r32) verbgroup(A,B) :- instancehypernym(B,D), alsosee(F,C), memberofdomainusage(C,A), haspart(E,B).
(r33) verbgroup(A,B) :- synsetdomaintopicof(B,D), haspart(D,C), instancehypernym(A,E), similarto(B,C).
(r34) verbgroup(A,B) :- memberofdomainregion(B,E), instancehypernym(C,A), alsosee(F,C), haspart(B,D).
(r35) verbgroup(A,B) :- alsosee(F,C), instancehypernym(D,B), derivationallyrelatedform(A,E), synsetdomaintopicof(C,B).
(r36) verbgroup(A,B) :- derivationallyrelatedform(A,E), synsetdomaintopicof(D,E), similarto(B,C), instancehypernym(B,C).
(r37) verbgroup(A,B) :- synsetdomaintopicof(B,C), alsosee(C,E), alsosee(F,C), haspart(D,A).
(r38) verbgroup(A,B) :- memberofdomainusage(E,B), membermeronym(D,C), memberofdomainregion(A,D).
(r39) verbgroup(A,B) :- membermeronym(B,E), memberofdomainregion(E,D), instancehypernym(A,C).
(r40) verbgroup(A,B) :- hypernym(D,C), memberofdomainregion(C,A), synsetdomaintopicof(C,B).
(r41) verbgroup(A,B) :- haspart(C,D), membermeronym(B,A), memberofdomainregion(B,D).
(r42) verbgroup(A,B) :- instancehypernym(C,D), synsetdomaintopicof(E,A), alsosee(F,C), haspart(B,C).
(r43) verbgroup(A,B) :- haspart(B,F), alsosee(F,C), memberofdomainregion(E,B), alsosee(D,A).
(r44) verbgroup(A,B) :- membermeronym(D,E), hypernym(B,D), similarto(B,C), synsetdomaintopicof(A,E).
(r45) verbgroup(A,B) :- membermeronym(C,B), alsosee(F,C), haspart(E,A), alsosee(D,C).
(r46) verbgroup(A,B) :- hypernym(B,F), alsosee(F,C), hypernym(B,D), membermeronym(E,A).
(r47) verbgroup(A,B) :- hypernym(A,D), memberofdomainusage(D,C), synsetdomaintopicof(A,B).
(r48) verbgroup(A,B) :- instancehypernym(F,D), alsosee(B,E), alsosee(F,C), memberofdomainregion(A,F).
(r49) verbgroup(A,B) :- hypernym(A,E), alsosee(F,C), hypernym(B,F), alsosee(D,A).
(r50) verbgroup(A,B) :- haspart(B,F), alsosee(F,C), synsetdomaintopicof(E,F), membermeronym(D,A).
(r51) verbgroup(A,B) :- hypernym(A,C), similarto(B,C), membermeronym(B,D).
(r52) verbgroup(A,B) :- alsosee(F,C), instancehypernym(D,A), synsetdomaintopicof(E,D), derivationallyrelatedform(B,F).
(r53) verbgroup(A,B) :- haspart(A,E), synsetdomaintopicof(B,D), similarto(B,C), similarto(A,C).
(r54) verbgroup(A,B) :- instancehypernym(C,D), alsosee(F,C), derivationallyrelatedform(C,B), hypernym(E,A).
(r55) verbgroup(A,B) :- haspart(A,E), derivationallyrelatedform(E,B), derivationallyrelatedform(D,B), similarto(B,C).
(r56) verbgroup(A,B) :- alsosee(F,C), hypernym(B,D), memberofdomainregion(D,E), derivationallyrelatedform(F,A).
(r57) verbgroup(A,B) :- instancehypernym(E,A), alsosee(F,C), instancehypernym(D,B), hypernym(F,E).
(r58) verbgroup(A,B) :- inv2(A,E,A,F,B,C), instancehypernym(B,D).
(r59) verbgroup(A,B) :- hypernym(B,D), alsosee(A,C), memberofdomainregion(C,E).
(r60) verbgroup(A,B) :- inv2(D,B,B,C,B,C), memberofdomainusage(E,A), haspart(C,F).
(r61) verbgroup(A,B) :- instancehypernym(D,A), haspart(B,C), alsosee(F,C), instancehypernym(B,E).
(r62) verbgroup(A,B) :- membermeronym(D,B), alsosee(F,C), synsetdomaintopicof(C,A), memberofdomainusage(B,E).
(r63) verbgroup(A,B) :- inv1(D,E,B,C,B,C), synsetdomaintopicof(D,A), instancehypernym(F,A).
(r64) verbgroup(A,B) :- memberofdomainregion(D,B), derivationallyrelatedform(B,C), memberofdomainusage(A,E).
(r65) verbgroup(A,B) :- inv1(B,D,B,C,B,C), instancehypernym(C,E), haspart(D,A).
(r66) verbgroup(A,B) :- memberofdomainusage(E,B), haspart(A,C), memberofdomainregion(D,E).
(r67) verbgroup(A,B) :- inv2(B,D,D,E,D,E), haspart(A,C).
(r68) verbgroup(A,B) :- memberofdomainusage(C,B), alsosee(C,B), alsosee(D,A).
(r69) verbgroup(A,B) :- similarto(B,D), instancehypernym(A,E), similarto(B,C), instancehypernym(B,F).
(r70) verbgroup(A,B) :- inv1(A,E,B,C,B,C), instancehypernym(C,D), memberofdomainregion(D,C).
(r71) verbgroup(A,B) :- inv1(F,D,B,C,B,C), memberofdomainusage(D,E), hypernym(A,E).
(r72) verbgroup(A,B) :- derivationallyrelatedform(D,B), alsosee(A,C), similarto(B,C), memberofdomainusage(E,D).
(r73) verbgroup(A,B) :- hypernym(C,D), membermeronym(A,C), memberofdomainusage(B,E).
(r74) verbgroup(A,B) :- inv1(B,D,B,C,B,C), derivationallyrelatedform(C,F), synsetdomaintopicof(A,E).
(r75) verbgroup(A,B) :- similarto(C,B), derivationallyrelatedform(A,D), haspart(B,D).
(r76) verbgroup(A,B) :- similarto(B,C), derivationallyrelatedform(A,B), synsetdomaintopicof(B,A), hypernym(A,D).
(r77) verbgroup(A,B) :- membermeronym(D,E), instancehypernym(D,A), membermeronym(A,E), similarto(B,C).
(r78) verbgroup(A,B) :- similarto(A,F), synsetdomaintopicof(A,D), synsetdomaintopicof(C,E), similarto(B,C).
(r79) verbgroup(A,B) :- inv1(B,A,B,C,B,C), memberofdomainusage(A,D), instancehypernym(A,E).
(r80) verbgroup(A,B) :- inv2(D,F,B,C,B,C), memberofdomainusage(A,D), synsetdomaintopicof(E,F).
(r81) verbgroup(A,B) :- inv2(D,B,B,A,B,C), haspart(E,D).
(r82) verbgroup(A,B) :- similarto(B,D), hypernym(A,C), memberofdomainusage(A,E).
(r83) verbgroup(A,B) :- inv1(E,F,B,C,B,C), haspart(D,B), alsosee(A,F).
(r84) verbgroup(A,B) :- hypernym(C,D), similarto(A,E), similarto(B,C), memberofdomainusage(C,B).
(r85) verbgroup(A,B) :- inv2(F,C,A,D,B,C), memberofdomainusage(E,D).
(r86) verbgroup(A,B) :- inv1(D,A,C,E,B,C), hypernym(D,B).
(r87) verbgroup(A,B) :- hypernym(A,E), derivationallyrelatedform(D,C), similarto(B,C), membermeronym(B,D).
(r88) verbgroup(A,B) :- alsosee(C,A), membermeronym(E,B), memberofdomainregion(A,D).
(r89) verbgroup(A,B) :- inv1(C,F,D,B,B,C), memberofdomainusage(A,E).
(r90) verbgroup(A,B) :- inv2(B,C,A,C,A,C), alsosee(A,C).
(r91) verbgroup(A,B) :- inv2(B,C,B,C,B,C), memberofdomainusage(E,D), synsetdomaintopicof(A,E).
(r92) verbgroup(A,B) :- inv1(D,B,B,C,B,C), alsosee(C,A), memberofdomainusage(A,B).
(r93) verbgroup(A,B) :- derivationallyrelatedform(D,B), memberofdomainusage(C,A), instancehypernym(C,B).
(r94) verbgroup(A,B) :- instancehypernym(A,D), hypernym(C,D), similarto(B,C), hypernym(A,B).
(r95) verbgroup(A,B) :- memberofdomainusage(F,E), alsosee(F,C), instancehypernym(B,E), memberofdomainusage(D,A).
(r96) verbgroup(A,B) :- memberofdomainregion(B,E), hypernym(D,B), alsosee(F,C), synsetdomaintopicof(C,A).
(r97) verbgroup(A,B) :- derivationallyrelatedform(B,D), memberofdomainusage(D,B), similarto(B,C), hypernym(A,B).
(r98) verbgroup(A,B) :- inv2(F,C,E,B,E,B), memberofdomainusage(C,A), memberofdomainregion(D,A).
(r99) verbgroup(A,B) :- memberofdomainusage(B,C), synsetdomaintopicof(A,C), membermeronym(D,C).
(r100) verbgroup(A,B) :- similarto(E,C), alsosee(F,C), memberofdomainusage(D,B), derivationallyrelatedform(C,A).
(r101) verbgroup(A,B) :- derivationallyrelatedform(D,B), memberofdomainregion(C,D), alsosee(E,A).
(r102) verbgroup(A,B) :- inv1(A,E,B,C,B,C), haspart(D,C), haspart(B,A).
(r103) verbgroup(A,B) :- inv1(B,D,E,D,E,D), memberofdomainusage(A,C).
(r104) verbgroup(A,B) :- inv2(F,C,D,A,D,A), instancehypernym(B,C), memberofdomainregion(E,B).
(r105) verbgroup(A,B) :- memberofdomainregion(B,E), synsetdomaintopicof(F,D), alsosee(F,C), derivationallyrelatedform(A,D).
(r106) verbgroup(A,B) :- inv2(A,E,B,C,B,C), membermeronym(C,E), derivationallyrelatedform(D,E).
(r107) verbgroup(A,B) :- memberofdomainregion(B,F), synsetdomaintopicof(E,A), alsosee(F,C), membermeronym(C,D).
(r108) verbgroup(A,B) :- inv1(D,C,B,C,B,C), membermeronym(A,D), derivationallyrelatedform(D,E).
(r109) verbgroup(A,B) :- derivationallyrelatedform(D,A), derivationallyrelatedform(D,C), memberofdomainusage(C,B).
(r110) verbgroup(A,B) :- inv2(A,D,B,C,A,F), alsosee(E,C).
(r111) verbgroup(A,B) :- synsetdomaintopicof(D,E), similarto(B,C), hypernym(B,E), similarto(A,C).
(r112) verbgroup(A,B) :- inv1(A,E,C,D,C,A), similarto(B,C).
(r113) verbgroup(A,B) :- inv2(F,C,E,B,E,B), alsosee(D,F), hypernym(A,F).
(r114) verbgroup(A,B) :- alsosee(F,B), alsosee(F,C), memberofdomainregion(E,D), memberofdomainusage(E,A).
(r115) verbgroup(A,B) :- similarto(E,F), hypernym(D,B), hypernym(A,F), similarto(B,C).
(r116) verbgroup(A,B) :- memberofdomainregion(D,B), memberofdomainregion(D,C), similarto(B,C), memberofdomainusage(E,A).
(r117) verbgroup(A,B) :- haspart(C,D), alsosee(F,C), derivationallyrelatedform(E,B), memberofdomainregion(D,A).
(r118) verbgroup(A,B) :- inv1(F,D,C,E,B,C), haspart(D,A).
(r119) verbgroup(A,B) :- inv2(C,D,B,C,A,E), haspart(D,B).
(r120) verbgroup(A,B) :- synsetdomaintopicof(B,C), derivationallyrelatedform(B,E), memberofdomainregion(A,D).
(r121) verbgroup(A,B) :- membermeronym(A,B), alsosee(B,C), memberofdomainusage(D,A).
(r122) verbgroup(A,B) :- derivationallyrelatedform(D,A), synsetdomaintopicof(D,A), instancehypernym(D,B), similarto(B,C).
(r123) verbgroup(A,B) :- hypernym(E,F), haspart(F,D), haspart(D,A), similarto(B,C).
(r124) verbgroup(A,B) :- alsosee(F,C), haspart(D,C), hypernym(F,A), memberofdomainregion(E,B).
(r125) verbgroup(A,B) :- hypernym(B,D), hypernym(A,C), synsetdomaintopicof(C,E).
(r126) verbgroup(A,B) :- memberofdomainregion(A,E), derivationallyrelatedform(A,D), alsosee(F,C), hypernym(C,B).
(r127) verbgroup(A,B) :- inv2(F,C,D,A,D,A), hypernym(E,F), memberofdomainusage(B,E).
(r128) verbgroup(A,B) :- inv1(A,E,A,D,B,C), hypernym(D,A).
(r129) verbgroup(A,B) :- derivationallyrelatedform(A,E), haspart(D,A), similarto(B,C), memberofdomainregion(F,E).
(r130) verbgroup(A,B) :- hypernym(F,D), memberofdomainusage(A,D), similarto(B,C), instancehypernym(E,C).
(r131) verbgroup(A,B) :- inv1(F,C,B,C,B,C), membermeronym(A,E), memberofdomainusage(A,D).
(r132) verbgroup(A,B) :- inv2(D,A,B,C,B,C), instancehypernym(F,B), membermeronym(A,E).
(r133) verbgroup(A,B) :- haspart(D,B), memberofdomainregion(F,A), instancehypernym(A,E), similarto(B,C).
(r134) verbgroup(A,B) :- synsetdomaintopicof(D,A), memberofdomainusage(B,D), hypernym(C,B).
(r135) verbgroup(A,B) :- hypernym(E,F), haspart(A,E), haspart(D,A), similarto(B,C).
(r136) verbgroup(A,B) :- similarto(B,D), instancehypernym(C,E), similarto(B,C), similarto(A,C).
(r137) verbgroup(A,B) :- alsosee(F,C), haspart(C,A), synsetdomaintopicof(B,D), synsetdomaintopicof(E,F).
(r138) verbgroup(A,B) :- hypernym(D,E), derivationallyrelatedform(E,F), similarto(B,C), instancehypernym(F,A).
(r139) verbgroup(A,B) :- instancehypernym(E,B), derivationallyrelatedform(F,E), similarto(B,C), haspart(A,D).
(r140) verbgroup(A,B) :- inv1(C,B,B,C,B,C), synsetdomaintopicof(D,A), instancehypernym(A,E).
(r141) verbgroup(A,B) :- memberofdomainregion(A,B), alsosee(A,C), derivationallyrelatedform(B,C).
(r142) verbgroup(A,B) :- similarto(D,E), hypernym(E,A), similarto(B,C), membermeronym(D,B).
(r143) verbgroup(A,B) :- membermeronym(A,D), membermeronym(E,B), synsetdomaintopicof(C,E), similarto(B,C).
(r144) verbgroup(A,B) :- hypernym(A,E), hypernym(D,F), similarto(D,E), similarto(B,C).
(r145) verbgroup(A,B) :- inv1(F,E,B,C,B,C), instancehypernym(A,D), haspart(C,F).
(r146) verbgroup(A,B) :- derivationallyrelatedform(E,D), membermeronym(E,F), similarto(B,C), synsetdomaintopicof(A,E).
(r147) verbgroup(A,B) :- instancehypernym(D,A), synsetdomaintopicof(F,D), alsosee(F,C), instancehypernym(B,E).
(r148) verbgroup(A,B) :- alsosee(F,C), hypernym(A,C), membermeronym(D,F), derivationallyrelatedform(B,E).
(r149) verbgroup(A,B) :- alsosee(F,C), hypernym(C,A), haspart(B,D), instancehypernym(E,C).
(r150) verbgroup(A,B) :- memberofdomainregion(D,B), memberofdomainregion(A,E), hypernym(A,C).
====================
