number of rules: 90
program size: 427
(r1) verbgroup(A,B) :- membermeronym(A,E), similarto(F,D), similarto(B,C), derivationallyrelatedform(B,F).
(r2) verbgroup(A,B) :- hypernym(A,E), synsetdomaintopicof(C,D), instancehypernym(D,F), similarto(B,C).
(r3) verbgroup(A,B) :- hypernym(D,A), membermeronym(E,A), synsetdomaintopicof(C,B).
(r4) verbgroup(A,B) :- hypernym(B,A), synsetdomaintopicof(B,D), alsosee(B,C).
(r5) verbgroup(A,B) :- synsetdomaintopicof(E,C), hypernym(A,C), similarto(B,C), synsetdomaintopicof(D,B).
(r6) verbgroup(A,B) :- synsetdomaintopicof(E,C), memberofdomainregion(E,D), instancehypernym(A,E), similarto(B,C).
(r7) verbgroup(A,B) :- memberofdomainusage(B,C), instancehypernym(B,D), synsetdomaintopicof(A,B).
(r8) verbgroup(A,B) :- synsetdomaintopicof(E,A), instancehypernym(D,B), similarto(B,C), alsosee(E,F).
(r9) verbgroup(A,B) :- memberofdomainusage(A,D), memberofdomainusage(E,C), similarto(B,C), instancehypernym(F,A).
(r10) verbgroup(A,B) :- instancehypernym(A,D), memberofdomainusage(B,E), derivationallyrelatedform(A,B), similarto(B,C).
(r11) verbgroup(A,B) :- memberofdomainregion(E,F), alsosee(C,E), similarto(B,C), memberofdomainregion(A,D).
(r12) verbgroup(A,B) :- haspart(E,D), instancehypernym(C,A), alsosee(F,C), alsosee(B,D).
(r13) verbgroup(A,B) :- membermeronym(D,E), similarto(D,A), derivationallyrelatedform(F,B), alsosee(F,C).
(r14) verbgroup(A,B) :- alsosee(A,D), memberofdomainusage(A,C), hypernym(D,B), similarto(B,C).
(r15) verbgroup(A,B) :- similarto(D,A), memberofdomainregion(F,E), alsosee(F,C), derivationallyrelatedform(B,F).
(r16) verbgroup(A,B) :- haspart(A,C), memberofdomainregion(A,D), alsosee(B,D).
(r17) verbgroup(A,B) :- alsosee(F,E), memberofdomainusage(D,B), alsosee(F,C), similarto(E,A).
(r18) verbgroup(A,B) :- instancehypernym(D,A), alsosee(F,C), memberofdomainusage(E,B), memberofdomainregion(F,E).
(r19) verbgroup(A,B) :- derivationallyrelatedform(D,A), haspart(C,D), membermeronym(C,B).
(r20) verbgroup(A,B) :- derivationallyrelatedform(C,A), alsosee(B,C), memberofdomainregion(C,A).
(r21) verbgroup(A,B) :- alsosee(A,D), derivationallyrelatedform(C,E), memberofdomainusage(B,A), similarto(B,C).
(r22) verbgroup(A,B) :- alsosee(C,A), haspart(D,B), haspart(C,A).
(r23) verbgroup(A,B) :- membermeronym(C,E), memberofdomainusage(D,B), alsosee(F,C), alsosee(E,A).
(r24) verbgroup(A,B) :- memberofdomainusage(B,C), similarto(B,D), alsosee(A,E), similarto(B,C).
(r25) verbgroup(A,B) :- similarto(C,A), similarto(D,B), memberofdomainregion(E,D), similarto(B,C).
(r26) verbgroup(A,B) :- synsetdomaintopicof(A,C), hypernym(D,B), alsosee(F,C), synsetdomaintopicof(F,E).
(r27) verbgroup(A,B) :- instancehypernym(F,B), alsosee(F,C), memberofdomainusage(C,E), alsosee(D,A).
(r28) verbgroup(A,B) :- derivationallyrelatedform(E,C), similarto(A,D), synsetdomaintopicof(E,B), similarto(B,C).
(r29) verbgroup(A,B) :- memberofdomainusage(B,E), haspart(F,C), haspart(D,A), similarto(B,C).
(r30) verbgroup(A,B) :- synsetdomaintopicof(C,D), similarto(B,C), hypernym(A,D), hypernym(D,C).
(r31) verbgroup(A,B) :- hypernym(A,E), instancehypernym(F,B), similarto(B,C), hypernym(A,D).
(r32) verbgroup(A,B) :- memberofdomainusage(A,D), alsosee(A,E), synsetdomaintopicof(F,B), similarto(B,C).
(r33) verbgroup(A,B) :- alsosee(B,E), alsosee(F,C), synsetdomaintopicof(C,A), alsosee(D,B).
(r34) verbgroup(A,B) :- alsosee(E,B), membermeronym(A,E), similarto(B,C), memberofdomainusage(E,D).
(r35) verbgroup(A,B) :- memberofdomainusage(D,B), memberofdomainusage(B,D), hypernym(A,C), similarto(B,C).
(r36) verbgroup(A,B) :- alsosee(E,B), alsosee(F,C), alsosee(F,A), membermeronym(F,D).
(r37) verbgroup(A,B) :- memberofdomainusage(D,A), alsosee(F,C), similarto(B,E), hypernym(C,B).
(r38) verbgroup(A,B) :- haspart(C,D), alsosee(A,B), derivationallyrelatedform(A,C).
(r39) verbgroup(A,B) :- alsosee(A,D), similarto(B,C), alsosee(E,A), instancehypernym(F,A).
(r40) verbgroup(A,B) :- instancehypernym(E,A), memberofdomainregion(E,C), memberofdomainusage(B,D).
(r41) verbgroup(A,B) :- memberofdomainregion(D,C), derivationallyrelatedform(C,E), similarto(B,C), memberofdomainusage(A,E).
(r42) verbgroup(A,B) :- haspart(C,F), synsetdomaintopicof(D,E), derivationallyrelatedform(A,E), similarto(B,C).
(r43) verbgroup(A,B) :- similarto(B,D), alsosee(F,C), instancehypernym(C,B), membermeronym(A,E).
(r44) verbgroup(A,B) :- memberofdomainregion(B,C), synsetdomaintopicof(A,D), alsosee(D,C), similarto(B,C).
(r45) verbgroup(A,B) :- membermeronym(A,D), membermeronym(C,D), synsetdomaintopicof(B,E).
(r46) verbgroup(A,B) :- memberofdomainusage(F,D), alsosee(F,C), membermeronym(E,A), haspart(F,B).
(r47) verbgroup(A,B) :- haspart(B,C), derivationallyrelatedform(A,B), memberofdomainusage(D,A).
(r48) verbgroup(A,B) :- haspart(B,C), similarto(E,A), haspart(D,E).
(r49) verbgroup(A,B) :- membermeronym(B,A), membermeronym(B,C), alsosee(C,D).
(r50) verbgroup(A,B) :- haspart(E,D), haspart(D,A), similarto(B,C), memberofdomainusage(C,B).
(r51) verbgroup(A,B) :- synsetdomaintopicof(B,C), hypernym(A,E), similarto(D,A).
(r52) verbgroup(A,B) :- derivationallyrelatedform(A,F), membermeronym(B,E), alsosee(F,C), membermeronym(B,D).
(r53) verbgroup(A,B) :- membermeronym(A,D), similarto(D,B), memberofdomainusage(D,C), similarto(B,C).
(r54) verbgroup(A,B) :- haspart(A,E), similarto(B,C), hypernym(A,D), similarto(F,E).
(r55) verbgroup(A,B) :- hypernym(A,E), similarto(C,A), alsosee(D,C), similarto(B,C).
(r56) verbgroup(A,B) :- alsosee(C,A), memberofdomainusage(D,E), memberofdomainregion(D,B).
(r57) verbgroup(A,B) :- synsetdomaintopicof(E,C), derivationallyrelatedform(A,D), similarto(B,C), memberofdomainusage(C,B).
(r58) verbgroup(A,B) :- membermeronym(C,E), synsetdomaintopicof(C,A), similarto(B,C), hypernym(A,D).
(r59) verbgroup(A,B) :- instancehypernym(B,D), derivationallyrelatedform(A,D), memberofdomainusage(C,A), similarto(B,C).
(r60) verbgroup(A,B) :- alsosee(F,C), similarto(D,B), derivationallyrelatedform(A,E), memberofdomainregion(F,E).
(r61) verbgroup(A,B) :- membermeronym(C,A), haspart(D,C), similarto(B,C), memberofdomainusage(A,E).
(r62) verbgroup(A,B) :- haspart(A,E), alsosee(E,D), similarto(B,C), synsetdomaintopicof(C,B).
(r63) verbgroup(A,B) :- hypernym(B,F), similarto(E,D), similarto(B,C), hypernym(A,D).
(r64) verbgroup(A,B) :- synsetdomaintopicof(A,D), memberofdomainusage(D,C), membermeronym(B,D).
(r65) verbgroup(A,B) :- similarto(A,E), hypernym(F,D), alsosee(B,F), similarto(B,C).
(r66) verbgroup(A,B) :- memberofdomainregion(A,E), alsosee(D,B), similarto(B,C), haspart(E,C).
(r67) verbgroup(A,B) :- haspart(C,D), synsetdomaintopicof(A,D), memberofdomainregion(C,B).
(r68) verbgroup(A,B) :- memberofdomainusage(E,D), instancehypernym(C,B), synsetdomaintopicof(A,E).
(r69) verbgroup(A,B) :- memberofdomainusage(A,C), haspart(C,B), similarto(B,C), hypernym(A,D).
(r70) verbgroup(A,B) :- instancehypernym(F,B), instancehypernym(A,D), alsosee(F,C), membermeronym(E,C).
(r71) verbgroup(A,B) :- membermeronym(C,D), synsetdomaintopicof(A,D), memberofdomainregion(C,D), similarto(B,C).
(r72) verbgroup(A,B) :- alsosee(A,D), alsosee(F,C), membermeronym(F,B), memberofdomainusage(E,D).
(r73) verbgroup(A,B) :- memberofdomainusage(F,D), alsosee(F,C), hypernym(A,C), memberofdomainusage(B,E).
(r74) verbgroup(A,B) :- haspart(A,E), alsosee(F,C), haspart(B,F), similarto(D,C).
(r75) verbgroup(A,B) :- similarto(B,C), similarto(F,A), instancehypernym(A,E), haspart(D,E).
(r76) verbgroup(A,B) :- memberofdomainregion(A,E), memberofdomainusage(D,C), similarto(B,C), hypernym(E,C).
(r77) verbgroup(A,B) :- membermeronym(F,E), synsetdomaintopicof(A,F), alsosee(D,C), similarto(B,C).
(r78) verbgroup(A,B) :- membermeronym(D,E), alsosee(F,C), instancehypernym(B,C), membermeronym(D,A).
(r79) verbgroup(A,B) :- hypernym(D,F), alsosee(F,C), instancehypernym(E,B), similarto(A,C).
(r80) verbgroup(A,B) :- instancehypernym(E,A), derivationallyrelatedform(D,A), synsetdomaintopicof(A,D), similarto(B,C).
(r81) verbgroup(A,B) :- haspart(D,B), similarto(F,C), derivationallyrelatedform(E,A), similarto(B,C).
(r82) verbgroup(A,B) :- similarto(B,C), similarto(A,D), synsetdomaintopicof(F,E), haspart(D,E).
(r83) verbgroup(A,B) :- hypernym(D,A), membermeronym(A,B), instancehypernym(B,C).
(r84) verbgroup(A,B) :- similarto(C,B), derivationallyrelatedform(A,B), alsosee(D,C).
(r85) verbgroup(A,B) :- membermeronym(D,E), memberofdomainregion(B,C), hypernym(A,D).
(r86) verbgroup(A,B) :- membermeronym(C,B), hypernym(A,C), membermeronym(B,D).
(r87) verbgroup(A,B) :- alsosee(A,D), memberofdomainregion(C,F), similarto(B,C), hypernym(C,E).
(r88) verbgroup(A,B) :- instancehypernym(E,B), memberofdomainregion(D,A), synsetdomaintopicof(C,B).
(r89) verbgroup(A,B) :- alsosee(F,C), memberofdomainregion(A,E), synsetdomaintopicof(B,D), alsosee(D,C).
(r90) verbgroup(A,B) :- similarto(B,C), haspart(E,C), hypernym(A,F), haspart(D,A).
====================
MaxSAT solving... (2943 vars, 12959 hard, 921 soft)
number of rules: 92
program size: 388
(inv1) inv1(X1,X2,X3,X4,X5,X6,X7,X8) :- haspart(X1,X2), haspart(X3,X4), similarto(X5,X6), similarto(X7,X8).
(inv2) inv2(X1,X2,X3,X4,X5,X6,X7,X8) :- alsosee(X1,X2), alsosee(X3,X4), similarto(X5,X6), similarto(X7,X8).
(r1) verbgroup(A,B) :- membermeronym(A,E), similarto(F,D), similarto(B,C), derivationallyrelatedform(B,F).
(r2) verbgroup(A,B) :- hypernym(A,E), synsetdomaintopicof(C,D), instancehypernym(D,F), similarto(B,C).
(r3) verbgroup(A,B) :- hypernym(D,A), membermeronym(E,A), synsetdomaintopicof(C,B).
(r4) verbgroup(A,B) :- hypernym(B,A), synsetdomaintopicof(B,D), alsosee(B,C).
(r5) verbgroup(A,B) :- synsetdomaintopicof(E,C), hypernym(A,C), similarto(B,C), synsetdomaintopicof(D,B).
(r6) verbgroup(A,B) :- synsetdomaintopicof(E,C), memberofdomainregion(E,D), instancehypernym(A,E), similarto(B,C).
(r7) verbgroup(A,B) :- memberofdomainusage(B,C), instancehypernym(B,D), synsetdomaintopicof(A,B).
(r8) verbgroup(A,B) :- inv2(E,F,E,F,B,C,B,C), synsetdomaintopicof(E,A), instancehypernym(D,B).
(r9) verbgroup(A,B) :- memberofdomainusage(A,D), memberofdomainusage(E,C), similarto(B,C), instancehypernym(F,A).
(r10) verbgroup(A,B) :- instancehypernym(A,D), memberofdomainusage(B,E), derivationallyrelatedform(A,B), similarto(B,C).
(r11) verbgroup(A,B) :- inv2(C,E,C,E,B,C,B,C), memberofdomainregion(E,F), memberofdomainregion(A,D).
(r12) verbgroup(A,B) :- haspart(E,D), instancehypernym(C,A), alsosee(F,C), alsosee(B,D).
(r13) verbgroup(A,B) :- inv2(F,C,F,C,D,A,D,A), membermeronym(D,E), derivationallyrelatedform(F,B).
(r14) verbgroup(A,B) :- inv2(A,D,A,D,B,C,B,C), memberofdomainusage(A,C), hypernym(D,B).
(r15) verbgroup(A,B) :- inv2(F,C,F,C,D,A,D,A), memberofdomainregion(F,E), derivationallyrelatedform(B,F).
(r16) verbgroup(A,B) :- haspart(A,C), memberofdomainregion(A,D), alsosee(B,D).
(r17) verbgroup(A,B) :- inv2(F,E,F,C,E,A,E,A), memberofdomainusage(D,B).
(r18) verbgroup(A,B) :- instancehypernym(D,A), alsosee(F,C), memberofdomainusage(E,B), memberofdomainregion(F,E).
(r19) verbgroup(A,B) :- derivationallyrelatedform(D,A), haspart(C,D), membermeronym(C,B).
(r20) verbgroup(A,B) :- derivationallyrelatedform(C,A), alsosee(B,C), memberofdomainregion(C,A).
(r21) verbgroup(A,B) :- inv2(A,D,A,D,B,C,B,C), derivationallyrelatedform(C,E), memberofdomainusage(B,A).
(r22) verbgroup(A,B) :- alsosee(C,A), haspart(D,B), haspart(C,A).
(r23) verbgroup(A,B) :- membermeronym(C,E), memberofdomainusage(D,B), alsosee(F,C), alsosee(E,A).
(r24) verbgroup(A,B) :- inv2(A,E,A,E,B,D,B,C), memberofdomainusage(B,C).
(r25) verbgroup(A,B) :- similarto(C,A), similarto(D,B), memberofdomainregion(E,D), similarto(B,C).
(r26) verbgroup(A,B) :- synsetdomaintopicof(A,C), hypernym(D,B), alsosee(F,C), synsetdomaintopicof(F,E).
(r27) verbgroup(A,B) :- instancehypernym(F,B), alsosee(F,C), memberofdomainusage(C,E), alsosee(D,A).
(r28) verbgroup(A,B) :- derivationallyrelatedform(E,C), similarto(A,D), synsetdomaintopicof(E,B), similarto(B,C).
(r29) verbgroup(A,B) :- inv1(F,C,D,A,B,C,B,C), memberofdomainusage(B,E).
(r30) verbgroup(A,B) :- synsetdomaintopicof(C,D), similarto(B,C), hypernym(A,D), hypernym(D,C).
(r31) verbgroup(A,B) :- hypernym(A,E), instancehypernym(F,B), similarto(B,C), hypernym(A,D).
(r32) verbgroup(A,B) :- inv2(A,E,A,E,B,C,B,C), memberofdomainusage(A,D), synsetdomaintopicof(F,B).
(r33) verbgroup(A,B) :- alsosee(B,E), alsosee(F,C), synsetdomaintopicof(C,A), alsosee(D,B).
(r34) verbgroup(A,B) :- inv2(E,B,E,B,B,C,B,C), membermeronym(A,E), memberofdomainusage(E,D).
(r35) verbgroup(A,B) :- memberofdomainusage(D,B), memberofdomainusage(B,D), hypernym(A,C), similarto(B,C).
(r36) verbgroup(A,B) :- alsosee(E,B), alsosee(F,C), alsosee(F,A), membermeronym(F,D).
(r37) verbgroup(A,B) :- inv2(F,C,F,C,B,E,B,E), memberofdomainusage(D,A), hypernym(C,B).
(r38) verbgroup(A,B) :- haspart(C,D), alsosee(A,B), derivationallyrelatedform(A,C).
(r39) verbgroup(A,B) :- inv2(A,D,E,A,B,C,B,C), instancehypernym(F,A).
(r40) verbgroup(A,B) :- instancehypernym(E,A), memberofdomainregion(E,C), memberofdomainusage(B,D).
(r41) verbgroup(A,B) :- memberofdomainregion(D,C), derivationallyrelatedform(C,E), similarto(B,C), memberofdomainusage(A,E).
(r42) verbgroup(A,B) :- inv1(C,F,C,F,B,C,B,C), synsetdomaintopicof(D,E), derivationallyrelatedform(A,E).
(r43) verbgroup(A,B) :- inv2(F,C,F,C,B,D,B,D), instancehypernym(C,B), membermeronym(A,E).
(r44) verbgroup(A,B) :- inv2(D,C,D,C,B,C,B,C), memberofdomainregion(B,C), synsetdomaintopicof(A,D).
(r45) verbgroup(A,B) :- membermeronym(A,D), membermeronym(C,D), synsetdomaintopicof(B,E).
(r46) verbgroup(A,B) :- memberofdomainusage(F,D), alsosee(F,C), membermeronym(E,A), haspart(F,B).
(r47) verbgroup(A,B) :- haspart(B,C), derivationallyrelatedform(A,B), memberofdomainusage(D,A).
(r48) verbgroup(A,B) :- inv1(B,C,D,E,E,A,E,A).
(r49) verbgroup(A,B) :- membermeronym(B,A), membermeronym(B,C), alsosee(C,D).
(r50) verbgroup(A,B) :- inv1(E,D,D,A,B,C,B,C), memberofdomainusage(C,B).
(r51) verbgroup(A,B) :- synsetdomaintopicof(B,C), hypernym(A,E), similarto(D,A).
(r52) verbgroup(A,B) :- derivationallyrelatedform(A,F), membermeronym(B,E), alsosee(F,C), membermeronym(B,D).
(r53) verbgroup(A,B) :- membermeronym(A,D), similarto(D,B), memberofdomainusage(D,C), similarto(B,C).
(r54) verbgroup(A,B) :- inv1(A,E,A,E,B,C,F,E), hypernym(A,D).
(r55) verbgroup(A,B) :- inv2(D,C,D,C,C,A,B,C), hypernym(A,E).
(r56) verbgroup(A,B) :- alsosee(C,A), memberofdomainusage(D,E), memberofdomainregion(D,B).
(r57) verbgroup(A,B) :- synsetdomaintopicof(E,C), derivationallyrelatedform(A,D), similarto(B,C), memberofdomainusage(C,B).
(r58) verbgroup(A,B) :- membermeronym(C,E), synsetdomaintopicof(C,A), similarto(B,C), hypernym(A,D).
(r59) verbgroup(A,B) :- instancehypernym(B,D), derivationallyrelatedform(A,D), memberofdomainusage(C,A), similarto(B,C).
(r60) verbgroup(A,B) :- inv2(F,C,F,C,D,B,D,B), derivationallyrelatedform(A,E), memberofdomainregion(F,E).
(r61) verbgroup(A,B) :- inv1(D,C,D,C,B,C,B,C), membermeronym(C,A), memberofdomainusage(A,E).
(r62) verbgroup(A,B) :- inv2(E,D,E,D,B,C,B,C), haspart(A,E), synsetdomaintopicof(C,B).
(r63) verbgroup(A,B) :- hypernym(B,F), similarto(E,D), similarto(B,C), hypernym(A,D).
(r64) verbgroup(A,B) :- synsetdomaintopicof(A,D), memberofdomainusage(D,C), membermeronym(B,D).
(r65) verbgroup(A,B) :- inv2(B,F,B,F,A,E,B,C), hypernym(F,D).
(r66) verbgroup(A,B) :- inv2(D,B,D,B,B,C,B,C), memberofdomainregion(A,E), haspart(E,C).
(r67) verbgroup(A,B) :- haspart(C,D), synsetdomaintopicof(A,D), memberofdomainregion(C,B).
(r68) verbgroup(A,B) :- memberofdomainusage(E,D), instancehypernym(C,B), synsetdomaintopicof(A,E).
(r69) verbgroup(A,B) :- inv1(C,B,C,B,B,C,B,C), memberofdomainusage(A,C), hypernym(A,D).
(r70) verbgroup(A,B) :- instancehypernym(F,B), instancehypernym(A,D), alsosee(F,C), membermeronym(E,C).
(r71) verbgroup(A,B) :- membermeronym(C,D), synsetdomaintopicof(A,D), memberofdomainregion(C,D), similarto(B,C).
(r72) verbgroup(A,B) :- alsosee(A,D), alsosee(F,C), membermeronym(F,B), memberofdomainusage(E,D).
(r73) verbgroup(A,B) :- memberofdomainusage(F,D), alsosee(F,C), hypernym(A,C), memberofdomainusage(B,E).
(r74) verbgroup(A,B) :- inv1(A,E,B,F,D,C,D,C), alsosee(F,C).
(r75) verbgroup(A,B) :- inv1(D,E,D,E,B,C,F,A), instancehypernym(A,E).
(r76) verbgroup(A,B) :- memberofdomainregion(A,E), memberofdomainusage(D,C), similarto(B,C), hypernym(E,C).
(r77) verbgroup(A,B) :- inv2(D,C,D,C,B,C,B,C), membermeronym(F,E), synsetdomaintopicof(A,F).
(r78) verbgroup(A,B) :- membermeronym(D,E), alsosee(F,C), instancehypernym(B,C), membermeronym(D,A).
(r79) verbgroup(A,B) :- inv2(F,C,F,C,A,C,A,C), hypernym(D,F), instancehypernym(E,B).
(r80) verbgroup(A,B) :- instancehypernym(E,A), derivationallyrelatedform(D,A), synsetdomaintopicof(A,D), similarto(B,C).
(r81) verbgroup(A,B) :- inv1(D,B,D,B,F,C,B,C), derivationallyrelatedform(E,A).
(r82) verbgroup(A,B) :- inv1(D,E,D,E,B,C,A,D), synsetdomaintopicof(F,E).
(r83) verbgroup(A,B) :- hypernym(D,A), membermeronym(A,B), instancehypernym(B,C).
(r84) verbgroup(A,B) :- inv2(D,C,D,C,C,B,C,B), derivationallyrelatedform(A,B).
(r85) verbgroup(A,B) :- membermeronym(D,E), memberofdomainregion(B,C), hypernym(A,D).
(r86) verbgroup(A,B) :- membermeronym(C,B), hypernym(A,C), membermeronym(B,D).
(r87) verbgroup(A,B) :- inv2(A,D,A,D,B,C,B,C), memberofdomainregion(C,F), hypernym(C,E).
(r88) verbgroup(A,B) :- instancehypernym(E,B), memberofdomainregion(D,A), synsetdomaintopicof(C,B).
(r89) verbgroup(A,B) :- alsosee(F,C), memberofdomainregion(A,E), synsetdomaintopicof(B,D), alsosee(D,C).
(r90) verbgroup(A,B) :- inv1(E,C,D,A,B,C,B,C), hypernym(A,F).
====================
