number of rules: 130
program size: 606
(r1) verbgroup(A,B) :- instancehypernym(F,B), alsosee(B,E), alsosee(F,C), memberofdomainregion(A,D).
(r2) verbgroup(A,B) :- alsosee(E,F), instancehypernym(D,B), memberofdomainusage(F,A), similarto(B,C).
(r3) verbgroup(A,B) :- alsosee(F,C), memberofdomainusage(F,B), alsosee(A,E), similarto(D,F).
(r4) verbgroup(A,B) :- similarto(D,E), alsosee(F,C), derivationallyrelatedform(B,E), memberofdomainregion(C,A).
(r5) verbgroup(A,B) :- alsosee(C,A), synsetdomaintopicof(A,C), memberofdomainusage(B,A).
(r6) verbgroup(A,B) :- memberofdomainusage(A,D), hypernym(A,C), synsetdomaintopicof(D,B).
(r7) verbgroup(A,B) :- synsetdomaintopicof(F,D), memberofdomainusage(E,C), similarto(B,C), instancehypernym(A,D).
(r8) verbgroup(A,B) :- similarto(D,E), instancehypernym(D,B), similarto(B,C), memberofdomainusage(A,E).
(r9) verbgroup(A,B) :- synsetdomaintopicof(D,E), similarto(B,C), synsetdomaintopicof(E,F), memberofdomainregion(A,D).
(r10) verbgroup(A,B) :- instancehypernym(E,A), derivationallyrelatedform(A,D), haspart(A,C), similarto(B,C).
(r11) verbgroup(A,B) :- instancehypernym(B,D), derivationallyrelatedform(A,C), synsetdomaintopicof(A,E).
(r12) verbgroup(A,B) :- haspart(A,B), instancehypernym(A,B), haspart(B,A).
(r13) verbgroup(A,B) :- alsosee(A,D), hypernym(D,A), similarto(B,C), haspart(D,E).
(r14) verbgroup(A,B) :- instancehypernym(D,A), alsosee(F,C), memberofdomainregion(B,F), synsetdomaintopicof(E,F).
(r15) verbgroup(A,B) :- haspart(A,B), membermeronym(C,D), membermeronym(D,A).
(r16) verbgroup(A,B) :- hypernym(B,A), derivationallyrelatedform(A,D), memberofdomainusage(B,C), similarto(B,C).
(r17) verbgroup(A,B) :- derivationallyrelatedform(E,D), alsosee(E,B), alsosee(F,C), derivationallyrelatedform(F,A).
(r18) verbgroup(A,B) :- membermeronym(A,F), alsosee(D,B), alsosee(F,C), hypernym(B,E).
(r19) verbgroup(A,B) :- membermeronym(D,E), synsetdomaintopicof(A,F), instancehypernym(A,E), similarto(B,C).
(r20) verbgroup(A,B) :- derivationallyrelatedform(E,A), memberofdomainusage(C,A), synsetdomaintopicof(D,B).
(r21) verbgroup(A,B) :- instancehypernym(D,A), alsosee(F,C), derivationallyrelatedform(E,B), similarto(A,C).
(r22) verbgroup(A,B) :- memberofdomainusage(D,F), memberofdomainusage(F,B), alsosee(F,C), derivationallyrelatedform(A,E).
(r23) verbgroup(A,B) :- alsosee(F,C), synsetdomaintopicof(D,A), derivationallyrelatedform(E,A), hypernym(C,B).
(r24) verbgroup(A,B) :- synsetdomaintopicof(B,C), derivationallyrelatedform(D,E), membermeronym(A,E), similarto(B,C).
(r25) verbgroup(A,B) :- synsetdomaintopicof(E,C), hypernym(D,B), alsosee(F,C), haspart(C,A).
(r26) verbgroup(A,B) :- memberofdomainregion(E,C), alsosee(F,C), synsetdomaintopicof(A,D), hypernym(F,B).
(r27) verbgroup(A,B) :- synsetdomaintopicof(D,C), derivationallyrelatedform(B,A), similarto(B,C), hypernym(A,D).
(r28) verbgroup(A,B) :- membermeronym(B,A), haspart(C,A), synsetdomaintopicof(C,B).
(r29) verbgroup(A,B) :- membermeronym(D,C), synsetdomaintopicof(B,A), similarto(B,C), similarto(A,C).
(r30) verbgroup(A,B) :- membermeronym(F,B), alsosee(F,C), memberofdomainusage(E,A), memberofdomainregion(A,D).
(r31) verbgroup(A,B) :- similarto(D,B), memberofdomainregion(D,A), membermeronym(C,D).
(r32) verbgroup(A,B) :- memberofdomainregion(D,B), instancehypernym(A,D), similarto(D,B), similarto(B,C).
(r33) verbgroup(A,B) :- hypernym(C,D), hypernym(A,F), similarto(B,C), memberofdomainusage(A,E).
(r34) verbgroup(A,B) :- alsosee(C,A), similarto(B,A), similarto(B,C).
(r35) verbgroup(A,B) :- memberofdomainusage(A,C), instancehypernym(D,E), derivationallyrelatedform(A,E), similarto(B,C).
(r36) verbgroup(A,B) :- memberofdomainusage(B,A), instancehypernym(D,B), instancehypernym(C,B).
(r37) verbgroup(A,B) :- similarto(D,A), instancehypernym(E,B), similarto(B,C), memberofdomainusage(A,E).
(r38) verbgroup(A,B) :- alsosee(B,E), memberofdomainusage(A,D), similarto(B,C), derivationallyrelatedform(B,F).
(r39) verbgroup(A,B) :- memberofdomainusage(B,C), synsetdomaintopicof(B,D), similarto(A,B).
(r40) verbgroup(A,B) :- memberofdomainusage(A,D), alsosee(F,C), similarto(F,D), memberofdomainusage(B,E).
(r41) verbgroup(A,B) :- alsosee(E,B), alsosee(F,C), alsosee(D,C), membermeronym(D,A).
(r42) verbgroup(A,B) :- similarto(A,D), alsosee(D,B), membermeronym(B,C), similarto(B,C).
(r43) verbgroup(A,B) :- membermeronym(E,A), memberofdomainusage(A,B), similarto(B,C), memberofdomainregion(A,D).
(r44) verbgroup(A,B) :- instancehypernym(E,F), alsosee(F,C), alsosee(B,C), membermeronym(A,D).
(r45) verbgroup(A,B) :- membermeronym(A,E), memberofdomainregion(C,D), memberofdomainusage(C,E), similarto(B,C).
(r46) verbgroup(A,B) :- derivationallyrelatedform(A,D), similarto(B,C), synsetdomaintopicof(B,E), hypernym(F,C).
(r47) verbgroup(A,B) :- hypernym(A,E), memberofdomainusage(B,E), derivationallyrelatedform(D,E), similarto(B,C).
(r48) verbgroup(A,B) :- synsetdomaintopicof(B,C), derivationallyrelatedform(E,A), alsosee(E,D).
(r49) verbgroup(A,B) :- derivationallyrelatedform(C,D), alsosee(B,C), memberofdomainregion(D,A).
(r50) verbgroup(A,B) :- membermeronym(C,B), memberofdomainusage(A,D), memberofdomainregion(C,D).
(r51) verbgroup(A,B) :- membermeronym(B,A), alsosee(C,B), instancehypernym(B,A).
(r52) verbgroup(A,B) :- membermeronym(D,B), synsetdomaintopicof(D,E), similarto(B,C), memberofdomainusage(A,F).
(r53) verbgroup(A,B) :- membermeronym(F,E), alsosee(F,C), derivationallyrelatedform(A,C), membermeronym(B,D).
(r54) verbgroup(A,B) :- similarto(A,D), haspart(D,C), similarto(A,B).
(r55) verbgroup(A,B) :- alsosee(C,A), membermeronym(B,E), alsosee(D,E).
(r56) verbgroup(A,B) :- memberofdomainusage(F,D), memberofdomainregion(A,E), haspart(F,A), similarto(B,C).
(r57) verbgroup(A,B) :- derivationallyrelatedform(C,D), instancehypernym(C,B), memberofdomainusage(A,E).
(r58) verbgroup(A,B) :- derivationallyrelatedform(D,A), haspart(E,A), synsetdomaintopicof(C,B).
(r59) verbgroup(A,B) :- similarto(C,A), instancehypernym(D,B), similarto(B,C), synsetdomaintopicof(C,B).
(r60) verbgroup(A,B) :- alsosee(F,C), similarto(B,E), membermeronym(A,F), alsosee(E,D).
(r61) verbgroup(A,B) :- synsetdomaintopicof(B,C), similarto(A,D), synsetdomaintopicof(D,A), similarto(B,C).
(r62) verbgroup(A,B) :- haspart(A,E), alsosee(F,C), similarto(D,F), memberofdomainregion(F,B).
(r63) verbgroup(A,B) :- alsosee(D,B), instancehypernym(C,A), similarto(B,C), synsetdomaintopicof(C,B).
(r64) verbgroup(A,B) :- memberofdomainusage(D,E), derivationallyrelatedform(F,B), alsosee(F,C), membermeronym(A,E).
(r65) verbgroup(A,B) :- similarto(D,A), memberofdomainregion(B,C), alsosee(A,E).
(r66) verbgroup(A,B) :- alsosee(F,C), haspart(A,F), haspart(B,D), memberofdomainregion(C,E).
(r67) verbgroup(A,B) :- synsetdomaintopicof(A,C), memberofdomainusage(D,B), similarto(B,C), haspart(C,E).
(r68) verbgroup(A,B) :- haspart(E,D), instancehypernym(A,D), alsosee(B,C).
(r69) verbgroup(A,B) :- alsosee(B,A), instancehypernym(A,D), similarto(B,C), haspart(C,E).
(r70) verbgroup(A,B) :- memberofdomainusage(D,B), hypernym(E,D), memberofdomainregion(C,A).
(r71) verbgroup(A,B) :- similarto(B,C), similarto(D,B), alsosee(D,C), haspart(D,A).
(r72) verbgroup(A,B) :- hypernym(D,A), membermeronym(C,B), memberofdomainusage(E,C).
(r73) verbgroup(A,B) :- similarto(B,C), membermeronym(D,B), synsetdomaintopicof(C,E), haspart(D,A).
(r74) verbgroup(A,B) :- haspart(B,C), membermeronym(B,C), alsosee(A,C).
(r75) verbgroup(A,B) :- alsosee(F,C), derivationallyrelatedform(E,F), derivationallyrelatedform(C,B), membermeronym(D,A).
(r76) verbgroup(A,B) :- memberofdomainregion(E,F), similarto(A,D), hypernym(F,B), similarto(B,C).
(r77) verbgroup(A,B) :- hypernym(D,A), alsosee(F,C), memberofdomainusage(D,C), memberofdomainregion(E,B).
(r78) verbgroup(A,B) :- hypernym(A,E), haspart(B,D), similarto(B,C), synsetdomaintopicof(C,B).
(r79) verbgroup(A,B) :- membermeronym(F,B), hypernym(D,A), alsosee(F,C), memberofdomainregion(F,E).
(r80) verbgroup(A,B) :- memberofdomainusage(A,B), similarto(B,C), synsetdomaintopicof(D,B), hypernym(E,C).
(r81) verbgroup(A,B) :- instancehypernym(C,D), derivationallyrelatedform(A,D), similarto(B,C), similarto(C,D).
(r82) verbgroup(A,B) :- derivationallyrelatedform(D,B), membermeronym(B,E), synsetdomaintopicof(C,A).
(r83) verbgroup(A,B) :- similarto(B,C), membermeronym(C,F), hypernym(E,D), hypernym(A,D).
(r84) verbgroup(A,B) :- haspart(A,E), membermeronym(D,F), derivationallyrelatedform(D,B), similarto(B,C).
(r85) verbgroup(A,B) :- haspart(A,E), memberofdomainusage(D,B), alsosee(F,C), alsosee(B,C).
(r86) verbgroup(A,B) :- haspart(A,E), synsetdomaintopicof(D,A), memberofdomainregion(F,C), similarto(B,C).
(r87) verbgroup(A,B) :- memberofdomainusage(B,C), derivationallyrelatedform(C,D), synsetdomaintopicof(A,B).
(r88) verbgroup(A,B) :- alsosee(B,E), alsosee(F,C), alsosee(A,F), alsosee(F,D).
(r89) verbgroup(A,B) :- instancehypernym(E,D), synsetdomaintopicof(C,D), alsosee(A,E), similarto(B,C).
(r90) verbgroup(A,B) :- similarto(D,B), haspart(E,A), similarto(B,C), alsosee(A,F).
(r91) verbgroup(A,B) :- instancehypernym(C,A), hypernym(E,A), synsetdomaintopicof(D,B).
(r92) verbgroup(A,B) :- synsetdomaintopicof(A,C), alsosee(F,C), similarto(B,E), memberofdomainusage(E,D).
(r93) verbgroup(A,B) :- hypernym(D,B), alsosee(C,B), similarto(A,B), similarto(B,C).
(r94) verbgroup(A,B) :- memberofdomainusage(D,E), hypernym(D,A), synsetdomaintopicof(C,B).
(r95) verbgroup(A,B) :- derivationallyrelatedform(D,A), synsetdomaintopicof(E,A), membermeronym(C,B).
(r96) verbgroup(A,B) :- alsosee(F,C), memberofdomainusage(A,F), synsetdomaintopicof(E,D), hypernym(B,D).
(r97) verbgroup(A,B) :- derivationallyrelatedform(A,D), hypernym(C,D), similarto(D,B).
(r98) verbgroup(A,B) :- haspart(A,E), synsetdomaintopicof(E,A), similarto(B,C), membermeronym(B,D).
(r99) verbgroup(A,B) :- instancehypernym(B,A), memberofdomainregion(C,D), alsosee(B,D).
(r100) verbgroup(A,B) :- haspart(D,F), derivationallyrelatedform(D,A), instancehypernym(A,E), similarto(B,C).
(r101) verbgroup(A,B) :- membermeronym(F,B), memberofdomainregion(E,C), alsosee(F,C), memberofdomainregion(A,D).
(r102) verbgroup(A,B) :- hypernym(B,A), derivationallyrelatedform(D,B), membermeronym(C,A).
(r103) verbgroup(A,B) :- derivationallyrelatedform(C,D), haspart(D,A), memberofdomainregion(B,A).
(r104) verbgroup(A,B) :- derivationallyrelatedform(C,E), memberofdomainusage(B,D), similarto(A,E), similarto(B,C).
(r105) verbgroup(A,B) :- memberofdomainusage(C,B), alsosee(F,C), haspart(A,D), hypernym(E,C).
(r106) verbgroup(A,B) :- hypernym(E,F), synsetdomaintopicof(A,D), synsetdomaintopicof(C,E), similarto(B,C).
(r107) verbgroup(A,B) :- hypernym(B,D), alsosee(A,C), memberofdomainusage(C,B).
(r108) verbgroup(A,B) :- alsosee(F,C), alsosee(A,E), hypernym(B,D), hypernym(D,C).
(r109) verbgroup(A,B) :- memberofdomainusage(F,D), membermeronym(A,E), similarto(B,C), synsetdomaintopicof(F,C).
(r110) verbgroup(A,B) :- alsosee(C,A), instancehypernym(C,B), hypernym(D,C).
(r111) verbgroup(A,B) :- alsosee(F,C), alsosee(B,C), instancehypernym(C,E), memberofdomainusage(D,A).
(r112) verbgroup(A,B) :- synsetdomaintopicof(B,C), similarto(A,D), alsosee(F,C), derivationallyrelatedform(E,B).
(r113) verbgroup(A,B) :- haspart(E,C), derivationallyrelatedform(A,D), similarto(B,C), instancehypernym(A,C).
(r114) verbgroup(A,B) :- derivationallyrelatedform(D,A), derivationallyrelatedform(C,E), alsosee(F,C), memberofdomainusage(C,B).
(r115) verbgroup(A,B) :- derivationallyrelatedform(F,A), alsosee(D,B), similarto(B,C), hypernym(D,E).
(r116) verbgroup(A,B) :- memberofdomainregion(E,F), alsosee(F,C), derivationallyrelatedform(C,B), hypernym(A,D).
(r117) verbgroup(A,B) :- haspart(D,F), derivationallyrelatedform(E,C), memberofdomainusage(A,D), similarto(B,C).
(r118) verbgroup(A,B) :- membermeronym(A,D), similarto(D,E), derivationallyrelatedform(B,C).
(r119) verbgroup(A,B) :- alsosee(A,B), synsetdomaintopicof(B,D), derivationallyrelatedform(D,C).
(r120) verbgroup(A,B) :- alsosee(A,D), derivationallyrelatedform(F,E), similarto(B,C), hypernym(C,F).
(r121) verbgroup(A,B) :- synsetdomaintopicof(B,F), derivationallyrelatedform(E,D), haspart(D,A), similarto(B,C).
(r122) verbgroup(A,B) :- haspart(B,D), synsetdomaintopicof(C,A), alsosee(D,C).
(r123) verbgroup(A,B) :- membermeronym(D,C), similarto(A,E), similarto(B,C), membermeronym(B,F).
(r124) verbgroup(A,B) :- similarto(C,A), similarto(B,A), alsosee(A,C).
(r125) verbgroup(A,B) :- similarto(A,D), hypernym(E,D), derivationallyrelatedform(B,C).
(r126) verbgroup(A,B) :- memberofdomainusage(A,C), similarto(A,B), instancehypernym(D,B).
(r127) verbgroup(A,B) :- derivationallyrelatedform(D,B), alsosee(A,C).
(r128) verbgroup(A,B) :- membermeronym(D,A), memberofdomainusage(E,C), synsetdomaintopicof(C,B).
(r129) verbgroup(A,B) :- memberofdomainusage(D,B), alsosee(F,C), memberofdomainusage(F,A), similarto(C,E).
(r130) verbgroup(A,B) :- memberofdomainusage(B,C), derivationallyrelatedform(B,D), synsetdomaintopicof(A,D), similarto(B,C).
====================
MaxSAT solving... (5418 vars, 25552 hard, 1562 soft)
number of rules: 132
program size: 557
(inv1) inv1(X1,X2,X3,X4,X5,X6,X7,X8) :- synsetdomaintopicof(X1,X2), synsetdomaintopicof(X3,X4), similarto(X5,X6), similarto(X7,X8).
(inv2) inv2(X1,X2,X3,X4,X5,X6,X7,X8) :- alsosee(X1,X2), alsosee(X3,X4), similarto(X5,X6), similarto(X7,X8).
(r1) verbgroup(A,B) :- instancehypernym(F,B), alsosee(B,E), alsosee(F,C), memberofdomainregion(A,D).
(r2) verbgroup(A,B) :- inv2(E,F,E,F,B,C,B,C), instancehypernym(D,B), memberofdomainusage(F,A).
(r3) verbgroup(A,B) :- inv2(F,C,A,E,D,F,D,F), memberofdomainusage(F,B).
(r4) verbgroup(A,B) :- inv2(F,C,F,C,D,E,D,E), derivationallyrelatedform(B,E), memberofdomainregion(C,A).
(r5) verbgroup(A,B) :- alsosee(C,A), synsetdomaintopicof(A,C), memberofdomainusage(B,A).
(r6) verbgroup(A,B) :- memberofdomainusage(A,D), hypernym(A,C), synsetdomaintopicof(D,B).
(r7) verbgroup(A,B) :- inv1(F,D,F,D,B,C,B,C), memberofdomainusage(E,C), instancehypernym(A,D).
(r8) verbgroup(A,B) :- similarto(D,E), instancehypernym(D,B), similarto(B,C), memberofdomainusage(A,E).
(r9) verbgroup(A,B) :- inv1(D,E,E,F,B,C,B,C), memberofdomainregion(A,D).
(r10) verbgroup(A,B) :- instancehypernym(E,A), derivationallyrelatedform(A,D), haspart(A,C), similarto(B,C).
(r11) verbgroup(A,B) :- instancehypernym(B,D), derivationallyrelatedform(A,C), synsetdomaintopicof(A,E).
(r12) verbgroup(A,B) :- haspart(A,B), instancehypernym(A,B), haspart(B,A).
(r13) verbgroup(A,B) :- inv2(A,D,A,D,B,C,B,C), hypernym(D,A), haspart(D,E).
(r14) verbgroup(A,B) :- instancehypernym(D,A), alsosee(F,C), memberofdomainregion(B,F), synsetdomaintopicof(E,F).
(r15) verbgroup(A,B) :- haspart(A,B), membermeronym(C,D), membermeronym(D,A).
(r16) verbgroup(A,B) :- hypernym(B,A), derivationallyrelatedform(A,D), memberofdomainusage(B,C), similarto(B,C).
(r17) verbgroup(A,B) :- derivationallyrelatedform(E,D), alsosee(E,B), alsosee(F,C), derivationallyrelatedform(F,A).
(r18) verbgroup(A,B) :- membermeronym(A,F), alsosee(D,B), alsosee(F,C), hypernym(B,E).
(r19) verbgroup(A,B) :- inv1(A,F,A,F,B,C,B,C), membermeronym(D,E), instancehypernym(A,E).
(r20) verbgroup(A,B) :- derivationallyrelatedform(E,A), memberofdomainusage(C,A), synsetdomaintopicof(D,B).
(r21) verbgroup(A,B) :- inv2(F,C,F,C,A,C,A,C), instancehypernym(D,A), derivationallyrelatedform(E,B).
(r22) verbgroup(A,B) :- memberofdomainusage(D,F), memberofdomainusage(F,B), alsosee(F,C), derivationallyrelatedform(A,E).
(r23) verbgroup(A,B) :- alsosee(F,C), synsetdomaintopicof(D,A), derivationallyrelatedform(E,A), hypernym(C,B).
(r24) verbgroup(A,B) :- inv1(B,C,B,C,B,C,B,C), derivationallyrelatedform(D,E), membermeronym(A,E).
(r25) verbgroup(A,B) :- synsetdomaintopicof(E,C), hypernym(D,B), alsosee(F,C), haspart(C,A).
(r26) verbgroup(A,B) :- memberofdomainregion(E,C), alsosee(F,C), synsetdomaintopicof(A,D), hypernym(F,B).
(r27) verbgroup(A,B) :- inv1(D,C,D,C,B,C,B,C), derivationallyrelatedform(B,A), hypernym(A,D).
(r28) verbgroup(A,B) :- membermeronym(B,A), haspart(C,A), synsetdomaintopicof(C,B).
(r29) verbgroup(A,B) :- inv1(B,A,B,A,B,C,A,C), membermeronym(D,C).
(r30) verbgroup(A,B) :- membermeronym(F,B), alsosee(F,C), memberofdomainusage(E,A), memberofdomainregion(A,D).
(r31) verbgroup(A,B) :- similarto(D,B), memberofdomainregion(D,A), membermeronym(C,D).
(r32) verbgroup(A,B) :- memberofdomainregion(D,B), instancehypernym(A,D), similarto(D,B), similarto(B,C).
(r33) verbgroup(A,B) :- hypernym(C,D), hypernym(A,F), similarto(B,C), memberofdomainusage(A,E).
(r34) verbgroup(A,B) :- inv2(C,A,C,A,B,A,B,C).
(r35) verbgroup(A,B) :- memberofdomainusage(A,C), instancehypernym(D,E), derivationallyrelatedform(A,E), similarto(B,C).
(r36) verbgroup(A,B) :- memberofdomainusage(B,A), instancehypernym(D,B), instancehypernym(C,B).
(r37) verbgroup(A,B) :- similarto(D,A), instancehypernym(E,B), similarto(B,C), memberofdomainusage(A,E).
(r38) verbgroup(A,B) :- inv2(B,E,B,E,B,C,B,C), memberofdomainusage(A,D), derivationallyrelatedform(B,F).
(r39) verbgroup(A,B) :- inv1(B,D,B,D,A,B,A,B), memberofdomainusage(B,C).
(r40) verbgroup(A,B) :- inv2(F,C,F,C,F,D,F,D), memberofdomainusage(A,D), memberofdomainusage(B,E).
(r41) verbgroup(A,B) :- alsosee(E,B), alsosee(F,C), alsosee(D,C), membermeronym(D,A).
(r42) verbgroup(A,B) :- inv2(D,B,D,B,A,D,B,C), membermeronym(B,C).
(r43) verbgroup(A,B) :- membermeronym(E,A), memberofdomainusage(A,B), similarto(B,C), memberofdomainregion(A,D).
(r44) verbgroup(A,B) :- instancehypernym(E,F), alsosee(F,C), alsosee(B,C), membermeronym(A,D).
(r45) verbgroup(A,B) :- membermeronym(A,E), memberofdomainregion(C,D), memberofdomainusage(C,E), similarto(B,C).
(r46) verbgroup(A,B) :- inv1(B,E,B,E,B,C,B,C), derivationallyrelatedform(A,D), hypernym(F,C).
(r47) verbgroup(A,B) :- hypernym(A,E), memberofdomainusage(B,E), derivationallyrelatedform(D,E), similarto(B,C).
(r48) verbgroup(A,B) :- synsetdomaintopicof(B,C), derivationallyrelatedform(E,A), alsosee(E,D).
(r49) verbgroup(A,B) :- derivationallyrelatedform(C,D), alsosee(B,C), memberofdomainregion(D,A).
(r50) verbgroup(A,B) :- membermeronym(C,B), memberofdomainusage(A,D), memberofdomainregion(C,D).
(r51) verbgroup(A,B) :- membermeronym(B,A), alsosee(C,B), instancehypernym(B,A).
(r52) verbgroup(A,B) :- inv1(D,E,D,E,B,C,B,C), membermeronym(D,B), memberofdomainusage(A,F).
(r53) verbgroup(A,B) :- membermeronym(F,E), alsosee(F,C), derivationallyrelatedform(A,C), membermeronym(B,D).
(r54) verbgroup(A,B) :- similarto(A,D), haspart(D,C), similarto(A,B).
(r55) verbgroup(A,B) :- alsosee(C,A), membermeronym(B,E), alsosee(D,E).
(r56) verbgroup(A,B) :- memberofdomainusage(F,D), memberofdomainregion(A,E), haspart(F,A), similarto(B,C).
(r57) verbgroup(A,B) :- derivationallyrelatedform(C,D), instancehypernym(C,B), memberofdomainusage(A,E).
(r58) verbgroup(A,B) :- derivationallyrelatedform(D,A), haspart(E,A), synsetdomaintopicof(C,B).
(r59) verbgroup(A,B) :- inv1(C,B,C,B,C,A,B,C), instancehypernym(D,B).
(r60) verbgroup(A,B) :- inv2(F,C,E,D,B,E,B,E), membermeronym(A,F).
(r61) verbgroup(A,B) :- inv1(B,C,D,A,A,D,B,C).
(r62) verbgroup(A,B) :- inv2(F,C,F,C,D,F,D,F), haspart(A,E), memberofdomainregion(F,B).
(r63) verbgroup(A,B) :- inv2(D,B,D,B,B,C,B,C), instancehypernym(C,A), synsetdomaintopicof(C,B).
(r64) verbgroup(A,B) :- memberofdomainusage(D,E), derivationallyrelatedform(F,B), alsosee(F,C), membermeronym(A,E).
(r65) verbgroup(A,B) :- inv2(A,E,A,E,D,A,D,A), memberofdomainregion(B,C).
(r66) verbgroup(A,B) :- alsosee(F,C), haspart(A,F), haspart(B,D), memberofdomainregion(C,E).
(r67) verbgroup(A,B) :- inv1(A,C,A,C,B,C,B,C), memberofdomainusage(D,B), haspart(C,E).
(r68) verbgroup(A,B) :- haspart(E,D), instancehypernym(A,D), alsosee(B,C).
(r69) verbgroup(A,B) :- inv2(B,A,B,A,B,C,B,C), instancehypernym(A,D), haspart(C,E).
(r70) verbgroup(A,B) :- memberofdomainusage(D,B), hypernym(E,D), memberofdomainregion(C,A).
(r71) verbgroup(A,B) :- inv2(D,C,D,C,B,C,D,B), haspart(D,A).
(r72) verbgroup(A,B) :- hypernym(D,A), membermeronym(C,B), memberofdomainusage(E,C).
(r73) verbgroup(A,B) :- inv1(C,E,C,E,B,C,B,C), membermeronym(D,B), haspart(D,A).
(r74) verbgroup(A,B) :- haspart(B,C), membermeronym(B,C), alsosee(A,C).
(r75) verbgroup(A,B) :- alsosee(F,C), derivationallyrelatedform(E,F), derivationallyrelatedform(C,B), membermeronym(D,A).
(r76) verbgroup(A,B) :- memberofdomainregion(E,F), similarto(A,D), hypernym(F,B), similarto(B,C).
(r77) verbgroup(A,B) :- hypernym(D,A), alsosee(F,C), memberofdomainusage(D,C), memberofdomainregion(E,B).
(r78) verbgroup(A,B) :- inv1(C,B,C,B,B,C,B,C), hypernym(A,E), haspart(B,D).
(r79) verbgroup(A,B) :- membermeronym(F,B), hypernym(D,A), alsosee(F,C), memberofdomainregion(F,E).
(r80) verbgroup(A,B) :- inv1(D,B,D,B,B,C,B,C), memberofdomainusage(A,B), hypernym(E,C).
(r81) verbgroup(A,B) :- instancehypernym(C,D), derivationallyrelatedform(A,D), similarto(B,C), similarto(C,D).
(r82) verbgroup(A,B) :- derivationallyrelatedform(D,B), membermeronym(B,E), synsetdomaintopicof(C,A).
(r83) verbgroup(A,B) :- similarto(B,C), membermeronym(C,F), hypernym(E,D), hypernym(A,D).
(r84) verbgroup(A,B) :- haspart(A,E), membermeronym(D,F), derivationallyrelatedform(D,B), similarto(B,C).
(r85) verbgroup(A,B) :- haspart(A,E), memberofdomainusage(D,B), alsosee(F,C), alsosee(B,C).
(r86) verbgroup(A,B) :- inv1(D,A,D,A,B,C,B,C), haspart(A,E), memberofdomainregion(F,C).
(r87) verbgroup(A,B) :- memberofdomainusage(B,C), derivationallyrelatedform(C,D), synsetdomaintopicof(A,B).
(r88) verbgroup(A,B) :- alsosee(B,E), alsosee(F,C), alsosee(A,F), alsosee(F,D).
(r89) verbgroup(A,B) :- inv1(C,D,C,D,B,C,B,C), instancehypernym(E,D), alsosee(A,E).
(r90) verbgroup(A,B) :- inv2(A,F,A,F,D,B,B,C), haspart(E,A).
(r91) verbgroup(A,B) :- instancehypernym(C,A), hypernym(E,A), synsetdomaintopicof(D,B).
(r92) verbgroup(A,B) :- inv1(A,C,A,C,B,E,B,E), alsosee(F,C), memberofdomainusage(E,D).
(r93) verbgroup(A,B) :- inv2(C,B,C,B,A,B,B,C), hypernym(D,B).
(r94) verbgroup(A,B) :- memberofdomainusage(D,E), hypernym(D,A), synsetdomaintopicof(C,B).
(r95) verbgroup(A,B) :- derivationallyrelatedform(D,A), synsetdomaintopicof(E,A), membermeronym(C,B).
(r96) verbgroup(A,B) :- alsosee(F,C), memberofdomainusage(A,F), synsetdomaintopicof(E,D), hypernym(B,D).
(r97) verbgroup(A,B) :- derivationallyrelatedform(A,D), hypernym(C,D), similarto(D,B).
(r98) verbgroup(A,B) :- inv1(E,A,E,A,B,C,B,C), haspart(A,E), membermeronym(B,D).
(r99) verbgroup(A,B) :- instancehypernym(B,A), memberofdomainregion(C,D), alsosee(B,D).
(r100) verbgroup(A,B) :- haspart(D,F), derivationallyrelatedform(D,A), instancehypernym(A,E), similarto(B,C).
(r101) verbgroup(A,B) :- membermeronym(F,B), memberofdomainregion(E,C), alsosee(F,C), memberofdomainregion(A,D).
(r102) verbgroup(A,B) :- hypernym(B,A), derivationallyrelatedform(D,B), membermeronym(C,A).
(r103) verbgroup(A,B) :- derivationallyrelatedform(C,D), haspart(D,A), memberofdomainregion(B,A).
(r104) verbgroup(A,B) :- derivationallyrelatedform(C,E), memberofdomainusage(B,D), similarto(A,E), similarto(B,C).
(r105) verbgroup(A,B) :- memberofdomainusage(C,B), alsosee(F,C), haspart(A,D), hypernym(E,C).
(r106) verbgroup(A,B) :- inv1(A,D,C,E,B,C,B,C), hypernym(E,F).
(r107) verbgroup(A,B) :- hypernym(B,D), alsosee(A,C), memberofdomainusage(C,B).
(r108) verbgroup(A,B) :- alsosee(F,C), alsosee(A,E), hypernym(B,D), hypernym(D,C).
(r109) verbgroup(A,B) :- inv1(F,C,F,C,B,C,B,C), memberofdomainusage(F,D), membermeronym(A,E).
(r110) verbgroup(A,B) :- alsosee(C,A), instancehypernym(C,B), hypernym(D,C).
(r111) verbgroup(A,B) :- alsosee(F,C), alsosee(B,C), instancehypernym(C,E), memberofdomainusage(D,A).
(r112) verbgroup(A,B) :- inv2(F,C,F,C,A,D,A,D), synsetdomaintopicof(B,C), derivationallyrelatedform(E,B).
(r113) verbgroup(A,B) :- haspart(E,C), derivationallyrelatedform(A,D), similarto(B,C), instancehypernym(A,C).
(r114) verbgroup(A,B) :- derivationallyrelatedform(D,A), derivationallyrelatedform(C,E), alsosee(F,C), memberofdomainusage(C,B).
(r115) verbgroup(A,B) :- inv2(D,B,D,B,B,C,B,C), derivationallyrelatedform(F,A), hypernym(D,E).
(r116) verbgroup(A,B) :- memberofdomainregion(E,F), alsosee(F,C), derivationallyrelatedform(C,B), hypernym(A,D).
(r117) verbgroup(A,B) :- haspart(D,F), derivationallyrelatedform(E,C), memberofdomainusage(A,D), similarto(B,C).
(r118) verbgroup(A,B) :- membermeronym(A,D), similarto(D,E), derivationallyrelatedform(B,C).
(r119) verbgroup(A,B) :- alsosee(A,B), synsetdomaintopicof(B,D), derivationallyrelatedform(D,C).
(r120) verbgroup(A,B) :- inv2(A,D,A,D,B,C,B,C), derivationallyrelatedform(F,E), hypernym(C,F).
(r121) verbgroup(A,B) :- inv1(B,F,B,F,B,C,B,C), derivationallyrelatedform(E,D), haspart(D,A).
(r122) verbgroup(A,B) :- haspart(B,D), synsetdomaintopicof(C,A), alsosee(D,C).
(r123) verbgroup(A,B) :- membermeronym(D,C), similarto(A,E), similarto(B,C), membermeronym(B,F).
(r124) verbgroup(A,B) :- inv2(A,C,A,C,C,A,B,A).
(r125) verbgroup(A,B) :- similarto(A,D), hypernym(E,D), derivationallyrelatedform(B,C).
(r126) verbgroup(A,B) :- memberofdomainusage(A,C), similarto(A,B), instancehypernym(D,B).
(r127) verbgroup(A,B) :- derivationallyrelatedform(D,B), alsosee(A,C).
(r128) verbgroup(A,B) :- membermeronym(D,A), memberofdomainusage(E,C), synsetdomaintopicof(C,B).
(r129) verbgroup(A,B) :- inv2(F,C,F,C,C,E,C,E), memberofdomainusage(D,B), memberofdomainusage(F,A).
(r130) verbgroup(A,B) :- inv1(A,D,A,D,B,C,B,C), memberofdomainusage(B,C), derivationallyrelatedform(B,D).
====================
