number of rules: 120
program size: 575
(r1) memberofdomainregion(A,B) :- membermeronym(F,C), hypernym(F,A), similarto(D,B), synsetdomaintopicof(B,E).
(r2) memberofdomainregion(A,B) :- verbgroup(B,D), similarto(C,B), synsetdomaintopicof(A,B).
(r3) memberofdomainregion(A,B) :- synsetdomaintopicof(A,D), instancehypernym(C,A), alsosee(D,E), haspart(B,C).
(r4) memberofdomainregion(A,B) :- memberofdomainusage(D,C), verbgroup(A,C), alsosee(C,B).
(r5) memberofdomainregion(A,B) :- similarto(F,A), haspart(B,C), membermeronym(A,D), verbgroup(C,E).
(r6) memberofdomainregion(A,B) :- instancehypernym(D,F), synsetdomaintopicof(A,D), haspart(B,C), hypernym(E,B).
(r7) memberofdomainregion(A,B) :- haspart(C,D), membermeronym(F,C), verbgroup(B,E), derivationallyrelatedform(F,A).
(r8) memberofdomainregion(A,B) :- derivationallyrelatedform(C,E), similarto(A,D), haspart(B,C), memberofdomainusage(A,B).
(r9) memberofdomainregion(A,B) :- verbgroup(B,D), instancehypernym(D,A), synsetdomaintopicof(A,C).
(r10) memberofdomainregion(A,B) :- instancehypernym(E,B), haspart(A,D), derivationallyrelatedform(E,D), haspart(B,C).
(r11) memberofdomainregion(A,B) :- membermeronym(C,B), synsetdomaintopicof(E,A), derivationallyrelatedform(D,A), haspart(B,C).
(r12) memberofdomainregion(A,B) :- alsosee(C,B), instancehypernym(C,D), verbgroup(C,A).
(r13) memberofdomainregion(A,B) :- haspart(C,D), membermeronym(F,C), synsetdomaintopicof(B,E), verbgroup(F,A).
(r14) memberofdomainregion(A,B) :- instancehypernym(D,B), instancehypernym(C,A), haspart(B,C), memberofdomainusage(E,A).
(r15) memberofdomainregion(A,B) :- similarto(A,E), similarto(F,E), derivationallyrelatedform(B,D), haspart(B,C).
(r16) memberofdomainregion(A,B) :- similarto(E,D), alsosee(F,C), hypernym(A,E), haspart(B,C).
(r17) memberofdomainregion(A,B) :- memberofdomainusage(E,C), memberofdomainusage(E,B), instancehypernym(D,A).
(r18) memberofdomainregion(A,B) :- derivationallyrelatedform(A,E), alsosee(D,F), membermeronym(F,C), derivationallyrelatedform(B,C).
(r19) memberofdomainregion(A,B) :- synsetdomaintopicof(E,D), haspart(E,C), haspart(B,C), verbgroup(A,D).
(r20) memberofdomainregion(A,B) :- alsosee(C,D), synsetdomaintopicof(E,D), haspart(B,C), haspart(A,C).
(r21) memberofdomainregion(A,B) :- alsosee(A,C), synsetdomaintopicof(A,D), instancehypernym(B,A).
(r22) memberofdomainregion(A,B) :- alsosee(A,C), membermeronym(F,C), instancehypernym(E,A), synsetdomaintopicof(D,B).
(r23) memberofdomainregion(A,B) :- membermeronym(E,F), verbgroup(A,E), haspart(B,C), similarto(D,A).
(r24) memberofdomainregion(A,B) :- hypernym(E,D), derivationallyrelatedform(C,A), verbgroup(A,E), haspart(B,C).
(r25) memberofdomainregion(A,B) :- derivationallyrelatedform(C,E), similarto(D,B), memberofdomainusage(E,A).
(r26) memberofdomainregion(A,B) :- membermeronym(F,C), memberofdomainusage(F,B), verbgroup(D,B), alsosee(E,A).
(r27) memberofdomainregion(A,B) :- synsetdomaintopicof(D,E), instancehypernym(A,D), similarto(E,A), haspart(B,C).
(r28) memberofdomainregion(A,B) :- alsosee(B,C), membermeronym(F,C), alsosee(E,F), verbgroup(A,D).
(r29) memberofdomainregion(A,B) :- hypernym(D,C), alsosee(D,E), haspart(B,C), haspart(A,C).
(r30) memberofdomainregion(A,B) :- hypernym(D,E), alsosee(A,E), memberofdomainusage(B,E), haspart(B,C).
(r31) memberofdomainregion(A,B) :- synsetdomaintopicof(A,D), alsosee(D,F), haspart(B,C), synsetdomaintopicof(A,E).
(r32) memberofdomainregion(A,B) :- haspart(B,C), similarto(D,B), membermeronym(D,A), alsosee(E,A).
(r33) memberofdomainregion(A,B) :- instancehypernym(C,B), membermeronym(B,D), similarto(A,C).
(r34) memberofdomainregion(A,B) :- derivationallyrelatedform(C,B), haspart(A,D), memberofdomainusage(B,A).
(r35) memberofdomainregion(A,B) :- alsosee(D,C), verbgroup(A,C), similarto(B,E).
(r36) memberofdomainregion(A,B) :- membermeronym(F,C), hypernym(E,A), haspart(B,C), membermeronym(F,D).
(r37) memberofdomainregion(A,B) :- instancehypernym(C,B), derivationallyrelatedform(D,B), haspart(B,C), derivationallyrelatedform(A,C).
(r38) memberofdomainregion(A,B) :- hypernym(F,D), memberofdomainusage(D,E), haspart(B,C), verbgroup(A,D).
(r39) memberofdomainregion(A,B) :- membermeronym(F,C), alsosee(E,F), synsetdomaintopicof(D,A), instancehypernym(B,F).
(r40) memberofdomainregion(A,B) :- instancehypernym(B,E), haspart(B,C), similarto(B,D), instancehypernym(A,C).
(r41) memberofdomainregion(A,B) :- similarto(D,C), membermeronym(A,E), hypernym(F,C), haspart(B,C).
(r42) memberofdomainregion(A,B) :- synsetdomaintopicof(C,D), synsetdomaintopicof(B,D), derivationallyrelatedform(C,A).
(r43) memberofdomainregion(A,B) :- alsosee(A,E), hypernym(F,A), hypernym(D,C), haspart(B,C).
(r44) memberofdomainregion(A,B) :- hypernym(D,A), hypernym(B,E), derivationallyrelatedform(D,A), haspart(B,C).
(r45) memberofdomainregion(A,B) :- memberofdomainusage(E,C), membermeronym(F,C), memberofdomainusage(A,D), verbgroup(F,B).
(r46) memberofdomainregion(A,B) :- membermeronym(A,E), haspart(B,C), instancehypernym(D,A), memberofdomainusage(E,D).
(r47) memberofdomainregion(A,B) :- hypernym(A,C), derivationallyrelatedform(B,A), membermeronym(D,A).
(r48) memberofdomainregion(A,B) :- synsetdomaintopicof(E,B), verbgroup(A,C), membermeronym(F,C), similarto(D,C).
(r49) memberofdomainregion(A,B) :- derivationallyrelatedform(D,B), hypernym(A,D), verbgroup(D,B), haspart(B,C).
(r50) memberofdomainregion(A,B) :- instancehypernym(D,F), haspart(B,C), similarto(F,E), instancehypernym(F,A).
(r51) memberofdomainregion(A,B) :- membermeronym(F,C), membermeronym(E,F), instancehypernym(E,B), memberofdomainusage(D,A).
(r52) memberofdomainregion(A,B) :- verbgroup(A,C), memberofdomainusage(A,E), memberofdomainusage(A,D), haspart(B,C).
(r53) memberofdomainregion(A,B) :- instancehypernym(E,B), hypernym(A,B), haspart(B,C), alsosee(C,D).
(r54) memberofdomainregion(A,B) :- membermeronym(A,C), synsetdomaintopicof(E,B), haspart(D,E).
(r55) memberofdomainregion(A,B) :- derivationallyrelatedform(A,D), instancehypernym(E,A), haspart(B,C), synsetdomaintopicof(A,B).
(r56) memberofdomainregion(A,B) :- derivationallyrelatedform(A,E), derivationallyrelatedform(A,D), verbgroup(A,B), haspart(B,C).
(r57) memberofdomainregion(A,B) :- hypernym(C,A), hypernym(B,E), memberofdomainusage(D,B).
(r58) memberofdomainregion(A,B) :- synsetdomaintopicof(C,E), membermeronym(C,E), haspart(B,C), verbgroup(A,D).
(r59) memberofdomainregion(A,B) :- membermeronym(F,C), membermeronym(B,E), hypernym(D,C), haspart(A,C).
(r60) memberofdomainregion(A,B) :- verbgroup(A,D), synsetdomaintopicof(F,C), haspart(B,C), membermeronym(E,A).
(r61) memberofdomainregion(A,B) :- instancehypernym(C,B), instancehypernym(B,A), haspart(A,D).
(r62) memberofdomainregion(A,B) :- derivationallyrelatedform(A,E), haspart(B,C), haspart(B,E), memberofdomainusage(E,D).
(r63) memberofdomainregion(A,B) :- memberofdomainusage(B,F), membermeronym(F,C), synsetdomaintopicof(E,A), alsosee(D,F).
(r64) memberofdomainregion(A,B) :- hypernym(B,D), membermeronym(F,C), memberofdomainusage(D,E), membermeronym(A,F).
(r65) memberofdomainregion(A,B) :- membermeronym(F,C), instancehypernym(E,D), derivationallyrelatedform(E,B), similarto(A,C).
(r66) memberofdomainregion(A,B) :- membermeronym(D,F), membermeronym(F,C), instancehypernym(A,F), derivationallyrelatedform(E,B).
(r67) memberofdomainregion(A,B) :- instancehypernym(A,E), haspart(B,C), instancehypernym(A,D), membermeronym(B,D).
(r68) memberofdomainregion(A,B) :- memberofdomainusage(B,F), membermeronym(F,C), haspart(E,C), memberofdomainusage(D,A).
(r69) memberofdomainregion(A,B) :- derivationallyrelatedform(A,D), derivationallyrelatedform(C,D), alsosee(A,B).
(r70) memberofdomainregion(A,B) :- haspart(C,D), alsosee(A,E), haspart(B,C), instancehypernym(E,C).
(r71) memberofdomainregion(A,B) :- instancehypernym(D,A), alsosee(A,D), derivationallyrelatedform(B,C).
(r72) memberofdomainregion(A,B) :- synsetdomaintopicof(D,E), alsosee(C,B), instancehypernym(A,D), haspart(B,C).
(r73) memberofdomainregion(A,B) :- verbgroup(B,D), synsetdomaintopicof(E,A), instancehypernym(D,C).
(r74) memberofdomainregion(A,B) :- hypernym(B,D), membermeronym(B,C), alsosee(A,E), haspart(B,C).
(r75) memberofdomainregion(A,B) :- instancehypernym(A,D), synsetdomaintopicof(C,B), hypernym(E,A).
(r76) memberofdomainregion(A,B) :- haspart(E,D), similarto(A,E), synsetdomaintopicof(F,E), haspart(B,C).
(r77) memberofdomainregion(A,B) :- similarto(A,E), haspart(E,F), haspart(A,D), haspart(B,C).
(r78) memberofdomainregion(A,B) :- verbgroup(B,D), membermeronym(F,C), derivationallyrelatedform(A,F), hypernym(E,B).
(r79) memberofdomainregion(A,B) :- derivationallyrelatedform(C,A), similarto(B,D), verbgroup(A,D).
(r80) memberofdomainregion(A,B) :- instancehypernym(A,E), similarto(F,D), hypernym(D,A), haspart(B,C).
(r81) memberofdomainregion(A,B) :- instancehypernym(E,B), derivationallyrelatedform(D,E), haspart(B,C), memberofdomainusage(A,F).
(r82) memberofdomainregion(A,B) :- haspart(B,C), hypernym(A,E), instancehypernym(D,C), haspart(F,E).
(r83) memberofdomainregion(A,B) :- membermeronym(B,A), derivationallyrelatedform(E,A), haspart(B,C), verbgroup(A,D).
(r84) memberofdomainregion(A,B) :- synsetdomaintopicof(A,D), haspart(B,C), membermeronym(A,B), verbgroup(C,E).
(r85) memberofdomainregion(A,B) :- hypernym(A,C), membermeronym(F,C), alsosee(B,E), synsetdomaintopicof(D,F).
(r86) memberofdomainregion(A,B) :- instancehypernym(D,B), haspart(B,A), derivationallyrelatedform(C,A).
(r87) memberofdomainregion(A,B) :- verbgroup(D,A), membermeronym(F,C), membermeronym(E,D), similarto(B,C).
(r88) memberofdomainregion(A,B) :- derivationallyrelatedform(C,B), haspart(B,A), alsosee(A,D), haspart(B,C).
(r89) memberofdomainregion(A,B) :- instancehypernym(C,B), membermeronym(F,C), synsetdomaintopicof(D,C), alsosee(A,E).
(r90) memberofdomainregion(A,B) :- synsetdomaintopicof(D,E), membermeronym(F,C), instancehypernym(E,A), haspart(B,F).
(r91) memberofdomainregion(A,B) :- hypernym(D,E), verbgroup(B,C), hypernym(A,E).
(r92) memberofdomainregion(A,B) :- verbgroup(B,D), derivationallyrelatedform(A,D), similarto(B,C).
(r93) memberofdomainregion(A,B) :- verbgroup(D,C), verbgroup(A,E), haspart(F,B), haspart(B,C).
(r94) memberofdomainregion(A,B) :- similarto(E,D), instancehypernym(A,D), memberofdomainusage(B,A), haspart(B,C).
(r95) memberofdomainregion(A,B) :- alsosee(A,E), membermeronym(C,B), derivationallyrelatedform(D,A), haspart(B,C).
(r96) memberofdomainregion(A,B) :- instancehypernym(D,B), haspart(B,C), memberofdomainusage(A,D), verbgroup(C,E).
(r97) memberofdomainregion(A,B) :- similarto(D,E), hypernym(E,A), haspart(B,C), verbgroup(A,D).
(r98) memberofdomainregion(A,B) :- verbgroup(C,D), synsetdomaintopicof(D,E), membermeronym(A,D), haspart(B,C).
(r99) memberofdomainregion(A,B) :- verbgroup(D,A), similarto(B,A), memberofdomainusage(D,B), haspart(B,C).
(r100) memberofdomainregion(A,B) :- haspart(A,D), verbgroup(A,E), derivationallyrelatedform(F,D), haspart(B,C).
(r101) memberofdomainregion(A,B) :- membermeronym(A,B), derivationallyrelatedform(C,A), similarto(D,B).
(r102) memberofdomainregion(A,B) :- instancehypernym(D,F), verbgroup(A,E), membermeronym(F,E), haspart(B,C).
(r103) memberofdomainregion(A,B) :- membermeronym(F,C), haspart(A,D), membermeronym(E,B), hypernym(E,F).
(r104) memberofdomainregion(A,B) :- haspart(B,C), hypernym(A,E), membermeronym(D,A), memberofdomainusage(C,D).
(r105) memberofdomainregion(A,B) :- verbgroup(A,D), haspart(B,F), haspart(B,C), memberofdomainusage(E,A).
(r106) memberofdomainregion(A,B) :- similarto(A,E), synsetdomaintopicof(B,D), haspart(B,C), synsetdomaintopicof(A,B).
(r107) memberofdomainregion(A,B) :- verbgroup(B,D), membermeronym(F,C), membermeronym(E,D), similarto(C,A).
(r108) memberofdomainregion(A,B) :- derivationallyrelatedform(A,E), membermeronym(F,C), derivationallyrelatedform(D,F), haspart(B,F).
(r109) memberofdomainregion(A,B) :- hypernym(E,B), hypernym(B,C), alsosee(A,D), haspart(B,C).
(r110) memberofdomainregion(A,B) :- alsosee(A,E), hypernym(D,A), instancehypernym(A,F), haspart(B,C).
(r111) memberofdomainregion(A,B) :- haspart(D,B), membermeronym(F,C), synsetdomaintopicof(E,A), alsosee(F,E).
(r112) memberofdomainregion(A,B) :- haspart(A,D), memberofdomainusage(E,B), haspart(B,C), memberofdomainusage(C,D).
(r113) memberofdomainregion(A,B) :- instancehypernym(C,A), similarto(C,A), haspart(B,C), hypernym(D,B).
(r114) memberofdomainregion(A,B) :- haspart(B,C), membermeronym(A,B), membermeronym(B,D).
(r115) memberofdomainregion(A,B) :- similarto(B,E), membermeronym(F,C), membermeronym(D,E), memberofdomainusage(C,A).
(r116) memberofdomainregion(A,B) :- derivationallyrelatedform(A,E), verbgroup(E,A), haspart(B,C), similarto(D,E).
(r117) memberofdomainregion(A,B) :- synsetdomaintopicof(E,D), synsetdomaintopicof(A,C), haspart(B,C), verbgroup(A,D).
(r118) memberofdomainregion(A,B) :- haspart(A,E), instancehypernym(B,E), haspart(B,C), membermeronym(C,D).
(r119) memberofdomainregion(A,B) :- verbgroup(E,A), haspart(C,A), haspart(B,C), hypernym(D,B).
(r120) memberofdomainregion(A,B) :- membermeronym(F,C), alsosee(E,B), memberofdomainusage(C,A), instancehypernym(D,C).
====================
MaxSAT solving... (3949 vars, 17305 hard, 1219 soft)
number of rules: 122
program size: 521
(inv1) inv1(X1,X2,X3,X4,X5,X6,X7,X8) :- instancehypernym(X1,X2), instancehypernym(X3,X4), haspart(X5,X6), haspart(X7,X8).
(inv2) inv2(X1,X2,X3,X4,X5,X6) :- haspart(X1,X2), haspart(X3,X4), verbgroup(X5,X6).
(r1) memberofdomainregion(A,B) :- membermeronym(F,C), hypernym(F,A), similarto(D,B), synsetdomaintopicof(B,E).
(r2) memberofdomainregion(A,B) :- verbgroup(B,D), similarto(C,B), synsetdomaintopicof(A,B).
(r3) memberofdomainregion(A,B) :- inv1(C,A,C,A,B,C,B,C), synsetdomaintopicof(A,D), alsosee(D,E).
(r4) memberofdomainregion(A,B) :- memberofdomainusage(D,C), verbgroup(A,C), alsosee(C,B).
(r5) memberofdomainregion(A,B) :- inv2(B,C,B,C,C,E), similarto(F,A), membermeronym(A,D).
(r6) memberofdomainregion(A,B) :- inv1(D,F,D,F,B,C,B,C), synsetdomaintopicof(A,D), hypernym(E,B).
(r7) memberofdomainregion(A,B) :- inv2(C,D,C,D,B,E), membermeronym(F,C), derivationallyrelatedform(F,A).
(r8) memberofdomainregion(A,B) :- derivationallyrelatedform(C,E), similarto(A,D), haspart(B,C), memberofdomainusage(A,B).
(r9) memberofdomainregion(A,B) :- verbgroup(B,D), instancehypernym(D,A), synsetdomaintopicof(A,C).
(r10) memberofdomainregion(A,B) :- inv1(E,B,E,B,A,D,B,C), derivationallyrelatedform(E,D).
(r11) memberofdomainregion(A,B) :- membermeronym(C,B), synsetdomaintopicof(E,A), derivationallyrelatedform(D,A), haspart(B,C).
(r12) memberofdomainregion(A,B) :- alsosee(C,B), instancehypernym(C,D), verbgroup(C,A).
(r13) memberofdomainregion(A,B) :- inv2(C,D,C,D,F,A), membermeronym(F,C), synsetdomaintopicof(B,E).
(r14) memberofdomainregion(A,B) :- inv1(D,B,C,A,B,C,B,C), memberofdomainusage(E,A).
(r15) memberofdomainregion(A,B) :- similarto(A,E), similarto(F,E), derivationallyrelatedform(B,D), haspart(B,C).
(r16) memberofdomainregion(A,B) :- similarto(E,D), alsosee(F,C), hypernym(A,E), haspart(B,C).
(r17) memberofdomainregion(A,B) :- memberofdomainusage(E,C), memberofdomainusage(E,B), instancehypernym(D,A).
(r18) memberofdomainregion(A,B) :- derivationallyrelatedform(A,E), alsosee(D,F), membermeronym(F,C), derivationallyrelatedform(B,C).
(r19) memberofdomainregion(A,B) :- inv2(E,C,B,C,A,D), synsetdomaintopicof(E,D).
(r20) memberofdomainregion(A,B) :- alsosee(C,D), synsetdomaintopicof(E,D), haspart(B,C), haspart(A,C).
(r21) memberofdomainregion(A,B) :- alsosee(A,C), synsetdomaintopicof(A,D), instancehypernym(B,A).
(r22) memberofdomainregion(A,B) :- alsosee(A,C), membermeronym(F,C), instancehypernym(E,A), synsetdomaintopicof(D,B).
(r23) memberofdomainregion(A,B) :- inv2(B,C,B,C,A,E), membermeronym(E,F), similarto(D,A).
(r24) memberofdomainregion(A,B) :- inv2(B,C,B,C,A,E), hypernym(E,D), derivationallyrelatedform(C,A).
(r25) memberofdomainregion(A,B) :- derivationallyrelatedform(C,E), similarto(D,B), memberofdomainusage(E,A).
(r26) memberofdomainregion(A,B) :- membermeronym(F,C), memberofdomainusage(F,B), verbgroup(D,B), alsosee(E,A).
(r27) memberofdomainregion(A,B) :- inv1(A,D,A,D,B,C,B,C), synsetdomaintopicof(D,E), similarto(E,A).
(r28) memberofdomainregion(A,B) :- alsosee(B,C), membermeronym(F,C), alsosee(E,F), verbgroup(A,D).
(r29) memberofdomainregion(A,B) :- hypernym(D,C), alsosee(D,E), haspart(B,C), haspart(A,C).
(r30) memberofdomainregion(A,B) :- hypernym(D,E), alsosee(A,E), memberofdomainusage(B,E), haspart(B,C).
(r31) memberofdomainregion(A,B) :- synsetdomaintopicof(A,D), alsosee(D,F), haspart(B,C), synsetdomaintopicof(A,E).
(r32) memberofdomainregion(A,B) :- haspart(B,C), similarto(D,B), membermeronym(D,A), alsosee(E,A).
(r33) memberofdomainregion(A,B) :- instancehypernym(C,B), membermeronym(B,D), similarto(A,C).
(r34) memberofdomainregion(A,B) :- derivationallyrelatedform(C,B), haspart(A,D), memberofdomainusage(B,A).
(r35) memberofdomainregion(A,B) :- alsosee(D,C), verbgroup(A,C), similarto(B,E).
(r36) memberofdomainregion(A,B) :- membermeronym(F,C), hypernym(E,A), haspart(B,C), membermeronym(F,D).
(r37) memberofdomainregion(A,B) :- inv1(C,B,C,B,B,C,B,C), derivationallyrelatedform(D,B), derivationallyrelatedform(A,C).
(r38) memberofdomainregion(A,B) :- inv2(B,C,B,C,A,D), hypernym(F,D), memberofdomainusage(D,E).
(r39) memberofdomainregion(A,B) :- membermeronym(F,C), alsosee(E,F), synsetdomaintopicof(D,A), instancehypernym(B,F).
(r40) memberofdomainregion(A,B) :- inv1(B,E,A,C,B,C,B,C), similarto(B,D).
(r41) memberofdomainregion(A,B) :- similarto(D,C), membermeronym(A,E), hypernym(F,C), haspart(B,C).
(r42) memberofdomainregion(A,B) :- synsetdomaintopicof(C,D), synsetdomaintopicof(B,D), derivationallyrelatedform(C,A).
(r43) memberofdomainregion(A,B) :- alsosee(A,E), hypernym(F,A), hypernym(D,C), haspart(B,C).
(r44) memberofdomainregion(A,B) :- hypernym(D,A), hypernym(B,E), derivationallyrelatedform(D,A), haspart(B,C).
(r45) memberofdomainregion(A,B) :- memberofdomainusage(E,C), membermeronym(F,C), memberofdomainusage(A,D), verbgroup(F,B).
(r46) memberofdomainregion(A,B) :- inv1(D,A,D,A,B,C,B,C), membermeronym(A,E), memberofdomainusage(E,D).
(r47) memberofdomainregion(A,B) :- hypernym(A,C), derivationallyrelatedform(B,A), membermeronym(D,A).
(r48) memberofdomainregion(A,B) :- synsetdomaintopicof(E,B), verbgroup(A,C), membermeronym(F,C), similarto(D,C).
(r49) memberofdomainregion(A,B) :- inv2(B,C,B,C,D,B), derivationallyrelatedform(D,B), hypernym(A,D).
(r50) memberofdomainregion(A,B) :- inv1(D,F,F,A,B,C,B,C), similarto(F,E).
(r51) memberofdomainregion(A,B) :- membermeronym(F,C), membermeronym(E,F), instancehypernym(E,B), memberofdomainusage(D,A).
(r52) memberofdomainregion(A,B) :- inv2(B,C,B,C,A,C), memberofdomainusage(A,E), memberofdomainusage(A,D).
(r53) memberofdomainregion(A,B) :- inv1(E,B,E,B,B,C,B,C), hypernym(A,B), alsosee(C,D).
(r54) memberofdomainregion(A,B) :- membermeronym(A,C), synsetdomaintopicof(E,B), haspart(D,E).
(r55) memberofdomainregion(A,B) :- inv1(E,A,E,A,B,C,B,C), derivationallyrelatedform(A,D), synsetdomaintopicof(A,B).
(r56) memberofdomainregion(A,B) :- inv2(B,C,B,C,A,B), derivationallyrelatedform(A,E), derivationallyrelatedform(A,D).
(r57) memberofdomainregion(A,B) :- hypernym(C,A), hypernym(B,E), memberofdomainusage(D,B).
(r58) memberofdomainregion(A,B) :- inv2(B,C,B,C,A,D), synsetdomaintopicof(C,E), membermeronym(C,E).
(r59) memberofdomainregion(A,B) :- membermeronym(F,C), membermeronym(B,E), hypernym(D,C), haspart(A,C).
(r60) memberofdomainregion(A,B) :- inv2(B,C,B,C,A,D), synsetdomaintopicof(F,C), membermeronym(E,A).
(r61) memberofdomainregion(A,B) :- inv1(C,B,B,A,A,D,A,D).
(r62) memberofdomainregion(A,B) :- derivationallyrelatedform(A,E), haspart(B,C), haspart(B,E), memberofdomainusage(E,D).
(r63) memberofdomainregion(A,B) :- memberofdomainusage(B,F), membermeronym(F,C), synsetdomaintopicof(E,A), alsosee(D,F).
(r64) memberofdomainregion(A,B) :- hypernym(B,D), membermeronym(F,C), memberofdomainusage(D,E), membermeronym(A,F).
(r65) memberofdomainregion(A,B) :- membermeronym(F,C), instancehypernym(E,D), derivationallyrelatedform(E,B), similarto(A,C).
(r66) memberofdomainregion(A,B) :- membermeronym(D,F), membermeronym(F,C), instancehypernym(A,F), derivationallyrelatedform(E,B).
(r67) memberofdomainregion(A,B) :- inv1(A,E,A,D,B,C,B,C), membermeronym(B,D).
(r68) memberofdomainregion(A,B) :- memberofdomainusage(B,F), membermeronym(F,C), haspart(E,C), memberofdomainusage(D,A).
(r69) memberofdomainregion(A,B) :- derivationallyrelatedform(A,D), derivationallyrelatedform(C,D), alsosee(A,B).
(r70) memberofdomainregion(A,B) :- inv1(E,C,E,C,C,D,B,C), alsosee(A,E).
(r71) memberofdomainregion(A,B) :- instancehypernym(D,A), alsosee(A,D), derivationallyrelatedform(B,C).
(r72) memberofdomainregion(A,B) :- inv1(A,D,A,D,B,C,B,C), synsetdomaintopicof(D,E), alsosee(C,B).
(r73) memberofdomainregion(A,B) :- verbgroup(B,D), synsetdomaintopicof(E,A), instancehypernym(D,C).
(r74) memberofdomainregion(A,B) :- hypernym(B,D), membermeronym(B,C), alsosee(A,E), haspart(B,C).
(r75) memberofdomainregion(A,B) :- instancehypernym(A,D), synsetdomaintopicof(C,B), hypernym(E,A).
(r76) memberofdomainregion(A,B) :- haspart(E,D), similarto(A,E), synsetdomaintopicof(F,E), haspart(B,C).
(r77) memberofdomainregion(A,B) :- similarto(A,E), haspart(E,F), haspart(A,D), haspart(B,C).
(r78) memberofdomainregion(A,B) :- verbgroup(B,D), membermeronym(F,C), derivationallyrelatedform(A,F), hypernym(E,B).
(r79) memberofdomainregion(A,B) :- derivationallyrelatedform(C,A), similarto(B,D), verbgroup(A,D).
(r80) memberofdomainregion(A,B) :- inv1(A,E,A,E,B,C,B,C), similarto(F,D), hypernym(D,A).
(r81) memberofdomainregion(A,B) :- inv1(E,B,E,B,B,C,B,C), derivationallyrelatedform(D,E), memberofdomainusage(A,F).
(r82) memberofdomainregion(A,B) :- inv1(D,C,D,C,B,C,F,E), hypernym(A,E).
(r83) memberofdomainregion(A,B) :- inv2(B,C,B,C,A,D), membermeronym(B,A), derivationallyrelatedform(E,A).
(r84) memberofdomainregion(A,B) :- inv2(B,C,B,C,C,E), synsetdomaintopicof(A,D), membermeronym(A,B).
(r85) memberofdomainregion(A,B) :- hypernym(A,C), membermeronym(F,C), alsosee(B,E), synsetdomaintopicof(D,F).
(r86) memberofdomainregion(A,B) :- inv1(D,B,D,B,B,A,B,A), derivationallyrelatedform(C,A).
(r87) memberofdomainregion(A,B) :- verbgroup(D,A), membermeronym(F,C), membermeronym(E,D), similarto(B,C).
(r88) memberofdomainregion(A,B) :- derivationallyrelatedform(C,B), haspart(B,A), alsosee(A,D), haspart(B,C).
(r89) memberofdomainregion(A,B) :- instancehypernym(C,B), membermeronym(F,C), synsetdomaintopicof(D,C), alsosee(A,E).
(r90) memberofdomainregion(A,B) :- inv1(E,A,E,A,B,F,B,F), synsetdomaintopicof(D,E), membermeronym(F,C).
(r91) memberofdomainregion(A,B) :- hypernym(D,E), verbgroup(B,C), hypernym(A,E).
(r92) memberofdomainregion(A,B) :- verbgroup(B,D), derivationallyrelatedform(A,D), similarto(B,C).
(r93) memberofdomainregion(A,B) :- inv2(F,B,B,C,D,C), verbgroup(A,E).
(r94) memberofdomainregion(A,B) :- inv1(A,D,A,D,B,C,B,C), similarto(E,D), memberofdomainusage(B,A).
(r95) memberofdomainregion(A,B) :- alsosee(A,E), membermeronym(C,B), derivationallyrelatedform(D,A), haspart(B,C).
(r96) memberofdomainregion(A,B) :- inv2(B,C,B,C,C,E), instancehypernym(D,B), memberofdomainusage(A,D).
(r97) memberofdomainregion(A,B) :- inv2(B,C,B,C,A,D), similarto(D,E), hypernym(E,A).
(r98) memberofdomainregion(A,B) :- inv2(B,C,B,C,C,D), synsetdomaintopicof(D,E), membermeronym(A,D).
(r99) memberofdomainregion(A,B) :- inv2(B,C,B,C,D,A), similarto(B,A), memberofdomainusage(D,B).
(r100) memberofdomainregion(A,B) :- inv2(A,D,B,C,A,E), derivationallyrelatedform(F,D).
(r101) memberofdomainregion(A,B) :- membermeronym(A,B), derivationallyrelatedform(C,A), similarto(D,B).
(r102) memberofdomainregion(A,B) :- inv1(D,F,D,F,B,C,B,C), verbgroup(A,E), membermeronym(F,E).
(r103) memberofdomainregion(A,B) :- membermeronym(F,C), haspart(A,D), membermeronym(E,B), hypernym(E,F).
(r104) memberofdomainregion(A,B) :- haspart(B,C), hypernym(A,E), membermeronym(D,A), memberofdomainusage(C,D).
(r105) memberofdomainregion(A,B) :- inv2(B,F,B,C,A,D), memberofdomainusage(E,A).
(r106) memberofdomainregion(A,B) :- similarto(A,E), synsetdomaintopicof(B,D), haspart(B,C), synsetdomaintopicof(A,B).
(r107) memberofdomainregion(A,B) :- verbgroup(B,D), membermeronym(F,C), membermeronym(E,D), similarto(C,A).
(r108) memberofdomainregion(A,B) :- derivationallyrelatedform(A,E), membermeronym(F,C), derivationallyrelatedform(D,F), haspart(B,F).
(r109) memberofdomainregion(A,B) :- hypernym(E,B), hypernym(B,C), alsosee(A,D), haspart(B,C).
(r110) memberofdomainregion(A,B) :- inv1(A,F,A,F,B,C,B,C), alsosee(A,E), hypernym(D,A).
(r111) memberofdomainregion(A,B) :- haspart(D,B), membermeronym(F,C), synsetdomaintopicof(E,A), alsosee(F,E).
(r112) memberofdomainregion(A,B) :- haspart(A,D), memberofdomainusage(E,B), haspart(B,C), memberofdomainusage(C,D).
(r113) memberofdomainregion(A,B) :- inv1(C,A,C,A,B,C,B,C), similarto(C,A), hypernym(D,B).
(r114) memberofdomainregion(A,B) :- haspart(B,C), membermeronym(A,B), membermeronym(B,D).
(r115) memberofdomainregion(A,B) :- similarto(B,E), membermeronym(F,C), membermeronym(D,E), memberofdomainusage(C,A).
(r116) memberofdomainregion(A,B) :- inv2(B,C,B,C,E,A), derivationallyrelatedform(A,E), similarto(D,E).
(r117) memberofdomainregion(A,B) :- inv2(B,C,B,C,A,D), synsetdomaintopicof(E,D), synsetdomaintopicof(A,C).
(r118) memberofdomainregion(A,B) :- inv1(B,E,B,E,A,E,B,C), membermeronym(C,D).
(r119) memberofdomainregion(A,B) :- inv2(C,A,B,C,E,A), hypernym(D,B).
(r120) memberofdomainregion(A,B) :- membermeronym(F,C), alsosee(E,B), memberofdomainusage(C,A), instancehypernym(D,C).
====================
