number of rules: 90
program size: 439
(r1) memberofdomainregion(A,B) :- similarto(A,E), alsosee(C,B), memberofdomainusage(D,B).
(r2) memberofdomainregion(A,B) :- memberofdomainusage(C,B), derivationallyrelatedform(A,C), haspart(C,A).
(r3) memberofdomainregion(A,B) :- derivationallyrelatedform(D,A), membermeronym(F,C), instancehypernym(E,B), instancehypernym(A,F).
(r4) memberofdomainregion(A,B) :- alsosee(B,F), membermeronym(F,C), alsosee(E,B), alsosee(D,A).
(r5) memberofdomainregion(A,B) :- instancehypernym(E,B), derivationallyrelatedform(D,A), derivationallyrelatedform(E,C).
(r6) memberofdomainregion(A,B) :- haspart(F,C), similarto(A,E), hypernym(A,D), haspart(B,C).
(r7) memberofdomainregion(A,B) :- synsetdomaintopicof(A,D), hypernym(D,B), haspart(B,C), verbgroup(D,E).
(r8) memberofdomainregion(A,B) :- similarto(E,A), verbgroup(A,D), haspart(B,C), membermeronym(A,F).
(r9) memberofdomainregion(A,B) :- synsetdomaintopicof(C,D), hypernym(A,D), alsosee(D,A), haspart(B,C).
(r10) memberofdomainregion(A,B) :- verbgroup(B,D), membermeronym(F,C), derivationallyrelatedform(E,D), instancehypernym(F,A).
(r11) memberofdomainregion(A,B) :- haspart(B,C), instancehypernym(A,D), alsosee(E,B), memberofdomainusage(B,D).
(r12) memberofdomainregion(A,B) :- membermeronym(F,A), haspart(E,B), membermeronym(F,C), verbgroup(D,B).
(r13) memberofdomainregion(A,B) :- membermeronym(F,C), memberofdomainusage(D,B), similarto(A,F), synsetdomaintopicof(B,E).
(r14) memberofdomainregion(A,B) :- membermeronym(A,E), membermeronym(D,F), memberofdomainusage(A,D), haspart(B,C).
(r15) memberofdomainregion(A,B) :- membermeronym(B,C), instancehypernym(A,D), instancehypernym(C,D), haspart(B,C).
(r16) memberofdomainregion(A,B) :- membermeronym(F,C), haspart(C,E), verbgroup(D,B), haspart(A,E).
(r17) memberofdomainregion(A,B) :- similarto(A,E), memberofdomainusage(C,A), haspart(B,C), membermeronym(C,D).
(r18) memberofdomainregion(A,B) :- hypernym(B,C), instancehypernym(B,A), instancehypernym(C,A).
(r19) memberofdomainregion(A,B) :- derivationallyrelatedform(A,E), membermeronym(F,C), alsosee(D,E), instancehypernym(B,C).
(r20) memberofdomainregion(A,B) :- memberofdomainusage(E,C), hypernym(B,C), haspart(B,C), verbgroup(A,D).
(r21) memberofdomainregion(A,B) :- alsosee(E,A), membermeronym(A,E), haspart(B,C), verbgroup(D,E).
(r22) memberofdomainregion(A,B) :- memberofdomainusage(A,E), memberofdomainusage(A,D), haspart(B,C), verbgroup(C,A).
(r23) memberofdomainregion(A,B) :- instancehypernym(A,E), synsetdomaintopicof(C,D), memberofdomainusage(E,F), haspart(B,C).
(r24) memberofdomainregion(A,B) :- membermeronym(B,C), membermeronym(F,C), similarto(E,C), hypernym(A,D).
(r25) memberofdomainregion(A,B) :- synsetdomaintopicof(C,E), membermeronym(F,C), alsosee(A,D), haspart(B,C).
(r26) memberofdomainregion(A,B) :- memberofdomainusage(E,F), instancehypernym(D,A), hypernym(A,E), haspart(B,C).
(r27) memberofdomainregion(A,B) :- similarto(E,A), membermeronym(D,B), haspart(B,C), verbgroup(F,B).
(r28) memberofdomainregion(A,B) :- hypernym(C,D), membermeronym(F,C), similarto(A,D), similarto(E,B).
(r29) memberofdomainregion(A,B) :- similarto(F,D), membermeronym(F,C), haspart(B,D), hypernym(A,E).
(r30) memberofdomainregion(A,B) :- synsetdomaintopicof(B,A), derivationallyrelatedform(D,B), verbgroup(E,C), haspart(B,C).
(r31) memberofdomainregion(A,B) :- haspart(C,D), similarto(E,B), haspart(B,C), haspart(A,C).
(r32) memberofdomainregion(A,B) :- haspart(E,B), membermeronym(F,C), hypernym(F,D), hypernym(A,D).
(r33) memberofdomainregion(A,B) :- synsetdomaintopicof(D,E), membermeronym(F,C), haspart(B,D), derivationallyrelatedform(A,C).
(r34) memberofdomainregion(A,B) :- synsetdomaintopicof(A,D), haspart(B,C), membermeronym(A,B), verbgroup(E,B).
(r35) memberofdomainregion(A,B) :- instancehypernym(A,E), alsosee(E,D), haspart(B,C), alsosee(C,D).
(r36) memberofdomainregion(A,B) :- membermeronym(F,A), membermeronym(F,C), haspart(D,B), verbgroup(D,E).
(r37) memberofdomainregion(A,B) :- haspart(B,E), hypernym(E,C), alsosee(D,A).
(r38) memberofdomainregion(A,B) :- haspart(B,C), hypernym(D,C), similarto(D,B), instancehypernym(A,C).
(r39) memberofdomainregion(A,B) :- derivationallyrelatedform(D,B), membermeronym(F,C), similarto(C,E), membermeronym(E,A).
(r40) memberofdomainregion(A,B) :- similarto(A,E), instancehypernym(E,F), haspart(B,C), alsosee(F,D).
(r41) memberofdomainregion(A,B) :- hypernym(A,C), membermeronym(F,C), synsetdomaintopicof(A,E), synsetdomaintopicof(D,B).
(r42) memberofdomainregion(A,B) :- membermeronym(F,C), similarto(B,D), similarto(A,F), haspart(A,E).
(r43) memberofdomainregion(A,B) :- membermeronym(F,C), instancehypernym(C,A), derivationallyrelatedform(E,B), alsosee(C,D).
(r44) memberofdomainregion(A,B) :- verbgroup(E,D), alsosee(F,A), haspart(B,C), verbgroup(A,D).
(r45) memberofdomainregion(A,B) :- instancehypernym(D,E), verbgroup(F,A), membermeronym(D,B), haspart(B,C).
(r46) memberofdomainregion(A,B) :- similarto(D,A), haspart(B,C), verbgroup(B,A), hypernym(D,B).
(r47) memberofdomainregion(A,B) :- derivationallyrelatedform(D,E), similarto(C,A), haspart(B,C), verbgroup(A,D).
(r48) memberofdomainregion(A,B) :- derivationallyrelatedform(C,E), memberofdomainusage(E,B), alsosee(A,D), haspart(B,C).
(r49) memberofdomainregion(A,B) :- membermeronym(F,C), memberofdomainusage(B,E), instancehypernym(D,A), similarto(C,B).
(r50) memberofdomainregion(A,B) :- membermeronym(F,C), similarto(F,E), derivationallyrelatedform(E,B), verbgroup(A,D).
(r51) memberofdomainregion(A,B) :- similarto(F,A), haspart(E,B), membermeronym(F,C), synsetdomaintopicof(F,D).
(r52) memberofdomainregion(A,B) :- haspart(D,B), memberofdomainusage(A,E), hypernym(E,C).
(r53) memberofdomainregion(A,B) :- membermeronym(B,E), membermeronym(A,B), haspart(B,C), synsetdomaintopicof(D,B).
(r54) memberofdomainregion(A,B) :- synsetdomaintopicof(C,A), memberofdomainusage(C,B), derivationallyrelatedform(C,A).
(r55) memberofdomainregion(A,B) :- membermeronym(F,C), alsosee(B,E), memberofdomainusage(A,C), instancehypernym(F,D).
(r56) memberofdomainregion(A,B) :- alsosee(E,A), membermeronym(F,C), synsetdomaintopicof(C,B), hypernym(D,B).
(r57) memberofdomainregion(A,B) :- memberofdomainusage(D,C), derivationallyrelatedform(A,D), haspart(B,C), verbgroup(C,A).
(r58) memberofdomainregion(A,B) :- haspart(B,C), alsosee(E,B), hypernym(A,E), memberofdomainusage(D,A).
(r59) memberofdomainregion(A,B) :- similarto(F,D), membermeronym(F,C), synsetdomaintopicof(B,D), derivationallyrelatedform(E,A).
(r60) memberofdomainregion(A,B) :- similarto(A,E), alsosee(C,B), similarto(D,B), haspart(B,C).
(r61) memberofdomainregion(A,B) :- hypernym(E,B), hypernym(D,A), membermeronym(C,A).
(r62) memberofdomainregion(A,B) :- membermeronym(F,C), alsosee(B,E), similarto(A,F), derivationallyrelatedform(D,C).
(r63) memberofdomainregion(A,B) :- hypernym(D,E), verbgroup(B,F), haspart(A,D), haspart(B,C).
(r64) memberofdomainregion(A,B) :- instancehypernym(A,D), hypernym(E,C), haspart(B,C), verbgroup(D,E).
(r65) memberofdomainregion(A,B) :- alsosee(A,C), verbgroup(A,E), alsosee(D,C), haspart(B,C).
(r66) memberofdomainregion(A,B) :- derivationallyrelatedform(D,A), membermeronym(D,E), haspart(B,C), membermeronym(E,A).
(r67) memberofdomainregion(A,B) :- synsetdomaintopicof(C,E), instancehypernym(A,B), instancehypernym(A,D), haspart(B,C).
(r68) memberofdomainregion(A,B) :- membermeronym(F,C), haspart(B,D), verbgroup(A,E), membermeronym(F,D).
(r69) memberofdomainregion(A,B) :- alsosee(A,C), instancehypernym(B,A), memberofdomainusage(D,B), haspart(B,C).
(r70) memberofdomainregion(A,B) :- haspart(B,C), verbgroup(C,E), hypernym(A,E), memberofdomainusage(E,D).
(r71) memberofdomainregion(A,B) :- synsetdomaintopicof(B,D), membermeronym(F,C), instancehypernym(D,E), hypernym(F,A).
(r72) memberofdomainregion(A,B) :- hypernym(C,A), hypernym(A,C), haspart(B,C).
(r73) memberofdomainregion(A,B) :- instancehypernym(D,B), haspart(B,C), instancehypernym(A,C), instancehypernym(B,C).
(r74) memberofdomainregion(A,B) :- similarto(E,D), membermeronym(F,C), derivationallyrelatedform(E,A), derivationallyrelatedform(B,C).
(r75) memberofdomainregion(A,B) :- instancehypernym(A,E), alsosee(E,B), haspart(B,C), hypernym(C,D).
(r76) memberofdomainregion(A,B) :- haspart(D,B), membermeronym(F,C), hypernym(A,E), haspart(D,F).
(r77) memberofdomainregion(A,B) :- similarto(A,E), verbgroup(C,D), haspart(B,C), haspart(A,C).
(r78) memberofdomainregion(A,B) :- synsetdomaintopicof(A,F), verbgroup(A,E), haspart(B,C), membermeronym(C,D).
(r79) memberofdomainregion(A,B) :- instancehypernym(D,B), derivationallyrelatedform(B,E), memberofdomainusage(C,A).
(r80) memberofdomainregion(A,B) :- haspart(D,A), hypernym(C,B), haspart(B,C), haspart(A,C).
(r81) memberofdomainregion(A,B) :- hypernym(E,B), verbgroup(A,C), instancehypernym(E,D).
(r82) memberofdomainregion(A,B) :- membermeronym(F,C), haspart(D,A), memberofdomainusage(D,E), instancehypernym(B,C).
(r83) memberofdomainregion(A,B) :- membermeronym(F,C), derivationallyrelatedform(E,D), membermeronym(F,B), verbgroup(A,D).
(r84) memberofdomainregion(A,B) :- instancehypernym(E,B), derivationallyrelatedform(A,D), similarto(D,F), haspart(B,C).
(r85) memberofdomainregion(A,B) :- similarto(F,B), memberofdomainusage(A,E), haspart(B,C), alsosee(C,D).
(r86) memberofdomainregion(A,B) :- alsosee(D,C), haspart(B,C), memberofdomainusage(C,A), instancehypernym(A,C).
(r87) memberofdomainregion(A,B) :- similarto(A,E), similarto(D,C), derivationallyrelatedform(F,E), haspart(B,C).
(r88) memberofdomainregion(A,B) :- membermeronym(A,C), membermeronym(F,C), similarto(B,D), derivationallyrelatedform(E,C).
(r89) memberofdomainregion(A,B) :- instancehypernym(E,B), haspart(B,C), haspart(A,B), instancehypernym(D,C).
(r90) memberofdomainregion(A,B) :- membermeronym(F,C), verbgroup(E,C), membermeronym(B,D), haspart(A,E).
====================
MaxSAT solving... (3031 vars, 13859 hard, 937 soft)
number of rules: 92
program size: 395
(inv1) inv1(X1,X2,X3,X4,X5,X6) :- haspart(X1,X2), membermeronym(X3,X4), membermeronym(X5,X6).
(inv2) inv2(X1,X2,X3,X4,X5,X6,X7,X8) :- haspart(X1,X2), haspart(X3,X4), hypernym(X5,X6), hypernym(X7,X8).
(r1) memberofdomainregion(A,B) :- similarto(A,E), alsosee(C,B), memberofdomainusage(D,B).
(r2) memberofdomainregion(A,B) :- memberofdomainusage(C,B), derivationallyrelatedform(A,C), haspart(C,A).
(r3) memberofdomainregion(A,B) :- derivationallyrelatedform(D,A), membermeronym(F,C), instancehypernym(E,B), instancehypernym(A,F).
(r4) memberofdomainregion(A,B) :- alsosee(B,F), membermeronym(F,C), alsosee(E,B), alsosee(D,A).
(r5) memberofdomainregion(A,B) :- instancehypernym(E,B), derivationallyrelatedform(D,A), derivationallyrelatedform(E,C).
(r6) memberofdomainregion(A,B) :- inv2(F,C,B,C,A,D,A,D), similarto(A,E).
(r7) memberofdomainregion(A,B) :- inv2(B,C,B,C,D,B,D,B), synsetdomaintopicof(A,D), verbgroup(D,E).
(r8) memberofdomainregion(A,B) :- inv1(B,C,A,F,A,F), similarto(E,A), verbgroup(A,D).
(r9) memberofdomainregion(A,B) :- inv2(B,C,B,C,A,D,A,D), synsetdomaintopicof(C,D), alsosee(D,A).
(r10) memberofdomainregion(A,B) :- verbgroup(B,D), membermeronym(F,C), derivationallyrelatedform(E,D), instancehypernym(F,A).
(r11) memberofdomainregion(A,B) :- haspart(B,C), instancehypernym(A,D), alsosee(E,B), memberofdomainusage(B,D).
(r12) memberofdomainregion(A,B) :- inv1(E,B,F,A,F,C), verbgroup(D,B).
(r13) memberofdomainregion(A,B) :- membermeronym(F,C), memberofdomainusage(D,B), similarto(A,F), synsetdomaintopicof(B,E).
(r14) memberofdomainregion(A,B) :- inv1(B,C,A,E,D,F), memberofdomainusage(A,D).
(r15) memberofdomainregion(A,B) :- inv1(B,C,B,C,B,C), instancehypernym(A,D), instancehypernym(C,D).
(r16) memberofdomainregion(A,B) :- inv1(C,E,F,C,F,C), verbgroup(D,B), haspart(A,E).
(r17) memberofdomainregion(A,B) :- inv1(B,C,C,D,C,D), similarto(A,E), memberofdomainusage(C,A).
(r18) memberofdomainregion(A,B) :- hypernym(B,C), instancehypernym(B,A), instancehypernym(C,A).
(r19) memberofdomainregion(A,B) :- derivationallyrelatedform(A,E), membermeronym(F,C), alsosee(D,E), instancehypernym(B,C).
(r20) memberofdomainregion(A,B) :- inv2(B,C,B,C,B,C,B,C), memberofdomainusage(E,C), verbgroup(A,D).
(r21) memberofdomainregion(A,B) :- inv1(B,C,A,E,A,E), alsosee(E,A), verbgroup(D,E).
(r22) memberofdomainregion(A,B) :- memberofdomainusage(A,E), memberofdomainusage(A,D), haspart(B,C), verbgroup(C,A).
(r23) memberofdomainregion(A,B) :- instancehypernym(A,E), synsetdomaintopicof(C,D), memberofdomainusage(E,F), haspart(B,C).
(r24) memberofdomainregion(A,B) :- membermeronym(B,C), membermeronym(F,C), similarto(E,C), hypernym(A,D).
(r25) memberofdomainregion(A,B) :- inv1(B,C,F,C,F,C), synsetdomaintopicof(C,E), alsosee(A,D).
(r26) memberofdomainregion(A,B) :- inv2(B,C,B,C,A,E,A,E), memberofdomainusage(E,F), instancehypernym(D,A).
(r27) memberofdomainregion(A,B) :- inv1(B,C,D,B,D,B), similarto(E,A), verbgroup(F,B).
(r28) memberofdomainregion(A,B) :- hypernym(C,D), membermeronym(F,C), similarto(A,D), similarto(E,B).
(r29) memberofdomainregion(A,B) :- inv1(B,D,F,C,F,C), inv2(B,D,B,D,A,E,A,E), similarto(F,D).
(r30) memberofdomainregion(A,B) :- synsetdomaintopicof(B,A), derivationallyrelatedform(D,B), verbgroup(E,C), haspart(B,C).
(r31) memberofdomainregion(A,B) :- haspart(C,D), similarto(E,B), haspart(B,C), haspart(A,C).
(r32) memberofdomainregion(A,B) :- inv2(E,B,E,B,F,D,A,D), membermeronym(F,C).
(r33) memberofdomainregion(A,B) :- inv1(B,D,F,C,F,C), synsetdomaintopicof(D,E), derivationallyrelatedform(A,C).
(r34) memberofdomainregion(A,B) :- inv1(B,C,A,B,A,B), synsetdomaintopicof(A,D), verbgroup(E,B).
(r35) memberofdomainregion(A,B) :- instancehypernym(A,E), alsosee(E,D), haspart(B,C), alsosee(C,D).
(r36) memberofdomainregion(A,B) :- inv1(D,B,F,A,F,C), verbgroup(D,E).
(r37) memberofdomainregion(A,B) :- inv2(B,E,B,E,E,C,E,C), alsosee(D,A).
(r38) memberofdomainregion(A,B) :- inv2(B,C,B,C,D,C,D,C), similarto(D,B), instancehypernym(A,C).
(r39) memberofdomainregion(A,B) :- derivationallyrelatedform(D,B), membermeronym(F,C), similarto(C,E), membermeronym(E,A).
(r40) memberofdomainregion(A,B) :- similarto(A,E), instancehypernym(E,F), haspart(B,C), alsosee(F,D).
(r41) memberofdomainregion(A,B) :- hypernym(A,C), membermeronym(F,C), synsetdomaintopicof(A,E), synsetdomaintopicof(D,B).
(r42) memberofdomainregion(A,B) :- inv1(A,E,F,C,F,C), similarto(B,D), similarto(A,F).
(r43) memberofdomainregion(A,B) :- membermeronym(F,C), instancehypernym(C,A), derivationallyrelatedform(E,B), alsosee(C,D).
(r44) memberofdomainregion(A,B) :- verbgroup(E,D), alsosee(F,A), haspart(B,C), verbgroup(A,D).
(r45) memberofdomainregion(A,B) :- inv1(B,C,D,B,D,B), instancehypernym(D,E), verbgroup(F,A).
(r46) memberofdomainregion(A,B) :- inv2(B,C,B,C,D,B,D,B), similarto(D,A), verbgroup(B,A).
(r47) memberofdomainregion(A,B) :- derivationallyrelatedform(D,E), similarto(C,A), haspart(B,C), verbgroup(A,D).
(r48) memberofdomainregion(A,B) :- derivationallyrelatedform(C,E), memberofdomainusage(E,B), alsosee(A,D), haspart(B,C).
(r49) memberofdomainregion(A,B) :- membermeronym(F,C), memberofdomainusage(B,E), instancehypernym(D,A), similarto(C,B).
(r50) memberofdomainregion(A,B) :- membermeronym(F,C), similarto(F,E), derivationallyrelatedform(E,B), verbgroup(A,D).
(r51) memberofdomainregion(A,B) :- inv1(E,B,F,C,F,C), similarto(F,A), synsetdomaintopicof(F,D).
(r52) memberofdomainregion(A,B) :- inv2(D,B,D,B,E,C,E,C), memberofdomainusage(A,E).
(r53) memberofdomainregion(A,B) :- inv1(B,C,B,E,A,B), synsetdomaintopicof(D,B).
(r54) memberofdomainregion(A,B) :- synsetdomaintopicof(C,A), memberofdomainusage(C,B), derivationallyrelatedform(C,A).
(r55) memberofdomainregion(A,B) :- membermeronym(F,C), alsosee(B,E), memberofdomainusage(A,C), instancehypernym(F,D).
(r56) memberofdomainregion(A,B) :- alsosee(E,A), membermeronym(F,C), synsetdomaintopicof(C,B), hypernym(D,B).
(r57) memberofdomainregion(A,B) :- memberofdomainusage(D,C), derivationallyrelatedform(A,D), haspart(B,C), verbgroup(C,A).
(r58) memberofdomainregion(A,B) :- inv2(B,C,B,C,A,E,A,E), alsosee(E,B), memberofdomainusage(D,A).
(r59) memberofdomainregion(A,B) :- similarto(F,D), membermeronym(F,C), synsetdomaintopicof(B,D), derivationallyrelatedform(E,A).
(r60) memberofdomainregion(A,B) :- similarto(A,E), alsosee(C,B), similarto(D,B), haspart(B,C).
(r61) memberofdomainregion(A,B) :- hypernym(E,B), hypernym(D,A), membermeronym(C,A).
(r62) memberofdomainregion(A,B) :- membermeronym(F,C), alsosee(B,E), similarto(A,F), derivationallyrelatedform(D,C).
(r63) memberofdomainregion(A,B) :- inv2(A,D,B,C,D,E,D,E), verbgroup(B,F).
(r64) memberofdomainregion(A,B) :- inv2(B,C,B,C,E,C,E,C), instancehypernym(A,D), verbgroup(D,E).
(r65) memberofdomainregion(A,B) :- alsosee(A,C), verbgroup(A,E), alsosee(D,C), haspart(B,C).
(r66) memberofdomainregion(A,B) :- inv1(B,C,D,E,E,A), derivationallyrelatedform(D,A).
(r67) memberofdomainregion(A,B) :- synsetdomaintopicof(C,E), instancehypernym(A,B), instancehypernym(A,D), haspart(B,C).
(r68) memberofdomainregion(A,B) :- inv1(B,D,F,C,F,D), verbgroup(A,E).
(r69) memberofdomainregion(A,B) :- alsosee(A,C), instancehypernym(B,A), memberofdomainusage(D,B), haspart(B,C).
(r70) memberofdomainregion(A,B) :- inv2(B,C,B,C,A,E,A,E), verbgroup(C,E), memberofdomainusage(E,D).
(r71) memberofdomainregion(A,B) :- synsetdomaintopicof(B,D), membermeronym(F,C), instancehypernym(D,E), hypernym(F,A).
(r72) memberofdomainregion(A,B) :- inv2(B,C,B,C,C,A,A,C).
(r73) memberofdomainregion(A,B) :- instancehypernym(D,B), haspart(B,C), instancehypernym(A,C), instancehypernym(B,C).
(r74) memberofdomainregion(A,B) :- similarto(E,D), membermeronym(F,C), derivationallyrelatedform(E,A), derivationallyrelatedform(B,C).
(r75) memberofdomainregion(A,B) :- inv2(B,C,B,C,C,D,C,D), instancehypernym(A,E), alsosee(E,B).
(r76) memberofdomainregion(A,B) :- inv1(D,B,F,C,F,C), inv2(D,F,D,B,A,E,A,E).
(r77) memberofdomainregion(A,B) :- similarto(A,E), verbgroup(C,D), haspart(B,C), haspart(A,C).
(r78) memberofdomainregion(A,B) :- inv1(B,C,C,D,C,D), synsetdomaintopicof(A,F), verbgroup(A,E).
(r79) memberofdomainregion(A,B) :- instancehypernym(D,B), derivationallyrelatedform(B,E), memberofdomainusage(C,A).
(r80) memberofdomainregion(A,B) :- inv2(D,A,B,C,C,B,C,B), haspart(A,C).
(r81) memberofdomainregion(A,B) :- hypernym(E,B), verbgroup(A,C), instancehypernym(E,D).
(r82) memberofdomainregion(A,B) :- inv1(D,A,F,C,F,C), memberofdomainusage(D,E), instancehypernym(B,C).
(r83) memberofdomainregion(A,B) :- membermeronym(F,C), derivationallyrelatedform(E,D), membermeronym(F,B), verbgroup(A,D).
(r84) memberofdomainregion(A,B) :- instancehypernym(E,B), derivationallyrelatedform(A,D), similarto(D,F), haspart(B,C).
(r85) memberofdomainregion(A,B) :- similarto(F,B), memberofdomainusage(A,E), haspart(B,C), alsosee(C,D).
(r86) memberofdomainregion(A,B) :- alsosee(D,C), haspart(B,C), memberofdomainusage(C,A), instancehypernym(A,C).
(r87) memberofdomainregion(A,B) :- similarto(A,E), similarto(D,C), derivationallyrelatedform(F,E), haspart(B,C).
(r88) memberofdomainregion(A,B) :- membermeronym(A,C), membermeronym(F,C), similarto(B,D), derivationallyrelatedform(E,C).
(r89) memberofdomainregion(A,B) :- instancehypernym(E,B), haspart(B,C), haspart(A,B), instancehypernym(D,C).
(r90) memberofdomainregion(A,B) :- inv1(A,E,F,C,B,D), verbgroup(E,C).
====================
