number of rules: 100
program size: 473
(r1) verbgroup(A,B) :- haspart(D,B), membermeronym(D,B), similarto(B,C), alsosee(D,A).
(r2) verbgroup(A,B) :- hypernym(D,C), membermeronym(D,B), similarto(B,C), synsetdomaintopicof(A,E).
(r3) verbgroup(A,B) :- alsosee(F,B), membermeronym(E,B), similarto(A,D), alsosee(F,C).
(r4) verbgroup(A,B) :- derivationallyrelatedform(D,A), derivationallyrelatedform(A,E), similarto(B,C), instancehypernym(B,C).
(r5) verbgroup(A,B) :- synsetdomaintopicof(E,C), memberofdomainregion(D,A), similarto(B,C), synsetdomaintopicof(D,B).
(r6) verbgroup(A,B) :- alsosee(A,D), alsosee(E,B), synsetdomaintopicof(D,E), similarto(B,C).
(r7) verbgroup(A,B) :- instancehypernym(E,A), membermeronym(B,D), similarto(B,C), similarto(A,C).
(r8) verbgroup(A,B) :- hypernym(B,C), hypernym(C,A), synsetdomaintopicof(C,B).
(r9) verbgroup(A,B) :- haspart(E,F), hypernym(E,B), alsosee(F,C), haspart(D,A).
(r10) verbgroup(A,B) :- instancehypernym(D,C), alsosee(F,C), alsosee(E,A), alsosee(B,D).
(r11) verbgroup(A,B) :- hypernym(A,D), memberofdomainregion(A,C), hypernym(A,B).
(r12) verbgroup(A,B) :- memberofdomainusage(E,D), hypernym(C,A), haspart(E,B).
(r13) verbgroup(A,B) :- alsosee(F,B), hypernym(E,B), alsosee(F,C), memberofdomainregion(A,D).
(r14) verbgroup(A,B) :- derivationallyrelatedform(B,D), haspart(A,E), hypernym(F,B), similarto(B,C).
(r15) verbgroup(A,B) :- similarto(F,A), derivationallyrelatedform(A,D), alsosee(F,C), synsetdomaintopicof(B,E).
(r16) verbgroup(A,B) :- alsosee(D,E), membermeronym(A,B), memberofdomainregion(D,B), similarto(B,C).
(r17) verbgroup(A,B) :- derivationallyrelatedform(C,B), memberofdomainusage(A,D), instancehypernym(A,E).
(r18) verbgroup(A,B) :- memberofdomainusage(E,B), derivationallyrelatedform(D,A), instancehypernym(B,C).
(r19) verbgroup(A,B) :- derivationallyrelatedform(F,E), synsetdomaintopicof(A,D), hypernym(F,B), similarto(B,C).
(r20) verbgroup(A,B) :- synsetdomaintopicof(C,A), derivationallyrelatedform(A,C), alsosee(B,D).
(r21) verbgroup(A,B) :- alsosee(B,C), similarto(A,E), hypernym(D,C).
(r22) verbgroup(A,B) :- similarto(C,D), alsosee(F,C), similarto(D,B), memberofdomainregion(E,A).
(r23) verbgroup(A,B) :- synsetdomaintopicof(D,C), instancehypernym(C,A), alsosee(F,C), alsosee(E,B).
(r24) verbgroup(A,B) :- membermeronym(C,D), hypernym(F,E), similarto(B,C), synsetdomaintopicof(A,E).
(r25) verbgroup(A,B) :- similarto(D,A), membermeronym(D,B), memberofdomainregion(E,A), similarto(B,C).
(r26) verbgroup(A,B) :- alsosee(E,F), alsosee(F,C), haspart(B,D), memberofdomainusage(E,A).
(r27) verbgroup(A,B) :- instancehypernym(C,D), alsosee(F,C), derivationallyrelatedform(E,B), derivationallyrelatedform(F,A).
(r28) verbgroup(A,B) :- instancehypernym(B,D), alsosee(A,C), derivationallyrelatedform(A,C).
(r29) verbgroup(A,B) :- hypernym(D,F), alsosee(F,C), similarto(A,E), hypernym(C,B).
(r30) verbgroup(A,B) :- memberofdomainregion(C,B), membermeronym(B,E), alsosee(F,C), memberofdomainusage(A,D).
(r31) verbgroup(A,B) :- membermeronym(D,A), alsosee(E,B), similarto(A,C).
(r32) verbgroup(A,B) :- haspart(D,F), instancehypernym(F,E), memberofdomainregion(A,E), similarto(B,C).
(r33) verbgroup(A,B) :- alsosee(F,C), derivationallyrelatedform(D,B), derivationallyrelatedform(A,C), alsosee(E,D).
(r34) verbgroup(A,B) :- hypernym(D,B), haspart(A,F), similarto(B,C), hypernym(D,E).
(r35) verbgroup(A,B) :- derivationallyrelatedform(D,A), instancehypernym(E,B), similarto(D,B), similarto(B,C).
(r36) verbgroup(A,B) :- memberofdomainusage(F,B), instancehypernym(E,D), similarto(B,C), memberofdomainusage(A,E).
(r37) verbgroup(A,B) :- haspart(A,E), similarto(F,D), similarto(B,C), similarto(B,F).
(r38) verbgroup(A,B) :- instancehypernym(C,F), similarto(B,C), alsosee(E,A), membermeronym(B,D).
(r39) verbgroup(A,B) :- synsetdomaintopicof(B,C), hypernym(C,D), membermeronym(A,D).
(r40) verbgroup(A,B) :- synsetdomaintopicof(B,D), memberofdomainusage(C,A), memberofdomainusage(D,A).
(r41) verbgroup(A,B) :- memberofdomainregion(F,A), memberofdomainusage(E,F), alsosee(F,C), similarto(D,B).
(r42) verbgroup(A,B) :- haspart(D,C), similarto(C,B), membermeronym(A,E).
(r43) verbgroup(A,B) :- alsosee(D,B), similarto(A,E), derivationallyrelatedform(B,C).
(r44) verbgroup(A,B) :- haspart(C,D), haspart(F,A), alsosee(F,C), synsetdomaintopicof(B,E).
(r45) verbgroup(A,B) :- instancehypernym(F,B), alsosee(F,C), synsetdomaintopicof(A,D), synsetdomaintopicof(E,B).
(r46) verbgroup(A,B) :- alsosee(D,E), memberofdomainregion(D,B), hypernym(A,C).
(r47) verbgroup(A,B) :- haspart(A,E), memberofdomainregion(B,D), instancehypernym(D,C).
(r48) verbgroup(A,B) :- membermeronym(D,B), derivationallyrelatedform(B,A), similarto(B,C), similarto(A,C).
(r49) verbgroup(A,B) :- hypernym(E,F), alsosee(F,C), derivationallyrelatedform(B,E), memberofdomainregion(D,A).
(r50) verbgroup(A,B) :- synsetdomaintopicof(E,D), membermeronym(A,E), similarto(B,C), memberofdomainusage(E,A).
(r51) verbgroup(A,B) :- hypernym(D,F), alsosee(F,C), derivationallyrelatedform(A,D), synsetdomaintopicof(E,B).
(r52) verbgroup(A,B) :- hypernym(D,A), haspart(A,D), similarto(B,C), instancehypernym(B,C).
(r53) verbgroup(A,B) :- memberofdomainregion(B,E), alsosee(F,C), synsetdomaintopicof(F,E), membermeronym(D,A).
(r54) verbgroup(A,B) :- alsosee(D,E), memberofdomainregion(B,E), alsosee(F,C), instancehypernym(A,C).
(r55) verbgroup(A,B) :- memberofdomainusage(E,D), similarto(B,C), haspart(A,D), similarto(D,C).
(r56) verbgroup(A,B) :- memberofdomainregion(A,E), membermeronym(D,C), similarto(B,C), synsetdomaintopicof(F,C).
(r57) verbgroup(A,B) :- synsetdomaintopicof(E,A), memberofdomainusage(B,E), similarto(B,C), hypernym(A,D).
(r58) verbgroup(A,B) :- alsosee(C,A), memberofdomainusage(E,B), membermeronym(D,A).
(r59) verbgroup(A,B) :- memberofdomainregion(C,B), synsetdomaintopicof(A,B), alsosee(B,D).
(r60) verbgroup(A,B) :- alsosee(F,C), similarto(D,B), membermeronym(A,C), memberofdomainregion(F,E).
(r61) verbgroup(A,B) :- derivationallyrelatedform(A,D), synsetdomaintopicof(C,A), similarto(B,C), alsosee(E,A).
(r62) verbgroup(A,B) :- alsosee(B,A), memberofdomainusage(A,D), haspart(E,A), similarto(B,C).
(r63) verbgroup(A,B) :- alsosee(F,C), synsetdomaintopicof(B,D), haspart(E,A), hypernym(C,E).
(r64) verbgroup(A,B) :- instancehypernym(B,D), synsetdomaintopicof(E,A), alsosee(F,C), memberofdomainregion(B,C).
(r65) verbgroup(A,B) :- derivationallyrelatedform(C,A), synsetdomaintopicof(D,B), similarto(B,C), synsetdomaintopicof(A,B).
(r66) verbgroup(A,B) :- instancehypernym(D,E), alsosee(F,C), memberofdomainusage(B,D), haspart(F,A).
(r67) verbgroup(A,B) :- synsetdomaintopicof(B,C), membermeronym(C,D), hypernym(A,B).
(r68) verbgroup(A,B) :- similarto(C,B), haspart(D,A), similarto(B,C), memberofdomainregion(C,B).
(r69) verbgroup(A,B) :- memberofdomainusage(A,C), similarto(D,B), membermeronym(D,C), similarto(B,C).
(r70) verbgroup(A,B) :- haspart(D,F), alsosee(F,C), derivationallyrelatedform(E,B), membermeronym(A,F).
(r71) verbgroup(A,B) :- instancehypernym(E,A), hypernym(F,D), alsosee(F,C), haspart(D,B).
(r72) verbgroup(A,B) :- haspart(D,B), instancehypernym(A,B), similarto(B,C), hypernym(C,E).
(r73) verbgroup(A,B) :- derivationallyrelatedform(D,A), similarto(C,B), memberofdomainregion(D,E).
(r74) verbgroup(A,B) :- alsosee(E,B), instancehypernym(B,A), similarto(D,B), similarto(B,C).
(r75) verbgroup(A,B) :- alsosee(F,C), alsosee(D,F), hypernym(F,B), memberofdomainusage(E,A).
(r76) verbgroup(A,B) :- haspart(C,B), memberofdomainregion(A,D), synsetdomaintopicof(A,E).
(r77) verbgroup(A,B) :- similarto(A,E), similarto(D,A), synsetdomaintopicof(C,E), similarto(B,C).
(r78) verbgroup(A,B) :- similarto(B,D), memberofdomainregion(B,D), similarto(B,C), instancehypernym(A,C).
(r79) verbgroup(A,B) :- memberofdomainregion(B,E), haspart(F,D), alsosee(F,C), derivationallyrelatedform(F,A).
(r80) verbgroup(A,B) :- similarto(D,E), instancehypernym(F,B), alsosee(F,C), membermeronym(E,A).
(r81) verbgroup(A,B) :- membermeronym(D,B), similarto(F,D), similarto(B,C), alsosee(E,A).
(r82) verbgroup(A,B) :- memberofdomainregion(F,D), alsosee(F,C), memberofdomainregion(A,F), memberofdomainregion(E,B).
(r83) verbgroup(A,B) :- similarto(C,D), similarto(C,B), instancehypernym(A,C).
(r84) verbgroup(A,B) :- synsetdomaintopicof(E,C), similarto(B,C), haspart(A,D), membermeronym(B,F).
(r85) verbgroup(A,B) :- alsosee(F,C), synsetdomaintopicof(B,D), haspart(B,E), membermeronym(A,F).
(r86) verbgroup(A,B) :- synsetdomaintopicof(A,F), haspart(D,A), similarto(B,C), hypernym(E,C).
(r87) verbgroup(A,B) :- similarto(A,D), synsetdomaintopicof(E,A), instancehypernym(E,F), similarto(B,C).
(r88) verbgroup(A,B) :- derivationallyrelatedform(B,D), haspart(E,A), similarto(B,C).
(r89) verbgroup(A,B) :- memberofdomainregion(C,B), similarto(A,E), memberofdomainusage(D,A).
(r90) verbgroup(A,B) :- alsosee(A,D), memberofdomainregion(C,B), similarto(B,C), hypernym(C,E).
(r91) verbgroup(A,B) :- alsosee(F,C), membermeronym(B,C), haspart(A,D), memberofdomainregion(E,B).
(r92) verbgroup(A,B) :- memberofdomainregion(D,B), similarto(A,B), hypernym(E,A), similarto(B,C).
(r93) verbgroup(A,B) :- memberofdomainusage(D,A), synsetdomaintopicof(E,B), similarto(D,C).
(r94) verbgroup(A,B) :- derivationallyrelatedform(D,A), hypernym(E,A), similarto(B,C).
(r95) verbgroup(A,B) :- alsosee(F,C), synsetdomaintopicof(F,B), similarto(A,E), memberofdomainregion(D,E).
(r96) verbgroup(A,B) :- instancehypernym(B,D), alsosee(A,C), similarto(B,C), memberofdomainusage(A,E).
(r97) verbgroup(A,B) :- similarto(B,D), alsosee(F,C), hypernym(C,A), synsetdomaintopicof(F,E).
(r98) verbgroup(A,B) :- membermeronym(A,D), synsetdomaintopicof(D,A), derivationallyrelatedform(C,D), similarto(B,C).
(r99) verbgroup(A,B) :- memberofdomainusage(E,B), instancehypernym(C,A), membermeronym(D,B).
(r100) verbgroup(A,B) :- instancehypernym(D,E), membermeronym(C,B), similarto(E,A).
====================
MaxSAT solving... (3255 vars, 14345 hard, 1017 soft)
number of rules: 102
program size: 437
(inv1) inv1(X1,X2,X3,X4,X5,X6) :- membermeronym(X1,X2), similarto(X3,X4), similarto(X5,X6).
(inv2) inv2(X1,X2,X3,X4,X5,X6,X7,X8) :- alsosee(X1,X2), alsosee(X3,X4), memberofdomainregion(X5,X6), memberofdomainregion(X7,X8).
(r1) verbgroup(A,B) :- inv1(D,B,B,C,B,C), haspart(D,B), alsosee(D,A).
(r2) verbgroup(A,B) :- inv1(D,B,B,C,B,C), hypernym(D,C), synsetdomaintopicof(A,E).
(r3) verbgroup(A,B) :- inv1(E,B,A,D,A,D), alsosee(F,B), alsosee(F,C).
(r4) verbgroup(A,B) :- derivationallyrelatedform(D,A), derivationallyrelatedform(A,E), similarto(B,C), instancehypernym(B,C).
(r5) verbgroup(A,B) :- synsetdomaintopicof(E,C), memberofdomainregion(D,A), similarto(B,C), synsetdomaintopicof(D,B).
(r6) verbgroup(A,B) :- alsosee(A,D), alsosee(E,B), synsetdomaintopicof(D,E), similarto(B,C).
(r7) verbgroup(A,B) :- inv1(B,D,B,C,A,C), instancehypernym(E,A).
(r8) verbgroup(A,B) :- hypernym(B,C), hypernym(C,A), synsetdomaintopicof(C,B).
(r9) verbgroup(A,B) :- haspart(E,F), hypernym(E,B), alsosee(F,C), haspart(D,A).
(r10) verbgroup(A,B) :- instancehypernym(D,C), alsosee(F,C), alsosee(E,A), alsosee(B,D).
(r11) verbgroup(A,B) :- hypernym(A,D), memberofdomainregion(A,C), hypernym(A,B).
(r12) verbgroup(A,B) :- memberofdomainusage(E,D), hypernym(C,A), haspart(E,B).
(r13) verbgroup(A,B) :- inv2(F,B,F,C,A,D,A,D), hypernym(E,B).
(r14) verbgroup(A,B) :- derivationallyrelatedform(B,D), haspart(A,E), hypernym(F,B), similarto(B,C).
(r15) verbgroup(A,B) :- similarto(F,A), derivationallyrelatedform(A,D), alsosee(F,C), synsetdomaintopicof(B,E).
(r16) verbgroup(A,B) :- inv1(A,B,B,C,B,C), inv2(D,E,D,E,D,B,D,B).
(r17) verbgroup(A,B) :- derivationallyrelatedform(C,B), memberofdomainusage(A,D), instancehypernym(A,E).
(r18) verbgroup(A,B) :- memberofdomainusage(E,B), derivationallyrelatedform(D,A), instancehypernym(B,C).
(r19) verbgroup(A,B) :- derivationallyrelatedform(F,E), synsetdomaintopicof(A,D), hypernym(F,B), similarto(B,C).
(r20) verbgroup(A,B) :- synsetdomaintopicof(C,A), derivationallyrelatedform(A,C), alsosee(B,D).
(r21) verbgroup(A,B) :- alsosee(B,C), similarto(A,E), hypernym(D,C).
(r22) verbgroup(A,B) :- inv2(F,C,F,C,E,A,E,A), similarto(C,D), similarto(D,B).
(r23) verbgroup(A,B) :- synsetdomaintopicof(D,C), instancehypernym(C,A), alsosee(F,C), alsosee(E,B).
(r24) verbgroup(A,B) :- inv1(C,D,B,C,B,C), hypernym(F,E), synsetdomaintopicof(A,E).
(r25) verbgroup(A,B) :- inv1(D,B,D,A,B,C), memberofdomainregion(E,A).
(r26) verbgroup(A,B) :- alsosee(E,F), alsosee(F,C), haspart(B,D), memberofdomainusage(E,A).
(r27) verbgroup(A,B) :- instancehypernym(C,D), alsosee(F,C), derivationallyrelatedform(E,B), derivationallyrelatedform(F,A).
(r28) verbgroup(A,B) :- instancehypernym(B,D), alsosee(A,C), derivationallyrelatedform(A,C).
(r29) verbgroup(A,B) :- hypernym(D,F), alsosee(F,C), similarto(A,E), hypernym(C,B).
(r30) verbgroup(A,B) :- inv2(F,C,F,C,C,B,C,B), membermeronym(B,E), memberofdomainusage(A,D).
(r31) verbgroup(A,B) :- inv1(D,A,A,C,A,C), alsosee(E,B).
(r32) verbgroup(A,B) :- haspart(D,F), instancehypernym(F,E), memberofdomainregion(A,E), similarto(B,C).
(r33) verbgroup(A,B) :- alsosee(F,C), derivationallyrelatedform(D,B), derivationallyrelatedform(A,C), alsosee(E,D).
(r34) verbgroup(A,B) :- hypernym(D,B), haspart(A,F), similarto(B,C), hypernym(D,E).
(r35) verbgroup(A,B) :- derivationallyrelatedform(D,A), instancehypernym(E,B), similarto(D,B), similarto(B,C).
(r36) verbgroup(A,B) :- memberofdomainusage(F,B), instancehypernym(E,D), similarto(B,C), memberofdomainusage(A,E).
(r37) verbgroup(A,B) :- haspart(A,E), similarto(F,D), similarto(B,C), similarto(B,F).
(r38) verbgroup(A,B) :- inv1(B,D,B,C,B,C), instancehypernym(C,F), alsosee(E,A).
(r39) verbgroup(A,B) :- synsetdomaintopicof(B,C), hypernym(C,D), membermeronym(A,D).
(r40) verbgroup(A,B) :- synsetdomaintopicof(B,D), memberofdomainusage(C,A), memberofdomainusage(D,A).
(r41) verbgroup(A,B) :- inv2(F,C,F,C,F,A,F,A), memberofdomainusage(E,F), similarto(D,B).
(r42) verbgroup(A,B) :- inv1(A,E,C,B,C,B), haspart(D,C).
(r43) verbgroup(A,B) :- alsosee(D,B), similarto(A,E), derivationallyrelatedform(B,C).
(r44) verbgroup(A,B) :- haspart(C,D), haspart(F,A), alsosee(F,C), synsetdomaintopicof(B,E).
(r45) verbgroup(A,B) :- instancehypernym(F,B), alsosee(F,C), synsetdomaintopicof(A,D), synsetdomaintopicof(E,B).
(r46) verbgroup(A,B) :- inv2(D,E,D,E,D,B,D,B), hypernym(A,C).
(r47) verbgroup(A,B) :- haspart(A,E), memberofdomainregion(B,D), instancehypernym(D,C).
(r48) verbgroup(A,B) :- inv1(D,B,B,C,A,C), derivationallyrelatedform(B,A).
(r49) verbgroup(A,B) :- inv2(F,C,F,C,D,A,D,A), hypernym(E,F), derivationallyrelatedform(B,E).
(r50) verbgroup(A,B) :- inv1(A,E,B,C,B,C), synsetdomaintopicof(E,D), memberofdomainusage(E,A).
(r51) verbgroup(A,B) :- hypernym(D,F), alsosee(F,C), derivationallyrelatedform(A,D), synsetdomaintopicof(E,B).
(r52) verbgroup(A,B) :- hypernym(D,A), haspart(A,D), similarto(B,C), instancehypernym(B,C).
(r53) verbgroup(A,B) :- inv2(F,C,F,C,B,E,B,E), synsetdomaintopicof(F,E), membermeronym(D,A).
(r54) verbgroup(A,B) :- inv2(D,E,F,C,B,E,B,E), instancehypernym(A,C).
(r55) verbgroup(A,B) :- memberofdomainusage(E,D), similarto(B,C), haspart(A,D), similarto(D,C).
(r56) verbgroup(A,B) :- inv1(D,C,B,C,B,C), memberofdomainregion(A,E), synsetdomaintopicof(F,C).
(r57) verbgroup(A,B) :- synsetdomaintopicof(E,A), memberofdomainusage(B,E), similarto(B,C), hypernym(A,D).
(r58) verbgroup(A,B) :- alsosee(C,A), memberofdomainusage(E,B), membermeronym(D,A).
(r59) verbgroup(A,B) :- inv2(B,D,B,D,C,B,C,B), synsetdomaintopicof(A,B).
(r60) verbgroup(A,B) :- inv1(A,C,D,B,D,B), inv2(F,C,F,C,F,E,F,E).
(r61) verbgroup(A,B) :- derivationallyrelatedform(A,D), synsetdomaintopicof(C,A), similarto(B,C), alsosee(E,A).
(r62) verbgroup(A,B) :- alsosee(B,A), memberofdomainusage(A,D), haspart(E,A), similarto(B,C).
(r63) verbgroup(A,B) :- alsosee(F,C), synsetdomaintopicof(B,D), haspart(E,A), hypernym(C,E).
(r64) verbgroup(A,B) :- inv2(F,C,F,C,B,C,B,C), instancehypernym(B,D), synsetdomaintopicof(E,A).
(r65) verbgroup(A,B) :- derivationallyrelatedform(C,A), synsetdomaintopicof(D,B), similarto(B,C), synsetdomaintopicof(A,B).
(r66) verbgroup(A,B) :- instancehypernym(D,E), alsosee(F,C), memberofdomainusage(B,D), haspart(F,A).
(r67) verbgroup(A,B) :- synsetdomaintopicof(B,C), membermeronym(C,D), hypernym(A,B).
(r68) verbgroup(A,B) :- similarto(C,B), haspart(D,A), similarto(B,C), memberofdomainregion(C,B).
(r69) verbgroup(A,B) :- inv1(D,C,D,B,B,C), memberofdomainusage(A,C).
(r70) verbgroup(A,B) :- haspart(D,F), alsosee(F,C), derivationallyrelatedform(E,B), membermeronym(A,F).
(r71) verbgroup(A,B) :- instancehypernym(E,A), hypernym(F,D), alsosee(F,C), haspart(D,B).
(r72) verbgroup(A,B) :- haspart(D,B), instancehypernym(A,B), similarto(B,C), hypernym(C,E).
(r73) verbgroup(A,B) :- derivationallyrelatedform(D,A), similarto(C,B), memberofdomainregion(D,E).
(r74) verbgroup(A,B) :- alsosee(E,B), instancehypernym(B,A), similarto(D,B), similarto(B,C).
(r75) verbgroup(A,B) :- alsosee(F,C), alsosee(D,F), hypernym(F,B), memberofdomainusage(E,A).
(r76) verbgroup(A,B) :- haspart(C,B), memberofdomainregion(A,D), synsetdomaintopicof(A,E).
(r77) verbgroup(A,B) :- similarto(A,E), similarto(D,A), synsetdomaintopicof(C,E), similarto(B,C).
(r78) verbgroup(A,B) :- similarto(B,D), memberofdomainregion(B,D), similarto(B,C), instancehypernym(A,C).
(r79) verbgroup(A,B) :- inv2(F,C,F,C,B,E,B,E), haspart(F,D), derivationallyrelatedform(F,A).
(r80) verbgroup(A,B) :- inv1(E,A,D,E,D,E), instancehypernym(F,B), alsosee(F,C).
(r81) verbgroup(A,B) :- inv1(D,B,F,D,B,C), alsosee(E,A).
(r82) verbgroup(A,B) :- inv2(F,C,F,C,F,D,A,F), memberofdomainregion(E,B).
(r83) verbgroup(A,B) :- similarto(C,D), similarto(C,B), instancehypernym(A,C).
(r84) verbgroup(A,B) :- inv1(B,F,B,C,B,C), synsetdomaintopicof(E,C), haspart(A,D).
(r85) verbgroup(A,B) :- alsosee(F,C), synsetdomaintopicof(B,D), haspart(B,E), membermeronym(A,F).
(r86) verbgroup(A,B) :- synsetdomaintopicof(A,F), haspart(D,A), similarto(B,C), hypernym(E,C).
(r87) verbgroup(A,B) :- similarto(A,D), synsetdomaintopicof(E,A), instancehypernym(E,F), similarto(B,C).
(r88) verbgroup(A,B) :- derivationallyrelatedform(B,D), haspart(E,A), similarto(B,C).
(r89) verbgroup(A,B) :- memberofdomainregion(C,B), similarto(A,E), memberofdomainusage(D,A).
(r90) verbgroup(A,B) :- inv2(A,D,A,D,C,B,C,B), similarto(B,C), hypernym(C,E).
(r91) verbgroup(A,B) :- inv2(F,C,F,C,E,B,E,B), membermeronym(B,C), haspart(A,D).
(r92) verbgroup(A,B) :- memberofdomainregion(D,B), similarto(A,B), hypernym(E,A), similarto(B,C).
(r93) verbgroup(A,B) :- memberofdomainusage(D,A), synsetdomaintopicof(E,B), similarto(D,C).
(r94) verbgroup(A,B) :- derivationallyrelatedform(D,A), hypernym(E,A), similarto(B,C).
(r95) verbgroup(A,B) :- inv2(F,C,F,C,D,E,D,E), synsetdomaintopicof(F,B), similarto(A,E).
(r96) verbgroup(A,B) :- instancehypernym(B,D), alsosee(A,C), similarto(B,C), memberofdomainusage(A,E).
(r97) verbgroup(A,B) :- similarto(B,D), alsosee(F,C), hypernym(C,A), synsetdomaintopicof(F,E).
(r98) verbgroup(A,B) :- inv1(A,D,B,C,B,C), synsetdomaintopicof(D,A), derivationallyrelatedform(C,D).
(r99) verbgroup(A,B) :- memberofdomainusage(E,B), instancehypernym(C,A), membermeronym(D,B).
(r100) verbgroup(A,B) :- inv1(C,B,E,A,E,A), instancehypernym(D,E).
====================
