number of rules: 60
program size: 287
(r1) memberofdomainregion(A,B) :- alsosee(B,F), derivationallyrelatedform(D,B), membermeronym(A,E), membermeronym(F,C).
(r2) memberofdomainregion(A,B) :- membermeronym(F,C), instancehypernym(E,B), membermeronym(A,D), hypernym(D,F).
(r3) memberofdomainregion(A,B) :- verbgroup(E,A), instancehypernym(A,D), alsosee(B,C), haspart(B,C).
(r4) memberofdomainregion(A,B) :- hypernym(B,E), instancehypernym(A,D), membermeronym(C,A).
(r5) memberofdomainregion(A,B) :- instancehypernym(B,A), memberofdomainusage(A,D), haspart(B,C), haspart(A,E).
(r6) memberofdomainregion(A,B) :- similarto(A,D), haspart(B,C), alsosee(C,E), membermeronym(E,D).
(r7) memberofdomainregion(A,B) :- membermeronym(A,E), alsosee(B,D), instancehypernym(E,A), haspart(B,C).
(r8) memberofdomainregion(A,B) :- alsosee(E,C), memberofdomainusage(B,E), alsosee(A,D), haspart(B,C).
(r9) memberofdomainregion(A,B) :- membermeronym(F,C), memberofdomainusage(E,F), membermeronym(A,D), verbgroup(E,B).
(r10) memberofdomainregion(A,B) :- memberofdomainusage(D,B), haspart(E,A), verbgroup(B,E), haspart(B,C).
(r11) memberofdomainregion(A,B) :- membermeronym(F,C), alsosee(D,B), instancehypernym(E,A), memberofdomainusage(C,D).
(r12) memberofdomainregion(A,B) :- instancehypernym(D,B), derivationallyrelatedform(B,E), derivationallyrelatedform(A,B), haspart(B,C).
(r13) memberofdomainregion(A,B) :- verbgroup(D,A), synsetdomaintopicof(A,D), derivationallyrelatedform(C,A), haspart(B,C).
(r14) memberofdomainregion(A,B) :- haspart(A,E), membermeronym(F,C), hypernym(C,B), verbgroup(D,C).
(r15) memberofdomainregion(A,B) :- membermeronym(F,C), hypernym(E,A), haspart(D,C), alsosee(F,B).
(r16) memberofdomainregion(A,B) :- synsetdomaintopicof(A,D), haspart(B,C), similarto(E,B), memberofdomainusage(E,D).
(r17) memberofdomainregion(A,B) :- memberofdomainusage(B,F), synsetdomaintopicof(E,B), hypernym(A,D), haspart(B,C).
(r18) memberofdomainregion(A,B) :- membermeronym(C,F), membermeronym(B,E), haspart(B,C), verbgroup(A,D).
(r19) memberofdomainregion(A,B) :- instancehypernym(D,B), haspart(B,C), instancehypernym(F,A), membermeronym(E,A).
(r20) memberofdomainregion(A,B) :- alsosee(A,E), membermeronym(C,E), memberofdomainusage(B,D).
(r21) memberofdomainregion(A,B) :- synsetdomaintopicof(C,D), instancehypernym(B,D), membermeronym(A,D).
(r22) memberofdomainregion(A,B) :- membermeronym(A,C), alsosee(B,D), haspart(C,B).
(r23) memberofdomainregion(A,B) :- alsosee(D,A), haspart(C,E), haspart(B,C), hypernym(A,D).
(r24) memberofdomainregion(A,B) :- similarto(A,D), instancehypernym(D,A), haspart(B,C), similarto(D,A).
(r25) memberofdomainregion(A,B) :- derivationallyrelatedform(B,D), verbgroup(D,B), haspart(B,C), memberofdomainusage(A,B).
(r26) memberofdomainregion(A,B) :- synsetdomaintopicof(D,A), derivationallyrelatedform(E,F), membermeronym(F,C), hypernym(C,B).
(r27) memberofdomainregion(A,B) :- instancehypernym(D,B), instancehypernym(C,E), haspart(B,C), haspart(A,E).
(r28) memberofdomainregion(A,B) :- membermeronym(A,C), hypernym(A,E), haspart(B,C), alsosee(A,D).
(r29) memberofdomainregion(A,B) :- similarto(E,D), derivationallyrelatedform(A,D), memberofdomainusage(A,C), haspart(B,C).
(r30) memberofdomainregion(A,B) :- synsetdomaintopicof(A,C), memberofdomainusage(B,D), similarto(C,A).
(r31) memberofdomainregion(A,B) :- hypernym(A,D), derivationallyrelatedform(C,D), haspart(B,C), alsosee(E,A).
(r32) memberofdomainregion(A,B) :- haspart(B,D), hypernym(A,D), instancehypernym(A,C).
(r33) memberofdomainregion(A,B) :- verbgroup(C,A), membermeronym(A,E), haspart(B,C), membermeronym(C,D).
(r34) memberofdomainregion(A,B) :- haspart(C,D), membermeronym(F,C), memberofdomainusage(E,B), haspart(C,A).
(r35) memberofdomainregion(A,B) :- membermeronym(F,C), memberofdomainusage(F,B), similarto(E,B), alsosee(A,D).
(r36) memberofdomainregion(A,B) :- hypernym(E,B), synsetdomaintopicof(A,D), haspart(B,C), memberofdomainusage(F,D).
(r37) memberofdomainregion(A,B) :- verbgroup(A,E), derivationallyrelatedform(C,D), haspart(B,C), hypernym(A,D).
(r38) memberofdomainregion(A,B) :- membermeronym(F,C), instancehypernym(F,B), instancehypernym(D,A), membermeronym(E,A).
(r39) memberofdomainregion(A,B) :- membermeronym(F,C), haspart(A,D), verbgroup(E,B), alsosee(C,D).
(r40) memberofdomainregion(A,B) :- derivationallyrelatedform(E,D), memberofdomainusage(A,C), verbgroup(B,E).
(r41) memberofdomainregion(A,B) :- instancehypernym(E,B), alsosee(E,F), membermeronym(A,D), haspart(B,C).
(r42) memberofdomainregion(A,B) :- membermeronym(A,C), derivationallyrelatedform(D,B), alsosee(D,B).
(r43) memberofdomainregion(A,B) :- synsetdomaintopicof(E,A), haspart(A,D), synsetdomaintopicof(C,F), haspart(B,C).
(r44) memberofdomainregion(A,B) :- similarto(C,B), haspart(E,A), synsetdomaintopicof(D,B).
(r45) memberofdomainregion(A,B) :- synsetdomaintopicof(E,B), verbgroup(C,D), haspart(B,C), haspart(A,E).
(r46) memberofdomainregion(A,B) :- alsosee(A,E), hypernym(D,C), haspart(B,C), membermeronym(C,D).
(r47) memberofdomainregion(A,B) :- synsetdomaintopicof(A,D), alsosee(D,B), memberofdomainusage(D,E), haspart(B,C).
(r48) memberofdomainregion(A,B) :- instancehypernym(C,B), synsetdomaintopicof(D,A), hypernym(E,A).
(r49) memberofdomainregion(A,B) :- verbgroup(B,D), hypernym(A,C), memberofdomainusage(A,B).
(r50) memberofdomainregion(A,B) :- haspart(D,B), hypernym(A,C), memberofdomainusage(E,B), haspart(B,C).
(r51) memberofdomainregion(A,B) :- synsetdomaintopicof(B,D), derivationallyrelatedform(D,E), derivationallyrelatedform(A,C).
(r52) memberofdomainregion(A,B) :- synsetdomaintopicof(A,D), alsosee(A,E), haspart(B,C), synsetdomaintopicof(D,B).
(r53) memberofdomainregion(A,B) :- membermeronym(F,C), synsetdomaintopicof(E,A), hypernym(C,B), membermeronym(D,E).
(r54) memberofdomainregion(A,B) :- similarto(E,A), memberofdomainusage(B,E), membermeronym(A,D), haspart(B,C).
(r55) memberofdomainregion(A,B) :- hypernym(C,E), membermeronym(F,C), similarto(A,D), instancehypernym(E,B).
(r56) memberofdomainregion(A,B) :- similarto(A,E), verbgroup(B,C), verbgroup(D,B), haspart(B,C).
(r57) memberofdomainregion(A,B) :- membermeronym(F,C), hypernym(E,A), derivationallyrelatedform(B,D), instancehypernym(D,C).
(r58) memberofdomainregion(A,B) :- memberofdomainusage(A,E), haspart(A,D), haspart(B,C), alsosee(D,F).
(r59) memberofdomainregion(A,B) :- synsetdomaintopicof(C,B), derivationallyrelatedform(D,A), membermeronym(E,D).
(r60) memberofdomainregion(A,B) :- membermeronym(F,C), similarto(A,D), synsetdomaintopicof(B,C), haspart(E,C).
====================
MaxSAT solving... (1413 vars, 5393 hard, 505 soft)
number of rules: 62
program size: 261
(inv1) inv1(X1,X2,X3,X4,X5,X6) :- memberofdomainusage(X1,X2), haspart(X3,X4), haspart(X5,X6).
(inv2) inv2(X1,X2,X3,X4,X5,X6) :- membermeronym(X1,X2), alsosee(X3,X4), haspart(X5,X6).
(r1) memberofdomainregion(A,B) :- alsosee(B,F), derivationallyrelatedform(D,B), membermeronym(A,E), membermeronym(F,C).
(r2) memberofdomainregion(A,B) :- membermeronym(F,C), instancehypernym(E,B), membermeronym(A,D), hypernym(D,F).
(r3) memberofdomainregion(A,B) :- verbgroup(E,A), instancehypernym(A,D), alsosee(B,C), haspart(B,C).
(r4) memberofdomainregion(A,B) :- hypernym(B,E), instancehypernym(A,D), membermeronym(C,A).
(r5) memberofdomainregion(A,B) :- inv1(A,D,B,C,A,E), instancehypernym(B,A).
(r6) memberofdomainregion(A,B) :- inv2(E,D,C,E,B,C), similarto(A,D).
(r7) memberofdomainregion(A,B) :- inv2(A,E,B,D,B,C), instancehypernym(E,A).
(r8) memberofdomainregion(A,B) :- inv1(B,E,B,C,B,C), alsosee(E,C), alsosee(A,D).
(r9) memberofdomainregion(A,B) :- membermeronym(F,C), memberofdomainusage(E,F), membermeronym(A,D), verbgroup(E,B).
(r10) memberofdomainregion(A,B) :- inv1(D,B,E,A,B,C), verbgroup(B,E).
(r11) memberofdomainregion(A,B) :- membermeronym(F,C), alsosee(D,B), instancehypernym(E,A), memberofdomainusage(C,D).
(r12) memberofdomainregion(A,B) :- instancehypernym(D,B), derivationallyrelatedform(B,E), derivationallyrelatedform(A,B), haspart(B,C).
(r13) memberofdomainregion(A,B) :- verbgroup(D,A), synsetdomaintopicof(A,D), derivationallyrelatedform(C,A), haspart(B,C).
(r14) memberofdomainregion(A,B) :- haspart(A,E), membermeronym(F,C), hypernym(C,B), verbgroup(D,C).
(r15) memberofdomainregion(A,B) :- inv2(F,C,F,B,D,C), hypernym(E,A).
(r16) memberofdomainregion(A,B) :- inv1(E,D,B,C,B,C), synsetdomaintopicof(A,D), similarto(E,B).
(r17) memberofdomainregion(A,B) :- inv1(B,F,B,C,B,C), synsetdomaintopicof(E,B), hypernym(A,D).
(r18) memberofdomainregion(A,B) :- membermeronym(C,F), membermeronym(B,E), haspart(B,C), verbgroup(A,D).
(r19) memberofdomainregion(A,B) :- instancehypernym(D,B), haspart(B,C), instancehypernym(F,A), membermeronym(E,A).
(r20) memberofdomainregion(A,B) :- alsosee(A,E), membermeronym(C,E), memberofdomainusage(B,D).
(r21) memberofdomainregion(A,B) :- synsetdomaintopicof(C,D), instancehypernym(B,D), membermeronym(A,D).
(r22) memberofdomainregion(A,B) :- inv2(A,C,B,D,C,B).
(r23) memberofdomainregion(A,B) :- alsosee(D,A), haspart(C,E), haspart(B,C), hypernym(A,D).
(r24) memberofdomainregion(A,B) :- similarto(A,D), instancehypernym(D,A), haspart(B,C), similarto(D,A).
(r25) memberofdomainregion(A,B) :- inv1(A,B,B,C,B,C), derivationallyrelatedform(B,D), verbgroup(D,B).
(r26) memberofdomainregion(A,B) :- synsetdomaintopicof(D,A), derivationallyrelatedform(E,F), membermeronym(F,C), hypernym(C,B).
(r27) memberofdomainregion(A,B) :- instancehypernym(D,B), instancehypernym(C,E), haspart(B,C), haspart(A,E).
(r28) memberofdomainregion(A,B) :- inv2(A,C,A,D,B,C), hypernym(A,E).
(r29) memberofdomainregion(A,B) :- inv1(A,C,B,C,B,C), similarto(E,D), derivationallyrelatedform(A,D).
(r30) memberofdomainregion(A,B) :- synsetdomaintopicof(A,C), memberofdomainusage(B,D), similarto(C,A).
(r31) memberofdomainregion(A,B) :- hypernym(A,D), derivationallyrelatedform(C,D), haspart(B,C), alsosee(E,A).
(r32) memberofdomainregion(A,B) :- haspart(B,D), hypernym(A,D), instancehypernym(A,C).
(r33) memberofdomainregion(A,B) :- verbgroup(C,A), membermeronym(A,E), haspart(B,C), membermeronym(C,D).
(r34) memberofdomainregion(A,B) :- inv1(E,B,C,D,C,A), membermeronym(F,C).
(r35) memberofdomainregion(A,B) :- membermeronym(F,C), memberofdomainusage(F,B), similarto(E,B), alsosee(A,D).
(r36) memberofdomainregion(A,B) :- inv1(F,D,B,C,B,C), hypernym(E,B), synsetdomaintopicof(A,D).
(r37) memberofdomainregion(A,B) :- verbgroup(A,E), derivationallyrelatedform(C,D), haspart(B,C), hypernym(A,D).
(r38) memberofdomainregion(A,B) :- membermeronym(F,C), instancehypernym(F,B), instancehypernym(D,A), membermeronym(E,A).
(r39) memberofdomainregion(A,B) :- inv2(F,C,C,D,A,D), verbgroup(E,B).
(r40) memberofdomainregion(A,B) :- derivationallyrelatedform(E,D), memberofdomainusage(A,C), verbgroup(B,E).
(r41) memberofdomainregion(A,B) :- inv2(A,D,E,F,B,C), instancehypernym(E,B).
(r42) memberofdomainregion(A,B) :- membermeronym(A,C), derivationallyrelatedform(D,B), alsosee(D,B).
(r43) memberofdomainregion(A,B) :- synsetdomaintopicof(E,A), haspart(A,D), synsetdomaintopicof(C,F), haspart(B,C).
(r44) memberofdomainregion(A,B) :- similarto(C,B), haspart(E,A), synsetdomaintopicof(D,B).
(r45) memberofdomainregion(A,B) :- synsetdomaintopicof(E,B), verbgroup(C,D), haspart(B,C), haspart(A,E).
(r46) memberofdomainregion(A,B) :- inv2(C,D,A,E,B,C), hypernym(D,C).
(r47) memberofdomainregion(A,B) :- inv1(D,E,B,C,B,C), synsetdomaintopicof(A,D), alsosee(D,B).
(r48) memberofdomainregion(A,B) :- instancehypernym(C,B), synsetdomaintopicof(D,A), hypernym(E,A).
(r49) memberofdomainregion(A,B) :- verbgroup(B,D), hypernym(A,C), memberofdomainusage(A,B).
(r50) memberofdomainregion(A,B) :- inv1(E,B,D,B,B,C), hypernym(A,C).
(r51) memberofdomainregion(A,B) :- synsetdomaintopicof(B,D), derivationallyrelatedform(D,E), derivationallyrelatedform(A,C).
(r52) memberofdomainregion(A,B) :- synsetdomaintopicof(A,D), alsosee(A,E), haspart(B,C), synsetdomaintopicof(D,B).
(r53) memberofdomainregion(A,B) :- membermeronym(F,C), synsetdomaintopicof(E,A), hypernym(C,B), membermeronym(D,E).
(r54) memberofdomainregion(A,B) :- inv1(B,E,B,C,B,C), similarto(E,A), membermeronym(A,D).
(r55) memberofdomainregion(A,B) :- hypernym(C,E), membermeronym(F,C), similarto(A,D), instancehypernym(E,B).
(r56) memberofdomainregion(A,B) :- similarto(A,E), verbgroup(B,C), verbgroup(D,B), haspart(B,C).
(r57) memberofdomainregion(A,B) :- membermeronym(F,C), hypernym(E,A), derivationallyrelatedform(B,D), instancehypernym(D,C).
(r58) memberofdomainregion(A,B) :- inv1(A,E,A,D,B,C), alsosee(D,F).
(r59) memberofdomainregion(A,B) :- synsetdomaintopicof(C,B), derivationallyrelatedform(D,A), membermeronym(E,D).
(r60) memberofdomainregion(A,B) :- membermeronym(F,C), similarto(A,D), synsetdomaintopicof(B,C), haspart(E,C).
====================
