number of rules: 190
program size: 900
(r1) memberofdomainregion(A,B) :- alsosee(B,C), derivationallyrelatedform(E,A), verbgroup(D,B), haspart(B,C).
(r2) memberofdomainregion(A,B) :- derivationallyrelatedform(D,F), alsosee(F,E), alsosee(A,D), haspart(B,C).
(r3) memberofdomainregion(A,B) :- membermeronym(F,C), instancehypernym(D,A), membermeronym(D,E), synsetdomaintopicof(B,F).
(r4) memberofdomainregion(A,B) :- hypernym(E,D), haspart(C,A), membermeronym(B,D).
(r5) memberofdomainregion(A,B) :- synsetdomaintopicof(A,E), membermeronym(B,E), derivationallyrelatedform(D,A), haspart(B,C).
(r6) memberofdomainregion(A,B) :- memberofdomainusage(B,A), membermeronym(D,A), haspart(C,B).
(r7) memberofdomainregion(A,B) :- haspart(C,D), derivationallyrelatedform(C,A), haspart(C,B).
(r8) memberofdomainregion(A,B) :- membermeronym(F,C), similarto(B,D), verbgroup(B,E), derivationallyrelatedform(A,C).
(r9) memberofdomainregion(A,B) :- similarto(A,E), haspart(B,C), memberofdomainusage(D,A), membermeronym(C,D).
(r10) memberofdomainregion(A,B) :- alsosee(D,C), verbgroup(C,B), verbgroup(A,E), haspart(B,C).
(r11) memberofdomainregion(A,B) :- membermeronym(F,C), derivationallyrelatedform(A,D), verbgroup(B,E), hypernym(D,F).
(r12) memberofdomainregion(A,B) :- alsosee(A,E), verbgroup(D,C), derivationallyrelatedform(C,D), haspart(B,C).
(r13) memberofdomainregion(A,B) :- similarto(B,A), membermeronym(B,D), similarto(B,C).
(r14) memberofdomainregion(A,B) :- similarto(A,B), membermeronym(A,E), instancehypernym(D,E), haspart(B,C).
(r15) memberofdomainregion(A,B) :- instancehypernym(A,D), alsosee(B,E), similarto(A,C).
(r16) memberofdomainregion(A,B) :- alsosee(C,B), membermeronym(F,C), synsetdomaintopicof(C,D), haspart(A,E).
(r17) memberofdomainregion(A,B) :- synsetdomaintopicof(C,E), membermeronym(F,C), haspart(D,A), hypernym(B,F).
(r18) memberofdomainregion(A,B) :- alsosee(D,C), similarto(E,D), haspart(B,C), verbgroup(A,D).
(r19) memberofdomainregion(A,B) :- haspart(B,C), haspart(A,D), verbgroup(E,C), memberofdomainusage(B,D).
(r20) memberofdomainregion(A,B) :- similarto(A,E), memberofdomainusage(F,E), haspart(B,C), hypernym(A,D).
(r21) memberofdomainregion(A,B) :- memberofdomainusage(A,E), instancehypernym(E,D), haspart(B,C), alsosee(E,A).
(r22) memberofdomainregion(A,B) :- memberofdomainusage(D,B), derivationallyrelatedform(A,D), haspart(B,C), similarto(A,C).
(r23) memberofdomainregion(A,B) :- derivationallyrelatedform(A,B), haspart(B,C), haspart(C,B).
(r24) memberofdomainregion(A,B) :- hypernym(E,B), synsetdomaintopicof(D,E), haspart(C,A).
(r25) memberofdomainregion(A,B) :- hypernym(B,C), memberofdomainusage(E,B), verbgroup(A,D).
(r26) memberofdomainregion(A,B) :- membermeronym(D,B), alsosee(B,D), instancehypernym(A,C).
(r27) memberofdomainregion(A,B) :- synsetdomaintopicof(A,D), similarto(F,A), membermeronym(E,F), haspart(B,C).
(r28) memberofdomainregion(A,B) :- synsetdomaintopicof(C,D), membermeronym(F,C), instancehypernym(F,B), haspart(A,E).
(r29) memberofdomainregion(A,B) :- verbgroup(D,A), instancehypernym(B,E), membermeronym(F,C), synsetdomaintopicof(F,A).
(r30) memberofdomainregion(A,B) :- membermeronym(F,C), memberofdomainusage(E,B), membermeronym(A,D), derivationallyrelatedform(F,A).
(r31) memberofdomainregion(A,B) :- instancehypernym(B,E), membermeronym(F,C), derivationallyrelatedform(A,D), verbgroup(C,E).
(r32) memberofdomainregion(A,B) :- instancehypernym(C,E), memberofdomainusage(A,D), haspart(B,C), verbgroup(F,B).
(r33) memberofdomainregion(A,B) :- similarto(E,F), hypernym(D,A), membermeronym(F,C), haspart(B,F).
(r34) memberofdomainregion(A,B) :- memberofdomainusage(E,C), instancehypernym(A,D), similarto(E,B).
(r35) memberofdomainregion(A,B) :- alsosee(A,E), haspart(C,F), haspart(B,D), haspart(B,C).
(r36) memberofdomainregion(A,B) :- haspart(B,A), instancehypernym(E,B), membermeronym(D,B), haspart(B,C).
(r37) memberofdomainregion(A,B) :- hypernym(B,C), memberofdomainusage(A,D), haspart(C,B).
(r38) memberofdomainregion(A,B) :- similarto(A,E), alsosee(D,B), similarto(E,C).
(r39) memberofdomainregion(A,B) :- derivationallyrelatedform(C,B), membermeronym(E,B), haspart(B,C), verbgroup(A,D).
(r40) memberofdomainregion(A,B) :- verbgroup(A,C), membermeronym(F,C), haspart(B,D), instancehypernym(E,C).
(r41) memberofdomainregion(A,B) :- derivationallyrelatedform(D,B), similarto(D,A), hypernym(C,B), haspart(B,C).
(r42) memberofdomainregion(A,B) :- haspart(E,D), membermeronym(F,C), derivationallyrelatedform(F,B), haspart(A,D).
(r43) memberofdomainregion(A,B) :- derivationallyrelatedform(A,E), alsosee(B,C), derivationallyrelatedform(D,E), haspart(B,C).
(r44) memberofdomainregion(A,B) :- alsosee(B,F), memberofdomainusage(E,C), membermeronym(F,C), memberofdomainusage(D,A).
(r45) memberofdomainregion(A,B) :- synsetdomaintopicof(D,A), similarto(A,C), alsosee(C,B).
(r46) memberofdomainregion(A,B) :- instancehypernym(E,B), haspart(B,C), membermeronym(D,E), derivationallyrelatedform(A,C).
(r47) memberofdomainregion(A,B) :- memberofdomainusage(A,E), instancehypernym(C,E), memberofdomainusage(B,D).
(r48) memberofdomainregion(A,B) :- haspart(A,D), membermeronym(A,B), haspart(B,C), alsosee(C,D).
(r49) memberofdomainregion(A,B) :- membermeronym(F,C), similarto(F,E), alsosee(A,D), synsetdomaintopicof(C,B).
(r50) memberofdomainregion(A,B) :- verbgroup(E,D), haspart(B,C), derivationallyrelatedform(D,A), verbgroup(C,E).
(r51) memberofdomainregion(A,B) :- membermeronym(A,C), instancehypernym(C,B), similarto(C,A).
(r52) memberofdomainregion(A,B) :- hypernym(C,D), membermeronym(F,C), haspart(E,A), verbgroup(F,B).
(r53) memberofdomainregion(A,B) :- membermeronym(F,C), alsosee(E,F), verbgroup(A,E), memberofdomainusage(B,D).
(r54) memberofdomainregion(A,B) :- verbgroup(D,A), similarto(A,E), haspart(B,C), derivationallyrelatedform(F,A).
(r55) memberofdomainregion(A,B) :- hypernym(B,D), derivationallyrelatedform(E,B), hypernym(C,A).
(r56) memberofdomainregion(A,B) :- synsetdomaintopicof(A,D), instancehypernym(D,B), memberofdomainusage(E,B), haspart(B,C).
(r57) memberofdomainregion(A,B) :- instancehypernym(A,E), membermeronym(F,C), synsetdomaintopicof(C,D), alsosee(F,B).
(r58) memberofdomainregion(A,B) :- derivationallyrelatedform(D,F), membermeronym(A,E), hypernym(F,C), haspart(B,C).
(r59) memberofdomainregion(A,B) :- derivationallyrelatedform(A,E), verbgroup(A,C), membermeronym(F,C), instancehypernym(B,D).
(r60) memberofdomainregion(A,B) :- verbgroup(F,A), haspart(B,C), hypernym(A,E), instancehypernym(D,C).
(r61) memberofdomainregion(A,B) :- synsetdomaintopicof(C,D), similarto(B,D), instancehypernym(A,C).
(r62) memberofdomainregion(A,B) :- hypernym(F,E), haspart(B,C), hypernym(F,D), instancehypernym(F,A).
(r63) memberofdomainregion(A,B) :- hypernym(E,D), haspart(B,C), alsosee(B,D), instancehypernym(F,A).
(r64) memberofdomainregion(A,B) :- verbgroup(E,D), verbgroup(A,C), memberofdomainusage(E,B).
(r65) memberofdomainregion(A,B) :- similarto(E,D), membermeronym(D,F), similarto(A,D), haspart(B,C).
(r66) memberofdomainregion(A,B) :- membermeronym(F,C), membermeronym(E,B), instancehypernym(F,D), haspart(A,C).
(r67) memberofdomainregion(A,B) :- instancehypernym(D,B), similarto(A,D), derivationallyrelatedform(A,C).
(r68) memberofdomainregion(A,B) :- membermeronym(E,C), membermeronym(F,C), similarto(E,A), derivationallyrelatedform(D,B).
(r69) memberofdomainregion(A,B) :- similarto(D,B), instancehypernym(A,D), alsosee(D,A), haspart(B,C).
(r70) memberofdomainregion(A,B) :- synsetdomaintopicof(E,B), memberofdomainusage(A,D), haspart(B,C), similarto(C,A).
(r71) memberofdomainregion(A,B) :- instancehypernym(D,B), synsetdomaintopicof(F,A), hypernym(E,C), haspart(B,C).
(r72) memberofdomainregion(A,B) :- verbgroup(A,F), alsosee(D,B), instancehypernym(E,D), haspart(B,C).
(r73) memberofdomainregion(A,B) :- hypernym(C,D), synsetdomaintopicof(B,A), haspart(B,C), haspart(A,E).
(r74) memberofdomainregion(A,B) :- verbgroup(B,C), hypernym(A,D), alsosee(B,D).
(r75) memberofdomainregion(A,B) :- synsetdomaintopicof(F,B), membermeronym(A,D), haspart(B,C), synsetdomaintopicof(B,E).
(r76) memberofdomainregion(A,B) :- synsetdomaintopicof(B,A), synsetdomaintopicof(A,E), hypernym(E,D), haspart(B,C).
(r77) memberofdomainregion(A,B) :- derivationallyrelatedform(D,B), alsosee(A,F), haspart(B,C), derivationallyrelatedform(E,C).
(r78) memberofdomainregion(A,B) :- membermeronym(F,C), synsetdomaintopicof(E,A), alsosee(A,D), haspart(C,B).
(r79) memberofdomainregion(A,B) :- synsetdomaintopicof(A,D), membermeronym(D,F), haspart(B,C), membermeronym(E,D).
(r80) memberofdomainregion(A,B) :- membermeronym(F,A), derivationallyrelatedform(B,E), membermeronym(F,C), verbgroup(D,B).
(r81) memberofdomainregion(A,B) :- derivationallyrelatedform(A,E), synsetdomaintopicof(C,D), haspart(B,C), haspart(C,B).
(r82) memberofdomainregion(A,B) :- haspart(C,E), derivationallyrelatedform(D,A), verbgroup(D,B), haspart(B,C).
(r83) memberofdomainregion(A,B) :- haspart(B,C), instancehypernym(A,D), derivationallyrelatedform(B,D), derivationallyrelatedform(D,C).
(r84) memberofdomainregion(A,B) :- haspart(B,A), haspart(C,D), verbgroup(A,D).
(r85) memberofdomainregion(A,B) :- similarto(A,E), derivationallyrelatedform(A,D), hypernym(A,D), haspart(B,C).
(r86) memberofdomainregion(A,B) :- memberofdomainusage(C,B), haspart(B,C), instancehypernym(A,C), verbgroup(C,A).
(r87) memberofdomainregion(A,B) :- membermeronym(A,E), alsosee(F,C), haspart(B,C), verbgroup(D,C).
(r88) memberofdomainregion(A,B) :- derivationallyrelatedform(D,A), derivationallyrelatedform(D,F), verbgroup(A,E), haspart(B,C).
(r89) memberofdomainregion(A,B) :- instancehypernym(B,A), synsetdomaintopicof(B,D), derivationallyrelatedform(C,D).
(r90) memberofdomainregion(A,B) :- hypernym(E,D), haspart(A,D), hypernym(D,C), haspart(B,C).
(r91) memberofdomainregion(A,B) :- verbgroup(E,A), membermeronym(F,C), instancehypernym(F,B), memberofdomainusage(D,A).
(r92) memberofdomainregion(A,B) :- memberofdomainusage(A,E), similarto(E,C), instancehypernym(E,D), haspart(B,C).
(r93) memberofdomainregion(A,B) :- hypernym(E,B), membermeronym(F,C), synsetdomaintopicof(C,D), synsetdomaintopicof(A,C).
(r94) memberofdomainregion(A,B) :- hypernym(C,A), membermeronym(F,C), verbgroup(C,E), memberofdomainusage(B,D).
(r95) memberofdomainregion(A,B) :- derivationallyrelatedform(A,B), synsetdomaintopicof(D,B), haspart(B,C), verbgroup(A,D).
(r96) memberofdomainregion(A,B) :- similarto(A,E), hypernym(B,C), memberofdomainusage(D,E), haspart(B,C).
(r97) memberofdomainregion(A,B) :- membermeronym(F,C), instancehypernym(C,A), derivationallyrelatedform(B,D), haspart(F,E).
(r98) memberofdomainregion(A,B) :- instancehypernym(A,D), synsetdomaintopicof(C,A), membermeronym(F,C), membermeronym(B,E).
(r99) memberofdomainregion(A,B) :- haspart(D,B), membermeronym(A,E), instancehypernym(A,D), haspart(B,C).
(r100) memberofdomainregion(A,B) :- haspart(B,D), similarto(E,C), alsosee(A,D), haspart(B,C).
(r101) memberofdomainregion(A,B) :- haspart(B,C), memberofdomainusage(B,E), instancehypernym(F,D), instancehypernym(F,A).
(r102) memberofdomainregion(A,B) :- alsosee(D,C), haspart(B,A), membermeronym(D,B), haspart(B,C).
(r103) memberofdomainregion(A,B) :- derivationallyrelatedform(B,E), membermeronym(F,C), similarto(A,D), synsetdomaintopicof(B,C).
(r104) memberofdomainregion(A,B) :- similarto(F,A), membermeronym(F,C), alsosee(B,E), similarto(D,E).
(r105) memberofdomainregion(A,B) :- membermeronym(B,A), haspart(A,B), synsetdomaintopicof(A,C).
(r106) memberofdomainregion(A,B) :- alsosee(E,A), similarto(D,A), haspart(B,C), instancehypernym(C,F).
(r107) memberofdomainregion(A,B) :- synsetdomaintopicof(B,D), membermeronym(E,B), similarto(A,C).
(r108) memberofdomainregion(A,B) :- hypernym(B,C), alsosee(C,A), instancehypernym(B,C).
(r109) memberofdomainregion(A,B) :- verbgroup(A,C), alsosee(D,B), memberofdomainusage(E,D).
(r110) memberofdomainregion(A,B) :- alsosee(B,F), membermeronym(F,C), membermeronym(F,E), alsosee(D,A).
(r111) memberofdomainregion(A,B) :- similarto(E,D), haspart(B,A), similarto(A,D), haspart(B,C).
(r112) memberofdomainregion(A,B) :- membermeronym(F,C), membermeronym(D,B), derivationallyrelatedform(E,C), verbgroup(C,A).
(r113) memberofdomainregion(A,B) :- membermeronym(F,C), verbgroup(D,F), membermeronym(A,D), verbgroup(B,E).
(r114) memberofdomainregion(A,B) :- synsetdomaintopicof(C,B), derivationallyrelatedform(D,A), haspart(B,C), similarto(B,C).
(r115) memberofdomainregion(A,B) :- similarto(F,E), alsosee(D,E), membermeronym(A,D), haspart(B,C).
(r116) memberofdomainregion(A,B) :- alsosee(B,F), membermeronym(F,C), haspart(A,D), verbgroup(D,E).
(r117) memberofdomainregion(A,B) :- similarto(C,D), haspart(C,B), memberofdomainusage(A,B).
(r118) memberofdomainregion(A,B) :- derivationallyrelatedform(B,E), membermeronym(F,C), synsetdomaintopicof(E,D), synsetdomaintopicof(A,C).
(r119) memberofdomainregion(A,B) :- instancehypernym(C,B), similarto(D,C), instancehypernym(D,A).
(r120) memberofdomainregion(A,B) :- synsetdomaintopicof(C,A), memberofdomainusage(B,E), similarto(D,E).
(r121) memberofdomainregion(A,B) :- synsetdomaintopicof(C,E), membermeronym(F,C), hypernym(D,B), verbgroup(F,A).
(r122) memberofdomainregion(A,B) :- synsetdomaintopicof(C,A), similarto(E,C), membermeronym(B,D).
(r123) memberofdomainregion(A,B) :- membermeronym(B,C), haspart(D,E), hypernym(A,D).
(r124) memberofdomainregion(A,B) :- hypernym(B,D), haspart(E,A), verbgroup(D,B), haspart(B,C).
(r125) memberofdomainregion(A,B) :- hypernym(F,B), membermeronym(F,C), hypernym(A,E), synsetdomaintopicof(D,B).
(r126) memberofdomainregion(A,B) :- synsetdomaintopicof(B,A), instancehypernym(B,A), instancehypernym(C,A).
(r127) memberofdomainregion(A,B) :- synsetdomaintopicof(D,E), derivationallyrelatedform(B,D), membermeronym(C,A).
(r128) memberofdomainregion(A,B) :- verbgroup(E,A), membermeronym(F,C), membermeronym(F,E), derivationallyrelatedform(B,D).
(r129) memberofdomainregion(A,B) :- alsosee(C,D), verbgroup(A,F), haspart(B,C), synsetdomaintopicof(A,E).
(r130) memberofdomainregion(A,B) :- membermeronym(B,F), haspart(C,D), membermeronym(F,C), derivationallyrelatedform(E,A).
(r131) memberofdomainregion(A,B) :- instancehypernym(D,B), haspart(B,C), haspart(D,C), memberofdomainusage(D,A).
(r132) memberofdomainregion(A,B) :- membermeronym(F,C), instancehypernym(D,E), similarto(A,F), synsetdomaintopicof(D,B).
(r133) memberofdomainregion(A,B) :- haspart(E,B), haspart(C,A), memberofdomainusage(D,A).
(r134) memberofdomainregion(A,B) :- derivationallyrelatedform(A,E), derivationallyrelatedform(E,B), derivationallyrelatedform(D,E), haspart(B,C).
(r135) memberofdomainregion(A,B) :- hypernym(C,D), hypernym(A,E), haspart(B,C), similarto(D,E).
(r136) memberofdomainregion(A,B) :- derivationallyrelatedform(A,E), synsetdomaintopicof(F,D), haspart(B,C), membermeronym(C,D).
(r137) memberofdomainregion(A,B) :- membermeronym(F,C), memberofdomainusage(B,E), hypernym(C,B), membermeronym(A,D).
(r138) memberofdomainregion(A,B) :- synsetdomaintopicof(A,D), haspart(D,C), haspart(B,C), instancehypernym(E,C).
(r139) memberofdomainregion(A,B) :- membermeronym(F,C), hypernym(A,D), hypernym(E,C), hypernym(B,F).
(r140) memberofdomainregion(A,B) :- synsetdomaintopicof(A,D), haspart(D,E), alsosee(C,E), haspart(B,C).
(r141) memberofdomainregion(A,B) :- synsetdomaintopicof(D,B), alsosee(C,A), haspart(B,C), synsetdomaintopicof(A,B).
(r142) memberofdomainregion(A,B) :- similarto(C,D), similarto(B,D), verbgroup(A,D).
(r143) memberofdomainregion(A,B) :- instancehypernym(A,D), membermeronym(C,A), haspart(B,C), memberofdomainusage(E,A).
(r144) memberofdomainregion(A,B) :- derivationallyrelatedform(A,E), alsosee(D,E), synsetdomaintopicof(F,E), haspart(B,C).
(r145) memberofdomainregion(A,B) :- hypernym(B,D), similarto(A,E), alsosee(A,D), haspart(B,C).
(r146) memberofdomainregion(A,B) :- verbgroup(C,D), membermeronym(A,E), verbgroup(D,F), haspart(B,C).
(r147) memberofdomainregion(A,B) :- haspart(B,C), synsetdomaintopicof(D,E), derivationallyrelatedform(A,D), derivationallyrelatedform(A,C).
(r148) memberofdomainregion(A,B) :- membermeronym(F,C), instancehypernym(C,A), memberofdomainusage(C,E), alsosee(B,D).
(r149) memberofdomainregion(A,B) :- derivationallyrelatedform(C,E), similarto(A,D), derivationallyrelatedform(E,D), haspart(B,C).
(r150) memberofdomainregion(A,B) :- hypernym(E,D), derivationallyrelatedform(C,A), alsosee(E,B).
(r151) memberofdomainregion(A,B) :- synsetdomaintopicof(E,A), instancehypernym(A,D), haspart(B,C), membermeronym(E,A).
(r152) memberofdomainregion(A,B) :- derivationallyrelatedform(A,E), memberofdomainusage(A,C), alsosee(D,E), haspart(B,C).
(r153) memberofdomainregion(A,B) :- alsosee(B,C), haspart(D,C), membermeronym(A,D).
(r154) memberofdomainregion(A,B) :- similarto(D,A), membermeronym(F,C), alsosee(B,E), haspart(C,B).
(r155) memberofdomainregion(A,B) :- verbgroup(C,D), membermeronym(F,C), membermeronym(E,B), derivationallyrelatedform(A,C).
(r156) memberofdomainregion(A,B) :- haspart(E,D), instancehypernym(C,A), instancehypernym(B,D).
(r157) memberofdomainregion(A,B) :- membermeronym(E,C), derivationallyrelatedform(D,A), synsetdomaintopicof(B,E).
(r158) memberofdomainregion(A,B) :- verbgroup(E,D), hypernym(A,C), instancehypernym(B,D).
(r159) memberofdomainregion(A,B) :- hypernym(C,A), derivationallyrelatedform(C,E), memberofdomainusage(D,B).
(r160) memberofdomainregion(A,B) :- synsetdomaintopicof(D,A), hypernym(A,D), haspart(B,C), synsetdomaintopicof(B,E).
(r161) memberofdomainregion(A,B) :- memberofdomainusage(F,A), synsetdomaintopicof(D,E), membermeronym(F,C), memberofdomainusage(B,E).
(r162) memberofdomainregion(A,B) :- membermeronym(D,C), instancehypernym(F,C), instancehypernym(A,E), haspart(B,C).
(r163) memberofdomainregion(A,B) :- memberofdomainusage(D,C), similarto(A,D), haspart(B,C), similarto(C,A).
(r164) memberofdomainregion(A,B) :- haspart(C,D), similarto(A,D), alsosee(C,A), haspart(B,C).
(r165) memberofdomainregion(A,B) :- alsosee(A,E), membermeronym(F,C), memberofdomainusage(F,B), verbgroup(A,D).
(r166) memberofdomainregion(A,B) :- synsetdomaintopicof(C,E), derivationallyrelatedform(D,A), synsetdomaintopicof(F,E), haspart(B,C).
(r167) memberofdomainregion(A,B) :- derivationallyrelatedform(C,B), memberofdomainusage(B,C), hypernym(C,A).
(r168) memberofdomainregion(A,B) :- instancehypernym(B,A), instancehypernym(E,B), haspart(D,C), haspart(B,C).
(r169) memberofdomainregion(A,B) :- haspart(D,B), membermeronym(F,C), synsetdomaintopicof(A,F), membermeronym(D,E).
(r170) memberofdomainregion(A,B) :- instancehypernym(D,B), haspart(B,C), similarto(E,C), instancehypernym(A,C).
(r171) memberofdomainregion(A,B) :- haspart(D,A), haspart(B,C), instancehypernym(D,C), verbgroup(A,D).
(r172) memberofdomainregion(A,B) :- haspart(D,B), membermeronym(F,C), hypernym(E,A), synsetdomaintopicof(F,A).
(r173) memberofdomainregion(A,B) :- similarto(E,A), memberofdomainusage(D,B), similarto(F,D), haspart(B,C).
(r174) memberofdomainregion(A,B) :- verbgroup(C,D), synsetdomaintopicof(D,A), haspart(B,C), hypernym(D,B).
(r175) memberofdomainregion(A,B) :- hypernym(E,D), derivationallyrelatedform(C,A), derivationallyrelatedform(B,D).
(r176) memberofdomainregion(A,B) :- membermeronym(A,C), memberofdomainusage(C,B), haspart(B,D).
(r177) memberofdomainregion(A,B) :- alsosee(B,F), instancehypernym(A,D), memberofdomainusage(C,E), haspart(B,C).
(r178) memberofdomainregion(A,B) :- verbgroup(B,D), instancehypernym(C,A), instancehypernym(B,D).
(r179) memberofdomainregion(A,B) :- instancehypernym(E,F), haspart(A,D), haspart(B,C), hypernym(A,F).
(r180) memberofdomainregion(A,B) :- derivationallyrelatedform(C,A), instancehypernym(B,D), memberofdomainusage(D,E).
(r181) memberofdomainregion(A,B) :- synsetdomaintopicof(A,E), similarto(F,E), derivationallyrelatedform(F,D), haspart(B,C).
(r182) memberofdomainregion(A,B) :- membermeronym(F,C), haspart(E,A), verbgroup(D,B), membermeronym(A,F).
(r183) memberofdomainregion(A,B) :- haspart(B,A), verbgroup(C,B), similarto(B,D).
(r184) memberofdomainregion(A,B) :- similarto(A,E), memberofdomainusage(B,C), membermeronym(F,C), verbgroup(D,C).
(r185) memberofdomainregion(A,B) :- instancehypernym(F,E), membermeronym(F,B), membermeronym(A,D), haspart(B,C).
(r186) memberofdomainregion(A,B) :- hypernym(C,A), haspart(D,A), memberofdomainusage(B,E).
(r187) memberofdomainregion(A,B) :- membermeronym(C,B), derivationallyrelatedform(C,A), similarto(C,B).
(r188) memberofdomainregion(A,B) :- verbgroup(F,E), membermeronym(F,C), membermeronym(D,A), haspart(C,B).
(r189) memberofdomainregion(A,B) :- similarto(D,A), membermeronym(E,D), instancehypernym(B,C).
(r190) memberofdomainregion(A,B) :- instancehypernym(B,E), membermeronym(F,C), hypernym(F,B), membermeronym(A,D).
====================
MaxSAT solving... (6158 vars, 29266 hard, 1898 soft)
number of rules: 192
program size: 833
(inv1) inv1(X1,X2,X3,X4,X5,X6,X7,X8) :- haspart(X1,X2), haspart(X3,X4), membermeronym(X5,X6), membermeronym(X7,X8).
(inv2) inv2(X1,X2,X3,X4,X5,X6) :- haspart(X1,X2), haspart(X3,X4), verbgroup(X5,X6).
(r1) memberofdomainregion(A,B) :- inv2(B,C,B,C,D,B), alsosee(B,C), derivationallyrelatedform(E,A).
(r2) memberofdomainregion(A,B) :- derivationallyrelatedform(D,F), alsosee(F,E), alsosee(A,D), haspart(B,C).
(r3) memberofdomainregion(A,B) :- membermeronym(F,C), instancehypernym(D,A), membermeronym(D,E), synsetdomaintopicof(B,F).
(r4) memberofdomainregion(A,B) :- inv1(C,A,C,A,B,D,B,D), hypernym(E,D).
(r5) memberofdomainregion(A,B) :- inv1(B,C,B,C,B,E,B,E), synsetdomaintopicof(A,E), derivationallyrelatedform(D,A).
(r6) memberofdomainregion(A,B) :- inv1(C,B,C,B,D,A,D,A), memberofdomainusage(B,A).
(r7) memberofdomainregion(A,B) :- haspart(C,D), derivationallyrelatedform(C,A), haspart(C,B).
(r8) memberofdomainregion(A,B) :- membermeronym(F,C), similarto(B,D), verbgroup(B,E), derivationallyrelatedform(A,C).
(r9) memberofdomainregion(A,B) :- inv1(B,C,B,C,C,D,C,D), similarto(A,E), memberofdomainusage(D,A).
(r10) memberofdomainregion(A,B) :- inv2(B,C,B,C,C,B), alsosee(D,C), verbgroup(A,E).
(r11) memberofdomainregion(A,B) :- membermeronym(F,C), derivationallyrelatedform(A,D), verbgroup(B,E), hypernym(D,F).
(r12) memberofdomainregion(A,B) :- inv2(B,C,B,C,D,C), alsosee(A,E), derivationallyrelatedform(C,D).
(r13) memberofdomainregion(A,B) :- similarto(B,A), membermeronym(B,D), similarto(B,C).
(r14) memberofdomainregion(A,B) :- inv1(B,C,B,C,A,E,A,E), similarto(A,B), instancehypernym(D,E).
(r15) memberofdomainregion(A,B) :- instancehypernym(A,D), alsosee(B,E), similarto(A,C).
(r16) memberofdomainregion(A,B) :- inv1(A,E,A,E,F,C,F,C), alsosee(C,B), synsetdomaintopicof(C,D).
(r17) memberofdomainregion(A,B) :- inv1(D,A,D,A,F,C,F,C), synsetdomaintopicof(C,E), hypernym(B,F).
(r18) memberofdomainregion(A,B) :- inv2(B,C,B,C,A,D), alsosee(D,C), similarto(E,D).
(r19) memberofdomainregion(A,B) :- inv2(B,C,A,D,E,C), memberofdomainusage(B,D).
(r20) memberofdomainregion(A,B) :- similarto(A,E), memberofdomainusage(F,E), haspart(B,C), hypernym(A,D).
(r21) memberofdomainregion(A,B) :- memberofdomainusage(A,E), instancehypernym(E,D), haspart(B,C), alsosee(E,A).
(r22) memberofdomainregion(A,B) :- memberofdomainusage(D,B), derivationallyrelatedform(A,D), haspart(B,C), similarto(A,C).
(r23) memberofdomainregion(A,B) :- derivationallyrelatedform(A,B), haspart(B,C), haspart(C,B).
(r24) memberofdomainregion(A,B) :- hypernym(E,B), synsetdomaintopicof(D,E), haspart(C,A).
(r25) memberofdomainregion(A,B) :- hypernym(B,C), memberofdomainusage(E,B), verbgroup(A,D).
(r26) memberofdomainregion(A,B) :- membermeronym(D,B), alsosee(B,D), instancehypernym(A,C).
(r27) memberofdomainregion(A,B) :- inv1(B,C,B,C,E,F,E,F), synsetdomaintopicof(A,D), similarto(F,A).
(r28) memberofdomainregion(A,B) :- inv1(A,E,A,E,F,C,F,C), synsetdomaintopicof(C,D), instancehypernym(F,B).
(r29) memberofdomainregion(A,B) :- verbgroup(D,A), instancehypernym(B,E), membermeronym(F,C), synsetdomaintopicof(F,A).
(r30) memberofdomainregion(A,B) :- membermeronym(F,C), memberofdomainusage(E,B), membermeronym(A,D), derivationallyrelatedform(F,A).
(r31) memberofdomainregion(A,B) :- instancehypernym(B,E), membermeronym(F,C), derivationallyrelatedform(A,D), verbgroup(C,E).
(r32) memberofdomainregion(A,B) :- instancehypernym(C,E), memberofdomainusage(A,D), haspart(B,C), verbgroup(F,B).
(r33) memberofdomainregion(A,B) :- inv1(B,F,B,F,F,C,F,C), similarto(E,F), hypernym(D,A).
(r34) memberofdomainregion(A,B) :- memberofdomainusage(E,C), instancehypernym(A,D), similarto(E,B).
(r35) memberofdomainregion(A,B) :- alsosee(A,E), haspart(C,F), haspart(B,D), haspart(B,C).
(r36) memberofdomainregion(A,B) :- inv1(B,A,B,C,D,B,D,B), instancehypernym(E,B).
(r37) memberofdomainregion(A,B) :- hypernym(B,C), memberofdomainusage(A,D), haspart(C,B).
(r38) memberofdomainregion(A,B) :- similarto(A,E), alsosee(D,B), similarto(E,C).
(r39) memberofdomainregion(A,B) :- inv1(B,C,B,C,E,B,E,B), derivationallyrelatedform(C,B), verbgroup(A,D).
(r40) memberofdomainregion(A,B) :- inv1(B,D,B,D,F,C,F,C), verbgroup(A,C), instancehypernym(E,C).
(r41) memberofdomainregion(A,B) :- derivationallyrelatedform(D,B), similarto(D,A), hypernym(C,B), haspart(B,C).
(r42) memberofdomainregion(A,B) :- inv1(E,D,A,D,F,C,F,C), derivationallyrelatedform(F,B).
(r43) memberofdomainregion(A,B) :- derivationallyrelatedform(A,E), alsosee(B,C), derivationallyrelatedform(D,E), haspart(B,C).
(r44) memberofdomainregion(A,B) :- alsosee(B,F), memberofdomainusage(E,C), membermeronym(F,C), memberofdomainusage(D,A).
(r45) memberofdomainregion(A,B) :- synsetdomaintopicof(D,A), similarto(A,C), alsosee(C,B).
(r46) memberofdomainregion(A,B) :- instancehypernym(E,B), haspart(B,C), membermeronym(D,E), derivationallyrelatedform(A,C).
(r47) memberofdomainregion(A,B) :- memberofdomainusage(A,E), instancehypernym(C,E), memberofdomainusage(B,D).
(r48) memberofdomainregion(A,B) :- inv1(A,D,B,C,A,B,A,B), alsosee(C,D).
(r49) memberofdomainregion(A,B) :- membermeronym(F,C), similarto(F,E), alsosee(A,D), synsetdomaintopicof(C,B).
(r50) memberofdomainregion(A,B) :- inv2(B,C,B,C,E,D), derivationallyrelatedform(D,A), verbgroup(C,E).
(r51) memberofdomainregion(A,B) :- membermeronym(A,C), instancehypernym(C,B), similarto(C,A).
(r52) memberofdomainregion(A,B) :- inv1(E,A,E,A,F,C,F,C), hypernym(C,D), verbgroup(F,B).
(r53) memberofdomainregion(A,B) :- membermeronym(F,C), alsosee(E,F), verbgroup(A,E), memberofdomainusage(B,D).
(r54) memberofdomainregion(A,B) :- inv2(B,C,B,C,D,A), similarto(A,E), derivationallyrelatedform(F,A).
(r55) memberofdomainregion(A,B) :- hypernym(B,D), derivationallyrelatedform(E,B), hypernym(C,A).
(r56) memberofdomainregion(A,B) :- synsetdomaintopicof(A,D), instancehypernym(D,B), memberofdomainusage(E,B), haspart(B,C).
(r57) memberofdomainregion(A,B) :- instancehypernym(A,E), membermeronym(F,C), synsetdomaintopicof(C,D), alsosee(F,B).
(r58) memberofdomainregion(A,B) :- inv1(B,C,B,C,A,E,A,E), derivationallyrelatedform(D,F), hypernym(F,C).
(r59) memberofdomainregion(A,B) :- derivationallyrelatedform(A,E), verbgroup(A,C), membermeronym(F,C), instancehypernym(B,D).
(r60) memberofdomainregion(A,B) :- inv2(B,C,B,C,F,A), hypernym(A,E), instancehypernym(D,C).
(r61) memberofdomainregion(A,B) :- synsetdomaintopicof(C,D), similarto(B,D), instancehypernym(A,C).
(r62) memberofdomainregion(A,B) :- hypernym(F,E), haspart(B,C), hypernym(F,D), instancehypernym(F,A).
(r63) memberofdomainregion(A,B) :- hypernym(E,D), haspart(B,C), alsosee(B,D), instancehypernym(F,A).
(r64) memberofdomainregion(A,B) :- verbgroup(E,D), verbgroup(A,C), memberofdomainusage(E,B).
(r65) memberofdomainregion(A,B) :- inv1(B,C,B,C,D,F,D,F), similarto(E,D), similarto(A,D).
(r66) memberofdomainregion(A,B) :- inv1(A,C,A,C,F,C,E,B), instancehypernym(F,D).
(r67) memberofdomainregion(A,B) :- instancehypernym(D,B), similarto(A,D), derivationallyrelatedform(A,C).
(r68) memberofdomainregion(A,B) :- membermeronym(E,C), membermeronym(F,C), similarto(E,A), derivationallyrelatedform(D,B).
(r69) memberofdomainregion(A,B) :- similarto(D,B), instancehypernym(A,D), alsosee(D,A), haspart(B,C).
(r70) memberofdomainregion(A,B) :- synsetdomaintopicof(E,B), memberofdomainusage(A,D), haspart(B,C), similarto(C,A).
(r71) memberofdomainregion(A,B) :- instancehypernym(D,B), synsetdomaintopicof(F,A), hypernym(E,C), haspart(B,C).
(r72) memberofdomainregion(A,B) :- inv2(B,C,B,C,A,F), alsosee(D,B), instancehypernym(E,D).
(r73) memberofdomainregion(A,B) :- hypernym(C,D), synsetdomaintopicof(B,A), haspart(B,C), haspart(A,E).
(r74) memberofdomainregion(A,B) :- verbgroup(B,C), hypernym(A,D), alsosee(B,D).
(r75) memberofdomainregion(A,B) :- inv1(B,C,B,C,A,D,A,D), synsetdomaintopicof(F,B), synsetdomaintopicof(B,E).
(r76) memberofdomainregion(A,B) :- synsetdomaintopicof(B,A), synsetdomaintopicof(A,E), hypernym(E,D), haspart(B,C).
(r77) memberofdomainregion(A,B) :- derivationallyrelatedform(D,B), alsosee(A,F), haspart(B,C), derivationallyrelatedform(E,C).
(r78) memberofdomainregion(A,B) :- inv1(C,B,C,B,F,C,F,C), synsetdomaintopicof(E,A), alsosee(A,D).
(r79) memberofdomainregion(A,B) :- inv1(B,C,B,C,D,F,E,D), synsetdomaintopicof(A,D).
(r80) memberofdomainregion(A,B) :- membermeronym(F,A), derivationallyrelatedform(B,E), membermeronym(F,C), verbgroup(D,B).
(r81) memberofdomainregion(A,B) :- derivationallyrelatedform(A,E), synsetdomaintopicof(C,D), haspart(B,C), haspart(C,B).
(r82) memberofdomainregion(A,B) :- inv2(C,E,B,C,D,B), derivationallyrelatedform(D,A).
(r83) memberofdomainregion(A,B) :- haspart(B,C), instancehypernym(A,D), derivationallyrelatedform(B,D), derivationallyrelatedform(D,C).
(r84) memberofdomainregion(A,B) :- inv2(B,A,C,D,A,D).
(r85) memberofdomainregion(A,B) :- similarto(A,E), derivationallyrelatedform(A,D), hypernym(A,D), haspart(B,C).
(r86) memberofdomainregion(A,B) :- memberofdomainusage(C,B), haspart(B,C), instancehypernym(A,C), verbgroup(C,A).
(r87) memberofdomainregion(A,B) :- inv1(B,C,B,C,A,E,A,E), alsosee(F,C), verbgroup(D,C).
(r88) memberofdomainregion(A,B) :- derivationallyrelatedform(D,A), derivationallyrelatedform(D,F), verbgroup(A,E), haspart(B,C).
(r89) memberofdomainregion(A,B) :- instancehypernym(B,A), synsetdomaintopicof(B,D), derivationallyrelatedform(C,D).
(r90) memberofdomainregion(A,B) :- hypernym(E,D), haspart(A,D), hypernym(D,C), haspart(B,C).
(r91) memberofdomainregion(A,B) :- verbgroup(E,A), membermeronym(F,C), instancehypernym(F,B), memberofdomainusage(D,A).
(r92) memberofdomainregion(A,B) :- memberofdomainusage(A,E), similarto(E,C), instancehypernym(E,D), haspart(B,C).
(r93) memberofdomainregion(A,B) :- hypernym(E,B), membermeronym(F,C), synsetdomaintopicof(C,D), synsetdomaintopicof(A,C).
(r94) memberofdomainregion(A,B) :- hypernym(C,A), membermeronym(F,C), verbgroup(C,E), memberofdomainusage(B,D).
(r95) memberofdomainregion(A,B) :- inv2(B,C,B,C,A,D), derivationallyrelatedform(A,B), synsetdomaintopicof(D,B).
(r96) memberofdomainregion(A,B) :- similarto(A,E), hypernym(B,C), memberofdomainusage(D,E), haspart(B,C).
(r97) memberofdomainregion(A,B) :- membermeronym(F,C), instancehypernym(C,A), derivationallyrelatedform(B,D), haspart(F,E).
(r98) memberofdomainregion(A,B) :- instancehypernym(A,D), synsetdomaintopicof(C,A), membermeronym(F,C), membermeronym(B,E).
(r99) memberofdomainregion(A,B) :- inv1(D,B,B,C,A,E,A,E), instancehypernym(A,D).
(r100) memberofdomainregion(A,B) :- haspart(B,D), similarto(E,C), alsosee(A,D), haspart(B,C).
(r101) memberofdomainregion(A,B) :- haspart(B,C), memberofdomainusage(B,E), instancehypernym(F,D), instancehypernym(F,A).
(r102) memberofdomainregion(A,B) :- inv1(B,A,B,C,D,B,D,B), alsosee(D,C).
(r103) memberofdomainregion(A,B) :- derivationallyrelatedform(B,E), membermeronym(F,C), similarto(A,D), synsetdomaintopicof(B,C).
(r104) memberofdomainregion(A,B) :- similarto(F,A), membermeronym(F,C), alsosee(B,E), similarto(D,E).
(r105) memberofdomainregion(A,B) :- inv1(A,B,A,B,B,A,B,A), synsetdomaintopicof(A,C).
(r106) memberofdomainregion(A,B) :- alsosee(E,A), similarto(D,A), haspart(B,C), instancehypernym(C,F).
(r107) memberofdomainregion(A,B) :- synsetdomaintopicof(B,D), membermeronym(E,B), similarto(A,C).
(r108) memberofdomainregion(A,B) :- hypernym(B,C), alsosee(C,A), instancehypernym(B,C).
(r109) memberofdomainregion(A,B) :- verbgroup(A,C), alsosee(D,B), memberofdomainusage(E,D).
(r110) memberofdomainregion(A,B) :- alsosee(B,F), membermeronym(F,C), membermeronym(F,E), alsosee(D,A).
(r111) memberofdomainregion(A,B) :- similarto(E,D), haspart(B,A), similarto(A,D), haspart(B,C).
(r112) memberofdomainregion(A,B) :- membermeronym(F,C), membermeronym(D,B), derivationallyrelatedform(E,C), verbgroup(C,A).
(r113) memberofdomainregion(A,B) :- membermeronym(F,C), verbgroup(D,F), membermeronym(A,D), verbgroup(B,E).
(r114) memberofdomainregion(A,B) :- synsetdomaintopicof(C,B), derivationallyrelatedform(D,A), haspart(B,C), similarto(B,C).
(r115) memberofdomainregion(A,B) :- inv1(B,C,B,C,A,D,A,D), similarto(F,E), alsosee(D,E).
(r116) memberofdomainregion(A,B) :- inv1(A,D,A,D,F,C,F,C), alsosee(B,F), verbgroup(D,E).
(r117) memberofdomainregion(A,B) :- similarto(C,D), haspart(C,B), memberofdomainusage(A,B).
(r118) memberofdomainregion(A,B) :- derivationallyrelatedform(B,E), membermeronym(F,C), synsetdomaintopicof(E,D), synsetdomaintopicof(A,C).
(r119) memberofdomainregion(A,B) :- instancehypernym(C,B), similarto(D,C), instancehypernym(D,A).
(r120) memberofdomainregion(A,B) :- synsetdomaintopicof(C,A), memberofdomainusage(B,E), similarto(D,E).
(r121) memberofdomainregion(A,B) :- synsetdomaintopicof(C,E), membermeronym(F,C), hypernym(D,B), verbgroup(F,A).
(r122) memberofdomainregion(A,B) :- synsetdomaintopicof(C,A), similarto(E,C), membermeronym(B,D).
(r123) memberofdomainregion(A,B) :- inv1(D,E,D,E,B,C,B,C), hypernym(A,D).
(r124) memberofdomainregion(A,B) :- inv2(E,A,B,C,D,B), hypernym(B,D).
(r125) memberofdomainregion(A,B) :- hypernym(F,B), membermeronym(F,C), hypernym(A,E), synsetdomaintopicof(D,B).
(r126) memberofdomainregion(A,B) :- synsetdomaintopicof(B,A), instancehypernym(B,A), instancehypernym(C,A).
(r127) memberofdomainregion(A,B) :- synsetdomaintopicof(D,E), derivationallyrelatedform(B,D), membermeronym(C,A).
(r128) memberofdomainregion(A,B) :- verbgroup(E,A), membermeronym(F,C), membermeronym(F,E), derivationallyrelatedform(B,D).
(r129) memberofdomainregion(A,B) :- inv2(B,C,B,C,A,F), alsosee(C,D), synsetdomaintopicof(A,E).
(r130) memberofdomainregion(A,B) :- inv1(C,D,C,D,B,F,F,C), derivationallyrelatedform(E,A).
(r131) memberofdomainregion(A,B) :- instancehypernym(D,B), haspart(B,C), haspart(D,C), memberofdomainusage(D,A).
(r132) memberofdomainregion(A,B) :- membermeronym(F,C), instancehypernym(D,E), similarto(A,F), synsetdomaintopicof(D,B).
(r133) memberofdomainregion(A,B) :- haspart(E,B), haspart(C,A), memberofdomainusage(D,A).
(r134) memberofdomainregion(A,B) :- derivationallyrelatedform(A,E), derivationallyrelatedform(E,B), derivationallyrelatedform(D,E), haspart(B,C).
(r135) memberofdomainregion(A,B) :- hypernym(C,D), hypernym(A,E), haspart(B,C), similarto(D,E).
(r136) memberofdomainregion(A,B) :- inv1(B,C,B,C,C,D,C,D), derivationallyrelatedform(A,E), synsetdomaintopicof(F,D).
(r137) memberofdomainregion(A,B) :- membermeronym(F,C), memberofdomainusage(B,E), hypernym(C,B), membermeronym(A,D).
(r138) memberofdomainregion(A,B) :- synsetdomaintopicof(A,D), haspart(D,C), haspart(B,C), instancehypernym(E,C).
(r139) memberofdomainregion(A,B) :- membermeronym(F,C), hypernym(A,D), hypernym(E,C), hypernym(B,F).
(r140) memberofdomainregion(A,B) :- synsetdomaintopicof(A,D), haspart(D,E), alsosee(C,E), haspart(B,C).
(r141) memberofdomainregion(A,B) :- synsetdomaintopicof(D,B), alsosee(C,A), haspart(B,C), synsetdomaintopicof(A,B).
(r142) memberofdomainregion(A,B) :- similarto(C,D), similarto(B,D), verbgroup(A,D).
(r143) memberofdomainregion(A,B) :- inv1(B,C,B,C,C,A,C,A), instancehypernym(A,D), memberofdomainusage(E,A).
(r144) memberofdomainregion(A,B) :- derivationallyrelatedform(A,E), alsosee(D,E), synsetdomaintopicof(F,E), haspart(B,C).
(r145) memberofdomainregion(A,B) :- hypernym(B,D), similarto(A,E), alsosee(A,D), haspart(B,C).
(r146) memberofdomainregion(A,B) :- inv2(B,C,B,C,C,D), membermeronym(A,E), verbgroup(D,F).
(r147) memberofdomainregion(A,B) :- haspart(B,C), synsetdomaintopicof(D,E), derivationallyrelatedform(A,D), derivationallyrelatedform(A,C).
(r148) memberofdomainregion(A,B) :- membermeronym(F,C), instancehypernym(C,A), memberofdomainusage(C,E), alsosee(B,D).
(r149) memberofdomainregion(A,B) :- derivationallyrelatedform(C,E), similarto(A,D), derivationallyrelatedform(E,D), haspart(B,C).
(r150) memberofdomainregion(A,B) :- hypernym(E,D), derivationallyrelatedform(C,A), alsosee(E,B).
(r151) memberofdomainregion(A,B) :- inv1(B,C,B,C,E,A,E,A), synsetdomaintopicof(E,A), instancehypernym(A,D).
(r152) memberofdomainregion(A,B) :- derivationallyrelatedform(A,E), memberofdomainusage(A,C), alsosee(D,E), haspart(B,C).
(r153) memberofdomainregion(A,B) :- inv1(D,C,D,C,A,D,A,D), alsosee(B,C).
(r154) memberofdomainregion(A,B) :- inv1(C,B,C,B,F,C,F,C), similarto(D,A), alsosee(B,E).
(r155) memberofdomainregion(A,B) :- verbgroup(C,D), membermeronym(F,C), membermeronym(E,B), derivationallyrelatedform(A,C).
(r156) memberofdomainregion(A,B) :- haspart(E,D), instancehypernym(C,A), instancehypernym(B,D).
(r157) memberofdomainregion(A,B) :- membermeronym(E,C), derivationallyrelatedform(D,A), synsetdomaintopicof(B,E).
(r158) memberofdomainregion(A,B) :- verbgroup(E,D), hypernym(A,C), instancehypernym(B,D).
(r159) memberofdomainregion(A,B) :- hypernym(C,A), derivationallyrelatedform(C,E), memberofdomainusage(D,B).
(r160) memberofdomainregion(A,B) :- synsetdomaintopicof(D,A), hypernym(A,D), haspart(B,C), synsetdomaintopicof(B,E).
(r161) memberofdomainregion(A,B) :- memberofdomainusage(F,A), synsetdomaintopicof(D,E), membermeronym(F,C), memberofdomainusage(B,E).
(r162) memberofdomainregion(A,B) :- inv1(B,C,B,C,D,C,D,C), instancehypernym(F,C), instancehypernym(A,E).
(r163) memberofdomainregion(A,B) :- memberofdomainusage(D,C), similarto(A,D), haspart(B,C), similarto(C,A).
(r164) memberofdomainregion(A,B) :- haspart(C,D), similarto(A,D), alsosee(C,A), haspart(B,C).
(r165) memberofdomainregion(A,B) :- alsosee(A,E), membermeronym(F,C), memberofdomainusage(F,B), verbgroup(A,D).
(r166) memberofdomainregion(A,B) :- synsetdomaintopicof(C,E), derivationallyrelatedform(D,A), synsetdomaintopicof(F,E), haspart(B,C).
(r167) memberofdomainregion(A,B) :- derivationallyrelatedform(C,B), memberofdomainusage(B,C), hypernym(C,A).
(r168) memberofdomainregion(A,B) :- instancehypernym(B,A), instancehypernym(E,B), haspart(D,C), haspart(B,C).
(r169) memberofdomainregion(A,B) :- inv1(D,B,D,B,F,C,D,E), synsetdomaintopicof(A,F).
(r170) memberofdomainregion(A,B) :- instancehypernym(D,B), haspart(B,C), similarto(E,C), instancehypernym(A,C).
(r171) memberofdomainregion(A,B) :- inv2(D,A,B,C,A,D), instancehypernym(D,C).
(r172) memberofdomainregion(A,B) :- inv1(D,B,D,B,F,C,F,C), hypernym(E,A), synsetdomaintopicof(F,A).
(r173) memberofdomainregion(A,B) :- similarto(E,A), memberofdomainusage(D,B), similarto(F,D), haspart(B,C).
(r174) memberofdomainregion(A,B) :- verbgroup(C,D), synsetdomaintopicof(D,A), haspart(B,C), hypernym(D,B).
(r175) memberofdomainregion(A,B) :- hypernym(E,D), derivationallyrelatedform(C,A), derivationallyrelatedform(B,D).
(r176) memberofdomainregion(A,B) :- inv1(B,D,B,D,A,C,A,C), memberofdomainusage(C,B).
(r177) memberofdomainregion(A,B) :- alsosee(B,F), instancehypernym(A,D), memberofdomainusage(C,E), haspart(B,C).
(r178) memberofdomainregion(A,B) :- verbgroup(B,D), instancehypernym(C,A), instancehypernym(B,D).
(r179) memberofdomainregion(A,B) :- instancehypernym(E,F), haspart(A,D), haspart(B,C), hypernym(A,F).
(r180) memberofdomainregion(A,B) :- derivationallyrelatedform(C,A), instancehypernym(B,D), memberofdomainusage(D,E).
(r181) memberofdomainregion(A,B) :- synsetdomaintopicof(A,E), similarto(F,E), derivationallyrelatedform(F,D), haspart(B,C).
(r182) memberofdomainregion(A,B) :- inv1(E,A,E,A,F,C,A,F), verbgroup(D,B).
(r183) memberofdomainregion(A,B) :- inv2(B,A,B,A,C,B), similarto(B,D).
(r184) memberofdomainregion(A,B) :- similarto(A,E), memberofdomainusage(B,C), membermeronym(F,C), verbgroup(D,C).
(r185) memberofdomainregion(A,B) :- inv1(B,C,B,C,F,B,A,D), instancehypernym(F,E).
(r186) memberofdomainregion(A,B) :- hypernym(C,A), haspart(D,A), memberofdomainusage(B,E).
(r187) memberofdomainregion(A,B) :- membermeronym(C,B), derivationallyrelatedform(C,A), similarto(C,B).
(r188) memberofdomainregion(A,B) :- inv1(C,B,C,B,F,C,D,A), verbgroup(F,E).
(r189) memberofdomainregion(A,B) :- similarto(D,A), membermeronym(E,D), instancehypernym(B,C).
(r190) memberofdomainregion(A,B) :- instancehypernym(B,E), membermeronym(F,C), hypernym(F,B), membermeronym(A,D).
====================
