number of rules: 60
program size: 283
(r1) memberofdomainregion(A,B) :- alsosee(A,E), haspart(C,D), membermeronym(F,C), synsetdomaintopicof(B,D).
(r2) memberofdomainregion(A,B) :- synsetdomaintopicof(D,B), membermeronym(C,A), derivationallyrelatedform(B,C).
(r3) memberofdomainregion(A,B) :- haspart(A,E), membermeronym(F,C), alsosee(D,B), memberofdomainusage(F,D).
(r4) memberofdomainregion(A,B) :- alsosee(E,C), membermeronym(F,C), similarto(D,B), membermeronym(A,F).
(r5) memberofdomainregion(A,B) :- derivationallyrelatedform(A,B), synsetdomaintopicof(B,C), instancehypernym(D,C).
(r6) memberofdomainregion(A,B) :- verbgroup(B,D), membermeronym(F,C), synsetdomaintopicof(A,F), derivationallyrelatedform(C,E).
(r7) memberofdomainregion(A,B) :- instancehypernym(D,B), haspart(B,C), alsosee(D,A), instancehypernym(A,C).
(r8) memberofdomainregion(A,B) :- verbgroup(D,A), alsosee(A,B), synsetdomaintopicof(A,C).
(r9) memberofdomainregion(A,B) :- memberofdomainusage(A,C), similarto(D,B), haspart(B,C), synsetdomaintopicof(D,B).
(r10) memberofdomainregion(A,B) :- hypernym(F,B), similarto(E,C), derivationallyrelatedform(D,A), haspart(B,C).
(r11) memberofdomainregion(A,B) :- instancehypernym(D,B), membermeronym(F,C), alsosee(E,A), alsosee(A,F).
(r12) memberofdomainregion(A,B) :- derivationallyrelatedform(A,E), haspart(D,A), haspart(B,C), similarto(D,A).
(r13) memberofdomainregion(A,B) :- alsosee(E,A), memberofdomainusage(A,D), haspart(B,C), derivationallyrelatedform(E,C).
(r14) memberofdomainregion(A,B) :- instancehypernym(D,B), derivationallyrelatedform(D,A), verbgroup(A,B), haspart(B,C).
(r15) memberofdomainregion(A,B) :- similarto(C,A), haspart(D,C), haspart(C,B).
(r16) memberofdomainregion(A,B) :- verbgroup(B,D), membermeronym(F,C), haspart(E,A), instancehypernym(B,C).
(r17) memberofdomainregion(A,B) :- memberofdomainusage(E,B), synsetdomaintopicof(D,C), similarto(C,A).
(r18) memberofdomainregion(A,B) :- membermeronym(D,F), haspart(B,C), verbgroup(A,E), membermeronym(D,A).
(r19) memberofdomainregion(A,B) :- membermeronym(D,C), haspart(D,B), haspart(A,E).
(r20) memberofdomainregion(A,B) :- haspart(A,D), derivationallyrelatedform(E,D), haspart(B,C), hypernym(F,A).
(r21) memberofdomainregion(A,B) :- membermeronym(E,C), verbgroup(A,D), haspart(B,C), instancehypernym(D,B).
(r22) memberofdomainregion(A,B) :- hypernym(D,C), similarto(D,B), hypernym(B,A).
(r23) memberofdomainregion(A,B) :- haspart(B,C), memberofdomainusage(A,E), membermeronym(D,B), derivationallyrelatedform(A,C).
(r24) memberofdomainregion(A,B) :- similarto(B,C), instancehypernym(E,D), haspart(B,C), verbgroup(A,D).
(r25) memberofdomainregion(A,B) :- alsosee(A,E), alsosee(A,D), haspart(B,C), membermeronym(F,D).
(r26) memberofdomainregion(A,B) :- membermeronym(A,D), alsosee(C,A), synsetdomaintopicof(A,B).
(r27) memberofdomainregion(A,B) :- membermeronym(C,B), haspart(A,D), verbgroup(B,E).
(r28) memberofdomainregion(A,B) :- alsosee(E,A), instancehypernym(D,A), haspart(B,C), hypernym(D,B).
(r29) memberofdomainregion(A,B) :- instancehypernym(C,A), similarto(C,B), haspart(B,C), synsetdomaintopicof(D,B).
(r30) memberofdomainregion(A,B) :- membermeronym(A,C), instancehypernym(D,B), haspart(B,C), haspart(A,C).
(r31) memberofdomainregion(A,B) :- similarto(C,D), membermeronym(F,C), verbgroup(C,B), derivationallyrelatedform(E,A).
(r32) memberofdomainregion(A,B) :- instancehypernym(C,B), synsetdomaintopicof(C,A), alsosee(D,C).
(r33) memberofdomainregion(A,B) :- alsosee(A,C), derivationallyrelatedform(D,C), synsetdomaintopicof(D,B).
(r34) memberofdomainregion(A,B) :- membermeronym(F,C), derivationallyrelatedform(C,E), similarto(B,D), memberofdomainusage(E,A).
(r35) memberofdomainregion(A,B) :- haspart(B,C), synsetdomaintopicof(D,C), hypernym(A,E), memberofdomainusage(D,A).
(r36) memberofdomainregion(A,B) :- verbgroup(B,D), instancehypernym(A,D), haspart(B,C), similarto(B,C).
(r37) memberofdomainregion(A,B) :- memberofdomainusage(D,C), alsosee(A,E), similarto(B,A), haspart(B,C).
(r38) memberofdomainregion(A,B) :- haspart(D,B), membermeronym(F,C), verbgroup(E,B), membermeronym(A,F).
(r39) memberofdomainregion(A,B) :- derivationallyrelatedform(C,E), memberofdomainusage(A,D), haspart(B,C), memberofdomainusage(A,B).
(r40) memberofdomainregion(A,B) :- alsosee(D,C), synsetdomaintopicof(C,A), membermeronym(F,C), alsosee(E,B).
(r41) memberofdomainregion(A,B) :- instancehypernym(A,E), instancehypernym(F,E), haspart(B,C), membermeronym(F,D).
(r42) memberofdomainregion(A,B) :- hypernym(F,B), membermeronym(F,C), haspart(E,C), membermeronym(D,A).
(r43) memberofdomainregion(A,B) :- haspart(B,C), memberofdomainusage(D,B), derivationallyrelatedform(C,A), membermeronym(D,A).
(r44) memberofdomainregion(A,B) :- hypernym(D,A), membermeronym(F,C), synsetdomaintopicof(C,D), similarto(E,B).
(r45) memberofdomainregion(A,B) :- synsetdomaintopicof(C,A), membermeronym(F,C), alsosee(D,B), similarto(E,F).
(r46) memberofdomainregion(A,B) :- hypernym(C,D), verbgroup(D,B), haspart(B,C), synsetdomaintopicof(A,B).
(r47) memberofdomainregion(A,B) :- alsosee(A,E), derivationallyrelatedform(D,B), membermeronym(F,C), synsetdomaintopicof(C,D).
(r48) memberofdomainregion(A,B) :- derivationallyrelatedform(A,E), membermeronym(C,E), haspart(B,C), similarto(D,E).
(r49) memberofdomainregion(A,B) :- membermeronym(B,E), instancehypernym(B,D), instancehypernym(A,C).
(r50) memberofdomainregion(A,B) :- synsetdomaintopicof(E,A), alsosee(B,C), synsetdomaintopicof(C,D).
(r51) memberofdomainregion(A,B) :- alsosee(D,C), membermeronym(F,C), synsetdomaintopicof(E,A), verbgroup(C,B).
(r52) memberofdomainregion(A,B) :- derivationallyrelatedform(A,B), hypernym(D,A), similarto(B,C).
(r53) memberofdomainregion(A,B) :- alsosee(A,E), membermeronym(F,C), synsetdomaintopicof(D,C), derivationallyrelatedform(B,C).
(r54) memberofdomainregion(A,B) :- hypernym(C,D), similarto(A,B), verbgroup(C,A).
(r55) memberofdomainregion(A,B) :- hypernym(D,A), similarto(A,D), haspart(B,C), membermeronym(C,D).
(r56) memberofdomainregion(A,B) :- derivationallyrelatedform(A,E), haspart(D,B), memberofdomainusage(A,D), haspart(B,C).
(r57) memberofdomainregion(A,B) :- membermeronym(F,C), alsosee(E,F), memberofdomainusage(A,C), hypernym(D,B).
(r58) memberofdomainregion(A,B) :- hypernym(D,A), derivationallyrelatedform(E,B), verbgroup(A,E), haspart(B,C).
(r59) memberofdomainregion(A,B) :- derivationallyrelatedform(A,D), alsosee(B,A), haspart(B,C).
(r60) memberofdomainregion(A,B) :- membermeronym(C,B), similarto(A,D), alsosee(C,B).
====================
MaxSAT solving... (1391 vars, 5131 hard, 499 soft)
number of rules: 62
program size: 258
(inv1) inv1(X1,X2,X3,X4,X5,X6) :- alsosee(X1,X2), alsosee(X3,X4), membermeronym(X5,X6).
(inv2) inv2(X1,X2,X3,X4,X5,X6,X7,X8) :- membermeronym(X1,X2), membermeronym(X3,X4), haspart(X5,X6), haspart(X7,X8).
(r1) memberofdomainregion(A,B) :- inv1(A,E,A,E,F,C), haspart(C,D), synsetdomaintopicof(B,D).
(r2) memberofdomainregion(A,B) :- synsetdomaintopicof(D,B), membermeronym(C,A), derivationallyrelatedform(B,C).
(r3) memberofdomainregion(A,B) :- inv1(D,B,D,B,F,C), haspart(A,E), memberofdomainusage(F,D).
(r4) memberofdomainregion(A,B) :- inv1(E,C,E,C,F,C), inv1(E,C,E,C,A,F), similarto(D,B).
(r5) memberofdomainregion(A,B) :- derivationallyrelatedform(A,B), synsetdomaintopicof(B,C), instancehypernym(D,C).
(r6) memberofdomainregion(A,B) :- verbgroup(B,D), membermeronym(F,C), synsetdomaintopicof(A,F), derivationallyrelatedform(C,E).
(r7) memberofdomainregion(A,B) :- instancehypernym(D,B), haspart(B,C), alsosee(D,A), instancehypernym(A,C).
(r8) memberofdomainregion(A,B) :- verbgroup(D,A), alsosee(A,B), synsetdomaintopicof(A,C).
(r9) memberofdomainregion(A,B) :- memberofdomainusage(A,C), similarto(D,B), haspart(B,C), synsetdomaintopicof(D,B).
(r10) memberofdomainregion(A,B) :- hypernym(F,B), similarto(E,C), derivationallyrelatedform(D,A), haspart(B,C).
(r11) memberofdomainregion(A,B) :- inv1(E,A,A,F,F,C), instancehypernym(D,B).
(r12) memberofdomainregion(A,B) :- derivationallyrelatedform(A,E), haspart(D,A), haspart(B,C), similarto(D,A).
(r13) memberofdomainregion(A,B) :- alsosee(E,A), memberofdomainusage(A,D), haspart(B,C), derivationallyrelatedform(E,C).
(r14) memberofdomainregion(A,B) :- instancehypernym(D,B), derivationallyrelatedform(D,A), verbgroup(A,B), haspart(B,C).
(r15) memberofdomainregion(A,B) :- similarto(C,A), haspart(D,C), haspart(C,B).
(r16) memberofdomainregion(A,B) :- inv2(F,C,F,C,E,A,E,A), verbgroup(B,D), instancehypernym(B,C).
(r17) memberofdomainregion(A,B) :- memberofdomainusage(E,B), synsetdomaintopicof(D,C), similarto(C,A).
(r18) memberofdomainregion(A,B) :- inv2(D,F,D,A,B,C,B,C), verbgroup(A,E).
(r19) memberofdomainregion(A,B) :- inv2(D,C,D,C,D,B,A,E).
(r20) memberofdomainregion(A,B) :- haspart(A,D), derivationallyrelatedform(E,D), haspart(B,C), hypernym(F,A).
(r21) memberofdomainregion(A,B) :- inv2(E,C,E,C,B,C,B,C), verbgroup(A,D), instancehypernym(D,B).
(r22) memberofdomainregion(A,B) :- hypernym(D,C), similarto(D,B), hypernym(B,A).
(r23) memberofdomainregion(A,B) :- inv2(D,B,D,B,B,C,B,C), memberofdomainusage(A,E), derivationallyrelatedform(A,C).
(r24) memberofdomainregion(A,B) :- similarto(B,C), instancehypernym(E,D), haspart(B,C), verbgroup(A,D).
(r25) memberofdomainregion(A,B) :- inv1(A,E,A,D,F,D), haspart(B,C).
(r26) memberofdomainregion(A,B) :- inv1(C,A,C,A,A,D), synsetdomaintopicof(A,B).
(r27) memberofdomainregion(A,B) :- inv2(C,B,C,B,A,D,A,D), verbgroup(B,E).
(r28) memberofdomainregion(A,B) :- alsosee(E,A), instancehypernym(D,A), haspart(B,C), hypernym(D,B).
(r29) memberofdomainregion(A,B) :- instancehypernym(C,A), similarto(C,B), haspart(B,C), synsetdomaintopicof(D,B).
(r30) memberofdomainregion(A,B) :- inv2(A,C,A,C,B,C,A,C), instancehypernym(D,B).
(r31) memberofdomainregion(A,B) :- similarto(C,D), membermeronym(F,C), verbgroup(C,B), derivationallyrelatedform(E,A).
(r32) memberofdomainregion(A,B) :- instancehypernym(C,B), synsetdomaintopicof(C,A), alsosee(D,C).
(r33) memberofdomainregion(A,B) :- alsosee(A,C), derivationallyrelatedform(D,C), synsetdomaintopicof(D,B).
(r34) memberofdomainregion(A,B) :- membermeronym(F,C), derivationallyrelatedform(C,E), similarto(B,D), memberofdomainusage(E,A).
(r35) memberofdomainregion(A,B) :- haspart(B,C), synsetdomaintopicof(D,C), hypernym(A,E), memberofdomainusage(D,A).
(r36) memberofdomainregion(A,B) :- verbgroup(B,D), instancehypernym(A,D), haspart(B,C), similarto(B,C).
(r37) memberofdomainregion(A,B) :- memberofdomainusage(D,C), alsosee(A,E), similarto(B,A), haspart(B,C).
(r38) memberofdomainregion(A,B) :- inv2(F,C,A,F,D,B,D,B), verbgroup(E,B).
(r39) memberofdomainregion(A,B) :- derivationallyrelatedform(C,E), memberofdomainusage(A,D), haspart(B,C), memberofdomainusage(A,B).
(r40) memberofdomainregion(A,B) :- inv1(D,C,E,B,F,C), synsetdomaintopicof(C,A).
(r41) memberofdomainregion(A,B) :- inv2(F,D,F,D,B,C,B,C), instancehypernym(A,E), instancehypernym(F,E).
(r42) memberofdomainregion(A,B) :- inv2(F,C,D,A,E,C,E,C), hypernym(F,B).
(r43) memberofdomainregion(A,B) :- inv2(D,A,D,A,B,C,B,C), memberofdomainusage(D,B), derivationallyrelatedform(C,A).
(r44) memberofdomainregion(A,B) :- hypernym(D,A), membermeronym(F,C), synsetdomaintopicof(C,D), similarto(E,B).
(r45) memberofdomainregion(A,B) :- inv1(D,B,D,B,F,C), synsetdomaintopicof(C,A), similarto(E,F).
(r46) memberofdomainregion(A,B) :- hypernym(C,D), verbgroup(D,B), haspart(B,C), synsetdomaintopicof(A,B).
(r47) memberofdomainregion(A,B) :- inv1(A,E,A,E,F,C), derivationallyrelatedform(D,B), synsetdomaintopicof(C,D).
(r48) memberofdomainregion(A,B) :- inv2(C,E,C,E,B,C,B,C), derivationallyrelatedform(A,E), similarto(D,E).
(r49) memberofdomainregion(A,B) :- membermeronym(B,E), instancehypernym(B,D), instancehypernym(A,C).
(r50) memberofdomainregion(A,B) :- synsetdomaintopicof(E,A), alsosee(B,C), synsetdomaintopicof(C,D).
(r51) memberofdomainregion(A,B) :- inv1(D,C,D,C,F,C), synsetdomaintopicof(E,A), verbgroup(C,B).
(r52) memberofdomainregion(A,B) :- derivationallyrelatedform(A,B), hypernym(D,A), similarto(B,C).
(r53) memberofdomainregion(A,B) :- inv1(A,E,A,E,F,C), synsetdomaintopicof(D,C), derivationallyrelatedform(B,C).
(r54) memberofdomainregion(A,B) :- hypernym(C,D), similarto(A,B), verbgroup(C,A).
(r55) memberofdomainregion(A,B) :- inv2(C,D,C,D,B,C,B,C), hypernym(D,A), similarto(A,D).
(r56) memberofdomainregion(A,B) :- derivationallyrelatedform(A,E), haspart(D,B), memberofdomainusage(A,D), haspart(B,C).
(r57) memberofdomainregion(A,B) :- inv1(E,F,E,F,F,C), memberofdomainusage(A,C), hypernym(D,B).
(r58) memberofdomainregion(A,B) :- hypernym(D,A), derivationallyrelatedform(E,B), verbgroup(A,E), haspart(B,C).
(r59) memberofdomainregion(A,B) :- derivationallyrelatedform(A,D), alsosee(B,A), haspart(B,C).
(r60) memberofdomainregion(A,B) :- inv1(C,B,C,B,C,B), similarto(A,D).
====================
