number of rules: 100
program size: 477
(r1) memberofdomainregion(A,B) :- haspart(C,D), verbgroup(A,B), haspart(B,C), alsosee(A,D).
(r2) memberofdomainregion(A,B) :- derivationallyrelatedform(C,B), instancehypernym(A,B), similarto(A,D), haspart(B,C).
(r3) memberofdomainregion(A,B) :- verbgroup(E,A), similarto(A,D), synsetdomaintopicof(B,C), haspart(B,C).
(r4) memberofdomainregion(A,B) :- instancehypernym(E,B), haspart(B,C), instancehypernym(D,A), instancehypernym(B,F).
(r5) memberofdomainregion(A,B) :- similarto(D,A), verbgroup(D,B), haspart(A,C).
(r6) memberofdomainregion(A,B) :- hypernym(B,D), similarto(A,E), membermeronym(F,C), haspart(F,D).
(r7) memberofdomainregion(A,B) :- membermeronym(A,C), synsetdomaintopicof(E,D), membermeronym(D,B).
(r8) memberofdomainregion(A,B) :- hypernym(C,B), memberofdomainusage(A,D), haspart(B,C), hypernym(A,E).
(r9) memberofdomainregion(A,B) :- instancehypernym(E,B), derivationallyrelatedform(A,D), derivationallyrelatedform(F,E), haspart(B,C).
(r10) memberofdomainregion(A,B) :- memberofdomainusage(D,B), synsetdomaintopicof(D,C), membermeronym(A,D).
(r11) memberofdomainregion(A,B) :- derivationallyrelatedform(C,B), membermeronym(F,C), haspart(D,C), hypernym(A,E).
(r12) memberofdomainregion(A,B) :- haspart(B,C), similarto(D,C), haspart(A,D), instancehypernym(A,C).
(r13) memberofdomainregion(A,B) :- membermeronym(D,B), synsetdomaintopicof(A,B), membermeronym(C,D).
(r14) memberofdomainregion(A,B) :- verbgroup(E,A), membermeronym(F,C), synsetdomaintopicof(D,C), haspart(C,B).
(r15) memberofdomainregion(A,B) :- alsosee(B,C), similarto(C,A), haspart(B,C), haspart(A,C).
(r16) memberofdomainregion(A,B) :- membermeronym(F,C), derivationallyrelatedform(F,B), haspart(E,A), similarto(B,D).
(r17) memberofdomainregion(A,B) :- hypernym(B,D), membermeronym(F,C), instancehypernym(A,F), memberofdomainusage(E,A).
(r18) memberofdomainregion(A,B) :- alsosee(A,C), similarto(A,D), synsetdomaintopicof(D,C), haspart(B,C).
(r19) memberofdomainregion(A,B) :- hypernym(C,A), verbgroup(B,C), alsosee(C,D).
(r20) memberofdomainregion(A,B) :- haspart(B,C), derivationallyrelatedform(C,A), memberofdomainusage(B,D), haspart(A,E).
(r21) memberofdomainregion(A,B) :- derivationallyrelatedform(B,E), membermeronym(F,C), derivationallyrelatedform(A,D), alsosee(F,B).
(r22) memberofdomainregion(A,B) :- verbgroup(A,D), membermeronym(F,C), verbgroup(F,E), instancehypernym(B,C).
(r23) memberofdomainregion(A,B) :- similarto(F,B), membermeronym(F,C), alsosee(D,B), membermeronym(E,A).
(r24) memberofdomainregion(A,B) :- alsosee(B,C), verbgroup(A,E), derivationallyrelatedform(D,C).
(r25) memberofdomainregion(A,B) :- hypernym(E,B), derivationallyrelatedform(D,A), hypernym(C,F), haspart(B,C).
(r26) memberofdomainregion(A,B) :- alsosee(B,F), membermeronym(F,C), hypernym(A,E), synsetdomaintopicof(D,B).
(r27) memberofdomainregion(A,B) :- haspart(C,D), hypernym(C,B), memberofdomainusage(E,A).
(r28) memberofdomainregion(A,B) :- haspart(A,D), similarto(E,C), synsetdomaintopicof(C,F), haspart(B,C).
(r29) memberofdomainregion(A,B) :- synsetdomaintopicof(E,B), alsosee(A,E), alsosee(D,A), haspart(B,C).
(r30) memberofdomainregion(A,B) :- synsetdomaintopicof(A,D), haspart(B,C), verbgroup(E,B), membermeronym(F,D).
(r31) memberofdomainregion(A,B) :- membermeronym(F,C), similarto(A,D), memberofdomainusage(E,B), synsetdomaintopicof(D,C).
(r32) memberofdomainregion(A,B) :- haspart(A,D), verbgroup(C,B), synsetdomaintopicof(E,C).
(r33) memberofdomainregion(A,B) :- derivationallyrelatedform(B,E), membermeronym(F,C), haspart(D,A), alsosee(C,E).
(r34) memberofdomainregion(A,B) :- derivationallyrelatedform(A,E), memberofdomainusage(C,B), haspart(D,B), haspart(B,C).
(r35) memberofdomainregion(A,B) :- membermeronym(F,C), membermeronym(B,E), hypernym(F,D), membermeronym(D,A).
(r36) memberofdomainregion(A,B) :- instancehypernym(E,B), alsosee(A,B), synsetdomaintopicof(D,A), haspart(B,C).
(r37) memberofdomainregion(A,B) :- haspart(B,A), memberofdomainusage(D,B), haspart(B,C), instancehypernym(D,C).
(r38) memberofdomainregion(A,B) :- hypernym(B,E), membermeronym(F,C), alsosee(A,D), derivationallyrelatedform(E,C).
(r39) memberofdomainregion(A,B) :- instancehypernym(D,B), alsosee(A,E), haspart(B,C), derivationallyrelatedform(F,A).
(r40) memberofdomainregion(A,B) :- memberofdomainusage(A,E), similarto(A,D), haspart(B,C), haspart(D,F).
(r41) memberofdomainregion(A,B) :- derivationallyrelatedform(E,F), derivationallyrelatedform(F,D), haspart(B,C), verbgroup(A,D).
(r42) memberofdomainregion(A,B) :- membermeronym(C,B), hypernym(E,A), synsetdomaintopicof(D,A).
(r43) memberofdomainregion(A,B) :- membermeronym(B,C), instancehypernym(A,B), similarto(C,D).
(r44) memberofdomainregion(A,B) :- membermeronym(F,C), synsetdomaintopicof(D,A), membermeronym(F,B), derivationallyrelatedform(E,B).
(r45) memberofdomainregion(A,B) :- synsetdomaintopicof(D,A), synsetdomaintopicof(C,D), hypernym(A,E), haspart(B,C).
(r46) memberofdomainregion(A,B) :- verbgroup(C,D), haspart(A,D), similarto(C,B).
(r47) memberofdomainregion(A,B) :- hypernym(D,A), alsosee(B,E), membermeronym(C,E).
(r48) memberofdomainregion(A,B) :- instancehypernym(A,B), haspart(A,D), similarto(E,B), haspart(B,C).
(r49) memberofdomainregion(A,B) :- derivationallyrelatedform(D,B), instancehypernym(D,A), haspart(B,C), haspart(A,E).
(r50) memberofdomainregion(A,B) :- alsosee(C,B), membermeronym(F,C), hypernym(D,C), haspart(A,E).
(r51) memberofdomainregion(A,B) :- alsosee(E,D), similarto(A,D), haspart(B,C), similarto(D,E).
(r52) memberofdomainregion(A,B) :- haspart(B,E), verbgroup(E,C), alsosee(A,D).
(r53) memberofdomainregion(A,B) :- derivationallyrelatedform(C,E), derivationallyrelatedform(C,A), memberofdomainusage(A,D), haspart(B,C).
(r54) memberofdomainregion(A,B) :- membermeronym(A,E), instancehypernym(F,B), derivationallyrelatedform(F,D), haspart(B,C).
(r55) memberofdomainregion(A,B) :- synsetdomaintopicof(E,A), similarto(B,D), instancehypernym(D,C).
(r56) memberofdomainregion(A,B) :- membermeronym(B,C), membermeronym(F,C), haspart(E,A), similarto(B,D).
(r57) memberofdomainregion(A,B) :- similarto(B,F), hypernym(E,A), hypernym(A,D), haspart(B,C).
(r58) memberofdomainregion(A,B) :- membermeronym(D,C), similarto(A,E), membermeronym(F,C), synsetdomaintopicof(B,F).
(r59) memberofdomainregion(A,B) :- membermeronym(F,C), alsosee(B,E), similarto(D,F), alsosee(D,A).
(r60) memberofdomainregion(A,B) :- alsosee(E,D), membermeronym(B,A), hypernym(A,E), haspart(B,C).
(r61) memberofdomainregion(A,B) :- instancehypernym(B,E), memberofdomainusage(A,D), haspart(B,C), membermeronym(C,D).
(r62) memberofdomainregion(A,B) :- memberofdomainusage(B,F), membermeronym(F,C), instancehypernym(E,A), verbgroup(D,C).
(r63) memberofdomainregion(A,B) :- verbgroup(B,D), memberofdomainusage(A,C), haspart(A,B).
(r64) memberofdomainregion(A,B) :- verbgroup(D,A), memberofdomainusage(C,B), synsetdomaintopicof(E,D).
(r65) memberofdomainregion(A,B) :- derivationallyrelatedform(A,E), membermeronym(F,C), synsetdomaintopicof(E,C), membermeronym(B,D).
(r66) memberofdomainregion(A,B) :- instancehypernym(C,B), hypernym(D,A), membermeronym(F,C), similarto(A,E).
(r67) memberofdomainregion(A,B) :- haspart(E,D), membermeronym(F,C), instancehypernym(A,C), synsetdomaintopicof(B,E).
(r68) memberofdomainregion(A,B) :- membermeronym(A,C), hypernym(D,A), membermeronym(A,E), haspart(B,C).
(r69) memberofdomainregion(A,B) :- similarto(B,F), instancehypernym(B,D), hypernym(A,E), haspart(B,C).
(r70) memberofdomainregion(A,B) :- derivationallyrelatedform(F,E), similarto(D,B), haspart(B,C), memberofdomainusage(A,F).
(r71) memberofdomainregion(A,B) :- membermeronym(E,C), derivationallyrelatedform(D,A), memberofdomainusage(D,E), haspart(B,C).
(r72) memberofdomainregion(A,B) :- synsetdomaintopicof(C,B), hypernym(C,E), derivationallyrelatedform(D,A), haspart(B,C).
(r73) memberofdomainregion(A,B) :- haspart(B,C), hypernym(D,B), instancehypernym(B,F), haspart(A,E).
(r74) memberofdomainregion(A,B) :- alsosee(B,C), membermeronym(F,C), hypernym(D,B), memberofdomainusage(E,A).
(r75) memberofdomainregion(A,B) :- membermeronym(F,C), derivationallyrelatedform(E,A), derivationallyrelatedform(B,F), hypernym(D,F).
(r76) memberofdomainregion(A,B) :- membermeronym(F,C), synsetdomaintopicof(A,F), synsetdomaintopicof(B,D), synsetdomaintopicof(F,E).
(r77) memberofdomainregion(A,B) :- haspart(D,A), verbgroup(D,B), haspart(B,C), hypernym(E,A).
(r78) memberofdomainregion(A,B) :- alsosee(E,C), memberofdomainusage(A,E), verbgroup(D,B), haspart(B,C).
(r79) memberofdomainregion(A,B) :- membermeronym(B,C), membermeronym(A,E), haspart(D,E).
(r80) memberofdomainregion(A,B) :- haspart(B,F), memberofdomainusage(A,D), haspart(B,C), membermeronym(E,A).
(r81) memberofdomainregion(A,B) :- synsetdomaintopicof(E,B), haspart(B,C), instancehypernym(D,C), memberofdomainusage(A,F).
(r82) memberofdomainregion(A,B) :- verbgroup(F,D), alsosee(A,D), haspart(B,C), similarto(E,B).
(r83) memberofdomainregion(A,B) :- instancehypernym(A,E), synsetdomaintopicof(C,E), similarto(D,B).
(r84) memberofdomainregion(A,B) :- similarto(A,D), derivationallyrelatedform(F,B), haspart(B,C), similarto(E,D).
(r85) memberofdomainregion(A,B) :- membermeronym(F,C), verbgroup(B,E), membermeronym(D,A), haspart(C,A).
(r86) memberofdomainregion(A,B) :- derivationallyrelatedform(C,B), synsetdomaintopicof(B,D), haspart(A,D).
(r87) memberofdomainregion(A,B) :- similarto(D,C), memberofdomainusage(C,F), alsosee(A,E), haspart(B,C).
(r88) memberofdomainregion(A,B) :- verbgroup(E,D), similarto(C,D), haspart(B,C), haspart(A,C).
(r89) memberofdomainregion(A,B) :- memberofdomainusage(C,B), haspart(A,D), synsetdomaintopicof(B,D), haspart(B,C).
(r90) memberofdomainregion(A,B) :- membermeronym(A,C), derivationallyrelatedform(A,D), memberofdomainusage(B,A), haspart(B,C).
(r91) memberofdomainregion(A,B) :- membermeronym(F,C), memberofdomainusage(C,E), memberofdomainusage(F,B), memberofdomainusage(D,A).
(r92) memberofdomainregion(A,B) :- haspart(D,B), hypernym(C,B), similarto(A,C).
(r93) memberofdomainregion(A,B) :- membermeronym(F,C), instancehypernym(D,A), memberofdomainusage(F,B), memberofdomainusage(E,A).
(r94) memberofdomainregion(A,B) :- haspart(B,C), memberofdomainusage(D,B), derivationallyrelatedform(D,A), membermeronym(B,D).
(r95) memberofdomainregion(A,B) :- similarto(E,A), verbgroup(D,B), haspart(B,C), synsetdomaintopicof(B,E).
(r96) memberofdomainregion(A,B) :- memberofdomainusage(A,E), membermeronym(F,C), verbgroup(D,B), derivationallyrelatedform(A,F).
(r97) memberofdomainregion(A,B) :- hypernym(D,A), similarto(C,A), hypernym(D,B).
(r98) memberofdomainregion(A,B) :- similarto(B,C), membermeronym(A,D), haspart(B,C), synsetdomaintopicof(B,E).
(r99) memberofdomainregion(A,B) :- haspart(B,D), hypernym(B,A), haspart(C,B).
(r100) memberofdomainregion(A,B) :- verbgroup(D,B), alsosee(C,A), haspart(C,B).
====================
MaxSAT solving... (3289 vars, 16013 hard, 1027 soft)
number of rules: 102
program size: 433
(inv1) inv1(X1,X2,X3,X4,X5,X6,X7,X8) :- similarto(X1,X2), similarto(X3,X4), haspart(X5,X6), haspart(X7,X8).
(inv2) inv2(X1,X2,X3,X4,X5,X6,X7,X8) :- haspart(X1,X2), haspart(X3,X4), derivationallyrelatedform(X5,X6), derivationallyrelatedform(X7,X8).
(r1) memberofdomainregion(A,B) :- haspart(C,D), verbgroup(A,B), haspart(B,C), alsosee(A,D).
(r2) memberofdomainregion(A,B) :- inv2(B,C,B,C,C,B,C,B), instancehypernym(A,B), similarto(A,D).
(r3) memberofdomainregion(A,B) :- inv1(A,D,A,D,B,C,B,C), verbgroup(E,A), synsetdomaintopicof(B,C).
(r4) memberofdomainregion(A,B) :- instancehypernym(E,B), haspart(B,C), instancehypernym(D,A), instancehypernym(B,F).
(r5) memberofdomainregion(A,B) :- inv1(D,A,D,A,A,C,A,C), verbgroup(D,B).
(r6) memberofdomainregion(A,B) :- inv1(A,E,A,E,F,D,F,D), hypernym(B,D), membermeronym(F,C).
(r7) memberofdomainregion(A,B) :- membermeronym(A,C), synsetdomaintopicof(E,D), membermeronym(D,B).
(r8) memberofdomainregion(A,B) :- hypernym(C,B), memberofdomainusage(A,D), haspart(B,C), hypernym(A,E).
(r9) memberofdomainregion(A,B) :- inv2(B,C,B,C,A,D,F,E), instancehypernym(E,B).
(r10) memberofdomainregion(A,B) :- memberofdomainusage(D,B), synsetdomaintopicof(D,C), membermeronym(A,D).
(r11) memberofdomainregion(A,B) :- inv2(D,C,D,C,C,B,C,B), membermeronym(F,C), hypernym(A,E).
(r12) memberofdomainregion(A,B) :- inv1(D,C,D,C,B,C,A,D), instancehypernym(A,C).
(r13) memberofdomainregion(A,B) :- membermeronym(D,B), synsetdomaintopicof(A,B), membermeronym(C,D).
(r14) memberofdomainregion(A,B) :- verbgroup(E,A), membermeronym(F,C), synsetdomaintopicof(D,C), haspart(C,B).
(r15) memberofdomainregion(A,B) :- inv1(C,A,C,A,B,C,A,C), alsosee(B,C).
(r16) memberofdomainregion(A,B) :- inv2(E,A,E,A,F,B,F,B), membermeronym(F,C), similarto(B,D).
(r17) memberofdomainregion(A,B) :- hypernym(B,D), membermeronym(F,C), instancehypernym(A,F), memberofdomainusage(E,A).
(r18) memberofdomainregion(A,B) :- inv1(A,D,A,D,B,C,B,C), alsosee(A,C), synsetdomaintopicof(D,C).
(r19) memberofdomainregion(A,B) :- hypernym(C,A), verbgroup(B,C), alsosee(C,D).
(r20) memberofdomainregion(A,B) :- inv2(B,C,A,E,C,A,C,A), memberofdomainusage(B,D).
(r21) memberofdomainregion(A,B) :- derivationallyrelatedform(B,E), membermeronym(F,C), derivationallyrelatedform(A,D), alsosee(F,B).
(r22) memberofdomainregion(A,B) :- verbgroup(A,D), membermeronym(F,C), verbgroup(F,E), instancehypernym(B,C).
(r23) memberofdomainregion(A,B) :- similarto(F,B), membermeronym(F,C), alsosee(D,B), membermeronym(E,A).
(r24) memberofdomainregion(A,B) :- alsosee(B,C), verbgroup(A,E), derivationallyrelatedform(D,C).
(r25) memberofdomainregion(A,B) :- inv2(B,C,B,C,D,A,D,A), hypernym(E,B), hypernym(C,F).
(r26) memberofdomainregion(A,B) :- alsosee(B,F), membermeronym(F,C), hypernym(A,E), synsetdomaintopicof(D,B).
(r27) memberofdomainregion(A,B) :- haspart(C,D), hypernym(C,B), memberofdomainusage(E,A).
(r28) memberofdomainregion(A,B) :- inv1(E,C,E,C,A,D,B,C), synsetdomaintopicof(C,F).
(r29) memberofdomainregion(A,B) :- synsetdomaintopicof(E,B), alsosee(A,E), alsosee(D,A), haspart(B,C).
(r30) memberofdomainregion(A,B) :- synsetdomaintopicof(A,D), haspart(B,C), verbgroup(E,B), membermeronym(F,D).
(r31) memberofdomainregion(A,B) :- membermeronym(F,C), similarto(A,D), memberofdomainusage(E,B), synsetdomaintopicof(D,C).
(r32) memberofdomainregion(A,B) :- haspart(A,D), verbgroup(C,B), synsetdomaintopicof(E,C).
(r33) memberofdomainregion(A,B) :- inv2(D,A,D,A,B,E,B,E), membermeronym(F,C), alsosee(C,E).
(r34) memberofdomainregion(A,B) :- inv2(D,B,B,C,A,E,A,E), memberofdomainusage(C,B).
(r35) memberofdomainregion(A,B) :- membermeronym(F,C), membermeronym(B,E), hypernym(F,D), membermeronym(D,A).
(r36) memberofdomainregion(A,B) :- instancehypernym(E,B), alsosee(A,B), synsetdomaintopicof(D,A), haspart(B,C).
(r37) memberofdomainregion(A,B) :- haspart(B,A), memberofdomainusage(D,B), haspart(B,C), instancehypernym(D,C).
(r38) memberofdomainregion(A,B) :- hypernym(B,E), membermeronym(F,C), alsosee(A,D), derivationallyrelatedform(E,C).
(r39) memberofdomainregion(A,B) :- inv2(B,C,B,C,F,A,F,A), instancehypernym(D,B), alsosee(A,E).
(r40) memberofdomainregion(A,B) :- inv1(A,D,A,D,B,C,D,F), memberofdomainusage(A,E).
(r41) memberofdomainregion(A,B) :- inv2(B,C,B,C,E,F,F,D), verbgroup(A,D).
(r42) memberofdomainregion(A,B) :- membermeronym(C,B), hypernym(E,A), synsetdomaintopicof(D,A).
(r43) memberofdomainregion(A,B) :- membermeronym(B,C), instancehypernym(A,B), similarto(C,D).
(r44) memberofdomainregion(A,B) :- membermeronym(F,C), synsetdomaintopicof(D,A), membermeronym(F,B), derivationallyrelatedform(E,B).
(r45) memberofdomainregion(A,B) :- synsetdomaintopicof(D,A), synsetdomaintopicof(C,D), hypernym(A,E), haspart(B,C).
(r46) memberofdomainregion(A,B) :- inv1(C,B,C,B,A,D,A,D), verbgroup(C,D).
(r47) memberofdomainregion(A,B) :- hypernym(D,A), alsosee(B,E), membermeronym(C,E).
(r48) memberofdomainregion(A,B) :- inv1(E,B,E,B,A,D,B,C), instancehypernym(A,B).
(r49) memberofdomainregion(A,B) :- inv2(B,C,A,E,D,B,D,B), instancehypernym(D,A).
(r50) memberofdomainregion(A,B) :- alsosee(C,B), membermeronym(F,C), hypernym(D,C), haspart(A,E).
(r51) memberofdomainregion(A,B) :- inv1(A,D,D,E,B,C,B,C), alsosee(E,D).
(r52) memberofdomainregion(A,B) :- haspart(B,E), verbgroup(E,C), alsosee(A,D).
(r53) memberofdomainregion(A,B) :- inv2(B,C,B,C,C,E,C,A), memberofdomainusage(A,D).
(r54) memberofdomainregion(A,B) :- inv2(B,C,B,C,F,D,F,D), membermeronym(A,E), instancehypernym(F,B).
(r55) memberofdomainregion(A,B) :- synsetdomaintopicof(E,A), similarto(B,D), instancehypernym(D,C).
(r56) memberofdomainregion(A,B) :- inv1(B,D,B,D,E,A,E,A), membermeronym(B,C), membermeronym(F,C).
(r57) memberofdomainregion(A,B) :- inv1(B,F,B,F,B,C,B,C), hypernym(E,A), hypernym(A,D).
(r58) memberofdomainregion(A,B) :- membermeronym(D,C), similarto(A,E), membermeronym(F,C), synsetdomaintopicof(B,F).
(r59) memberofdomainregion(A,B) :- membermeronym(F,C), alsosee(B,E), similarto(D,F), alsosee(D,A).
(r60) memberofdomainregion(A,B) :- alsosee(E,D), membermeronym(B,A), hypernym(A,E), haspart(B,C).
(r61) memberofdomainregion(A,B) :- instancehypernym(B,E), memberofdomainusage(A,D), haspart(B,C), membermeronym(C,D).
(r62) memberofdomainregion(A,B) :- memberofdomainusage(B,F), membermeronym(F,C), instancehypernym(E,A), verbgroup(D,C).
(r63) memberofdomainregion(A,B) :- verbgroup(B,D), memberofdomainusage(A,C), haspart(A,B).
(r64) memberofdomainregion(A,B) :- verbgroup(D,A), memberofdomainusage(C,B), synsetdomaintopicof(E,D).
(r65) memberofdomainregion(A,B) :- derivationallyrelatedform(A,E), membermeronym(F,C), synsetdomaintopicof(E,C), membermeronym(B,D).
(r66) memberofdomainregion(A,B) :- instancehypernym(C,B), hypernym(D,A), membermeronym(F,C), similarto(A,E).
(r67) memberofdomainregion(A,B) :- haspart(E,D), membermeronym(F,C), instancehypernym(A,C), synsetdomaintopicof(B,E).
(r68) memberofdomainregion(A,B) :- membermeronym(A,C), hypernym(D,A), membermeronym(A,E), haspart(B,C).
(r69) memberofdomainregion(A,B) :- inv1(B,F,B,F,B,C,B,C), instancehypernym(B,D), hypernym(A,E).
(r70) memberofdomainregion(A,B) :- inv2(B,C,B,C,F,E,F,E), similarto(D,B), memberofdomainusage(A,F).
(r71) memberofdomainregion(A,B) :- inv2(B,C,B,C,D,A,D,A), membermeronym(E,C), memberofdomainusage(D,E).
(r72) memberofdomainregion(A,B) :- inv2(B,C,B,C,D,A,D,A), synsetdomaintopicof(C,B), hypernym(C,E).
(r73) memberofdomainregion(A,B) :- haspart(B,C), hypernym(D,B), instancehypernym(B,F), haspart(A,E).
(r74) memberofdomainregion(A,B) :- alsosee(B,C), membermeronym(F,C), hypernym(D,B), memberofdomainusage(E,A).
(r75) memberofdomainregion(A,B) :- membermeronym(F,C), derivationallyrelatedform(E,A), derivationallyrelatedform(B,F), hypernym(D,F).
(r76) memberofdomainregion(A,B) :- membermeronym(F,C), synsetdomaintopicof(A,F), synsetdomaintopicof(B,D), synsetdomaintopicof(F,E).
(r77) memberofdomainregion(A,B) :- haspart(D,A), verbgroup(D,B), haspart(B,C), hypernym(E,A).
(r78) memberofdomainregion(A,B) :- alsosee(E,C), memberofdomainusage(A,E), verbgroup(D,B), haspart(B,C).
(r79) memberofdomainregion(A,B) :- membermeronym(B,C), membermeronym(A,E), haspart(D,E).
(r80) memberofdomainregion(A,B) :- haspart(B,F), memberofdomainusage(A,D), haspart(B,C), membermeronym(E,A).
(r81) memberofdomainregion(A,B) :- synsetdomaintopicof(E,B), haspart(B,C), instancehypernym(D,C), memberofdomainusage(A,F).
(r82) memberofdomainregion(A,B) :- inv1(E,B,E,B,B,C,B,C), verbgroup(F,D), alsosee(A,D).
(r83) memberofdomainregion(A,B) :- instancehypernym(A,E), synsetdomaintopicof(C,E), similarto(D,B).
(r84) memberofdomainregion(A,B) :- inv1(A,D,E,D,B,C,B,C), inv2(B,C,B,C,F,B,F,B).
(r85) memberofdomainregion(A,B) :- membermeronym(F,C), verbgroup(B,E), membermeronym(D,A), haspart(C,A).
(r86) memberofdomainregion(A,B) :- inv2(A,D,A,D,C,B,C,B), synsetdomaintopicof(B,D).
(r87) memberofdomainregion(A,B) :- inv1(D,C,D,C,B,C,B,C), memberofdomainusage(C,F), alsosee(A,E).
(r88) memberofdomainregion(A,B) :- inv1(C,D,C,D,B,C,A,C), verbgroup(E,D).
(r89) memberofdomainregion(A,B) :- memberofdomainusage(C,B), haspart(A,D), synsetdomaintopicof(B,D), haspart(B,C).
(r90) memberofdomainregion(A,B) :- inv2(B,C,B,C,A,D,A,D), membermeronym(A,C), memberofdomainusage(B,A).
(r91) memberofdomainregion(A,B) :- membermeronym(F,C), memberofdomainusage(C,E), memberofdomainusage(F,B), memberofdomainusage(D,A).
(r92) memberofdomainregion(A,B) :- inv1(A,C,A,C,D,B,D,B), hypernym(C,B).
(r93) memberofdomainregion(A,B) :- membermeronym(F,C), instancehypernym(D,A), memberofdomainusage(F,B), memberofdomainusage(E,A).
(r94) memberofdomainregion(A,B) :- inv2(B,C,B,C,D,A,D,A), memberofdomainusage(D,B), membermeronym(B,D).
(r95) memberofdomainregion(A,B) :- inv1(E,A,E,A,B,C,B,C), verbgroup(D,B), synsetdomaintopicof(B,E).
(r96) memberofdomainregion(A,B) :- memberofdomainusage(A,E), membermeronym(F,C), verbgroup(D,B), derivationallyrelatedform(A,F).
(r97) memberofdomainregion(A,B) :- hypernym(D,A), similarto(C,A), hypernym(D,B).
(r98) memberofdomainregion(A,B) :- inv1(B,C,B,C,B,C,B,C), membermeronym(A,D), synsetdomaintopicof(B,E).
(r99) memberofdomainregion(A,B) :- haspart(B,D), hypernym(B,A), haspart(C,B).
(r100) memberofdomainregion(A,B) :- verbgroup(D,B), alsosee(C,A), haspart(C,B).
====================
