number of rules: 90
program size: 433
(r1) memberofdomainregion(A,B) :- hypernym(D,E), membermeronym(F,C), memberofdomainusage(E,B), similarto(A,F).
(r2) memberofdomainregion(A,B) :- similarto(E,F), synsetdomaintopicof(A,D), membermeronym(F,B), haspart(B,C).
(r3) memberofdomainregion(A,B) :- instancehypernym(A,E), hypernym(F,D), instancehypernym(B,D), haspart(B,C).
(r4) memberofdomainregion(A,B) :- membermeronym(F,C), instancehypernym(C,A), alsosee(B,E), synsetdomaintopicof(D,F).
(r5) memberofdomainregion(A,B) :- membermeronym(E,F), membermeronym(F,C), membermeronym(B,E), memberofdomainusage(D,A).
(r6) memberofdomainregion(A,B) :- hypernym(C,A), membermeronym(C,B), synsetdomaintopicof(A,B).
(r7) memberofdomainregion(A,B) :- hypernym(E,D), membermeronym(A,E), membermeronym(C,A), haspart(B,C).
(r8) memberofdomainregion(A,B) :- similarto(E,A), similarto(D,A), haspart(B,C), hypernym(D,B).
(r9) memberofdomainregion(A,B) :- alsosee(A,E), derivationallyrelatedform(A,D), alsosee(B,D), haspart(B,C).
(r10) memberofdomainregion(A,B) :- derivationallyrelatedform(B,C), haspart(B,D), memberofdomainusage(A,B).
(r11) memberofdomainregion(A,B) :- haspart(D,E), memberofdomainusage(A,E), hypernym(A,E), haspart(B,C).
(r12) memberofdomainregion(A,B) :- derivationallyrelatedform(F,E), verbgroup(E,C), derivationallyrelatedform(A,D), haspart(B,C).
(r13) memberofdomainregion(A,B) :- membermeronym(F,E), synsetdomaintopicof(B,E), haspart(B,C), hypernym(A,D).
(r14) memberofdomainregion(A,B) :- similarto(C,D), alsosee(B,A), verbgroup(A,D).
(r15) memberofdomainregion(A,B) :- verbgroup(E,D), similarto(A,E), hypernym(C,B).
(r16) memberofdomainregion(A,B) :- membermeronym(F,C), haspart(A,F), verbgroup(D,B), memberofdomainusage(E,A).
(r17) memberofdomainregion(A,B) :- membermeronym(F,C), verbgroup(B,C), membermeronym(E,D), hypernym(E,A).
(r18) memberofdomainregion(A,B) :- verbgroup(E,D), hypernym(B,F), memberofdomainusage(A,D), haspart(B,C).
(r19) memberofdomainregion(A,B) :- hypernym(E,B), synsetdomaintopicof(A,D), haspart(B,C), similarto(E,D).
(r20) memberofdomainregion(A,B) :- synsetdomaintopicof(C,E), membermeronym(F,C), memberofdomainusage(A,D), verbgroup(F,B).
(r21) memberofdomainregion(A,B) :- derivationallyrelatedform(B,D), membermeronym(A,E), membermeronym(F,C), haspart(A,C).
(r22) memberofdomainregion(A,B) :- alsosee(F,A), instancehypernym(E,A), haspart(B,C), verbgroup(A,D).
(r23) memberofdomainregion(A,B) :- verbgroup(C,D), membermeronym(A,E), membermeronym(D,B), haspart(B,C).
(r24) memberofdomainregion(A,B) :- alsosee(E,D), membermeronym(F,C), hypernym(B,F), alsosee(E,A).
(r25) memberofdomainregion(A,B) :- haspart(F,A), derivationallyrelatedform(B,E), membermeronym(D,F), membermeronym(F,C).
(r26) memberofdomainregion(A,B) :- haspart(D,B), membermeronym(A,D), haspart(B,C), alsosee(A,D).
(r27) memberofdomainregion(A,B) :- synsetdomaintopicof(A,D), haspart(B,A), membermeronym(E,B), haspart(B,C).
(r28) memberofdomainregion(A,B) :- hypernym(F,B), membermeronym(F,C), haspart(D,C), derivationallyrelatedform(E,A).
(r29) memberofdomainregion(A,B) :- synsetdomaintopicof(C,B), membermeronym(D,B), haspart(B,C), hypernym(E,A).
(r30) memberofdomainregion(A,B) :- synsetdomaintopicof(C,A), similarto(A,B), membermeronym(D,A).
(r31) memberofdomainregion(A,B) :- haspart(B,C), haspart(F,A), instancehypernym(A,D), verbgroup(E,B).
(r32) memberofdomainregion(A,B) :- synsetdomaintopicof(E,B), membermeronym(F,C), haspart(F,D), similarto(A,C).
(r33) memberofdomainregion(A,B) :- instancehypernym(A,E), haspart(B,D), alsosee(D,A), haspart(B,C).
(r34) memberofdomainregion(A,B) :- instancehypernym(A,E), synsetdomaintopicof(D,C), derivationallyrelatedform(A,F), haspart(B,C).
(r35) memberofdomainregion(A,B) :- membermeronym(F,C), derivationallyrelatedform(F,B), instancehypernym(C,E), membermeronym(A,D).
(r36) memberofdomainregion(A,B) :- membermeronym(A,C), derivationallyrelatedform(E,F), membermeronym(F,C), verbgroup(D,B).
(r37) memberofdomainregion(A,B) :- haspart(D,B), membermeronym(A,B), similarto(C,E), haspart(B,C).
(r38) memberofdomainregion(A,B) :- membermeronym(F,A), membermeronym(F,C), synsetdomaintopicof(E,D), memberofdomainusage(B,D).
(r39) memberofdomainregion(A,B) :- instancehypernym(F,E), membermeronym(D,B), haspart(B,C), verbgroup(F,A).
(r40) memberofdomainregion(A,B) :- membermeronym(F,C), memberofdomainusage(B,E), alsosee(D,A), haspart(C,B).
(r41) memberofdomainregion(A,B) :- synsetdomaintopicof(E,B), membermeronym(F,C), derivationallyrelatedform(A,C), alsosee(D,F).
(r42) memberofdomainregion(A,B) :- verbgroup(C,D), hypernym(C,B), membermeronym(D,A).
(r43) memberofdomainregion(A,B) :- similarto(A,E), derivationallyrelatedform(C,D), haspart(B,C), synsetdomaintopicof(D,B).
(r44) memberofdomainregion(A,B) :- verbgroup(D,C), synsetdomaintopicof(C,D), membermeronym(A,D), haspart(B,C).
(r45) memberofdomainregion(A,B) :- verbgroup(B,D), haspart(B,C), verbgroup(E,B), similarto(A,D).
(r46) memberofdomainregion(A,B) :- instancehypernym(C,B), alsosee(C,A), membermeronym(B,D).
(r47) memberofdomainregion(A,B) :- hypernym(B,D), alsosee(A,D), haspart(B,C), synsetdomaintopicof(B,E).
(r48) memberofdomainregion(A,B) :- haspart(C,A), haspart(B,C), memberofdomainusage(A,D), verbgroup(D,B).
(r49) memberofdomainregion(A,B) :- membermeronym(A,E), haspart(C,E), haspart(B,C), membermeronym(C,D).
(r50) memberofdomainregion(A,B) :- membermeronym(F,C), membermeronym(C,A), membermeronym(B,D), derivationallyrelatedform(E,C).
(r51) memberofdomainregion(A,B) :- haspart(A,F), membermeronym(A,D), haspart(B,C), synsetdomaintopicof(B,E).
(r52) memberofdomainregion(A,B) :- hypernym(F,E), derivationallyrelatedform(D,B), membermeronym(F,C), haspart(A,C).
(r53) memberofdomainregion(A,B) :- membermeronym(F,C), similarto(A,F), alsosee(B,D), instancehypernym(E,C).
(r54) memberofdomainregion(A,B) :- similarto(A,E), haspart(D,C), membermeronym(A,D), haspart(B,C).
(r55) memberofdomainregion(A,B) :- derivationallyrelatedform(D,A), alsosee(E,C), instancehypernym(E,D), haspart(B,C).
(r56) memberofdomainregion(A,B) :- membermeronym(F,C), instancehypernym(F,E), synsetdomaintopicof(B,D), membermeronym(C,A).
(r57) memberofdomainregion(A,B) :- membermeronym(A,D), synsetdomaintopicof(B,C), memberofdomainusage(A,D).
(r58) memberofdomainregion(A,B) :- instancehypernym(E,B), membermeronym(F,B), haspart(B,C), verbgroup(A,D).
(r59) memberofdomainregion(A,B) :- haspart(A,E), similarto(E,A), haspart(B,C), verbgroup(A,D).
(r60) memberofdomainregion(A,B) :- instancehypernym(E,F), membermeronym(F,C), similarto(D,B), similarto(C,A).
(r61) memberofdomainregion(A,B) :- memberofdomainusage(B,C), similarto(A,D), hypernym(B,A).
(r62) memberofdomainregion(A,B) :- memberofdomainusage(C,B), synsetdomaintopicof(C,D), derivationallyrelatedform(B,A).
(r63) memberofdomainregion(A,B) :- derivationallyrelatedform(D,B), membermeronym(F,C), similarto(E,A), alsosee(F,D).
(r64) memberofdomainregion(A,B) :- alsosee(D,C), derivationallyrelatedform(A,C), haspart(C,B).
(r65) memberofdomainregion(A,B) :- synsetdomaintopicof(D,E), synsetdomaintopicof(D,C), membermeronym(A,D), haspart(B,C).
(r66) memberofdomainregion(A,B) :- haspart(D,E), derivationallyrelatedform(D,A), haspart(B,C), similarto(F,B).
(r67) memberofdomainregion(A,B) :- alsosee(B,C), instancehypernym(C,E), haspart(A,D).
(r68) memberofdomainregion(A,B) :- verbgroup(E,D), haspart(B,C), haspart(A,D), membermeronym(D,A).
(r69) memberofdomainregion(A,B) :- memberofdomainusage(D,C), hypernym(A,D), derivationallyrelatedform(E,A), haspart(B,C).
(r70) memberofdomainregion(A,B) :- haspart(F,A), membermeronym(F,C), derivationallyrelatedform(D,E), similarto(E,B).
(r71) memberofdomainregion(A,B) :- similarto(B,A), alsosee(D,A), membermeronym(C,D).
(r72) memberofdomainregion(A,B) :- memberofdomainusage(D,C), memberofdomainusage(E,C), memberofdomainusage(A,E), haspart(B,C).
(r73) memberofdomainregion(A,B) :- synsetdomaintopicof(D,A), membermeronym(D,B), similarto(B,E), haspart(B,C).
(r74) memberofdomainregion(A,B) :- derivationallyrelatedform(B,E), membermeronym(F,C), instancehypernym(C,D), derivationallyrelatedform(A,F).
(r75) memberofdomainregion(A,B) :- verbgroup(E,C), verbgroup(F,C), alsosee(A,D), haspart(B,C).
(r76) memberofdomainregion(A,B) :- derivationallyrelatedform(D,B), haspart(B,C), similarto(B,E), verbgroup(B,A).
(r77) memberofdomainregion(A,B) :- alsosee(C,B), instancehypernym(B,D), verbgroup(A,D).
(r78) memberofdomainregion(A,B) :- alsosee(E,A), memberofdomainusage(F,E), haspart(B,C), hypernym(A,D).
(r79) memberofdomainregion(A,B) :- synsetdomaintopicof(A,E), verbgroup(B,C), haspart(B,D), haspart(B,C).
(r80) memberofdomainregion(A,B) :- instancehypernym(A,E), membermeronym(A,E), haspart(B,C), verbgroup(D,A).
(r81) memberofdomainregion(A,B) :- instancehypernym(C,B), haspart(A,D), alsosee(D,E).
(r82) memberofdomainregion(A,B) :- instancehypernym(A,E), membermeronym(F,C), memberofdomainusage(D,B), alsosee(D,F).
(r83) memberofdomainregion(A,B) :- synsetdomaintopicof(D,A), haspart(E,C), haspart(B,C), instancehypernym(C,F).
(r84) memberofdomainregion(A,B) :- derivationallyrelatedform(D,B), membermeronym(A,E), hypernym(E,A), haspart(B,C).
(r85) memberofdomainregion(A,B) :- derivationallyrelatedform(A,E), instancehypernym(D,A), derivationallyrelatedform(E,D), haspart(B,C).
(r86) memberofdomainregion(A,B) :- instancehypernym(A,B), verbgroup(B,C), derivationallyrelatedform(C,D).
(r87) memberofdomainregion(A,B) :- instancehypernym(A,E), derivationallyrelatedform(D,B), haspart(C,A), haspart(B,C).
(r88) memberofdomainregion(A,B) :- alsosee(B,C), membermeronym(F,C), memberofdomainusage(B,E), verbgroup(A,D).
(r89) memberofdomainregion(A,B) :- haspart(D,B), memberofdomainusage(B,A), synsetdomaintopicof(D,C).
(r90) memberofdomainregion(A,B) :- similarto(E,A), membermeronym(F,C), verbgroup(C,B), hypernym(A,D).
====================
MaxSAT solving... (2985 vars, 13127 hard, 927 soft)
number of rules: 92
program size: 388
(inv1) inv1(X1,X2,X3,X4,X5,X6,X7,X8) :- membermeronym(X1,X2), membermeronym(X3,X4), haspart(X5,X6), haspart(X7,X8).
(inv2) inv2(X1,X2,X3,X4,X5,X6,X7,X8) :- derivationallyrelatedform(X1,X2), derivationallyrelatedform(X3,X4), haspart(X5,X6), haspart(X7,X8).
(r1) memberofdomainregion(A,B) :- hypernym(D,E), membermeronym(F,C), memberofdomainusage(E,B), similarto(A,F).
(r2) memberofdomainregion(A,B) :- inv1(F,B,F,B,B,C,B,C), similarto(E,F), synsetdomaintopicof(A,D).
(r3) memberofdomainregion(A,B) :- instancehypernym(A,E), hypernym(F,D), instancehypernym(B,D), haspart(B,C).
(r4) memberofdomainregion(A,B) :- membermeronym(F,C), instancehypernym(C,A), alsosee(B,E), synsetdomaintopicof(D,F).
(r5) memberofdomainregion(A,B) :- membermeronym(E,F), membermeronym(F,C), membermeronym(B,E), memberofdomainusage(D,A).
(r6) memberofdomainregion(A,B) :- hypernym(C,A), membermeronym(C,B), synsetdomaintopicof(A,B).
(r7) memberofdomainregion(A,B) :- inv1(A,E,C,A,B,C,B,C), hypernym(E,D).
(r8) memberofdomainregion(A,B) :- similarto(E,A), similarto(D,A), haspart(B,C), hypernym(D,B).
(r9) memberofdomainregion(A,B) :- inv2(A,D,A,D,B,C,B,C), alsosee(A,E), alsosee(B,D).
(r10) memberofdomainregion(A,B) :- inv2(B,C,B,C,B,D,B,D), memberofdomainusage(A,B).
(r11) memberofdomainregion(A,B) :- haspart(D,E), memberofdomainusage(A,E), hypernym(A,E), haspart(B,C).
(r12) memberofdomainregion(A,B) :- inv2(F,E,A,D,B,C,B,C), verbgroup(E,C).
(r13) memberofdomainregion(A,B) :- inv1(F,E,F,E,B,C,B,C), synsetdomaintopicof(B,E), hypernym(A,D).
(r14) memberofdomainregion(A,B) :- similarto(C,D), alsosee(B,A), verbgroup(A,D).
(r15) memberofdomainregion(A,B) :- verbgroup(E,D), similarto(A,E), hypernym(C,B).
(r16) memberofdomainregion(A,B) :- inv1(F,C,F,C,A,F,A,F), verbgroup(D,B), memberofdomainusage(E,A).
(r17) memberofdomainregion(A,B) :- membermeronym(F,C), verbgroup(B,C), membermeronym(E,D), hypernym(E,A).
(r18) memberofdomainregion(A,B) :- verbgroup(E,D), hypernym(B,F), memberofdomainusage(A,D), haspart(B,C).
(r19) memberofdomainregion(A,B) :- hypernym(E,B), synsetdomaintopicof(A,D), haspart(B,C), similarto(E,D).
(r20) memberofdomainregion(A,B) :- synsetdomaintopicof(C,E), membermeronym(F,C), memberofdomainusage(A,D), verbgroup(F,B).
(r21) memberofdomainregion(A,B) :- inv1(A,E,F,C,A,C,A,C), derivationallyrelatedform(B,D).
(r22) memberofdomainregion(A,B) :- alsosee(F,A), instancehypernym(E,A), haspart(B,C), verbgroup(A,D).
(r23) memberofdomainregion(A,B) :- inv1(A,E,D,B,B,C,B,C), verbgroup(C,D).
(r24) memberofdomainregion(A,B) :- alsosee(E,D), membermeronym(F,C), hypernym(B,F), alsosee(E,A).
(r25) memberofdomainregion(A,B) :- inv1(D,F,F,C,F,A,F,A), derivationallyrelatedform(B,E).
(r26) memberofdomainregion(A,B) :- inv1(A,D,A,D,D,B,B,C), alsosee(A,D).
(r27) memberofdomainregion(A,B) :- inv1(E,B,E,B,B,A,B,C), synsetdomaintopicof(A,D).
(r28) memberofdomainregion(A,B) :- inv1(F,C,F,C,D,C,D,C), hypernym(F,B), derivationallyrelatedform(E,A).
(r29) memberofdomainregion(A,B) :- inv1(D,B,D,B,B,C,B,C), synsetdomaintopicof(C,B), hypernym(E,A).
(r30) memberofdomainregion(A,B) :- synsetdomaintopicof(C,A), similarto(A,B), membermeronym(D,A).
(r31) memberofdomainregion(A,B) :- haspart(B,C), haspart(F,A), instancehypernym(A,D), verbgroup(E,B).
(r32) memberofdomainregion(A,B) :- inv1(F,C,F,C,F,D,F,D), synsetdomaintopicof(E,B), similarto(A,C).
(r33) memberofdomainregion(A,B) :- instancehypernym(A,E), haspart(B,D), alsosee(D,A), haspart(B,C).
(r34) memberofdomainregion(A,B) :- inv2(A,F,A,F,B,C,B,C), instancehypernym(A,E), synsetdomaintopicof(D,C).
(r35) memberofdomainregion(A,B) :- membermeronym(F,C), derivationallyrelatedform(F,B), instancehypernym(C,E), membermeronym(A,D).
(r36) memberofdomainregion(A,B) :- membermeronym(A,C), derivationallyrelatedform(E,F), membermeronym(F,C), verbgroup(D,B).
(r37) memberofdomainregion(A,B) :- inv1(A,B,A,B,D,B,B,C), similarto(C,E).
(r38) memberofdomainregion(A,B) :- membermeronym(F,A), membermeronym(F,C), synsetdomaintopicof(E,D), memberofdomainusage(B,D).
(r39) memberofdomainregion(A,B) :- inv1(D,B,D,B,B,C,B,C), instancehypernym(F,E), verbgroup(F,A).
(r40) memberofdomainregion(A,B) :- inv1(F,C,F,C,C,B,C,B), memberofdomainusage(B,E), alsosee(D,A).
(r41) memberofdomainregion(A,B) :- synsetdomaintopicof(E,B), membermeronym(F,C), derivationallyrelatedform(A,C), alsosee(D,F).
(r42) memberofdomainregion(A,B) :- verbgroup(C,D), hypernym(C,B), membermeronym(D,A).
(r43) memberofdomainregion(A,B) :- inv2(C,D,C,D,B,C,B,C), similarto(A,E), synsetdomaintopicof(D,B).
(r44) memberofdomainregion(A,B) :- inv1(A,D,A,D,B,C,B,C), verbgroup(D,C), synsetdomaintopicof(C,D).
(r45) memberofdomainregion(A,B) :- verbgroup(B,D), haspart(B,C), verbgroup(E,B), similarto(A,D).
(r46) memberofdomainregion(A,B) :- instancehypernym(C,B), alsosee(C,A), membermeronym(B,D).
(r47) memberofdomainregion(A,B) :- hypernym(B,D), alsosee(A,D), haspart(B,C), synsetdomaintopicof(B,E).
(r48) memberofdomainregion(A,B) :- haspart(C,A), haspart(B,C), memberofdomainusage(A,D), verbgroup(D,B).
(r49) memberofdomainregion(A,B) :- inv1(A,E,C,D,C,E,B,C).
(r50) memberofdomainregion(A,B) :- membermeronym(F,C), membermeronym(C,A), membermeronym(B,D), derivationallyrelatedform(E,C).
(r51) memberofdomainregion(A,B) :- inv1(A,D,A,D,A,F,B,C), synsetdomaintopicof(B,E).
(r52) memberofdomainregion(A,B) :- inv1(F,C,F,C,A,C,A,C), inv2(D,B,D,B,A,C,A,C), hypernym(F,E).
(r53) memberofdomainregion(A,B) :- membermeronym(F,C), similarto(A,F), alsosee(B,D), instancehypernym(E,C).
(r54) memberofdomainregion(A,B) :- inv1(A,D,A,D,D,C,B,C), similarto(A,E).
(r55) memberofdomainregion(A,B) :- inv2(D,A,D,A,B,C,B,C), alsosee(E,C), instancehypernym(E,D).
(r56) memberofdomainregion(A,B) :- membermeronym(F,C), instancehypernym(F,E), synsetdomaintopicof(B,D), membermeronym(C,A).
(r57) memberofdomainregion(A,B) :- membermeronym(A,D), synsetdomaintopicof(B,C), memberofdomainusage(A,D).
(r58) memberofdomainregion(A,B) :- inv1(F,B,F,B,B,C,B,C), instancehypernym(E,B), verbgroup(A,D).
(r59) memberofdomainregion(A,B) :- haspart(A,E), similarto(E,A), haspart(B,C), verbgroup(A,D).
(r60) memberofdomainregion(A,B) :- instancehypernym(E,F), membermeronym(F,C), similarto(D,B), similarto(C,A).
(r61) memberofdomainregion(A,B) :- memberofdomainusage(B,C), similarto(A,D), hypernym(B,A).
(r62) memberofdomainregion(A,B) :- memberofdomainusage(C,B), synsetdomaintopicof(C,D), derivationallyrelatedform(B,A).
(r63) memberofdomainregion(A,B) :- derivationallyrelatedform(D,B), membermeronym(F,C), similarto(E,A), alsosee(F,D).
(r64) memberofdomainregion(A,B) :- inv2(A,C,A,C,C,B,C,B), alsosee(D,C).
(r65) memberofdomainregion(A,B) :- inv1(A,D,A,D,B,C,B,C), synsetdomaintopicof(D,E), synsetdomaintopicof(D,C).
(r66) memberofdomainregion(A,B) :- inv2(D,A,D,A,D,E,B,C), similarto(F,B).
(r67) memberofdomainregion(A,B) :- alsosee(B,C), instancehypernym(C,E), haspart(A,D).
(r68) memberofdomainregion(A,B) :- inv1(D,A,D,A,B,C,A,D), verbgroup(E,D).
(r69) memberofdomainregion(A,B) :- inv2(E,A,E,A,B,C,B,C), memberofdomainusage(D,C), hypernym(A,D).
(r70) memberofdomainregion(A,B) :- inv1(F,C,F,C,F,A,F,A), derivationallyrelatedform(D,E), similarto(E,B).
(r71) memberofdomainregion(A,B) :- similarto(B,A), alsosee(D,A), membermeronym(C,D).
(r72) memberofdomainregion(A,B) :- memberofdomainusage(D,C), memberofdomainusage(E,C), memberofdomainusage(A,E), haspart(B,C).
(r73) memberofdomainregion(A,B) :- inv1(D,B,D,B,B,C,B,C), synsetdomaintopicof(D,A), similarto(B,E).
(r74) memberofdomainregion(A,B) :- derivationallyrelatedform(B,E), membermeronym(F,C), instancehypernym(C,D), derivationallyrelatedform(A,F).
(r75) memberofdomainregion(A,B) :- verbgroup(E,C), verbgroup(F,C), alsosee(A,D), haspart(B,C).
(r76) memberofdomainregion(A,B) :- inv2(D,B,D,B,B,C,B,C), similarto(B,E), verbgroup(B,A).
(r77) memberofdomainregion(A,B) :- alsosee(C,B), instancehypernym(B,D), verbgroup(A,D).
(r78) memberofdomainregion(A,B) :- alsosee(E,A), memberofdomainusage(F,E), haspart(B,C), hypernym(A,D).
(r79) memberofdomainregion(A,B) :- synsetdomaintopicof(A,E), verbgroup(B,C), haspart(B,D), haspart(B,C).
(r80) memberofdomainregion(A,B) :- inv1(A,E,A,E,B,C,B,C), instancehypernym(A,E), verbgroup(D,A).
(r81) memberofdomainregion(A,B) :- instancehypernym(C,B), haspart(A,D), alsosee(D,E).
(r82) memberofdomainregion(A,B) :- instancehypernym(A,E), membermeronym(F,C), memberofdomainusage(D,B), alsosee(D,F).
(r83) memberofdomainregion(A,B) :- synsetdomaintopicof(D,A), haspart(E,C), haspart(B,C), instancehypernym(C,F).
(r84) memberofdomainregion(A,B) :- inv1(A,E,A,E,B,C,B,C), inv2(D,B,D,B,B,C,B,C), hypernym(E,A).
(r85) memberofdomainregion(A,B) :- inv2(A,E,E,D,B,C,B,C), instancehypernym(D,A).
(r86) memberofdomainregion(A,B) :- instancehypernym(A,B), verbgroup(B,C), derivationallyrelatedform(C,D).
(r87) memberofdomainregion(A,B) :- inv2(D,B,D,B,C,A,B,C), instancehypernym(A,E).
(r88) memberofdomainregion(A,B) :- alsosee(B,C), membermeronym(F,C), memberofdomainusage(B,E), verbgroup(A,D).
(r89) memberofdomainregion(A,B) :- haspart(D,B), memberofdomainusage(B,A), synsetdomaintopicof(D,C).
(r90) memberofdomainregion(A,B) :- similarto(E,A), membermeronym(F,C), verbgroup(C,B), hypernym(A,D).
====================
