number of rules: 80
program size: 388
(r1) memberofdomainregion(A,B) :- haspart(D,B), memberofdomainusage(A,E), membermeronym(F,C), memberofdomainusage(C,D).
(r2) memberofdomainregion(A,B) :- similarto(A,E), alsosee(A,E), instancehypernym(A,D), haspart(B,C).
(r3) memberofdomainregion(A,B) :- synsetdomaintopicof(A,D), verbgroup(C,D), haspart(B,C), haspart(C,D).
(r4) memberofdomainregion(A,B) :- similarto(E,A), memberofdomainusage(D,F), derivationallyrelatedform(D,A), haspart(B,C).
(r5) memberofdomainregion(A,B) :- instancehypernym(C,B), derivationallyrelatedform(D,A), synsetdomaintopicof(C,B).
(r6) memberofdomainregion(A,B) :- alsosee(A,E), memberofdomainusage(B,C), membermeronym(F,C), synsetdomaintopicof(C,D).
(r7) memberofdomainregion(A,B) :- alsosee(B,C), derivationallyrelatedform(A,D), derivationallyrelatedform(C,D), haspart(B,C).
(r8) memberofdomainregion(A,B) :- instancehypernym(E,F), haspart(B,C), instancehypernym(B,F), verbgroup(A,D).
(r9) memberofdomainregion(A,B) :- membermeronym(F,C), hypernym(D,C), instancehypernym(E,B), synsetdomaintopicof(A,F).
(r10) memberofdomainregion(A,B) :- haspart(A,D), similarto(F,E), hypernym(F,C), haspart(B,C).
(r11) memberofdomainregion(A,B) :- derivationallyrelatedform(C,B), membermeronym(D,B), similarto(D,A).
(r12) memberofdomainregion(A,B) :- hypernym(C,A), membermeronym(F,C), haspart(B,D), similarto(E,C).
(r13) memberofdomainregion(A,B) :- instancehypernym(E,B), hypernym(F,A), memberofdomainusage(D,E), haspart(B,C).
(r14) memberofdomainregion(A,B) :- haspart(B,E), haspart(C,D), haspart(B,C), haspart(A,C).
(r15) memberofdomainregion(A,B) :- hypernym(B,D), haspart(B,C), membermeronym(E,D), similarto(A,D).
(r16) memberofdomainregion(A,B) :- membermeronym(D,C), verbgroup(A,E), haspart(C,B).
(r17) memberofdomainregion(A,B) :- verbgroup(E,A), membermeronym(F,C), similarto(D,B), memberofdomainusage(C,A).
(r18) memberofdomainregion(A,B) :- derivationallyrelatedform(B,E), membermeronym(F,C), synsetdomaintopicof(F,A), hypernym(D,F).
(r19) memberofdomainregion(A,B) :- derivationallyrelatedform(D,B), verbgroup(A,C), instancehypernym(E,D).
(r20) memberofdomainregion(A,B) :- hypernym(B,C), instancehypernym(C,D), haspart(B,C), hypernym(A,E).
(r21) memberofdomainregion(A,B) :- derivationallyrelatedform(E,D), similarto(E,F), haspart(B,C), memberofdomainusage(A,F).
(r22) memberofdomainregion(A,B) :- membermeronym(F,C), haspart(B,D), alsosee(C,E), membermeronym(E,A).
(r23) memberofdomainregion(A,B) :- haspart(C,D), membermeronym(F,C), instancehypernym(E,A), derivationallyrelatedform(B,F).
(r24) memberofdomainregion(A,B) :- instancehypernym(B,E), instancehypernym(A,D), alsosee(B,C).
(r25) memberofdomainregion(A,B) :- membermeronym(A,F), instancehypernym(E,B), membermeronym(F,C), memberofdomainusage(F,D).
(r26) memberofdomainregion(A,B) :- synsetdomaintopicof(A,E), memberofdomainusage(C,B), membermeronym(B,D).
(r27) memberofdomainregion(A,B) :- membermeronym(F,C), haspart(F,E), membermeronym(A,D), hypernym(B,F).
(r28) memberofdomainregion(A,B) :- haspart(B,E), membermeronym(F,C), instancehypernym(D,E), derivationallyrelatedform(C,A).
(r29) memberofdomainregion(A,B) :- verbgroup(D,A), membermeronym(F,C), derivationallyrelatedform(F,B), synsetdomaintopicof(A,E).
(r30) memberofdomainregion(A,B) :- haspart(C,A), derivationallyrelatedform(A,D), memberofdomainusage(C,E), haspart(B,C).
(r31) memberofdomainregion(A,B) :- verbgroup(B,D), membermeronym(F,C), haspart(E,F), derivationallyrelatedform(A,C).
(r32) memberofdomainregion(A,B) :- membermeronym(F,C), alsosee(E,B), similarto(D,B), haspart(A,C).
(r33) memberofdomainregion(A,B) :- derivationallyrelatedform(A,D), derivationallyrelatedform(D,A), haspart(B,C), verbgroup(D,E).
(r34) memberofdomainregion(A,B) :- haspart(D,B), membermeronym(F,C), hypernym(F,A), alsosee(F,E).
(r35) memberofdomainregion(A,B) :- verbgroup(B,D), membermeronym(F,C), verbgroup(C,E), instancehypernym(A,C).
(r36) memberofdomainregion(A,B) :- memberofdomainusage(A,E), alsosee(E,F), haspart(D,C), haspart(B,C).
(r37) memberofdomainregion(A,B) :- synsetdomaintopicof(D,A), haspart(C,B), haspart(B,C), haspart(A,E).
(r38) memberofdomainregion(A,B) :- membermeronym(A,B), haspart(B,D), derivationallyrelatedform(B,C).
(r39) memberofdomainregion(A,B) :- synsetdomaintopicof(C,E), derivationallyrelatedform(D,B), membermeronym(F,C), alsosee(E,A).
(r40) memberofdomainregion(A,B) :- similarto(E,A), membermeronym(F,C), derivationallyrelatedform(D,E), synsetdomaintopicof(B,F).
(r41) memberofdomainregion(A,B) :- similarto(C,E), membermeronym(A,D), verbgroup(E,B).
(r42) memberofdomainregion(A,B) :- memberofdomainusage(F,A), haspart(E,B), membermeronym(F,C), membermeronym(D,E).
(r43) memberofdomainregion(A,B) :- synsetdomaintopicof(A,D), instancehypernym(A,D), haspart(B,C), instancehypernym(B,C).
(r44) memberofdomainregion(A,B) :- alsosee(E,B), membermeronym(F,C), derivationallyrelatedform(D,A), derivationallyrelatedform(B,F).
(r45) memberofdomainregion(A,B) :- similarto(A,E), instancehypernym(B,D), haspart(B,C), similarto(E,D).
(r46) memberofdomainregion(A,B) :- haspart(F,A), verbgroup(C,D), membermeronym(F,C), verbgroup(E,B).
(r47) memberofdomainregion(A,B) :- alsosee(A,C), membermeronym(A,E), synsetdomaintopicof(D,A), haspart(B,C).
(r48) memberofdomainregion(A,B) :- haspart(E,B), membermeronym(F,C), similarto(D,A), hypernym(F,A).
(r49) memberofdomainregion(A,B) :- alsosee(E,D), memberofdomainusage(A,C), similarto(D,B), haspart(B,C).
(r50) memberofdomainregion(A,B) :- derivationallyrelatedform(A,E), hypernym(D,A), haspart(B,C), derivationallyrelatedform(B,C).
(r51) memberofdomainregion(A,B) :- synsetdomaintopicof(A,D), memberofdomainusage(C,F), membermeronym(B,E), haspart(B,C).
(r52) memberofdomainregion(A,B) :- derivationallyrelatedform(C,E), membermeronym(A,D), haspart(B,C), alsosee(F,D).
(r53) memberofdomainregion(A,B) :- similarto(E,A), alsosee(C,B), haspart(B,C), verbgroup(A,D).
(r54) memberofdomainregion(A,B) :- hypernym(C,D), synsetdomaintopicof(A,E), hypernym(F,D), haspart(B,C).
(r55) memberofdomainregion(A,B) :- alsosee(A,D), membermeronym(A,D), haspart(B,C), verbgroup(C,A).
(r56) memberofdomainregion(A,B) :- synsetdomaintopicof(E,D), membermeronym(F,C), hypernym(C,B), verbgroup(A,E).
(r57) memberofdomainregion(A,B) :- haspart(A,D), derivationallyrelatedform(B,D), haspart(B,C), verbgroup(C,A).
(r58) memberofdomainregion(A,B) :- synsetdomaintopicof(A,D), membermeronym(E,F), haspart(B,C), membermeronym(F,D).
(r59) memberofdomainregion(A,B) :- derivationallyrelatedform(E,F), membermeronym(F,C), synsetdomaintopicof(D,A), derivationallyrelatedform(B,F).
(r60) memberofdomainregion(A,B) :- synsetdomaintopicof(C,A), derivationallyrelatedform(E,B), alsosee(D,B), haspart(B,C).
(r61) memberofdomainregion(A,B) :- verbgroup(C,D), alsosee(B,A), hypernym(B,C).
(r62) memberofdomainregion(A,B) :- verbgroup(D,E), derivationallyrelatedform(D,A), haspart(B,C), verbgroup(A,D).
(r63) memberofdomainregion(A,B) :- derivationallyrelatedform(D,B), haspart(E,C), haspart(B,C), membermeronym(E,A).
(r64) memberofdomainregion(A,B) :- verbgroup(D,A), membermeronym(F,C), derivationallyrelatedform(B,F), derivationallyrelatedform(E,C).
(r65) memberofdomainregion(A,B) :- membermeronym(B,C), hypernym(D,A), verbgroup(C,D).
(r66) memberofdomainregion(A,B) :- haspart(D,A), haspart(B,C), similarto(B,C).
(r67) memberofdomainregion(A,B) :- verbgroup(B,D), hypernym(C,A), haspart(B,C), alsosee(A,E).
(r68) memberofdomainregion(A,B) :- verbgroup(D,C), haspart(B,C), instancehypernym(B,F), haspart(A,E).
(r69) memberofdomainregion(A,B) :- synsetdomaintopicof(A,E), haspart(B,C), instancehypernym(A,F), derivationallyrelatedform(C,D).
(r70) memberofdomainregion(A,B) :- similarto(B,A), instancehypernym(D,A), similarto(C,A).
(r71) memberofdomainregion(A,B) :- verbgroup(B,D), memberofdomainusage(B,C), memberofdomainusage(A,E), haspart(B,C).
(r72) memberofdomainregion(A,B) :- haspart(E,B), membermeronym(F,C), synsetdomaintopicof(B,D), memberofdomainusage(A,F).
(r73) memberofdomainregion(A,B) :- derivationallyrelatedform(F,B), derivationallyrelatedform(D,E), verbgroup(A,E), haspart(B,C).
(r74) memberofdomainregion(A,B) :- similarto(D,C), instancehypernym(E,B), haspart(B,C), haspart(A,B).
(r75) memberofdomainregion(A,B) :- synsetdomaintopicof(A,D), memberofdomainusage(E,C), membermeronym(F,C), hypernym(C,B).
(r76) memberofdomainregion(A,B) :- synsetdomaintopicof(A,E), haspart(D,E), haspart(B,C), instancehypernym(B,C).
(r77) memberofdomainregion(A,B) :- verbgroup(E,D), alsosee(D,E), haspart(B,C), haspart(A,E).
(r78) memberofdomainregion(A,B) :- similarto(A,D), hypernym(C,E), memberofdomainusage(A,D), haspart(B,C).
(r79) memberofdomainregion(A,B) :- haspart(B,C), derivationallyrelatedform(D,A), derivationallyrelatedform(A,C), haspart(C,B).
(r80) memberofdomainregion(A,B) :- instancehypernym(B,E), membermeronym(F,C), alsosee(A,D), verbgroup(F,A).
====================
MaxSAT solving... (3502 vars, 14832 hard, 990 soft)
number of rules: 82
program size: 350
(inv1) inv1(X1,X2,X3,X4,X5,X6,X7,X8) :- haspart(X1,X2), haspart(X3,X4), derivationallyrelatedform(X5,X6), derivationallyrelatedform(X7,X8).
(inv2) inv2(X1,X2,X3,X4,X5,X6) :- membermeronym(X1,X2), membermeronym(X3,X4), haspart(X5,X6).
(r1) memberofdomainregion(A,B) :- inv2(F,C,F,C,D,B), memberofdomainusage(A,E), memberofdomainusage(C,D).
(r2) memberofdomainregion(A,B) :- similarto(A,E), alsosee(A,E), instancehypernym(A,D), haspart(B,C).
(r3) memberofdomainregion(A,B) :- synsetdomaintopicof(A,D), verbgroup(C,D), haspart(B,C), haspart(C,D).
(r4) memberofdomainregion(A,B) :- inv1(B,C,B,C,D,A,D,A), similarto(E,A), memberofdomainusage(D,F).
(r5) memberofdomainregion(A,B) :- instancehypernym(C,B), derivationallyrelatedform(D,A), synsetdomaintopicof(C,B).
(r6) memberofdomainregion(A,B) :- alsosee(A,E), memberofdomainusage(B,C), membermeronym(F,C), synsetdomaintopicof(C,D).
(r7) memberofdomainregion(A,B) :- inv1(B,C,B,C,A,D,C,D), alsosee(B,C).
(r8) memberofdomainregion(A,B) :- instancehypernym(E,F), haspart(B,C), instancehypernym(B,F), verbgroup(A,D).
(r9) memberofdomainregion(A,B) :- membermeronym(F,C), hypernym(D,C), instancehypernym(E,B), synsetdomaintopicof(A,F).
(r10) memberofdomainregion(A,B) :- haspart(A,D), similarto(F,E), hypernym(F,C), haspart(B,C).
(r11) memberofdomainregion(A,B) :- derivationallyrelatedform(C,B), membermeronym(D,B), similarto(D,A).
(r12) memberofdomainregion(A,B) :- inv2(F,C,F,C,B,D), hypernym(C,A), similarto(E,C).
(r13) memberofdomainregion(A,B) :- instancehypernym(E,B), hypernym(F,A), memberofdomainusage(D,E), haspart(B,C).
(r14) memberofdomainregion(A,B) :- haspart(B,E), haspart(C,D), haspart(B,C), haspart(A,C).
(r15) memberofdomainregion(A,B) :- inv2(E,D,E,D,B,C), hypernym(B,D), similarto(A,D).
(r16) memberofdomainregion(A,B) :- inv2(D,C,D,C,C,B), verbgroup(A,E).
(r17) memberofdomainregion(A,B) :- verbgroup(E,A), membermeronym(F,C), similarto(D,B), memberofdomainusage(C,A).
(r18) memberofdomainregion(A,B) :- derivationallyrelatedform(B,E), membermeronym(F,C), synsetdomaintopicof(F,A), hypernym(D,F).
(r19) memberofdomainregion(A,B) :- derivationallyrelatedform(D,B), verbgroup(A,C), instancehypernym(E,D).
(r20) memberofdomainregion(A,B) :- hypernym(B,C), instancehypernym(C,D), haspart(B,C), hypernym(A,E).
(r21) memberofdomainregion(A,B) :- inv1(B,C,B,C,E,D,E,D), similarto(E,F), memberofdomainusage(A,F).
(r22) memberofdomainregion(A,B) :- inv2(F,C,E,A,B,D), alsosee(C,E).
(r23) memberofdomainregion(A,B) :- inv2(F,C,F,C,C,D), instancehypernym(E,A), derivationallyrelatedform(B,F).
(r24) memberofdomainregion(A,B) :- instancehypernym(B,E), instancehypernym(A,D), alsosee(B,C).
(r25) memberofdomainregion(A,B) :- membermeronym(A,F), instancehypernym(E,B), membermeronym(F,C), memberofdomainusage(F,D).
(r26) memberofdomainregion(A,B) :- synsetdomaintopicof(A,E), memberofdomainusage(C,B), membermeronym(B,D).
(r27) memberofdomainregion(A,B) :- inv2(F,C,A,D,F,E), hypernym(B,F).
(r28) memberofdomainregion(A,B) :- inv2(F,C,F,C,B,E), instancehypernym(D,E), derivationallyrelatedform(C,A).
(r29) memberofdomainregion(A,B) :- verbgroup(D,A), membermeronym(F,C), derivationallyrelatedform(F,B), synsetdomaintopicof(A,E).
(r30) memberofdomainregion(A,B) :- inv1(C,A,B,C,A,D,A,D), memberofdomainusage(C,E).
(r31) memberofdomainregion(A,B) :- inv2(F,C,F,C,E,F), verbgroup(B,D), derivationallyrelatedform(A,C).
(r32) memberofdomainregion(A,B) :- inv2(F,C,F,C,A,C), alsosee(E,B), similarto(D,B).
(r33) memberofdomainregion(A,B) :- inv1(B,C,B,C,A,D,D,A), verbgroup(D,E).
(r34) memberofdomainregion(A,B) :- inv2(F,C,F,C,D,B), hypernym(F,A), alsosee(F,E).
(r35) memberofdomainregion(A,B) :- verbgroup(B,D), membermeronym(F,C), verbgroup(C,E), instancehypernym(A,C).
(r36) memberofdomainregion(A,B) :- memberofdomainusage(A,E), alsosee(E,F), haspart(D,C), haspart(B,C).
(r37) memberofdomainregion(A,B) :- synsetdomaintopicof(D,A), haspart(C,B), haspart(B,C), haspart(A,E).
(r38) memberofdomainregion(A,B) :- inv1(B,D,B,D,B,C,B,C), membermeronym(A,B).
(r39) memberofdomainregion(A,B) :- synsetdomaintopicof(C,E), derivationallyrelatedform(D,B), membermeronym(F,C), alsosee(E,A).
(r40) memberofdomainregion(A,B) :- similarto(E,A), membermeronym(F,C), derivationallyrelatedform(D,E), synsetdomaintopicof(B,F).
(r41) memberofdomainregion(A,B) :- similarto(C,E), membermeronym(A,D), verbgroup(E,B).
(r42) memberofdomainregion(A,B) :- inv2(F,C,D,E,E,B), memberofdomainusage(F,A).
(r43) memberofdomainregion(A,B) :- synsetdomaintopicof(A,D), instancehypernym(A,D), haspart(B,C), instancehypernym(B,C).
(r44) memberofdomainregion(A,B) :- alsosee(E,B), membermeronym(F,C), derivationallyrelatedform(D,A), derivationallyrelatedform(B,F).
(r45) memberofdomainregion(A,B) :- similarto(A,E), instancehypernym(B,D), haspart(B,C), similarto(E,D).
(r46) memberofdomainregion(A,B) :- inv2(F,C,F,C,F,A), verbgroup(C,D), verbgroup(E,B).
(r47) memberofdomainregion(A,B) :- inv2(A,E,A,E,B,C), alsosee(A,C), synsetdomaintopicof(D,A).
(r48) memberofdomainregion(A,B) :- inv2(F,C,F,C,E,B), similarto(D,A), hypernym(F,A).
(r49) memberofdomainregion(A,B) :- alsosee(E,D), memberofdomainusage(A,C), similarto(D,B), haspart(B,C).
(r50) memberofdomainregion(A,B) :- inv1(B,C,B,C,A,E,B,C), hypernym(D,A).
(r51) memberofdomainregion(A,B) :- inv2(B,E,B,E,B,C), synsetdomaintopicof(A,D), memberofdomainusage(C,F).
(r52) memberofdomainregion(A,B) :- inv2(A,D,A,D,B,C), derivationallyrelatedform(C,E), alsosee(F,D).
(r53) memberofdomainregion(A,B) :- similarto(E,A), alsosee(C,B), haspart(B,C), verbgroup(A,D).
(r54) memberofdomainregion(A,B) :- hypernym(C,D), synsetdomaintopicof(A,E), hypernym(F,D), haspart(B,C).
(r55) memberofdomainregion(A,B) :- inv2(A,D,A,D,B,C), alsosee(A,D), verbgroup(C,A).
(r56) memberofdomainregion(A,B) :- synsetdomaintopicof(E,D), membermeronym(F,C), hypernym(C,B), verbgroup(A,E).
(r57) memberofdomainregion(A,B) :- inv1(A,D,B,C,B,D,B,D), verbgroup(C,A).
(r58) memberofdomainregion(A,B) :- inv2(E,F,F,D,B,C), synsetdomaintopicof(A,D).
(r59) memberofdomainregion(A,B) :- derivationallyrelatedform(E,F), membermeronym(F,C), synsetdomaintopicof(D,A), derivationallyrelatedform(B,F).
(r60) memberofdomainregion(A,B) :- inv1(B,C,B,C,E,B,E,B), synsetdomaintopicof(C,A), alsosee(D,B).
(r61) memberofdomainregion(A,B) :- verbgroup(C,D), alsosee(B,A), hypernym(B,C).
(r62) memberofdomainregion(A,B) :- inv1(B,C,B,C,D,A,D,A), verbgroup(D,E), verbgroup(A,D).
(r63) memberofdomainregion(A,B) :- inv1(E,C,B,C,D,B,D,B), inv2(E,A,E,A,E,C).
(r64) memberofdomainregion(A,B) :- verbgroup(D,A), membermeronym(F,C), derivationallyrelatedform(B,F), derivationallyrelatedform(E,C).
(r65) memberofdomainregion(A,B) :- membermeronym(B,C), hypernym(D,A), verbgroup(C,D).
(r66) memberofdomainregion(A,B) :- haspart(D,A), haspart(B,C), similarto(B,C).
(r67) memberofdomainregion(A,B) :- verbgroup(B,D), hypernym(C,A), haspart(B,C), alsosee(A,E).
(r68) memberofdomainregion(A,B) :- verbgroup(D,C), haspart(B,C), instancehypernym(B,F), haspart(A,E).
(r69) memberofdomainregion(A,B) :- inv1(B,C,B,C,C,D,C,D), synsetdomaintopicof(A,E), instancehypernym(A,F).
(r70) memberofdomainregion(A,B) :- similarto(B,A), instancehypernym(D,A), similarto(C,A).
(r71) memberofdomainregion(A,B) :- verbgroup(B,D), memberofdomainusage(B,C), memberofdomainusage(A,E), haspart(B,C).
(r72) memberofdomainregion(A,B) :- inv2(F,C,F,C,E,B), synsetdomaintopicof(B,D), memberofdomainusage(A,F).
(r73) memberofdomainregion(A,B) :- inv1(B,C,B,C,F,B,D,E), verbgroup(A,E).
(r74) memberofdomainregion(A,B) :- similarto(D,C), instancehypernym(E,B), haspart(B,C), haspart(A,B).
(r75) memberofdomainregion(A,B) :- synsetdomaintopicof(A,D), memberofdomainusage(E,C), membermeronym(F,C), hypernym(C,B).
(r76) memberofdomainregion(A,B) :- synsetdomaintopicof(A,E), haspart(D,E), haspart(B,C), instancehypernym(B,C).
(r77) memberofdomainregion(A,B) :- verbgroup(E,D), alsosee(D,E), haspart(B,C), haspart(A,E).
(r78) memberofdomainregion(A,B) :- similarto(A,D), hypernym(C,E), memberofdomainusage(A,D), haspart(B,C).
(r79) memberofdomainregion(A,B) :- inv1(B,C,C,B,D,A,A,C).
(r80) memberofdomainregion(A,B) :- instancehypernym(B,E), membermeronym(F,C), alsosee(A,D), verbgroup(F,A).
====================
