number of rules: 130
program size: 611
(r1) memberofdomainregion(A,B) :- membermeronym(F,C), similarto(B,C), memberofdomainusage(B,D), membermeronym(E,A).
(r2) memberofdomainregion(A,B) :- memberofdomainusage(D,C), memberofdomainusage(D,B), membermeronym(A,B).
(r3) memberofdomainregion(A,B) :- synsetdomaintopicof(D,B), synsetdomaintopicof(B,C), haspart(B,C), haspart(A,E).
(r4) memberofdomainregion(A,B) :- synsetdomaintopicof(A,C), verbgroup(D,B), hypernym(A,E).
(r5) memberofdomainregion(A,B) :- instancehypernym(A,E), synsetdomaintopicof(D,A), instancehypernym(B,C).
(r6) memberofdomainregion(A,B) :- similarto(C,D), derivationallyrelatedform(B,A), haspart(B,C), hypernym(D,B).
(r7) memberofdomainregion(A,B) :- memberofdomainusage(A,E), membermeronym(F,C), verbgroup(D,B), verbgroup(F,B).
(r8) memberofdomainregion(A,B) :- similarto(B,F), haspart(B,C), verbgroup(A,E), derivationallyrelatedform(D,C).
(r9) memberofdomainregion(A,B) :- alsosee(F,A), verbgroup(A,E), instancehypernym(D,A), haspart(B,C).
(r10) memberofdomainregion(A,B) :- haspart(B,C), verbgroup(B,E), verbgroup(E,B), verbgroup(A,D).
(r11) memberofdomainregion(A,B) :- instancehypernym(A,E), similarto(B,D), instancehypernym(D,C).
(r12) memberofdomainregion(A,B) :- instancehypernym(A,E), haspart(E,B), derivationallyrelatedform(E,D), haspart(B,C).
(r13) memberofdomainregion(A,B) :- similarto(A,E), membermeronym(F,C), synsetdomaintopicof(F,B), alsosee(D,A).
(r14) memberofdomainregion(A,B) :- hypernym(B,C), alsosee(A,B), synsetdomaintopicof(A,C).
(r15) memberofdomainregion(A,B) :- hypernym(A,E), memberofdomainusage(E,D), haspart(C,B).
(r16) memberofdomainregion(A,B) :- instancehypernym(E,F), similarto(F,D), hypernym(A,E), haspart(B,C).
(r17) memberofdomainregion(A,B) :- instancehypernym(A,E), similarto(C,B), alsosee(C,D).
(r18) memberofdomainregion(A,B) :- verbgroup(B,D), membermeronym(E,C), derivationallyrelatedform(A,E).
(r19) memberofdomainregion(A,B) :- derivationallyrelatedform(E,B), hypernym(A,D), haspart(B,C), membermeronym(E,A).
(r20) memberofdomainregion(A,B) :- membermeronym(F,C), similarto(D,A), synsetdomaintopicof(A,E), alsosee(C,B).
(r21) memberofdomainregion(A,B) :- derivationallyrelatedform(A,E), synsetdomaintopicof(C,D), synsetdomaintopicof(A,C), haspart(B,C).
(r22) memberofdomainregion(A,B) :- haspart(D,B), instancehypernym(C,A), verbgroup(A,B).
(r23) memberofdomainregion(A,B) :- membermeronym(A,E), hypernym(F,D), memberofdomainusage(F,E), haspart(B,C).
(r24) memberofdomainregion(A,B) :- similarto(F,A), membermeronym(F,C), instancehypernym(B,D), derivationallyrelatedform(F,E).
(r25) memberofdomainregion(A,B) :- hypernym(B,C), verbgroup(D,B), verbgroup(C,A).
(r26) memberofdomainregion(A,B) :- memberofdomainusage(A,E), membermeronym(F,C), haspart(F,B), membermeronym(B,D).
(r27) memberofdomainregion(A,B) :- membermeronym(F,C), synsetdomaintopicof(B,C), memberofdomainusage(D,A), verbgroup(D,E).
(r28) memberofdomainregion(A,B) :- haspart(B,C), memberofdomainusage(A,D), membermeronym(B,D), synsetdomaintopicof(B,E).
(r29) memberofdomainregion(A,B) :- derivationallyrelatedform(D,B), membermeronym(F,C), instancehypernym(D,E), verbgroup(F,A).
(r30) memberofdomainregion(A,B) :- haspart(D,B), similarto(E,A), membermeronym(F,C), membermeronym(C,D).
(r31) memberofdomainregion(A,B) :- similarto(A,D), alsosee(E,B), alsosee(D,E), haspart(B,C).
(r32) memberofdomainregion(A,B) :- similarto(D,B), verbgroup(D,F), derivationallyrelatedform(E,A), haspart(B,C).
(r33) memberofdomainregion(A,B) :- derivationallyrelatedform(D,A), instancehypernym(A,C), synsetdomaintopicof(D,B).
(r34) memberofdomainregion(A,B) :- membermeronym(F,C), alsosee(E,F), verbgroup(A,E), alsosee(B,D).
(r35) memberofdomainregion(A,B) :- haspart(A,F), membermeronym(F,C), instancehypernym(E,B), alsosee(E,D).
(r36) memberofdomainregion(A,B) :- hypernym(A,B), instancehypernym(C,D), alsosee(C,B).
(r37) memberofdomainregion(A,B) :- membermeronym(F,C), similarto(D,A), synsetdomaintopicof(F,B), verbgroup(E,B).
(r38) memberofdomainregion(A,B) :- verbgroup(D,C), derivationallyrelatedform(C,A), synsetdomaintopicof(B,E).
(r39) memberofdomainregion(A,B) :- verbgroup(D,A), memberofdomainusage(D,B), synsetdomaintopicof(B,C).
(r40) memberofdomainregion(A,B) :- membermeronym(E,C), alsosee(D,B), synsetdomaintopicof(A,C).
(r41) memberofdomainregion(A,B) :- haspart(B,C), similarto(B,A), membermeronym(D,B), instancehypernym(A,C).
(r42) memberofdomainregion(A,B) :- similarto(A,E), derivationallyrelatedform(D,B), membermeronym(F,C), haspart(A,C).
(r43) memberofdomainregion(A,B) :- similarto(B,C), derivationallyrelatedform(D,A), haspart(B,C), synsetdomaintopicof(D,B).
(r44) memberofdomainregion(A,B) :- verbgroup(D,A), haspart(E,B), membermeronym(F,C), instancehypernym(A,C).
(r45) memberofdomainregion(A,B) :- similarto(A,E), haspart(F,D), haspart(F,E), haspart(B,C).
(r46) memberofdomainregion(A,B) :- membermeronym(F,C), alsosee(B,E), similarto(D,F), similarto(C,A).
(r47) memberofdomainregion(A,B) :- derivationallyrelatedform(D,A), similarto(C,E), haspart(B,C), alsosee(F,D).
(r48) memberofdomainregion(A,B) :- haspart(D,B), synsetdomaintopicof(D,A), similarto(D,B), haspart(B,C).
(r49) memberofdomainregion(A,B) :- similarto(A,E), hypernym(C,B), verbgroup(A,D).
(r50) memberofdomainregion(A,B) :- haspart(E,D), verbgroup(A,E), memberofdomainusage(E,B), haspart(B,C).
(r51) memberofdomainregion(A,B) :- alsosee(C,E), memberofdomainusage(A,D), haspart(B,C), hypernym(A,E).
(r52) memberofdomainregion(A,B) :- hypernym(B,C), verbgroup(D,C), haspart(D,A).
(r53) memberofdomainregion(A,B) :- membermeronym(B,C), memberofdomainusage(A,E), derivationallyrelatedform(C,D).
(r54) memberofdomainregion(A,B) :- verbgroup(D,A), membermeronym(A,E), haspart(B,C), synsetdomaintopicof(B,E).
(r55) memberofdomainregion(A,B) :- derivationallyrelatedform(B,E), membermeronym(F,C), synsetdomaintopicof(F,D), similarto(D,A).
(r56) memberofdomainregion(A,B) :- alsosee(A,E), membermeronym(F,E), similarto(B,D), haspart(B,C).
(r57) memberofdomainregion(A,B) :- synsetdomaintopicof(D,A), alsosee(E,B), haspart(B,C), hypernym(D,B).
(r58) memberofdomainregion(A,B) :- instancehypernym(D,B), haspart(B,C), similarto(A,B), membermeronym(D,A).
(r59) memberofdomainregion(A,B) :- membermeronym(F,C), haspart(E,A), synsetdomaintopicof(C,B), hypernym(D,B).
(r60) memberofdomainregion(A,B) :- instancehypernym(C,B), hypernym(D,A), instancehypernym(B,D).
(r61) memberofdomainregion(A,B) :- verbgroup(E,D), memberofdomainusage(B,A), verbgroup(D,B), haspart(B,C).
(r62) memberofdomainregion(A,B) :- similarto(E,D), instancehypernym(E,B), alsosee(C,A).
(r63) memberofdomainregion(A,B) :- membermeronym(F,C), verbgroup(B,C), membermeronym(C,E), hypernym(A,D).
(r64) memberofdomainregion(A,B) :- derivationallyrelatedform(D,B), memberofdomainusage(A,E), derivationallyrelatedform(A,C).
(r65) memberofdomainregion(A,B) :- derivationallyrelatedform(A,E), membermeronym(F,C), alsosee(F,E), hypernym(D,B).
(r66) memberofdomainregion(A,B) :- instancehypernym(A,B), verbgroup(A,C), hypernym(A,B).
(r67) memberofdomainregion(A,B) :- membermeronym(B,C), membermeronym(A,D), haspart(B,C), similarto(A,B).
(r68) memberofdomainregion(A,B) :- hypernym(C,E), membermeronym(F,C), derivationallyrelatedform(D,A), instancehypernym(B,F).
(r69) memberofdomainregion(A,B) :- synsetdomaintopicof(C,B), instancehypernym(E,B), alsosee(A,D), haspart(B,C).
(r70) memberofdomainregion(A,B) :- synsetdomaintopicof(A,D), membermeronym(F,C), haspart(B,F), membermeronym(E,A).
(r71) memberofdomainregion(A,B) :- synsetdomaintopicof(F,D), verbgroup(A,E), haspart(B,C), hypernym(A,D).
(r72) memberofdomainregion(A,B) :- membermeronym(A,C), alsosee(B,A), haspart(C,B).
(r73) memberofdomainregion(A,B) :- alsosee(F,A), membermeronym(F,C), instancehypernym(A,D), memberofdomainusage(E,B).
(r74) memberofdomainregion(A,B) :- membermeronym(A,C), synsetdomaintopicof(B,D), haspart(E,A).
(r75) memberofdomainregion(A,B) :- synsetdomaintopicof(E,B), similarto(F,D), membermeronym(F,C), hypernym(A,F).
(r76) memberofdomainregion(A,B) :- membermeronym(F,C), synsetdomaintopicof(D,A), verbgroup(B,E), membermeronym(A,F).
(r77) memberofdomainregion(A,B) :- verbgroup(D,A), memberofdomainusage(D,B), membermeronym(C,A).
(r78) memberofdomainregion(A,B) :- derivationallyrelatedform(A,B), similarto(C,D), membermeronym(D,A).
(r79) memberofdomainregion(A,B) :- membermeronym(F,A), memberofdomainusage(E,C), membermeronym(F,C), memberofdomainusage(D,B).
(r80) memberofdomainregion(A,B) :- hypernym(C,D), membermeronym(A,E), memberofdomainusage(C,A), haspart(B,C).
(r81) memberofdomainregion(A,B) :- synsetdomaintopicof(C,E), similarto(E,A), haspart(B,C), verbgroup(A,D).
(r82) memberofdomainregion(A,B) :- membermeronym(C,B), memberofdomainusage(D,E), alsosee(E,A).
(r83) memberofdomainregion(A,B) :- memberofdomainusage(A,E), membermeronym(B,A), haspart(B,C), instancehypernym(B,D).
(r84) memberofdomainregion(A,B) :- synsetdomaintopicof(C,B), haspart(B,C), membermeronym(A,D), memberofdomainusage(D,A).
(r85) memberofdomainregion(A,B) :- haspart(A,D), memberofdomainusage(E,B), similarto(B,C).
(r86) memberofdomainregion(A,B) :- hypernym(F,B), membermeronym(F,C), alsosee(B,E), memberofdomainusage(A,D).
(r87) memberofdomainregion(A,B) :- hypernym(C,A), similarto(D,B), verbgroup(A,B), haspart(B,C).
(r88) memberofdomainregion(A,B) :- memberofdomainusage(C,B), memberofdomainusage(D,B), derivationallyrelatedform(D,A), haspart(B,C).
(r89) memberofdomainregion(A,B) :- instancehypernym(D,B), synsetdomaintopicof(D,F), haspart(B,C), memberofdomainusage(E,A).
(r90) memberofdomainregion(A,B) :- membermeronym(A,C), synsetdomaintopicof(A,E), verbgroup(E,D), haspart(B,C).
(r91) memberofdomainregion(A,B) :- hypernym(C,A), derivationallyrelatedform(D,B), memberofdomainusage(D,E).
(r92) memberofdomainregion(A,B) :- haspart(B,E), alsosee(A,B), membermeronym(A,D), haspart(B,C).
(r93) memberofdomainregion(A,B) :- membermeronym(B,C), membermeronym(A,D), verbgroup(B,A).
(r94) memberofdomainregion(A,B) :- membermeronym(A,C), haspart(A,D), memberofdomainusage(E,B), haspart(B,C).
(r95) memberofdomainregion(A,B) :- instancehypernym(B,E), membermeronym(F,C), membermeronym(D,A), derivationallyrelatedform(D,C).
(r96) memberofdomainregion(A,B) :- membermeronym(F,C), synsetdomaintopicof(B,D), alsosee(E,D), verbgroup(F,A).
(r97) memberofdomainregion(A,B) :- alsosee(A,E), membermeronym(E,C), haspart(D,E), haspart(B,C).
(r98) memberofdomainregion(A,B) :- haspart(E,A), membermeronym(F,C), instancehypernym(B,D), hypernym(E,F).
(r99) memberofdomainregion(A,B) :- similarto(E,D), haspart(C,D), hypernym(A,E), haspart(B,C).
(r100) memberofdomainregion(A,B) :- instancehypernym(E,B), membermeronym(D,E), haspart(B,C), memberofdomainusage(E,A).
(r101) memberofdomainregion(A,B) :- instancehypernym(B,A), haspart(A,C), instancehypernym(B,C).
(r102) memberofdomainregion(A,B) :- membermeronym(E,C), membermeronym(F,C), alsosee(D,B), derivationallyrelatedform(F,A).
(r103) memberofdomainregion(A,B) :- instancehypernym(D,B), verbgroup(E,C), membermeronym(A,D), haspart(B,C).
(r104) memberofdomainregion(A,B) :- membermeronym(A,C), haspart(B,C), membermeronym(E,D), similarto(A,D).
(r105) memberofdomainregion(A,B) :- alsosee(D,C), membermeronym(F,C), memberofdomainusage(B,E), similarto(A,D).
(r106) memberofdomainregion(A,B) :- memberofdomainusage(D,C), similarto(A,D), synsetdomaintopicof(B,C), haspart(B,C).
(r107) memberofdomainregion(A,B) :- haspart(F,A), alsosee(A,D), haspart(B,C), hypernym(E,F).
(r108) memberofdomainregion(A,B) :- synsetdomaintopicof(C,A), haspart(C,A), verbgroup(C,B).
(r109) memberofdomainregion(A,B) :- verbgroup(E,A), membermeronym(F,C), synsetdomaintopicof(F,A), synsetdomaintopicof(D,B).
(r110) memberofdomainregion(A,B) :- derivationallyrelatedform(D,A), memberofdomainusage(A,C), haspart(C,B).
(r111) memberofdomainregion(A,B) :- synsetdomaintopicof(E,B), membermeronym(D,F), similarto(A,D), membermeronym(F,C).
(r112) memberofdomainregion(A,B) :- synsetdomaintopicof(D,A), verbgroup(B,E), haspart(E,C).
(r113) memberofdomainregion(A,B) :- membermeronym(D,F), membermeronym(F,C), instancehypernym(B,F), alsosee(E,A).
(r114) memberofdomainregion(A,B) :- haspart(E,B), membermeronym(F,C), membermeronym(A,D), haspart(E,C).
(r115) memberofdomainregion(A,B) :- memberofdomainusage(E,C), alsosee(D,B), derivationallyrelatedform(A,C).
(r116) memberofdomainregion(A,B) :- derivationallyrelatedform(F,B), membermeronym(C,E), haspart(B,C), hypernym(A,D).
(r117) memberofdomainregion(A,B) :- verbgroup(C,D), membermeronym(A,B), membermeronym(D,A).
(r118) memberofdomainregion(A,B) :- alsosee(F,E), haspart(C,F), derivationallyrelatedform(D,A), haspart(B,C).
(r119) memberofdomainregion(A,B) :- alsosee(B,E), similarto(C,E), verbgroup(A,D).
(r120) memberofdomainregion(A,B) :- synsetdomaintopicof(D,E), membermeronym(F,C), instancehypernym(D,A), haspart(F,B).
(r121) memberofdomainregion(A,B) :- instancehypernym(C,B), similarto(E,A), membermeronym(F,C), membermeronym(D,B).
(r122) memberofdomainregion(A,B) :- hypernym(D,E), membermeronym(F,C), instancehypernym(A,F), derivationallyrelatedform(E,B).
(r123) memberofdomainregion(A,B) :- membermeronym(F,C), derivationallyrelatedform(C,A), alsosee(E,D), synsetdomaintopicof(B,E).
(r124) memberofdomainregion(A,B) :- hypernym(A,C), verbgroup(E,A), memberofdomainusage(D,B).
(r125) memberofdomainregion(A,B) :- haspart(B,C), derivationallyrelatedform(A,D), membermeronym(E,D), haspart(C,B).
(r126) memberofdomainregion(A,B) :- instancehypernym(C,E), derivationallyrelatedform(A,D), similarto(F,C), haspart(B,C).
(r127) memberofdomainregion(A,B) :- hypernym(B,D), synsetdomaintopicof(B,A), hypernym(C,B).
(r128) memberofdomainregion(A,B) :- haspart(D,B), membermeronym(F,C), membermeronym(C,A), hypernym(E,B).
(r129) memberofdomainregion(A,B) :- membermeronym(D,B), membermeronym(B,A), alsosee(D,A), haspart(B,C).
(r130) memberofdomainregion(A,B) :- memberofdomainusage(F,A), synsetdomaintopicof(A,E), haspart(B,C), similarto(E,D).
====================
MaxSAT solving... (4193 vars, 19289 hard, 1307 soft)
number of rules: 132
program size: 554
(inv1) inv1(X1,X2,X3,X4,X5,X6,X7,X8) :- haspart(X1,X2), haspart(X3,X4), membermeronym(X5,X6), membermeronym(X7,X8).
(inv2) inv2(X1,X2,X3,X4,X5,X6) :- haspart(X1,X2), haspart(X3,X4), similarto(X5,X6).
(r1) memberofdomainregion(A,B) :- membermeronym(F,C), similarto(B,C), memberofdomainusage(B,D), membermeronym(E,A).
(r2) memberofdomainregion(A,B) :- memberofdomainusage(D,C), memberofdomainusage(D,B), membermeronym(A,B).
(r3) memberofdomainregion(A,B) :- synsetdomaintopicof(D,B), synsetdomaintopicof(B,C), haspart(B,C), haspart(A,E).
(r4) memberofdomainregion(A,B) :- synsetdomaintopicof(A,C), verbgroup(D,B), hypernym(A,E).
(r5) memberofdomainregion(A,B) :- instancehypernym(A,E), synsetdomaintopicof(D,A), instancehypernym(B,C).
(r6) memberofdomainregion(A,B) :- inv2(B,C,B,C,C,D), derivationallyrelatedform(B,A), hypernym(D,B).
(r7) memberofdomainregion(A,B) :- memberofdomainusage(A,E), membermeronym(F,C), verbgroup(D,B), verbgroup(F,B).
(r8) memberofdomainregion(A,B) :- inv2(B,C,B,C,B,F), verbgroup(A,E), derivationallyrelatedform(D,C).
(r9) memberofdomainregion(A,B) :- alsosee(F,A), verbgroup(A,E), instancehypernym(D,A), haspart(B,C).
(r10) memberofdomainregion(A,B) :- haspart(B,C), verbgroup(B,E), verbgroup(E,B), verbgroup(A,D).
(r11) memberofdomainregion(A,B) :- instancehypernym(A,E), similarto(B,D), instancehypernym(D,C).
(r12) memberofdomainregion(A,B) :- instancehypernym(A,E), haspart(E,B), derivationallyrelatedform(E,D), haspart(B,C).
(r13) memberofdomainregion(A,B) :- similarto(A,E), membermeronym(F,C), synsetdomaintopicof(F,B), alsosee(D,A).
(r14) memberofdomainregion(A,B) :- hypernym(B,C), alsosee(A,B), synsetdomaintopicof(A,C).
(r15) memberofdomainregion(A,B) :- hypernym(A,E), memberofdomainusage(E,D), haspart(C,B).
(r16) memberofdomainregion(A,B) :- inv2(B,C,B,C,F,D), instancehypernym(E,F), hypernym(A,E).
(r17) memberofdomainregion(A,B) :- instancehypernym(A,E), similarto(C,B), alsosee(C,D).
(r18) memberofdomainregion(A,B) :- verbgroup(B,D), membermeronym(E,C), derivationallyrelatedform(A,E).
(r19) memberofdomainregion(A,B) :- inv1(B,C,B,C,E,A,E,A), derivationallyrelatedform(E,B), hypernym(A,D).
(r20) memberofdomainregion(A,B) :- membermeronym(F,C), similarto(D,A), synsetdomaintopicof(A,E), alsosee(C,B).
(r21) memberofdomainregion(A,B) :- derivationallyrelatedform(A,E), synsetdomaintopicof(C,D), synsetdomaintopicof(A,C), haspart(B,C).
(r22) memberofdomainregion(A,B) :- haspart(D,B), instancehypernym(C,A), verbgroup(A,B).
(r23) memberofdomainregion(A,B) :- inv1(B,C,B,C,A,E,A,E), hypernym(F,D), memberofdomainusage(F,E).
(r24) memberofdomainregion(A,B) :- similarto(F,A), membermeronym(F,C), instancehypernym(B,D), derivationallyrelatedform(F,E).
(r25) memberofdomainregion(A,B) :- hypernym(B,C), verbgroup(D,B), verbgroup(C,A).
(r26) memberofdomainregion(A,B) :- inv1(F,B,F,B,F,C,B,D), memberofdomainusage(A,E).
(r27) memberofdomainregion(A,B) :- membermeronym(F,C), synsetdomaintopicof(B,C), memberofdomainusage(D,A), verbgroup(D,E).
(r28) memberofdomainregion(A,B) :- inv1(B,C,B,C,B,D,B,D), memberofdomainusage(A,D), synsetdomaintopicof(B,E).
(r29) memberofdomainregion(A,B) :- derivationallyrelatedform(D,B), membermeronym(F,C), instancehypernym(D,E), verbgroup(F,A).
(r30) memberofdomainregion(A,B) :- inv1(D,B,D,B,F,C,C,D), inv2(D,B,D,B,E,A).
(r31) memberofdomainregion(A,B) :- inv2(B,C,B,C,A,D), alsosee(E,B), alsosee(D,E).
(r32) memberofdomainregion(A,B) :- inv2(B,C,B,C,D,B), verbgroup(D,F), derivationallyrelatedform(E,A).
(r33) memberofdomainregion(A,B) :- derivationallyrelatedform(D,A), instancehypernym(A,C), synsetdomaintopicof(D,B).
(r34) memberofdomainregion(A,B) :- membermeronym(F,C), alsosee(E,F), verbgroup(A,E), alsosee(B,D).
(r35) memberofdomainregion(A,B) :- inv1(A,F,A,F,F,C,F,C), instancehypernym(E,B), alsosee(E,D).
(r36) memberofdomainregion(A,B) :- hypernym(A,B), instancehypernym(C,D), alsosee(C,B).
(r37) memberofdomainregion(A,B) :- membermeronym(F,C), similarto(D,A), synsetdomaintopicof(F,B), verbgroup(E,B).
(r38) memberofdomainregion(A,B) :- verbgroup(D,C), derivationallyrelatedform(C,A), synsetdomaintopicof(B,E).
(r39) memberofdomainregion(A,B) :- verbgroup(D,A), memberofdomainusage(D,B), synsetdomaintopicof(B,C).
(r40) memberofdomainregion(A,B) :- membermeronym(E,C), alsosee(D,B), synsetdomaintopicof(A,C).
(r41) memberofdomainregion(A,B) :- inv2(B,C,B,C,B,A), membermeronym(D,B), instancehypernym(A,C).
(r42) memberofdomainregion(A,B) :- inv2(A,C,A,C,A,E), derivationallyrelatedform(D,B), membermeronym(F,C).
(r43) memberofdomainregion(A,B) :- inv2(B,C,B,C,B,C), derivationallyrelatedform(D,A), synsetdomaintopicof(D,B).
(r44) memberofdomainregion(A,B) :- inv1(E,B,E,B,F,C,F,C), verbgroup(D,A), instancehypernym(A,C).
(r45) memberofdomainregion(A,B) :- inv2(F,D,F,E,A,E), haspart(B,C).
(r46) memberofdomainregion(A,B) :- membermeronym(F,C), alsosee(B,E), similarto(D,F), similarto(C,A).
(r47) memberofdomainregion(A,B) :- inv2(B,C,B,C,C,E), derivationallyrelatedform(D,A), alsosee(F,D).
(r48) memberofdomainregion(A,B) :- inv2(D,B,B,C,D,B), synsetdomaintopicof(D,A).
(r49) memberofdomainregion(A,B) :- similarto(A,E), hypernym(C,B), verbgroup(A,D).
(r50) memberofdomainregion(A,B) :- haspart(E,D), verbgroup(A,E), memberofdomainusage(E,B), haspart(B,C).
(r51) memberofdomainregion(A,B) :- alsosee(C,E), memberofdomainusage(A,D), haspart(B,C), hypernym(A,E).
(r52) memberofdomainregion(A,B) :- hypernym(B,C), verbgroup(D,C), haspart(D,A).
(r53) memberofdomainregion(A,B) :- membermeronym(B,C), memberofdomainusage(A,E), derivationallyrelatedform(C,D).
(r54) memberofdomainregion(A,B) :- inv1(B,C,B,C,A,E,A,E), verbgroup(D,A), synsetdomaintopicof(B,E).
(r55) memberofdomainregion(A,B) :- derivationallyrelatedform(B,E), membermeronym(F,C), synsetdomaintopicof(F,D), similarto(D,A).
(r56) memberofdomainregion(A,B) :- inv1(B,C,B,C,F,E,F,E), alsosee(A,E), similarto(B,D).
(r57) memberofdomainregion(A,B) :- synsetdomaintopicof(D,A), alsosee(E,B), haspart(B,C), hypernym(D,B).
(r58) memberofdomainregion(A,B) :- inv1(B,C,B,C,D,A,D,A), inv2(B,C,B,C,A,B), instancehypernym(D,B).
(r59) memberofdomainregion(A,B) :- inv1(E,A,E,A,F,C,F,C), synsetdomaintopicof(C,B), hypernym(D,B).
(r60) memberofdomainregion(A,B) :- instancehypernym(C,B), hypernym(D,A), instancehypernym(B,D).
(r61) memberofdomainregion(A,B) :- verbgroup(E,D), memberofdomainusage(B,A), verbgroup(D,B), haspart(B,C).
(r62) memberofdomainregion(A,B) :- similarto(E,D), instancehypernym(E,B), alsosee(C,A).
(r63) memberofdomainregion(A,B) :- membermeronym(F,C), verbgroup(B,C), membermeronym(C,E), hypernym(A,D).
(r64) memberofdomainregion(A,B) :- derivationallyrelatedform(D,B), memberofdomainusage(A,E), derivationallyrelatedform(A,C).
(r65) memberofdomainregion(A,B) :- derivationallyrelatedform(A,E), membermeronym(F,C), alsosee(F,E), hypernym(D,B).
(r66) memberofdomainregion(A,B) :- instancehypernym(A,B), verbgroup(A,C), hypernym(A,B).
(r67) memberofdomainregion(A,B) :- inv1(B,C,B,C,B,C,A,D), inv2(B,C,B,C,A,B).
(r68) memberofdomainregion(A,B) :- hypernym(C,E), membermeronym(F,C), derivationallyrelatedform(D,A), instancehypernym(B,F).
(r69) memberofdomainregion(A,B) :- synsetdomaintopicof(C,B), instancehypernym(E,B), alsosee(A,D), haspart(B,C).
(r70) memberofdomainregion(A,B) :- inv1(B,F,B,F,F,C,E,A), synsetdomaintopicof(A,D).
(r71) memberofdomainregion(A,B) :- synsetdomaintopicof(F,D), verbgroup(A,E), haspart(B,C), hypernym(A,D).
(r72) memberofdomainregion(A,B) :- inv1(C,B,C,B,A,C,A,C), alsosee(B,A).
(r73) memberofdomainregion(A,B) :- alsosee(F,A), membermeronym(F,C), instancehypernym(A,D), memberofdomainusage(E,B).
(r74) memberofdomainregion(A,B) :- inv1(E,A,E,A,A,C,A,C), synsetdomaintopicof(B,D).
(r75) memberofdomainregion(A,B) :- synsetdomaintopicof(E,B), similarto(F,D), membermeronym(F,C), hypernym(A,F).
(r76) memberofdomainregion(A,B) :- membermeronym(F,C), synsetdomaintopicof(D,A), verbgroup(B,E), membermeronym(A,F).
(r77) memberofdomainregion(A,B) :- verbgroup(D,A), memberofdomainusage(D,B), membermeronym(C,A).
(r78) memberofdomainregion(A,B) :- derivationallyrelatedform(A,B), similarto(C,D), membermeronym(D,A).
(r79) memberofdomainregion(A,B) :- membermeronym(F,A), memberofdomainusage(E,C), membermeronym(F,C), memberofdomainusage(D,B).
(r80) memberofdomainregion(A,B) :- inv1(B,C,B,C,A,E,A,E), hypernym(C,D), memberofdomainusage(C,A).
(r81) memberofdomainregion(A,B) :- inv2(B,C,B,C,E,A), synsetdomaintopicof(C,E), verbgroup(A,D).
(r82) memberofdomainregion(A,B) :- membermeronym(C,B), memberofdomainusage(D,E), alsosee(E,A).
(r83) memberofdomainregion(A,B) :- inv1(B,C,B,C,B,A,B,A), memberofdomainusage(A,E), instancehypernym(B,D).
(r84) memberofdomainregion(A,B) :- inv1(B,C,B,C,A,D,A,D), synsetdomaintopicof(C,B), memberofdomainusage(D,A).
(r85) memberofdomainregion(A,B) :- inv2(A,D,A,D,B,C), memberofdomainusage(E,B).
(r86) memberofdomainregion(A,B) :- hypernym(F,B), membermeronym(F,C), alsosee(B,E), memberofdomainusage(A,D).
(r87) memberofdomainregion(A,B) :- inv2(B,C,B,C,D,B), hypernym(C,A), verbgroup(A,B).
(r88) memberofdomainregion(A,B) :- memberofdomainusage(C,B), memberofdomainusage(D,B), derivationallyrelatedform(D,A), haspart(B,C).
(r89) memberofdomainregion(A,B) :- instancehypernym(D,B), synsetdomaintopicof(D,F), haspart(B,C), memberofdomainusage(E,A).
(r90) memberofdomainregion(A,B) :- inv1(B,C,B,C,A,C,A,C), synsetdomaintopicof(A,E), verbgroup(E,D).
(r91) memberofdomainregion(A,B) :- hypernym(C,A), derivationallyrelatedform(D,B), memberofdomainusage(D,E).
(r92) memberofdomainregion(A,B) :- inv1(B,E,B,C,A,D,A,D), alsosee(A,B).
(r93) memberofdomainregion(A,B) :- membermeronym(B,C), membermeronym(A,D), verbgroup(B,A).
(r94) memberofdomainregion(A,B) :- inv1(A,D,B,C,A,C,A,C), memberofdomainusage(E,B).
(r95) memberofdomainregion(A,B) :- instancehypernym(B,E), membermeronym(F,C), membermeronym(D,A), derivationallyrelatedform(D,C).
(r96) memberofdomainregion(A,B) :- membermeronym(F,C), synsetdomaintopicof(B,D), alsosee(E,D), verbgroup(F,A).
(r97) memberofdomainregion(A,B) :- inv1(D,E,B,C,E,C,E,C), alsosee(A,E).
(r98) memberofdomainregion(A,B) :- inv1(E,A,E,A,F,C,F,C), instancehypernym(B,D), hypernym(E,F).
(r99) memberofdomainregion(A,B) :- inv2(C,D,B,C,E,D), hypernym(A,E).
(r100) memberofdomainregion(A,B) :- inv1(B,C,B,C,D,E,D,E), instancehypernym(E,B), memberofdomainusage(E,A).
(r101) memberofdomainregion(A,B) :- instancehypernym(B,A), haspart(A,C), instancehypernym(B,C).
(r102) memberofdomainregion(A,B) :- membermeronym(E,C), membermeronym(F,C), alsosee(D,B), derivationallyrelatedform(F,A).
(r103) memberofdomainregion(A,B) :- inv1(B,C,B,C,A,D,A,D), instancehypernym(D,B), verbgroup(E,C).
(r104) memberofdomainregion(A,B) :- inv1(B,C,B,C,A,C,E,D), similarto(A,D).
(r105) memberofdomainregion(A,B) :- alsosee(D,C), membermeronym(F,C), memberofdomainusage(B,E), similarto(A,D).
(r106) memberofdomainregion(A,B) :- inv2(B,C,B,C,A,D), memberofdomainusage(D,C), synsetdomaintopicof(B,C).
(r107) memberofdomainregion(A,B) :- haspart(F,A), alsosee(A,D), haspart(B,C), hypernym(E,F).
(r108) memberofdomainregion(A,B) :- synsetdomaintopicof(C,A), haspart(C,A), verbgroup(C,B).
(r109) memberofdomainregion(A,B) :- verbgroup(E,A), membermeronym(F,C), synsetdomaintopicof(F,A), synsetdomaintopicof(D,B).
(r110) memberofdomainregion(A,B) :- derivationallyrelatedform(D,A), memberofdomainusage(A,C), haspart(C,B).
(r111) memberofdomainregion(A,B) :- synsetdomaintopicof(E,B), membermeronym(D,F), similarto(A,D), membermeronym(F,C).
(r112) memberofdomainregion(A,B) :- synsetdomaintopicof(D,A), verbgroup(B,E), haspart(E,C).
(r113) memberofdomainregion(A,B) :- membermeronym(D,F), membermeronym(F,C), instancehypernym(B,F), alsosee(E,A).
(r114) memberofdomainregion(A,B) :- inv1(E,B,E,C,F,C,A,D).
(r115) memberofdomainregion(A,B) :- memberofdomainusage(E,C), alsosee(D,B), derivationallyrelatedform(A,C).
(r116) memberofdomainregion(A,B) :- inv1(B,C,B,C,C,E,C,E), derivationallyrelatedform(F,B), hypernym(A,D).
(r117) memberofdomainregion(A,B) :- verbgroup(C,D), membermeronym(A,B), membermeronym(D,A).
(r118) memberofdomainregion(A,B) :- alsosee(F,E), haspart(C,F), derivationallyrelatedform(D,A), haspart(B,C).
(r119) memberofdomainregion(A,B) :- alsosee(B,E), similarto(C,E), verbgroup(A,D).
(r120) memberofdomainregion(A,B) :- inv1(F,B,F,B,F,C,F,C), synsetdomaintopicof(D,E), instancehypernym(D,A).
(r121) memberofdomainregion(A,B) :- instancehypernym(C,B), similarto(E,A), membermeronym(F,C), membermeronym(D,B).
(r122) memberofdomainregion(A,B) :- hypernym(D,E), membermeronym(F,C), instancehypernym(A,F), derivationallyrelatedform(E,B).
(r123) memberofdomainregion(A,B) :- membermeronym(F,C), derivationallyrelatedform(C,A), alsosee(E,D), synsetdomaintopicof(B,E).
(r124) memberofdomainregion(A,B) :- hypernym(A,C), verbgroup(E,A), memberofdomainusage(D,B).
(r125) memberofdomainregion(A,B) :- inv1(B,C,C,B,E,D,E,D), derivationallyrelatedform(A,D).
(r126) memberofdomainregion(A,B) :- inv2(B,C,B,C,F,C), instancehypernym(C,E), derivationallyrelatedform(A,D).
(r127) memberofdomainregion(A,B) :- hypernym(B,D), synsetdomaintopicof(B,A), hypernym(C,B).
(r128) memberofdomainregion(A,B) :- inv1(D,B,D,B,F,C,C,A), hypernym(E,B).
(r129) memberofdomainregion(A,B) :- inv1(B,C,B,C,D,B,B,A), alsosee(D,A).
(r130) memberofdomainregion(A,B) :- inv2(B,C,B,C,E,D), memberofdomainusage(F,A), synsetdomaintopicof(A,E).
====================
