number of rules: 80
program size: 374
(r1) verbgroup(A,B) :- instancehypernym(E,A), alsosee(F,C), membermeronym(D,C), similarto(B,F).
(r2) verbgroup(A,B) :- hypernym(C,D), alsosee(B,F), similarto(B,C), memberofdomainusage(A,E).
(r3) verbgroup(A,B) :- membermeronym(A,D), haspart(D,C), instancehypernym(B,E).
(r4) verbgroup(A,B) :- memberofdomainregion(A,C), derivationallyrelatedform(E,B), hypernym(B,D).
(r5) verbgroup(A,B) :- haspart(B,D), instancehypernym(A,E), similarto(B,C), synsetdomaintopicof(F,C).
(r6) verbgroup(A,B) :- haspart(B,A), instancehypernym(C,B), synsetdomaintopicof(C,B).
(r7) verbgroup(A,B) :- memberofdomainregion(A,B), derivationallyrelatedform(B,D), memberofdomainregion(C,D).
(r8) verbgroup(A,B) :- synsetdomaintopicof(C,A), alsosee(D,C), instancehypernym(B,C).
(r9) verbgroup(A,B) :- similarto(D,F), haspart(D,A), similarto(B,C), membermeronym(E,D).
(r10) verbgroup(A,B) :- memberofdomainusage(D,E), alsosee(D,B), instancehypernym(B,A), similarto(B,C).
(r11) verbgroup(A,B) :- membermeronym(C,E), instancehypernym(A,D), similarto(B,C), haspart(C,F).
(r12) verbgroup(A,B) :- synsetdomaintopicof(A,C), synsetdomaintopicof(B,D), memberofdomainusage(B,D).
(r13) verbgroup(A,B) :- memberofdomainregion(B,D), similarto(A,E), instancehypernym(E,C).
(r14) verbgroup(A,B) :- hypernym(A,E), hypernym(D,B), instancehypernym(D,C).
(r15) verbgroup(A,B) :- hypernym(B,C), memberofdomainusage(E,A), alsosee(E,D).
(r16) verbgroup(A,B) :- memberofdomainregion(E,F), synsetdomaintopicof(F,A), synsetdomaintopicof(A,D), similarto(B,C).
(r17) verbgroup(A,B) :- similarto(A,D), similarto(B,C), haspart(C,A), membermeronym(E,D).
(r18) verbgroup(A,B) :- hypernym(E,B), alsosee(F,C), haspart(A,C), membermeronym(B,D).
(r19) verbgroup(A,B) :- derivationallyrelatedform(D,A), instancehypernym(E,B), memberofdomainregion(D,E), similarto(B,C).
(r20) verbgroup(A,B) :- haspart(F,A), alsosee(F,C), instancehypernym(D,B), memberofdomainusage(B,E).
(r21) verbgroup(A,B) :- memberofdomainregion(D,B), instancehypernym(D,A), similarto(C,A).
(r22) verbgroup(A,B) :- derivationallyrelatedform(E,A), hypernym(D,F), alsosee(F,C), similarto(B,F).
(r23) verbgroup(A,B) :- membermeronym(D,E), hypernym(D,A), haspart(B,C).
(r24) verbgroup(A,B) :- memberofdomainregion(E,C), memberofdomainusage(A,D), alsosee(B,F), similarto(B,C).
(r25) verbgroup(A,B) :- alsosee(B,A), haspart(B,C), memberofdomainusage(D,B), similarto(B,C).
(r26) verbgroup(A,B) :- membermeronym(A,B), similarto(B,A), synsetdomaintopicof(B,A).
(r27) verbgroup(A,B) :- alsosee(D,B), membermeronym(E,A), similarto(B,C), membermeronym(B,D).
(r28) verbgroup(A,B) :- similarto(B,C), haspart(C,B), hypernym(E,D), hypernym(A,D).
(r29) verbgroup(A,B) :- alsosee(D,B), derivationallyrelatedform(B,E), alsosee(F,A), similarto(B,C).
(r30) verbgroup(A,B) :- memberofdomainusage(B,E), alsosee(F,C), alsosee(F,A), hypernym(A,D).
(r31) verbgroup(A,B) :- memberofdomainusage(D,B), haspart(A,B), synsetdomaintopicof(B,A), similarto(B,C).
(r32) verbgroup(A,B) :- derivationallyrelatedform(F,B), alsosee(F,C), instancehypernym(A,E), memberofdomainusage(E,D).
(r33) verbgroup(A,B) :- haspart(C,B), instancehypernym(D,B), similarto(A,E), similarto(B,C).
(r34) verbgroup(A,B) :- derivationallyrelatedform(A,E), membermeronym(D,B), alsosee(F,C), membermeronym(B,F).
(r35) verbgroup(A,B) :- alsosee(A,D), instancehypernym(E,B), similarto(B,C), hypernym(C,E).
(r36) verbgroup(A,B) :- hypernym(D,B), alsosee(F,C), instancehypernym(C,E), alsosee(E,A).
(r37) verbgroup(A,B) :- alsosee(F,B), alsosee(F,C), haspart(A,D), instancehypernym(F,E).
(r38) verbgroup(A,B) :- synsetdomaintopicof(B,C), instancehypernym(D,A), memberofdomainregion(C,B).
(r39) verbgroup(A,B) :- alsosee(E,B), synsetdomaintopicof(C,D), synsetdomaintopicof(A,D).
(r40) verbgroup(A,B) :- alsosee(F,C), memberofdomainregion(E,C), synsetdomaintopicof(B,D), memberofdomainusage(E,A).
(r41) verbgroup(A,B) :- alsosee(A,D), alsosee(C,E), alsosee(B,E), similarto(B,C).
(r42) verbgroup(A,B) :- haspart(D,C), membermeronym(C,B), similarto(B,C), synsetdomaintopicof(A,E).
(r43) verbgroup(A,B) :- alsosee(D,E), similarto(F,A), haspart(D,A), similarto(B,C).
(r44) verbgroup(A,B) :- alsosee(D,F), derivationallyrelatedform(A,E), similarto(B,C), derivationallyrelatedform(D,C).
(r45) verbgroup(A,B) :- memberofdomainregion(A,B), similarto(C,A), memberofdomainregion(A,C).
(r46) verbgroup(A,B) :- membermeronym(C,A), similarto(A,D), alsosee(F,C), synsetdomaintopicof(B,E).
(r47) verbgroup(A,B) :- alsosee(F,C), membermeronym(E,C), memberofdomainregion(D,A), memberofdomainusage(B,E).
(r48) verbgroup(A,B) :- membermeronym(D,B), similarto(B,C), hypernym(A,D), hypernym(D,C).
(r49) verbgroup(A,B) :- memberofdomainregion(F,A), alsosee(F,C), synsetdomaintopicof(D,E), hypernym(B,D).
(r50) verbgroup(A,B) :- instancehypernym(F,B), alsosee(B,E), synsetdomaintopicof(A,D), similarto(B,C).
(r51) verbgroup(A,B) :- hypernym(B,C), synsetdomaintopicof(D,B), memberofdomainregion(B,A).
(r52) verbgroup(A,B) :- derivationallyrelatedform(B,A), instancehypernym(B,A), synsetdomaintopicof(C,B).
(r53) verbgroup(A,B) :- derivationallyrelatedform(D,A), similarto(A,C), alsosee(B,D).
(r54) verbgroup(A,B) :- alsosee(C,A), memberofdomainusage(D,B), alsosee(F,C), alsosee(E,C).
(r55) verbgroup(A,B) :- alsosee(A,B), haspart(A,B), similarto(B,A).
(r56) verbgroup(A,B) :- haspart(A,E), memberofdomainusage(D,B), alsosee(F,C), memberofdomainregion(B,F).
(r57) verbgroup(A,B) :- hypernym(C,F), membermeronym(E,F), derivationallyrelatedform(A,D), similarto(B,C).
(r58) verbgroup(A,B) :- membermeronym(B,E), alsosee(F,C), memberofdomainregion(A,F), instancehypernym(D,F).
(r59) verbgroup(A,B) :- instancehypernym(A,D), similarto(E,D), similarto(B,C), instancehypernym(B,F).
(r60) verbgroup(A,B) :- haspart(B,F), memberofdomainusage(A,D), hypernym(E,D), similarto(B,C).
(r61) verbgroup(A,B) :- hypernym(A,E), instancehypernym(E,F), synsetdomaintopicof(D,E), similarto(B,C).
(r62) verbgroup(A,B) :- membermeronym(D,E), synsetdomaintopicof(A,C), instancehypernym(B,D).
(r63) verbgroup(A,B) :- haspart(D,B), alsosee(F,C), memberofdomainusage(E,C), derivationallyrelatedform(A,E).
(r64) verbgroup(A,B) :- memberofdomainregion(A,E), alsosee(D,B), instancehypernym(A,C).
(r65) verbgroup(A,B) :- alsosee(D,B), derivationallyrelatedform(B,A), haspart(C,A).
(r66) verbgroup(A,B) :- haspart(D,B), similarto(D,A), memberofdomainregion(D,C), similarto(B,C).
(r67) verbgroup(A,B) :- alsosee(A,D), instancehypernym(A,D), membermeronym(E,C), similarto(B,C).
(r68) verbgroup(A,B) :- instancehypernym(F,D), instancehypernym(F,E), similarto(B,C), synsetdomaintopicof(A,E).
(r69) verbgroup(A,B) :- derivationallyrelatedform(E,D), memberofdomainusage(A,F), alsosee(F,C), derivationallyrelatedform(E,B).
(r70) verbgroup(A,B) :- instancehypernym(D,E), alsosee(D,B), haspart(A,F), similarto(B,C).
(r71) verbgroup(A,B) :- memberofdomainusage(A,E), alsosee(C,F), similarto(B,C), synsetdomaintopicof(D,F).
(r72) verbgroup(A,B) :- memberofdomainusage(D,E), hypernym(D,B), memberofdomainregion(D,A), similarto(B,C).
(r73) verbgroup(A,B) :- instancehypernym(B,D), memberofdomainusage(C,A), haspart(A,D).
(r74) verbgroup(A,B) :- alsosee(C,A), hypernym(C,D), memberofdomainusage(C,B).
(r75) verbgroup(A,B) :- haspart(A,E), similarto(F,A), similarto(B,C), alsosee(B,D).
(r76) verbgroup(A,B) :- derivationallyrelatedform(B,D), haspart(A,C), similarto(E,B).
(r77) verbgroup(A,B) :- derivationallyrelatedform(E,A), haspart(D,C), similarto(B,C), instancehypernym(A,C).
(r78) verbgroup(A,B) :- synsetdomaintopicof(F,A), instancehypernym(B,D), alsosee(F,C), haspart(E,F).
(r79) verbgroup(A,B) :- membermeronym(A,D), memberofdomainregion(C,B), haspart(C,B).
(r80) verbgroup(A,B) :- similarto(D,E), hypernym(E,B), alsosee(F,C), alsosee(F,A).
====================
MaxSAT solving... (2578 vars, 10842 hard, 814 soft)
number of rules: 82
program size: 340
(inv1) inv1(X1,X2,X3,X4,X5,X6) :- haspart(X1,X2), similarto(X3,X4), similarto(X5,X6).
(inv2) inv2(X1,X2,X3,X4,X5,X6,X7,X8) :- alsosee(X1,X2), alsosee(X3,X4), alsosee(X5,X6), similarto(X7,X8).
(r1) verbgroup(A,B) :- inv2(F,C,F,C,F,C,B,F), instancehypernym(E,A), membermeronym(D,C).
(r2) verbgroup(A,B) :- inv2(B,F,B,F,B,F,B,C), hypernym(C,D), memberofdomainusage(A,E).
(r3) verbgroup(A,B) :- membermeronym(A,D), haspart(D,C), instancehypernym(B,E).
(r4) verbgroup(A,B) :- memberofdomainregion(A,C), derivationallyrelatedform(E,B), hypernym(B,D).
(r5) verbgroup(A,B) :- inv1(B,D,B,C,B,C), instancehypernym(A,E), synsetdomaintopicof(F,C).
(r6) verbgroup(A,B) :- haspart(B,A), instancehypernym(C,B), synsetdomaintopicof(C,B).
(r7) verbgroup(A,B) :- memberofdomainregion(A,B), derivationallyrelatedform(B,D), memberofdomainregion(C,D).
(r8) verbgroup(A,B) :- synsetdomaintopicof(C,A), alsosee(D,C), instancehypernym(B,C).
(r9) verbgroup(A,B) :- inv1(D,A,D,F,B,C), membermeronym(E,D).
(r10) verbgroup(A,B) :- inv2(D,B,D,B,D,B,B,C), memberofdomainusage(D,E), instancehypernym(B,A).
(r11) verbgroup(A,B) :- inv1(C,F,B,C,B,C), membermeronym(C,E), instancehypernym(A,D).
(r12) verbgroup(A,B) :- synsetdomaintopicof(A,C), synsetdomaintopicof(B,D), memberofdomainusage(B,D).
(r13) verbgroup(A,B) :- memberofdomainregion(B,D), similarto(A,E), instancehypernym(E,C).
(r14) verbgroup(A,B) :- hypernym(A,E), hypernym(D,B), instancehypernym(D,C).
(r15) verbgroup(A,B) :- hypernym(B,C), memberofdomainusage(E,A), alsosee(E,D).
(r16) verbgroup(A,B) :- memberofdomainregion(E,F), synsetdomaintopicof(F,A), synsetdomaintopicof(A,D), similarto(B,C).
(r17) verbgroup(A,B) :- inv1(C,A,A,D,B,C), membermeronym(E,D).
(r18) verbgroup(A,B) :- hypernym(E,B), alsosee(F,C), haspart(A,C), membermeronym(B,D).
(r19) verbgroup(A,B) :- derivationallyrelatedform(D,A), instancehypernym(E,B), memberofdomainregion(D,E), similarto(B,C).
(r20) verbgroup(A,B) :- haspart(F,A), alsosee(F,C), instancehypernym(D,B), memberofdomainusage(B,E).
(r21) verbgroup(A,B) :- memberofdomainregion(D,B), instancehypernym(D,A), similarto(C,A).
(r22) verbgroup(A,B) :- inv2(F,C,F,C,F,C,B,F), derivationallyrelatedform(E,A), hypernym(D,F).
(r23) verbgroup(A,B) :- membermeronym(D,E), hypernym(D,A), haspart(B,C).
(r24) verbgroup(A,B) :- inv2(B,F,B,F,B,F,B,C), memberofdomainregion(E,C), memberofdomainusage(A,D).
(r25) verbgroup(A,B) :- inv1(B,C,B,C,B,C), alsosee(B,A), memberofdomainusage(D,B).
(r26) verbgroup(A,B) :- membermeronym(A,B), similarto(B,A), synsetdomaintopicof(B,A).
(r27) verbgroup(A,B) :- inv2(D,B,D,B,D,B,B,C), membermeronym(E,A), membermeronym(B,D).
(r28) verbgroup(A,B) :- inv1(C,B,B,C,B,C), hypernym(E,D), hypernym(A,D).
(r29) verbgroup(A,B) :- inv2(D,B,F,A,D,B,B,C), derivationallyrelatedform(B,E).
(r30) verbgroup(A,B) :- memberofdomainusage(B,E), alsosee(F,C), alsosee(F,A), hypernym(A,D).
(r31) verbgroup(A,B) :- inv1(A,B,B,C,B,C), memberofdomainusage(D,B), synsetdomaintopicof(B,A).
(r32) verbgroup(A,B) :- derivationallyrelatedform(F,B), alsosee(F,C), instancehypernym(A,E), memberofdomainusage(E,D).
(r33) verbgroup(A,B) :- inv1(C,B,A,E,B,C), instancehypernym(D,B).
(r34) verbgroup(A,B) :- derivationallyrelatedform(A,E), membermeronym(D,B), alsosee(F,C), membermeronym(B,F).
(r35) verbgroup(A,B) :- inv2(A,D,A,D,A,D,B,C), instancehypernym(E,B), hypernym(C,E).
(r36) verbgroup(A,B) :- hypernym(D,B), alsosee(F,C), instancehypernym(C,E), alsosee(E,A).
(r37) verbgroup(A,B) :- alsosee(F,B), alsosee(F,C), haspart(A,D), instancehypernym(F,E).
(r38) verbgroup(A,B) :- synsetdomaintopicof(B,C), instancehypernym(D,A), memberofdomainregion(C,B).
(r39) verbgroup(A,B) :- alsosee(E,B), synsetdomaintopicof(C,D), synsetdomaintopicof(A,D).
(r40) verbgroup(A,B) :- alsosee(F,C), memberofdomainregion(E,C), synsetdomaintopicof(B,D), memberofdomainusage(E,A).
(r41) verbgroup(A,B) :- inv2(A,D,C,E,B,E,B,C).
(r42) verbgroup(A,B) :- inv1(D,C,B,C,B,C), membermeronym(C,B), synsetdomaintopicof(A,E).
(r43) verbgroup(A,B) :- inv1(D,A,F,A,B,C), inv2(D,E,D,E,D,E,F,A).
(r44) verbgroup(A,B) :- inv2(D,F,D,F,D,F,B,C), derivationallyrelatedform(A,E), derivationallyrelatedform(D,C).
(r45) verbgroup(A,B) :- memberofdomainregion(A,B), similarto(C,A), memberofdomainregion(A,C).
(r46) verbgroup(A,B) :- inv2(F,C,F,C,F,C,A,D), membermeronym(C,A), synsetdomaintopicof(B,E).
(r47) verbgroup(A,B) :- alsosee(F,C), membermeronym(E,C), memberofdomainregion(D,A), memberofdomainusage(B,E).
(r48) verbgroup(A,B) :- membermeronym(D,B), similarto(B,C), hypernym(A,D), hypernym(D,C).
(r49) verbgroup(A,B) :- memberofdomainregion(F,A), alsosee(F,C), synsetdomaintopicof(D,E), hypernym(B,D).
(r50) verbgroup(A,B) :- inv2(B,E,B,E,B,E,B,C), instancehypernym(F,B), synsetdomaintopicof(A,D).
(r51) verbgroup(A,B) :- hypernym(B,C), synsetdomaintopicof(D,B), memberofdomainregion(B,A).
(r52) verbgroup(A,B) :- derivationallyrelatedform(B,A), instancehypernym(B,A), synsetdomaintopicof(C,B).
(r53) verbgroup(A,B) :- inv2(B,D,B,D,B,D,A,C), derivationallyrelatedform(D,A).
(r54) verbgroup(A,B) :- alsosee(C,A), memberofdomainusage(D,B), alsosee(F,C), alsosee(E,C).
(r55) verbgroup(A,B) :- inv1(A,B,B,A,B,A), alsosee(A,B).
(r56) verbgroup(A,B) :- haspart(A,E), memberofdomainusage(D,B), alsosee(F,C), memberofdomainregion(B,F).
(r57) verbgroup(A,B) :- hypernym(C,F), membermeronym(E,F), derivationallyrelatedform(A,D), similarto(B,C).
(r58) verbgroup(A,B) :- membermeronym(B,E), alsosee(F,C), memberofdomainregion(A,F), instancehypernym(D,F).
(r59) verbgroup(A,B) :- instancehypernym(A,D), similarto(E,D), similarto(B,C), instancehypernym(B,F).
(r60) verbgroup(A,B) :- inv1(B,F,B,C,B,C), memberofdomainusage(A,D), hypernym(E,D).
(r61) verbgroup(A,B) :- hypernym(A,E), instancehypernym(E,F), synsetdomaintopicof(D,E), similarto(B,C).
(r62) verbgroup(A,B) :- membermeronym(D,E), synsetdomaintopicof(A,C), instancehypernym(B,D).
(r63) verbgroup(A,B) :- haspart(D,B), alsosee(F,C), memberofdomainusage(E,C), derivationallyrelatedform(A,E).
(r64) verbgroup(A,B) :- memberofdomainregion(A,E), alsosee(D,B), instancehypernym(A,C).
(r65) verbgroup(A,B) :- alsosee(D,B), derivationallyrelatedform(B,A), haspart(C,A).
(r66) verbgroup(A,B) :- inv1(D,B,D,A,B,C), memberofdomainregion(D,C).
(r67) verbgroup(A,B) :- inv2(A,D,A,D,A,D,B,C), instancehypernym(A,D), membermeronym(E,C).
(r68) verbgroup(A,B) :- instancehypernym(F,D), instancehypernym(F,E), similarto(B,C), synsetdomaintopicof(A,E).
(r69) verbgroup(A,B) :- derivationallyrelatedform(E,D), memberofdomainusage(A,F), alsosee(F,C), derivationallyrelatedform(E,B).
(r70) verbgroup(A,B) :- inv1(A,F,B,C,B,C), instancehypernym(D,E), alsosee(D,B).
(r71) verbgroup(A,B) :- inv2(C,F,C,F,C,F,B,C), memberofdomainusage(A,E), synsetdomaintopicof(D,F).
(r72) verbgroup(A,B) :- memberofdomainusage(D,E), hypernym(D,B), memberofdomainregion(D,A), similarto(B,C).
(r73) verbgroup(A,B) :- instancehypernym(B,D), memberofdomainusage(C,A), haspart(A,D).
(r74) verbgroup(A,B) :- alsosee(C,A), hypernym(C,D), memberofdomainusage(C,B).
(r75) verbgroup(A,B) :- inv1(A,E,F,A,B,C), inv2(B,D,B,D,B,D,F,A).
(r76) verbgroup(A,B) :- inv1(A,C,E,B,E,B), derivationallyrelatedform(B,D).
(r77) verbgroup(A,B) :- inv1(D,C,B,C,B,C), derivationallyrelatedform(E,A), instancehypernym(A,C).
(r78) verbgroup(A,B) :- synsetdomaintopicof(F,A), instancehypernym(B,D), alsosee(F,C), haspart(E,F).
(r79) verbgroup(A,B) :- membermeronym(A,D), memberofdomainregion(C,B), haspart(C,B).
(r80) verbgroup(A,B) :- inv2(F,C,F,A,F,C,D,E), hypernym(E,B).
====================
