number of rules: 80
program size: 379
(r1) memberofdomainregion(A,B) :- hypernym(C,D), synsetdomaintopicof(A,D), synsetdomaintopicof(A,B).
(r2) memberofdomainregion(A,B) :- similarto(D,B), similarto(E,A), derivationallyrelatedform(F,D), haspart(B,C).
(r3) memberofdomainregion(A,B) :- instancehypernym(A,E), instancehypernym(D,B), haspart(B,C), membermeronym(B,D).
(r4) memberofdomainregion(A,B) :- instancehypernym(C,B), derivationallyrelatedform(D,E), haspart(A,E).
(r5) memberofdomainregion(A,B) :- alsosee(A,E), haspart(B,C), hypernym(E,C), membermeronym(B,D).
(r6) memberofdomainregion(A,B) :- similarto(D,B), hypernym(A,E), similarto(C,A).
(r7) memberofdomainregion(A,B) :- verbgroup(E,C), alsosee(D,B), haspart(B,C), hypernym(A,F).
(r8) memberofdomainregion(A,B) :- alsosee(A,C), membermeronym(D,B), membermeronym(E,B), haspart(B,C).
(r9) memberofdomainregion(A,B) :- membermeronym(F,C), memberofdomainusage(E,B), derivationallyrelatedform(A,C), alsosee(D,F).
(r10) memberofdomainregion(A,B) :- instancehypernym(C,B), membermeronym(F,C), hypernym(A,D), alsosee(D,E).
(r11) memberofdomainregion(A,B) :- alsosee(D,C), derivationallyrelatedform(A,B), membermeronym(C,A).
(r12) memberofdomainregion(A,B) :- membermeronym(B,F), membermeronym(F,C), hypernym(A,D), similarto(D,E).
(r13) memberofdomainregion(A,B) :- haspart(B,E), membermeronym(F,C), membermeronym(F,E), membermeronym(A,D).
(r14) memberofdomainregion(A,B) :- verbgroup(B,D), hypernym(E,A), haspart(B,C), verbgroup(A,D).
(r15) memberofdomainregion(A,B) :- synsetdomaintopicof(A,E), instancehypernym(C,E), hypernym(D,C), haspart(B,C).
(r16) memberofdomainregion(A,B) :- memberofdomainusage(D,C), membermeronym(C,B), haspart(B,C), alsosee(A,E).
(r17) memberofdomainregion(A,B) :- hypernym(B,D), verbgroup(E,A), hypernym(A,D), haspart(B,C).
(r18) memberofdomainregion(A,B) :- memberofdomainusage(D,B), instancehypernym(E,A), haspart(B,C), hypernym(F,D).
(r19) memberofdomainregion(A,B) :- similarto(E,D), alsosee(F,C), haspart(B,C), verbgroup(A,D).
(r20) memberofdomainregion(A,B) :- hypernym(A,C), synsetdomaintopicof(A,C), verbgroup(D,B), haspart(B,C).
(r21) memberofdomainregion(A,B) :- similarto(D,B), membermeronym(A,B), memberofdomainusage(C,A).
(r22) memberofdomainregion(A,B) :- similarto(A,E), synsetdomaintopicof(C,A), memberofdomainusage(A,D), haspart(B,C).
(r23) memberofdomainregion(A,B) :- hypernym(B,C), membermeronym(F,C), derivationallyrelatedform(D,A), hypernym(C,E).
(r24) memberofdomainregion(A,B) :- verbgroup(E,A), membermeronym(F,C), alsosee(B,C), memberofdomainusage(F,D).
(r25) memberofdomainregion(A,B) :- instancehypernym(D,B), haspart(B,A), haspart(B,D), haspart(B,C).
(r26) memberofdomainregion(A,B) :- membermeronym(F,C), hypernym(A,F), synsetdomaintopicof(B,D), alsosee(E,D).
(r27) memberofdomainregion(A,B) :- memberofdomainusage(B,C), synsetdomaintopicof(D,B), haspart(B,C), verbgroup(C,A).
(r28) memberofdomainregion(A,B) :- haspart(F,A), membermeronym(F,C), similarto(D,B), similarto(D,E).
(r29) memberofdomainregion(A,B) :- verbgroup(D,A), membermeronym(A,B), synsetdomaintopicof(D,C).
(r30) memberofdomainregion(A,B) :- instancehypernym(C,B), synsetdomaintopicof(A,D), instancehypernym(B,C).
(r31) memberofdomainregion(A,B) :- alsosee(E,A), similarto(A,D), haspart(B,C), synsetdomaintopicof(D,B).
(r32) memberofdomainregion(A,B) :- derivationallyrelatedform(A,E), alsosee(C,E), membermeronym(F,C), haspart(D,B).
(r33) memberofdomainregion(A,B) :- haspart(B,C), alsosee(E,B), hypernym(D,F), instancehypernym(F,A).
(r34) memberofdomainregion(A,B) :- alsosee(E,A), membermeronym(F,C), instancehypernym(B,F), membermeronym(C,D).
(r35) memberofdomainregion(A,B) :- synsetdomaintopicof(A,D), derivationallyrelatedform(E,F), verbgroup(B,E), haspart(B,C).
(r36) memberofdomainregion(A,B) :- derivationallyrelatedform(B,E), membermeronym(F,C), derivationallyrelatedform(F,D), instancehypernym(F,A).
(r37) memberofdomainregion(A,B) :- verbgroup(D,A), membermeronym(D,B), memberofdomainusage(B,E), haspart(B,C).
(r38) memberofdomainregion(A,B) :- membermeronym(B,C), alsosee(C,B), memberofdomainusage(D,A).
(r39) memberofdomainregion(A,B) :- synsetdomaintopicof(D,E), haspart(B,C), membermeronym(F,E), instancehypernym(F,A).
(r40) memberofdomainregion(A,B) :- derivationallyrelatedform(B,E), instancehypernym(D,A), instancehypernym(D,C).
(r41) memberofdomainregion(A,B) :- instancehypernym(B,A), alsosee(B,A), haspart(A,B).
(r42) memberofdomainregion(A,B) :- alsosee(B,C), similarto(A,D), hypernym(A,E), haspart(B,C).
(r43) memberofdomainregion(A,B) :- synsetdomaintopicof(E,A), membermeronym(D,B), synsetdomaintopicof(C,B).
(r44) memberofdomainregion(A,B) :- derivationallyrelatedform(A,E), similarto(D,E), haspart(B,C), synsetdomaintopicof(F,C).
(r45) memberofdomainregion(A,B) :- alsosee(A,E), hypernym(E,D), similarto(C,B), haspart(B,C).
(r46) memberofdomainregion(A,B) :- membermeronym(C,B), similarto(A,D), haspart(B,C), similarto(A,C).
(r47) memberofdomainregion(A,B) :- synsetdomaintopicof(F,E), hypernym(A,E), haspart(B,C), alsosee(D,F).
(r48) memberofdomainregion(A,B) :- alsosee(A,E), similarto(E,C), haspart(D,C), haspart(B,C).
(r49) memberofdomainregion(A,B) :- instancehypernym(C,B), similarto(A,D), haspart(B,C), memberofdomainusage(A,B).
(r50) memberofdomainregion(A,B) :- haspart(D,B), similarto(C,B), memberofdomainusage(A,D).
(r51) memberofdomainregion(A,B) :- derivationallyrelatedform(D,A), derivationallyrelatedform(B,D), instancehypernym(C,D), haspart(B,C).
(r52) memberofdomainregion(A,B) :- hypernym(C,D), membermeronym(B,D), haspart(A,E).
(r53) memberofdomainregion(A,B) :- derivationallyrelatedform(C,E), haspart(B,C), derivationallyrelatedform(D,C), memberofdomainusage(A,F).
(r54) memberofdomainregion(A,B) :- alsosee(A,E), hypernym(C,B), membermeronym(D,A).
(r55) memberofdomainregion(A,B) :- alsosee(B,F), synsetdomaintopicof(A,D), verbgroup(B,E), haspart(B,C).
(r56) memberofdomainregion(A,B) :- instancehypernym(A,E), alsosee(A,B), membermeronym(A,D), haspart(B,C).
(r57) memberofdomainregion(A,B) :- similarto(E,D), hypernym(F,B), membermeronym(F,C), membermeronym(E,A).
(r58) memberofdomainregion(A,B) :- instancehypernym(C,B), synsetdomaintopicof(A,E), similarto(B,D), haspart(B,C).
(r59) memberofdomainregion(A,B) :- verbgroup(E,D), verbgroup(A,F), derivationallyrelatedform(D,A), haspart(B,C).
(r60) memberofdomainregion(A,B) :- haspart(B,A), alsosee(C,B), alsosee(A,D), haspart(B,C).
(r61) memberofdomainregion(A,B) :- membermeronym(A,E), membermeronym(C,B), alsosee(D,A).
(r62) memberofdomainregion(A,B) :- haspart(D,B), derivationallyrelatedform(D,B), memberofdomainusage(C,A), haspart(B,C).
(r63) memberofdomainregion(A,B) :- derivationallyrelatedform(C,A), verbgroup(D,B), alsosee(C,A).
(r64) memberofdomainregion(A,B) :- membermeronym(B,C), similarto(A,B), alsosee(C,D).
(r65) memberofdomainregion(A,B) :- derivationallyrelatedform(D,E), verbgroup(B,C), instancehypernym(E,A).
(r66) memberofdomainregion(A,B) :- alsosee(E,D), memberofdomainusage(A,D), haspart(B,C), memberofdomainusage(E,A).
(r67) memberofdomainregion(A,B) :- membermeronym(F,C), haspart(A,D), similarto(B,E), haspart(C,A).
(r68) memberofdomainregion(A,B) :- similarto(E,D), membermeronym(A,D), haspart(B,C), alsosee(F,D).
(r69) memberofdomainregion(A,B) :- verbgroup(F,D), membermeronym(F,C), alsosee(B,E), verbgroup(A,D).
(r70) memberofdomainregion(A,B) :- alsosee(D,A), membermeronym(B,A), instancehypernym(A,C).
(r71) memberofdomainregion(A,B) :- instancehypernym(A,E), memberofdomainusage(C,B), membermeronym(F,C), instancehypernym(C,D).
(r72) memberofdomainregion(A,B) :- synsetdomaintopicof(A,D), alsosee(A,E), haspart(B,C), synsetdomaintopicof(D,F).
(r73) memberofdomainregion(A,B) :- alsosee(A,C), derivationallyrelatedform(B,E), membermeronym(F,C), similarto(D,A).
(r74) memberofdomainregion(A,B) :- memberofdomainusage(B,C), haspart(A,D), derivationallyrelatedform(A,D).
(r75) memberofdomainregion(A,B) :- derivationallyrelatedform(C,E), alsosee(A,D), haspart(B,C), haspart(A,C).
(r76) memberofdomainregion(A,B) :- verbgroup(A,F), membermeronym(F,C), similarto(B,D), haspart(E,C).
(r77) memberofdomainregion(A,B) :- alsosee(D,C), similarto(A,E), membermeronym(F,C), similarto(F,B).
(r78) memberofdomainregion(A,B) :- hypernym(B,C), membermeronym(D,B), alsosee(A,B).
(r79) memberofdomainregion(A,B) :- synsetdomaintopicof(A,D), similarto(D,E), haspart(B,C), instancehypernym(C,F).
(r80) memberofdomainregion(A,B) :- membermeronym(F,C), hypernym(D,C), similarto(E,B), verbgroup(C,A).
====================
MaxSAT solving... (2619 vars, 11827 hard, 825 soft)
number of rules: 82
program size: 342
(inv1) inv1(X1,X2,X3,X4,X5,X6,X7,X8) :- similarto(X1,X2), similarto(X3,X4), haspart(X5,X6), haspart(X7,X8).
(inv2) inv2(X1,X2,X3,X4,X5,X6) :- membermeronym(X1,X2), membermeronym(X3,X4), alsosee(X5,X6).
(r1) memberofdomainregion(A,B) :- hypernym(C,D), synsetdomaintopicof(A,D), synsetdomaintopicof(A,B).
(r2) memberofdomainregion(A,B) :- inv1(D,B,E,A,B,C,B,C), derivationallyrelatedform(F,D).
(r3) memberofdomainregion(A,B) :- instancehypernym(A,E), instancehypernym(D,B), haspart(B,C), membermeronym(B,D).
(r4) memberofdomainregion(A,B) :- instancehypernym(C,B), derivationallyrelatedform(D,E), haspart(A,E).
(r5) memberofdomainregion(A,B) :- inv2(B,D,B,D,A,E), haspart(B,C), hypernym(E,C).
(r6) memberofdomainregion(A,B) :- similarto(D,B), hypernym(A,E), similarto(C,A).
(r7) memberofdomainregion(A,B) :- verbgroup(E,C), alsosee(D,B), haspart(B,C), hypernym(A,F).
(r8) memberofdomainregion(A,B) :- inv2(D,B,E,B,A,C), haspart(B,C).
(r9) memberofdomainregion(A,B) :- inv2(F,C,F,C,D,F), memberofdomainusage(E,B), derivationallyrelatedform(A,C).
(r10) memberofdomainregion(A,B) :- inv2(F,C,F,C,D,E), instancehypernym(C,B), hypernym(A,D).
(r11) memberofdomainregion(A,B) :- inv2(C,A,C,A,D,C), derivationallyrelatedform(A,B).
(r12) memberofdomainregion(A,B) :- membermeronym(B,F), membermeronym(F,C), hypernym(A,D), similarto(D,E).
(r13) memberofdomainregion(A,B) :- haspart(B,E), membermeronym(F,C), membermeronym(F,E), membermeronym(A,D).
(r14) memberofdomainregion(A,B) :- verbgroup(B,D), hypernym(E,A), haspart(B,C), verbgroup(A,D).
(r15) memberofdomainregion(A,B) :- synsetdomaintopicof(A,E), instancehypernym(C,E), hypernym(D,C), haspart(B,C).
(r16) memberofdomainregion(A,B) :- inv2(C,B,C,B,A,E), memberofdomainusage(D,C), haspart(B,C).
(r17) memberofdomainregion(A,B) :- hypernym(B,D), verbgroup(E,A), hypernym(A,D), haspart(B,C).
(r18) memberofdomainregion(A,B) :- memberofdomainusage(D,B), instancehypernym(E,A), haspart(B,C), hypernym(F,D).
(r19) memberofdomainregion(A,B) :- inv1(E,D,E,D,B,C,B,C), alsosee(F,C), verbgroup(A,D).
(r20) memberofdomainregion(A,B) :- hypernym(A,C), synsetdomaintopicof(A,C), verbgroup(D,B), haspart(B,C).
(r21) memberofdomainregion(A,B) :- similarto(D,B), membermeronym(A,B), memberofdomainusage(C,A).
(r22) memberofdomainregion(A,B) :- inv1(A,E,A,E,B,C,B,C), synsetdomaintopicof(C,A), memberofdomainusage(A,D).
(r23) memberofdomainregion(A,B) :- hypernym(B,C), membermeronym(F,C), derivationallyrelatedform(D,A), hypernym(C,E).
(r24) memberofdomainregion(A,B) :- inv2(F,C,F,C,B,C), verbgroup(E,A), memberofdomainusage(F,D).
(r25) memberofdomainregion(A,B) :- instancehypernym(D,B), haspart(B,A), haspart(B,D), haspart(B,C).
(r26) memberofdomainregion(A,B) :- inv2(F,C,F,C,E,D), hypernym(A,F), synsetdomaintopicof(B,D).
(r27) memberofdomainregion(A,B) :- memberofdomainusage(B,C), synsetdomaintopicof(D,B), haspart(B,C), verbgroup(C,A).
(r28) memberofdomainregion(A,B) :- inv1(D,B,D,E,F,A,F,A), membermeronym(F,C).
(r29) memberofdomainregion(A,B) :- verbgroup(D,A), membermeronym(A,B), synsetdomaintopicof(D,C).
(r30) memberofdomainregion(A,B) :- instancehypernym(C,B), synsetdomaintopicof(A,D), instancehypernym(B,C).
(r31) memberofdomainregion(A,B) :- inv1(A,D,A,D,B,C,B,C), alsosee(E,A), synsetdomaintopicof(D,B).
(r32) memberofdomainregion(A,B) :- inv2(F,C,F,C,C,E), derivationallyrelatedform(A,E), haspart(D,B).
(r33) memberofdomainregion(A,B) :- haspart(B,C), alsosee(E,B), hypernym(D,F), instancehypernym(F,A).
(r34) memberofdomainregion(A,B) :- inv2(F,C,C,D,E,A), instancehypernym(B,F).
(r35) memberofdomainregion(A,B) :- synsetdomaintopicof(A,D), derivationallyrelatedform(E,F), verbgroup(B,E), haspart(B,C).
(r36) memberofdomainregion(A,B) :- derivationallyrelatedform(B,E), membermeronym(F,C), derivationallyrelatedform(F,D), instancehypernym(F,A).
(r37) memberofdomainregion(A,B) :- verbgroup(D,A), membermeronym(D,B), memberofdomainusage(B,E), haspart(B,C).
(r38) memberofdomainregion(A,B) :- inv2(B,C,B,C,C,B), memberofdomainusage(D,A).
(r39) memberofdomainregion(A,B) :- synsetdomaintopicof(D,E), haspart(B,C), membermeronym(F,E), instancehypernym(F,A).
(r40) memberofdomainregion(A,B) :- derivationallyrelatedform(B,E), instancehypernym(D,A), instancehypernym(D,C).
(r41) memberofdomainregion(A,B) :- instancehypernym(B,A), alsosee(B,A), haspart(A,B).
(r42) memberofdomainregion(A,B) :- inv1(A,D,A,D,B,C,B,C), alsosee(B,C), hypernym(A,E).
(r43) memberofdomainregion(A,B) :- synsetdomaintopicof(E,A), membermeronym(D,B), synsetdomaintopicof(C,B).
(r44) memberofdomainregion(A,B) :- inv1(D,E,D,E,B,C,B,C), derivationallyrelatedform(A,E), synsetdomaintopicof(F,C).
(r45) memberofdomainregion(A,B) :- inv1(C,B,C,B,B,C,B,C), alsosee(A,E), hypernym(E,D).
(r46) memberofdomainregion(A,B) :- inv1(A,D,A,C,B,C,B,C), membermeronym(C,B).
(r47) memberofdomainregion(A,B) :- synsetdomaintopicof(F,E), hypernym(A,E), haspart(B,C), alsosee(D,F).
(r48) memberofdomainregion(A,B) :- inv1(E,C,E,C,D,C,B,C), alsosee(A,E).
(r49) memberofdomainregion(A,B) :- inv1(A,D,A,D,B,C,B,C), instancehypernym(C,B), memberofdomainusage(A,B).
(r50) memberofdomainregion(A,B) :- inv1(C,B,C,B,D,B,D,B), memberofdomainusage(A,D).
(r51) memberofdomainregion(A,B) :- derivationallyrelatedform(D,A), derivationallyrelatedform(B,D), instancehypernym(C,D), haspart(B,C).
(r52) memberofdomainregion(A,B) :- hypernym(C,D), membermeronym(B,D), haspart(A,E).
(r53) memberofdomainregion(A,B) :- derivationallyrelatedform(C,E), haspart(B,C), derivationallyrelatedform(D,C), memberofdomainusage(A,F).
(r54) memberofdomainregion(A,B) :- inv2(D,A,D,A,A,E), hypernym(C,B).
(r55) memberofdomainregion(A,B) :- alsosee(B,F), synsetdomaintopicof(A,D), verbgroup(B,E), haspart(B,C).
(r56) memberofdomainregion(A,B) :- inv2(A,D,A,D,A,B), instancehypernym(A,E), haspart(B,C).
(r57) memberofdomainregion(A,B) :- similarto(E,D), hypernym(F,B), membermeronym(F,C), membermeronym(E,A).
(r58) memberofdomainregion(A,B) :- inv1(B,D,B,D,B,C,B,C), instancehypernym(C,B), synsetdomaintopicof(A,E).
(r59) memberofdomainregion(A,B) :- verbgroup(E,D), verbgroup(A,F), derivationallyrelatedform(D,A), haspart(B,C).
(r60) memberofdomainregion(A,B) :- haspart(B,A), alsosee(C,B), alsosee(A,D), haspart(B,C).
(r61) memberofdomainregion(A,B) :- inv2(A,E,C,B,D,A).
(r62) memberofdomainregion(A,B) :- haspart(D,B), derivationallyrelatedform(D,B), memberofdomainusage(C,A), haspart(B,C).
(r63) memberofdomainregion(A,B) :- derivationallyrelatedform(C,A), verbgroup(D,B), alsosee(C,A).
(r64) memberofdomainregion(A,B) :- inv2(B,C,B,C,C,D), similarto(A,B).
(r65) memberofdomainregion(A,B) :- derivationallyrelatedform(D,E), verbgroup(B,C), instancehypernym(E,A).
(r66) memberofdomainregion(A,B) :- alsosee(E,D), memberofdomainusage(A,D), haspart(B,C), memberofdomainusage(E,A).
(r67) memberofdomainregion(A,B) :- inv1(B,E,B,E,A,D,C,A), membermeronym(F,C).
(r68) memberofdomainregion(A,B) :- inv1(E,D,E,D,B,C,B,C), inv2(A,D,A,D,F,D).
(r69) memberofdomainregion(A,B) :- inv2(F,C,F,C,B,E), verbgroup(F,D), verbgroup(A,D).
(r70) memberofdomainregion(A,B) :- inv2(B,A,B,A,D,A), instancehypernym(A,C).
(r71) memberofdomainregion(A,B) :- instancehypernym(A,E), memberofdomainusage(C,B), membermeronym(F,C), instancehypernym(C,D).
(r72) memberofdomainregion(A,B) :- synsetdomaintopicof(A,D), alsosee(A,E), haspart(B,C), synsetdomaintopicof(D,F).
(r73) memberofdomainregion(A,B) :- inv2(F,C,F,C,A,C), derivationallyrelatedform(B,E), similarto(D,A).
(r74) memberofdomainregion(A,B) :- memberofdomainusage(B,C), haspart(A,D), derivationallyrelatedform(A,D).
(r75) memberofdomainregion(A,B) :- derivationallyrelatedform(C,E), alsosee(A,D), haspart(B,C), haspart(A,C).
(r76) memberofdomainregion(A,B) :- inv1(B,D,B,D,E,C,E,C), verbgroup(A,F), membermeronym(F,C).
(r77) memberofdomainregion(A,B) :- inv2(F,C,F,C,D,C), similarto(A,E), similarto(F,B).
(r78) memberofdomainregion(A,B) :- inv2(D,B,D,B,A,B), hypernym(B,C).
(r79) memberofdomainregion(A,B) :- inv1(D,E,D,E,B,C,B,C), synsetdomaintopicof(A,D), instancehypernym(C,F).
(r80) memberofdomainregion(A,B) :- membermeronym(F,C), hypernym(D,C), similarto(E,B), verbgroup(C,A).
====================
