number of rules: 50
program size: 239
(r1) verbgroup(A,B) :- derivationallyrelatedform(D,B), hypernym(A,C), memberofdomainregion(D,A), similarto(B,C).
(r2) verbgroup(A,B) :- similarto(B,D), alsosee(F,C), hypernym(F,E), membermeronym(E,A).
(r3) verbgroup(A,B) :- derivationallyrelatedform(D,A), alsosee(E,B), memberofdomainregion(B,C), alsosee(F,C).
(r4) verbgroup(A,B) :- membermeronym(C,A), membermeronym(A,C), hypernym(A,B).
(r5) verbgroup(A,B) :- haspart(C,D), instancehypernym(D,B), synsetdomaintopicof(B,A), similarto(B,C).
(r6) verbgroup(A,B) :- alsosee(F,C), derivationallyrelatedform(D,F), hypernym(B,E), instancehypernym(A,C).
(r7) verbgroup(A,B) :- similarto(D,E), synsetdomaintopicof(D,A), haspart(C,B).
(r8) verbgroup(A,B) :- membermeronym(D,B), membermeronym(B,C), similarto(B,C), memberofdomainusage(D,A).
(r9) verbgroup(A,B) :- memberofdomainregion(F,D), alsosee(F,C), hypernym(F,B), hypernym(E,A).
(r10) verbgroup(A,B) :- synsetdomaintopicof(A,D), similarto(B,C), synsetdomaintopicof(B,E), similarto(B,F).
(r11) verbgroup(A,B) :- similarto(C,D), derivationallyrelatedform(A,D), memberofdomainusage(B,C), similarto(B,C).
(r12) verbgroup(A,B) :- derivationallyrelatedform(B,D), synsetdomaintopicof(C,D), haspart(A,D).
(r13) verbgroup(A,B) :- hypernym(D,B), alsosee(F,C), hypernym(E,D), derivationallyrelatedform(F,A).
(r14) verbgroup(A,B) :- derivationallyrelatedform(F,D), alsosee(F,C), alsosee(B,F), alsosee(E,A).
(r15) verbgroup(A,B) :- hypernym(A,E), hypernym(A,C), memberofdomainregion(C,D), similarto(B,C).
(r16) verbgroup(A,B) :- alsosee(F,B), membermeronym(B,E), alsosee(F,C), memberofdomainusage(D,A).
(r17) verbgroup(A,B) :- alsosee(A,D), similarto(E,A), derivationallyrelatedform(F,D), similarto(B,C).
(r18) verbgroup(A,B) :- instancehypernym(E,D), instancehypernym(E,B), memberofdomainregion(D,A), similarto(B,C).
(r19) verbgroup(A,B) :- haspart(F,A), memberofdomainusage(A,D), haspart(E,A), similarto(B,C).
(r20) verbgroup(A,B) :- memberofdomainregion(D,B), instancehypernym(B,D), derivationallyrelatedform(C,A), similarto(B,C).
(r21) verbgroup(A,B) :- derivationallyrelatedform(D,B), alsosee(F,C), memberofdomainusage(E,C), alsosee(A,F).
(r22) verbgroup(A,B) :- hypernym(D,A), derivationallyrelatedform(E,F), similarto(B,C), synsetdomaintopicof(A,E).
(r23) verbgroup(A,B) :- similarto(C,E), instancehypernym(D,B), membermeronym(A,C), similarto(B,C).
(r24) verbgroup(A,B) :- similarto(E,C), memberofdomainregion(E,A), similarto(B,C), membermeronym(D,B).
(r25) verbgroup(A,B) :- memberofdomainregion(C,B), synsetdomaintopicof(F,D), alsosee(F,C), synsetdomaintopicof(A,E).
(r26) verbgroup(A,B) :- similarto(C,D), similarto(A,D), similarto(B,C), similarto(A,C).
(r27) verbgroup(A,B) :- haspart(D,B), membermeronym(A,D), similarto(B,C), alsosee(E,A).
(r28) verbgroup(A,B) :- membermeronym(E,D), instancehypernym(E,B), instancehypernym(A,C).
(r29) verbgroup(A,B) :- hypernym(D,A), alsosee(F,C), instancehypernym(C,E), similarto(B,F).
(r30) verbgroup(A,B) :- instancehypernym(E,A), synsetdomaintopicof(A,C), memberofdomainregion(D,B).
(r31) verbgroup(A,B) :- alsosee(F,C), instancehypernym(B,E), synsetdomaintopicof(C,E), haspart(A,D).
(r32) verbgroup(A,B) :- membermeronym(B,C), instancehypernym(D,B), similarto(B,C), derivationallyrelatedform(A,C).
(r33) verbgroup(A,B) :- memberofdomainusage(B,C), instancehypernym(D,B), hypernym(E,A).
(r34) verbgroup(A,B) :- derivationallyrelatedform(B,D), membermeronym(B,E), similarto(A,E), similarto(B,C).
(r35) verbgroup(A,B) :- derivationallyrelatedform(E,A), similarto(E,C), instancehypernym(D,B).
(r36) verbgroup(A,B) :- alsosee(D,E), membermeronym(B,E), alsosee(F,C), membermeronym(F,A).
(r37) verbgroup(A,B) :- membermeronym(B,E), alsosee(F,C), membermeronym(A,F), derivationallyrelatedform(D,C).
(r38) verbgroup(A,B) :- synsetdomaintopicof(D,B), synsetdomaintopicof(A,B), memberofdomainusage(C,B).
(r39) verbgroup(A,B) :- alsosee(E,B), synsetdomaintopicof(C,D), alsosee(F,C), haspart(A,C).
(r40) verbgroup(A,B) :- alsosee(D,E), alsosee(C,B), membermeronym(A,E).
(r41) verbgroup(A,B) :- memberofdomainusage(D,B), alsosee(F,C), membermeronym(E,A), haspart(F,B).
(r42) verbgroup(A,B) :- memberofdomainusage(F,D), memberofdomainusage(A,D), hypernym(E,A), similarto(B,C).
(r43) verbgroup(A,B) :- alsosee(F,C), instancehypernym(D,B), memberofdomainregion(A,F), hypernym(C,E).
(r44) verbgroup(A,B) :- memberofdomainregion(B,A), hypernym(A,D), hypernym(D,C).
(r45) verbgroup(A,B) :- similarto(D,A), haspart(A,C), synsetdomaintopicof(C,B).
(r46) verbgroup(A,B) :- memberofdomainregion(A,E), derivationallyrelatedform(B,A), memberofdomainregion(D,E), similarto(B,C).
(r47) verbgroup(A,B) :- hypernym(D,B), instancehypernym(A,D), instancehypernym(A,E), similarto(B,C).
(r48) verbgroup(A,B) :- alsosee(F,C), hypernym(A,E), derivationallyrelatedform(F,B), alsosee(D,F).
(r49) verbgroup(A,B) :- similarto(A,C), derivationallyrelatedform(A,C), similarto(B,C), alsosee(B,D).
(r50) verbgroup(A,B) :- alsosee(D,E), haspart(D,B), similarto(B,C), memberofdomainregion(A,D).
====================
MaxSAT solving... (2195 vars, 10251 hard, 635 soft)
number of rules: 52
program size: 222
(inv1) inv1(X1,X2,X3,X4,X5,X6) :- similarto(X1,X2), similarto(X3,X4), derivationallyrelatedform(X5,X6).
(inv2) inv2(X1,X2,X3,X4,X5,X6) :- derivationallyrelatedform(X1,X2), alsosee(X3,X4), alsosee(X5,X6).
(r1) verbgroup(A,B) :- inv1(B,C,B,C,D,B), hypernym(A,C), memberofdomainregion(D,A).
(r2) verbgroup(A,B) :- similarto(B,D), alsosee(F,C), hypernym(F,E), membermeronym(E,A).
(r3) verbgroup(A,B) :- inv2(D,A,E,B,F,C), memberofdomainregion(B,C).
(r4) verbgroup(A,B) :- membermeronym(C,A), membermeronym(A,C), hypernym(A,B).
(r5) verbgroup(A,B) :- haspart(C,D), instancehypernym(D,B), synsetdomaintopicof(B,A), similarto(B,C).
(r6) verbgroup(A,B) :- inv2(D,F,F,C,F,C), hypernym(B,E), instancehypernym(A,C).
(r7) verbgroup(A,B) :- similarto(D,E), synsetdomaintopicof(D,A), haspart(C,B).
(r8) verbgroup(A,B) :- membermeronym(D,B), membermeronym(B,C), similarto(B,C), memberofdomainusage(D,A).
(r9) verbgroup(A,B) :- memberofdomainregion(F,D), alsosee(F,C), hypernym(F,B), hypernym(E,A).
(r10) verbgroup(A,B) :- synsetdomaintopicof(A,D), similarto(B,C), synsetdomaintopicof(B,E), similarto(B,F).
(r11) verbgroup(A,B) :- inv1(C,D,B,C,A,D), memberofdomainusage(B,C).
(r12) verbgroup(A,B) :- derivationallyrelatedform(B,D), synsetdomaintopicof(C,D), haspart(A,D).
(r13) verbgroup(A,B) :- inv2(F,A,F,C,F,C), hypernym(D,B), hypernym(E,D).
(r14) verbgroup(A,B) :- inv2(F,D,F,C,B,F), alsosee(E,A).
(r15) verbgroup(A,B) :- hypernym(A,E), hypernym(A,C), memberofdomainregion(C,D), similarto(B,C).
(r16) verbgroup(A,B) :- alsosee(F,B), membermeronym(B,E), alsosee(F,C), memberofdomainusage(D,A).
(r17) verbgroup(A,B) :- inv1(E,A,B,C,F,D), alsosee(A,D).
(r18) verbgroup(A,B) :- instancehypernym(E,D), instancehypernym(E,B), memberofdomainregion(D,A), similarto(B,C).
(r19) verbgroup(A,B) :- haspart(F,A), memberofdomainusage(A,D), haspart(E,A), similarto(B,C).
(r20) verbgroup(A,B) :- inv1(B,C,B,C,C,A), memberofdomainregion(D,B), instancehypernym(B,D).
(r21) verbgroup(A,B) :- inv2(D,B,F,C,A,F), memberofdomainusage(E,C).
(r22) verbgroup(A,B) :- inv1(B,C,B,C,E,F), hypernym(D,A), synsetdomaintopicof(A,E).
(r23) verbgroup(A,B) :- similarto(C,E), instancehypernym(D,B), membermeronym(A,C), similarto(B,C).
(r24) verbgroup(A,B) :- similarto(E,C), memberofdomainregion(E,A), similarto(B,C), membermeronym(D,B).
(r25) verbgroup(A,B) :- memberofdomainregion(C,B), synsetdomaintopicof(F,D), alsosee(F,C), synsetdomaintopicof(A,E).
(r26) verbgroup(A,B) :- similarto(C,D), similarto(A,D), similarto(B,C), similarto(A,C).
(r27) verbgroup(A,B) :- haspart(D,B), membermeronym(A,D), similarto(B,C), alsosee(E,A).
(r28) verbgroup(A,B) :- membermeronym(E,D), instancehypernym(E,B), instancehypernym(A,C).
(r29) verbgroup(A,B) :- hypernym(D,A), alsosee(F,C), instancehypernym(C,E), similarto(B,F).
(r30) verbgroup(A,B) :- instancehypernym(E,A), synsetdomaintopicof(A,C), memberofdomainregion(D,B).
(r31) verbgroup(A,B) :- alsosee(F,C), instancehypernym(B,E), synsetdomaintopicof(C,E), haspart(A,D).
(r32) verbgroup(A,B) :- inv1(B,C,B,C,A,C), membermeronym(B,C), instancehypernym(D,B).
(r33) verbgroup(A,B) :- memberofdomainusage(B,C), instancehypernym(D,B), hypernym(E,A).
(r34) verbgroup(A,B) :- inv1(A,E,B,C,B,D), membermeronym(B,E).
(r35) verbgroup(A,B) :- inv1(E,C,E,C,E,A), instancehypernym(D,B).
(r36) verbgroup(A,B) :- alsosee(D,E), membermeronym(B,E), alsosee(F,C), membermeronym(F,A).
(r37) verbgroup(A,B) :- inv2(D,C,F,C,F,C), membermeronym(B,E), membermeronym(A,F).
(r38) verbgroup(A,B) :- synsetdomaintopicof(D,B), synsetdomaintopicof(A,B), memberofdomainusage(C,B).
(r39) verbgroup(A,B) :- alsosee(E,B), synsetdomaintopicof(C,D), alsosee(F,C), haspart(A,C).
(r40) verbgroup(A,B) :- alsosee(D,E), alsosee(C,B), membermeronym(A,E).
(r41) verbgroup(A,B) :- memberofdomainusage(D,B), alsosee(F,C), membermeronym(E,A), haspart(F,B).
(r42) verbgroup(A,B) :- memberofdomainusage(F,D), memberofdomainusage(A,D), hypernym(E,A), similarto(B,C).
(r43) verbgroup(A,B) :- alsosee(F,C), instancehypernym(D,B), memberofdomainregion(A,F), hypernym(C,E).
(r44) verbgroup(A,B) :- memberofdomainregion(B,A), hypernym(A,D), hypernym(D,C).
(r45) verbgroup(A,B) :- similarto(D,A), haspart(A,C), synsetdomaintopicof(C,B).
(r46) verbgroup(A,B) :- inv1(B,C,B,C,B,A), memberofdomainregion(A,E), memberofdomainregion(D,E).
(r47) verbgroup(A,B) :- hypernym(D,B), instancehypernym(A,D), instancehypernym(A,E), similarto(B,C).
(r48) verbgroup(A,B) :- inv2(F,B,F,C,D,F), hypernym(A,E).
(r49) verbgroup(A,B) :- inv1(A,C,B,C,A,C), inv2(A,C,B,D,B,D).
(r50) verbgroup(A,B) :- alsosee(D,E), haspart(D,B), similarto(B,C), memberofdomainregion(A,D).
====================
