number of rules: 100
program size: 479
(r1) verbgroup(A,B) :- alsosee(C,A), derivationallyrelatedform(E,D), derivationallyrelatedform(A,E), similarto(B,C).
(r2) verbgroup(A,B) :- synsetdomaintopicof(E,A), haspart(D,C), derivationallyrelatedform(A,E), similarto(B,C).
(r3) verbgroup(A,B) :- haspart(A,E), instancehypernym(E,B), synsetdomaintopicof(A,D), similarto(B,C).
(r4) verbgroup(A,B) :- hypernym(E,B), membermeronym(C,D), similarto(B,C), memberofdomainusage(A,E).
(r5) verbgroup(A,B) :- similarto(E,A), memberofdomainregion(B,D), synsetdomaintopicof(C,B).
(r6) verbgroup(A,B) :- membermeronym(E,B), derivationallyrelatedform(A,D), similarto(B,C), hypernym(A,D).
(r7) verbgroup(A,B) :- instancehypernym(E,B), synsetdomaintopicof(A,D), derivationallyrelatedform(D,F), similarto(B,C).
(r8) verbgroup(A,B) :- memberofdomainregion(D,B), derivationallyrelatedform(C,E), similarto(B,C), derivationallyrelatedform(A,C).
(r9) verbgroup(A,B) :- instancehypernym(A,F), instancehypernym(B,D), alsosee(F,C), membermeronym(F,E).
(r10) verbgroup(A,B) :- similarto(E,C), synsetdomaintopicof(D,A), similarto(B,C), synsetdomaintopicof(A,E).
(r11) verbgroup(A,B) :- haspart(D,B), similarto(B,C), synsetdomaintopicof(D,B), memberofdomainusage(E,A).
(r12) verbgroup(A,B) :- hypernym(A,E), memberofdomainregion(D,E), similarto(B,C), hypernym(C,E).
(r13) verbgroup(A,B) :- instancehypernym(F,D), similarto(C,A), alsosee(F,C), synsetdomaintopicof(E,B).
(r14) verbgroup(A,B) :- haspart(E,C), instancehypernym(D,B), memberofdomainusage(A,E).
(r15) verbgroup(A,B) :- hypernym(B,A), similarto(A,D), haspart(B,C), similarto(B,C).
(r16) verbgroup(A,B) :- instancehypernym(D,E), alsosee(F,C), hypernym(E,A), hypernym(C,B).
(r17) verbgroup(A,B) :- similarto(B,C), instancehypernym(D,E), instancehypernym(A,E), instancehypernym(B,C).
(r18) verbgroup(A,B) :- instancehypernym(A,F), instancehypernym(E,F), similarto(B,C), memberofdomainregion(A,D).
(r19) verbgroup(A,B) :- alsosee(F,C), membermeronym(B,C), hypernym(E,A), alsosee(F,D).
(r20) verbgroup(A,B) :- alsosee(B,E), alsosee(F,C), haspart(A,C), hypernym(C,D).
(r21) verbgroup(A,B) :- synsetdomaintopicof(B,F), similarto(B,C), hypernym(A,D), memberofdomainregion(E,B).
(r22) verbgroup(A,B) :- membermeronym(C,E), membermeronym(D,B), haspart(E,A).
(r23) verbgroup(A,B) :- memberofdomainusage(B,E), alsosee(F,C), synsetdomaintopicof(C,A), membermeronym(C,D).
(r24) verbgroup(A,B) :- haspart(B,C), memberofdomainusage(C,A), memberofdomainregion(C,A).
(r25) verbgroup(A,B) :- memberofdomainusage(E,B), hypernym(C,A), memberofdomainusage(E,D).
(r26) verbgroup(A,B) :- hypernym(D,F), synsetdomaintopicof(A,D), similarto(B,C), memberofdomainregion(E,B).
(r27) verbgroup(A,B) :- alsosee(D,E), instancehypernym(F,B), alsosee(F,C), membermeronym(E,A).
(r28) verbgroup(A,B) :- memberofdomainregion(B,D), derivationallyrelatedform(C,B), haspart(A,C).
(r29) verbgroup(A,B) :- haspart(B,F), hypernym(F,D), alsosee(F,C), derivationallyrelatedform(A,E).
(r30) verbgroup(A,B) :- alsosee(A,D), instancehypernym(E,B), similarto(B,C), memberofdomainusage(A,E).
(r31) verbgroup(A,B) :- haspart(E,D), instancehypernym(E,B), similarto(B,C), similarto(B,A).
(r32) verbgroup(A,B) :- similarto(B,C), hypernym(E,A), hypernym(A,D), similarto(C,F).
(r33) verbgroup(A,B) :- alsosee(F,C), memberofdomainregion(B,F), synsetdomaintopicof(E,D), derivationallyrelatedform(E,A).
(r34) verbgroup(A,B) :- alsosee(F,C), synsetdomaintopicof(E,D), similarto(E,A), derivationallyrelatedform(B,F).
(r35) verbgroup(A,B) :- memberofdomainregion(F,B), derivationallyrelatedform(E,C), haspart(D,A), similarto(B,C).
(r36) verbgroup(A,B) :- similarto(A,D), derivationallyrelatedform(D,B), similarto(B,C), alsosee(E,A).
(r37) verbgroup(A,B) :- haspart(A,E), alsosee(F,C), instancehypernym(E,F), haspart(B,D).
(r38) verbgroup(A,B) :- membermeronym(C,D), memberofdomainregion(B,D), hypernym(A,B).
(r39) verbgroup(A,B) :- alsosee(F,C), derivationallyrelatedform(C,E), synsetdomaintopicof(D,A), derivationallyrelatedform(C,B).
(r40) verbgroup(A,B) :- synsetdomaintopicof(F,A), hypernym(A,E), alsosee(D,C), similarto(B,C).
(r41) verbgroup(A,B) :- alsosee(C,E), derivationallyrelatedform(A,D), alsosee(F,C), haspart(B,F).
(r42) verbgroup(A,B) :- derivationallyrelatedform(A,D), hypernym(A,C), similarto(B,C), similarto(E,B).
(r43) verbgroup(A,B) :- alsosee(F,C), memberofdomainregion(A,E), synsetdomaintopicof(B,D), derivationallyrelatedform(E,F).
(r44) verbgroup(A,B) :- memberofdomainregion(A,E), membermeronym(C,B), similarto(B,C), hypernym(D,C).
(r45) verbgroup(A,B) :- memberofdomainregion(A,D), synsetdomaintopicof(E,A), similarto(B,C), similarto(A,C).
(r46) verbgroup(A,B) :- memberofdomainusage(E,B), synsetdomaintopicof(C,A), membermeronym(C,D).
(r47) verbgroup(A,B) :- hypernym(A,E), derivationallyrelatedform(E,F), similarto(B,C), memberofdomainusage(E,D).
(r48) verbgroup(A,B) :- haspart(D,B), similarto(B,A), similarto(B,C), memberofdomainusage(E,D).
(r49) verbgroup(A,B) :- membermeronym(D,A), membermeronym(D,B), similarto(B,C), membermeronym(B,D).
(r50) verbgroup(A,B) :- instancehypernym(B,D), instancehypernym(C,A), similarto(B,C), synsetdomaintopicof(D,B).
(r51) verbgroup(A,B) :- similarto(D,E), synsetdomaintopicof(B,E), similarto(A,C).
(r52) verbgroup(A,B) :- hypernym(B,F), instancehypernym(A,D), haspart(E,F), similarto(B,C).
(r53) verbgroup(A,B) :- alsosee(D,E), haspart(A,E), similarto(B,C), haspart(E,B).
(r54) verbgroup(A,B) :- memberofdomainregion(D,B), derivationallyrelatedform(A,C), instancehypernym(D,C).
(r55) verbgroup(A,B) :- instancehypernym(A,F), synsetdomaintopicof(A,D), memberofdomainusage(C,E), similarto(B,C).
(r56) verbgroup(A,B) :- memberofdomainusage(B,C), memberofdomainusage(C,D), memberofdomainregion(B,A).
(r57) verbgroup(A,B) :- instancehypernym(C,A), alsosee(F,C), instancehypernym(E,B), membermeronym(D,C).
(r58) verbgroup(A,B) :- memberofdomainregion(D,A), synsetdomaintopicof(A,D), derivationallyrelatedform(C,B).
(r59) verbgroup(A,B) :- synsetdomaintopicof(B,C), alsosee(F,C), derivationallyrelatedform(A,E), membermeronym(B,D).
(r60) verbgroup(A,B) :- instancehypernym(C,D), instancehypernym(B,E), memberofdomainregion(A,D).
(r61) verbgroup(A,B) :- membermeronym(B,E), memberofdomainusage(A,D), similarto(B,C), haspart(D,E).
(r62) verbgroup(A,B) :- instancehypernym(D,C), hypernym(C,A), similarto(B,C), instancehypernym(A,C).
(r63) verbgroup(A,B) :- similarto(B,C), derivationallyrelatedform(A,D), synsetdomaintopicof(B,A), instancehypernym(C,B).
(r64) verbgroup(A,B) :- memberofdomainregion(C,A), alsosee(F,C), similarto(B,E), alsosee(F,D).
(r65) verbgroup(A,B) :- membermeronym(A,D), membermeronym(E,A), memberofdomainusage(D,C), similarto(B,C).
(r66) verbgroup(A,B) :- derivationallyrelatedform(D,A), instancehypernym(A,D), instancehypernym(B,A), similarto(B,C).
(r67) verbgroup(A,B) :- alsosee(C,A), alsosee(A,B), derivationallyrelatedform(B,C).
(r68) verbgroup(A,B) :- derivationallyrelatedform(D,B), memberofdomainusage(C,A), similarto(B,C), memberofdomainusage(D,A).
(r69) verbgroup(A,B) :- haspart(A,E), instancehypernym(D,E), alsosee(A,E), similarto(B,C).
(r70) verbgroup(A,B) :- alsosee(A,B), similarto(A,B), instancehypernym(B,C).
(r71) verbgroup(A,B) :- memberofdomainusage(A,C), alsosee(F,C), similarto(D,B), membermeronym(E,A).
(r72) verbgroup(A,B) :- alsosee(F,C), instancehypernym(D,F), derivationallyrelatedform(B,C), memberofdomainusage(A,E).
(r73) verbgroup(A,B) :- alsosee(D,E), instancehypernym(C,A), alsosee(F,C), memberofdomainusage(B,D).
(r74) verbgroup(A,B) :- memberofdomainregion(A,C), alsosee(B,E), alsosee(F,C), memberofdomainregion(B,D).
(r75) verbgroup(A,B) :- alsosee(B,C), memberofdomainregion(D,A), membermeronym(D,A).
(r76) verbgroup(A,B) :- derivationallyrelatedform(E,A), similarto(B,D), instancehypernym(C,A).
(r77) verbgroup(A,B) :- alsosee(D,B), haspart(C,B), haspart(B,A).
(r78) verbgroup(A,B) :- derivationallyrelatedform(C,A), similarto(B,C), hypernym(A,D), hypernym(C,B).
(r79) verbgroup(A,B) :- derivationallyrelatedform(B,D), derivationallyrelatedform(C,A), instancehypernym(E,C).
(r80) verbgroup(A,B) :- alsosee(C,E), similarto(B,A), instancehypernym(D,B), similarto(B,C).
(r81) verbgroup(A,B) :- memberofdomainusage(D,E), alsosee(B,E), alsosee(F,C), hypernym(A,C).
(r82) verbgroup(A,B) :- derivationallyrelatedform(E,A), memberofdomainregion(C,B), memberofdomainusage(C,D), alsosee(F,C).
(r83) verbgroup(A,B) :- haspart(D,B), memberofdomainregion(A,E), memberofdomainregion(E,C), alsosee(F,C).
(r84) verbgroup(A,B) :- memberofdomainregion(A,F), instancehypernym(D,B), similarto(B,C), haspart(D,E).
(r85) verbgroup(A,B) :- hypernym(B,C), synsetdomaintopicof(A,D), synsetdomaintopicof(E,B), similarto(B,C).
(r86) verbgroup(A,B) :- alsosee(A,D), memberofdomainusage(E,F), memberofdomainregion(E,A), similarto(B,C).
(r87) verbgroup(A,B) :- membermeronym(A,C), alsosee(F,C), haspart(E,F), alsosee(B,D).
(r88) verbgroup(A,B) :- alsosee(F,C), instancehypernym(B,E), haspart(D,C), alsosee(D,A).
(r89) verbgroup(A,B) :- derivationallyrelatedform(A,D), memberofdomainregion(E,D), similarto(B,C), hypernym(E,C).
(r90) verbgroup(A,B) :- haspart(D,B), instancehypernym(D,E), similarto(B,C), membermeronym(D,A).
(r91) verbgroup(A,B) :- derivationallyrelatedform(C,D), similarto(A,E), similarto(B,C), hypernym(C,B).
(r92) verbgroup(A,B) :- alsosee(F,E), memberofdomainusage(D,B), memberofdomainregion(F,A), similarto(B,C).
(r93) verbgroup(A,B) :- haspart(D,C), derivationallyrelatedform(B,E), similarto(B,C), similarto(A,C).
(r94) verbgroup(A,B) :- membermeronym(C,A), memberofdomainusage(C,A), membermeronym(B,D).
(r95) verbgroup(A,B) :- hypernym(D,A), memberofdomainusage(D,B), similarto(B,C), similarto(A,C).
(r96) verbgroup(A,B) :- similarto(D,B), memberofdomainusage(B,A), similarto(B,C), instancehypernym(A,C).
(r97) verbgroup(A,B) :- alsosee(D,B), similarto(B,C), synsetdomaintopicof(A,B), derivationallyrelatedform(D,C).
(r98) verbgroup(A,B) :- hypernym(D,B), alsosee(B,E), alsosee(F,C), derivationallyrelatedform(C,A).
(r99) verbgroup(A,B) :- synsetdomaintopicof(D,A), alsosee(D,C), similarto(E,B).
(r100) verbgroup(A,B) :- membermeronym(A,D), instancehypernym(C,E), haspart(D,A), similarto(B,C).
====================
MaxSAT solving... (3299 vars, 15353 hard, 1025 soft)
number of rules: 102
program size: 436
(inv1) inv1(X1,X2,X3,X4,X5,X6,X7,X8,X9,X10) :- instancehypernym(X1,X2), instancehypernym(X3,X4), instancehypernym(X5,X6), similarto(X7,X8), similarto(X9,X10).
(inv2) inv2(X1,X2,X3,X4,X5,X6,X7,X8) :- hypernym(X1,X2), hypernym(X3,X4), similarto(X5,X6), similarto(X7,X8).
(r1) verbgroup(A,B) :- alsosee(C,A), derivationallyrelatedform(E,D), derivationallyrelatedform(A,E), similarto(B,C).
(r2) verbgroup(A,B) :- synsetdomaintopicof(E,A), haspart(D,C), derivationallyrelatedform(A,E), similarto(B,C).
(r3) verbgroup(A,B) :- inv1(E,B,E,B,E,B,B,C,B,C), haspart(A,E), synsetdomaintopicof(A,D).
(r4) verbgroup(A,B) :- inv2(E,B,E,B,B,C,B,C), membermeronym(C,D), memberofdomainusage(A,E).
(r5) verbgroup(A,B) :- similarto(E,A), memberofdomainregion(B,D), synsetdomaintopicof(C,B).
(r6) verbgroup(A,B) :- inv2(A,D,A,D,B,C,B,C), membermeronym(E,B), derivationallyrelatedform(A,D).
(r7) verbgroup(A,B) :- inv1(E,B,E,B,E,B,B,C,B,C), synsetdomaintopicof(A,D), derivationallyrelatedform(D,F).
(r8) verbgroup(A,B) :- memberofdomainregion(D,B), derivationallyrelatedform(C,E), similarto(B,C), derivationallyrelatedform(A,C).
(r9) verbgroup(A,B) :- instancehypernym(A,F), instancehypernym(B,D), alsosee(F,C), membermeronym(F,E).
(r10) verbgroup(A,B) :- similarto(E,C), synsetdomaintopicof(D,A), similarto(B,C), synsetdomaintopicof(A,E).
(r11) verbgroup(A,B) :- haspart(D,B), similarto(B,C), synsetdomaintopicof(D,B), memberofdomainusage(E,A).
(r12) verbgroup(A,B) :- inv2(A,E,C,E,B,C,B,C), memberofdomainregion(D,E).
(r13) verbgroup(A,B) :- inv1(F,D,F,D,F,D,C,A,C,A), alsosee(F,C), synsetdomaintopicof(E,B).
(r14) verbgroup(A,B) :- haspart(E,C), instancehypernym(D,B), memberofdomainusage(A,E).
(r15) verbgroup(A,B) :- inv2(B,A,B,A,A,D,B,C), haspart(B,C).
(r16) verbgroup(A,B) :- instancehypernym(D,E), alsosee(F,C), hypernym(E,A), hypernym(C,B).
(r17) verbgroup(A,B) :- inv1(D,E,A,E,B,C,B,C,B,C).
(r18) verbgroup(A,B) :- inv1(A,F,E,F,A,F,B,C,B,C), memberofdomainregion(A,D).
(r19) verbgroup(A,B) :- alsosee(F,C), membermeronym(B,C), hypernym(E,A), alsosee(F,D).
(r20) verbgroup(A,B) :- alsosee(B,E), alsosee(F,C), haspart(A,C), hypernym(C,D).
(r21) verbgroup(A,B) :- inv2(A,D,A,D,B,C,B,C), synsetdomaintopicof(B,F), memberofdomainregion(E,B).
(r22) verbgroup(A,B) :- membermeronym(C,E), membermeronym(D,B), haspart(E,A).
(r23) verbgroup(A,B) :- memberofdomainusage(B,E), alsosee(F,C), synsetdomaintopicof(C,A), membermeronym(C,D).
(r24) verbgroup(A,B) :- haspart(B,C), memberofdomainusage(C,A), memberofdomainregion(C,A).
(r25) verbgroup(A,B) :- memberofdomainusage(E,B), hypernym(C,A), memberofdomainusage(E,D).
(r26) verbgroup(A,B) :- inv2(D,F,D,F,B,C,B,C), synsetdomaintopicof(A,D), memberofdomainregion(E,B).
(r27) verbgroup(A,B) :- alsosee(D,E), instancehypernym(F,B), alsosee(F,C), membermeronym(E,A).
(r28) verbgroup(A,B) :- memberofdomainregion(B,D), derivationallyrelatedform(C,B), haspart(A,C).
(r29) verbgroup(A,B) :- haspart(B,F), hypernym(F,D), alsosee(F,C), derivationallyrelatedform(A,E).
(r30) verbgroup(A,B) :- inv1(E,B,E,B,E,B,B,C,B,C), alsosee(A,D), memberofdomainusage(A,E).
(r31) verbgroup(A,B) :- inv1(E,B,E,B,E,B,B,C,B,A), haspart(E,D).
(r32) verbgroup(A,B) :- inv2(E,A,A,D,B,C,C,F).
(r33) verbgroup(A,B) :- alsosee(F,C), memberofdomainregion(B,F), synsetdomaintopicof(E,D), derivationallyrelatedform(E,A).
(r34) verbgroup(A,B) :- alsosee(F,C), synsetdomaintopicof(E,D), similarto(E,A), derivationallyrelatedform(B,F).
(r35) verbgroup(A,B) :- memberofdomainregion(F,B), derivationallyrelatedform(E,C), haspart(D,A), similarto(B,C).
(r36) verbgroup(A,B) :- similarto(A,D), derivationallyrelatedform(D,B), similarto(B,C), alsosee(E,A).
(r37) verbgroup(A,B) :- haspart(A,E), alsosee(F,C), instancehypernym(E,F), haspart(B,D).
(r38) verbgroup(A,B) :- membermeronym(C,D), memberofdomainregion(B,D), hypernym(A,B).
(r39) verbgroup(A,B) :- alsosee(F,C), derivationallyrelatedform(C,E), synsetdomaintopicof(D,A), derivationallyrelatedform(C,B).
(r40) verbgroup(A,B) :- inv2(A,E,A,E,B,C,B,C), synsetdomaintopicof(F,A), alsosee(D,C).
(r41) verbgroup(A,B) :- alsosee(C,E), derivationallyrelatedform(A,D), alsosee(F,C), haspart(B,F).
(r42) verbgroup(A,B) :- inv2(A,C,A,C,B,C,E,B), derivationallyrelatedform(A,D).
(r43) verbgroup(A,B) :- alsosee(F,C), memberofdomainregion(A,E), synsetdomaintopicof(B,D), derivationallyrelatedform(E,F).
(r44) verbgroup(A,B) :- inv2(D,C,D,C,B,C,B,C), memberofdomainregion(A,E), membermeronym(C,B).
(r45) verbgroup(A,B) :- memberofdomainregion(A,D), synsetdomaintopicof(E,A), similarto(B,C), similarto(A,C).
(r46) verbgroup(A,B) :- memberofdomainusage(E,B), synsetdomaintopicof(C,A), membermeronym(C,D).
(r47) verbgroup(A,B) :- inv2(A,E,A,E,B,C,B,C), derivationallyrelatedform(E,F), memberofdomainusage(E,D).
(r48) verbgroup(A,B) :- haspart(D,B), similarto(B,A), similarto(B,C), memberofdomainusage(E,D).
(r49) verbgroup(A,B) :- membermeronym(D,A), membermeronym(D,B), similarto(B,C), membermeronym(B,D).
(r50) verbgroup(A,B) :- inv1(B,D,C,A,B,D,B,C,B,C), synsetdomaintopicof(D,B).
(r51) verbgroup(A,B) :- similarto(D,E), synsetdomaintopicof(B,E), similarto(A,C).
(r52) verbgroup(A,B) :- inv1(A,D,A,D,A,D,B,C,B,C), hypernym(B,F), haspart(E,F).
(r53) verbgroup(A,B) :- alsosee(D,E), haspart(A,E), similarto(B,C), haspart(E,B).
(r54) verbgroup(A,B) :- memberofdomainregion(D,B), derivationallyrelatedform(A,C), instancehypernym(D,C).
(r55) verbgroup(A,B) :- inv1(A,F,A,F,A,F,B,C,B,C), synsetdomaintopicof(A,D), memberofdomainusage(C,E).
(r56) verbgroup(A,B) :- memberofdomainusage(B,C), memberofdomainusage(C,D), memberofdomainregion(B,A).
(r57) verbgroup(A,B) :- instancehypernym(C,A), alsosee(F,C), instancehypernym(E,B), membermeronym(D,C).
(r58) verbgroup(A,B) :- memberofdomainregion(D,A), synsetdomaintopicof(A,D), derivationallyrelatedform(C,B).
(r59) verbgroup(A,B) :- synsetdomaintopicof(B,C), alsosee(F,C), derivationallyrelatedform(A,E), membermeronym(B,D).
(r60) verbgroup(A,B) :- instancehypernym(C,D), instancehypernym(B,E), memberofdomainregion(A,D).
(r61) verbgroup(A,B) :- membermeronym(B,E), memberofdomainusage(A,D), similarto(B,C), haspart(D,E).
(r62) verbgroup(A,B) :- inv1(D,C,A,C,D,C,B,C,B,C), inv2(C,A,C,A,B,C,B,C).
(r63) verbgroup(A,B) :- inv1(C,B,C,B,C,B,B,C,B,C), derivationallyrelatedform(A,D), synsetdomaintopicof(B,A).
(r64) verbgroup(A,B) :- memberofdomainregion(C,A), alsosee(F,C), similarto(B,E), alsosee(F,D).
(r65) verbgroup(A,B) :- membermeronym(A,D), membermeronym(E,A), memberofdomainusage(D,C), similarto(B,C).
(r66) verbgroup(A,B) :- inv1(A,D,B,A,A,D,B,C,B,C), derivationallyrelatedform(D,A).
(r67) verbgroup(A,B) :- alsosee(C,A), alsosee(A,B), derivationallyrelatedform(B,C).
(r68) verbgroup(A,B) :- derivationallyrelatedform(D,B), memberofdomainusage(C,A), similarto(B,C), memberofdomainusage(D,A).
(r69) verbgroup(A,B) :- inv1(D,E,D,E,D,E,B,C,B,C), haspart(A,E), alsosee(A,E).
(r70) verbgroup(A,B) :- inv1(B,C,B,C,B,C,A,B,A,B), alsosee(A,B).
(r71) verbgroup(A,B) :- memberofdomainusage(A,C), alsosee(F,C), similarto(D,B), membermeronym(E,A).
(r72) verbgroup(A,B) :- alsosee(F,C), instancehypernym(D,F), derivationallyrelatedform(B,C), memberofdomainusage(A,E).
(r73) verbgroup(A,B) :- alsosee(D,E), instancehypernym(C,A), alsosee(F,C), memberofdomainusage(B,D).
(r74) verbgroup(A,B) :- memberofdomainregion(A,C), alsosee(B,E), alsosee(F,C), memberofdomainregion(B,D).
(r75) verbgroup(A,B) :- alsosee(B,C), memberofdomainregion(D,A), membermeronym(D,A).
(r76) verbgroup(A,B) :- inv1(C,A,C,A,C,A,B,D,B,D), derivationallyrelatedform(E,A).
(r77) verbgroup(A,B) :- alsosee(D,B), haspart(C,B), haspart(B,A).
(r78) verbgroup(A,B) :- inv2(A,D,C,B,B,C,B,C), derivationallyrelatedform(C,A).
(r79) verbgroup(A,B) :- derivationallyrelatedform(B,D), derivationallyrelatedform(C,A), instancehypernym(E,C).
(r80) verbgroup(A,B) :- inv1(D,B,D,B,D,B,B,A,B,C), alsosee(C,E).
(r81) verbgroup(A,B) :- memberofdomainusage(D,E), alsosee(B,E), alsosee(F,C), hypernym(A,C).
(r82) verbgroup(A,B) :- derivationallyrelatedform(E,A), memberofdomainregion(C,B), memberofdomainusage(C,D), alsosee(F,C).
(r83) verbgroup(A,B) :- haspart(D,B), memberofdomainregion(A,E), memberofdomainregion(E,C), alsosee(F,C).
(r84) verbgroup(A,B) :- inv1(D,B,D,B,D,B,B,C,B,C), memberofdomainregion(A,F), haspart(D,E).
(r85) verbgroup(A,B) :- inv2(B,C,B,C,B,C,B,C), synsetdomaintopicof(A,D), synsetdomaintopicof(E,B).
(r86) verbgroup(A,B) :- alsosee(A,D), memberofdomainusage(E,F), memberofdomainregion(E,A), similarto(B,C).
(r87) verbgroup(A,B) :- membermeronym(A,C), alsosee(F,C), haspart(E,F), alsosee(B,D).
(r88) verbgroup(A,B) :- alsosee(F,C), instancehypernym(B,E), haspart(D,C), alsosee(D,A).
(r89) verbgroup(A,B) :- inv2(E,C,E,C,B,C,B,C), derivationallyrelatedform(A,D), memberofdomainregion(E,D).
(r90) verbgroup(A,B) :- inv1(D,E,D,E,D,E,B,C,B,C), haspart(D,B), membermeronym(D,A).
(r91) verbgroup(A,B) :- inv2(C,B,C,B,A,E,B,C), derivationallyrelatedform(C,D).
(r92) verbgroup(A,B) :- alsosee(F,E), memberofdomainusage(D,B), memberofdomainregion(F,A), similarto(B,C).
(r93) verbgroup(A,B) :- haspart(D,C), derivationallyrelatedform(B,E), similarto(B,C), similarto(A,C).
(r94) verbgroup(A,B) :- membermeronym(C,A), memberofdomainusage(C,A), membermeronym(B,D).
(r95) verbgroup(A,B) :- inv2(D,A,D,A,B,C,A,C), memberofdomainusage(D,B).
(r96) verbgroup(A,B) :- inv1(A,C,A,C,A,C,D,B,B,C), memberofdomainusage(B,A).
(r97) verbgroup(A,B) :- alsosee(D,B), similarto(B,C), synsetdomaintopicof(A,B), derivationallyrelatedform(D,C).
(r98) verbgroup(A,B) :- hypernym(D,B), alsosee(B,E), alsosee(F,C), derivationallyrelatedform(C,A).
(r99) verbgroup(A,B) :- synsetdomaintopicof(D,A), alsosee(D,C), similarto(E,B).
(r100) verbgroup(A,B) :- inv1(C,E,C,E,C,E,B,C,B,C), membermeronym(A,D), haspart(D,A).
====================
