number of rules: 90
program size: 429
(r1) memberofdomainregion(A,B) :- verbgroup(D,A), membermeronym(F,C), verbgroup(C,B), haspart(E,D).
(r2) memberofdomainregion(A,B) :- membermeronym(F,C), derivationallyrelatedform(F,B), instancehypernym(E,B), membermeronym(D,A).
(r3) memberofdomainregion(A,B) :- hypernym(A,C), haspart(E,A), haspart(B,C), verbgroup(A,D).
(r4) memberofdomainregion(A,B) :- instancehypernym(A,D), hypernym(D,C), haspart(B,C), similarto(B,C).
(r5) memberofdomainregion(A,B) :- membermeronym(F,C), synsetdomaintopicof(D,A), similarto(E,B), derivationallyrelatedform(B,C).
(r6) memberofdomainregion(A,B) :- membermeronym(D,B), alsosee(C,A), haspart(B,C), similarto(D,A).
(r7) memberofdomainregion(A,B) :- membermeronym(A,C), haspart(A,D), hypernym(C,B), haspart(B,C).
(r8) memberofdomainregion(A,B) :- instancehypernym(B,D), similarto(D,B), haspart(B,C), synsetdomaintopicof(A,C).
(r9) memberofdomainregion(A,B) :- hypernym(C,D), verbgroup(D,B), verbgroup(A,D).
(r10) memberofdomainregion(A,B) :- synsetdomaintopicof(B,C), membermeronym(B,D), verbgroup(A,D).
(r11) memberofdomainregion(A,B) :- instancehypernym(D,B), haspart(C,E), similarto(C,A).
(r12) memberofdomainregion(A,B) :- membermeronym(F,C), synsetdomaintopicof(F,B), membermeronym(A,D), membermeronym(E,D).
(r13) memberofdomainregion(A,B) :- alsosee(A,C), similarto(D,C), instancehypernym(E,B).
(r14) memberofdomainregion(A,B) :- hypernym(E,F), membermeronym(F,C), synsetdomaintopicof(B,C), verbgroup(A,D).
(r15) memberofdomainregion(A,B) :- haspart(D,B), membermeronym(F,C), memberofdomainusage(B,E), verbgroup(C,A).
(r16) memberofdomainregion(A,B) :- membermeronym(F,C), similarto(A,D), memberofdomainusage(E,B), derivationallyrelatedform(F,D).
(r17) memberofdomainregion(A,B) :- alsosee(E,B), verbgroup(D,B), haspart(B,C), hypernym(A,E).
(r18) memberofdomainregion(A,B) :- haspart(B,C), membermeronym(E,B), memberofdomainusage(E,D), verbgroup(A,D).
(r19) memberofdomainregion(A,B) :- verbgroup(C,D), memberofdomainusage(D,B), membermeronym(B,A).
(r20) memberofdomainregion(A,B) :- alsosee(E,C), synsetdomaintopicof(E,C), haspart(B,C), verbgroup(A,D).
(r21) memberofdomainregion(A,B) :- membermeronym(F,C), instancehypernym(D,A), verbgroup(F,E), similarto(F,B).
(r22) memberofdomainregion(A,B) :- haspart(B,C), membermeronym(E,B), instancehypernym(F,A), hypernym(D,B).
(r23) memberofdomainregion(A,B) :- verbgroup(E,D), synsetdomaintopicof(A,E), haspart(B,C), alsosee(F,D).
(r24) memberofdomainregion(A,B) :- membermeronym(F,C), membermeronym(B,E), membermeronym(D,E), derivationallyrelatedform(A,F).
(r25) memberofdomainregion(A,B) :- alsosee(E,C), verbgroup(A,C), alsosee(B,D).
(r26) memberofdomainregion(A,B) :- synsetdomaintopicof(A,E), derivationallyrelatedform(C,D), haspart(B,C), memberofdomainusage(A,F).
(r27) memberofdomainregion(A,B) :- hypernym(B,D), synsetdomaintopicof(D,C), derivationallyrelatedform(E,A).
(r28) memberofdomainregion(A,B) :- hypernym(F,B), haspart(A,D), similarto(E,F), haspart(B,C).
(r29) memberofdomainregion(A,B) :- hypernym(A,E), membermeronym(A,D), haspart(B,C), derivationallyrelatedform(E,C).
(r30) memberofdomainregion(A,B) :- haspart(B,C), haspart(A,D), derivationallyrelatedform(A,C), synsetdomaintopicof(B,E).
(r31) memberofdomainregion(A,B) :- instancehypernym(B,E), membermeronym(F,C), alsosee(D,A), haspart(B,C).
(r32) memberofdomainregion(A,B) :- memberofdomainusage(A,E), alsosee(C,E), alsosee(A,D), haspart(B,C).
(r33) memberofdomainregion(A,B) :- instancehypernym(B,E), haspart(B,C), memberofdomainusage(A,D), derivationallyrelatedform(B,F).
(r34) memberofdomainregion(A,B) :- derivationallyrelatedform(C,E), derivationallyrelatedform(A,D), hypernym(A,E), haspart(B,C).
(r35) memberofdomainregion(A,B) :- alsosee(A,E), haspart(D,A), haspart(B,C), hypernym(E,F).
(r36) memberofdomainregion(A,B) :- derivationallyrelatedform(D,A), similarto(D,C), derivationallyrelatedform(B,D).
(r37) memberofdomainregion(A,B) :- synsetdomaintopicof(A,D), instancehypernym(B,E), membermeronym(F,C), similarto(D,C).
(r38) memberofdomainregion(A,B) :- alsosee(E,D), membermeronym(C,B), haspart(B,C), haspart(A,E).
(r39) memberofdomainregion(A,B) :- membermeronym(B,C), alsosee(D,B), verbgroup(C,A).
(r40) memberofdomainregion(A,B) :- verbgroup(A,B), alsosee(D,A), membermeronym(C,D).
(r41) memberofdomainregion(A,B) :- alsosee(E,C), instancehypernym(A,D), memberofdomainusage(B,A), haspart(B,C).
(r42) memberofdomainregion(A,B) :- memberofdomainusage(B,C), derivationallyrelatedform(A,D), memberofdomainusage(C,A).
(r43) memberofdomainregion(A,B) :- memberofdomainusage(D,B), instancehypernym(D,A), haspart(B,C), similarto(D,A).
(r44) memberofdomainregion(A,B) :- verbgroup(D,A), hypernym(F,B), membermeronym(F,C), instancehypernym(E,D).
(r45) memberofdomainregion(A,B) :- instancehypernym(D,F), membermeronym(F,C), hypernym(B,F), derivationallyrelatedform(A,E).
(r46) memberofdomainregion(A,B) :- memberofdomainusage(C,B), derivationallyrelatedform(A,D), memberofdomainusage(C,E).
(r47) memberofdomainregion(A,B) :- memberofdomainusage(B,F), synsetdomaintopicof(A,D), alsosee(E,C), haspart(B,C).
(r48) memberofdomainregion(A,B) :- verbgroup(E,D), derivationallyrelatedform(B,D), alsosee(A,D), haspart(B,C).
(r49) memberofdomainregion(A,B) :- memberofdomainusage(B,A), memberofdomainusage(C,A), synsetdomaintopicof(A,C).
(r50) memberofdomainregion(A,B) :- synsetdomaintopicof(C,B), haspart(A,D), memberofdomainusage(B,E), haspart(B,C).
(r51) memberofdomainregion(A,B) :- hypernym(E,C), memberofdomainusage(E,B), membermeronym(A,D).
(r52) memberofdomainregion(A,B) :- hypernym(D,A), membermeronym(B,E), derivationallyrelatedform(C,D).
(r53) memberofdomainregion(A,B) :- derivationallyrelatedform(D,F), hypernym(B,E), membermeronym(F,C), synsetdomaintopicof(A,F).
(r54) memberofdomainregion(A,B) :- memberofdomainusage(E,C), derivationallyrelatedform(D,A), hypernym(C,F), haspart(B,C).
(r55) memberofdomainregion(A,B) :- hypernym(F,E), hypernym(B,E), membermeronym(F,C), instancehypernym(A,D).
(r56) memberofdomainregion(A,B) :- instancehypernym(A,E), derivationallyrelatedform(D,B), memberofdomainusage(A,C).
(r57) memberofdomainregion(A,B) :- verbgroup(D,A), derivationallyrelatedform(E,F), membermeronym(F,C), hypernym(B,E).
(r58) memberofdomainregion(A,B) :- derivationallyrelatedform(A,D), alsosee(D,E), haspart(B,C), alsosee(E,A).
(r59) memberofdomainregion(A,B) :- membermeronym(F,C), haspart(A,D), synsetdomaintopicof(B,F), memberofdomainusage(D,E).
(r60) memberofdomainregion(A,B) :- hypernym(B,C), similarto(A,B), derivationallyrelatedform(B,C).
(r61) memberofdomainregion(A,B) :- similarto(A,E), similarto(E,D), membermeronym(F,C), alsosee(C,B).
(r62) memberofdomainregion(A,B) :- memberofdomainusage(B,C), haspart(A,B), similarto(A,C).
(r63) memberofdomainregion(A,B) :- haspart(E,B), membermeronym(F,C), derivationallyrelatedform(D,A), instancehypernym(F,D).
(r64) memberofdomainregion(A,B) :- synsetdomaintopicof(B,D), membermeronym(F,C), hypernym(A,F), instancehypernym(E,D).
(r65) memberofdomainregion(A,B) :- haspart(C,D), haspart(F,B), haspart(B,C), synsetdomaintopicof(A,E).
(r66) memberofdomainregion(A,B) :- membermeronym(A,C), instancehypernym(C,B), alsosee(D,B), haspart(B,C).
(r67) memberofdomainregion(A,B) :- instancehypernym(D,B), membermeronym(F,C), memberofdomainusage(A,C), synsetdomaintopicof(A,E).
(r68) memberofdomainregion(A,B) :- synsetdomaintopicof(C,A), alsosee(A,E), alsosee(D,E), haspart(B,C).
(r69) memberofdomainregion(A,B) :- instancehypernym(A,E), alsosee(F,E), haspart(B,C), haspart(E,D).
(r70) memberofdomainregion(A,B) :- membermeronym(F,C), hypernym(D,B), haspart(E,C), memberofdomainusage(A,F).
(r71) memberofdomainregion(A,B) :- haspart(B,C), hypernym(C,E), hypernym(A,E), membermeronym(D,A).
(r72) memberofdomainregion(A,B) :- verbgroup(A,C), haspart(B,C), alsosee(D,B), membermeronym(B,D).
(r73) memberofdomainregion(A,B) :- derivationallyrelatedform(C,B), instancehypernym(D,B), haspart(B,C), similarto(C,A).
(r74) memberofdomainregion(A,B) :- synsetdomaintopicof(D,A), memberofdomainusage(E,B), haspart(C,B).
(r75) memberofdomainregion(A,B) :- instancehypernym(A,B), derivationallyrelatedform(A,D), instancehypernym(B,D), haspart(B,C).
(r76) memberofdomainregion(A,B) :- hypernym(A,B), alsosee(D,A), hypernym(A,E), haspart(B,C).
(r77) memberofdomainregion(A,B) :- membermeronym(F,C), alsosee(B,E), synsetdomaintopicof(B,F), similarto(D,A).
(r78) memberofdomainregion(A,B) :- instancehypernym(A,E), haspart(B,D), haspart(B,C), haspart(C,B).
(r79) memberofdomainregion(A,B) :- verbgroup(F,D), membermeronym(F,C), alsosee(C,B), haspart(A,E).
(r80) memberofdomainregion(A,B) :- verbgroup(C,B), instancehypernym(A,D), membermeronym(C,E).
(r81) memberofdomainregion(A,B) :- verbgroup(E,A), memberofdomainusage(C,B), haspart(B,C), synsetdomaintopicof(D,B).
(r82) memberofdomainregion(A,B) :- memberofdomainusage(E,C), membermeronym(F,C), membermeronym(B,E), membermeronym(D,A).
(r83) memberofdomainregion(A,B) :- membermeronym(F,C), derivationallyrelatedform(E,B), hypernym(F,A), membermeronym(B,D).
(r84) memberofdomainregion(A,B) :- similarto(A,D), membermeronym(B,A), haspart(B,C), alsosee(E,A).
(r85) memberofdomainregion(A,B) :- alsosee(D,B), haspart(B,C), haspart(E,A), membermeronym(E,D).
(r86) memberofdomainregion(A,B) :- membermeronym(B,C), instancehypernym(B,A), similarto(A,D), haspart(B,C).
(r87) memberofdomainregion(A,B) :- synsetdomaintopicof(C,A), membermeronym(F,C), membermeronym(D,B), similarto(E,B).
(r88) memberofdomainregion(A,B) :- memberofdomainusage(B,F), memberofdomainusage(D,B), synsetdomaintopicof(E,A), haspart(B,C).
(r89) memberofdomainregion(A,B) :- derivationallyrelatedform(C,A), hypernym(C,B), haspart(A,B).
(r90) memberofdomainregion(A,B) :- instancehypernym(F,E), derivationallyrelatedform(A,D), synsetdomaintopicof(F,A), haspart(B,C).
====================
MaxSAT solving... (2957 vars, 12931 hard, 923 soft)
number of rules: 92
program size: 394
(inv1) inv1(X1,X2,X3,X4,X5,X6) :- hypernym(X1,X2), hypernym(X3,X4), membermeronym(X5,X6).
(inv2) inv2(X1,X2,X3,X4,X5,X6,X7,X8) :- haspart(X1,X2), haspart(X3,X4), alsosee(X5,X6), alsosee(X7,X8).
(r1) memberofdomainregion(A,B) :- verbgroup(D,A), membermeronym(F,C), verbgroup(C,B), haspart(E,D).
(r2) memberofdomainregion(A,B) :- membermeronym(F,C), derivationallyrelatedform(F,B), instancehypernym(E,B), membermeronym(D,A).
(r3) memberofdomainregion(A,B) :- hypernym(A,C), haspart(E,A), haspart(B,C), verbgroup(A,D).
(r4) memberofdomainregion(A,B) :- instancehypernym(A,D), hypernym(D,C), haspart(B,C), similarto(B,C).
(r5) memberofdomainregion(A,B) :- membermeronym(F,C), synsetdomaintopicof(D,A), similarto(E,B), derivationallyrelatedform(B,C).
(r6) memberofdomainregion(A,B) :- inv2(B,C,B,C,C,A,C,A), membermeronym(D,B), similarto(D,A).
(r7) memberofdomainregion(A,B) :- inv1(C,B,C,B,A,C), haspart(A,D), haspart(B,C).
(r8) memberofdomainregion(A,B) :- instancehypernym(B,D), similarto(D,B), haspart(B,C), synsetdomaintopicof(A,C).
(r9) memberofdomainregion(A,B) :- hypernym(C,D), verbgroup(D,B), verbgroup(A,D).
(r10) memberofdomainregion(A,B) :- synsetdomaintopicof(B,C), membermeronym(B,D), verbgroup(A,D).
(r11) memberofdomainregion(A,B) :- instancehypernym(D,B), haspart(C,E), similarto(C,A).
(r12) memberofdomainregion(A,B) :- membermeronym(F,C), synsetdomaintopicof(F,B), membermeronym(A,D), membermeronym(E,D).
(r13) memberofdomainregion(A,B) :- alsosee(A,C), similarto(D,C), instancehypernym(E,B).
(r14) memberofdomainregion(A,B) :- inv1(E,F,E,F,F,C), synsetdomaintopicof(B,C), verbgroup(A,D).
(r15) memberofdomainregion(A,B) :- haspart(D,B), membermeronym(F,C), memberofdomainusage(B,E), verbgroup(C,A).
(r16) memberofdomainregion(A,B) :- membermeronym(F,C), similarto(A,D), memberofdomainusage(E,B), derivationallyrelatedform(F,D).
(r17) memberofdomainregion(A,B) :- inv2(B,C,B,C,E,B,E,B), verbgroup(D,B), hypernym(A,E).
(r18) memberofdomainregion(A,B) :- haspart(B,C), membermeronym(E,B), memberofdomainusage(E,D), verbgroup(A,D).
(r19) memberofdomainregion(A,B) :- verbgroup(C,D), memberofdomainusage(D,B), membermeronym(B,A).
(r20) memberofdomainregion(A,B) :- inv2(B,C,B,C,E,C,E,C), synsetdomaintopicof(E,C), verbgroup(A,D).
(r21) memberofdomainregion(A,B) :- membermeronym(F,C), instancehypernym(D,A), verbgroup(F,E), similarto(F,B).
(r22) memberofdomainregion(A,B) :- inv1(D,B,D,B,E,B), haspart(B,C), instancehypernym(F,A).
(r23) memberofdomainregion(A,B) :- inv2(B,C,B,C,F,D,F,D), verbgroup(E,D), synsetdomaintopicof(A,E).
(r24) memberofdomainregion(A,B) :- membermeronym(F,C), membermeronym(B,E), membermeronym(D,E), derivationallyrelatedform(A,F).
(r25) memberofdomainregion(A,B) :- alsosee(E,C), verbgroup(A,C), alsosee(B,D).
(r26) memberofdomainregion(A,B) :- synsetdomaintopicof(A,E), derivationallyrelatedform(C,D), haspart(B,C), memberofdomainusage(A,F).
(r27) memberofdomainregion(A,B) :- hypernym(B,D), synsetdomaintopicof(D,C), derivationallyrelatedform(E,A).
(r28) memberofdomainregion(A,B) :- hypernym(F,B), haspart(A,D), similarto(E,F), haspart(B,C).
(r29) memberofdomainregion(A,B) :- inv1(A,E,A,E,A,D), haspart(B,C), derivationallyrelatedform(E,C).
(r30) memberofdomainregion(A,B) :- haspart(B,C), haspart(A,D), derivationallyrelatedform(A,C), synsetdomaintopicof(B,E).
(r31) memberofdomainregion(A,B) :- inv2(B,C,B,C,D,A,D,A), instancehypernym(B,E), membermeronym(F,C).
(r32) memberofdomainregion(A,B) :- inv2(B,C,B,C,C,E,A,D), memberofdomainusage(A,E).
(r33) memberofdomainregion(A,B) :- instancehypernym(B,E), haspart(B,C), memberofdomainusage(A,D), derivationallyrelatedform(B,F).
(r34) memberofdomainregion(A,B) :- derivationallyrelatedform(C,E), derivationallyrelatedform(A,D), hypernym(A,E), haspart(B,C).
(r35) memberofdomainregion(A,B) :- inv2(D,A,B,C,A,E,A,E), hypernym(E,F).
(r36) memberofdomainregion(A,B) :- derivationallyrelatedform(D,A), similarto(D,C), derivationallyrelatedform(B,D).
(r37) memberofdomainregion(A,B) :- synsetdomaintopicof(A,D), instancehypernym(B,E), membermeronym(F,C), similarto(D,C).
(r38) memberofdomainregion(A,B) :- inv2(B,C,A,E,E,D,E,D), membermeronym(C,B).
(r39) memberofdomainregion(A,B) :- membermeronym(B,C), alsosee(D,B), verbgroup(C,A).
(r40) memberofdomainregion(A,B) :- verbgroup(A,B), alsosee(D,A), membermeronym(C,D).
(r41) memberofdomainregion(A,B) :- inv2(B,C,B,C,E,C,E,C), instancehypernym(A,D), memberofdomainusage(B,A).
(r42) memberofdomainregion(A,B) :- memberofdomainusage(B,C), derivationallyrelatedform(A,D), memberofdomainusage(C,A).
(r43) memberofdomainregion(A,B) :- memberofdomainusage(D,B), instancehypernym(D,A), haspart(B,C), similarto(D,A).
(r44) memberofdomainregion(A,B) :- inv1(F,B,F,B,F,C), verbgroup(D,A), instancehypernym(E,D).
(r45) memberofdomainregion(A,B) :- inv1(B,F,B,F,F,C), instancehypernym(D,F), derivationallyrelatedform(A,E).
(r46) memberofdomainregion(A,B) :- memberofdomainusage(C,B), derivationallyrelatedform(A,D), memberofdomainusage(C,E).
(r47) memberofdomainregion(A,B) :- inv2(B,C,B,C,E,C,E,C), memberofdomainusage(B,F), synsetdomaintopicof(A,D).
(r48) memberofdomainregion(A,B) :- inv2(B,C,B,C,A,D,A,D), verbgroup(E,D), derivationallyrelatedform(B,D).
(r49) memberofdomainregion(A,B) :- memberofdomainusage(B,A), memberofdomainusage(C,A), synsetdomaintopicof(A,C).
(r50) memberofdomainregion(A,B) :- synsetdomaintopicof(C,B), haspart(A,D), memberofdomainusage(B,E), haspart(B,C).
(r51) memberofdomainregion(A,B) :- inv1(E,C,E,C,A,D), memberofdomainusage(E,B).
(r52) memberofdomainregion(A,B) :- inv1(D,A,D,A,B,E), derivationallyrelatedform(C,D).
(r53) memberofdomainregion(A,B) :- inv1(B,E,B,E,F,C), derivationallyrelatedform(D,F), synsetdomaintopicof(A,F).
(r54) memberofdomainregion(A,B) :- memberofdomainusage(E,C), derivationallyrelatedform(D,A), hypernym(C,F), haspart(B,C).
(r55) memberofdomainregion(A,B) :- inv1(F,E,B,E,F,C), instancehypernym(A,D).
(r56) memberofdomainregion(A,B) :- instancehypernym(A,E), derivationallyrelatedform(D,B), memberofdomainusage(A,C).
(r57) memberofdomainregion(A,B) :- inv1(B,E,B,E,F,C), verbgroup(D,A), derivationallyrelatedform(E,F).
(r58) memberofdomainregion(A,B) :- inv2(B,C,B,C,D,E,E,A), derivationallyrelatedform(A,D).
(r59) memberofdomainregion(A,B) :- membermeronym(F,C), haspart(A,D), synsetdomaintopicof(B,F), memberofdomainusage(D,E).
(r60) memberofdomainregion(A,B) :- hypernym(B,C), similarto(A,B), derivationallyrelatedform(B,C).
(r61) memberofdomainregion(A,B) :- similarto(A,E), similarto(E,D), membermeronym(F,C), alsosee(C,B).
(r62) memberofdomainregion(A,B) :- memberofdomainusage(B,C), haspart(A,B), similarto(A,C).
(r63) memberofdomainregion(A,B) :- haspart(E,B), membermeronym(F,C), derivationallyrelatedform(D,A), instancehypernym(F,D).
(r64) memberofdomainregion(A,B) :- inv1(A,F,A,F,F,C), synsetdomaintopicof(B,D), instancehypernym(E,D).
(r65) memberofdomainregion(A,B) :- haspart(C,D), haspart(F,B), haspart(B,C), synsetdomaintopicof(A,E).
(r66) memberofdomainregion(A,B) :- inv2(B,C,B,C,D,B,D,B), membermeronym(A,C), instancehypernym(C,B).
(r67) memberofdomainregion(A,B) :- instancehypernym(D,B), membermeronym(F,C), memberofdomainusage(A,C), synsetdomaintopicof(A,E).
(r68) memberofdomainregion(A,B) :- inv2(B,C,B,C,A,E,D,E), synsetdomaintopicof(C,A).
(r69) memberofdomainregion(A,B) :- inv2(B,C,E,D,F,E,F,E), instancehypernym(A,E).
(r70) memberofdomainregion(A,B) :- inv1(D,B,D,B,F,C), haspart(E,C), memberofdomainusage(A,F).
(r71) memberofdomainregion(A,B) :- inv1(C,E,A,E,D,A), haspart(B,C).
(r72) memberofdomainregion(A,B) :- inv2(B,C,B,C,D,B,D,B), verbgroup(A,C), membermeronym(B,D).
(r73) memberofdomainregion(A,B) :- derivationallyrelatedform(C,B), instancehypernym(D,B), haspart(B,C), similarto(C,A).
(r74) memberofdomainregion(A,B) :- synsetdomaintopicof(D,A), memberofdomainusage(E,B), haspart(C,B).
(r75) memberofdomainregion(A,B) :- instancehypernym(A,B), derivationallyrelatedform(A,D), instancehypernym(B,D), haspart(B,C).
(r76) memberofdomainregion(A,B) :- inv2(B,C,B,C,D,A,D,A), hypernym(A,B), hypernym(A,E).
(r77) memberofdomainregion(A,B) :- membermeronym(F,C), alsosee(B,E), synsetdomaintopicof(B,F), similarto(D,A).
(r78) memberofdomainregion(A,B) :- instancehypernym(A,E), haspart(B,D), haspart(B,C), haspart(C,B).
(r79) memberofdomainregion(A,B) :- inv2(A,E,A,E,C,B,C,B), verbgroup(F,D), membermeronym(F,C).
(r80) memberofdomainregion(A,B) :- verbgroup(C,B), instancehypernym(A,D), membermeronym(C,E).
(r81) memberofdomainregion(A,B) :- verbgroup(E,A), memberofdomainusage(C,B), haspart(B,C), synsetdomaintopicof(D,B).
(r82) memberofdomainregion(A,B) :- memberofdomainusage(E,C), membermeronym(F,C), membermeronym(B,E), membermeronym(D,A).
(r83) memberofdomainregion(A,B) :- inv1(F,A,F,A,F,C), inv1(F,A,F,A,B,D), derivationallyrelatedform(E,B).
(r84) memberofdomainregion(A,B) :- inv2(B,C,B,C,E,A,E,A), similarto(A,D), membermeronym(B,A).
(r85) memberofdomainregion(A,B) :- inv2(B,C,E,A,D,B,D,B), membermeronym(E,D).
(r86) memberofdomainregion(A,B) :- membermeronym(B,C), instancehypernym(B,A), similarto(A,D), haspart(B,C).
(r87) memberofdomainregion(A,B) :- synsetdomaintopicof(C,A), membermeronym(F,C), membermeronym(D,B), similarto(E,B).
(r88) memberofdomainregion(A,B) :- memberofdomainusage(B,F), memberofdomainusage(D,B), synsetdomaintopicof(E,A), haspart(B,C).
(r89) memberofdomainregion(A,B) :- derivationallyrelatedform(C,A), hypernym(C,B), haspart(A,B).
(r90) memberofdomainregion(A,B) :- instancehypernym(F,E), derivationallyrelatedform(A,D), synsetdomaintopicof(F,A), haspart(B,C).
====================
