number of rules: 120
program size: 576
(r1) verbgroup(A,B) :- synsetdomaintopicof(A,C), alsosee(F,C), derivationallyrelatedform(D,B), hypernym(D,E).
(r2) verbgroup(A,B) :- alsosee(F,C), synsetdomaintopicof(E,B), haspart(D,A), derivationallyrelatedform(A,C).
(r3) verbgroup(A,B) :- similarto(D,A), derivationallyrelatedform(D,C), haspart(B,A).
(r4) verbgroup(A,B) :- similarto(B,D), memberofdomainregion(E,C), memberofdomainregion(A,E), similarto(B,C).
(r5) verbgroup(A,B) :- membermeronym(B,E), alsosee(F,C), memberofdomainusage(C,A), membermeronym(C,D).
(r6) verbgroup(A,B) :- hypernym(A,E), hypernym(D,B), memberofdomainregion(D,E), similarto(B,C).
(r7) verbgroup(A,B) :- similarto(E,F), hypernym(D,A), haspart(B,C), alsosee(F,C).
(r8) verbgroup(A,B) :- similarto(B,C), alsosee(E,F), instancehypernym(D,F), hypernym(A,D).
(r9) verbgroup(A,B) :- similarto(B,C), derivationallyrelatedform(A,D), hypernym(B,D), alsosee(C,D).
(r10) verbgroup(A,B) :- memberofdomainregion(D,B), haspart(F,D), alsosee(A,E), similarto(B,C).
(r11) verbgroup(A,B) :- memberofdomainregion(E,C), alsosee(F,C), derivationallyrelatedform(D,B), haspart(A,C).
(r12) verbgroup(A,B) :- memberofdomainregion(B,E), synsetdomaintopicof(D,E), haspart(A,C).
(r13) verbgroup(A,B) :- instancehypernym(C,A), synsetdomaintopicof(D,B), memberofdomainregion(B,A).
(r14) verbgroup(A,B) :- hypernym(A,D), memberofdomainusage(C,F), similarto(B,C), synsetdomaintopicof(E,F).
(r15) verbgroup(A,B) :- memberofdomainusage(A,D), haspart(A,C), similarto(B,C), hypernym(D,C).
(r16) verbgroup(A,B) :- similarto(A,D), synsetdomaintopicof(E,D), similarto(B,C), similarto(F,E).
(r17) verbgroup(A,B) :- membermeronym(C,A), alsosee(F,C), derivationallyrelatedform(D,B), synsetdomaintopicof(E,B).
(r18) verbgroup(A,B) :- hypernym(D,A), alsosee(A,E), membermeronym(F,E), similarto(B,C).
(r19) verbgroup(A,B) :- derivationallyrelatedform(E,A), similarto(A,D), derivationallyrelatedform(F,E), similarto(B,C).
(r20) verbgroup(A,B) :- haspart(A,E), haspart(B,F), similarto(B,C), membermeronym(D,A).
(r21) verbgroup(A,B) :- alsosee(A,D), alsosee(F,C), derivationallyrelatedform(F,D), similarto(E,B).
(r22) verbgroup(A,B) :- alsosee(F,C), memberofdomainregion(A,F), memberofdomainusage(C,E), membermeronym(B,D).
(r23) verbgroup(A,B) :- synsetdomaintopicof(E,C), membermeronym(D,B), alsosee(F,C), memberofdomainusage(C,A).
(r24) verbgroup(A,B) :- memberofdomainusage(F,E), membermeronym(A,E), similarto(D,F), similarto(B,C).
(r25) verbgroup(A,B) :- instancehypernym(E,A), similarto(A,C), similarto(B,C), hypernym(D,C).
(r26) verbgroup(A,B) :- derivationallyrelatedform(A,D), membermeronym(C,D), similarto(B,C), alsosee(D,A).
(r27) verbgroup(A,B) :- derivationallyrelatedform(E,A), membermeronym(E,F), alsosee(F,C), memberofdomainregion(D,B).
(r28) verbgroup(A,B) :- alsosee(F,C), synsetdomaintopicof(D,C), alsosee(A,E), haspart(B,F).
(r29) verbgroup(A,B) :- haspart(B,F), memberofdomainusage(C,D), alsosee(F,C), similarto(E,A).
(r30) verbgroup(A,B) :- derivationallyrelatedform(A,E), similarto(B,C), synsetdomaintopicof(B,E), membermeronym(E,D).
(r31) verbgroup(A,B) :- synsetdomaintopicof(A,C), alsosee(B,E), alsosee(F,C), memberofdomainusage(D,B).
(r32) verbgroup(A,B) :- membermeronym(F,B), synsetdomaintopicof(F,D), membermeronym(A,E), similarto(B,C).
(r33) verbgroup(A,B) :- similarto(A,D), haspart(C,B), alsosee(D,C).
(r34) verbgroup(A,B) :- alsosee(B,E), alsosee(F,C), derivationallyrelatedform(A,C), synsetdomaintopicof(D,F).
(r35) verbgroup(A,B) :- alsosee(C,A), alsosee(F,C), memberofdomainregion(C,D), haspart(E,B).
(r36) verbgroup(A,B) :- hypernym(A,E), memberofdomainusage(D,C), haspart(D,A), similarto(B,C).
(r37) verbgroup(A,B) :- derivationallyrelatedform(F,D), alsosee(E,F), similarto(B,C), haspart(A,D).
(r38) verbgroup(A,B) :- instancehypernym(D,A), synsetdomaintopicof(C,A), instancehypernym(C,B).
(r39) verbgroup(A,B) :- alsosee(F,C), alsosee(A,E), synsetdomaintopicof(A,D), instancehypernym(C,B).
(r40) verbgroup(A,B) :- synsetdomaintopicof(B,C), haspart(B,C), synsetdomaintopicof(A,B).
(r41) verbgroup(A,B) :- alsosee(C,B), memberofdomainregion(B,D), similarto(A,C).
(r42) verbgroup(A,B) :- instancehypernym(A,D), hypernym(F,B), similarto(B,C), haspart(D,E).
(r43) verbgroup(A,B) :- instancehypernym(C,A), memberofdomainusage(B,E), memberofdomainusage(D,B), similarto(B,C).
(r44) verbgroup(A,B) :- similarto(B,D), synsetdomaintopicof(B,D), similarto(B,C), haspart(A,D).
(r45) verbgroup(A,B) :- membermeronym(C,B), memberofdomainusage(B,A), similarto(A,C).
(r46) verbgroup(A,B) :- haspart(A,E), synsetdomaintopicof(C,D), similarto(B,C), derivationallyrelatedform(D,C).
(r47) verbgroup(A,B) :- similarto(C,A), hypernym(D,B), memberofdomainusage(D,C).
(r48) verbgroup(A,B) :- synsetdomaintopicof(D,C), haspart(E,A), similarto(B,C), haspart(A,E).
(r49) verbgroup(A,B) :- haspart(C,D), membermeronym(B,C), memberofdomainregion(D,A).
(r50) verbgroup(A,B) :- hypernym(E,B), memberofdomainusage(A,D), synsetdomaintopicof(C,A), similarto(B,C).
(r51) verbgroup(A,B) :- instancehypernym(C,A), synsetdomaintopicof(A,D), haspart(B,A).
(r52) verbgroup(A,B) :- alsosee(F,C), haspart(A,D), hypernym(B,E), similarto(D,C).
(r53) verbgroup(A,B) :- hypernym(D,B), similarto(E,A), similarto(B,C), memberofdomainregion(E,B).
(r54) verbgroup(A,B) :- instancehypernym(D,A), synsetdomaintopicof(C,E), similarto(B,C), similarto(A,C).
(r55) verbgroup(A,B) :- alsosee(F,C), hypernym(A,F), hypernym(B,E), derivationallyrelatedform(D,C).
(r56) verbgroup(A,B) :- derivationallyrelatedform(A,F), memberofdomainusage(F,E), instancehypernym(A,D), similarto(B,C).
(r57) verbgroup(A,B) :- synsetdomaintopicof(B,D), memberofdomainusage(E,C), membermeronym(A,C).
(r58) verbgroup(A,B) :- synsetdomaintopicof(F,A), alsosee(F,C), haspart(F,E), synsetdomaintopicof(D,B).
(r59) verbgroup(A,B) :- membermeronym(D,B), memberofdomainusage(F,C), similarto(A,E), similarto(B,C).
(r60) verbgroup(A,B) :- memberofdomainusage(C,A), hypernym(E,D), alsosee(B,D).
(r61) verbgroup(A,B) :- haspart(F,A), alsosee(F,C), instancehypernym(D,B), haspart(E,F).
(r62) verbgroup(A,B) :- instancehypernym(D,E), alsosee(F,C), instancehypernym(C,B), haspart(D,A).
(r63) verbgroup(A,B) :- membermeronym(D,B), hypernym(C,A), derivationallyrelatedform(A,E).
(r64) verbgroup(A,B) :- alsosee(F,C), alsosee(E,F), synsetdomaintopicof(B,D), synsetdomaintopicof(A,E).
(r65) verbgroup(A,B) :- alsosee(F,C), memberofdomainregion(B,C), alsosee(A,E), memberofdomainregion(B,D).
(r66) verbgroup(A,B) :- instancehypernym(C,D), membermeronym(A,B), synsetdomaintopicof(A,D), similarto(B,C).
(r67) verbgroup(A,B) :- derivationallyrelatedform(C,F), instancehypernym(A,D), memberofdomainregion(E,A), similarto(B,C).
(r68) verbgroup(A,B) :- memberofdomainregion(D,A), hypernym(B,D), similarto(B,C), instancehypernym(A,C).
(r69) verbgroup(A,B) :- memberofdomainregion(A,C), hypernym(A,C), similarto(B,C), hypernym(A,D).
(r70) verbgroup(A,B) :- instancehypernym(C,B), memberofdomainusage(A,B).
(r71) verbgroup(A,B) :- haspart(A,B), instancehypernym(B,C), alsosee(B,D).
(r72) verbgroup(A,B) :- memberofdomainusage(B,E), alsosee(F,C), derivationallyrelatedform(C,A), hypernym(C,D).
(r73) verbgroup(A,B) :- hypernym(D,B), haspart(A,B), similarto(B,C), hypernym(D,E).
(r74) verbgroup(A,B) :- instancehypernym(E,A), alsosee(F,C), haspart(C,B), memberofdomainusage(E,D).
(r75) verbgroup(A,B) :- memberofdomainregion(F,C), memberofdomainusage(A,E), similarto(B,C), membermeronym(B,D).
(r76) verbgroup(A,B) :- synsetdomaintopicof(E,B), memberofdomainregion(C,A), memberofdomainusage(E,D).
(r77) verbgroup(A,B) :- alsosee(F,C), membermeronym(B,E), synsetdomaintopicof(B,D), memberofdomainusage(C,A).
(r78) verbgroup(A,B) :- memberofdomainusage(B,C), memberofdomainusage(C,D), haspart(D,A), similarto(B,C).
(r79) verbgroup(A,B) :- instancehypernym(D,A), derivationallyrelatedform(D,B), alsosee(D,C), similarto(B,C).
(r80) verbgroup(A,B) :- haspart(C,A), synsetdomaintopicof(E,D), similarto(B,C), hypernym(A,D).
(r81) verbgroup(A,B) :- membermeronym(A,D), alsosee(F,C), memberofdomainusage(C,E), derivationallyrelatedform(B,C).
(r82) verbgroup(A,B) :- alsosee(F,B), derivationallyrelatedform(D,A), alsosee(F,C), alsosee(E,D).
(r83) verbgroup(A,B) :- memberofdomainusage(C,D), haspart(A,B), memberofdomainusage(D,B), similarto(B,C).
(r84) verbgroup(A,B) :- similarto(B,D), synsetdomaintopicof(E,A), similarto(B,C), similarto(A,C).
(r85) verbgroup(A,B) :- membermeronym(A,D), instancehypernym(F,B), alsosee(F,C), memberofdomainusage(A,E).
(r86) verbgroup(A,B) :- alsosee(F,C), synsetdomaintopicof(D,E), haspart(A,C), synsetdomaintopicof(B,E).
(r87) verbgroup(A,B) :- alsosee(D,B), similarto(C,E), membermeronym(A,C).
(r88) verbgroup(A,B) :- membermeronym(A,D), haspart(A,E), alsosee(D,B), similarto(B,C).
(r89) verbgroup(A,B) :- memberofdomainusage(E,B), alsosee(F,C), membermeronym(A,C), membermeronym(C,D).
(r90) verbgroup(A,B) :- memberofdomainusage(B,C), instancehypernym(A,D), similarto(B,C), hypernym(D,E).
(r91) verbgroup(A,B) :- membermeronym(D,B), alsosee(F,C), memberofdomainusage(E,D), instancehypernym(F,A).
(r92) verbgroup(A,B) :- memberofdomainusage(E,B), derivationallyrelatedform(A,D), memberofdomainusage(D,F), similarto(B,C).
(r93) verbgroup(A,B) :- memberofdomainusage(A,E), similarto(F,D), similarto(B,C), instancehypernym(D,C).
(r94) verbgroup(A,B) :- alsosee(A,D), haspart(E,D), similarto(B,C), derivationallyrelatedform(A,C).
(r95) verbgroup(A,B) :- membermeronym(B,A), alsosee(A,B), memberofdomainusage(D,B), similarto(B,C).
(r96) verbgroup(A,B) :- memberofdomainregion(A,E), haspart(E,A), memberofdomainregion(B,D), similarto(B,C).
(r97) verbgroup(A,B) :- instancehypernym(B,D), haspart(D,C), hypernym(D,A).
(r98) verbgroup(A,B) :- memberofdomainregion(B,C), instancehypernym(B,A), memberofdomainusage(C,B).
(r99) verbgroup(A,B) :- membermeronym(A,C), similarto(B,C), synsetdomaintopicof(D,B), memberofdomainregion(B,A).
(r100) verbgroup(A,B) :- memberofdomainusage(B,E), alsosee(F,C), membermeronym(F,D), derivationallyrelatedform(A,C).
(r101) verbgroup(A,B) :- instancehypernym(E,A), alsosee(C,E), alsosee(F,C), membermeronym(B,D).
(r102) verbgroup(A,B) :- membermeronym(D,E), memberofdomainusage(A,C), membermeronym(D,B).
(r103) verbgroup(A,B) :- instancehypernym(C,D), alsosee(F,C), membermeronym(E,A), haspart(F,B).
(r104) verbgroup(A,B) :- membermeronym(A,D), alsosee(A,E), similarto(B,C), haspart(A,D).
(r105) verbgroup(A,B) :- alsosee(D,E), hypernym(A,E), memberofdomainregion(A,F), similarto(B,C).
(r106) verbgroup(A,B) :- hypernym(B,A), hypernym(B,C), memberofdomainregion(D,B), similarto(B,C).
(r107) verbgroup(A,B) :- synsetdomaintopicof(C,D), synsetdomaintopicof(B,A), similarto(B,C), memberofdomainregion(A,D).
(r108) verbgroup(A,B) :- derivationallyrelatedform(E,A), alsosee(F,C), instancehypernym(D,B), haspart(C,E).
(r109) verbgroup(A,B) :- instancehypernym(C,D), derivationallyrelatedform(A,E), memberofdomainusage(A,B), similarto(B,C).
(r110) verbgroup(A,B) :- instancehypernym(B,E), haspart(D,F), alsosee(F,C), synsetdomaintopicof(A,D).
(r111) verbgroup(A,B) :- derivationallyrelatedform(A,F), synsetdomaintopicof(A,D), similarto(B,C), similarto(F,E).
(r112) verbgroup(A,B) :- membermeronym(C,A), alsosee(D,B), alsosee(F,C), haspart(E,C).
(r113) verbgroup(A,B) :- memberofdomainregion(A,E), alsosee(F,C), memberofdomainregion(F,B), hypernym(D,E).
(r114) verbgroup(A,B) :- membermeronym(F,E), memberofdomainusage(B,E), synsetdomaintopicof(A,D), similarto(B,C).
(r115) verbgroup(A,B) :- derivationallyrelatedform(C,D), similarto(B,A), alsosee(B,C).
(r116) verbgroup(A,B) :- derivationallyrelatedform(F,D), synsetdomaintopicof(C,D), similarto(A,E), similarto(B,C).
(r117) verbgroup(A,B) :- instancehypernym(E,D), haspart(C,B), similarto(A,E), similarto(B,C).
(r118) verbgroup(A,B) :- similarto(A,F), haspart(A,E), alsosee(F,C), instancehypernym(D,B).
(r119) verbgroup(A,B) :- similarto(B,C), synsetdomaintopicof(D,B), memberofdomainusage(E,A).
(r120) verbgroup(A,B) :- memberofdomainregion(B,E), memberofdomainusage(A,C), similarto(D,B), similarto(B,C).
====================
MaxSAT solving... (3958 vars, 17820 hard, 1222 soft)
number of rules: 122
program size: 528
(inv1) inv1(X1,X2,X3,X4,X5,X6,X7,X8) :- memberofdomainusage(X1,X2), memberofdomainusage(X3,X4), similarto(X5,X6), similarto(X7,X8).
(inv2) inv2(X1,X2,X3,X4,X5,X6) :- alsosee(X1,X2), alsosee(X3,X4), haspart(X5,X6).
(r1) verbgroup(A,B) :- synsetdomaintopicof(A,C), alsosee(F,C), derivationallyrelatedform(D,B), hypernym(D,E).
(r2) verbgroup(A,B) :- inv2(F,C,F,C,D,A), synsetdomaintopicof(E,B), derivationallyrelatedform(A,C).
(r3) verbgroup(A,B) :- similarto(D,A), derivationallyrelatedform(D,C), haspart(B,A).
(r4) verbgroup(A,B) :- similarto(B,D), memberofdomainregion(E,C), memberofdomainregion(A,E), similarto(B,C).
(r5) verbgroup(A,B) :- membermeronym(B,E), alsosee(F,C), memberofdomainusage(C,A), membermeronym(C,D).
(r6) verbgroup(A,B) :- hypernym(A,E), hypernym(D,B), memberofdomainregion(D,E), similarto(B,C).
(r7) verbgroup(A,B) :- inv2(F,C,F,C,B,C), similarto(E,F), hypernym(D,A).
(r8) verbgroup(A,B) :- similarto(B,C), alsosee(E,F), instancehypernym(D,F), hypernym(A,D).
(r9) verbgroup(A,B) :- similarto(B,C), derivationallyrelatedform(A,D), hypernym(B,D), alsosee(C,D).
(r10) verbgroup(A,B) :- inv2(A,E,A,E,F,D), memberofdomainregion(D,B), similarto(B,C).
(r11) verbgroup(A,B) :- inv2(F,C,F,C,A,C), memberofdomainregion(E,C), derivationallyrelatedform(D,B).
(r12) verbgroup(A,B) :- memberofdomainregion(B,E), synsetdomaintopicof(D,E), haspart(A,C).
(r13) verbgroup(A,B) :- instancehypernym(C,A), synsetdomaintopicof(D,B), memberofdomainregion(B,A).
(r14) verbgroup(A,B) :- inv1(C,F,C,F,B,C,B,C), hypernym(A,D), synsetdomaintopicof(E,F).
(r15) verbgroup(A,B) :- inv1(A,D,A,D,B,C,B,C), haspart(A,C), hypernym(D,C).
(r16) verbgroup(A,B) :- similarto(A,D), synsetdomaintopicof(E,D), similarto(B,C), similarto(F,E).
(r17) verbgroup(A,B) :- membermeronym(C,A), alsosee(F,C), derivationallyrelatedform(D,B), synsetdomaintopicof(E,B).
(r18) verbgroup(A,B) :- hypernym(D,A), alsosee(A,E), membermeronym(F,E), similarto(B,C).
(r19) verbgroup(A,B) :- derivationallyrelatedform(E,A), similarto(A,D), derivationallyrelatedform(F,E), similarto(B,C).
(r20) verbgroup(A,B) :- haspart(A,E), haspart(B,F), similarto(B,C), membermeronym(D,A).
(r21) verbgroup(A,B) :- alsosee(A,D), alsosee(F,C), derivationallyrelatedform(F,D), similarto(E,B).
(r22) verbgroup(A,B) :- alsosee(F,C), memberofdomainregion(A,F), memberofdomainusage(C,E), membermeronym(B,D).
(r23) verbgroup(A,B) :- synsetdomaintopicof(E,C), membermeronym(D,B), alsosee(F,C), memberofdomainusage(C,A).
(r24) verbgroup(A,B) :- inv1(F,E,F,E,D,F,B,C), membermeronym(A,E).
(r25) verbgroup(A,B) :- instancehypernym(E,A), similarto(A,C), similarto(B,C), hypernym(D,C).
(r26) verbgroup(A,B) :- derivationallyrelatedform(A,D), membermeronym(C,D), similarto(B,C), alsosee(D,A).
(r27) verbgroup(A,B) :- derivationallyrelatedform(E,A), membermeronym(E,F), alsosee(F,C), memberofdomainregion(D,B).
(r28) verbgroup(A,B) :- inv2(F,C,A,E,B,F), synsetdomaintopicof(D,C).
(r29) verbgroup(A,B) :- inv1(C,D,C,D,E,A,E,A), inv2(F,C,F,C,B,F).
(r30) verbgroup(A,B) :- derivationallyrelatedform(A,E), similarto(B,C), synsetdomaintopicof(B,E), membermeronym(E,D).
(r31) verbgroup(A,B) :- synsetdomaintopicof(A,C), alsosee(B,E), alsosee(F,C), memberofdomainusage(D,B).
(r32) verbgroup(A,B) :- membermeronym(F,B), synsetdomaintopicof(F,D), membermeronym(A,E), similarto(B,C).
(r33) verbgroup(A,B) :- inv2(D,C,D,C,C,B), similarto(A,D).
(r34) verbgroup(A,B) :- alsosee(B,E), alsosee(F,C), derivationallyrelatedform(A,C), synsetdomaintopicof(D,F).
(r35) verbgroup(A,B) :- inv2(C,A,F,C,E,B), memberofdomainregion(C,D).
(r36) verbgroup(A,B) :- inv1(D,C,D,C,B,C,B,C), hypernym(A,E), haspart(D,A).
(r37) verbgroup(A,B) :- inv2(E,F,E,F,A,D), derivationallyrelatedform(F,D), similarto(B,C).
(r38) verbgroup(A,B) :- instancehypernym(D,A), synsetdomaintopicof(C,A), instancehypernym(C,B).
(r39) verbgroup(A,B) :- alsosee(F,C), alsosee(A,E), synsetdomaintopicof(A,D), instancehypernym(C,B).
(r40) verbgroup(A,B) :- synsetdomaintopicof(B,C), haspart(B,C), synsetdomaintopicof(A,B).
(r41) verbgroup(A,B) :- alsosee(C,B), memberofdomainregion(B,D), similarto(A,C).
(r42) verbgroup(A,B) :- instancehypernym(A,D), hypernym(F,B), similarto(B,C), haspart(D,E).
(r43) verbgroup(A,B) :- inv1(B,E,D,B,B,C,B,C), instancehypernym(C,A).
(r44) verbgroup(A,B) :- similarto(B,D), synsetdomaintopicof(B,D), similarto(B,C), haspart(A,D).
(r45) verbgroup(A,B) :- inv1(B,A,B,A,A,C,A,C), membermeronym(C,B).
(r46) verbgroup(A,B) :- haspart(A,E), synsetdomaintopicof(C,D), similarto(B,C), derivationallyrelatedform(D,C).
(r47) verbgroup(A,B) :- inv1(D,C,D,C,C,A,C,A), hypernym(D,B).
(r48) verbgroup(A,B) :- synsetdomaintopicof(D,C), haspart(E,A), similarto(B,C), haspart(A,E).
(r49) verbgroup(A,B) :- haspart(C,D), membermeronym(B,C), memberofdomainregion(D,A).
(r50) verbgroup(A,B) :- inv1(A,D,A,D,B,C,B,C), hypernym(E,B), synsetdomaintopicof(C,A).
(r51) verbgroup(A,B) :- instancehypernym(C,A), synsetdomaintopicof(A,D), haspart(B,A).
(r52) verbgroup(A,B) :- inv2(F,C,F,C,A,D), hypernym(B,E), similarto(D,C).
(r53) verbgroup(A,B) :- hypernym(D,B), similarto(E,A), similarto(B,C), memberofdomainregion(E,B).
(r54) verbgroup(A,B) :- instancehypernym(D,A), synsetdomaintopicof(C,E), similarto(B,C), similarto(A,C).
(r55) verbgroup(A,B) :- alsosee(F,C), hypernym(A,F), hypernym(B,E), derivationallyrelatedform(D,C).
(r56) verbgroup(A,B) :- inv1(F,E,F,E,B,C,B,C), derivationallyrelatedform(A,F), instancehypernym(A,D).
(r57) verbgroup(A,B) :- synsetdomaintopicof(B,D), memberofdomainusage(E,C), membermeronym(A,C).
(r58) verbgroup(A,B) :- inv2(F,C,F,C,F,E), synsetdomaintopicof(F,A), synsetdomaintopicof(D,B).
(r59) verbgroup(A,B) :- inv1(F,C,F,C,A,E,B,C), membermeronym(D,B).
(r60) verbgroup(A,B) :- memberofdomainusage(C,A), hypernym(E,D), alsosee(B,D).
(r61) verbgroup(A,B) :- inv2(F,C,F,C,F,A), instancehypernym(D,B), haspart(E,F).
(r62) verbgroup(A,B) :- inv2(F,C,F,C,D,A), instancehypernym(D,E), instancehypernym(C,B).
(r63) verbgroup(A,B) :- membermeronym(D,B), hypernym(C,A), derivationallyrelatedform(A,E).
(r64) verbgroup(A,B) :- alsosee(F,C), alsosee(E,F), synsetdomaintopicof(B,D), synsetdomaintopicof(A,E).
(r65) verbgroup(A,B) :- alsosee(F,C), memberofdomainregion(B,C), alsosee(A,E), memberofdomainregion(B,D).
(r66) verbgroup(A,B) :- instancehypernym(C,D), membermeronym(A,B), synsetdomaintopicof(A,D), similarto(B,C).
(r67) verbgroup(A,B) :- derivationallyrelatedform(C,F), instancehypernym(A,D), memberofdomainregion(E,A), similarto(B,C).
(r68) verbgroup(A,B) :- memberofdomainregion(D,A), hypernym(B,D), similarto(B,C), instancehypernym(A,C).
(r69) verbgroup(A,B) :- memberofdomainregion(A,C), hypernym(A,C), similarto(B,C), hypernym(A,D).
(r70) verbgroup(A,B) :- instancehypernym(C,B), memberofdomainusage(A,B).
(r71) verbgroup(A,B) :- inv2(B,D,B,D,A,B), instancehypernym(B,C).
(r72) verbgroup(A,B) :- memberofdomainusage(B,E), alsosee(F,C), derivationallyrelatedform(C,A), hypernym(C,D).
(r73) verbgroup(A,B) :- hypernym(D,B), haspart(A,B), similarto(B,C), hypernym(D,E).
(r74) verbgroup(A,B) :- inv2(F,C,F,C,C,B), instancehypernym(E,A), memberofdomainusage(E,D).
(r75) verbgroup(A,B) :- inv1(A,E,A,E,B,C,B,C), memberofdomainregion(F,C), membermeronym(B,D).
(r76) verbgroup(A,B) :- synsetdomaintopicof(E,B), memberofdomainregion(C,A), memberofdomainusage(E,D).
(r77) verbgroup(A,B) :- alsosee(F,C), membermeronym(B,E), synsetdomaintopicof(B,D), memberofdomainusage(C,A).
(r78) verbgroup(A,B) :- inv1(B,C,C,D,B,C,B,C), haspart(D,A).
(r79) verbgroup(A,B) :- instancehypernym(D,A), derivationallyrelatedform(D,B), alsosee(D,C), similarto(B,C).
(r80) verbgroup(A,B) :- haspart(C,A), synsetdomaintopicof(E,D), similarto(B,C), hypernym(A,D).
(r81) verbgroup(A,B) :- membermeronym(A,D), alsosee(F,C), memberofdomainusage(C,E), derivationallyrelatedform(B,C).
(r82) verbgroup(A,B) :- alsosee(F,B), derivationallyrelatedform(D,A), alsosee(F,C), alsosee(E,D).
(r83) verbgroup(A,B) :- inv1(C,D,D,B,B,C,B,C), haspart(A,B).
(r84) verbgroup(A,B) :- similarto(B,D), synsetdomaintopicof(E,A), similarto(B,C), similarto(A,C).
(r85) verbgroup(A,B) :- membermeronym(A,D), instancehypernym(F,B), alsosee(F,C), memberofdomainusage(A,E).
(r86) verbgroup(A,B) :- inv2(F,C,F,C,A,C), synsetdomaintopicof(D,E), synsetdomaintopicof(B,E).
(r87) verbgroup(A,B) :- alsosee(D,B), similarto(C,E), membermeronym(A,C).
(r88) verbgroup(A,B) :- inv2(D,B,D,B,A,E), membermeronym(A,D), similarto(B,C).
(r89) verbgroup(A,B) :- memberofdomainusage(E,B), alsosee(F,C), membermeronym(A,C), membermeronym(C,D).
(r90) verbgroup(A,B) :- inv1(B,C,B,C,B,C,B,C), instancehypernym(A,D), hypernym(D,E).
(r91) verbgroup(A,B) :- membermeronym(D,B), alsosee(F,C), memberofdomainusage(E,D), instancehypernym(F,A).
(r92) verbgroup(A,B) :- inv1(E,B,D,F,B,C,B,C), derivationallyrelatedform(A,D).
(r93) verbgroup(A,B) :- inv1(A,E,A,E,F,D,B,C), instancehypernym(D,C).
(r94) verbgroup(A,B) :- inv2(A,D,A,D,E,D), similarto(B,C), derivationallyrelatedform(A,C).
(r95) verbgroup(A,B) :- inv1(D,B,D,B,B,C,B,C), membermeronym(B,A), alsosee(A,B).
(r96) verbgroup(A,B) :- memberofdomainregion(A,E), haspart(E,A), memberofdomainregion(B,D), similarto(B,C).
(r97) verbgroup(A,B) :- instancehypernym(B,D), haspart(D,C), hypernym(D,A).
(r98) verbgroup(A,B) :- memberofdomainregion(B,C), instancehypernym(B,A), memberofdomainusage(C,B).
(r99) verbgroup(A,B) :- membermeronym(A,C), similarto(B,C), synsetdomaintopicof(D,B), memberofdomainregion(B,A).
(r100) verbgroup(A,B) :- memberofdomainusage(B,E), alsosee(F,C), membermeronym(F,D), derivationallyrelatedform(A,C).
(r101) verbgroup(A,B) :- instancehypernym(E,A), alsosee(C,E), alsosee(F,C), membermeronym(B,D).
(r102) verbgroup(A,B) :- membermeronym(D,E), memberofdomainusage(A,C), membermeronym(D,B).
(r103) verbgroup(A,B) :- inv2(F,C,F,C,F,B), instancehypernym(C,D), membermeronym(E,A).
(r104) verbgroup(A,B) :- inv2(A,E,A,E,A,D), membermeronym(A,D), similarto(B,C).
(r105) verbgroup(A,B) :- alsosee(D,E), hypernym(A,E), memberofdomainregion(A,F), similarto(B,C).
(r106) verbgroup(A,B) :- hypernym(B,A), hypernym(B,C), memberofdomainregion(D,B), similarto(B,C).
(r107) verbgroup(A,B) :- synsetdomaintopicof(C,D), synsetdomaintopicof(B,A), similarto(B,C), memberofdomainregion(A,D).
(r108) verbgroup(A,B) :- inv2(F,C,F,C,C,E), derivationallyrelatedform(E,A), instancehypernym(D,B).
(r109) verbgroup(A,B) :- inv1(A,B,A,B,B,C,B,C), instancehypernym(C,D), derivationallyrelatedform(A,E).
(r110) verbgroup(A,B) :- inv2(F,C,F,C,D,F), instancehypernym(B,E), synsetdomaintopicof(A,D).
(r111) verbgroup(A,B) :- derivationallyrelatedform(A,F), synsetdomaintopicof(A,D), similarto(B,C), similarto(F,E).
(r112) verbgroup(A,B) :- inv2(D,B,F,C,E,C), membermeronym(C,A).
(r113) verbgroup(A,B) :- memberofdomainregion(A,E), alsosee(F,C), memberofdomainregion(F,B), hypernym(D,E).
(r114) verbgroup(A,B) :- inv1(B,E,B,E,B,C,B,C), membermeronym(F,E), synsetdomaintopicof(A,D).
(r115) verbgroup(A,B) :- derivationallyrelatedform(C,D), similarto(B,A), alsosee(B,C).
(r116) verbgroup(A,B) :- derivationallyrelatedform(F,D), synsetdomaintopicof(C,D), similarto(A,E), similarto(B,C).
(r117) verbgroup(A,B) :- instancehypernym(E,D), haspart(C,B), similarto(A,E), similarto(B,C).
(r118) verbgroup(A,B) :- inv2(F,C,F,C,A,E), similarto(A,F), instancehypernym(D,B).
(r119) verbgroup(A,B) :- inv1(E,A,E,A,B,C,B,C), synsetdomaintopicof(D,B).
(r120) verbgroup(A,B) :- inv1(A,C,A,C,D,B,B,C), memberofdomainregion(B,E).
====================
