number of rules: 60
program size: 285
(r1) verbgroup(A,B) :- hypernym(A,E), haspart(B,F), synsetdomaintopicof(A,D), similarto(B,C).
(r2) verbgroup(A,B) :- derivationallyrelatedform(C,D), memberofdomainusage(A,D), derivationallyrelatedform(D,B).
(r3) verbgroup(A,B) :- haspart(B,F), derivationallyrelatedform(A,D), alsosee(F,C), instancehypernym(E,F).
(r4) verbgroup(A,B) :- memberofdomainregion(D,B), alsosee(F,E), alsosee(F,C), memberofdomainregion(C,A).
(r5) verbgroup(A,B) :- instancehypernym(C,D), memberofdomainusage(D,B), hypernym(C,A), similarto(B,C).
(r6) verbgroup(A,B) :- haspart(A,E), alsosee(F,C), alsosee(B,C), memberofdomainusage(D,A).
(r7) verbgroup(A,B) :- alsosee(A,B), membermeronym(D,C), haspart(A,D).
(r8) verbgroup(A,B) :- synsetdomaintopicof(F,D), alsosee(F,C), instancehypernym(A,E), membermeronym(B,D).
(r9) verbgroup(A,B) :- instancehypernym(D,B), instancehypernym(A,E), instancehypernym(A,C).
(r10) verbgroup(A,B) :- membermeronym(D,B), similarto(B,C), hypernym(A,D), hypernym(C,B).
(r11) verbgroup(A,B) :- hypernym(D,A), hypernym(D,B), similarto(B,C), derivationallyrelatedform(A,C).
(r12) verbgroup(A,B) :- similarto(A,D), synsetdomaintopicof(E,D), similarto(B,C), synsetdomaintopicof(D,B).
(r13) verbgroup(A,B) :- instancehypernym(D,A), derivationallyrelatedform(A,D), haspart(D,C), similarto(B,C).
(r14) verbgroup(A,B) :- membermeronym(B,A), similarto(B,C), synsetdomaintopicof(D,B).
(r15) verbgroup(A,B) :- similarto(A,D), memberofdomainusage(E,C), membermeronym(B,E).
(r16) verbgroup(A,B) :- similarto(C,D), hypernym(B,C), haspart(D,A).
(r17) verbgroup(A,B) :- memberofdomainusage(A,E), alsosee(F,C), membermeronym(E,C), alsosee(B,D).
(r18) verbgroup(A,B) :- hypernym(C,F), hypernym(D,F), membermeronym(A,E), similarto(B,C).
(r19) verbgroup(A,B) :- derivationallyrelatedform(A,E), similarto(B,C), haspart(A,D), alsosee(D,A).
(r20) verbgroup(A,B) :- membermeronym(A,D), hypernym(D,A), similarto(B,C), memberofdomainregion(C,E).
(r21) verbgroup(A,B) :- synsetdomaintopicof(A,C), hypernym(A,E), membermeronym(D,C), similarto(B,C).
(r22) verbgroup(A,B) :- similarto(A,F), instancehypernym(E,B), instancehypernym(D,F), similarto(B,C).
(r23) verbgroup(A,B) :- synsetdomaintopicof(D,A), memberofdomainusage(C,A), alsosee(B,D).
(r24) verbgroup(A,B) :- memberofdomainusage(A,D), similarto(E,A), memberofdomainusage(F,A), similarto(B,C).
(r25) verbgroup(A,B) :- memberofdomainregion(F,E), hypernym(E,D), similarto(B,C), synsetdomaintopicof(A,E).
(r26) verbgroup(A,B) :- hypernym(B,C), memberofdomainusage(A,D), hypernym(D,E).
(r27) verbgroup(A,B) :- haspart(A,E), memberofdomainregion(E,D), similarto(B,C), instancehypernym(B,F).
(r28) verbgroup(A,B) :- alsosee(F,C), alsosee(F,E), memberofdomainregion(B,E), synsetdomaintopicof(D,A).
(r29) verbgroup(A,B) :- derivationallyrelatedform(A,D), memberofdomainregion(B,A), similarto(B,C), hypernym(E,C).
(r30) verbgroup(A,B) :- hypernym(E,B), alsosee(F,C), derivationallyrelatedform(A,D), memberofdomainregion(A,F).
(r31) verbgroup(A,B) :- similarto(A,D), hypernym(E,B), alsosee(F,C), derivationallyrelatedform(E,C).
(r32) verbgroup(A,B) :- memberofdomainregion(A,B), synsetdomaintopicof(A,D), similarto(B,C), hypernym(C,E).
(r33) verbgroup(A,B) :- alsosee(D,E), similarto(A,D), alsosee(F,B), similarto(B,C).
(r34) verbgroup(A,B) :- alsosee(C,B), haspart(D,A), similarto(B,C), hypernym(D,C).
(r35) verbgroup(A,B) :- alsosee(A,D), alsosee(F,C), instancehypernym(A,E), synsetdomaintopicof(C,B).
(r36) verbgroup(A,B) :- memberofdomainusage(B,A), similarto(B,C), synsetdomaintopicof(D,B).
(r37) verbgroup(A,B) :- similarto(E,D), memberofdomainusage(A,D), similarto(B,C), alsosee(A,F).
(r38) verbgroup(A,B) :- alsosee(F,C), synsetdomaintopicof(F,A), synsetdomaintopicof(B,D), similarto(E,F).
(r39) verbgroup(A,B) :- alsosee(C,A), haspart(A,B), similarto(A,B).
(r40) verbgroup(A,B) :- memberofdomainusage(B,C), similarto(D,B), hypernym(E,A).
(r41) verbgroup(A,B) :- haspart(D,B), alsosee(E,B), derivationallyrelatedform(E,A), similarto(B,C).
(r42) verbgroup(A,B) :- similarto(B,C), memberofdomainusage(B,E), synsetdomaintopicof(B,A), hypernym(A,D).
(r43) verbgroup(A,B) :- hypernym(C,F), hypernym(D,A), alsosee(A,E), similarto(B,C).
(r44) verbgroup(A,B) :- derivationallyrelatedform(A,D), haspart(D,A), similarto(B,C), memberofdomainusage(E,A).
(r45) verbgroup(A,B) :- derivationallyrelatedform(D,A), alsosee(F,E), alsosee(F,C), derivationallyrelatedform(E,B).
(r46) verbgroup(A,B) :- alsosee(F,C), memberofdomainusage(A,F), synsetdomaintopicof(E,D), derivationallyrelatedform(E,B).
(r47) verbgroup(A,B) :- haspart(D,B), haspart(A,C), alsosee(E,D).
(r48) verbgroup(A,B) :- memberofdomainregion(F,A), alsosee(F,C), synsetdomaintopicof(F,E), synsetdomaintopicof(D,B).
(r49) verbgroup(A,B) :- instancehypernym(F,D), alsosee(B,E), alsosee(F,C), hypernym(A,C).
(r50) verbgroup(A,B) :- alsosee(F,C), alsosee(D,F), instancehypernym(B,E), memberofdomainregion(A,C).
(r51) verbgroup(A,B) :- membermeronym(E,A), haspart(A,D), similarto(B,C), synsetdomaintopicof(E,F).
(r52) verbgroup(A,B) :- hypernym(A,E), similarto(B,D), synsetdomaintopicof(C,E).
(r53) verbgroup(A,B) :- alsosee(A,D), instancehypernym(B,D), alsosee(C,D).
(r54) verbgroup(A,B) :- haspart(D,B), derivationallyrelatedform(E,B), synsetdomaintopicof(C,A), similarto(B,C).
(r55) verbgroup(A,B) :- hypernym(B,C), alsosee(F,C), memberofdomainregion(A,D), hypernym(D,E).
(r56) verbgroup(A,B) :- alsosee(D,E), memberofdomainregion(A,E), derivationallyrelatedform(E,A), similarto(B,C).
(r57) verbgroup(A,B) :- haspart(D,B), similarto(D,A), hypernym(C,A), similarto(B,C).
(r58) verbgroup(A,B) :- similarto(E,F), memberofdomainregion(F,A), similarto(B,C), memberofdomainregion(A,D).
(r59) verbgroup(A,B) :- derivationallyrelatedform(B,D), synsetdomaintopicof(B,F), alsosee(F,C), similarto(E,A).
(r60) verbgroup(A,B) :- similarto(B,D), derivationallyrelatedform(A,C), hypernym(D,C).
====================
MaxSAT solving... (1977 vars, 8685 hard, 627 soft)
number of rules: 62
program size: 259
(inv1) inv1(X1,X2,X3,X4,X5,X6,X7,X8) :- hypernym(X1,X2), hypernym(X3,X4), similarto(X5,X6), similarto(X7,X8).
(inv2) inv2(X1,X2,X3,X4) :- alsosee(X1,X2), alsosee(X3,X4).
(r1) verbgroup(A,B) :- inv1(A,E,A,E,B,C,B,C), haspart(B,F), synsetdomaintopicof(A,D).
(r2) verbgroup(A,B) :- derivationallyrelatedform(C,D), memberofdomainusage(A,D), derivationallyrelatedform(D,B).
(r3) verbgroup(A,B) :- inv2(F,C,F,C), haspart(B,F), derivationallyrelatedform(A,D), instancehypernym(E,F).
(r4) verbgroup(A,B) :- inv2(F,E,F,C), memberofdomainregion(D,B), memberofdomainregion(C,A).
(r5) verbgroup(A,B) :- inv1(C,A,C,A,B,C,B,C), instancehypernym(C,D), memberofdomainusage(D,B).
(r6) verbgroup(A,B) :- inv2(F,C,B,C), haspart(A,E), memberofdomainusage(D,A).
(r7) verbgroup(A,B) :- inv2(A,B,A,B), membermeronym(D,C), haspart(A,D).
(r8) verbgroup(A,B) :- inv2(F,C,F,C), synsetdomaintopicof(F,D), instancehypernym(A,E), membermeronym(B,D).
(r9) verbgroup(A,B) :- instancehypernym(D,B), instancehypernym(A,E), instancehypernym(A,C).
(r10) verbgroup(A,B) :- inv1(A,D,C,B,B,C,B,C), membermeronym(D,B).
(r11) verbgroup(A,B) :- inv1(D,A,D,B,B,C,B,C), derivationallyrelatedform(A,C).
(r12) verbgroup(A,B) :- similarto(A,D), synsetdomaintopicof(E,D), similarto(B,C), synsetdomaintopicof(D,B).
(r13) verbgroup(A,B) :- instancehypernym(D,A), derivationallyrelatedform(A,D), haspart(D,C), similarto(B,C).
(r14) verbgroup(A,B) :- membermeronym(B,A), similarto(B,C), synsetdomaintopicof(D,B).
(r15) verbgroup(A,B) :- similarto(A,D), memberofdomainusage(E,C), membermeronym(B,E).
(r16) verbgroup(A,B) :- inv1(B,C,B,C,C,D,C,D), haspart(D,A).
(r17) verbgroup(A,B) :- inv2(F,C,B,D), memberofdomainusage(A,E), membermeronym(E,C).
(r18) verbgroup(A,B) :- inv1(C,F,D,F,B,C,B,C), membermeronym(A,E).
(r19) verbgroup(A,B) :- derivationallyrelatedform(A,E), similarto(B,C), haspart(A,D), alsosee(D,A).
(r20) verbgroup(A,B) :- inv1(D,A,D,A,B,C,B,C), membermeronym(A,D), memberofdomainregion(C,E).
(r21) verbgroup(A,B) :- inv1(A,E,A,E,B,C,B,C), synsetdomaintopicof(A,C), membermeronym(D,C).
(r22) verbgroup(A,B) :- similarto(A,F), instancehypernym(E,B), instancehypernym(D,F), similarto(B,C).
(r23) verbgroup(A,B) :- inv2(B,D,B,D), synsetdomaintopicof(D,A), memberofdomainusage(C,A).
(r24) verbgroup(A,B) :- memberofdomainusage(A,D), similarto(E,A), memberofdomainusage(F,A), similarto(B,C).
(r25) verbgroup(A,B) :- inv1(E,D,E,D,B,C,B,C), memberofdomainregion(F,E), synsetdomaintopicof(A,E).
(r26) verbgroup(A,B) :- hypernym(B,C), memberofdomainusage(A,D), hypernym(D,E).
(r27) verbgroup(A,B) :- haspart(A,E), memberofdomainregion(E,D), similarto(B,C), instancehypernym(B,F).
(r28) verbgroup(A,B) :- inv2(F,C,F,E), memberofdomainregion(B,E), synsetdomaintopicof(D,A).
(r29) verbgroup(A,B) :- inv1(E,C,E,C,B,C,B,C), derivationallyrelatedform(A,D), memberofdomainregion(B,A).
(r30) verbgroup(A,B) :- hypernym(E,B), alsosee(F,C), derivationallyrelatedform(A,D), memberofdomainregion(A,F).
(r31) verbgroup(A,B) :- inv1(E,B,E,B,A,D,A,D), alsosee(F,C), derivationallyrelatedform(E,C).
(r32) verbgroup(A,B) :- inv1(C,E,C,E,B,C,B,C), memberofdomainregion(A,B), synsetdomaintopicof(A,D).
(r33) verbgroup(A,B) :- inv2(D,E,F,B), similarto(A,D), similarto(B,C).
(r34) verbgroup(A,B) :- inv1(D,C,D,C,B,C,B,C), alsosee(C,B), haspart(D,A).
(r35) verbgroup(A,B) :- inv2(A,D,F,C), instancehypernym(A,E), synsetdomaintopicof(C,B).
(r36) verbgroup(A,B) :- memberofdomainusage(B,A), similarto(B,C), synsetdomaintopicof(D,B).
(r37) verbgroup(A,B) :- similarto(E,D), memberofdomainusage(A,D), similarto(B,C), alsosee(A,F).
(r38) verbgroup(A,B) :- alsosee(F,C), synsetdomaintopicof(F,A), synsetdomaintopicof(B,D), similarto(E,F).
(r39) verbgroup(A,B) :- alsosee(C,A), haspart(A,B), similarto(A,B).
(r40) verbgroup(A,B) :- inv1(E,A,E,A,D,B,D,B), memberofdomainusage(B,C).
(r41) verbgroup(A,B) :- haspart(D,B), alsosee(E,B), derivationallyrelatedform(E,A), similarto(B,C).
(r42) verbgroup(A,B) :- inv1(A,D,A,D,B,C,B,C), memberofdomainusage(B,E), synsetdomaintopicof(B,A).
(r43) verbgroup(A,B) :- inv1(C,F,D,A,B,C,B,C), alsosee(A,E).
(r44) verbgroup(A,B) :- derivationallyrelatedform(A,D), haspart(D,A), similarto(B,C), memberofdomainusage(E,A).
(r45) verbgroup(A,B) :- inv2(F,E,F,C), derivationallyrelatedform(D,A), derivationallyrelatedform(E,B).
(r46) verbgroup(A,B) :- alsosee(F,C), memberofdomainusage(A,F), synsetdomaintopicof(E,D), derivationallyrelatedform(E,B).
(r47) verbgroup(A,B) :- haspart(D,B), haspart(A,C), alsosee(E,D).
(r48) verbgroup(A,B) :- memberofdomainregion(F,A), alsosee(F,C), synsetdomaintopicof(F,E), synsetdomaintopicof(D,B).
(r49) verbgroup(A,B) :- inv2(B,E,F,C), instancehypernym(F,D), hypernym(A,C).
(r50) verbgroup(A,B) :- inv2(F,C,D,F), instancehypernym(B,E), memberofdomainregion(A,C).
(r51) verbgroup(A,B) :- membermeronym(E,A), haspart(A,D), similarto(B,C), synsetdomaintopicof(E,F).
(r52) verbgroup(A,B) :- inv1(A,E,A,E,B,D,B,D), synsetdomaintopicof(C,E).
(r53) verbgroup(A,B) :- inv2(A,D,C,D), instancehypernym(B,D).
(r54) verbgroup(A,B) :- haspart(D,B), derivationallyrelatedform(E,B), synsetdomaintopicof(C,A), similarto(B,C).
(r55) verbgroup(A,B) :- hypernym(B,C), alsosee(F,C), memberofdomainregion(A,D), hypernym(D,E).
(r56) verbgroup(A,B) :- alsosee(D,E), memberofdomainregion(A,E), derivationallyrelatedform(E,A), similarto(B,C).
(r57) verbgroup(A,B) :- inv1(C,A,C,A,D,A,B,C), haspart(D,B).
(r58) verbgroup(A,B) :- similarto(E,F), memberofdomainregion(F,A), similarto(B,C), memberofdomainregion(A,D).
(r59) verbgroup(A,B) :- inv2(F,C,F,C), derivationallyrelatedform(B,D), synsetdomaintopicof(B,F), similarto(E,A).
(r60) verbgroup(A,B) :- inv1(D,C,D,C,B,D,B,D), derivationallyrelatedform(A,C).
====================
