number of rules: 70
program size: 335
(r1) memberofdomainregion(A,B) :- verbgroup(B,D), haspart(C,E), membermeronym(F,C), memberofdomainusage(A,C).
(r2) memberofdomainregion(A,B) :- derivationallyrelatedform(D,B), membermeronym(F,C), synsetdomaintopicof(F,A), similarto(E,B).
(r3) memberofdomainregion(A,B) :- synsetdomaintopicof(C,A), membermeronym(F,C), membermeronym(A,D), verbgroup(B,E).
(r4) memberofdomainregion(A,B) :- hypernym(A,C), instancehypernym(C,E), similarto(D,B), haspart(B,C).
(r5) memberofdomainregion(A,B) :- haspart(C,D), similarto(D,A), haspart(B,C), synsetdomaintopicof(A,E).
(r6) memberofdomainregion(A,B) :- instancehypernym(A,D), membermeronym(D,B), membermeronym(B,E), haspart(B,C).
(r7) memberofdomainregion(A,B) :- membermeronym(F,C), instancehypernym(C,A), derivationallyrelatedform(E,B), verbgroup(D,E).
(r8) memberofdomainregion(A,B) :- instancehypernym(A,D), membermeronym(F,C), memberofdomainusage(B,E), synsetdomaintopicof(A,F).
(r9) memberofdomainregion(A,B) :- instancehypernym(A,D), alsosee(A,B), similarto(C,A).
(r10) memberofdomainregion(A,B) :- haspart(D,B), synsetdomaintopicof(F,C), haspart(B,C), memberofdomainusage(E,A).
(r11) memberofdomainregion(A,B) :- alsosee(B,F), membermeronym(F,C), haspart(D,A), derivationallyrelatedform(E,C).
(r12) memberofdomainregion(A,B) :- instancehypernym(A,E), membermeronym(F,C), memberofdomainusage(C,E), haspart(D,B).
(r13) memberofdomainregion(A,B) :- instancehypernym(B,A), alsosee(C,A), haspart(C,A).
(r14) memberofdomainregion(A,B) :- membermeronym(A,E), instancehypernym(A,D), haspart(C,E), haspart(B,C).
(r15) memberofdomainregion(A,B) :- memberofdomainusage(B,C), similarto(A,D), hypernym(C,B), haspart(B,C).
(r16) memberofdomainregion(A,B) :- membermeronym(F,C), membermeronym(E,B), alsosee(C,A), synsetdomaintopicof(D,B).
(r17) memberofdomainregion(A,B) :- similarto(D,A), memberofdomainusage(E,B), membermeronym(C,A).
(r18) memberofdomainregion(A,B) :- membermeronym(A,E), haspart(B,C), membermeronym(B,D), derivationallyrelatedform(B,C).
(r19) memberofdomainregion(A,B) :- membermeronym(F,C), similarto(C,B), membermeronym(A,D), hypernym(A,E).
(r20) memberofdomainregion(A,B) :- similarto(C,B), alsosee(B,A), membermeronym(A,D).
(r21) memberofdomainregion(A,B) :- alsosee(A,E), haspart(B,C), alsosee(E,F), instancehypernym(D,C).
(r22) memberofdomainregion(A,B) :- haspart(D,B), similarto(E,C), synsetdomaintopicof(F,A), haspart(B,C).
(r23) memberofdomainregion(A,B) :- derivationallyrelatedform(A,D), derivationallyrelatedform(E,D), alsosee(F,B), haspart(B,C).
(r24) memberofdomainregion(A,B) :- haspart(B,A), memberofdomainusage(A,C), verbgroup(D,B).
(r25) memberofdomainregion(A,B) :- synsetdomaintopicof(A,E), synsetdomaintopicof(E,D), haspart(B,C), verbgroup(C,A).
(r26) memberofdomainregion(A,B) :- alsosee(B,A), synsetdomaintopicof(D,C), membermeronym(B,D).
(r27) memberofdomainregion(A,B) :- memberofdomainusage(E,C), hypernym(E,A), derivationallyrelatedform(D,A), haspart(B,C).
(r28) memberofdomainregion(A,B) :- membermeronym(B,C), membermeronym(A,E), synsetdomaintopicof(C,D), haspart(B,C).
(r29) memberofdomainregion(A,B) :- hypernym(A,C), derivationallyrelatedform(C,A), verbgroup(A,B).
(r30) memberofdomainregion(A,B) :- verbgroup(D,F), alsosee(A,E), instancehypernym(E,D), haspart(B,C).
(r31) memberofdomainregion(A,B) :- hypernym(B,E), membermeronym(F,C), derivationallyrelatedform(D,A), haspart(E,C).
(r32) memberofdomainregion(A,B) :- instancehypernym(A,E), haspart(D,E), synsetdomaintopicof(F,B), haspart(B,C).
(r33) memberofdomainregion(A,B) :- membermeronym(E,D), membermeronym(F,C), instancehypernym(C,B), membermeronym(D,A).
(r34) memberofdomainregion(A,B) :- derivationallyrelatedform(D,B), synsetdomaintopicof(C,A), haspart(B,C), synsetdomaintopicof(B,E).
(r35) memberofdomainregion(A,B) :- membermeronym(F,C), instancehypernym(D,E), haspart(A,D), haspart(F,B).
(r36) memberofdomainregion(A,B) :- instancehypernym(E,F), membermeronym(F,C), derivationallyrelatedform(B,F), memberofdomainusage(D,A).
(r37) memberofdomainregion(A,B) :- instancehypernym(E,B), alsosee(E,F), haspart(B,C), similarto(D,A).
(r38) memberofdomainregion(A,B) :- memberofdomainusage(B,C), similarto(B,A), instancehypernym(B,D).
(r39) memberofdomainregion(A,B) :- instancehypernym(B,F), membermeronym(F,C), verbgroup(A,E), memberofdomainusage(D,A).
(r40) memberofdomainregion(A,B) :- derivationallyrelatedform(A,E), membermeronym(F,C), hypernym(C,D), hypernym(D,B).
(r41) memberofdomainregion(A,B) :- derivationallyrelatedform(D,B), similarto(C,D), haspart(B,C), similarto(C,A).
(r42) memberofdomainregion(A,B) :- haspart(C,A), derivationallyrelatedform(B,D), hypernym(A,E).
(r43) memberofdomainregion(A,B) :- derivationallyrelatedform(A,E), membermeronym(C,F), alsosee(D,B), haspart(B,C).
(r44) memberofdomainregion(A,B) :- derivationallyrelatedform(E,B), memberofdomainusage(C,E), hypernym(A,D).
(r45) memberofdomainregion(A,B) :- haspart(D,B), derivationallyrelatedform(A,B), haspart(B,C), similarto(D,E).
(r46) memberofdomainregion(A,B) :- derivationallyrelatedform(A,E), instancehypernym(E,D), verbgroup(A,B), haspart(B,C).
(r47) memberofdomainregion(A,B) :- similarto(A,E), haspart(B,A), derivationallyrelatedform(C,D), haspart(B,C).
(r48) memberofdomainregion(A,B) :- derivationallyrelatedform(A,E), memberofdomainusage(C,F), membermeronym(D,F), haspart(B,C).
(r49) memberofdomainregion(A,B) :- verbgroup(C,F), membermeronym(C,E), memberofdomainusage(A,D), haspart(B,C).
(r50) memberofdomainregion(A,B) :- haspart(B,C), alsosee(D,B), instancehypernym(D,C), haspart(A,E).
(r51) memberofdomainregion(A,B) :- haspart(B,D), verbgroup(C,B), haspart(B,C), haspart(A,E).
(r52) memberofdomainregion(A,B) :- instancehypernym(C,B), instancehypernym(A,D), haspart(A,C).
(r53) memberofdomainregion(A,B) :- membermeronym(B,E), memberofdomainusage(B,E), haspart(A,D), haspart(B,C).
(r54) memberofdomainregion(A,B) :- synsetdomaintopicof(C,B), membermeronym(F,C), verbgroup(A,E), haspart(D,E).
(r55) memberofdomainregion(A,B) :- membermeronym(F,C), alsosee(C,A), membermeronym(B,D), alsosee(E,A).
(r56) memberofdomainregion(A,B) :- similarto(A,D), haspart(B,C), synsetdomaintopicof(A,C), derivationallyrelatedform(A,C).
(r57) memberofdomainregion(A,B) :- haspart(A,B), membermeronym(B,D), membermeronym(C,D).
(r58) memberofdomainregion(A,B) :- memberofdomainusage(B,C), membermeronym(A,B), haspart(C,D).
(r59) memberofdomainregion(A,B) :- hypernym(B,C), derivationallyrelatedform(C,A), haspart(B,C).
(r60) memberofdomainregion(A,B) :- membermeronym(C,B), synsetdomaintopicof(D,A), membermeronym(A,D), haspart(B,C).
(r61) memberofdomainregion(A,B) :- verbgroup(D,C), derivationallyrelatedform(E,A), haspart(B,C), hypernym(A,E).
(r62) memberofdomainregion(A,B) :- verbgroup(B,D), memberofdomainusage(A,C), instancehypernym(A,C).
(r63) memberofdomainregion(A,B) :- membermeronym(A,E), memberofdomainusage(A,C), haspart(B,C), memberofdomainusage(C,D).
(r64) memberofdomainregion(A,B) :- similarto(A,D), derivationallyrelatedform(F,D), verbgroup(B,E), haspart(B,C).
(r65) memberofdomainregion(A,B) :- instancehypernym(B,E), membermeronym(F,C), similarto(D,B), instancehypernym(A,F).
(r66) memberofdomainregion(A,B) :- synsetdomaintopicof(E,B), membermeronym(F,C), similarto(C,A), haspart(D,F).
(r67) memberofdomainregion(A,B) :- hypernym(D,E), synsetdomaintopicof(C,D), membermeronym(A,D), haspart(B,C).
(r68) memberofdomainregion(A,B) :- alsosee(E,A), derivationallyrelatedform(A,D), haspart(B,C), verbgroup(C,A).
(r69) memberofdomainregion(A,B) :- alsosee(D,C), haspart(A,D), membermeronym(A,B), haspart(B,C).
(r70) memberofdomainregion(A,B) :- synsetdomaintopicof(E,B), membermeronym(F,C), instancehypernym(E,D), verbgroup(F,A).
====================
MaxSAT solving... (2319 vars, 10035 hard, 729 soft)
number of rules: 72
program size: 299
(inv1) inv1(X1,X2,X3,X4,X5,X6,X7,X8) :- haspart(X1,X2), haspart(X3,X4), derivationallyrelatedform(X5,X6), derivationallyrelatedform(X7,X8).
(inv2) inv2(X1,X2,X3,X4,X5,X6,X7,X8) :- haspart(X1,X2), haspart(X3,X4), membermeronym(X5,X6), membermeronym(X7,X8).
(r1) memberofdomainregion(A,B) :- inv2(C,E,C,E,F,C,F,C), verbgroup(B,D), memberofdomainusage(A,C).
(r2) memberofdomainregion(A,B) :- derivationallyrelatedform(D,B), membermeronym(F,C), synsetdomaintopicof(F,A), similarto(E,B).
(r3) memberofdomainregion(A,B) :- synsetdomaintopicof(C,A), membermeronym(F,C), membermeronym(A,D), verbgroup(B,E).
(r4) memberofdomainregion(A,B) :- hypernym(A,C), instancehypernym(C,E), similarto(D,B), haspart(B,C).
(r5) memberofdomainregion(A,B) :- haspart(C,D), similarto(D,A), haspart(B,C), synsetdomaintopicof(A,E).
(r6) memberofdomainregion(A,B) :- inv2(B,C,B,C,D,B,B,E), instancehypernym(A,D).
(r7) memberofdomainregion(A,B) :- membermeronym(F,C), instancehypernym(C,A), derivationallyrelatedform(E,B), verbgroup(D,E).
(r8) memberofdomainregion(A,B) :- instancehypernym(A,D), membermeronym(F,C), memberofdomainusage(B,E), synsetdomaintopicof(A,F).
(r9) memberofdomainregion(A,B) :- instancehypernym(A,D), alsosee(A,B), similarto(C,A).
(r10) memberofdomainregion(A,B) :- haspart(D,B), synsetdomaintopicof(F,C), haspart(B,C), memberofdomainusage(E,A).
(r11) memberofdomainregion(A,B) :- inv2(D,A,D,A,F,C,F,C), alsosee(B,F), derivationallyrelatedform(E,C).
(r12) memberofdomainregion(A,B) :- inv2(D,B,D,B,F,C,F,C), instancehypernym(A,E), memberofdomainusage(C,E).
(r13) memberofdomainregion(A,B) :- instancehypernym(B,A), alsosee(C,A), haspart(C,A).
(r14) memberofdomainregion(A,B) :- inv2(C,E,B,C,A,E,A,E), instancehypernym(A,D).
(r15) memberofdomainregion(A,B) :- memberofdomainusage(B,C), similarto(A,D), hypernym(C,B), haspart(B,C).
(r16) memberofdomainregion(A,B) :- membermeronym(F,C), membermeronym(E,B), alsosee(C,A), synsetdomaintopicof(D,B).
(r17) memberofdomainregion(A,B) :- similarto(D,A), memberofdomainusage(E,B), membermeronym(C,A).
(r18) memberofdomainregion(A,B) :- inv1(B,C,B,C,B,C,B,C), inv2(B,C,B,C,A,E,B,D).
(r19) memberofdomainregion(A,B) :- membermeronym(F,C), similarto(C,B), membermeronym(A,D), hypernym(A,E).
(r20) memberofdomainregion(A,B) :- similarto(C,B), alsosee(B,A), membermeronym(A,D).
(r21) memberofdomainregion(A,B) :- alsosee(A,E), haspart(B,C), alsosee(E,F), instancehypernym(D,C).
(r22) memberofdomainregion(A,B) :- haspart(D,B), similarto(E,C), synsetdomaintopicof(F,A), haspart(B,C).
(r23) memberofdomainregion(A,B) :- inv1(B,C,B,C,A,D,E,D), alsosee(F,B).
(r24) memberofdomainregion(A,B) :- haspart(B,A), memberofdomainusage(A,C), verbgroup(D,B).
(r25) memberofdomainregion(A,B) :- synsetdomaintopicof(A,E), synsetdomaintopicof(E,D), haspart(B,C), verbgroup(C,A).
(r26) memberofdomainregion(A,B) :- alsosee(B,A), synsetdomaintopicof(D,C), membermeronym(B,D).
(r27) memberofdomainregion(A,B) :- inv1(B,C,B,C,D,A,D,A), memberofdomainusage(E,C), hypernym(E,A).
(r28) memberofdomainregion(A,B) :- inv2(B,C,B,C,B,C,A,E), synsetdomaintopicof(C,D).
(r29) memberofdomainregion(A,B) :- hypernym(A,C), derivationallyrelatedform(C,A), verbgroup(A,B).
(r30) memberofdomainregion(A,B) :- verbgroup(D,F), alsosee(A,E), instancehypernym(E,D), haspart(B,C).
(r31) memberofdomainregion(A,B) :- inv2(E,C,E,C,F,C,F,C), hypernym(B,E), derivationallyrelatedform(D,A).
(r32) memberofdomainregion(A,B) :- instancehypernym(A,E), haspart(D,E), synsetdomaintopicof(F,B), haspart(B,C).
(r33) memberofdomainregion(A,B) :- membermeronym(E,D), membermeronym(F,C), instancehypernym(C,B), membermeronym(D,A).
(r34) memberofdomainregion(A,B) :- inv1(B,C,B,C,D,B,D,B), synsetdomaintopicof(C,A), synsetdomaintopicof(B,E).
(r35) memberofdomainregion(A,B) :- inv2(A,D,F,B,F,C,F,C), instancehypernym(D,E).
(r36) memberofdomainregion(A,B) :- instancehypernym(E,F), membermeronym(F,C), derivationallyrelatedform(B,F), memberofdomainusage(D,A).
(r37) memberofdomainregion(A,B) :- instancehypernym(E,B), alsosee(E,F), haspart(B,C), similarto(D,A).
(r38) memberofdomainregion(A,B) :- memberofdomainusage(B,C), similarto(B,A), instancehypernym(B,D).
(r39) memberofdomainregion(A,B) :- instancehypernym(B,F), membermeronym(F,C), verbgroup(A,E), memberofdomainusage(D,A).
(r40) memberofdomainregion(A,B) :- derivationallyrelatedform(A,E), membermeronym(F,C), hypernym(C,D), hypernym(D,B).
(r41) memberofdomainregion(A,B) :- inv1(B,C,B,C,D,B,D,B), similarto(C,D), similarto(C,A).
(r42) memberofdomainregion(A,B) :- inv1(C,A,C,A,B,D,B,D), hypernym(A,E).
(r43) memberofdomainregion(A,B) :- inv2(B,C,B,C,C,F,C,F), derivationallyrelatedform(A,E), alsosee(D,B).
(r44) memberofdomainregion(A,B) :- derivationallyrelatedform(E,B), memberofdomainusage(C,E), hypernym(A,D).
(r45) memberofdomainregion(A,B) :- inv1(D,B,B,C,A,B,A,B), similarto(D,E).
(r46) memberofdomainregion(A,B) :- inv1(B,C,B,C,A,E,A,E), instancehypernym(E,D), verbgroup(A,B).
(r47) memberofdomainregion(A,B) :- inv1(B,A,B,C,C,D,C,D), similarto(A,E).
(r48) memberofdomainregion(A,B) :- inv2(B,C,B,C,D,F,D,F), derivationallyrelatedform(A,E), memberofdomainusage(C,F).
(r49) memberofdomainregion(A,B) :- inv2(B,C,B,C,C,E,C,E), verbgroup(C,F), memberofdomainusage(A,D).
(r50) memberofdomainregion(A,B) :- haspart(B,C), alsosee(D,B), instancehypernym(D,C), haspart(A,E).
(r51) memberofdomainregion(A,B) :- haspart(B,D), verbgroup(C,B), haspart(B,C), haspart(A,E).
(r52) memberofdomainregion(A,B) :- instancehypernym(C,B), instancehypernym(A,D), haspart(A,C).
(r53) memberofdomainregion(A,B) :- inv2(A,D,B,C,B,E,B,E), memberofdomainusage(B,E).
(r54) memberofdomainregion(A,B) :- inv2(D,E,D,E,F,C,F,C), synsetdomaintopicof(C,B), verbgroup(A,E).
(r55) memberofdomainregion(A,B) :- membermeronym(F,C), alsosee(C,A), membermeronym(B,D), alsosee(E,A).
(r56) memberofdomainregion(A,B) :- inv1(B,C,B,C,A,C,A,C), similarto(A,D), synsetdomaintopicof(A,C).
(r57) memberofdomainregion(A,B) :- inv2(A,B,A,B,B,D,C,D).
(r58) memberofdomainregion(A,B) :- inv2(C,D,C,D,A,B,A,B), memberofdomainusage(B,C).
(r59) memberofdomainregion(A,B) :- inv1(B,C,B,C,C,A,C,A), hypernym(B,C).
(r60) memberofdomainregion(A,B) :- inv2(B,C,B,C,C,B,A,D), synsetdomaintopicof(D,A).
(r61) memberofdomainregion(A,B) :- inv1(B,C,B,C,E,A,E,A), verbgroup(D,C), hypernym(A,E).
(r62) memberofdomainregion(A,B) :- verbgroup(B,D), memberofdomainusage(A,C), instancehypernym(A,C).
(r63) memberofdomainregion(A,B) :- inv2(B,C,B,C,A,E,A,E), memberofdomainusage(A,C), memberofdomainusage(C,D).
(r64) memberofdomainregion(A,B) :- inv1(B,C,B,C,F,D,F,D), similarto(A,D), verbgroup(B,E).
(r65) memberofdomainregion(A,B) :- instancehypernym(B,E), membermeronym(F,C), similarto(D,B), instancehypernym(A,F).
(r66) memberofdomainregion(A,B) :- inv2(D,F,D,F,F,C,F,C), synsetdomaintopicof(E,B), similarto(C,A).
(r67) memberofdomainregion(A,B) :- inv2(B,C,B,C,A,D,A,D), hypernym(D,E), synsetdomaintopicof(C,D).
(r68) memberofdomainregion(A,B) :- inv1(B,C,B,C,A,D,A,D), alsosee(E,A), verbgroup(C,A).
(r69) memberofdomainregion(A,B) :- inv2(A,D,B,C,A,B,A,B), alsosee(D,C).
(r70) memberofdomainregion(A,B) :- synsetdomaintopicof(E,B), membermeronym(F,C), instancehypernym(E,D), verbgroup(F,A).
====================
