number of rules: 50
program size: 234
(r1) verbgroup(A,B) :- membermeronym(B,A), synsetdomaintopicof(E,D), instancehypernym(D,B), similarto(B,C).
(r2) verbgroup(A,B) :- alsosee(A,E), synsetdomaintopicof(A,D), similarto(B,C), synsetdomaintopicof(A,B).
(r3) verbgroup(A,B) :- derivationallyrelatedform(A,D), hypernym(B,D), synsetdomaintopicof(C,B).
(r4) verbgroup(A,B) :- haspart(D,B), alsosee(C,E), similarto(C,A).
(r5) verbgroup(A,B) :- alsosee(F,C), memberofdomainusage(A,D), memberofdomainregion(C,D), derivationallyrelatedform(B,E).
(r6) verbgroup(A,B) :- derivationallyrelatedform(B,D), haspart(A,E), similarto(B,C), derivationallyrelatedform(D,C).
(r7) verbgroup(A,B) :- memberofdomainregion(D,A), similarto(C,B), similarto(B,C), synsetdomaintopicof(A,E).
(r8) verbgroup(A,B) :- memberofdomainusage(F,E), alsosee(C,F), haspart(D,A), similarto(B,C).
(r9) verbgroup(A,B) :- memberofdomainusage(A,D), similarto(D,B), instancehypernym(A,C).
(r10) verbgroup(A,B) :- hypernym(F,D), alsosee(F,C), memberofdomainusage(C,A), derivationallyrelatedform(E,B).
(r11) verbgroup(A,B) :- memberofdomainusage(A,C), synsetdomaintopicof(D,A), membermeronym(C,B).
(r12) verbgroup(A,B) :- similarto(A,D), similarto(A,B), hypernym(A,C), similarto(B,C).
(r13) verbgroup(A,B) :- similarto(C,D), haspart(F,A), alsosee(F,C), instancehypernym(B,E).
(r14) verbgroup(A,B) :- haspart(B,E), similarto(C,A), memberofdomainregion(D,C).
(r15) verbgroup(A,B) :- similarto(D,A), membermeronym(D,C), similarto(B,C), memberofdomainregion(A,E).
(r16) verbgroup(A,B) :- similarto(B,D), alsosee(A,E), memberofdomainusage(D,C).
(r17) verbgroup(A,B) :- instancehypernym(D,E), hypernym(C,A), memberofdomainregion(B,D).
(r18) verbgroup(A,B) :- memberofdomainregion(C,A), hypernym(B,C), similarto(B,C), hypernym(A,D).
(r19) verbgroup(A,B) :- derivationallyrelatedform(B,C), synsetdomaintopicof(A,D), haspart(A,D).
(r20) verbgroup(A,B) :- derivationallyrelatedform(D,A), haspart(C,A), hypernym(C,B).
(r21) verbgroup(A,B) :- memberofdomainusage(B,D), haspart(A,C), haspart(C,E).
(r22) verbgroup(A,B) :- memberofdomainusage(B,C), synsetdomaintopicof(D,C), memberofdomainregion(B,A).
(r23) verbgroup(A,B) :- alsosee(C,A), alsosee(F,C), synsetdomaintopicof(A,D), similarto(E,B).
(r24) verbgroup(A,B) :- memberofdomainusage(A,D), memberofdomainusage(A,B), similarto(B,C), membermeronym(B,D).
(r25) verbgroup(A,B) :- membermeronym(E,B), memberofdomainusage(C,A), alsosee(D,A).
(r26) verbgroup(A,B) :- similarto(D,A), membermeronym(D,B), synsetdomaintopicof(A,D), similarto(B,C).
(r27) verbgroup(A,B) :- membermeronym(D,E), memberofdomainusage(D,F), synsetdomaintopicof(A,D), similarto(B,C).
(r28) verbgroup(A,B) :- derivationallyrelatedform(C,E), memberofdomainusage(A,F), alsosee(F,C), hypernym(B,D).
(r29) verbgroup(A,B) :- membermeronym(F,B), similarto(D,A), alsosee(F,C), membermeronym(E,D).
(r30) verbgroup(A,B) :- memberofdomainregion(D,B), instancehypernym(E,D), alsosee(F,C), hypernym(F,A).
(r31) verbgroup(A,B) :- memberofdomainusage(B,C), haspart(C,D), similarto(A,C).
(r32) verbgroup(A,B) :- memberofdomainusage(B,C), similarto(A,D), instancehypernym(D,C).
(r33) verbgroup(A,B) :- alsosee(F,C), synsetdomaintopicof(A,D), hypernym(F,E), hypernym(C,B).
(r34) verbgroup(A,B) :- instancehypernym(A,F), memberofdomainusage(F,E), alsosee(F,C), haspart(D,B).
(r35) verbgroup(A,B) :- derivationallyrelatedform(D,A), synsetdomaintopicof(B,F), instancehypernym(E,B), similarto(B,C).
(r36) verbgroup(A,B) :- alsosee(F,C), synsetdomaintopicof(E,D), memberofdomainusage(B,C), memberofdomainregion(E,A).
(r37) verbgroup(A,B) :- derivationallyrelatedform(B,D), memberofdomainregion(E,D), memberofdomainregion(C,A).
(r38) verbgroup(A,B) :- alsosee(A,D), alsosee(A,E), similarto(C,B).
(r39) verbgroup(A,B) :- synsetdomaintopicof(F,A), membermeronym(B,E), alsosee(F,C), memberofdomainusage(B,D).
(r40) verbgroup(A,B) :- synsetdomaintopicof(D,A), instancehypernym(E,B), similarto(B,C), similarto(F,E).
(r41) verbgroup(A,B) :- memberofdomainregion(D,B), derivationallyrelatedform(F,E), similarto(B,C), memberofdomainusage(A,E).
(r42) verbgroup(A,B) :- memberofdomainregion(E,D), instancehypernym(A,E), similarto(B,C), haspart(F,B).
(r43) verbgroup(A,B) :- alsosee(F,C), synsetdomaintopicof(A,D), synsetdomaintopicof(E,B), instancehypernym(B,C).
(r44) verbgroup(A,B) :- haspart(C,D), alsosee(A,E), derivationallyrelatedform(E,B), similarto(B,C).
(r45) verbgroup(A,B) :- alsosee(F,C), haspart(D,A), synsetdomaintopicof(B,E), instancehypernym(F,A).
(r46) verbgroup(A,B) :- haspart(F,D), alsosee(B,E), alsosee(F,C), hypernym(A,D).
(r47) verbgroup(A,B) :- memberofdomainusage(B,C), derivationallyrelatedform(B,D), alsosee(F,C), derivationallyrelatedform(E,A).
(r48) verbgroup(A,B) :- synsetdomaintopicof(C,A), similarto(A,E), similarto(B,C), alsosee(D,A).
(r49) verbgroup(A,B) :- alsosee(F,C), synsetdomaintopicof(A,D), memberofdomainregion(C,A), memberofdomainregion(E,B).
(r50) verbgroup(A,B) :- memberofdomainregion(A,E), membermeronym(C,D), similarto(B,C), synsetdomaintopicof(D,B).
====================
MaxSAT solving... (1630 vars, 7002 hard, 526 soft)
number of rules: 52
program size: 217
(inv1) inv1(X1,X2,X3,X4,X5,X6,X7,X8) :- synsetdomaintopicof(X1,X2), synsetdomaintopicof(X3,X4), similarto(X5,X6), similarto(X7,X8).
(inv2) inv2(X1,X2,X3,X4) :- memberofdomainusage(X1,X2), alsosee(X3,X4).
(r1) verbgroup(A,B) :- inv1(E,D,E,D,B,C,B,C), membermeronym(B,A), instancehypernym(D,B).
(r2) verbgroup(A,B) :- inv1(A,D,A,B,B,C,B,C), alsosee(A,E).
(r3) verbgroup(A,B) :- derivationallyrelatedform(A,D), hypernym(B,D), synsetdomaintopicof(C,B).
(r4) verbgroup(A,B) :- haspart(D,B), alsosee(C,E), similarto(C,A).
(r5) verbgroup(A,B) :- inv2(A,D,F,C), memberofdomainregion(C,D), derivationallyrelatedform(B,E).
(r6) verbgroup(A,B) :- derivationallyrelatedform(B,D), haspart(A,E), similarto(B,C), derivationallyrelatedform(D,C).
(r7) verbgroup(A,B) :- inv1(A,E,A,E,C,B,B,C), memberofdomainregion(D,A).
(r8) verbgroup(A,B) :- inv2(F,E,C,F), haspart(D,A), similarto(B,C).
(r9) verbgroup(A,B) :- memberofdomainusage(A,D), similarto(D,B), instancehypernym(A,C).
(r10) verbgroup(A,B) :- inv2(C,A,F,C), hypernym(F,D), derivationallyrelatedform(E,B).
(r11) verbgroup(A,B) :- memberofdomainusage(A,C), synsetdomaintopicof(D,A), membermeronym(C,B).
(r12) verbgroup(A,B) :- similarto(A,D), similarto(A,B), hypernym(A,C), similarto(B,C).
(r13) verbgroup(A,B) :- similarto(C,D), haspart(F,A), alsosee(F,C), instancehypernym(B,E).
(r14) verbgroup(A,B) :- haspart(B,E), similarto(C,A), memberofdomainregion(D,C).
(r15) verbgroup(A,B) :- similarto(D,A), membermeronym(D,C), similarto(B,C), memberofdomainregion(A,E).
(r16) verbgroup(A,B) :- inv2(D,C,A,E), similarto(B,D).
(r17) verbgroup(A,B) :- instancehypernym(D,E), hypernym(C,A), memberofdomainregion(B,D).
(r18) verbgroup(A,B) :- memberofdomainregion(C,A), hypernym(B,C), similarto(B,C), hypernym(A,D).
(r19) verbgroup(A,B) :- derivationallyrelatedform(B,C), synsetdomaintopicof(A,D), haspart(A,D).
(r20) verbgroup(A,B) :- derivationallyrelatedform(D,A), haspart(C,A), hypernym(C,B).
(r21) verbgroup(A,B) :- memberofdomainusage(B,D), haspart(A,C), haspart(C,E).
(r22) verbgroup(A,B) :- memberofdomainusage(B,C), synsetdomaintopicof(D,C), memberofdomainregion(B,A).
(r23) verbgroup(A,B) :- inv1(A,D,A,D,E,B,E,B), alsosee(C,A), alsosee(F,C).
(r24) verbgroup(A,B) :- memberofdomainusage(A,D), memberofdomainusage(A,B), similarto(B,C), membermeronym(B,D).
(r25) verbgroup(A,B) :- inv2(C,A,D,A), membermeronym(E,B).
(r26) verbgroup(A,B) :- inv1(A,D,A,D,D,A,B,C), membermeronym(D,B).
(r27) verbgroup(A,B) :- inv1(A,D,A,D,B,C,B,C), membermeronym(D,E), memberofdomainusage(D,F).
(r28) verbgroup(A,B) :- inv2(A,F,F,C), derivationallyrelatedform(C,E), hypernym(B,D).
(r29) verbgroup(A,B) :- membermeronym(F,B), similarto(D,A), alsosee(F,C), membermeronym(E,D).
(r30) verbgroup(A,B) :- memberofdomainregion(D,B), instancehypernym(E,D), alsosee(F,C), hypernym(F,A).
(r31) verbgroup(A,B) :- memberofdomainusage(B,C), haspart(C,D), similarto(A,C).
(r32) verbgroup(A,B) :- memberofdomainusage(B,C), similarto(A,D), instancehypernym(D,C).
(r33) verbgroup(A,B) :- alsosee(F,C), synsetdomaintopicof(A,D), hypernym(F,E), hypernym(C,B).
(r34) verbgroup(A,B) :- inv2(F,E,F,C), instancehypernym(A,F), haspart(D,B).
(r35) verbgroup(A,B) :- inv1(B,F,B,F,B,C,B,C), derivationallyrelatedform(D,A), instancehypernym(E,B).
(r36) verbgroup(A,B) :- inv2(B,C,F,C), synsetdomaintopicof(E,D), memberofdomainregion(E,A).
(r37) verbgroup(A,B) :- derivationallyrelatedform(B,D), memberofdomainregion(E,D), memberofdomainregion(C,A).
(r38) verbgroup(A,B) :- alsosee(A,D), alsosee(A,E), similarto(C,B).
(r39) verbgroup(A,B) :- inv2(B,D,F,C), synsetdomaintopicof(F,A), membermeronym(B,E).
(r40) verbgroup(A,B) :- inv1(D,A,D,A,B,C,F,E), instancehypernym(E,B).
(r41) verbgroup(A,B) :- memberofdomainregion(D,B), derivationallyrelatedform(F,E), similarto(B,C), memberofdomainusage(A,E).
(r42) verbgroup(A,B) :- memberofdomainregion(E,D), instancehypernym(A,E), similarto(B,C), haspart(F,B).
(r43) verbgroup(A,B) :- alsosee(F,C), synsetdomaintopicof(A,D), synsetdomaintopicof(E,B), instancehypernym(B,C).
(r44) verbgroup(A,B) :- haspart(C,D), alsosee(A,E), derivationallyrelatedform(E,B), similarto(B,C).
(r45) verbgroup(A,B) :- alsosee(F,C), haspart(D,A), synsetdomaintopicof(B,E), instancehypernym(F,A).
(r46) verbgroup(A,B) :- haspart(F,D), alsosee(B,E), alsosee(F,C), hypernym(A,D).
(r47) verbgroup(A,B) :- inv2(B,C,F,C), derivationallyrelatedform(B,D), derivationallyrelatedform(E,A).
(r48) verbgroup(A,B) :- inv1(C,A,C,A,A,E,B,C), alsosee(D,A).
(r49) verbgroup(A,B) :- alsosee(F,C), synsetdomaintopicof(A,D), memberofdomainregion(C,A), memberofdomainregion(E,B).
(r50) verbgroup(A,B) :- inv1(D,B,D,B,B,C,B,C), memberofdomainregion(A,E), membermeronym(C,D).
====================
