number of rules: 80
program size: 384
(r1) memberofdomainregion(A,B) :- derivationallyrelatedform(E,A), hypernym(A,D), instancehypernym(A,F), haspart(B,C).
(r2) memberofdomainregion(A,B) :- haspart(B,C), derivationallyrelatedform(A,D), alsosee(B,D), verbgroup(B,A).
(r3) memberofdomainregion(A,B) :- alsosee(A,E), membermeronym(D,B), memberofdomainusage(E,B), haspart(B,C).
(r4) memberofdomainregion(A,B) :- derivationallyrelatedform(A,E), similarto(E,F), haspart(B,C), membermeronym(C,D).
(r5) memberofdomainregion(A,B) :- synsetdomaintopicof(C,B), membermeronym(F,C), memberofdomainusage(D,A), derivationallyrelatedform(E,C).
(r6) memberofdomainregion(A,B) :- hypernym(F,B), membermeronym(F,C), haspart(E,A), hypernym(A,D).
(r7) memberofdomainregion(A,B) :- verbgroup(C,D), instancehypernym(E,B), similarto(B,A), haspart(B,C).
(r8) memberofdomainregion(A,B) :- instancehypernym(E,B), similarto(E,C), derivationallyrelatedform(D,A).
(r9) memberofdomainregion(A,B) :- memberofdomainusage(B,F), membermeronym(F,C), instancehypernym(E,D), membermeronym(D,A).
(r10) memberofdomainregion(A,B) :- haspart(E,B), similarto(A,D), verbgroup(B,E), haspart(B,C).
(r11) memberofdomainregion(A,B) :- alsosee(C,B), haspart(D,A), similarto(E,B).
(r12) memberofdomainregion(A,B) :- hypernym(B,E), hypernym(A,D), haspart(B,C), membermeronym(E,A).
(r13) memberofdomainregion(A,B) :- haspart(B,E), hypernym(C,D), haspart(B,C), memberofdomainusage(A,F).
(r14) memberofdomainregion(A,B) :- memberofdomainusage(B,C), hypernym(A,B), derivationallyrelatedform(B,D).
(r15) memberofdomainregion(A,B) :- alsosee(C,E), derivationallyrelatedform(B,D), haspart(A,C).
(r16) memberofdomainregion(A,B) :- hypernym(F,B), membermeronym(F,C), synsetdomaintopicof(E,A), alsosee(A,D).
(r17) memberofdomainregion(A,B) :- haspart(E,D), membermeronym(F,C), membermeronym(D,B), instancehypernym(A,C).
(r18) memberofdomainregion(A,B) :- haspart(A,E), verbgroup(D,B), verbgroup(C,A).
(r19) memberofdomainregion(A,B) :- verbgroup(C,B), membermeronym(F,C), instancehypernym(D,A), synsetdomaintopicof(B,E).
(r20) memberofdomainregion(A,B) :- memberofdomainusage(B,F), membermeronym(F,C), instancehypernym(D,A), alsosee(F,E).
(r21) memberofdomainregion(A,B) :- hypernym(D,E), similarto(A,D), membermeronym(E,B), haspart(B,C).
(r22) memberofdomainregion(A,B) :- derivationallyrelatedform(D,F), synsetdomaintopicof(A,E), memberofdomainusage(F,B), haspart(B,C).
(r23) memberofdomainregion(A,B) :- instancehypernym(A,E), memberofdomainusage(A,D), haspart(B,C), similarto(D,E).
(r24) memberofdomainregion(A,B) :- derivationallyrelatedform(D,B), alsosee(A,E), synsetdomaintopicof(A,C), haspart(B,C).
(r25) memberofdomainregion(A,B) :- synsetdomaintopicof(C,B), haspart(A,D), similarto(E,B), haspart(B,C).
(r26) memberofdomainregion(A,B) :- synsetdomaintopicof(A,D), memberofdomainusage(E,C), membermeronym(F,C), hypernym(B,F).
(r27) memberofdomainregion(A,B) :- instancehypernym(F,C), hypernym(E,D), derivationallyrelatedform(D,A), haspart(B,C).
(r28) memberofdomainregion(A,B) :- hypernym(E,B), derivationallyrelatedform(A,D), synsetdomaintopicof(E,C), haspart(B,C).
(r29) memberofdomainregion(A,B) :- hypernym(B,E), membermeronym(F,C), similarto(A,D), similarto(E,F).
(r30) memberofdomainregion(A,B) :- instancehypernym(B,E), derivationallyrelatedform(A,D), haspart(B,C), memberofdomainusage(D,A).
(r31) memberofdomainregion(A,B) :- verbgroup(A,C), synsetdomaintopicof(A,B), memberofdomainusage(C,D).
(r32) memberofdomainregion(A,B) :- haspart(D,A), haspart(B,C), memberofdomainusage(A,C), instancehypernym(A,C).
(r33) memberofdomainregion(A,B) :- derivationallyrelatedform(A,B), derivationallyrelatedform(D,C), hypernym(D,B).
(r34) memberofdomainregion(A,B) :- synsetdomaintopicof(A,D), membermeronym(F,C), alsosee(F,E), derivationallyrelatedform(E,B).
(r35) memberofdomainregion(A,B) :- haspart(E,D), derivationallyrelatedform(D,B), haspart(B,A), haspart(B,C).
(r36) memberofdomainregion(A,B) :- instancehypernym(C,B), instancehypernym(A,C), synsetdomaintopicof(A,B).
(r37) memberofdomainregion(A,B) :- membermeronym(A,C), instancehypernym(D,B), similarto(C,A).
(r38) memberofdomainregion(A,B) :- synsetdomaintopicof(E,D), haspart(A,D), memberofdomainusage(F,E), haspart(B,C).
(r39) memberofdomainregion(A,B) :- memberofdomainusage(B,C), membermeronym(F,C), synsetdomaintopicof(F,D), derivationallyrelatedform(E,A).
(r40) memberofdomainregion(A,B) :- memberofdomainusage(F,A), memberofdomainusage(E,F), derivationallyrelatedform(D,A), haspart(B,C).
(r41) memberofdomainregion(A,B) :- hypernym(D,C), derivationallyrelatedform(D,A), memberofdomainusage(C,A), haspart(B,C).
(r42) memberofdomainregion(A,B) :- instancehypernym(C,B), alsosee(B,A), memberofdomainusage(B,A).
(r43) memberofdomainregion(A,B) :- alsosee(F,A), verbgroup(E,A), membermeronym(F,C), similarto(B,D).
(r44) memberofdomainregion(A,B) :- derivationallyrelatedform(D,B), membermeronym(F,C), hypernym(E,F), memberofdomainusage(A,F).
(r45) memberofdomainregion(A,B) :- similarto(B,E), membermeronym(F,C), synsetdomaintopicof(F,A), haspart(D,C).
(r46) memberofdomainregion(A,B) :- haspart(C,B), memberofdomainusage(D,E), haspart(B,C), verbgroup(A,D).
(r47) memberofdomainregion(A,B) :- instancehypernym(E,F), membermeronym(F,C), synsetdomaintopicof(B,F), memberofdomainusage(D,A).
(r48) memberofdomainregion(A,B) :- membermeronym(F,C), derivationallyrelatedform(F,B), derivationallyrelatedform(E,A), instancehypernym(D,C).
(r49) memberofdomainregion(A,B) :- derivationallyrelatedform(A,E), similarto(E,C), derivationallyrelatedform(C,D), haspart(B,C).
(r50) memberofdomainregion(A,B) :- verbgroup(E,A), membermeronym(F,C), memberofdomainusage(E,F), derivationallyrelatedform(D,B).
(r51) memberofdomainregion(A,B) :- hypernym(B,D), alsosee(E,C), membermeronym(F,C), derivationallyrelatedform(F,A).
(r52) memberofdomainregion(A,B) :- derivationallyrelatedform(A,E), haspart(B,C), memberofdomainusage(B,D), instancehypernym(B,C).
(r53) memberofdomainregion(A,B) :- memberofdomainusage(F,A), instancehypernym(E,B), haspart(B,C), membermeronym(B,D).
(r54) memberofdomainregion(A,B) :- haspart(C,A), similarto(A,D), synsetdomaintopicof(A,B).
(r55) memberofdomainregion(A,B) :- hypernym(D,B), derivationallyrelatedform(F,D), haspart(B,C), membermeronym(E,A).
(r56) memberofdomainregion(A,B) :- derivationallyrelatedform(E,B), similarto(C,E), memberofdomainusage(D,A).
(r57) memberofdomainregion(A,B) :- instancehypernym(D,F), derivationallyrelatedform(B,E), membermeronym(F,C), haspart(A,C).
(r58) memberofdomainregion(A,B) :- hypernym(B,D), membermeronym(F,C), synsetdomaintopicof(B,C), hypernym(A,E).
(r59) memberofdomainregion(A,B) :- hypernym(D,A), membermeronym(A,E), synsetdomaintopicof(C,D), haspart(B,C).
(r60) memberofdomainregion(A,B) :- synsetdomaintopicof(A,D), alsosee(E,C), hypernym(C,B), haspart(B,C).
(r61) memberofdomainregion(A,B) :- alsosee(A,C), synsetdomaintopicof(D,A), alsosee(E,B).
(r62) memberofdomainregion(A,B) :- alsosee(D,C), memberofdomainusage(A,E), memberofdomainusage(A,D), haspart(B,C).
(r63) memberofdomainregion(A,B) :- alsosee(A,B), membermeronym(A,D), haspart(B,C), membermeronym(C,D).
(r64) memberofdomainregion(A,B) :- memberofdomainusage(B,E), derivationallyrelatedform(D,A), membermeronym(D,E), haspart(B,C).
(r65) memberofdomainregion(A,B) :- alsosee(D,C), derivationallyrelatedform(D,B), haspart(B,C), memberofdomainusage(E,A).
(r66) memberofdomainregion(A,B) :- similarto(A,E), membermeronym(F,C), memberofdomainusage(B,D), membermeronym(C,D).
(r67) memberofdomainregion(A,B) :- verbgroup(E,A), similarto(F,A), memberofdomainusage(A,D), haspart(B,C).
(r68) memberofdomainregion(A,B) :- verbgroup(D,A), membermeronym(F,C), haspart(B,E), alsosee(B,F).
(r69) memberofdomainregion(A,B) :- membermeronym(F,C), memberofdomainusage(C,E), verbgroup(D,B), similarto(C,A).
(r70) memberofdomainregion(A,B) :- synsetdomaintopicof(A,D), verbgroup(F,D), membermeronym(F,C), memberofdomainusage(B,E).
(r71) memberofdomainregion(A,B) :- similarto(A,D), synsetdomaintopicof(D,B), haspart(B,C), synsetdomaintopicof(B,E).
(r72) memberofdomainregion(A,B) :- synsetdomaintopicof(B,A), memberofdomainusage(A,D), derivationallyrelatedform(C,D).
(r73) memberofdomainregion(A,B) :- derivationallyrelatedform(D,A), memberofdomainusage(A,C), membermeronym(E,B).
(r74) memberofdomainregion(A,B) :- derivationallyrelatedform(C,B), similarto(A,D), hypernym(C,D).
(r75) memberofdomainregion(A,B) :- membermeronym(D,C), hypernym(A,E), haspart(B,C), alsosee(A,F).
(r76) memberofdomainregion(A,B) :- instancehypernym(E,B), alsosee(A,D), haspart(B,C), alsosee(C,D).
(r77) memberofdomainregion(A,B) :- instancehypernym(A,E), membermeronym(F,C), haspart(D,B), synsetdomaintopicof(B,C).
(r78) memberofdomainregion(A,B) :- verbgroup(D,A), memberofdomainusage(A,E), haspart(B,C), instancehypernym(F,A).
(r79) memberofdomainregion(A,B) :- synsetdomaintopicof(A,E), synsetdomaintopicof(F,D), memberofdomainusage(D,E), haspart(B,C).
(r80) memberofdomainregion(A,B) :- synsetdomaintopicof(A,D), memberofdomainusage(E,C), membermeronym(F,C), haspart(E,B).
====================
MaxSAT solving... (2652 vars, 11414 hard, 828 soft)
number of rules: 82
program size: 353
(inv1) inv1(X1,X2,X3,X4,X5,X6,X7,X8) :- memberofdomainusage(X1,X2), memberofdomainusage(X3,X4), haspart(X5,X6), haspart(X7,X8).
(inv2) inv2(X1,X2,X3,X4,X5,X6) :- haspart(X1,X2), membermeronym(X3,X4), membermeronym(X5,X6).
(r1) memberofdomainregion(A,B) :- derivationallyrelatedform(E,A), hypernym(A,D), instancehypernym(A,F), haspart(B,C).
(r2) memberofdomainregion(A,B) :- haspart(B,C), derivationallyrelatedform(A,D), alsosee(B,D), verbgroup(B,A).
(r3) memberofdomainregion(A,B) :- inv2(B,C,D,B,D,B), alsosee(A,E), memberofdomainusage(E,B).
(r4) memberofdomainregion(A,B) :- inv2(B,C,C,D,C,D), derivationallyrelatedform(A,E), similarto(E,F).
(r5) memberofdomainregion(A,B) :- synsetdomaintopicof(C,B), membermeronym(F,C), memberofdomainusage(D,A), derivationallyrelatedform(E,C).
(r6) memberofdomainregion(A,B) :- inv2(E,A,F,C,F,C), hypernym(F,B), hypernym(A,D).
(r7) memberofdomainregion(A,B) :- verbgroup(C,D), instancehypernym(E,B), similarto(B,A), haspart(B,C).
(r8) memberofdomainregion(A,B) :- instancehypernym(E,B), similarto(E,C), derivationallyrelatedform(D,A).
(r9) memberofdomainregion(A,B) :- memberofdomainusage(B,F), membermeronym(F,C), instancehypernym(E,D), membermeronym(D,A).
(r10) memberofdomainregion(A,B) :- haspart(E,B), similarto(A,D), verbgroup(B,E), haspart(B,C).
(r11) memberofdomainregion(A,B) :- alsosee(C,B), haspart(D,A), similarto(E,B).
(r12) memberofdomainregion(A,B) :- inv2(B,C,E,A,E,A), hypernym(B,E), hypernym(A,D).
(r13) memberofdomainregion(A,B) :- inv1(A,F,A,F,B,E,B,C), hypernym(C,D).
(r14) memberofdomainregion(A,B) :- memberofdomainusage(B,C), hypernym(A,B), derivationallyrelatedform(B,D).
(r15) memberofdomainregion(A,B) :- alsosee(C,E), derivationallyrelatedform(B,D), haspart(A,C).
(r16) memberofdomainregion(A,B) :- hypernym(F,B), membermeronym(F,C), synsetdomaintopicof(E,A), alsosee(A,D).
(r17) memberofdomainregion(A,B) :- inv2(E,D,F,C,D,B), instancehypernym(A,C).
(r18) memberofdomainregion(A,B) :- haspart(A,E), verbgroup(D,B), verbgroup(C,A).
(r19) memberofdomainregion(A,B) :- verbgroup(C,B), membermeronym(F,C), instancehypernym(D,A), synsetdomaintopicof(B,E).
(r20) memberofdomainregion(A,B) :- memberofdomainusage(B,F), membermeronym(F,C), instancehypernym(D,A), alsosee(F,E).
(r21) memberofdomainregion(A,B) :- inv2(B,C,E,B,E,B), hypernym(D,E), similarto(A,D).
(r22) memberofdomainregion(A,B) :- inv1(F,B,F,B,B,C,B,C), derivationallyrelatedform(D,F), synsetdomaintopicof(A,E).
(r23) memberofdomainregion(A,B) :- inv1(A,D,A,D,B,C,B,C), instancehypernym(A,E), similarto(D,E).
(r24) memberofdomainregion(A,B) :- derivationallyrelatedform(D,B), alsosee(A,E), synsetdomaintopicof(A,C), haspart(B,C).
(r25) memberofdomainregion(A,B) :- synsetdomaintopicof(C,B), haspart(A,D), similarto(E,B), haspart(B,C).
(r26) memberofdomainregion(A,B) :- synsetdomaintopicof(A,D), memberofdomainusage(E,C), membermeronym(F,C), hypernym(B,F).
(r27) memberofdomainregion(A,B) :- instancehypernym(F,C), hypernym(E,D), derivationallyrelatedform(D,A), haspart(B,C).
(r28) memberofdomainregion(A,B) :- hypernym(E,B), derivationallyrelatedform(A,D), synsetdomaintopicof(E,C), haspart(B,C).
(r29) memberofdomainregion(A,B) :- hypernym(B,E), membermeronym(F,C), similarto(A,D), similarto(E,F).
(r30) memberofdomainregion(A,B) :- inv1(D,A,D,A,B,C,B,C), instancehypernym(B,E), derivationallyrelatedform(A,D).
(r31) memberofdomainregion(A,B) :- verbgroup(A,C), synsetdomaintopicof(A,B), memberofdomainusage(C,D).
(r32) memberofdomainregion(A,B) :- inv1(A,C,A,C,D,A,B,C), instancehypernym(A,C).
(r33) memberofdomainregion(A,B) :- derivationallyrelatedform(A,B), derivationallyrelatedform(D,C), hypernym(D,B).
(r34) memberofdomainregion(A,B) :- synsetdomaintopicof(A,D), membermeronym(F,C), alsosee(F,E), derivationallyrelatedform(E,B).
(r35) memberofdomainregion(A,B) :- haspart(E,D), derivationallyrelatedform(D,B), haspart(B,A), haspart(B,C).
(r36) memberofdomainregion(A,B) :- instancehypernym(C,B), instancehypernym(A,C), synsetdomaintopicof(A,B).
(r37) memberofdomainregion(A,B) :- membermeronym(A,C), instancehypernym(D,B), similarto(C,A).
(r38) memberofdomainregion(A,B) :- inv1(F,E,F,E,A,D,B,C), synsetdomaintopicof(E,D).
(r39) memberofdomainregion(A,B) :- memberofdomainusage(B,C), membermeronym(F,C), synsetdomaintopicof(F,D), derivationallyrelatedform(E,A).
(r40) memberofdomainregion(A,B) :- inv1(F,A,E,F,B,C,B,C), derivationallyrelatedform(D,A).
(r41) memberofdomainregion(A,B) :- inv1(C,A,C,A,B,C,B,C), hypernym(D,C), derivationallyrelatedform(D,A).
(r42) memberofdomainregion(A,B) :- instancehypernym(C,B), alsosee(B,A), memberofdomainusage(B,A).
(r43) memberofdomainregion(A,B) :- alsosee(F,A), verbgroup(E,A), membermeronym(F,C), similarto(B,D).
(r44) memberofdomainregion(A,B) :- derivationallyrelatedform(D,B), membermeronym(F,C), hypernym(E,F), memberofdomainusage(A,F).
(r45) memberofdomainregion(A,B) :- inv2(D,C,F,C,F,C), similarto(B,E), synsetdomaintopicof(F,A).
(r46) memberofdomainregion(A,B) :- inv1(D,E,D,E,C,B,B,C), verbgroup(A,D).
(r47) memberofdomainregion(A,B) :- instancehypernym(E,F), membermeronym(F,C), synsetdomaintopicof(B,F), memberofdomainusage(D,A).
(r48) memberofdomainregion(A,B) :- membermeronym(F,C), derivationallyrelatedform(F,B), derivationallyrelatedform(E,A), instancehypernym(D,C).
(r49) memberofdomainregion(A,B) :- derivationallyrelatedform(A,E), similarto(E,C), derivationallyrelatedform(C,D), haspart(B,C).
(r50) memberofdomainregion(A,B) :- verbgroup(E,A), membermeronym(F,C), memberofdomainusage(E,F), derivationallyrelatedform(D,B).
(r51) memberofdomainregion(A,B) :- hypernym(B,D), alsosee(E,C), membermeronym(F,C), derivationallyrelatedform(F,A).
(r52) memberofdomainregion(A,B) :- inv1(B,D,B,D,B,C,B,C), derivationallyrelatedform(A,E), instancehypernym(B,C).
(r53) memberofdomainregion(A,B) :- inv2(B,C,B,D,B,D), memberofdomainusage(F,A), instancehypernym(E,B).
(r54) memberofdomainregion(A,B) :- haspart(C,A), similarto(A,D), synsetdomaintopicof(A,B).
(r55) memberofdomainregion(A,B) :- inv2(B,C,E,A,E,A), hypernym(D,B), derivationallyrelatedform(F,D).
(r56) memberofdomainregion(A,B) :- derivationallyrelatedform(E,B), similarto(C,E), memberofdomainusage(D,A).
(r57) memberofdomainregion(A,B) :- inv2(A,C,F,C,F,C), instancehypernym(D,F), derivationallyrelatedform(B,E).
(r58) memberofdomainregion(A,B) :- hypernym(B,D), membermeronym(F,C), synsetdomaintopicof(B,C), hypernym(A,E).
(r59) memberofdomainregion(A,B) :- inv2(B,C,A,E,A,E), hypernym(D,A), synsetdomaintopicof(C,D).
(r60) memberofdomainregion(A,B) :- synsetdomaintopicof(A,D), alsosee(E,C), hypernym(C,B), haspart(B,C).
(r61) memberofdomainregion(A,B) :- alsosee(A,C), synsetdomaintopicof(D,A), alsosee(E,B).
(r62) memberofdomainregion(A,B) :- inv1(A,E,A,D,B,C,B,C), alsosee(D,C).
(r63) memberofdomainregion(A,B) :- inv2(B,C,A,D,C,D), alsosee(A,B).
(r64) memberofdomainregion(A,B) :- inv1(B,E,B,E,B,C,B,C), derivationallyrelatedform(D,A), membermeronym(D,E).
(r65) memberofdomainregion(A,B) :- inv1(E,A,E,A,B,C,B,C), alsosee(D,C), derivationallyrelatedform(D,B).
(r66) memberofdomainregion(A,B) :- similarto(A,E), membermeronym(F,C), memberofdomainusage(B,D), membermeronym(C,D).
(r67) memberofdomainregion(A,B) :- inv1(A,D,A,D,B,C,B,C), verbgroup(E,A), similarto(F,A).
(r68) memberofdomainregion(A,B) :- inv2(B,E,F,C,F,C), verbgroup(D,A), alsosee(B,F).
(r69) memberofdomainregion(A,B) :- membermeronym(F,C), memberofdomainusage(C,E), verbgroup(D,B), similarto(C,A).
(r70) memberofdomainregion(A,B) :- synsetdomaintopicof(A,D), verbgroup(F,D), membermeronym(F,C), memberofdomainusage(B,E).
(r71) memberofdomainregion(A,B) :- similarto(A,D), synsetdomaintopicof(D,B), haspart(B,C), synsetdomaintopicof(B,E).
(r72) memberofdomainregion(A,B) :- synsetdomaintopicof(B,A), memberofdomainusage(A,D), derivationallyrelatedform(C,D).
(r73) memberofdomainregion(A,B) :- derivationallyrelatedform(D,A), memberofdomainusage(A,C), membermeronym(E,B).
(r74) memberofdomainregion(A,B) :- derivationallyrelatedform(C,B), similarto(A,D), hypernym(C,D).
(r75) memberofdomainregion(A,B) :- inv2(B,C,D,C,D,C), hypernym(A,E), alsosee(A,F).
(r76) memberofdomainregion(A,B) :- instancehypernym(E,B), alsosee(A,D), haspart(B,C), alsosee(C,D).
(r77) memberofdomainregion(A,B) :- inv2(D,B,F,C,F,C), instancehypernym(A,E), synsetdomaintopicof(B,C).
(r78) memberofdomainregion(A,B) :- inv1(A,E,A,E,B,C,B,C), verbgroup(D,A), instancehypernym(F,A).
(r79) memberofdomainregion(A,B) :- inv1(D,E,D,E,B,C,B,C), synsetdomaintopicof(A,E), synsetdomaintopicof(F,D).
(r80) memberofdomainregion(A,B) :- inv2(E,B,F,C,F,C), synsetdomaintopicof(A,D), memberofdomainusage(E,C).
====================
