number of rules: 140
program size: 656
(r1) verbgroup(A,B) :- instancehypernym(A,D), alsosee(F,C), similarto(A,E), haspart(F,B).
(r2) verbgroup(A,B) :- similarto(A,D), instancehypernym(B,A), hypernym(A,C).
(r3) verbgroup(A,B) :- derivationallyrelatedform(E,A), similarto(B,C), synsetdomaintopicof(D,B), memberofdomainregion(F,E).
(r4) verbgroup(A,B) :- derivationallyrelatedform(D,A), haspart(D,A), similarto(B,C), memberofdomainusage(E,A).
(r5) verbgroup(A,B) :- synsetdomaintopicof(E,C), haspart(A,D), similarto(B,C), synsetdomaintopicof(D,B).
(r6) verbgroup(A,B) :- derivationallyrelatedform(D,E), memberofdomainusage(A,D), similarto(B,C), alsosee(D,A).
(r7) verbgroup(A,B) :- similarto(B,C), hypernym(E,A), synsetdomaintopicof(C,E), haspart(A,D).
(r8) verbgroup(A,B) :- memberofdomainusage(A,D), memberofdomainusage(A,C), alsosee(F,C), similarto(B,E).
(r9) verbgroup(A,B) :- derivationallyrelatedform(D,A), instancehypernym(C,B), memberofdomainregion(C,B).
(r10) verbgroup(A,B) :- haspart(A,E), membermeronym(C,F), similarto(D,F), similarto(B,C).
(r11) verbgroup(A,B) :- membermeronym(A,B), similarto(B,C), hypernym(A,D), synsetdomaintopicof(C,B).
(r12) verbgroup(A,B) :- alsosee(F,C), hypernym(E,B), synsetdomaintopicof(E,D), derivationallyrelatedform(C,A).
(r13) verbgroup(A,B) :- derivationallyrelatedform(D,A), derivationallyrelatedform(C,A), memberofdomainusage(C,B).
(r14) verbgroup(A,B) :- alsosee(F,C), synsetdomaintopicof(A,D), alsosee(B,C), haspart(C,E).
(r15) verbgroup(A,B) :- instancehypernym(B,D), alsosee(F,C), instancehypernym(E,D), memberofdomainregion(A,F).
(r16) verbgroup(A,B) :- alsosee(F,C), membermeronym(E,C), hypernym(B,D), haspart(A,C).
(r17) verbgroup(A,B) :- alsosee(F,B), derivationallyrelatedform(A,D), similarto(B,C), similarto(E,B).
(r18) verbgroup(A,B) :- memberofdomainusage(F,D), alsosee(A,E), synsetdomaintopicof(E,D), similarto(B,C).
(r19) verbgroup(A,B) :- hypernym(A,E), similarto(D,E), similarto(B,C), instancehypernym(C,F).
(r20) verbgroup(A,B) :- membermeronym(D,E), memberofdomainusage(A,D), membermeronym(B,C).
(r21) verbgroup(A,B) :- haspart(A,E), haspart(D,A), similarto(B,C), memberofdomainregion(F,E).
(r22) verbgroup(A,B) :- hypernym(E,F), membermeronym(A,D), instancehypernym(A,E), similarto(B,C).
(r23) verbgroup(A,B) :- memberofdomainregion(F,D), instancehypernym(F,B), alsosee(F,C), similarto(E,A).
(r24) verbgroup(A,B) :- alsosee(D,B), synsetdomaintopicof(B,D), hypernym(C,A).
(r25) verbgroup(A,B) :- derivationallyrelatedform(B,D), alsosee(F,C), similarto(F,D), instancehypernym(A,E).
(r26) verbgroup(A,B) :- synsetdomaintopicof(D,E), instancehypernym(A,E), similarto(B,C), alsosee(E,D).
(r27) verbgroup(A,B) :- membermeronym(C,B), similarto(E,D), alsosee(D,A).
(r28) verbgroup(A,B) :- membermeronym(A,E), instancehypernym(C,B), membermeronym(B,D).
(r29) verbgroup(A,B) :- alsosee(A,B), memberofdomainregion(A,C), haspart(B,D).
(r30) verbgroup(A,B) :- instancehypernym(A,D), alsosee(F,C), derivationallyrelatedform(B,C), memberofdomainregion(F,E).
(r31) verbgroup(A,B) :- membermeronym(A,D), similarto(C,B), similarto(A,E), similarto(B,C).
(r32) verbgroup(A,B) :- membermeronym(D,B), membermeronym(A,E), instancehypernym(C,B), similarto(B,C).
(r33) verbgroup(A,B) :- hypernym(D,B), memberofdomainusage(C,A), membermeronym(D,C), similarto(B,C).
(r34) verbgroup(A,B) :- haspart(A,E), memberofdomainregion(B,D), alsosee(D,C), similarto(B,C).
(r35) verbgroup(A,B) :- synsetdomaintopicof(D,A), instancehypernym(D,B), synsetdomaintopicof(B,A), similarto(B,C).
(r36) verbgroup(A,B) :- alsosee(D,E), memberofdomainusage(D,F), synsetdomaintopicof(A,D), similarto(B,C).
(r37) verbgroup(A,B) :- instancehypernym(B,D), alsosee(A,E), similarto(B,C), derivationallyrelatedform(F,A).
(r38) verbgroup(A,B) :- memberofdomainusage(D,E), hypernym(A,C), derivationallyrelatedform(A,E), similarto(B,C).
(r39) verbgroup(A,B) :- alsosee(A,E), similarto(B,C), synsetdomaintopicof(D,B), haspart(F,C).
(r40) verbgroup(A,B) :- derivationallyrelatedform(B,C), synsetdomaintopicof(D,A), memberofdomainusage(E,A).
(r41) verbgroup(A,B) :- membermeronym(B,C), synsetdomaintopicof(A,D), membermeronym(B,D).
(r42) verbgroup(A,B) :- membermeronym(B,A), membermeronym(C,B), haspart(A,C).
(r43) verbgroup(A,B) :- membermeronym(B,D), membermeronym(C,B), similarto(A,C).
(r44) verbgroup(A,B) :- derivationallyrelatedform(E,A), memberofdomainregion(F,A), alsosee(F,C), memberofdomainregion(D,B).
(r45) verbgroup(A,B) :- hypernym(A,E), hypernym(E,C), similarto(B,C), alsosee(D,A).
(r46) verbgroup(A,B) :- instancehypernym(E,D), haspart(E,A), memberofdomainregion(C,B).
(r47) verbgroup(A,B) :- alsosee(F,C), memberofdomainregion(E,B), membermeronym(F,D), instancehypernym(F,A).
(r48) verbgroup(A,B) :- similarto(A,D), membermeronym(F,D), membermeronym(E,A), similarto(B,C).
(r49) verbgroup(A,B) :- membermeronym(A,D), memberofdomainregion(C,B), membermeronym(D,B), similarto(B,C).
(r50) verbgroup(A,B) :- synsetdomaintopicof(E,C), memberofdomainregion(D,C), haspart(D,A), similarto(B,C).
(r51) verbgroup(A,B) :- memberofdomainusage(C,E), similarto(B,C), synsetdomaintopicof(D,B), memberofdomainusage(D,A).
(r52) verbgroup(A,B) :- membermeronym(B,D), haspart(E,C), similarto(B,C), similarto(A,C).
(r53) verbgroup(A,B) :- memberofdomainregion(A,E), hypernym(B,D), similarto(A,C).
(r54) verbgroup(A,B) :- similarto(B,C), synsetdomaintopicof(B,A), haspart(A,D), membermeronym(D,E).
(r55) verbgroup(A,B) :- memberofdomainregion(D,B), similarto(A,E), derivationallyrelatedform(D,C).
(r56) verbgroup(A,B) :- derivationallyrelatedform(D,A), hypernym(B,C), derivationallyrelatedform(E,C).
(r57) verbgroup(A,B) :- similarto(B,C), synsetdomaintopicof(F,D), alsosee(D,C), instancehypernym(A,E).
(r58) verbgroup(A,B) :- alsosee(F,C), synsetdomaintopicof(E,D), instancehypernym(E,A), hypernym(C,B).
(r59) verbgroup(A,B) :- derivationallyrelatedform(C,D), alsosee(F,C), membermeronym(B,F), memberofdomainusage(E,A).
(r60) verbgroup(A,B) :- membermeronym(A,D), similarto(C,A), memberofdomainregion(B,D).
(r61) verbgroup(A,B) :- membermeronym(E,C), instancehypernym(B,E), memberofdomainusage(D,A).
(r62) verbgroup(A,B) :- instancehypernym(B,A), membermeronym(B,C), memberofdomainregion(B,A).
(r63) verbgroup(A,B) :- hypernym(D,E), derivationallyrelatedform(A,E), hypernym(C,B).
(r64) verbgroup(A,B) :- hypernym(D,A), alsosee(D,B), similarto(A,D), similarto(B,C).
(r65) verbgroup(A,B) :- alsosee(C,E), hypernym(D,B), membermeronym(E,A).
(r66) verbgroup(A,B) :- memberofdomainregion(B,C), memberofdomainusage(A,D), memberofdomainregion(E,C).
(r67) verbgroup(A,B) :- hypernym(C,A), instancehypernym(C,B).
(r68) verbgroup(A,B) :- memberofdomainusage(E,B), alsosee(F,C), synsetdomaintopicof(C,E), hypernym(A,D).
(r69) verbgroup(A,B) :- similarto(D,E), alsosee(F,C), synsetdomaintopicof(C,A), synsetdomaintopicof(D,B).
(r70) verbgroup(A,B) :- haspart(E,A), similarto(F,A), synsetdomaintopicof(A,D), similarto(B,C).
(r71) verbgroup(A,B) :- instancehypernym(C,D), derivationallyrelatedform(F,B), similarto(B,C), synsetdomaintopicof(A,E).
(r72) verbgroup(A,B) :- haspart(D,B), synsetdomaintopicof(E,B), similarto(B,C), memberofdomainregion(C,A).
(r73) verbgroup(A,B) :- hypernym(E,F), instancehypernym(F,C), similarto(B,C), memberofdomainregion(A,D).
(r74) verbgroup(A,B) :- memberofdomainusage(D,A), alsosee(F,C), synsetdomaintopicof(F,B), alsosee(E,D).
(r75) verbgroup(A,B) :- similarto(D,B), similarto(E,A), memberofdomainregion(C,A).
(r76) verbgroup(A,B) :- instancehypernym(D,B), haspart(A,C), memberofdomainregion(A,D).
(r77) verbgroup(A,B) :- memberofdomainregion(E,F), memberofdomainregion(A,E), membermeronym(F,D), similarto(B,C).
(r78) verbgroup(A,B) :- memberofdomainregion(D,E), hypernym(D,F), derivationallyrelatedform(A,D), similarto(B,C).
(r79) verbgroup(A,B) :- memberofdomainusage(C,A), memberofdomainregion(C,D), synsetdomaintopicof(C,B).
(r80) verbgroup(A,B) :- membermeronym(C,B), hypernym(C,A), similarto(B,C), instancehypernym(A,C).
(r81) verbgroup(A,B) :- membermeronym(C,A), memberofdomainusage(D,B), similarto(B,C), similarto(D,C).
(r82) verbgroup(A,B) :- haspart(D,C), haspart(B,D), membermeronym(A,E).
(r83) verbgroup(A,B) :- membermeronym(E,D), alsosee(F,C), haspart(A,C), membermeronym(B,D).
(r84) verbgroup(A,B) :- similarto(E,F), instancehypernym(A,D), instancehypernym(A,E), similarto(B,C).
(r85) verbgroup(A,B) :- memberofdomainusage(A,D), instancehypernym(A,B), similarto(B,C), membermeronym(D,A).
(r86) verbgroup(A,B) :- haspart(C,D), hypernym(B,C), similarto(A,E), similarto(B,C).
(r87) verbgroup(A,B) :- instancehypernym(C,D), instancehypernym(B,A), derivationallyrelatedform(D,B), similarto(B,C).
(r88) verbgroup(A,B) :- hypernym(A,E), alsosee(F,C), membermeronym(B,F), similarto(D,C).
(r89) verbgroup(A,B) :- alsosee(A,D), alsosee(F,D), similarto(B,C), alsosee(E,A).
(r90) verbgroup(A,B) :- hypernym(A,E), derivationallyrelatedform(D,E), memberofdomainregion(D,A), similarto(B,C).
(r91) verbgroup(A,B) :- hypernym(A,E), memberofdomainusage(B,D), similarto(B,C), membermeronym(E,D).
(r92) verbgroup(A,B) :- hypernym(A,E), memberofdomainusage(D,B), similarto(B,C), alsosee(E,D).
(r93) verbgroup(A,B) :- membermeronym(B,E), alsosee(F,C), memberofdomainregion(D,E), instancehypernym(A,C).
(r94) verbgroup(A,B) :- hypernym(B,A), memberofdomainregion(A,C), memberofdomainusage(A,B).
(r95) verbgroup(A,B) :- synsetdomaintopicof(E,D), alsosee(B,C), similarto(B,C), hypernym(A,D).
(r96) verbgroup(A,B) :- hypernym(E,F), derivationallyrelatedform(A,D), synsetdomaintopicof(E,B), similarto(B,C).
(r97) verbgroup(A,B) :- similarto(B,D), derivationallyrelatedform(F,A), similarto(B,C), synsetdomaintopicof(A,E).
(r98) verbgroup(A,B) :- synsetdomaintopicof(B,D), hypernym(A,C), memberofdomainusage(A,E).
(r99) verbgroup(A,B) :- derivationallyrelatedform(B,A), synsetdomaintopicof(A,D), similarto(B,C), alsosee(B,D).
(r100) verbgroup(A,B) :- derivationallyrelatedform(D,B), memberofdomainusage(C,D), derivationallyrelatedform(A,D), similarto(B,C).
(r101) verbgroup(A,B) :- haspart(C,A), alsosee(F,C), derivationallyrelatedform(D,F), synsetdomaintopicof(B,E).
(r102) verbgroup(A,B) :- hypernym(A,C), derivationallyrelatedform(C,A), synsetdomaintopicof(A,D), similarto(B,C).
(r103) verbgroup(A,B) :- derivationallyrelatedform(C,E), membermeronym(B,C), similarto(B,C), memberofdomainregion(A,D).
(r104) verbgroup(A,B) :- hypernym(A,E), memberofdomainusage(D,B), similarto(B,C), hypernym(F,A).
(r105) verbgroup(A,B) :- instancehypernym(C,A), haspart(B,D), haspart(D,E).
(r106) verbgroup(A,B) :- membermeronym(D,E), instancehypernym(A,D), instancehypernym(C,B), similarto(B,C).
(r107) verbgroup(A,B) :- alsosee(A,D), synsetdomaintopicof(E,A), haspart(C,B).
(r108) verbgroup(A,B) :- synsetdomaintopicof(D,C), alsosee(F,C), similarto(A,E), memberofdomainregion(B,D).
(r109) verbgroup(A,B) :- similarto(C,B), similarto(B,C), haspart(A,D), haspart(E,B).
(r110) verbgroup(A,B) :- membermeronym(A,D), similarto(D,A), synsetdomaintopicof(C,E), similarto(B,C).
(r111) verbgroup(A,B) :- similarto(E,F), memberofdomainregion(A,E), alsosee(D,F), similarto(B,C).
(r112) verbgroup(A,B) :- derivationallyrelatedform(E,A), hypernym(F,D), similarto(B,C), memberofdomainregion(A,D).
(r113) verbgroup(A,B) :- synsetdomaintopicof(B,C), hypernym(D,A), memberofdomainusage(E,C).
(r114) verbgroup(A,B) :- haspart(E,D), memberofdomainusage(A,D), similarto(B,C), memberofdomainregion(F,E).
(r115) verbgroup(A,B) :- haspart(A,E), instancehypernym(F,B), alsosee(F,C), hypernym(B,D).
(r116) verbgroup(A,B) :- memberofdomainregion(B,E), haspart(C,A), instancehypernym(D,C).
(r117) verbgroup(A,B) :- similarto(C,D), derivationallyrelatedform(A,B), similarto(B,C), hypernym(A,D).
(r118) verbgroup(A,B) :- memberofdomainusage(F,D), alsosee(F,C), hypernym(A,C), synsetdomaintopicof(B,E).
(r119) verbgroup(A,B) :- synsetdomaintopicof(A,C), membermeronym(B,A), memberofdomainregion(A,D).
(r120) verbgroup(A,B) :- similarto(B,D), alsosee(F,C), membermeronym(E,A), instancehypernym(E,C).
(r121) verbgroup(A,B) :- hypernym(D,B), similarto(A,B), membermeronym(D,C).
(r122) verbgroup(A,B) :- memberofdomainregion(D,B), memberofdomainregion(D,C), haspart(C,A).
(r123) verbgroup(A,B) :- alsosee(A,D), alsosee(F,C), derivationallyrelatedform(E,F), hypernym(B,E).
(r124) verbgroup(A,B) :- derivationallyrelatedform(E,A), haspart(C,B), hypernym(D,E).
(r125) verbgroup(A,B) :- hypernym(A,E), memberofdomainregion(D,E), hypernym(A,F), similarto(B,C).
(r126) verbgroup(A,B) :- derivationallyrelatedform(D,A), alsosee(F,C), derivationallyrelatedform(C,B), derivationallyrelatedform(A,E).
(r127) verbgroup(A,B) :- memberofdomainregion(D,F), memberofdomainusage(A,C), alsosee(F,C), derivationallyrelatedform(B,E).
(r128) verbgroup(A,B) :- derivationallyrelatedform(E,A), similarto(A,D), alsosee(D,F), similarto(B,C).
(r129) verbgroup(A,B) :- alsosee(F,E), synsetdomaintopicof(A,F), similarto(B,C), alsosee(F,D).
(r130) verbgroup(A,B) :- alsosee(C,A), memberofdomainregion(B,E), memberofdomainregion(D,B), similarto(B,C).
(r131) verbgroup(A,B) :- synsetdomaintopicof(D,C), memberofdomainregion(E,A), synsetdomaintopicof(D,B).
(r132) verbgroup(A,B) :- alsosee(F,C), synsetdomaintopicof(A,F), synsetdomaintopicof(D,A), derivationallyrelatedform(E,B).
(r133) verbgroup(A,B) :- hypernym(A,C), hypernym(B,E), derivationallyrelatedform(D,C).
(r134) verbgroup(A,B) :- haspart(E,B), alsosee(B,D), similarto(B,C), synsetdomaintopicof(A,E).
(r135) verbgroup(A,B) :- derivationallyrelatedform(C,D), alsosee(F,C), memberofdomainusage(C,A), derivationallyrelatedform(B,E).
(r136) verbgroup(A,B) :- instancehypernym(A,D), instancehypernym(C,E), similarto(B,C), instancehypernym(D,C).
(r137) verbgroup(A,B) :- haspart(D,B), haspart(A,E), similarto(C,A).
(r138) verbgroup(A,B) :- similarto(E,C), haspart(A,D), synsetdomaintopicof(B,E).
(r139) verbgroup(A,B) :- haspart(A,E), hypernym(D,B), similarto(A,C).
(r140) verbgroup(A,B) :- synsetdomaintopicof(E,B), haspart(A,D), similarto(D,C).
====================
MaxSAT solving... (4502 vars, 22096 hard, 1406 soft)
number of rules: 142
program size: 600
(inv1) inv1(X1,X2,X3,X4,X5,X6,X7,X8) :- similarto(X1,X2), similarto(X3,X4), membermeronym(X5,X6), membermeronym(X7,X8).
(inv2) inv2(X1,X2,X3,X4,X5,X6,X7,X8,X9,X10) :- similarto(X1,X2), similarto(X3,X4), alsosee(X5,X6), alsosee(X7,X8), alsosee(X9,X10).
(r1) verbgroup(A,B) :- inv2(A,E,A,E,F,C,F,C,F,C), instancehypernym(A,D), haspart(F,B).
(r2) verbgroup(A,B) :- similarto(A,D), instancehypernym(B,A), hypernym(A,C).
(r3) verbgroup(A,B) :- derivationallyrelatedform(E,A), similarto(B,C), synsetdomaintopicof(D,B), memberofdomainregion(F,E).
(r4) verbgroup(A,B) :- derivationallyrelatedform(D,A), haspart(D,A), similarto(B,C), memberofdomainusage(E,A).
(r5) verbgroup(A,B) :- synsetdomaintopicof(E,C), haspart(A,D), similarto(B,C), synsetdomaintopicof(D,B).
(r6) verbgroup(A,B) :- inv2(B,C,B,C,D,A,D,A,D,A), derivationallyrelatedform(D,E), memberofdomainusage(A,D).
(r7) verbgroup(A,B) :- similarto(B,C), hypernym(E,A), synsetdomaintopicof(C,E), haspart(A,D).
(r8) verbgroup(A,B) :- inv2(B,E,B,E,F,C,F,C,F,C), memberofdomainusage(A,D), memberofdomainusage(A,C).
(r9) verbgroup(A,B) :- derivationallyrelatedform(D,A), instancehypernym(C,B), memberofdomainregion(C,B).
(r10) verbgroup(A,B) :- inv1(D,F,B,C,C,F,C,F), haspart(A,E).
(r11) verbgroup(A,B) :- inv1(B,C,B,C,A,B,A,B), hypernym(A,D), synsetdomaintopicof(C,B).
(r12) verbgroup(A,B) :- alsosee(F,C), hypernym(E,B), synsetdomaintopicof(E,D), derivationallyrelatedform(C,A).
(r13) verbgroup(A,B) :- derivationallyrelatedform(D,A), derivationallyrelatedform(C,A), memberofdomainusage(C,B).
(r14) verbgroup(A,B) :- alsosee(F,C), synsetdomaintopicof(A,D), alsosee(B,C), haspart(C,E).
(r15) verbgroup(A,B) :- instancehypernym(B,D), alsosee(F,C), instancehypernym(E,D), memberofdomainregion(A,F).
(r16) verbgroup(A,B) :- alsosee(F,C), membermeronym(E,C), hypernym(B,D), haspart(A,C).
(r17) verbgroup(A,B) :- inv2(B,C,E,B,F,B,F,B,F,B), derivationallyrelatedform(A,D).
(r18) verbgroup(A,B) :- inv2(B,C,B,C,A,E,A,E,A,E), memberofdomainusage(F,D), synsetdomaintopicof(E,D).
(r19) verbgroup(A,B) :- hypernym(A,E), similarto(D,E), similarto(B,C), instancehypernym(C,F).
(r20) verbgroup(A,B) :- membermeronym(D,E), memberofdomainusage(A,D), membermeronym(B,C).
(r21) verbgroup(A,B) :- haspart(A,E), haspart(D,A), similarto(B,C), memberofdomainregion(F,E).
(r22) verbgroup(A,B) :- inv1(B,C,B,C,A,D,A,D), hypernym(E,F), instancehypernym(A,E).
(r23) verbgroup(A,B) :- inv2(E,A,E,A,F,C,F,C,F,C), memberofdomainregion(F,D), instancehypernym(F,B).
(r24) verbgroup(A,B) :- alsosee(D,B), synsetdomaintopicof(B,D), hypernym(C,A).
(r25) verbgroup(A,B) :- inv2(F,D,F,D,F,C,F,C,F,C), derivationallyrelatedform(B,D), instancehypernym(A,E).
(r26) verbgroup(A,B) :- inv2(B,C,B,C,E,D,E,D,E,D), synsetdomaintopicof(D,E), instancehypernym(A,E).
(r27) verbgroup(A,B) :- inv1(E,D,E,D,C,B,C,B), alsosee(D,A).
(r28) verbgroup(A,B) :- membermeronym(A,E), instancehypernym(C,B), membermeronym(B,D).
(r29) verbgroup(A,B) :- alsosee(A,B), memberofdomainregion(A,C), haspart(B,D).
(r30) verbgroup(A,B) :- instancehypernym(A,D), alsosee(F,C), derivationallyrelatedform(B,C), memberofdomainregion(F,E).
(r31) verbgroup(A,B) :- inv1(C,B,A,E,A,D,A,D), similarto(B,C).
(r32) verbgroup(A,B) :- inv1(B,C,B,C,D,B,A,E), instancehypernym(C,B).
(r33) verbgroup(A,B) :- inv1(B,C,B,C,D,C,D,C), hypernym(D,B), memberofdomainusage(C,A).
(r34) verbgroup(A,B) :- inv2(B,C,B,C,D,C,D,C,D,C), haspart(A,E), memberofdomainregion(B,D).
(r35) verbgroup(A,B) :- synsetdomaintopicof(D,A), instancehypernym(D,B), synsetdomaintopicof(B,A), similarto(B,C).
(r36) verbgroup(A,B) :- inv2(B,C,B,C,D,E,D,E,D,E), memberofdomainusage(D,F), synsetdomaintopicof(A,D).
(r37) verbgroup(A,B) :- inv2(B,C,B,C,A,E,A,E,A,E), instancehypernym(B,D), derivationallyrelatedform(F,A).
(r38) verbgroup(A,B) :- memberofdomainusage(D,E), hypernym(A,C), derivationallyrelatedform(A,E), similarto(B,C).
(r39) verbgroup(A,B) :- inv2(B,C,B,C,A,E,A,E,A,E), synsetdomaintopicof(D,B), haspart(F,C).
(r40) verbgroup(A,B) :- derivationallyrelatedform(B,C), synsetdomaintopicof(D,A), memberofdomainusage(E,A).
(r41) verbgroup(A,B) :- membermeronym(B,C), synsetdomaintopicof(A,D), membermeronym(B,D).
(r42) verbgroup(A,B) :- membermeronym(B,A), membermeronym(C,B), haspart(A,C).
(r43) verbgroup(A,B) :- inv1(A,C,A,C,B,D,C,B).
(r44) verbgroup(A,B) :- derivationallyrelatedform(E,A), memberofdomainregion(F,A), alsosee(F,C), memberofdomainregion(D,B).
(r45) verbgroup(A,B) :- inv2(B,C,B,C,D,A,D,A,D,A), hypernym(A,E), hypernym(E,C).
(r46) verbgroup(A,B) :- instancehypernym(E,D), haspart(E,A), memberofdomainregion(C,B).
(r47) verbgroup(A,B) :- alsosee(F,C), memberofdomainregion(E,B), membermeronym(F,D), instancehypernym(F,A).
(r48) verbgroup(A,B) :- inv1(A,D,B,C,F,D,E,A).
(r49) verbgroup(A,B) :- inv1(B,C,B,C,A,D,D,B), memberofdomainregion(C,B).
(r50) verbgroup(A,B) :- synsetdomaintopicof(E,C), memberofdomainregion(D,C), haspart(D,A), similarto(B,C).
(r51) verbgroup(A,B) :- memberofdomainusage(C,E), similarto(B,C), synsetdomaintopicof(D,B), memberofdomainusage(D,A).
(r52) verbgroup(A,B) :- inv1(B,C,A,C,B,D,B,D), haspart(E,C).
(r53) verbgroup(A,B) :- memberofdomainregion(A,E), hypernym(B,D), similarto(A,C).
(r54) verbgroup(A,B) :- inv1(B,C,B,C,D,E,D,E), synsetdomaintopicof(B,A), haspart(A,D).
(r55) verbgroup(A,B) :- memberofdomainregion(D,B), similarto(A,E), derivationallyrelatedform(D,C).
(r56) verbgroup(A,B) :- derivationallyrelatedform(D,A), hypernym(B,C), derivationallyrelatedform(E,C).
(r57) verbgroup(A,B) :- inv2(B,C,B,C,D,C,D,C,D,C), synsetdomaintopicof(F,D), instancehypernym(A,E).
(r58) verbgroup(A,B) :- alsosee(F,C), synsetdomaintopicof(E,D), instancehypernym(E,A), hypernym(C,B).
(r59) verbgroup(A,B) :- derivationallyrelatedform(C,D), alsosee(F,C), membermeronym(B,F), memberofdomainusage(E,A).
(r60) verbgroup(A,B) :- inv1(C,A,C,A,A,D,A,D), memberofdomainregion(B,D).
(r61) verbgroup(A,B) :- membermeronym(E,C), instancehypernym(B,E), memberofdomainusage(D,A).
(r62) verbgroup(A,B) :- instancehypernym(B,A), membermeronym(B,C), memberofdomainregion(B,A).
(r63) verbgroup(A,B) :- hypernym(D,E), derivationallyrelatedform(A,E), hypernym(C,B).
(r64) verbgroup(A,B) :- inv2(A,D,B,C,D,B,D,B,D,B), hypernym(D,A).
(r65) verbgroup(A,B) :- alsosee(C,E), hypernym(D,B), membermeronym(E,A).
(r66) verbgroup(A,B) :- memberofdomainregion(B,C), memberofdomainusage(A,D), memberofdomainregion(E,C).
(r67) verbgroup(A,B) :- hypernym(C,A), instancehypernym(C,B).
(r68) verbgroup(A,B) :- memberofdomainusage(E,B), alsosee(F,C), synsetdomaintopicof(C,E), hypernym(A,D).
(r69) verbgroup(A,B) :- inv2(D,E,D,E,F,C,F,C,F,C), synsetdomaintopicof(C,A), synsetdomaintopicof(D,B).
(r70) verbgroup(A,B) :- haspart(E,A), similarto(F,A), synsetdomaintopicof(A,D), similarto(B,C).
(r71) verbgroup(A,B) :- instancehypernym(C,D), derivationallyrelatedform(F,B), similarto(B,C), synsetdomaintopicof(A,E).
(r72) verbgroup(A,B) :- haspart(D,B), synsetdomaintopicof(E,B), similarto(B,C), memberofdomainregion(C,A).
(r73) verbgroup(A,B) :- hypernym(E,F), instancehypernym(F,C), similarto(B,C), memberofdomainregion(A,D).
(r74) verbgroup(A,B) :- memberofdomainusage(D,A), alsosee(F,C), synsetdomaintopicof(F,B), alsosee(E,D).
(r75) verbgroup(A,B) :- similarto(D,B), similarto(E,A), memberofdomainregion(C,A).
(r76) verbgroup(A,B) :- instancehypernym(D,B), haspart(A,C), memberofdomainregion(A,D).
(r77) verbgroup(A,B) :- inv1(B,C,B,C,F,D,F,D), memberofdomainregion(E,F), memberofdomainregion(A,E).
(r78) verbgroup(A,B) :- memberofdomainregion(D,E), hypernym(D,F), derivationallyrelatedform(A,D), similarto(B,C).
(r79) verbgroup(A,B) :- memberofdomainusage(C,A), memberofdomainregion(C,D), synsetdomaintopicof(C,B).
(r80) verbgroup(A,B) :- inv1(B,C,B,C,C,B,C,B), hypernym(C,A), instancehypernym(A,C).
(r81) verbgroup(A,B) :- inv1(B,C,D,C,C,A,C,A), memberofdomainusage(D,B).
(r82) verbgroup(A,B) :- haspart(D,C), haspart(B,D), membermeronym(A,E).
(r83) verbgroup(A,B) :- membermeronym(E,D), alsosee(F,C), haspart(A,C), membermeronym(B,D).
(r84) verbgroup(A,B) :- similarto(E,F), instancehypernym(A,D), instancehypernym(A,E), similarto(B,C).
(r85) verbgroup(A,B) :- inv1(B,C,B,C,D,A,D,A), memberofdomainusage(A,D), instancehypernym(A,B).
(r86) verbgroup(A,B) :- haspart(C,D), hypernym(B,C), similarto(A,E), similarto(B,C).
(r87) verbgroup(A,B) :- instancehypernym(C,D), instancehypernym(B,A), derivationallyrelatedform(D,B), similarto(B,C).
(r88) verbgroup(A,B) :- inv1(D,C,D,C,B,F,B,F), inv2(D,C,D,C,F,C,F,C,F,C), hypernym(A,E).
(r89) verbgroup(A,B) :- inv2(B,C,B,C,A,D,F,D,E,A).
(r90) verbgroup(A,B) :- hypernym(A,E), derivationallyrelatedform(D,E), memberofdomainregion(D,A), similarto(B,C).
(r91) verbgroup(A,B) :- inv1(B,C,B,C,E,D,E,D), hypernym(A,E), memberofdomainusage(B,D).
(r92) verbgroup(A,B) :- inv2(B,C,B,C,E,D,E,D,E,D), hypernym(A,E), memberofdomainusage(D,B).
(r93) verbgroup(A,B) :- membermeronym(B,E), alsosee(F,C), memberofdomainregion(D,E), instancehypernym(A,C).
(r94) verbgroup(A,B) :- hypernym(B,A), memberofdomainregion(A,C), memberofdomainusage(A,B).
(r95) verbgroup(A,B) :- inv2(B,C,B,C,B,C,B,C,B,C), synsetdomaintopicof(E,D), hypernym(A,D).
(r96) verbgroup(A,B) :- hypernym(E,F), derivationallyrelatedform(A,D), synsetdomaintopicof(E,B), similarto(B,C).
(r97) verbgroup(A,B) :- similarto(B,D), derivationallyrelatedform(F,A), similarto(B,C), synsetdomaintopicof(A,E).
(r98) verbgroup(A,B) :- synsetdomaintopicof(B,D), hypernym(A,C), memberofdomainusage(A,E).
(r99) verbgroup(A,B) :- inv2(B,C,B,C,B,D,B,D,B,D), derivationallyrelatedform(B,A), synsetdomaintopicof(A,D).
(r100) verbgroup(A,B) :- derivationallyrelatedform(D,B), memberofdomainusage(C,D), derivationallyrelatedform(A,D), similarto(B,C).
(r101) verbgroup(A,B) :- haspart(C,A), alsosee(F,C), derivationallyrelatedform(D,F), synsetdomaintopicof(B,E).
(r102) verbgroup(A,B) :- hypernym(A,C), derivationallyrelatedform(C,A), synsetdomaintopicof(A,D), similarto(B,C).
(r103) verbgroup(A,B) :- inv1(B,C,B,C,B,C,B,C), derivationallyrelatedform(C,E), memberofdomainregion(A,D).
(r104) verbgroup(A,B) :- hypernym(A,E), memberofdomainusage(D,B), similarto(B,C), hypernym(F,A).
(r105) verbgroup(A,B) :- instancehypernym(C,A), haspart(B,D), haspart(D,E).
(r106) verbgroup(A,B) :- inv1(B,C,B,C,D,E,D,E), instancehypernym(A,D), instancehypernym(C,B).
(r107) verbgroup(A,B) :- alsosee(A,D), synsetdomaintopicof(E,A), haspart(C,B).
(r108) verbgroup(A,B) :- inv2(A,E,A,E,F,C,F,C,F,C), synsetdomaintopicof(D,C), memberofdomainregion(B,D).
(r109) verbgroup(A,B) :- similarto(C,B), similarto(B,C), haspart(A,D), haspart(E,B).
(r110) verbgroup(A,B) :- inv1(D,A,B,C,A,D,A,D), synsetdomaintopicof(C,E).
(r111) verbgroup(A,B) :- inv2(E,F,B,C,D,F,D,F,D,F), memberofdomainregion(A,E).
(r112) verbgroup(A,B) :- derivationallyrelatedform(E,A), hypernym(F,D), similarto(B,C), memberofdomainregion(A,D).
(r113) verbgroup(A,B) :- synsetdomaintopicof(B,C), hypernym(D,A), memberofdomainusage(E,C).
(r114) verbgroup(A,B) :- haspart(E,D), memberofdomainusage(A,D), similarto(B,C), memberofdomainregion(F,E).
(r115) verbgroup(A,B) :- haspart(A,E), instancehypernym(F,B), alsosee(F,C), hypernym(B,D).
(r116) verbgroup(A,B) :- memberofdomainregion(B,E), haspart(C,A), instancehypernym(D,C).
(r117) verbgroup(A,B) :- similarto(C,D), derivationallyrelatedform(A,B), similarto(B,C), hypernym(A,D).
(r118) verbgroup(A,B) :- memberofdomainusage(F,D), alsosee(F,C), hypernym(A,C), synsetdomaintopicof(B,E).
(r119) verbgroup(A,B) :- synsetdomaintopicof(A,C), membermeronym(B,A), memberofdomainregion(A,D).
(r120) verbgroup(A,B) :- inv2(B,D,B,D,F,C,F,C,F,C), membermeronym(E,A), instancehypernym(E,C).
(r121) verbgroup(A,B) :- inv1(A,B,A,B,D,C,D,C), hypernym(D,B).
(r122) verbgroup(A,B) :- memberofdomainregion(D,B), memberofdomainregion(D,C), haspart(C,A).
(r123) verbgroup(A,B) :- alsosee(A,D), alsosee(F,C), derivationallyrelatedform(E,F), hypernym(B,E).
(r124) verbgroup(A,B) :- derivationallyrelatedform(E,A), haspart(C,B), hypernym(D,E).
(r125) verbgroup(A,B) :- hypernym(A,E), memberofdomainregion(D,E), hypernym(A,F), similarto(B,C).
(r126) verbgroup(A,B) :- derivationallyrelatedform(D,A), alsosee(F,C), derivationallyrelatedform(C,B), derivationallyrelatedform(A,E).
(r127) verbgroup(A,B) :- memberofdomainregion(D,F), memberofdomainusage(A,C), alsosee(F,C), derivationallyrelatedform(B,E).
(r128) verbgroup(A,B) :- inv2(A,D,B,C,D,F,D,F,D,F), derivationallyrelatedform(E,A).
(r129) verbgroup(A,B) :- inv2(B,C,B,C,F,E,F,D,F,E), synsetdomaintopicof(A,F).
(r130) verbgroup(A,B) :- inv2(B,C,B,C,C,A,C,A,C,A), memberofdomainregion(B,E), memberofdomainregion(D,B).
(r131) verbgroup(A,B) :- synsetdomaintopicof(D,C), memberofdomainregion(E,A), synsetdomaintopicof(D,B).
(r132) verbgroup(A,B) :- alsosee(F,C), synsetdomaintopicof(A,F), synsetdomaintopicof(D,A), derivationallyrelatedform(E,B).
(r133) verbgroup(A,B) :- hypernym(A,C), hypernym(B,E), derivationallyrelatedform(D,C).
(r134) verbgroup(A,B) :- inv2(B,C,B,C,B,D,B,D,B,D), haspart(E,B), synsetdomaintopicof(A,E).
(r135) verbgroup(A,B) :- derivationallyrelatedform(C,D), alsosee(F,C), memberofdomainusage(C,A), derivationallyrelatedform(B,E).
(r136) verbgroup(A,B) :- instancehypernym(A,D), instancehypernym(C,E), similarto(B,C), instancehypernym(D,C).
(r137) verbgroup(A,B) :- haspart(D,B), haspart(A,E), similarto(C,A).
(r138) verbgroup(A,B) :- similarto(E,C), haspart(A,D), synsetdomaintopicof(B,E).
(r139) verbgroup(A,B) :- haspart(A,E), hypernym(D,B), similarto(A,C).
(r140) verbgroup(A,B) :- synsetdomaintopicof(E,B), haspart(A,D), similarto(D,C).
====================
