number of rules: 130
program size: 615
(r1) memberofdomainregion(A,B) :- membermeronym(F,C), instancehypernym(E,A), derivationallyrelatedform(B,F), synsetdomaintopicof(D,B).
(r2) memberofdomainregion(A,B) :- instancehypernym(B,E), instancehypernym(B,D), memberofdomainusage(C,A).
(r3) memberofdomainregion(A,B) :- membermeronym(F,C), haspart(F,D), verbgroup(E,B), alsosee(A,F).
(r4) memberofdomainregion(A,B) :- synsetdomaintopicof(F,E), instancehypernym(F,D), haspart(B,C), alsosee(A,D).
(r5) memberofdomainregion(A,B) :- memberofdomainusage(B,F), instancehypernym(A,E), haspart(B,C), membermeronym(C,D).
(r6) memberofdomainregion(A,B) :- membermeronym(B,F), membermeronym(F,C), haspart(D,A), alsosee(E,F).
(r7) memberofdomainregion(A,B) :- membermeronym(C,B), alsosee(A,B), haspart(D,C).
(r8) memberofdomainregion(A,B) :- similarto(D,B), derivationallyrelatedform(E,D), membermeronym(C,A).
(r9) memberofdomainregion(A,B) :- similarto(B,A), similarto(D,B), similarto(B,C).
(r10) memberofdomainregion(A,B) :- synsetdomaintopicof(A,E), hypernym(E,D), haspart(B,C), instancehypernym(D,C).
(r11) memberofdomainregion(A,B) :- derivationallyrelatedform(D,B), membermeronym(F,C), membermeronym(E,F), similarto(A,F).
(r12) memberofdomainregion(A,B) :- alsosee(E,A), membermeronym(F,C), synsetdomaintopicof(E,F), synsetdomaintopicof(D,B).
(r13) memberofdomainregion(A,B) :- synsetdomaintopicof(A,D), derivationallyrelatedform(B,A), haspart(B,C), verbgroup(E,B).
(r14) memberofdomainregion(A,B) :- haspart(B,E), instancehypernym(A,D), memberofdomainusage(C,A), haspart(B,C).
(r15) memberofdomainregion(A,B) :- derivationallyrelatedform(A,E), membermeronym(F,C), instancehypernym(F,D), hypernym(D,B).
(r16) memberofdomainregion(A,B) :- memberofdomainusage(D,F), alsosee(F,E), haspart(B,C), haspart(A,E).
(r17) memberofdomainregion(A,B) :- derivationallyrelatedform(D,A), membermeronym(C,E), haspart(B,C), verbgroup(C,A).
(r18) memberofdomainregion(A,B) :- similarto(C,D), instancehypernym(B,D), instancehypernym(E,A).
(r19) memberofdomainregion(A,B) :- similarto(D,A), alsosee(C,A), verbgroup(D,B), haspart(B,C).
(r20) memberofdomainregion(A,B) :- similarto(D,F), hypernym(C,E), haspart(B,C), memberofdomainusage(A,F).
(r21) memberofdomainregion(A,B) :- hypernym(B,E), derivationallyrelatedform(A,D), haspart(B,C), verbgroup(A,D).
(r22) memberofdomainregion(A,B) :- hypernym(D,A), derivationallyrelatedform(A,D), alsosee(C,A), haspart(B,C).
(r23) memberofdomainregion(A,B) :- membermeronym(A,C), instancehypernym(B,E), hypernym(D,C).
(r24) memberofdomainregion(A,B) :- haspart(D,B), verbgroup(E,A), derivationallyrelatedform(D,A), haspart(B,C).
(r25) memberofdomainregion(A,B) :- synsetdomaintopicof(E,C), verbgroup(D,B), haspart(B,C), haspart(A,E).
(r26) memberofdomainregion(A,B) :- instancehypernym(B,A), verbgroup(B,C), membermeronym(D,A).
(r27) memberofdomainregion(A,B) :- instancehypernym(B,E), membermeronym(F,C), haspart(A,F), membermeronym(A,D).
(r28) memberofdomainregion(A,B) :- derivationallyrelatedform(A,D), similarto(B,C), synsetdomaintopicof(A,B).
(r29) memberofdomainregion(A,B) :- memberofdomainusage(B,C), membermeronym(F,C), synsetdomaintopicof(E,D), memberofdomainusage(E,A).
(r30) memberofdomainregion(A,B) :- synsetdomaintopicof(D,A), memberofdomainusage(D,B), memberofdomainusage(A,D), haspart(B,C).
(r31) memberofdomainregion(A,B) :- memberofdomainusage(A,E), verbgroup(C,F), memberofdomainusage(A,D), haspart(B,C).
(r32) memberofdomainregion(A,B) :- derivationallyrelatedform(A,D), similarto(E,C), derivationallyrelatedform(B,C).
(r33) memberofdomainregion(A,B) :- membermeronym(F,A), derivationallyrelatedform(E,F), hypernym(A,D), haspart(B,C).
(r34) memberofdomainregion(A,B) :- synsetdomaintopicof(E,B), similarto(D,B), derivationallyrelatedform(E,A), haspart(B,C).
(r35) memberofdomainregion(A,B) :- alsosee(B,A), hypernym(B,A), similarto(A,C).
(r36) memberofdomainregion(A,B) :- hypernym(D,A), membermeronym(F,C), hypernym(B,F), derivationallyrelatedform(E,C).
(r37) memberofdomainregion(A,B) :- similarto(E,D), hypernym(B,E), membermeronym(C,A).
(r38) memberofdomainregion(A,B) :- verbgroup(F,D), membermeronym(F,C), haspart(A,F), haspart(E,B).
(r39) memberofdomainregion(A,B) :- alsosee(E,B), synsetdomaintopicof(A,C), haspart(B,C), synsetdomaintopicof(D,B).
(r40) memberofdomainregion(A,B) :- alsosee(B,C), similarto(A,B), memberofdomainusage(C,D).
(r41) memberofdomainregion(A,B) :- hypernym(D,A), membermeronym(F,C), synsetdomaintopicof(B,F), hypernym(D,E).
(r42) memberofdomainregion(A,B) :- hypernym(D,E), instancehypernym(E,B), haspart(E,A), haspart(B,C).
(r43) memberofdomainregion(A,B) :- haspart(A,D), alsosee(D,A), haspart(B,C), derivationallyrelatedform(E,C).
(r44) memberofdomainregion(A,B) :- hypernym(B,C), synsetdomaintopicof(D,A), haspart(B,C), verbgroup(A,D).
(r45) memberofdomainregion(A,B) :- synsetdomaintopicof(C,D), haspart(E,C), haspart(B,C), haspart(A,C).
(r46) memberofdomainregion(A,B) :- synsetdomaintopicof(B,A), synsetdomaintopicof(C,B), derivationallyrelatedform(B,C).
(r47) memberofdomainregion(A,B) :- hypernym(B,A), similarto(A,D), haspart(B,C), synsetdomaintopicof(A,B).
(r48) memberofdomainregion(A,B) :- hypernym(D,B), membermeronym(C,E), haspart(B,C), membermeronym(A,F).
(r49) memberofdomainregion(A,B) :- membermeronym(A,E), synsetdomaintopicof(D,C), haspart(B,C), hypernym(D,B).
(r50) memberofdomainregion(A,B) :- similarto(A,E), hypernym(D,E), instancehypernym(A,F), haspart(B,C).
(r51) memberofdomainregion(A,B) :- synsetdomaintopicof(F,D), derivationallyrelatedform(D,A), haspart(E,C), haspart(B,C).
(r52) memberofdomainregion(A,B) :- haspart(B,A), memberofdomainusage(C,A), verbgroup(C,A).
(r53) memberofdomainregion(A,B) :- haspart(C,D), membermeronym(A,E), haspart(F,E), haspart(B,C).
(r54) memberofdomainregion(A,B) :- alsosee(D,C), haspart(C,A), membermeronym(D,B), haspart(B,C).
(r55) memberofdomainregion(A,B) :- similarto(B,E), membermeronym(F,C), synsetdomaintopicof(B,C), membermeronym(A,D).
(r56) memberofdomainregion(A,B) :- alsosee(C,A), haspart(E,C), memberofdomainusage(A,D), haspart(B,C).
(r57) memberofdomainregion(A,B) :- derivationallyrelatedform(D,F), membermeronym(F,C), hypernym(E,A), hypernym(C,B).
(r58) memberofdomainregion(A,B) :- haspart(D,A), verbgroup(B,E), haspart(B,C).
(r59) memberofdomainregion(A,B) :- haspart(D,B), derivationallyrelatedform(E,F), membermeronym(F,C), synsetdomaintopicof(A,E).
(r60) memberofdomainregion(A,B) :- instancehypernym(B,A), synsetdomaintopicof(D,C), memberofdomainusage(B,D).
(r61) memberofdomainregion(A,B) :- memberofdomainusage(B,C), verbgroup(A,C), derivationallyrelatedform(A,B).
(r62) memberofdomainregion(A,B) :- membermeronym(F,C), alsosee(D,B), similarto(F,E), memberofdomainusage(A,F).
(r63) memberofdomainregion(A,B) :- haspart(A,D), verbgroup(E,F), haspart(B,C), synsetdomaintopicof(B,E).
(r64) memberofdomainregion(A,B) :- hypernym(B,C), membermeronym(F,C), alsosee(E,C), memberofdomainusage(D,A).
(r65) memberofdomainregion(A,B) :- haspart(C,D), synsetdomaintopicof(E,A), similarto(D,B).
(r66) memberofdomainregion(A,B) :- haspart(F,A), membermeronym(F,C), alsosee(E,F), derivationallyrelatedform(B,D).
(r67) memberofdomainregion(A,B) :- membermeronym(A,E), hypernym(C,B), derivationallyrelatedform(D,A), haspart(B,C).
(r68) memberofdomainregion(A,B) :- similarto(A,D), membermeronym(D,B), similarto(B,D), haspart(B,C).
(r69) memberofdomainregion(A,B) :- derivationallyrelatedform(E,B), haspart(B,D), haspart(B,C), haspart(A,E).
(r70) memberofdomainregion(A,B) :- verbgroup(E,D), membermeronym(F,C), alsosee(E,B), verbgroup(F,A).
(r71) memberofdomainregion(A,B) :- alsosee(C,E), hypernym(A,D), verbgroup(B,E), haspart(B,C).
(r72) memberofdomainregion(A,B) :- membermeronym(F,C), derivationallyrelatedform(F,B), haspart(A,D), synsetdomaintopicof(F,E).
(r73) memberofdomainregion(A,B) :- synsetdomaintopicof(F,D), alsosee(E,F), haspart(B,C), memberofdomainusage(A,F).
(r74) memberofdomainregion(A,B) :- verbgroup(E,A), haspart(E,C), derivationallyrelatedform(D,B).
(r75) memberofdomainregion(A,B) :- haspart(D,E), synsetdomaintopicof(A,E), verbgroup(B,F), haspart(B,C).
(r76) memberofdomainregion(A,B) :- membermeronym(A,E), alsosee(D,E), haspart(B,C), memberofdomainusage(E,A).
(r77) memberofdomainregion(A,B) :- alsosee(D,B), alsosee(F,E), haspart(B,C), alsosee(A,F).
(r78) memberofdomainregion(A,B) :- synsetdomaintopicof(A,D), instancehypernym(B,C), memberofdomainusage(C,D).
(r79) memberofdomainregion(A,B) :- memberofdomainusage(A,E), derivationallyrelatedform(B,D), haspart(B,C), synsetdomaintopicof(A,C).
(r80) memberofdomainregion(A,B) :- derivationallyrelatedform(A,E), derivationallyrelatedform(C,E), haspart(B,C), membermeronym(E,D).
(r81) memberofdomainregion(A,B) :- hypernym(B,D), membermeronym(F,C), instancehypernym(D,E), haspart(A,F).
(r82) memberofdomainregion(A,B) :- membermeronym(F,C), instancehypernym(D,E), memberofdomainusage(D,A), verbgroup(F,B).
(r83) memberofdomainregion(A,B) :- derivationallyrelatedform(B,A), synsetdomaintopicof(C,D), alsosee(B,D).
(r84) memberofdomainregion(A,B) :- derivationallyrelatedform(A,B), haspart(A,C), instancehypernym(B,C).
(r85) memberofdomainregion(A,B) :- similarto(E,D), membermeronym(A,E), haspart(B,C), derivationallyrelatedform(B,A).
(r86) memberofdomainregion(A,B) :- membermeronym(A,E), instancehypernym(A,D), haspart(B,C), derivationallyrelatedform(B,C).
(r87) memberofdomainregion(A,B) :- verbgroup(A,F), verbgroup(A,E), haspart(B,C), hypernym(A,D).
(r88) memberofdomainregion(A,B) :- hypernym(B,D), membermeronym(A,E), haspart(B,C), derivationallyrelatedform(D,C).
(r89) memberofdomainregion(A,B) :- haspart(D,B), derivationallyrelatedform(D,B), hypernym(E,A), haspart(B,C).
(r90) memberofdomainregion(A,B) :- derivationallyrelatedform(D,B), membermeronym(F,C), similarto(E,A), hypernym(E,F).
(r91) memberofdomainregion(A,B) :- alsosee(A,B), instancehypernym(B,D), synsetdomaintopicof(B,C).
(r92) memberofdomainregion(A,B) :- hypernym(F,B), verbgroup(D,B), haspart(B,C), alsosee(E,A).
(r93) memberofdomainregion(A,B) :- memberofdomainusage(B,F), derivationallyrelatedform(D,E), instancehypernym(A,E), haspart(B,C).
(r94) memberofdomainregion(A,B) :- derivationallyrelatedform(A,B), haspart(B,C), alsosee(A,D), verbgroup(E,B).
(r95) memberofdomainregion(A,B) :- hypernym(B,D), hypernym(E,D), haspart(A,C).
(r96) memberofdomainregion(A,B) :- instancehypernym(D,B), derivationallyrelatedform(A,D), instancehypernym(C,D), haspart(B,C).
(r97) memberofdomainregion(A,B) :- membermeronym(C,B), alsosee(D,B), haspart(B,C), membermeronym(E,A).
(r98) memberofdomainregion(A,B) :- similarto(D,B), derivationallyrelatedform(C,D), memberofdomainusage(E,A).
(r99) memberofdomainregion(A,B) :- alsosee(B,A), hypernym(A,D), derivationallyrelatedform(B,C).
(r100) memberofdomainregion(A,B) :- haspart(E,D), derivationallyrelatedform(F,A), membermeronym(F,C), memberofdomainusage(B,D).
(r101) memberofdomainregion(A,B) :- alsosee(E,C), membermeronym(F,C), derivationallyrelatedform(A,F), synsetdomaintopicof(D,B).
(r102) memberofdomainregion(A,B) :- memberofdomainusage(A,E), memberofdomainusage(C,B), membermeronym(C,D).
(r103) memberofdomainregion(A,B) :- memberofdomainusage(B,A), hypernym(B,A), derivationallyrelatedform(B,C).
(r104) memberofdomainregion(A,B) :- verbgroup(A,C), synsetdomaintopicof(A,B), hypernym(D,B).
(r105) memberofdomainregion(A,B) :- derivationallyrelatedform(D,B), hypernym(A,C), hypernym(E,C).
(r106) memberofdomainregion(A,B) :- membermeronym(A,E), hypernym(B,A), alsosee(D,B), haspart(B,C).
(r107) memberofdomainregion(A,B) :- similarto(B,D), instancehypernym(C,D), haspart(B,C), alsosee(A,D).
(r108) memberofdomainregion(A,B) :- haspart(B,C), verbgroup(F,E), membermeronym(D,B), instancehypernym(F,A).
(r109) memberofdomainregion(A,B) :- haspart(D,B), haspart(B,C), memberofdomainusage(A,C), verbgroup(E,B).
(r110) memberofdomainregion(A,B) :- synsetdomaintopicof(B,A), instancehypernym(A,B), derivationallyrelatedform(A,C).
(r111) memberofdomainregion(A,B) :- verbgroup(B,F), membermeronym(F,C), synsetdomaintopicof(B,D), hypernym(A,E).
(r112) memberofdomainregion(A,B) :- verbgroup(B,F), membermeronym(F,C), membermeronym(A,D), similarto(D,E).
(r113) memberofdomainregion(A,B) :- verbgroup(A,C), hypernym(A,D), haspart(A,B).
(r114) memberofdomainregion(A,B) :- synsetdomaintopicof(B,D), instancehypernym(D,A), alsosee(C,B).
(r115) memberofdomainregion(A,B) :- similarto(A,E), instancehypernym(F,B), haspart(B,C), similarto(E,D).
(r116) memberofdomainregion(A,B) :- alsosee(C,E), haspart(A,D), alsosee(B,A), haspart(B,C).
(r117) memberofdomainregion(A,B) :- instancehypernym(A,E), membermeronym(F,C), verbgroup(B,C), haspart(D,C).
(r118) memberofdomainregion(A,B) :- haspart(B,C), haspart(E,C), memberofdomainusage(A,D), memberofdomainusage(E,D).
(r119) memberofdomainregion(A,B) :- memberofdomainusage(D,C), synsetdomaintopicof(A,E), synsetdomaintopicof(E,C), haspart(B,C).
(r120) memberofdomainregion(A,B) :- haspart(B,C), haspart(E,F), instancehypernym(A,D), instancehypernym(B,F).
(r121) memberofdomainregion(A,B) :- alsosee(D,F), alsosee(D,E), hypernym(A,E), haspart(B,C).
(r122) memberofdomainregion(A,B) :- similarto(D,C), membermeronym(F,C), alsosee(E,B), memberofdomainusage(A,F).
(r123) memberofdomainregion(A,B) :- hypernym(C,D), instancehypernym(A,D), haspart(B,C), alsosee(E,A).
(r124) memberofdomainregion(A,B) :- membermeronym(F,C), hypernym(A,F), memberofdomainusage(C,E), alsosee(B,D).
(r125) memberofdomainregion(A,B) :- synsetdomaintopicof(B,D), membermeronym(A,E), membermeronym(D,F), haspart(B,C).
(r126) memberofdomainregion(A,B) :- membermeronym(E,B), alsosee(A,D), similarto(C,E).
(r127) memberofdomainregion(A,B) :- memberofdomainusage(A,E), haspart(B,C), memberofdomainusage(D,A), membermeronym(C,D).
(r128) memberofdomainregion(A,B) :- hypernym(F,B), memberofdomainusage(A,E), membermeronym(F,C), verbgroup(A,D).
(r129) memberofdomainregion(A,B) :- haspart(C,A), similarto(B,D), instancehypernym(E,A).
(r130) memberofdomainregion(A,B) :- verbgroup(A,C), instancehypernym(A,D), haspart(B,C), memberofdomainusage(C,D).
====================
MaxSAT solving... (4223 vars, 20059 hard, 1313 soft)
number of rules: 132
program size: 561
(inv1) inv1(X1,X2,X3,X4,X5,X6,X7,X8,X9,X10) :- haspart(X1,X2), haspart(X3,X4), haspart(X5,X6), membermeronym(X7,X8), membermeronym(X9,X10).
(inv2) inv2(X1,X2,X3,X4,X5,X6) :- haspart(X1,X2), haspart(X3,X4), verbgroup(X5,X6).
(r1) memberofdomainregion(A,B) :- membermeronym(F,C), instancehypernym(E,A), derivationallyrelatedform(B,F), synsetdomaintopicof(D,B).
(r2) memberofdomainregion(A,B) :- instancehypernym(B,E), instancehypernym(B,D), memberofdomainusage(C,A).
(r3) memberofdomainregion(A,B) :- inv1(F,D,F,D,F,D,F,C,F,C), verbgroup(E,B), alsosee(A,F).
(r4) memberofdomainregion(A,B) :- synsetdomaintopicof(F,E), instancehypernym(F,D), haspart(B,C), alsosee(A,D).
(r5) memberofdomainregion(A,B) :- inv1(B,C,B,C,B,C,C,D,C,D), memberofdomainusage(B,F), instancehypernym(A,E).
(r6) memberofdomainregion(A,B) :- inv1(D,A,D,A,D,A,B,F,F,C), alsosee(E,F).
(r7) memberofdomainregion(A,B) :- inv1(D,C,D,C,D,C,C,B,C,B), alsosee(A,B).
(r8) memberofdomainregion(A,B) :- similarto(D,B), derivationallyrelatedform(E,D), membermeronym(C,A).
(r9) memberofdomainregion(A,B) :- similarto(B,A), similarto(D,B), similarto(B,C).
(r10) memberofdomainregion(A,B) :- synsetdomaintopicof(A,E), hypernym(E,D), haspart(B,C), instancehypernym(D,C).
(r11) memberofdomainregion(A,B) :- derivationallyrelatedform(D,B), membermeronym(F,C), membermeronym(E,F), similarto(A,F).
(r12) memberofdomainregion(A,B) :- alsosee(E,A), membermeronym(F,C), synsetdomaintopicof(E,F), synsetdomaintopicof(D,B).
(r13) memberofdomainregion(A,B) :- inv2(B,C,B,C,E,B), synsetdomaintopicof(A,D), derivationallyrelatedform(B,A).
(r14) memberofdomainregion(A,B) :- haspart(B,E), instancehypernym(A,D), memberofdomainusage(C,A), haspart(B,C).
(r15) memberofdomainregion(A,B) :- derivationallyrelatedform(A,E), membermeronym(F,C), instancehypernym(F,D), hypernym(D,B).
(r16) memberofdomainregion(A,B) :- memberofdomainusage(D,F), alsosee(F,E), haspart(B,C), haspart(A,E).
(r17) memberofdomainregion(A,B) :- inv1(B,C,B,C,B,C,C,E,C,E), derivationallyrelatedform(D,A), verbgroup(C,A).
(r18) memberofdomainregion(A,B) :- similarto(C,D), instancehypernym(B,D), instancehypernym(E,A).
(r19) memberofdomainregion(A,B) :- inv2(B,C,B,C,D,B), similarto(D,A), alsosee(C,A).
(r20) memberofdomainregion(A,B) :- similarto(D,F), hypernym(C,E), haspart(B,C), memberofdomainusage(A,F).
(r21) memberofdomainregion(A,B) :- inv2(B,C,B,C,A,D), hypernym(B,E), derivationallyrelatedform(A,D).
(r22) memberofdomainregion(A,B) :- hypernym(D,A), derivationallyrelatedform(A,D), alsosee(C,A), haspart(B,C).
(r23) memberofdomainregion(A,B) :- membermeronym(A,C), instancehypernym(B,E), hypernym(D,C).
(r24) memberofdomainregion(A,B) :- inv2(D,B,B,C,E,A), derivationallyrelatedform(D,A).
(r25) memberofdomainregion(A,B) :- inv2(B,C,A,E,D,B), synsetdomaintopicof(E,C).
(r26) memberofdomainregion(A,B) :- instancehypernym(B,A), verbgroup(B,C), membermeronym(D,A).
(r27) memberofdomainregion(A,B) :- inv1(A,F,A,F,A,F,F,C,A,D), instancehypernym(B,E).
(r28) memberofdomainregion(A,B) :- derivationallyrelatedform(A,D), similarto(B,C), synsetdomaintopicof(A,B).
(r29) memberofdomainregion(A,B) :- memberofdomainusage(B,C), membermeronym(F,C), synsetdomaintopicof(E,D), memberofdomainusage(E,A).
(r30) memberofdomainregion(A,B) :- synsetdomaintopicof(D,A), memberofdomainusage(D,B), memberofdomainusage(A,D), haspart(B,C).
(r31) memberofdomainregion(A,B) :- inv2(B,C,B,C,C,F), memberofdomainusage(A,E), memberofdomainusage(A,D).
(r32) memberofdomainregion(A,B) :- derivationallyrelatedform(A,D), similarto(E,C), derivationallyrelatedform(B,C).
(r33) memberofdomainregion(A,B) :- inv1(B,C,B,C,B,C,F,A,F,A), derivationallyrelatedform(E,F), hypernym(A,D).
(r34) memberofdomainregion(A,B) :- synsetdomaintopicof(E,B), similarto(D,B), derivationallyrelatedform(E,A), haspart(B,C).
(r35) memberofdomainregion(A,B) :- alsosee(B,A), hypernym(B,A), similarto(A,C).
(r36) memberofdomainregion(A,B) :- hypernym(D,A), membermeronym(F,C), hypernym(B,F), derivationallyrelatedform(E,C).
(r37) memberofdomainregion(A,B) :- similarto(E,D), hypernym(B,E), membermeronym(C,A).
(r38) memberofdomainregion(A,B) :- inv1(A,F,E,B,A,F,F,C,F,C), verbgroup(F,D).
(r39) memberofdomainregion(A,B) :- alsosee(E,B), synsetdomaintopicof(A,C), haspart(B,C), synsetdomaintopicof(D,B).
(r40) memberofdomainregion(A,B) :- alsosee(B,C), similarto(A,B), memberofdomainusage(C,D).
(r41) memberofdomainregion(A,B) :- hypernym(D,A), membermeronym(F,C), synsetdomaintopicof(B,F), hypernym(D,E).
(r42) memberofdomainregion(A,B) :- hypernym(D,E), instancehypernym(E,B), haspart(E,A), haspart(B,C).
(r43) memberofdomainregion(A,B) :- haspart(A,D), alsosee(D,A), haspart(B,C), derivationallyrelatedform(E,C).
(r44) memberofdomainregion(A,B) :- inv2(B,C,B,C,A,D), hypernym(B,C), synsetdomaintopicof(D,A).
(r45) memberofdomainregion(A,B) :- synsetdomaintopicof(C,D), haspart(E,C), haspart(B,C), haspart(A,C).
(r46) memberofdomainregion(A,B) :- synsetdomaintopicof(B,A), synsetdomaintopicof(C,B), derivationallyrelatedform(B,C).
(r47) memberofdomainregion(A,B) :- hypernym(B,A), similarto(A,D), haspart(B,C), synsetdomaintopicof(A,B).
(r48) memberofdomainregion(A,B) :- inv1(B,C,B,C,B,C,C,E,A,F), hypernym(D,B).
(r49) memberofdomainregion(A,B) :- inv1(B,C,B,C,B,C,A,E,A,E), synsetdomaintopicof(D,C), hypernym(D,B).
(r50) memberofdomainregion(A,B) :- similarto(A,E), hypernym(D,E), instancehypernym(A,F), haspart(B,C).
(r51) memberofdomainregion(A,B) :- synsetdomaintopicof(F,D), derivationallyrelatedform(D,A), haspart(E,C), haspart(B,C).
(r52) memberofdomainregion(A,B) :- inv2(B,A,B,A,C,A), memberofdomainusage(C,A).
(r53) memberofdomainregion(A,B) :- inv1(C,D,F,E,B,C,A,E,A,E).
(r54) memberofdomainregion(A,B) :- inv1(C,A,B,C,C,A,D,B,D,B), alsosee(D,C).
(r55) memberofdomainregion(A,B) :- similarto(B,E), membermeronym(F,C), synsetdomaintopicof(B,C), membermeronym(A,D).
(r56) memberofdomainregion(A,B) :- alsosee(C,A), haspart(E,C), memberofdomainusage(A,D), haspart(B,C).
(r57) memberofdomainregion(A,B) :- derivationallyrelatedform(D,F), membermeronym(F,C), hypernym(E,A), hypernym(C,B).
(r58) memberofdomainregion(A,B) :- inv2(D,A,B,C,B,E).
(r59) memberofdomainregion(A,B) :- inv1(D,B,D,B,D,B,F,C,F,C), derivationallyrelatedform(E,F), synsetdomaintopicof(A,E).
(r60) memberofdomainregion(A,B) :- instancehypernym(B,A), synsetdomaintopicof(D,C), memberofdomainusage(B,D).
(r61) memberofdomainregion(A,B) :- memberofdomainusage(B,C), verbgroup(A,C), derivationallyrelatedform(A,B).
(r62) memberofdomainregion(A,B) :- membermeronym(F,C), alsosee(D,B), similarto(F,E), memberofdomainusage(A,F).
(r63) memberofdomainregion(A,B) :- inv2(A,D,B,C,E,F), synsetdomaintopicof(B,E).
(r64) memberofdomainregion(A,B) :- hypernym(B,C), membermeronym(F,C), alsosee(E,C), memberofdomainusage(D,A).
(r65) memberofdomainregion(A,B) :- haspart(C,D), synsetdomaintopicof(E,A), similarto(D,B).
(r66) memberofdomainregion(A,B) :- inv1(F,A,F,A,F,A,F,C,F,C), alsosee(E,F), derivationallyrelatedform(B,D).
(r67) memberofdomainregion(A,B) :- inv1(B,C,B,C,B,C,A,E,A,E), hypernym(C,B), derivationallyrelatedform(D,A).
(r68) memberofdomainregion(A,B) :- inv1(B,C,B,C,B,C,D,B,D,B), similarto(A,D), similarto(B,D).
(r69) memberofdomainregion(A,B) :- derivationallyrelatedform(E,B), haspart(B,D), haspart(B,C), haspart(A,E).
(r70) memberofdomainregion(A,B) :- verbgroup(E,D), membermeronym(F,C), alsosee(E,B), verbgroup(F,A).
(r71) memberofdomainregion(A,B) :- inv2(B,C,B,C,B,E), alsosee(C,E), hypernym(A,D).
(r72) memberofdomainregion(A,B) :- inv1(A,D,A,D,A,D,F,C,F,C), derivationallyrelatedform(F,B), synsetdomaintopicof(F,E).
(r73) memberofdomainregion(A,B) :- synsetdomaintopicof(F,D), alsosee(E,F), haspart(B,C), memberofdomainusage(A,F).
(r74) memberofdomainregion(A,B) :- inv2(E,C,E,C,E,A), derivationallyrelatedform(D,B).
(r75) memberofdomainregion(A,B) :- inv2(D,E,B,C,B,F), synsetdomaintopicof(A,E).
(r76) memberofdomainregion(A,B) :- inv1(B,C,B,C,B,C,A,E,A,E), alsosee(D,E), memberofdomainusage(E,A).
(r77) memberofdomainregion(A,B) :- alsosee(D,B), alsosee(F,E), haspart(B,C), alsosee(A,F).
(r78) memberofdomainregion(A,B) :- synsetdomaintopicof(A,D), instancehypernym(B,C), memberofdomainusage(C,D).
(r79) memberofdomainregion(A,B) :- memberofdomainusage(A,E), derivationallyrelatedform(B,D), haspart(B,C), synsetdomaintopicof(A,C).
(r80) memberofdomainregion(A,B) :- inv1(B,C,B,C,B,C,E,D,E,D), derivationallyrelatedform(A,E), derivationallyrelatedform(C,E).
(r81) memberofdomainregion(A,B) :- inv1(A,F,A,F,A,F,F,C,F,C), hypernym(B,D), instancehypernym(D,E).
(r82) memberofdomainregion(A,B) :- membermeronym(F,C), instancehypernym(D,E), memberofdomainusage(D,A), verbgroup(F,B).
(r83) memberofdomainregion(A,B) :- derivationallyrelatedform(B,A), synsetdomaintopicof(C,D), alsosee(B,D).
(r84) memberofdomainregion(A,B) :- derivationallyrelatedform(A,B), haspart(A,C), instancehypernym(B,C).
(r85) memberofdomainregion(A,B) :- inv1(B,C,B,C,B,C,A,E,A,E), similarto(E,D), derivationallyrelatedform(B,A).
(r86) memberofdomainregion(A,B) :- inv1(B,C,B,C,B,C,A,E,A,E), instancehypernym(A,D), derivationallyrelatedform(B,C).
(r87) memberofdomainregion(A,B) :- inv2(B,C,B,C,A,F), verbgroup(A,E), hypernym(A,D).
(r88) memberofdomainregion(A,B) :- inv1(B,C,B,C,B,C,A,E,A,E), hypernym(B,D), derivationallyrelatedform(D,C).
(r89) memberofdomainregion(A,B) :- haspart(D,B), derivationallyrelatedform(D,B), hypernym(E,A), haspart(B,C).
(r90) memberofdomainregion(A,B) :- derivationallyrelatedform(D,B), membermeronym(F,C), similarto(E,A), hypernym(E,F).
(r91) memberofdomainregion(A,B) :- alsosee(A,B), instancehypernym(B,D), synsetdomaintopicof(B,C).
(r92) memberofdomainregion(A,B) :- inv2(B,C,B,C,D,B), hypernym(F,B), alsosee(E,A).
(r93) memberofdomainregion(A,B) :- memberofdomainusage(B,F), derivationallyrelatedform(D,E), instancehypernym(A,E), haspart(B,C).
(r94) memberofdomainregion(A,B) :- inv2(B,C,B,C,E,B), derivationallyrelatedform(A,B), alsosee(A,D).
(r95) memberofdomainregion(A,B) :- hypernym(B,D), hypernym(E,D), haspart(A,C).
(r96) memberofdomainregion(A,B) :- instancehypernym(D,B), derivationallyrelatedform(A,D), instancehypernym(C,D), haspart(B,C).
(r97) memberofdomainregion(A,B) :- inv1(B,C,B,C,B,C,C,B,E,A), alsosee(D,B).
(r98) memberofdomainregion(A,B) :- similarto(D,B), derivationallyrelatedform(C,D), memberofdomainusage(E,A).
(r99) memberofdomainregion(A,B) :- alsosee(B,A), hypernym(A,D), derivationallyrelatedform(B,C).
(r100) memberofdomainregion(A,B) :- inv1(E,D,E,D,E,D,F,C,F,C), derivationallyrelatedform(F,A), memberofdomainusage(B,D).
(r101) memberofdomainregion(A,B) :- alsosee(E,C), membermeronym(F,C), derivationallyrelatedform(A,F), synsetdomaintopicof(D,B).
(r102) memberofdomainregion(A,B) :- memberofdomainusage(A,E), memberofdomainusage(C,B), membermeronym(C,D).
(r103) memberofdomainregion(A,B) :- memberofdomainusage(B,A), hypernym(B,A), derivationallyrelatedform(B,C).
(r104) memberofdomainregion(A,B) :- verbgroup(A,C), synsetdomaintopicof(A,B), hypernym(D,B).
(r105) memberofdomainregion(A,B) :- derivationallyrelatedform(D,B), hypernym(A,C), hypernym(E,C).
(r106) memberofdomainregion(A,B) :- inv1(B,C,B,C,B,C,A,E,A,E), hypernym(B,A), alsosee(D,B).
(r107) memberofdomainregion(A,B) :- similarto(B,D), instancehypernym(C,D), haspart(B,C), alsosee(A,D).
(r108) memberofdomainregion(A,B) :- inv1(B,C,B,C,B,C,D,B,D,B), verbgroup(F,E), instancehypernym(F,A).
(r109) memberofdomainregion(A,B) :- inv2(D,B,B,C,E,B), memberofdomainusage(A,C).
(r110) memberofdomainregion(A,B) :- synsetdomaintopicof(B,A), instancehypernym(A,B), derivationallyrelatedform(A,C).
(r111) memberofdomainregion(A,B) :- verbgroup(B,F), membermeronym(F,C), synsetdomaintopicof(B,D), hypernym(A,E).
(r112) memberofdomainregion(A,B) :- verbgroup(B,F), membermeronym(F,C), membermeronym(A,D), similarto(D,E).
(r113) memberofdomainregion(A,B) :- inv2(A,B,A,B,A,C), hypernym(A,D).
(r114) memberofdomainregion(A,B) :- synsetdomaintopicof(B,D), instancehypernym(D,A), alsosee(C,B).
(r115) memberofdomainregion(A,B) :- similarto(A,E), instancehypernym(F,B), haspart(B,C), similarto(E,D).
(r116) memberofdomainregion(A,B) :- alsosee(C,E), haspart(A,D), alsosee(B,A), haspart(B,C).
(r117) memberofdomainregion(A,B) :- inv1(D,C,D,C,D,C,F,C,F,C), instancehypernym(A,E), verbgroup(B,C).
(r118) memberofdomainregion(A,B) :- haspart(B,C), haspart(E,C), memberofdomainusage(A,D), memberofdomainusage(E,D).
(r119) memberofdomainregion(A,B) :- memberofdomainusage(D,C), synsetdomaintopicof(A,E), synsetdomaintopicof(E,C), haspart(B,C).
(r120) memberofdomainregion(A,B) :- haspart(B,C), haspart(E,F), instancehypernym(A,D), instancehypernym(B,F).
(r121) memberofdomainregion(A,B) :- alsosee(D,F), alsosee(D,E), hypernym(A,E), haspart(B,C).
(r122) memberofdomainregion(A,B) :- similarto(D,C), membermeronym(F,C), alsosee(E,B), memberofdomainusage(A,F).
(r123) memberofdomainregion(A,B) :- hypernym(C,D), instancehypernym(A,D), haspart(B,C), alsosee(E,A).
(r124) memberofdomainregion(A,B) :- membermeronym(F,C), hypernym(A,F), memberofdomainusage(C,E), alsosee(B,D).
(r125) memberofdomainregion(A,B) :- inv1(B,C,B,C,B,C,A,E,D,F), synsetdomaintopicof(B,D).
(r126) memberofdomainregion(A,B) :- membermeronym(E,B), alsosee(A,D), similarto(C,E).
(r127) memberofdomainregion(A,B) :- inv1(B,C,B,C,B,C,C,D,C,D), memberofdomainusage(A,E), memberofdomainusage(D,A).
(r128) memberofdomainregion(A,B) :- hypernym(F,B), memberofdomainusage(A,E), membermeronym(F,C), verbgroup(A,D).
(r129) memberofdomainregion(A,B) :- haspart(C,A), similarto(B,D), instancehypernym(E,A).
(r130) memberofdomainregion(A,B) :- inv2(B,C,B,C,A,C), instancehypernym(A,D), memberofdomainusage(C,D).
====================
