number of rules: 150
program size: 706
(r1) memberofdomainregion(A,B) :- membermeronym(F,C), membermeronym(E,F), haspart(A,F), similarto(D,B).
(r2) memberofdomainregion(A,B) :- alsosee(A,E), membermeronym(F,C), similarto(C,B), verbgroup(D,C).
(r3) memberofdomainregion(A,B) :- synsetdomaintopicof(B,A), haspart(D,A), similarto(C,A).
(r4) memberofdomainregion(A,B) :- membermeronym(B,C), memberofdomainusage(B,D), haspart(A,E).
(r5) memberofdomainregion(A,B) :- haspart(E,B), hypernym(D,A), synsetdomaintopicof(C,A).
(r6) memberofdomainregion(A,B) :- membermeronym(F,C), memberofdomainusage(D,B), verbgroup(B,C), memberofdomainusage(E,A).
(r7) memberofdomainregion(A,B) :- haspart(E,B), alsosee(C,A), memberofdomainusage(A,D), haspart(B,C).
(r8) memberofdomainregion(A,B) :- alsosee(A,D), synsetdomaintopicof(B,E), haspart(B,C), hypernym(D,B).
(r9) memberofdomainregion(A,B) :- membermeronym(F,C), hypernym(A,F), instancehypernym(B,D), verbgroup(D,E).
(r10) memberofdomainregion(A,B) :- membermeronym(B,A), alsosee(A,D), similarto(A,C).
(r11) memberofdomainregion(A,B) :- similarto(D,A), verbgroup(B,C), haspart(B,C), haspart(A,E).
(r12) memberofdomainregion(A,B) :- hypernym(C,D), similarto(A,E), derivationallyrelatedform(B,A), haspart(B,C).
(r13) memberofdomainregion(A,B) :- similarto(C,B), membermeronym(D,B), hypernym(A,D), haspart(B,C).
(r14) memberofdomainregion(A,B) :- verbgroup(B,D), membermeronym(E,C), membermeronym(F,C), memberofdomainusage(A,C).
(r15) memberofdomainregion(A,B) :- haspart(D,A), memberofdomainusage(D,B), instancehypernym(A,C).
(r16) memberofdomainregion(A,B) :- memberofdomainusage(E,B), derivationallyrelatedform(D,C), verbgroup(A,D).
(r17) memberofdomainregion(A,B) :- memberofdomainusage(A,E), haspart(B,C), membermeronym(D,E), memberofdomainusage(C,B).
(r18) memberofdomainregion(A,B) :- haspart(B,C), memberofdomainusage(A,E), instancehypernym(A,D), membermeronym(A,E).
(r19) memberofdomainregion(A,B) :- verbgroup(A,F), membermeronym(F,C), membermeronym(B,E), haspart(D,F).
(r20) memberofdomainregion(A,B) :- memberofdomainusage(F,C), memberofdomainusage(A,D), haspart(B,C), similarto(D,E).
(r21) memberofdomainregion(A,B) :- membermeronym(B,C), membermeronym(F,C), synsetdomaintopicof(B,D), membermeronym(E,A).
(r22) memberofdomainregion(A,B) :- alsosee(C,B), alsosee(B,D), hypernym(A,E), haspart(B,C).
(r23) memberofdomainregion(A,B) :- membermeronym(B,C), memberofdomainusage(D,F), hypernym(E,A), membermeronym(F,C).
(r24) memberofdomainregion(A,B) :- alsosee(A,F), synsetdomaintopicof(E,C), haspart(B,C), alsosee(A,D).
(r25) memberofdomainregion(A,B) :- synsetdomaintopicof(A,D), derivationallyrelatedform(D,B), haspart(B,C), instancehypernym(D,C).
(r26) memberofdomainregion(A,B) :- alsosee(A,E), memberofdomainusage(A,D), haspart(B,C), memberofdomainusage(F,D).
(r27) memberofdomainregion(A,B) :- verbgroup(A,C), memberofdomainusage(D,B), similarto(C,E).
(r28) memberofdomainregion(A,B) :- membermeronym(B,C), membermeronym(F,C), synsetdomaintopicof(D,A), alsosee(E,A).
(r29) memberofdomainregion(A,B) :- haspart(C,A), alsosee(D,B), memberofdomainusage(E,D).
(r30) memberofdomainregion(A,B) :- memberofdomainusage(F,A), membermeronym(F,C), verbgroup(B,E), derivationallyrelatedform(D,C).
(r31) memberofdomainregion(A,B) :- synsetdomaintopicof(E,D), similarto(A,D), similarto(E,B), haspart(B,C).
(r32) memberofdomainregion(A,B) :- haspart(B,C), instancehypernym(C,D), instancehypernym(A,C), haspart(A,E).
(r33) memberofdomainregion(A,B) :- verbgroup(C,D), hypernym(C,B), membermeronym(A,D), haspart(B,C).
(r34) memberofdomainregion(A,B) :- instancehypernym(E,B), haspart(B,C), similarto(D,F), memberofdomainusage(D,A).
(r35) memberofdomainregion(A,B) :- haspart(D,A), derivationallyrelatedform(A,D), hypernym(E,C), haspart(B,C).
(r36) memberofdomainregion(A,B) :- derivationallyrelatedform(A,D), similarto(C,B), membermeronym(E,A).
(r37) memberofdomainregion(A,B) :- verbgroup(A,F), membermeronym(F,C), hypernym(E,D), similarto(E,B).
(r38) memberofdomainregion(A,B) :- memberofdomainusage(B,C), instancehypernym(A,B), verbgroup(D,B), haspart(B,C).
(r39) memberofdomainregion(A,B) :- memberofdomainusage(D,C), alsosee(A,E), haspart(D,A), haspart(B,C).
(r40) memberofdomainregion(A,B) :- synsetdomaintopicof(D,E), instancehypernym(A,F), haspart(B,C), hypernym(A,E).
(r41) memberofdomainregion(A,B) :- derivationallyrelatedform(D,B), synsetdomaintopicof(C,D), haspart(E,A).
(r42) memberofdomainregion(A,B) :- haspart(B,E), derivationallyrelatedform(D,B), haspart(B,C), similarto(A,C).
(r43) memberofdomainregion(A,B) :- memberofdomainusage(C,B), hypernym(A,B), haspart(A,B).
(r44) memberofdomainregion(A,B) :- synsetdomaintopicof(D,A), similarto(A,D), instancehypernym(B,C).
(r45) memberofdomainregion(A,B) :- membermeronym(F,C), alsosee(D,B), haspart(E,A), alsosee(F,B).
(r46) memberofdomainregion(A,B) :- instancehypernym(C,A), verbgroup(C,B).
(r47) memberofdomainregion(A,B) :- verbgroup(A,D), haspart(B,C), instancehypernym(D,C), instancehypernym(E,C).
(r48) memberofdomainregion(A,B) :- memberofdomainusage(E,C), derivationallyrelatedform(E,A), haspart(B,C), verbgroup(A,D).
(r49) memberofdomainregion(A,B) :- synsetdomaintopicof(B,D), verbgroup(C,E), alsosee(E,A).
(r50) memberofdomainregion(A,B) :- similarto(A,D), derivationallyrelatedform(E,A), haspart(B,C), haspart(C,B).
(r51) memberofdomainregion(A,B) :- memberofdomainusage(B,C), derivationallyrelatedform(C,D), alsosee(D,A).
(r52) memberofdomainregion(A,B) :- alsosee(D,C), membermeronym(F,C), haspart(B,D), verbgroup(A,E).
(r53) memberofdomainregion(A,B) :- similarto(C,D), membermeronym(A,E), haspart(B,C), derivationallyrelatedform(F,A).
(r54) memberofdomainregion(A,B) :- instancehypernym(C,B), membermeronym(F,C), memberofdomainusage(D,E), synsetdomaintopicof(A,E).
(r55) memberofdomainregion(A,B) :- hypernym(A,C), membermeronym(A,D), haspart(B,C), memberofdomainusage(A,B).
(r56) memberofdomainregion(A,B) :- membermeronym(F,C), derivationallyrelatedform(B,F), membermeronym(E,D), alsosee(E,A).
(r57) memberofdomainregion(A,B) :- hypernym(B,D), verbgroup(A,F), haspart(B,C), synsetdomaintopicof(A,E).
(r58) memberofdomainregion(A,B) :- synsetdomaintopicof(E,B), membermeronym(F,C), alsosee(D,B), synsetdomaintopicof(F,A).
(r59) memberofdomainregion(A,B) :- memberofdomainusage(D,C), memberofdomainusage(A,D), haspart(B,C), similarto(D,E).
(r60) memberofdomainregion(A,B) :- haspart(E,D), alsosee(B,C), membermeronym(F,C), similarto(D,A).
(r61) memberofdomainregion(A,B) :- haspart(C,D), alsosee(A,B), verbgroup(D,B).
(r62) memberofdomainregion(A,B) :- haspart(A,D), synsetdomaintopicof(F,B), haspart(B,C), similarto(D,E).
(r63) memberofdomainregion(A,B) :- derivationallyrelatedform(D,B), similarto(A,D), similarto(B,D), haspart(B,C).
(r64) memberofdomainregion(A,B) :- instancehypernym(B,A), alsosee(D,B), haspart(B,C), similarto(A,C).
(r65) memberofdomainregion(A,B) :- derivationallyrelatedform(B,E), synsetdomaintopicof(A,C), hypernym(D,E).
(r66) memberofdomainregion(A,B) :- hypernym(B,D), instancehypernym(D,E), haspart(A,C).
(r67) memberofdomainregion(A,B) :- alsosee(E,D), similarto(C,E), haspart(B,C), haspart(A,E).
(r68) memberofdomainregion(A,B) :- derivationallyrelatedform(A,E), alsosee(C,D), haspart(B,C), synsetdomaintopicof(D,F).
(r69) memberofdomainregion(A,B) :- verbgroup(D,C), membermeronym(F,C), membermeronym(B,E), membermeronym(A,F).
(r70) memberofdomainregion(A,B) :- haspart(D,A), derivationallyrelatedform(B,D), hypernym(D,C).
(r71) memberofdomainregion(A,B) :- synsetdomaintopicof(A,D), membermeronym(A,E), memberofdomainusage(D,B), haspart(B,C).
(r72) memberofdomainregion(A,B) :- derivationallyrelatedform(A,E), membermeronym(D,F), membermeronym(F,B), haspart(B,C).
(r73) memberofdomainregion(A,B) :- alsosee(E,C), instancehypernym(D,B), instancehypernym(C,A), haspart(B,C).
(r74) memberofdomainregion(A,B) :- membermeronym(F,C), instancehypernym(A,D), memberofdomainusage(E,B), haspart(F,E).
(r75) memberofdomainregion(A,B) :- synsetdomaintopicof(A,D), hypernym(A,B), similarto(B,D), haspart(B,C).
(r76) memberofdomainregion(A,B) :- synsetdomaintopicof(C,B), haspart(A,D), haspart(B,C).
(r77) memberofdomainregion(A,B) :- memberofdomainusage(F,A), haspart(E,F), alsosee(D,B), haspart(B,C).
(r78) memberofdomainregion(A,B) :- haspart(D,B), similarto(A,D), alsosee(A,C).
(r79) memberofdomainregion(A,B) :- haspart(C,A), alsosee(A,D), similarto(B,C).
(r80) memberofdomainregion(A,B) :- synsetdomaintopicof(B,C), haspart(A,B), derivationallyrelatedform(B,C).
(r81) memberofdomainregion(A,B) :- membermeronym(F,C), alsosee(D,B), membermeronym(E,B), derivationallyrelatedform(A,F).
(r82) memberofdomainregion(A,B) :- synsetdomaintopicof(E,A), membermeronym(D,B), synsetdomaintopicof(F,E), haspart(B,C).
(r83) memberofdomainregion(A,B) :- hypernym(B,E), membermeronym(F,C), instancehypernym(A,D), hypernym(C,E).
(r84) memberofdomainregion(A,B) :- membermeronym(F,C), hypernym(A,F), memberofdomainusage(B,D), alsosee(E,A).
(r85) memberofdomainregion(A,B) :- derivationallyrelatedform(C,B), membermeronym(A,D), synsetdomaintopicof(A,E).
(r86) memberofdomainregion(A,B) :- instancehypernym(C,B), instancehypernym(E,A), haspart(B,C), synsetdomaintopicof(D,B).
(r87) memberofdomainregion(A,B) :- similarto(D,A), similarto(C,B).
(r88) memberofdomainregion(A,B) :- derivationallyrelatedform(A,E), verbgroup(D,C), hypernym(D,B).
(r89) memberofdomainregion(A,B) :- synsetdomaintopicof(E,B), instancehypernym(D,A), instancehypernym(A,C).
(r90) memberofdomainregion(A,B) :- synsetdomaintopicof(C,A), membermeronym(F,C), alsosee(B,D), derivationallyrelatedform(E,B).
(r91) memberofdomainregion(A,B) :- derivationallyrelatedform(A,E), hypernym(F,D), synsetdomaintopicof(C,F), haspart(B,C).
(r92) memberofdomainregion(A,B) :- haspart(D,C), synsetdomaintopicof(A,C), verbgroup(A,B).
(r93) memberofdomainregion(A,B) :- instancehypernym(D,B), memberofdomainusage(B,A), haspart(C,D).
(r94) memberofdomainregion(A,B) :- synsetdomaintopicof(A,D), memberofdomainusage(B,A), verbgroup(D,B), haspart(B,C).
(r95) memberofdomainregion(A,B) :- haspart(E,D), similarto(A,E), membermeronym(F,C), haspart(B,F).
(r96) memberofdomainregion(A,B) :- synsetdomaintopicof(A,D), instancehypernym(E,D), haspart(B,C), synsetdomaintopicof(D,B).
(r97) memberofdomainregion(A,B) :- hypernym(D,A), membermeronym(F,C), alsosee(B,E), verbgroup(F,E).
(r98) memberofdomainregion(A,B) :- alsosee(A,B), haspart(C,B), verbgroup(A,D).
(r99) memberofdomainregion(A,B) :- derivationallyrelatedform(A,D), memberofdomainusage(B,A), haspart(B,C), similarto(D,A).
(r100) memberofdomainregion(A,B) :- derivationallyrelatedform(C,B), synsetdomaintopicof(A,E), membermeronym(F,C), hypernym(D,F).
(r101) memberofdomainregion(A,B) :- synsetdomaintopicof(A,D), memberofdomainusage(B,E), membermeronym(F,B), haspart(B,C).
(r102) memberofdomainregion(A,B) :- verbgroup(C,D), alsosee(E,D), haspart(B,C), haspart(A,E).
(r103) memberofdomainregion(A,B) :- verbgroup(D,A), verbgroup(A,C), instancehypernym(B,A).
(r104) memberofdomainregion(A,B) :- alsosee(D,C), derivationallyrelatedform(B,D), haspart(B,C), haspart(A,E).
(r105) memberofdomainregion(A,B) :- similarto(C,F), membermeronym(A,E), instancehypernym(C,D), haspart(B,C).
(r106) memberofdomainregion(A,B) :- haspart(E,B), membermeronym(F,C), hypernym(F,A), haspart(D,C).
(r107) memberofdomainregion(A,B) :- memberofdomainusage(C,A), verbgroup(E,B), verbgroup(D,E).
(r108) memberofdomainregion(A,B) :- alsosee(E,C), synsetdomaintopicof(B,D), haspart(B,C), haspart(A,E).
(r109) memberofdomainregion(A,B) :- verbgroup(D,A), membermeronym(D,E), haspart(C,B).
(r110) memberofdomainregion(A,B) :- memberofdomainusage(B,F), membermeronym(F,C), memberofdomainusage(D,A), verbgroup(D,E).
(r111) memberofdomainregion(A,B) :- synsetdomaintopicof(D,A), derivationallyrelatedform(C,A), similarto(C,B).
(r112) memberofdomainregion(A,B) :- membermeronym(F,C), derivationallyrelatedform(A,D), synsetdomaintopicof(D,C), verbgroup(E,B).
(r113) memberofdomainregion(A,B) :- haspart(C,D), membermeronym(F,C), haspart(A,F), synsetdomaintopicof(B,E).
(r114) memberofdomainregion(A,B) :- instancehypernym(D,F), derivationallyrelatedform(C,E), haspart(B,C), memberofdomainusage(A,F).
(r115) memberofdomainregion(A,B) :- synsetdomaintopicof(E,B), verbgroup(E,C), hypernym(A,D).
(r116) memberofdomainregion(A,B) :- membermeronym(A,C), instancehypernym(D,B), hypernym(A,B).
(r117) memberofdomainregion(A,B) :- memberofdomainusage(E,C), synsetdomaintopicof(F,D), derivationallyrelatedform(D,A), haspart(B,C).
(r118) memberofdomainregion(A,B) :- verbgroup(D,A), derivationallyrelatedform(A,E), haspart(B,C), membermeronym(D,A).
(r119) memberofdomainregion(A,B) :- alsosee(B,C), memberofdomainusage(C,A), memberofdomainusage(B,D).
(r120) memberofdomainregion(A,B) :- membermeronym(B,C), synsetdomaintopicof(A,C), memberofdomainusage(C,D).
(r121) memberofdomainregion(A,B) :- similarto(D,B), membermeronym(A,E), membermeronym(F,C), derivationallyrelatedform(F,D).
(r122) memberofdomainregion(A,B) :- alsosee(A,C), synsetdomaintopicof(D,A), alsosee(E,B).
(r123) memberofdomainregion(A,B) :- memberofdomainusage(A,E), derivationallyrelatedform(D,E), haspart(B,C), synsetdomaintopicof(A,B).
(r124) memberofdomainregion(A,B) :- membermeronym(F,C), synsetdomaintopicof(D,A), synsetdomaintopicof(F,B), hypernym(E,F).
(r125) memberofdomainregion(A,B) :- derivationallyrelatedform(D,A), derivationallyrelatedform(E,B), memberofdomainusage(F,E), haspart(B,C).
(r126) memberofdomainregion(A,B) :- haspart(D,E), instancehypernym(F,B), haspart(B,C), verbgroup(A,D).
(r127) memberofdomainregion(A,B) :- synsetdomaintopicof(A,E), alsosee(E,F), derivationallyrelatedform(C,D), haspart(B,C).
(r128) memberofdomainregion(A,B) :- synsetdomaintopicof(D,B), membermeronym(E,A), haspart(B,C), membermeronym(C,D).
(r129) memberofdomainregion(A,B) :- membermeronym(E,B), memberofdomainusage(D,A), haspart(C,B).
(r130) memberofdomainregion(A,B) :- memberofdomainusage(D,C), hypernym(B,A), similarto(A,C).
(r131) memberofdomainregion(A,B) :- haspart(F,D), alsosee(D,E), membermeronym(A,D), haspart(B,C).
(r132) memberofdomainregion(A,B) :- verbgroup(D,A), derivationallyrelatedform(E,F), membermeronym(F,C), hypernym(B,E).
(r133) memberofdomainregion(A,B) :- membermeronym(F,C), derivationallyrelatedform(E,B), memberofdomainusage(A,D), derivationallyrelatedform(A,F).
(r134) memberofdomainregion(A,B) :- alsosee(A,E), membermeronym(F,C), hypernym(D,C), derivationallyrelatedform(B,D).
(r135) memberofdomainregion(A,B) :- similarto(C,D), alsosee(A,B), derivationallyrelatedform(D,A), haspart(B,C).
(r136) memberofdomainregion(A,B) :- haspart(B,C), memberofdomainusage(A,D), verbgroup(F,E), hypernym(E,A).
(r137) memberofdomainregion(A,B) :- synsetdomaintopicof(A,D), haspart(F,A), membermeronym(D,E), haspart(B,C).
(r138) memberofdomainregion(A,B) :- synsetdomaintopicof(E,B), membermeronym(F,C), instancehypernym(D,C), alsosee(A,F).
(r139) memberofdomainregion(A,B) :- membermeronym(F,C), haspart(A,D), similarto(F,E), derivationallyrelatedform(B,F).
(r140) memberofdomainregion(A,B) :- haspart(B,C), hypernym(A,D), verbgroup(E,B), synsetdomaintopicof(E,F).
(r141) memberofdomainregion(A,B) :- membermeronym(F,C), derivationallyrelatedform(B,F), similarto(E,B), membermeronym(D,A).
(r142) memberofdomainregion(A,B) :- membermeronym(F,C), memberofdomainusage(D,B), alsosee(F,E), memberofdomainusage(E,A).
(r143) memberofdomainregion(A,B) :- haspart(B,C), haspart(E,C), verbgroup(E,B), verbgroup(A,D).
(r144) memberofdomainregion(A,B) :- alsosee(C,B), instancehypernym(B,A), memberofdomainusage(C,D).
(r145) memberofdomainregion(A,B) :- membermeronym(C,F), derivationallyrelatedform(E,B), membermeronym(A,D), haspart(B,C).
(r146) memberofdomainregion(A,B) :- memberofdomainusage(C,B), verbgroup(A,E), membermeronym(F,C), alsosee(D,B).
(r147) memberofdomainregion(A,B) :- derivationallyrelatedform(A,E), membermeronym(F,C), similarto(B,D), membermeronym(F,B).
(r148) memberofdomainregion(A,B) :- instancehypernym(B,E), membermeronym(F,C), derivationallyrelatedform(C,A), synsetdomaintopicof(D,B).
(r149) memberofdomainregion(A,B) :- memberofdomainusage(D,C), memberofdomainusage(B,C), alsosee(A,E), haspart(B,C).
(r150) memberofdomainregion(A,B) :- derivationallyrelatedform(D,E), derivationallyrelatedform(A,D), alsosee(A,C), haspart(B,C).
====================
MaxSAT solving... (4836 vars, 21870 hard, 1500 soft)
number of rules: 152
program size: 661
(inv1) inv1(X1,X2,X3,X4,X5,X6,X7,X8) :- similarto(X1,X2), similarto(X3,X4), haspart(X5,X6), haspart(X7,X8).
(inv2) inv2(X1,X2,X3,X4,X5,X6) :- synsetdomaintopicof(X1,X2), synsetdomaintopicof(X3,X4), haspart(X5,X6).
(r1) memberofdomainregion(A,B) :- inv1(D,B,D,B,A,F,A,F), membermeronym(F,C), membermeronym(E,F).
(r2) memberofdomainregion(A,B) :- alsosee(A,E), membermeronym(F,C), similarto(C,B), verbgroup(D,C).
(r3) memberofdomainregion(A,B) :- inv1(C,A,C,A,D,A,D,A), synsetdomaintopicof(B,A).
(r4) memberofdomainregion(A,B) :- membermeronym(B,C), memberofdomainusage(B,D), haspart(A,E).
(r5) memberofdomainregion(A,B) :- inv2(C,A,C,A,E,B), hypernym(D,A).
(r6) memberofdomainregion(A,B) :- membermeronym(F,C), memberofdomainusage(D,B), verbgroup(B,C), memberofdomainusage(E,A).
(r7) memberofdomainregion(A,B) :- haspart(E,B), alsosee(C,A), memberofdomainusage(A,D), haspart(B,C).
(r8) memberofdomainregion(A,B) :- inv2(B,E,B,E,B,C), alsosee(A,D), hypernym(D,B).
(r9) memberofdomainregion(A,B) :- membermeronym(F,C), hypernym(A,F), instancehypernym(B,D), verbgroup(D,E).
(r10) memberofdomainregion(A,B) :- membermeronym(B,A), alsosee(A,D), similarto(A,C).
(r11) memberofdomainregion(A,B) :- inv1(D,A,D,A,B,C,A,E), verbgroup(B,C).
(r12) memberofdomainregion(A,B) :- inv1(A,E,A,E,B,C,B,C), hypernym(C,D), derivationallyrelatedform(B,A).
(r13) memberofdomainregion(A,B) :- inv1(C,B,C,B,B,C,B,C), membermeronym(D,B), hypernym(A,D).
(r14) memberofdomainregion(A,B) :- verbgroup(B,D), membermeronym(E,C), membermeronym(F,C), memberofdomainusage(A,C).
(r15) memberofdomainregion(A,B) :- haspart(D,A), memberofdomainusage(D,B), instancehypernym(A,C).
(r16) memberofdomainregion(A,B) :- memberofdomainusage(E,B), derivationallyrelatedform(D,C), verbgroup(A,D).
(r17) memberofdomainregion(A,B) :- memberofdomainusage(A,E), haspart(B,C), membermeronym(D,E), memberofdomainusage(C,B).
(r18) memberofdomainregion(A,B) :- haspart(B,C), memberofdomainusage(A,E), instancehypernym(A,D), membermeronym(A,E).
(r19) memberofdomainregion(A,B) :- verbgroup(A,F), membermeronym(F,C), membermeronym(B,E), haspart(D,F).
(r20) memberofdomainregion(A,B) :- inv1(D,E,D,E,B,C,B,C), memberofdomainusage(F,C), memberofdomainusage(A,D).
(r21) memberofdomainregion(A,B) :- membermeronym(B,C), membermeronym(F,C), synsetdomaintopicof(B,D), membermeronym(E,A).
(r22) memberofdomainregion(A,B) :- alsosee(C,B), alsosee(B,D), hypernym(A,E), haspart(B,C).
(r23) memberofdomainregion(A,B) :- membermeronym(B,C), memberofdomainusage(D,F), hypernym(E,A), membermeronym(F,C).
(r24) memberofdomainregion(A,B) :- inv2(E,C,E,C,B,C), alsosee(A,F), alsosee(A,D).
(r25) memberofdomainregion(A,B) :- inv2(A,D,A,D,B,C), derivationallyrelatedform(D,B), instancehypernym(D,C).
(r26) memberofdomainregion(A,B) :- alsosee(A,E), memberofdomainusage(A,D), haspart(B,C), memberofdomainusage(F,D).
(r27) memberofdomainregion(A,B) :- verbgroup(A,C), memberofdomainusage(D,B), similarto(C,E).
(r28) memberofdomainregion(A,B) :- membermeronym(B,C), membermeronym(F,C), synsetdomaintopicof(D,A), alsosee(E,A).
(r29) memberofdomainregion(A,B) :- haspart(C,A), alsosee(D,B), memberofdomainusage(E,D).
(r30) memberofdomainregion(A,B) :- memberofdomainusage(F,A), membermeronym(F,C), verbgroup(B,E), derivationallyrelatedform(D,C).
(r31) memberofdomainregion(A,B) :- inv1(A,D,E,B,B,C,B,C), synsetdomaintopicof(E,D).
(r32) memberofdomainregion(A,B) :- haspart(B,C), instancehypernym(C,D), instancehypernym(A,C), haspart(A,E).
(r33) memberofdomainregion(A,B) :- verbgroup(C,D), hypernym(C,B), membermeronym(A,D), haspart(B,C).
(r34) memberofdomainregion(A,B) :- inv1(D,F,D,F,B,C,B,C), instancehypernym(E,B), memberofdomainusage(D,A).
(r35) memberofdomainregion(A,B) :- haspart(D,A), derivationallyrelatedform(A,D), hypernym(E,C), haspart(B,C).
(r36) memberofdomainregion(A,B) :- derivationallyrelatedform(A,D), similarto(C,B), membermeronym(E,A).
(r37) memberofdomainregion(A,B) :- verbgroup(A,F), membermeronym(F,C), hypernym(E,D), similarto(E,B).
(r38) memberofdomainregion(A,B) :- memberofdomainusage(B,C), instancehypernym(A,B), verbgroup(D,B), haspart(B,C).
(r39) memberofdomainregion(A,B) :- memberofdomainusage(D,C), alsosee(A,E), haspart(D,A), haspart(B,C).
(r40) memberofdomainregion(A,B) :- inv2(D,E,D,E,B,C), instancehypernym(A,F), hypernym(A,E).
(r41) memberofdomainregion(A,B) :- inv2(C,D,C,D,E,A), derivationallyrelatedform(D,B).
(r42) memberofdomainregion(A,B) :- inv1(A,C,A,C,B,E,B,C), derivationallyrelatedform(D,B).
(r43) memberofdomainregion(A,B) :- memberofdomainusage(C,B), hypernym(A,B), haspart(A,B).
(r44) memberofdomainregion(A,B) :- synsetdomaintopicof(D,A), similarto(A,D), instancehypernym(B,C).
(r45) memberofdomainregion(A,B) :- membermeronym(F,C), alsosee(D,B), haspart(E,A), alsosee(F,B).
(r46) memberofdomainregion(A,B) :- instancehypernym(C,A), verbgroup(C,B).
(r47) memberofdomainregion(A,B) :- verbgroup(A,D), haspart(B,C), instancehypernym(D,C), instancehypernym(E,C).
(r48) memberofdomainregion(A,B) :- memberofdomainusage(E,C), derivationallyrelatedform(E,A), haspart(B,C), verbgroup(A,D).
(r49) memberofdomainregion(A,B) :- synsetdomaintopicof(B,D), verbgroup(C,E), alsosee(E,A).
(r50) memberofdomainregion(A,B) :- inv1(A,D,A,D,B,C,C,B), derivationallyrelatedform(E,A).
(r51) memberofdomainregion(A,B) :- memberofdomainusage(B,C), derivationallyrelatedform(C,D), alsosee(D,A).
(r52) memberofdomainregion(A,B) :- alsosee(D,C), membermeronym(F,C), haspart(B,D), verbgroup(A,E).
(r53) memberofdomainregion(A,B) :- inv1(C,D,C,D,B,C,B,C), membermeronym(A,E), derivationallyrelatedform(F,A).
(r54) memberofdomainregion(A,B) :- instancehypernym(C,B), membermeronym(F,C), memberofdomainusage(D,E), synsetdomaintopicof(A,E).
(r55) memberofdomainregion(A,B) :- hypernym(A,C), membermeronym(A,D), haspart(B,C), memberofdomainusage(A,B).
(r56) memberofdomainregion(A,B) :- membermeronym(F,C), derivationallyrelatedform(B,F), membermeronym(E,D), alsosee(E,A).
(r57) memberofdomainregion(A,B) :- inv2(A,E,A,E,B,C), hypernym(B,D), verbgroup(A,F).
(r58) memberofdomainregion(A,B) :- synsetdomaintopicof(E,B), membermeronym(F,C), alsosee(D,B), synsetdomaintopicof(F,A).
(r59) memberofdomainregion(A,B) :- inv1(D,E,D,E,B,C,B,C), memberofdomainusage(D,C), memberofdomainusage(A,D).
(r60) memberofdomainregion(A,B) :- inv1(D,A,D,A,E,D,E,D), alsosee(B,C), membermeronym(F,C).
(r61) memberofdomainregion(A,B) :- haspart(C,D), alsosee(A,B), verbgroup(D,B).
(r62) memberofdomainregion(A,B) :- inv1(D,E,D,E,A,D,B,C), synsetdomaintopicof(F,B).
(r63) memberofdomainregion(A,B) :- inv1(A,D,B,D,B,C,B,C), derivationallyrelatedform(D,B).
(r64) memberofdomainregion(A,B) :- instancehypernym(B,A), alsosee(D,B), haspart(B,C), similarto(A,C).
(r65) memberofdomainregion(A,B) :- derivationallyrelatedform(B,E), synsetdomaintopicof(A,C), hypernym(D,E).
(r66) memberofdomainregion(A,B) :- hypernym(B,D), instancehypernym(D,E), haspart(A,C).
(r67) memberofdomainregion(A,B) :- inv1(C,E,C,E,B,C,A,E), alsosee(E,D).
(r68) memberofdomainregion(A,B) :- inv2(D,F,D,F,B,C), derivationallyrelatedform(A,E), alsosee(C,D).
(r69) memberofdomainregion(A,B) :- verbgroup(D,C), membermeronym(F,C), membermeronym(B,E), membermeronym(A,F).
(r70) memberofdomainregion(A,B) :- haspart(D,A), derivationallyrelatedform(B,D), hypernym(D,C).
(r71) memberofdomainregion(A,B) :- inv2(A,D,A,D,B,C), membermeronym(A,E), memberofdomainusage(D,B).
(r72) memberofdomainregion(A,B) :- derivationallyrelatedform(A,E), membermeronym(D,F), membermeronym(F,B), haspart(B,C).
(r73) memberofdomainregion(A,B) :- alsosee(E,C), instancehypernym(D,B), instancehypernym(C,A), haspart(B,C).
(r74) memberofdomainregion(A,B) :- membermeronym(F,C), instancehypernym(A,D), memberofdomainusage(E,B), haspart(F,E).
(r75) memberofdomainregion(A,B) :- inv2(A,D,A,D,B,C), hypernym(A,B), similarto(B,D).
(r76) memberofdomainregion(A,B) :- inv2(C,B,C,B,A,D), haspart(B,C).
(r77) memberofdomainregion(A,B) :- memberofdomainusage(F,A), haspart(E,F), alsosee(D,B), haspart(B,C).
(r78) memberofdomainregion(A,B) :- inv1(A,D,A,D,D,B,D,B), alsosee(A,C).
(r79) memberofdomainregion(A,B) :- inv1(B,C,B,C,C,A,C,A), alsosee(A,D).
(r80) memberofdomainregion(A,B) :- inv2(B,C,B,C,A,B), derivationallyrelatedform(B,C).
(r81) memberofdomainregion(A,B) :- membermeronym(F,C), alsosee(D,B), membermeronym(E,B), derivationallyrelatedform(A,F).
(r82) memberofdomainregion(A,B) :- inv2(E,A,F,E,B,C), membermeronym(D,B).
(r83) memberofdomainregion(A,B) :- hypernym(B,E), membermeronym(F,C), instancehypernym(A,D), hypernym(C,E).
(r84) memberofdomainregion(A,B) :- membermeronym(F,C), hypernym(A,F), memberofdomainusage(B,D), alsosee(E,A).
(r85) memberofdomainregion(A,B) :- derivationallyrelatedform(C,B), membermeronym(A,D), synsetdomaintopicof(A,E).
(r86) memberofdomainregion(A,B) :- instancehypernym(C,B), instancehypernym(E,A), haspart(B,C), synsetdomaintopicof(D,B).
(r87) memberofdomainregion(A,B) :- similarto(D,A), similarto(C,B).
(r88) memberofdomainregion(A,B) :- derivationallyrelatedform(A,E), verbgroup(D,C), hypernym(D,B).
(r89) memberofdomainregion(A,B) :- synsetdomaintopicof(E,B), instancehypernym(D,A), instancehypernym(A,C).
(r90) memberofdomainregion(A,B) :- synsetdomaintopicof(C,A), membermeronym(F,C), alsosee(B,D), derivationallyrelatedform(E,B).
(r91) memberofdomainregion(A,B) :- inv2(C,F,C,F,B,C), derivationallyrelatedform(A,E), hypernym(F,D).
(r92) memberofdomainregion(A,B) :- inv2(A,C,A,C,D,C), verbgroup(A,B).
(r93) memberofdomainregion(A,B) :- instancehypernym(D,B), memberofdomainusage(B,A), haspart(C,D).
(r94) memberofdomainregion(A,B) :- inv2(A,D,A,D,B,C), memberofdomainusage(B,A), verbgroup(D,B).
(r95) memberofdomainregion(A,B) :- inv1(A,E,A,E,E,D,B,F), membermeronym(F,C).
(r96) memberofdomainregion(A,B) :- inv2(A,D,D,B,B,C), instancehypernym(E,D).
(r97) memberofdomainregion(A,B) :- hypernym(D,A), membermeronym(F,C), alsosee(B,E), verbgroup(F,E).
(r98) memberofdomainregion(A,B) :- alsosee(A,B), haspart(C,B), verbgroup(A,D).
(r99) memberofdomainregion(A,B) :- inv1(D,A,D,A,B,C,B,C), derivationallyrelatedform(A,D), memberofdomainusage(B,A).
(r100) memberofdomainregion(A,B) :- derivationallyrelatedform(C,B), synsetdomaintopicof(A,E), membermeronym(F,C), hypernym(D,F).
(r101) memberofdomainregion(A,B) :- inv2(A,D,A,D,B,C), memberofdomainusage(B,E), membermeronym(F,B).
(r102) memberofdomainregion(A,B) :- verbgroup(C,D), alsosee(E,D), haspart(B,C), haspart(A,E).
(r103) memberofdomainregion(A,B) :- verbgroup(D,A), verbgroup(A,C), instancehypernym(B,A).
(r104) memberofdomainregion(A,B) :- alsosee(D,C), derivationallyrelatedform(B,D), haspart(B,C), haspart(A,E).
(r105) memberofdomainregion(A,B) :- similarto(C,F), membermeronym(A,E), instancehypernym(C,D), haspart(B,C).
(r106) memberofdomainregion(A,B) :- haspart(E,B), membermeronym(F,C), hypernym(F,A), haspart(D,C).
(r107) memberofdomainregion(A,B) :- memberofdomainusage(C,A), verbgroup(E,B), verbgroup(D,E).
(r108) memberofdomainregion(A,B) :- inv2(B,D,B,D,B,C), alsosee(E,C), haspart(A,E).
(r109) memberofdomainregion(A,B) :- verbgroup(D,A), membermeronym(D,E), haspart(C,B).
(r110) memberofdomainregion(A,B) :- memberofdomainusage(B,F), membermeronym(F,C), memberofdomainusage(D,A), verbgroup(D,E).
(r111) memberofdomainregion(A,B) :- synsetdomaintopicof(D,A), derivationallyrelatedform(C,A), similarto(C,B).
(r112) memberofdomainregion(A,B) :- membermeronym(F,C), derivationallyrelatedform(A,D), synsetdomaintopicof(D,C), verbgroup(E,B).
(r113) memberofdomainregion(A,B) :- inv2(B,E,B,E,C,D), membermeronym(F,C), haspart(A,F).
(r114) memberofdomainregion(A,B) :- instancehypernym(D,F), derivationallyrelatedform(C,E), haspart(B,C), memberofdomainusage(A,F).
(r115) memberofdomainregion(A,B) :- synsetdomaintopicof(E,B), verbgroup(E,C), hypernym(A,D).
(r116) memberofdomainregion(A,B) :- membermeronym(A,C), instancehypernym(D,B), hypernym(A,B).
(r117) memberofdomainregion(A,B) :- inv2(F,D,F,D,B,C), memberofdomainusage(E,C), derivationallyrelatedform(D,A).
(r118) memberofdomainregion(A,B) :- verbgroup(D,A), derivationallyrelatedform(A,E), haspart(B,C), membermeronym(D,A).
(r119) memberofdomainregion(A,B) :- alsosee(B,C), memberofdomainusage(C,A), memberofdomainusage(B,D).
(r120) memberofdomainregion(A,B) :- membermeronym(B,C), synsetdomaintopicof(A,C), memberofdomainusage(C,D).
(r121) memberofdomainregion(A,B) :- similarto(D,B), membermeronym(A,E), membermeronym(F,C), derivationallyrelatedform(F,D).
(r122) memberofdomainregion(A,B) :- alsosee(A,C), synsetdomaintopicof(D,A), alsosee(E,B).
(r123) memberofdomainregion(A,B) :- inv2(A,B,A,B,B,C), memberofdomainusage(A,E), derivationallyrelatedform(D,E).
(r124) memberofdomainregion(A,B) :- membermeronym(F,C), synsetdomaintopicof(D,A), synsetdomaintopicof(F,B), hypernym(E,F).
(r125) memberofdomainregion(A,B) :- derivationallyrelatedform(D,A), derivationallyrelatedform(E,B), memberofdomainusage(F,E), haspart(B,C).
(r126) memberofdomainregion(A,B) :- haspart(D,E), instancehypernym(F,B), haspart(B,C), verbgroup(A,D).
(r127) memberofdomainregion(A,B) :- synsetdomaintopicof(A,E), alsosee(E,F), derivationallyrelatedform(C,D), haspart(B,C).
(r128) memberofdomainregion(A,B) :- inv2(D,B,D,B,B,C), membermeronym(E,A), membermeronym(C,D).
(r129) memberofdomainregion(A,B) :- membermeronym(E,B), memberofdomainusage(D,A), haspart(C,B).
(r130) memberofdomainregion(A,B) :- memberofdomainusage(D,C), hypernym(B,A), similarto(A,C).
(r131) memberofdomainregion(A,B) :- haspart(F,D), alsosee(D,E), membermeronym(A,D), haspart(B,C).
(r132) memberofdomainregion(A,B) :- verbgroup(D,A), derivationallyrelatedform(E,F), membermeronym(F,C), hypernym(B,E).
(r133) memberofdomainregion(A,B) :- membermeronym(F,C), derivationallyrelatedform(E,B), memberofdomainusage(A,D), derivationallyrelatedform(A,F).
(r134) memberofdomainregion(A,B) :- alsosee(A,E), membermeronym(F,C), hypernym(D,C), derivationallyrelatedform(B,D).
(r135) memberofdomainregion(A,B) :- similarto(C,D), alsosee(A,B), derivationallyrelatedform(D,A), haspart(B,C).
(r136) memberofdomainregion(A,B) :- haspart(B,C), memberofdomainusage(A,D), verbgroup(F,E), hypernym(E,A).
(r137) memberofdomainregion(A,B) :- synsetdomaintopicof(A,D), haspart(F,A), membermeronym(D,E), haspart(B,C).
(r138) memberofdomainregion(A,B) :- synsetdomaintopicof(E,B), membermeronym(F,C), instancehypernym(D,C), alsosee(A,F).
(r139) memberofdomainregion(A,B) :- membermeronym(F,C), haspart(A,D), similarto(F,E), derivationallyrelatedform(B,F).
(r140) memberofdomainregion(A,B) :- inv2(E,F,E,F,B,C), hypernym(A,D), verbgroup(E,B).
(r141) memberofdomainregion(A,B) :- membermeronym(F,C), derivationallyrelatedform(B,F), similarto(E,B), membermeronym(D,A).
(r142) memberofdomainregion(A,B) :- membermeronym(F,C), memberofdomainusage(D,B), alsosee(F,E), memberofdomainusage(E,A).
(r143) memberofdomainregion(A,B) :- haspart(B,C), haspart(E,C), verbgroup(E,B), verbgroup(A,D).
(r144) memberofdomainregion(A,B) :- alsosee(C,B), instancehypernym(B,A), memberofdomainusage(C,D).
(r145) memberofdomainregion(A,B) :- membermeronym(C,F), derivationallyrelatedform(E,B), membermeronym(A,D), haspart(B,C).
(r146) memberofdomainregion(A,B) :- memberofdomainusage(C,B), verbgroup(A,E), membermeronym(F,C), alsosee(D,B).
(r147) memberofdomainregion(A,B) :- derivationallyrelatedform(A,E), membermeronym(F,C), similarto(B,D), membermeronym(F,B).
(r148) memberofdomainregion(A,B) :- instancehypernym(B,E), membermeronym(F,C), derivationallyrelatedform(C,A), synsetdomaintopicof(D,B).
(r149) memberofdomainregion(A,B) :- memberofdomainusage(D,C), memberofdomainusage(B,C), alsosee(A,E), haspart(B,C).
(r150) memberofdomainregion(A,B) :- derivationallyrelatedform(D,E), derivationallyrelatedform(A,D), alsosee(A,C), haspart(B,C).
====================
