number of rules: 80
program size: 382
(r1) verbgroup(A,B) :- membermeronym(C,A), derivationallyrelatedform(D,E), similarto(B,C), synsetdomaintopicof(D,B).
(r2) verbgroup(A,B) :- memberofdomainregion(E,A), similarto(B,C), haspart(A,D), hypernym(F,C).
(r3) verbgroup(A,B) :- alsosee(F,C), hypernym(E,B), synsetdomaintopicof(D,A), derivationallyrelatedform(E,C).
(r4) verbgroup(A,B) :- memberofdomainregion(D,B), alsosee(F,C), haspart(E,A), derivationallyrelatedform(D,C).
(r5) verbgroup(A,B) :- similarto(B,C), memberofdomainusage(C,A), similarto(A,E), alsosee(C,D).
(r6) verbgroup(A,B) :- haspart(B,C), hypernym(A,B), derivationallyrelatedform(A,C).
(r7) verbgroup(A,B) :- alsosee(F,C), memberofdomainregion(E,A), derivationallyrelatedform(C,B), memberofdomainusage(F,D).
(r8) verbgroup(A,B) :- memberofdomainregion(D,E), alsosee(C,F), similarto(B,C), memberofdomainregion(A,D).
(r9) verbgroup(A,B) :- similarto(B,C), similarto(D,E), haspart(A,C), haspart(D,A).
(r10) verbgroup(A,B) :- synsetdomaintopicof(E,D), membermeronym(A,E), membermeronym(F,A), similarto(B,C).
(r11) verbgroup(A,B) :- instancehypernym(D,A), alsosee(F,C), haspart(A,F), haspart(E,B).
(r12) verbgroup(A,B) :- instancehypernym(A,F), alsosee(D,B), alsosee(F,C), similarto(E,D).
(r13) verbgroup(A,B) :- hypernym(B,C), synsetdomaintopicof(E,A), similarto(D,E).
(r14) verbgroup(A,B) :- similarto(A,E), similarto(B,C), alsosee(D,C), haspart(F,E).
(r15) verbgroup(A,B) :- instancehypernym(D,E), similarto(B,C), haspart(A,D), hypernym(C,B).
(r16) verbgroup(A,B) :- similarto(A,D), hypernym(E,B), similarto(B,C), memberofdomainregion(A,D).
(r17) verbgroup(A,B) :- alsosee(C,A), alsosee(D,C), similarto(B,C), instancehypernym(A,C).
(r18) verbgroup(A,B) :- instancehypernym(A,D), membermeronym(A,E), derivationallyrelatedform(F,C), similarto(B,C).
(r19) verbgroup(A,B) :- alsosee(E,B), hypernym(D,F), alsosee(F,C), similarto(C,A).
(r20) verbgroup(A,B) :- similarto(A,F), alsosee(F,C), instancehypernym(D,B), instancehypernym(F,E).
(r21) verbgroup(A,B) :- memberofdomainregion(D,B), similarto(E,A), similarto(B,C), alsosee(C,D).
(r22) verbgroup(A,B) :- haspart(D,C), similarto(B,C), hypernym(B,E), memberofdomainusage(A,E).
(r23) verbgroup(A,B) :- hypernym(B,F), alsosee(F,C), haspart(E,D), haspart(A,D).
(r24) verbgroup(A,B) :- hypernym(C,F), memberofdomainusage(A,D), similarto(B,C), memberofdomainusage(E,D).
(r25) verbgroup(A,B) :- synsetdomaintopicof(B,C), derivationallyrelatedform(C,D), similarto(A,C).
(r26) verbgroup(A,B) :- alsosee(F,C), membermeronym(E,A), derivationallyrelatedform(C,B), haspart(A,D).
(r27) verbgroup(A,B) :- memberofdomainregion(B,C), alsosee(E,A), alsosee(B,D).
(r28) verbgroup(A,B) :- similarto(A,F), similarto(D,A), alsosee(F,C), similarto(B,E).
(r29) verbgroup(A,B) :- derivationallyrelatedform(C,D), memberofdomainusage(B,D), memberofdomainusage(E,A).
(r30) verbgroup(A,B) :- instancehypernym(A,D), similarto(C,E), similarto(B,C), haspart(A,D).
(r31) verbgroup(A,B) :- instancehypernym(B,D), haspart(A,B), memberofdomainusage(D,C).
(r32) verbgroup(A,B) :- alsosee(D,B), instancehypernym(B,A), alsosee(B,C), similarto(B,C).
(r33) verbgroup(A,B) :- similarto(C,D), synsetdomaintopicof(A,C), derivationallyrelatedform(D,B), similarto(B,C).
(r34) verbgroup(A,B) :- hypernym(D,F), alsosee(A,E), similarto(B,C), hypernym(A,D).
(r35) verbgroup(A,B) :- membermeronym(D,A), similarto(A,E), similarto(B,C), hypernym(D,C).
(r36) verbgroup(A,B) :- haspart(D,F), hypernym(E,B), alsosee(F,C), hypernym(A,D).
(r37) verbgroup(A,B) :- instancehypernym(C,A), instancehypernym(D,B), derivationallyrelatedform(C,A).
(r38) verbgroup(A,B) :- similarto(B,C), memberofdomainusage(D,B), instancehypernym(A,E), instancehypernym(E,C).
(r39) verbgroup(A,B) :- instancehypernym(E,A), derivationallyrelatedform(B,D), alsosee(C,B).
(r40) verbgroup(A,B) :- memberofdomainregion(C,D), memberofdomainusage(A,B), similarto(B,C), similarto(A,C).
(r41) verbgroup(A,B) :- derivationallyrelatedform(F,A), alsosee(F,C), similarto(B,E), instancehypernym(D,C).
(r42) verbgroup(A,B) :- instancehypernym(A,D), similarto(B,E), derivationallyrelatedform(F,C), similarto(B,C).
(r43) verbgroup(A,B) :- synsetdomaintopicof(A,D), derivationallyrelatedform(C,B), haspart(A,D).
(r44) verbgroup(A,B) :- alsosee(F,C), synsetdomaintopicof(D,A), synsetdomaintopicof(E,B), memberofdomainusage(F,D).
(r45) verbgroup(A,B) :- instancehypernym(E,A), synsetdomaintopicof(F,A), similarto(B,C), synsetdomaintopicof(D,B).
(r46) verbgroup(A,B) :- alsosee(F,C), memberofdomainusage(E,B), synsetdomaintopicof(A,F), synsetdomaintopicof(B,D).
(r47) verbgroup(A,B) :- memberofdomainregion(B,F), synsetdomaintopicof(E,D), instancehypernym(A,E), similarto(B,C).
(r48) verbgroup(A,B) :- similarto(A,D), alsosee(F,C), synsetdomaintopicof(E,B), synsetdomaintopicof(E,F).
(r49) verbgroup(A,B) :- memberofdomainregion(E,C), similarto(B,C), haspart(A,D), synsetdomaintopicof(F,C).
(r50) verbgroup(A,B) :- memberofdomainusage(B,C), memberofdomainusage(C,A), membermeronym(B,D).
(r51) verbgroup(A,B) :- memberofdomainregion(A,D), membermeronym(D,F), similarto(B,C), haspart(E,B).
(r52) verbgroup(A,B) :- membermeronym(F,E), membermeronym(D,B), similarto(B,C), alsosee(A,F).
(r53) verbgroup(A,B) :- memberofdomainusage(D,E), derivationallyrelatedform(C,D), similarto(B,C), memberofdomainregion(A,D).
(r54) verbgroup(A,B) :- memberofdomainregion(B,E), haspart(D,C), memberofdomainregion(C,A).
(r55) verbgroup(A,B) :- haspart(A,B), membermeronym(B,C), synsetdomaintopicof(D,B).
(r56) verbgroup(A,B) :- haspart(A,D), similarto(B,C), hypernym(A,B), derivationallyrelatedform(D,C).
(r57) verbgroup(A,B) :- haspart(B,E), similarto(A,C), instancehypernym(D,C).
(r58) verbgroup(A,B) :- derivationallyrelatedform(C,E), alsosee(A,E), synsetdomaintopicof(D,B).
(r59) verbgroup(A,B) :- alsosee(A,D), instancehypernym(A,B), similarto(B,C), haspart(C,A).
(r60) verbgroup(A,B) :- hypernym(A,E), haspart(D,C), memberofdomainusage(E,B), similarto(B,C).
(r61) verbgroup(A,B) :- synsetdomaintopicof(D,C), derivationallyrelatedform(D,A), similarto(D,B), similarto(B,C).
(r62) verbgroup(A,B) :- memberofdomainusage(D,E), alsosee(F,C), similarto(B,C), memberofdomainusage(E,A).
(r63) verbgroup(A,B) :- similarto(C,B), haspart(A,C), similarto(D,C).
(r64) verbgroup(A,B) :- similarto(D,B), hypernym(C,A), alsosee(A,C).
(r65) verbgroup(A,B) :- derivationallyrelatedform(B,D), membermeronym(A,E), similarto(B,C), similarto(D,C).
(r66) verbgroup(A,B) :- derivationallyrelatedform(A,D), alsosee(A,E), similarto(B,C), haspart(F,E).
(r67) verbgroup(A,B) :- derivationallyrelatedform(B,D), membermeronym(A,E), hypernym(E,D), similarto(B,C).
(r68) verbgroup(A,B) :- membermeronym(A,E), memberofdomainregion(F,D), haspart(B,D), similarto(B,C).
(r69) verbgroup(A,B) :- derivationallyrelatedform(F,E), alsosee(F,C), haspart(C,B), haspart(A,D).
(r70) verbgroup(A,B) :- memberofdomainregion(B,E), alsosee(D,B), similarto(B,C), hypernym(F,A).
(r71) verbgroup(A,B) :- derivationallyrelatedform(E,A), alsosee(F,C), membermeronym(C,D), alsosee(B,D).
(r72) verbgroup(A,B) :- similarto(B,E), memberofdomainusage(D,C), similarto(B,C), memberofdomainregion(A,D).
(r73) verbgroup(A,B) :- memberofdomainusage(D,A), similarto(B,C), instancehypernym(C,F), memberofdomainusage(A,E).
(r74) verbgroup(A,B) :- membermeronym(D,E), hypernym(C,B), similarto(B,C), synsetdomaintopicof(A,E).
(r75) verbgroup(A,B) :- synsetdomaintopicof(B,C), memberofdomainregion(D,A), similarto(E,D).
(r76) verbgroup(A,B) :- instancehypernym(A,D), membermeronym(A,E), derivationallyrelatedform(E,B), similarto(B,C).
(r77) verbgroup(A,B) :- membermeronym(A,D), alsosee(C,D), haspart(E,B).
(r78) verbgroup(A,B) :- derivationallyrelatedform(D,B), alsosee(F,C), hypernym(A,C), derivationallyrelatedform(A,E).
(r79) verbgroup(A,B) :- haspart(A,E), synsetdomaintopicof(E,B), similarto(B,C), hypernym(D,C).
(r80) verbgroup(A,B) :- derivationallyrelatedform(C,A), alsosee(F,C), hypernym(B,D), memberofdomainregion(D,E).
====================
MaxSAT solving... (2638 vars, 11700 hard, 826 soft)
number of rules: 82
program size: 348
(inv1) inv1(X1,X2,X3,X4,X5,X6) :- similarto(X1,X2), similarto(X3,X4), haspart(X5,X6).
(inv2) inv2(X1,X2,X3,X4,X5,X6,X7,X8,X9,X10) :- alsosee(X1,X2), alsosee(X3,X4), similarto(X5,X6), similarto(X7,X8), similarto(X9,X10).
(r1) verbgroup(A,B) :- membermeronym(C,A), derivationallyrelatedform(D,E), similarto(B,C), synsetdomaintopicof(D,B).
(r2) verbgroup(A,B) :- inv1(B,C,B,C,A,D), memberofdomainregion(E,A), hypernym(F,C).
(r3) verbgroup(A,B) :- alsosee(F,C), hypernym(E,B), synsetdomaintopicof(D,A), derivationallyrelatedform(E,C).
(r4) verbgroup(A,B) :- memberofdomainregion(D,B), alsosee(F,C), haspart(E,A), derivationallyrelatedform(D,C).
(r5) verbgroup(A,B) :- inv2(C,D,C,D,B,C,A,E,B,C), memberofdomainusage(C,A).
(r6) verbgroup(A,B) :- haspart(B,C), hypernym(A,B), derivationallyrelatedform(A,C).
(r7) verbgroup(A,B) :- alsosee(F,C), memberofdomainregion(E,A), derivationallyrelatedform(C,B), memberofdomainusage(F,D).
(r8) verbgroup(A,B) :- inv2(C,F,C,F,B,C,B,C,B,C), memberofdomainregion(D,E), memberofdomainregion(A,D).
(r9) verbgroup(A,B) :- inv1(B,C,D,E,A,C), haspart(D,A).
(r10) verbgroup(A,B) :- synsetdomaintopicof(E,D), membermeronym(A,E), membermeronym(F,A), similarto(B,C).
(r11) verbgroup(A,B) :- instancehypernym(D,A), alsosee(F,C), haspart(A,F), haspart(E,B).
(r12) verbgroup(A,B) :- inv2(D,B,F,C,E,D,E,D,E,D), instancehypernym(A,F).
(r13) verbgroup(A,B) :- hypernym(B,C), synsetdomaintopicof(E,A), similarto(D,E).
(r14) verbgroup(A,B) :- inv1(A,E,B,C,F,E), inv2(D,C,D,C,A,E,A,E,A,E).
(r15) verbgroup(A,B) :- inv1(B,C,B,C,A,D), instancehypernym(D,E), hypernym(C,B).
(r16) verbgroup(A,B) :- similarto(A,D), hypernym(E,B), similarto(B,C), memberofdomainregion(A,D).
(r17) verbgroup(A,B) :- inv2(C,A,D,C,B,C,B,C,B,C), instancehypernym(A,C).
(r18) verbgroup(A,B) :- instancehypernym(A,D), membermeronym(A,E), derivationallyrelatedform(F,C), similarto(B,C).
(r19) verbgroup(A,B) :- inv2(E,B,F,C,C,A,C,A,C,A), hypernym(D,F).
(r20) verbgroup(A,B) :- inv2(F,C,F,C,A,F,A,F,A,F), instancehypernym(D,B), instancehypernym(F,E).
(r21) verbgroup(A,B) :- inv2(C,D,C,D,E,A,B,C,E,A), memberofdomainregion(D,B).
(r22) verbgroup(A,B) :- inv1(B,C,B,C,D,C), hypernym(B,E), memberofdomainusage(A,E).
(r23) verbgroup(A,B) :- hypernym(B,F), alsosee(F,C), haspart(E,D), haspart(A,D).
(r24) verbgroup(A,B) :- hypernym(C,F), memberofdomainusage(A,D), similarto(B,C), memberofdomainusage(E,D).
(r25) verbgroup(A,B) :- synsetdomaintopicof(B,C), derivationallyrelatedform(C,D), similarto(A,C).
(r26) verbgroup(A,B) :- alsosee(F,C), membermeronym(E,A), derivationallyrelatedform(C,B), haspart(A,D).
(r27) verbgroup(A,B) :- memberofdomainregion(B,C), alsosee(E,A), alsosee(B,D).
(r28) verbgroup(A,B) :- inv2(F,C,F,C,A,F,D,A,B,E).
(r29) verbgroup(A,B) :- derivationallyrelatedform(C,D), memberofdomainusage(B,D), memberofdomainusage(E,A).
(r30) verbgroup(A,B) :- inv1(C,E,B,C,A,D), instancehypernym(A,D).
(r31) verbgroup(A,B) :- instancehypernym(B,D), haspart(A,B), memberofdomainusage(D,C).
(r32) verbgroup(A,B) :- inv2(D,B,B,C,B,C,B,C,B,C), instancehypernym(B,A).
(r33) verbgroup(A,B) :- similarto(C,D), synsetdomaintopicof(A,C), derivationallyrelatedform(D,B), similarto(B,C).
(r34) verbgroup(A,B) :- inv2(A,E,A,E,B,C,B,C,B,C), hypernym(D,F), hypernym(A,D).
(r35) verbgroup(A,B) :- membermeronym(D,A), similarto(A,E), similarto(B,C), hypernym(D,C).
(r36) verbgroup(A,B) :- haspart(D,F), hypernym(E,B), alsosee(F,C), hypernym(A,D).
(r37) verbgroup(A,B) :- instancehypernym(C,A), instancehypernym(D,B), derivationallyrelatedform(C,A).
(r38) verbgroup(A,B) :- similarto(B,C), memberofdomainusage(D,B), instancehypernym(A,E), instancehypernym(E,C).
(r39) verbgroup(A,B) :- instancehypernym(E,A), derivationallyrelatedform(B,D), alsosee(C,B).
(r40) verbgroup(A,B) :- memberofdomainregion(C,D), memberofdomainusage(A,B), similarto(B,C), similarto(A,C).
(r41) verbgroup(A,B) :- inv2(F,C,F,C,B,E,B,E,B,E), derivationallyrelatedform(F,A), instancehypernym(D,C).
(r42) verbgroup(A,B) :- instancehypernym(A,D), similarto(B,E), derivationallyrelatedform(F,C), similarto(B,C).
(r43) verbgroup(A,B) :- synsetdomaintopicof(A,D), derivationallyrelatedform(C,B), haspart(A,D).
(r44) verbgroup(A,B) :- alsosee(F,C), synsetdomaintopicof(D,A), synsetdomaintopicof(E,B), memberofdomainusage(F,D).
(r45) verbgroup(A,B) :- instancehypernym(E,A), synsetdomaintopicof(F,A), similarto(B,C), synsetdomaintopicof(D,B).
(r46) verbgroup(A,B) :- alsosee(F,C), memberofdomainusage(E,B), synsetdomaintopicof(A,F), synsetdomaintopicof(B,D).
(r47) verbgroup(A,B) :- memberofdomainregion(B,F), synsetdomaintopicof(E,D), instancehypernym(A,E), similarto(B,C).
(r48) verbgroup(A,B) :- inv2(F,C,F,C,A,D,A,D,A,D), synsetdomaintopicof(E,B), synsetdomaintopicof(E,F).
(r49) verbgroup(A,B) :- inv1(B,C,B,C,A,D), memberofdomainregion(E,C), synsetdomaintopicof(F,C).
(r50) verbgroup(A,B) :- memberofdomainusage(B,C), memberofdomainusage(C,A), membermeronym(B,D).
(r51) verbgroup(A,B) :- inv1(B,C,B,C,E,B), memberofdomainregion(A,D), membermeronym(D,F).
(r52) verbgroup(A,B) :- inv2(A,F,A,F,B,C,B,C,B,C), membermeronym(F,E), membermeronym(D,B).
(r53) verbgroup(A,B) :- memberofdomainusage(D,E), derivationallyrelatedform(C,D), similarto(B,C), memberofdomainregion(A,D).
(r54) verbgroup(A,B) :- memberofdomainregion(B,E), haspart(D,C), memberofdomainregion(C,A).
(r55) verbgroup(A,B) :- haspart(A,B), membermeronym(B,C), synsetdomaintopicof(D,B).
(r56) verbgroup(A,B) :- inv1(B,C,B,C,A,D), hypernym(A,B), derivationallyrelatedform(D,C).
(r57) verbgroup(A,B) :- inv1(A,C,A,C,B,E), instancehypernym(D,C).
(r58) verbgroup(A,B) :- derivationallyrelatedform(C,E), alsosee(A,E), synsetdomaintopicof(D,B).
(r59) verbgroup(A,B) :- inv1(B,C,B,C,C,A), inv2(A,D,A,D,B,C,B,C,B,C), instancehypernym(A,B).
(r60) verbgroup(A,B) :- inv1(B,C,B,C,D,C), hypernym(A,E), memberofdomainusage(E,B).
(r61) verbgroup(A,B) :- synsetdomaintopicof(D,C), derivationallyrelatedform(D,A), similarto(D,B), similarto(B,C).
(r62) verbgroup(A,B) :- inv2(F,C,F,C,B,C,B,C,B,C), memberofdomainusage(D,E), memberofdomainusage(E,A).
(r63) verbgroup(A,B) :- inv1(C,B,D,C,A,C).
(r64) verbgroup(A,B) :- inv2(A,C,A,C,D,B,D,B,D,B), hypernym(C,A).
(r65) verbgroup(A,B) :- derivationallyrelatedform(B,D), membermeronym(A,E), similarto(B,C), similarto(D,C).
(r66) verbgroup(A,B) :- inv2(A,E,A,E,B,C,B,C,B,C), derivationallyrelatedform(A,D), haspart(F,E).
(r67) verbgroup(A,B) :- derivationallyrelatedform(B,D), membermeronym(A,E), hypernym(E,D), similarto(B,C).
(r68) verbgroup(A,B) :- inv1(B,C,B,C,B,D), membermeronym(A,E), memberofdomainregion(F,D).
(r69) verbgroup(A,B) :- derivationallyrelatedform(F,E), alsosee(F,C), haspart(C,B), haspart(A,D).
(r70) verbgroup(A,B) :- inv2(D,B,D,B,B,C,B,C,B,C), memberofdomainregion(B,E), hypernym(F,A).
(r71) verbgroup(A,B) :- derivationallyrelatedform(E,A), alsosee(F,C), membermeronym(C,D), alsosee(B,D).
(r72) verbgroup(A,B) :- similarto(B,E), memberofdomainusage(D,C), similarto(B,C), memberofdomainregion(A,D).
(r73) verbgroup(A,B) :- memberofdomainusage(D,A), similarto(B,C), instancehypernym(C,F), memberofdomainusage(A,E).
(r74) verbgroup(A,B) :- membermeronym(D,E), hypernym(C,B), similarto(B,C), synsetdomaintopicof(A,E).
(r75) verbgroup(A,B) :- synsetdomaintopicof(B,C), memberofdomainregion(D,A), similarto(E,D).
(r76) verbgroup(A,B) :- instancehypernym(A,D), membermeronym(A,E), derivationallyrelatedform(E,B), similarto(B,C).
(r77) verbgroup(A,B) :- membermeronym(A,D), alsosee(C,D), haspart(E,B).
(r78) verbgroup(A,B) :- derivationallyrelatedform(D,B), alsosee(F,C), hypernym(A,C), derivationallyrelatedform(A,E).
(r79) verbgroup(A,B) :- inv1(B,C,B,C,A,E), synsetdomaintopicof(E,B), hypernym(D,C).
(r80) verbgroup(A,B) :- derivationallyrelatedform(C,A), alsosee(F,C), hypernym(B,D), memberofdomainregion(D,E).
====================
