number of rules: 160
program size: 766
(r1) memberofdomainregion(A,B) :- derivationallyrelatedform(A,E), haspart(B,C), hypernym(A,E), memberofdomainusage(B,D).
(r2) memberofdomainregion(A,B) :- similarto(D,E), hypernym(A,D), haspart(B,C), alsosee(E,A).
(r3) memberofdomainregion(A,B) :- synsetdomaintopicof(E,A), haspart(A,D), membermeronym(C,E), haspart(B,C).
(r4) memberofdomainregion(A,B) :- alsosee(C,E), membermeronym(F,C), instancehypernym(B,D), memberofdomainusage(A,F).
(r5) memberofdomainregion(A,B) :- synsetdomaintopicof(D,E), instancehypernym(A,D), membermeronym(A,D), haspart(B,C).
(r6) memberofdomainregion(A,B) :- derivationallyrelatedform(A,E), haspart(C,D), haspart(B,C), similarto(A,C).
(r7) memberofdomainregion(A,B) :- derivationallyrelatedform(C,B), haspart(D,A), similarto(C,E).
(r8) memberofdomainregion(A,B) :- similarto(A,E), hypernym(D,C), haspart(B,C), synsetdomaintopicof(B,E).
(r9) memberofdomainregion(A,B) :- haspart(D,B), haspart(A,D), derivationallyrelatedform(D,E), haspart(B,C).
(r10) memberofdomainregion(A,B) :- instancehypernym(B,E), membermeronym(F,C), verbgroup(D,B), similarto(C,A).
(r11) memberofdomainregion(A,B) :- alsosee(A,D), verbgroup(E,F), haspart(B,C), verbgroup(D,E).
(r12) memberofdomainregion(A,B) :- verbgroup(B,D), membermeronym(F,C), synsetdomaintopicof(A,F), alsosee(E,D).
(r13) memberofdomainregion(A,B) :- membermeronym(A,E), memberofdomainusage(D,B), haspart(B,C), similarto(F,B).
(r14) memberofdomainregion(A,B) :- alsosee(D,B), alsosee(A,D), haspart(B,C), derivationallyrelatedform(E,C).
(r15) memberofdomainregion(A,B) :- hypernym(F,E), synsetdomaintopicof(A,D), alsosee(C,E), haspart(B,C).
(r16) memberofdomainregion(A,B) :- synsetdomaintopicof(D,A), membermeronym(D,A), similarto(B,C).
(r17) memberofdomainregion(A,B) :- haspart(B,E), memberofdomainusage(C,A), memberofdomainusage(E,D).
(r18) memberofdomainregion(A,B) :- haspart(E,D), similarto(A,D), synsetdomaintopicof(D,C), haspart(B,C).
(r19) memberofdomainregion(A,B) :- membermeronym(D,F), membermeronym(F,C), similarto(D,B), alsosee(E,A).
(r20) memberofdomainregion(A,B) :- verbgroup(B,F), instancehypernym(B,E), membermeronym(F,C), verbgroup(D,A).
(r21) memberofdomainregion(A,B) :- derivationallyrelatedform(A,D), alsosee(F,E), similarto(E,B), haspart(B,C).
(r22) memberofdomainregion(A,B) :- hypernym(D,F), hypernym(A,E), haspart(B,C), membermeronym(A,F).
(r23) memberofdomainregion(A,B) :- synsetdomaintopicof(A,D), hypernym(D,A), membermeronym(B,A), haspart(B,C).
(r24) memberofdomainregion(A,B) :- verbgroup(D,A), hypernym(C,B), similarto(D,B), haspart(B,C).
(r25) memberofdomainregion(A,B) :- verbgroup(E,A), membermeronym(D,B), haspart(B,C), memberofdomainusage(A,B).
(r26) memberofdomainregion(A,B) :- derivationallyrelatedform(C,B), derivationallyrelatedform(A,D), synsetdomaintopicof(C,B).
(r27) memberofdomainregion(A,B) :- membermeronym(E,C), similarto(E,B), alsosee(D,A).
(r28) memberofdomainregion(A,B) :- haspart(B,C), derivationallyrelatedform(E,A), instancehypernym(F,A), memberofdomainusage(F,D).
(r29) memberofdomainregion(A,B) :- verbgroup(E,D), haspart(A,D), haspart(B,C), similarto(E,D).
(r30) memberofdomainregion(A,B) :- derivationallyrelatedform(B,A), alsosee(D,B), membermeronym(B,A), haspart(B,C).
(r31) memberofdomainregion(A,B) :- alsosee(B,C), membermeronym(F,C), haspart(D,A), haspart(A,E).
(r32) memberofdomainregion(A,B) :- hypernym(E,B), alsosee(D,A), instancehypernym(B,C).
(r33) memberofdomainregion(A,B) :- hypernym(B,E), membermeronym(F,C), synsetdomaintopicof(D,E), verbgroup(F,A).
(r34) memberofdomainregion(A,B) :- verbgroup(D,C), haspart(B,C), instancehypernym(F,A), membermeronym(E,A).
(r35) memberofdomainregion(A,B) :- hypernym(D,A), membermeronym(F,C), memberofdomainusage(E,B), synsetdomaintopicof(E,F).
(r36) memberofdomainregion(A,B) :- derivationallyrelatedform(C,B), haspart(B,A), derivationallyrelatedform(C,D).
(r37) memberofdomainregion(A,B) :- instancehypernym(A,D), verbgroup(C,B), memberofdomainusage(A,D).
(r38) memberofdomainregion(A,B) :- verbgroup(D,A), memberofdomainusage(C,B), derivationallyrelatedform(B,A).
(r39) memberofdomainregion(A,B) :- verbgroup(E,A), similarto(C,B), memberofdomainusage(D,A).
(r40) memberofdomainregion(A,B) :- derivationallyrelatedform(D,E), memberofdomainusage(D,E), haspart(B,C), alsosee(A,D).
(r41) memberofdomainregion(A,B) :- hypernym(A,C), instancehypernym(D,A), alsosee(A,D), haspart(B,C).
(r42) memberofdomainregion(A,B) :- memberofdomainusage(B,E), verbgroup(E,C), haspart(B,C), hypernym(A,D).
(r43) memberofdomainregion(A,B) :- synsetdomaintopicof(A,D), haspart(B,C), derivationallyrelatedform(F,A), haspart(A,E).
(r44) memberofdomainregion(A,B) :- membermeronym(A,C), synsetdomaintopicof(D,A), memberofdomainusage(B,E).
(r45) memberofdomainregion(A,B) :- similarto(A,D), memberofdomainusage(A,E), instancehypernym(F,E), haspart(B,C).
(r46) memberofdomainregion(A,B) :- verbgroup(C,D), alsosee(B,A), synsetdomaintopicof(A,C).
(r47) memberofdomainregion(A,B) :- haspart(C,D), membermeronym(F,C), alsosee(B,E), derivationallyrelatedform(D,A).
(r48) memberofdomainregion(A,B) :- memberofdomainusage(B,F), similarto(E,A), membermeronym(F,C), memberofdomainusage(D,B).
(r49) memberofdomainregion(A,B) :- synsetdomaintopicof(D,A), memberofdomainusage(E,F), verbgroup(A,E), haspart(B,C).
(r50) memberofdomainregion(A,B) :- verbgroup(D,C), alsosee(D,A), derivationallyrelatedform(D,A), haspart(B,C).
(r51) memberofdomainregion(A,B) :- similarto(A,E), similarto(F,D), similarto(F,A), haspart(B,C).
(r52) memberofdomainregion(A,B) :- membermeronym(F,A), derivationallyrelatedform(D,E), haspart(B,C), hypernym(D,B).
(r53) memberofdomainregion(A,B) :- similarto(E,A), haspart(B,C), verbgroup(D,B), verbgroup(E,F).
(r54) memberofdomainregion(A,B) :- synsetdomaintopicof(D,A), similarto(B,E), instancehypernym(E,C).
(r55) memberofdomainregion(A,B) :- derivationallyrelatedform(A,E), membermeronym(D,F), haspart(B,C), instancehypernym(B,F).
(r56) memberofdomainregion(A,B) :- hypernym(A,C), haspart(A,D), haspart(D,C), haspart(B,C).
(r57) memberofdomainregion(A,B) :- hypernym(C,F), memberofdomainusage(A,D), haspart(B,C), hypernym(E,F).
(r58) memberofdomainregion(A,B) :- derivationallyrelatedform(C,B), memberofdomainusage(B,A), similarto(D,B).
(r59) memberofdomainregion(A,B) :- membermeronym(C,F), verbgroup(A,E), hypernym(D,F), haspart(B,C).
(r60) memberofdomainregion(A,B) :- alsosee(D,C), hypernym(A,B), membermeronym(D,A).
(r61) memberofdomainregion(A,B) :- hypernym(A,C), membermeronym(F,C), derivationallyrelatedform(C,D), verbgroup(E,B).
(r62) memberofdomainregion(A,B) :- membermeronym(F,C), hypernym(A,D), derivationallyrelatedform(F,E), instancehypernym(B,F).
(r63) memberofdomainregion(A,B) :- hypernym(C,D), alsosee(A,E), haspart(B,C), synsetdomaintopicof(D,F).
(r64) memberofdomainregion(A,B) :- haspart(D,B), alsosee(E,C), instancehypernym(D,A), haspart(B,C).
(r65) memberofdomainregion(A,B) :- synsetdomaintopicof(A,E), haspart(D,C), memberofdomainusage(C,A), haspart(B,C).
(r66) memberofdomainregion(A,B) :- membermeronym(C,B), instancehypernym(A,D), instancehypernym(E,C).
(r67) memberofdomainregion(A,B) :- synsetdomaintopicof(B,D), membermeronym(F,C), haspart(E,A), derivationallyrelatedform(F,E).
(r68) memberofdomainregion(A,B) :- derivationallyrelatedform(B,E), similarto(D,B), haspart(B,C), haspart(A,E).
(r69) memberofdomainregion(A,B) :- alsosee(B,C), alsosee(C,E), alsosee(A,D), haspart(B,C).
(r70) memberofdomainregion(A,B) :- membermeronym(F,C), instancehypernym(E,B), alsosee(D,E), haspart(C,A).
(r71) memberofdomainregion(A,B) :- membermeronym(F,C), synsetdomaintopicof(F,A), similarto(B,E), memberofdomainusage(E,D).
(r72) memberofdomainregion(A,B) :- instancehypernym(A,D), alsosee(D,B), hypernym(E,C), haspart(B,C).
(r73) memberofdomainregion(A,B) :- membermeronym(F,C), verbgroup(A,E), membermeronym(A,D), similarto(F,B).
(r74) memberofdomainregion(A,B) :- derivationallyrelatedform(E,B), instancehypernym(C,A), hypernym(D,C).
(r75) memberofdomainregion(A,B) :- similarto(B,E), membermeronym(F,C), derivationallyrelatedform(F,D), derivationallyrelatedform(A,C).
(r76) memberofdomainregion(A,B) :- synsetdomaintopicof(E,B), membermeronym(F,C), memberofdomainusage(A,C), verbgroup(D,B).
(r77) memberofdomainregion(A,B) :- alsosee(B,C), alsosee(B,A), instancehypernym(A,C).
(r78) memberofdomainregion(A,B) :- instancehypernym(F,E), hypernym(E,C), haspart(B,C), verbgroup(A,D).
(r79) memberofdomainregion(A,B) :- derivationallyrelatedform(C,B), memberofdomainusage(A,E), instancehypernym(C,D), haspart(B,C).
(r80) memberofdomainregion(A,B) :- membermeronym(E,C), haspart(A,D), haspart(B,C), derivationallyrelatedform(E,F).
(r81) memberofdomainregion(A,B) :- derivationallyrelatedform(B,A), haspart(A,D), derivationallyrelatedform(D,A), haspart(B,C).
(r82) memberofdomainregion(A,B) :- membermeronym(D,C), synsetdomaintopicof(D,B), haspart(B,C), memberofdomainusage(E,A).
(r83) memberofdomainregion(A,B) :- alsosee(A,E), verbgroup(E,C), alsosee(D,B).
(r84) memberofdomainregion(A,B) :- membermeronym(E,D), haspart(B,C), memberofdomainusage(B,D), instancehypernym(F,A).
(r85) memberofdomainregion(A,B) :- derivationallyrelatedform(A,E), memberofdomainusage(F,B), haspart(B,C), hypernym(D,B).
(r86) memberofdomainregion(A,B) :- synsetdomaintopicof(A,D), derivationallyrelatedform(F,E), haspart(C,E), haspart(B,C).
(r87) memberofdomainregion(A,B) :- instancehypernym(A,D), membermeronym(D,B), haspart(B,C), hypernym(D,B).
(r88) memberofdomainregion(A,B) :- verbgroup(E,D), similarto(A,E), synsetdomaintopicof(B,F), haspart(B,C).
(r89) memberofdomainregion(A,B) :- hypernym(D,E), membermeronym(F,C), alsosee(B,C), similarto(E,A).
(r90) memberofdomainregion(A,B) :- instancehypernym(D,B), memberofdomainusage(A,E), haspart(B,C), alsosee(E,A).
(r91) memberofdomainregion(A,B) :- alsosee(B,C), verbgroup(D,B), hypernym(A,E).
(r92) memberofdomainregion(A,B) :- haspart(E,B), alsosee(D,B), haspart(B,C), synsetdomaintopicof(A,E).
(r93) memberofdomainregion(A,B) :- synsetdomaintopicof(B,A), synsetdomaintopicof(D,A), derivationallyrelatedform(D,A), haspart(B,C).
(r94) memberofdomainregion(A,B) :- synsetdomaintopicof(E,A), membermeronym(F,C), membermeronym(D,B), alsosee(C,E).
(r95) memberofdomainregion(A,B) :- instancehypernym(A,D), synsetdomaintopicof(F,C), haspart(B,C), synsetdomaintopicof(B,E).
(r96) memberofdomainregion(A,B) :- synsetdomaintopicof(B,A), alsosee(D,E), alsosee(A,D), haspart(B,C).
(r97) memberofdomainregion(A,B) :- haspart(D,B), haspart(A,C), haspart(B,C), derivationallyrelatedform(B,C).
(r98) memberofdomainregion(A,B) :- alsosee(D,C), verbgroup(E,A), membermeronym(F,C), similarto(B,C).
(r99) memberofdomainregion(A,B) :- membermeronym(A,C), instancehypernym(E,B), alsosee(D,B).
(r100) memberofdomainregion(A,B) :- similarto(E,C), derivationallyrelatedform(E,D), haspart(B,C), haspart(A,E).
(r101) memberofdomainregion(A,B) :- similarto(A,E), instancehypernym(B,D), membermeronym(A,D), haspart(B,C).
(r102) memberofdomainregion(A,B) :- similarto(A,E), membermeronym(F,C), alsosee(E,F), memberofdomainusage(B,D).
(r103) memberofdomainregion(A,B) :- synsetdomaintopicof(A,E), similarto(D,C), membermeronym(A,B), haspart(B,C).
(r104) memberofdomainregion(A,B) :- membermeronym(A,E), membermeronym(F,C), similarto(D,B), hypernym(B,F).
(r105) memberofdomainregion(A,B) :- membermeronym(F,C), alsosee(F,E), alsosee(B,D), membermeronym(A,F).
(r106) memberofdomainregion(A,B) :- alsosee(F,D), membermeronym(F,C), membermeronym(B,E), verbgroup(A,D).
(r107) memberofdomainregion(A,B) :- similarto(A,B), synsetdomaintopicof(B,D), derivationallyrelatedform(C,A).
(r108) memberofdomainregion(A,B) :- membermeronym(E,A), memberofdomainusage(D,E), haspart(B,C), memberofdomainusage(A,F).
(r109) memberofdomainregion(A,B) :- alsosee(A,D), synsetdomaintopicof(B,C), verbgroup(A,D).
(r110) memberofdomainregion(A,B) :- similarto(A,B), verbgroup(A,D), haspart(B,C), instancehypernym(E,C).
(r111) memberofdomainregion(A,B) :- haspart(C,A), verbgroup(B,C), derivationallyrelatedform(C,D).
(r112) memberofdomainregion(A,B) :- membermeronym(A,C), membermeronym(D,B), hypernym(B,D).
(r113) memberofdomainregion(A,B) :- derivationallyrelatedform(A,E), hypernym(D,A), instancehypernym(D,E), haspart(B,C).
(r114) memberofdomainregion(A,B) :- similarto(C,B), membermeronym(D,A), similarto(D,E).
(r115) memberofdomainregion(A,B) :- verbgroup(B,D), membermeronym(F,C), alsosee(A,C), derivationallyrelatedform(E,B).
(r116) memberofdomainregion(A,B) :- instancehypernym(D,E), memberofdomainusage(E,B), memberofdomainusage(A,C).
(r117) memberofdomainregion(A,B) :- verbgroup(C,D), memberofdomainusage(C,B), derivationallyrelatedform(A,D), haspart(B,C).
(r118) memberofdomainregion(A,B) :- synsetdomaintopicof(A,D), instancehypernym(F,E), verbgroup(B,E), haspart(B,C).
(r119) memberofdomainregion(A,B) :- alsosee(B,D), haspart(B,C), synsetdomaintopicof(D,C), instancehypernym(A,C).
(r120) memberofdomainregion(A,B) :- hypernym(D,A), membermeronym(F,C), instancehypernym(D,E), similarto(B,C).
(r121) memberofdomainregion(A,B) :- synsetdomaintopicof(A,D), hypernym(E,C), haspart(B,C), similarto(B,C).
(r122) memberofdomainregion(A,B) :- alsosee(A,E), membermeronym(F,C), derivationallyrelatedform(F,D), instancehypernym(B,F).
(r123) memberofdomainregion(A,B) :- membermeronym(F,C), memberofdomainusage(D,B), derivationallyrelatedform(F,D), alsosee(E,A).
(r124) memberofdomainregion(A,B) :- haspart(B,C), instancehypernym(D,E), alsosee(A,D), verbgroup(C,E).
(r125) memberofdomainregion(A,B) :- verbgroup(D,B), hypernym(A,E), instancehypernym(B,C).
(r126) memberofdomainregion(A,B) :- verbgroup(D,A), similarto(A,E), memberofdomainusage(F,C), haspart(B,C).
(r127) memberofdomainregion(A,B) :- verbgroup(A,E), membermeronym(C,E), memberofdomainusage(D,E), haspart(B,C).
(r128) memberofdomainregion(A,B) :- instancehypernym(A,E), membermeronym(F,C), haspart(F,D), hypernym(C,B).
(r129) memberofdomainregion(A,B) :- hypernym(C,A), synsetdomaintopicof(D,E), alsosee(B,D).
(r130) memberofdomainregion(A,B) :- synsetdomaintopicof(E,A), instancehypernym(C,D), haspart(B,C), haspart(A,E).
(r131) memberofdomainregion(A,B) :- instancehypernym(C,B), hypernym(B,A), verbgroup(A,D).
(r132) memberofdomainregion(A,B) :- similarto(E,F), membermeronym(F,C), hypernym(F,A), similarto(B,D).
(r133) memberofdomainregion(A,B) :- haspart(E,D), haspart(A,D), verbgroup(F,C), haspart(B,C).
(r134) memberofdomainregion(A,B) :- hypernym(D,E), memberofdomainusage(A,E), synsetdomaintopicof(D,A), haspart(B,C).
(r135) memberofdomainregion(A,B) :- instancehypernym(A,B), hypernym(B,C), verbgroup(A,D).
(r136) memberofdomainregion(A,B) :- membermeronym(F,C), haspart(B,D), derivationallyrelatedform(E,D), derivationallyrelatedform(A,F).
(r137) memberofdomainregion(A,B) :- similarto(A,E), membermeronym(B,E), derivationallyrelatedform(A,D), haspart(B,C).
(r138) memberofdomainregion(A,B) :- membermeronym(F,C), instancehypernym(C,A), derivationallyrelatedform(B,D), similarto(E,F).
(r139) memberofdomainregion(A,B) :- haspart(C,A), membermeronym(D,B), alsosee(D,B), haspart(B,C).
(r140) memberofdomainregion(A,B) :- haspart(B,C), membermeronym(A,D), memberofdomainusage(D,A), similarto(D,A).
(r141) memberofdomainregion(A,B) :- alsosee(A,E), similarto(D,A), hypernym(A,D), haspart(B,C).
(r142) memberofdomainregion(A,B) :- haspart(B,C), membermeronym(E,F), alsosee(D,E), instancehypernym(F,A).
(r143) memberofdomainregion(A,B) :- verbgroup(A,C), memberofdomainusage(D,B), haspart(B,C), verbgroup(D,C).
(r144) memberofdomainregion(A,B) :- hypernym(E,B), alsosee(A,E), haspart(B,C), instancehypernym(D,C).
(r145) memberofdomainregion(A,B) :- hypernym(B,D), similarto(C,D), hypernym(D,A).
(r146) memberofdomainregion(A,B) :- synsetdomaintopicof(B,A), memberofdomainusage(B,C), alsosee(A,D).
(r147) memberofdomainregion(A,B) :- similarto(A,E), haspart(A,F), derivationallyrelatedform(B,D), haspart(B,C).
(r148) memberofdomainregion(A,B) :- instancehypernym(D,B), membermeronym(F,C), instancehypernym(E,B), similarto(C,A).
(r149) memberofdomainregion(A,B) :- hypernym(C,B), alsosee(D,E), haspart(B,C), verbgroup(A,D).
(r150) memberofdomainregion(A,B) :- haspart(F,A), memberofdomainusage(C,E), membermeronym(A,D), haspart(B,C).
(r151) memberofdomainregion(A,B) :- similarto(A,E), haspart(B,A), alsosee(D,A), haspart(B,C).
(r152) memberofdomainregion(A,B) :- instancehypernym(A,E), memberofdomainusage(C,A), haspart(B,C), hypernym(C,D).
(r153) memberofdomainregion(A,B) :- hypernym(D,A), verbgroup(A,E), memberofdomainusage(A,C), haspart(B,C).
(r154) memberofdomainregion(A,B) :- haspart(E,B), derivationallyrelatedform(B,A), haspart(A,D), haspart(B,C).
(r155) memberofdomainregion(A,B) :- derivationallyrelatedform(D,B), membermeronym(F,C), alsosee(B,E), similarto(C,A).
(r156) memberofdomainregion(A,B) :- alsosee(E,A), alsosee(D,B), haspart(B,C), memberofdomainusage(C,D).
(r157) memberofdomainregion(A,B) :- synsetdomaintopicof(D,C), membermeronym(A,D), synsetdomaintopicof(A,B).
(r158) memberofdomainregion(A,B) :- hypernym(B,C), derivationallyrelatedform(C,E), instancehypernym(A,D), haspart(B,C).
(r159) memberofdomainregion(A,B) :- memberofdomainusage(F,A), membermeronym(F,C), instancehypernym(A,D), verbgroup(E,B).
(r160) memberofdomainregion(A,B) :- similarto(A,D), haspart(C,D), haspart(B,C), haspart(A,B).
====================
MaxSAT solving... (5250 vars, 24488 hard, 1614 soft)
number of rules: 162
program size: 696
(inv1) inv1(X1,X2,X3,X4,X5,X6,X7,X8,X9,X10) :- derivationallyrelatedform(X1,X2), derivationallyrelatedform(X3,X4), haspart(X5,X6), haspart(X7,X8), haspart(X9,X10).
(inv2) inv2(X1,X2,X3,X4,X5,X6,X7,X8) :- alsosee(X1,X2), alsosee(X3,X4), haspart(X5,X6), haspart(X7,X8).
(r1) memberofdomainregion(A,B) :- inv1(A,E,A,E,B,C,B,C,B,C), hypernym(A,E), memberofdomainusage(B,D).
(r2) memberofdomainregion(A,B) :- inv2(E,A,E,A,B,C,B,C), similarto(D,E), hypernym(A,D).
(r3) memberofdomainregion(A,B) :- synsetdomaintopicof(E,A), haspart(A,D), membermeronym(C,E), haspart(B,C).
(r4) memberofdomainregion(A,B) :- alsosee(C,E), membermeronym(F,C), instancehypernym(B,D), memberofdomainusage(A,F).
(r5) memberofdomainregion(A,B) :- synsetdomaintopicof(D,E), instancehypernym(A,D), membermeronym(A,D), haspart(B,C).
(r6) memberofdomainregion(A,B) :- inv1(A,E,A,E,C,D,B,C,C,D), similarto(A,C).
(r7) memberofdomainregion(A,B) :- inv1(C,B,C,B,D,A,D,A,D,A), similarto(C,E).
(r8) memberofdomainregion(A,B) :- similarto(A,E), hypernym(D,C), haspart(B,C), synsetdomaintopicof(B,E).
(r9) memberofdomainregion(A,B) :- inv1(D,E,D,E,D,B,A,D,B,C).
(r10) memberofdomainregion(A,B) :- instancehypernym(B,E), membermeronym(F,C), verbgroup(D,B), similarto(C,A).
(r11) memberofdomainregion(A,B) :- inv2(A,D,A,D,B,C,B,C), verbgroup(E,F), verbgroup(D,E).
(r12) memberofdomainregion(A,B) :- verbgroup(B,D), membermeronym(F,C), synsetdomaintopicof(A,F), alsosee(E,D).
(r13) memberofdomainregion(A,B) :- membermeronym(A,E), memberofdomainusage(D,B), haspart(B,C), similarto(F,B).
(r14) memberofdomainregion(A,B) :- inv1(E,C,E,C,B,C,B,C,B,C), inv2(D,B,A,D,B,C,B,C).
(r15) memberofdomainregion(A,B) :- inv2(C,E,C,E,B,C,B,C), hypernym(F,E), synsetdomaintopicof(A,D).
(r16) memberofdomainregion(A,B) :- synsetdomaintopicof(D,A), membermeronym(D,A), similarto(B,C).
(r17) memberofdomainregion(A,B) :- haspart(B,E), memberofdomainusage(C,A), memberofdomainusage(E,D).
(r18) memberofdomainregion(A,B) :- haspart(E,D), similarto(A,D), synsetdomaintopicof(D,C), haspart(B,C).
(r19) memberofdomainregion(A,B) :- membermeronym(D,F), membermeronym(F,C), similarto(D,B), alsosee(E,A).
(r20) memberofdomainregion(A,B) :- verbgroup(B,F), instancehypernym(B,E), membermeronym(F,C), verbgroup(D,A).
(r21) memberofdomainregion(A,B) :- inv1(A,D,A,D,B,C,B,C,B,C), alsosee(F,E), similarto(E,B).
(r22) memberofdomainregion(A,B) :- hypernym(D,F), hypernym(A,E), haspart(B,C), membermeronym(A,F).
(r23) memberofdomainregion(A,B) :- synsetdomaintopicof(A,D), hypernym(D,A), membermeronym(B,A), haspart(B,C).
(r24) memberofdomainregion(A,B) :- verbgroup(D,A), hypernym(C,B), similarto(D,B), haspart(B,C).
(r25) memberofdomainregion(A,B) :- verbgroup(E,A), membermeronym(D,B), haspart(B,C), memberofdomainusage(A,B).
(r26) memberofdomainregion(A,B) :- derivationallyrelatedform(C,B), derivationallyrelatedform(A,D), synsetdomaintopicof(C,B).
(r27) memberofdomainregion(A,B) :- membermeronym(E,C), similarto(E,B), alsosee(D,A).
(r28) memberofdomainregion(A,B) :- inv1(E,A,E,A,B,C,B,C,B,C), instancehypernym(F,A), memberofdomainusage(F,D).
(r29) memberofdomainregion(A,B) :- verbgroup(E,D), haspart(A,D), haspart(B,C), similarto(E,D).
(r30) memberofdomainregion(A,B) :- inv1(B,A,B,A,B,C,B,C,B,C), inv2(D,B,D,B,B,C,B,C), membermeronym(B,A).
(r31) memberofdomainregion(A,B) :- inv2(B,C,B,C,D,A,A,E), membermeronym(F,C).
(r32) memberofdomainregion(A,B) :- hypernym(E,B), alsosee(D,A), instancehypernym(B,C).
(r33) memberofdomainregion(A,B) :- hypernym(B,E), membermeronym(F,C), synsetdomaintopicof(D,E), verbgroup(F,A).
(r34) memberofdomainregion(A,B) :- verbgroup(D,C), haspart(B,C), instancehypernym(F,A), membermeronym(E,A).
(r35) memberofdomainregion(A,B) :- hypernym(D,A), membermeronym(F,C), memberofdomainusage(E,B), synsetdomaintopicof(E,F).
(r36) memberofdomainregion(A,B) :- inv1(C,B,C,D,B,A,B,A,B,A).
(r37) memberofdomainregion(A,B) :- instancehypernym(A,D), verbgroup(C,B), memberofdomainusage(A,D).
(r38) memberofdomainregion(A,B) :- verbgroup(D,A), memberofdomainusage(C,B), derivationallyrelatedform(B,A).
(r39) memberofdomainregion(A,B) :- verbgroup(E,A), similarto(C,B), memberofdomainusage(D,A).
(r40) memberofdomainregion(A,B) :- inv1(D,E,D,E,B,C,B,C,B,C), inv2(A,D,A,D,B,C,B,C), memberofdomainusage(D,E).
(r41) memberofdomainregion(A,B) :- inv2(A,D,A,D,B,C,B,C), hypernym(A,C), instancehypernym(D,A).
(r42) memberofdomainregion(A,B) :- memberofdomainusage(B,E), verbgroup(E,C), haspart(B,C), hypernym(A,D).
(r43) memberofdomainregion(A,B) :- inv1(F,A,F,A,B,C,A,E,B,C), synsetdomaintopicof(A,D).
(r44) memberofdomainregion(A,B) :- membermeronym(A,C), synsetdomaintopicof(D,A), memberofdomainusage(B,E).
(r45) memberofdomainregion(A,B) :- similarto(A,D), memberofdomainusage(A,E), instancehypernym(F,E), haspart(B,C).
(r46) memberofdomainregion(A,B) :- verbgroup(C,D), alsosee(B,A), synsetdomaintopicof(A,C).
(r47) memberofdomainregion(A,B) :- inv1(D,A,D,A,C,D,C,D,C,D), membermeronym(F,C), alsosee(B,E).
(r48) memberofdomainregion(A,B) :- memberofdomainusage(B,F), similarto(E,A), membermeronym(F,C), memberofdomainusage(D,B).
(r49) memberofdomainregion(A,B) :- synsetdomaintopicof(D,A), memberofdomainusage(E,F), verbgroup(A,E), haspart(B,C).
(r50) memberofdomainregion(A,B) :- inv1(D,A,D,A,B,C,B,C,B,C), inv2(D,A,D,A,B,C,B,C), verbgroup(D,C).
(r51) memberofdomainregion(A,B) :- similarto(A,E), similarto(F,D), similarto(F,A), haspart(B,C).
(r52) memberofdomainregion(A,B) :- inv1(D,E,D,E,B,C,B,C,B,C), membermeronym(F,A), hypernym(D,B).
(r53) memberofdomainregion(A,B) :- similarto(E,A), haspart(B,C), verbgroup(D,B), verbgroup(E,F).
(r54) memberofdomainregion(A,B) :- synsetdomaintopicof(D,A), similarto(B,E), instancehypernym(E,C).
(r55) memberofdomainregion(A,B) :- inv1(A,E,A,E,B,C,B,C,B,C), membermeronym(D,F), instancehypernym(B,F).
(r56) memberofdomainregion(A,B) :- hypernym(A,C), haspart(A,D), haspart(D,C), haspart(B,C).
(r57) memberofdomainregion(A,B) :- hypernym(C,F), memberofdomainusage(A,D), haspart(B,C), hypernym(E,F).
(r58) memberofdomainregion(A,B) :- derivationallyrelatedform(C,B), memberofdomainusage(B,A), similarto(D,B).
(r59) memberofdomainregion(A,B) :- membermeronym(C,F), verbgroup(A,E), hypernym(D,F), haspart(B,C).
(r60) memberofdomainregion(A,B) :- alsosee(D,C), hypernym(A,B), membermeronym(D,A).
(r61) memberofdomainregion(A,B) :- hypernym(A,C), membermeronym(F,C), derivationallyrelatedform(C,D), verbgroup(E,B).
(r62) memberofdomainregion(A,B) :- membermeronym(F,C), hypernym(A,D), derivationallyrelatedform(F,E), instancehypernym(B,F).
(r63) memberofdomainregion(A,B) :- inv2(A,E,A,E,B,C,B,C), hypernym(C,D), synsetdomaintopicof(D,F).
(r64) memberofdomainregion(A,B) :- inv2(E,C,E,C,D,B,B,C), instancehypernym(D,A).
(r65) memberofdomainregion(A,B) :- synsetdomaintopicof(A,E), haspart(D,C), memberofdomainusage(C,A), haspart(B,C).
(r66) memberofdomainregion(A,B) :- membermeronym(C,B), instancehypernym(A,D), instancehypernym(E,C).
(r67) memberofdomainregion(A,B) :- inv1(F,E,F,E,E,A,E,A,E,A), synsetdomaintopicof(B,D), membermeronym(F,C).
(r68) memberofdomainregion(A,B) :- inv1(B,E,B,E,B,C,A,E,B,C), similarto(D,B).
(r69) memberofdomainregion(A,B) :- inv2(B,C,C,E,B,C,B,C), alsosee(A,D).
(r70) memberofdomainregion(A,B) :- inv2(D,E,D,E,C,A,C,A), membermeronym(F,C), instancehypernym(E,B).
(r71) memberofdomainregion(A,B) :- membermeronym(F,C), synsetdomaintopicof(F,A), similarto(B,E), memberofdomainusage(E,D).
(r72) memberofdomainregion(A,B) :- inv2(D,B,D,B,B,C,B,C), instancehypernym(A,D), hypernym(E,C).
(r73) memberofdomainregion(A,B) :- membermeronym(F,C), verbgroup(A,E), membermeronym(A,D), similarto(F,B).
(r74) memberofdomainregion(A,B) :- derivationallyrelatedform(E,B), instancehypernym(C,A), hypernym(D,C).
(r75) memberofdomainregion(A,B) :- similarto(B,E), membermeronym(F,C), derivationallyrelatedform(F,D), derivationallyrelatedform(A,C).
(r76) memberofdomainregion(A,B) :- synsetdomaintopicof(E,B), membermeronym(F,C), memberofdomainusage(A,C), verbgroup(D,B).
(r77) memberofdomainregion(A,B) :- alsosee(B,C), alsosee(B,A), instancehypernym(A,C).
(r78) memberofdomainregion(A,B) :- instancehypernym(F,E), hypernym(E,C), haspart(B,C), verbgroup(A,D).
(r79) memberofdomainregion(A,B) :- inv1(C,B,C,B,B,C,B,C,B,C), memberofdomainusage(A,E), instancehypernym(C,D).
(r80) memberofdomainregion(A,B) :- inv1(E,F,E,F,A,D,B,C,A,D), membermeronym(E,C).
(r81) memberofdomainregion(A,B) :- inv1(B,A,D,A,A,D,B,C,A,D).
(r82) memberofdomainregion(A,B) :- membermeronym(D,C), synsetdomaintopicof(D,B), haspart(B,C), memberofdomainusage(E,A).
(r83) memberofdomainregion(A,B) :- alsosee(A,E), verbgroup(E,C), alsosee(D,B).
(r84) memberofdomainregion(A,B) :- membermeronym(E,D), haspart(B,C), memberofdomainusage(B,D), instancehypernym(F,A).
(r85) memberofdomainregion(A,B) :- inv1(A,E,A,E,B,C,B,C,B,C), memberofdomainusage(F,B), hypernym(D,B).
(r86) memberofdomainregion(A,B) :- inv1(F,E,F,E,C,E,B,C,C,E), synsetdomaintopicof(A,D).
(r87) memberofdomainregion(A,B) :- instancehypernym(A,D), membermeronym(D,B), haspart(B,C), hypernym(D,B).
(r88) memberofdomainregion(A,B) :- verbgroup(E,D), similarto(A,E), synsetdomaintopicof(B,F), haspart(B,C).
(r89) memberofdomainregion(A,B) :- hypernym(D,E), membermeronym(F,C), alsosee(B,C), similarto(E,A).
(r90) memberofdomainregion(A,B) :- inv2(E,A,E,A,B,C,B,C), instancehypernym(D,B), memberofdomainusage(A,E).
(r91) memberofdomainregion(A,B) :- alsosee(B,C), verbgroup(D,B), hypernym(A,E).
(r92) memberofdomainregion(A,B) :- inv2(D,B,D,B,E,B,B,C), synsetdomaintopicof(A,E).
(r93) memberofdomainregion(A,B) :- inv1(D,A,D,A,B,C,B,C,B,C), synsetdomaintopicof(B,A), synsetdomaintopicof(D,A).
(r94) memberofdomainregion(A,B) :- synsetdomaintopicof(E,A), membermeronym(F,C), membermeronym(D,B), alsosee(C,E).
(r95) memberofdomainregion(A,B) :- instancehypernym(A,D), synsetdomaintopicof(F,C), haspart(B,C), synsetdomaintopicof(B,E).
(r96) memberofdomainregion(A,B) :- inv2(D,E,A,D,B,C,B,C), synsetdomaintopicof(B,A).
(r97) memberofdomainregion(A,B) :- inv1(B,C,B,C,D,B,A,C,B,C).
(r98) memberofdomainregion(A,B) :- alsosee(D,C), verbgroup(E,A), membermeronym(F,C), similarto(B,C).
(r99) memberofdomainregion(A,B) :- membermeronym(A,C), instancehypernym(E,B), alsosee(D,B).
(r100) memberofdomainregion(A,B) :- inv1(E,D,E,D,B,C,A,E,B,C), similarto(E,C).
(r101) memberofdomainregion(A,B) :- similarto(A,E), instancehypernym(B,D), membermeronym(A,D), haspart(B,C).
(r102) memberofdomainregion(A,B) :- similarto(A,E), membermeronym(F,C), alsosee(E,F), memberofdomainusage(B,D).
(r103) memberofdomainregion(A,B) :- synsetdomaintopicof(A,E), similarto(D,C), membermeronym(A,B), haspart(B,C).
(r104) memberofdomainregion(A,B) :- membermeronym(A,E), membermeronym(F,C), similarto(D,B), hypernym(B,F).
(r105) memberofdomainregion(A,B) :- membermeronym(F,C), alsosee(F,E), alsosee(B,D), membermeronym(A,F).
(r106) memberofdomainregion(A,B) :- alsosee(F,D), membermeronym(F,C), membermeronym(B,E), verbgroup(A,D).
(r107) memberofdomainregion(A,B) :- similarto(A,B), synsetdomaintopicof(B,D), derivationallyrelatedform(C,A).
(r108) memberofdomainregion(A,B) :- membermeronym(E,A), memberofdomainusage(D,E), haspart(B,C), memberofdomainusage(A,F).
(r109) memberofdomainregion(A,B) :- alsosee(A,D), synsetdomaintopicof(B,C), verbgroup(A,D).
(r110) memberofdomainregion(A,B) :- similarto(A,B), verbgroup(A,D), haspart(B,C), instancehypernym(E,C).
(r111) memberofdomainregion(A,B) :- inv1(C,D,C,D,C,A,C,A,C,A), verbgroup(B,C).
(r112) memberofdomainregion(A,B) :- membermeronym(A,C), membermeronym(D,B), hypernym(B,D).
(r113) memberofdomainregion(A,B) :- inv1(A,E,A,E,B,C,B,C,B,C), hypernym(D,A), instancehypernym(D,E).
(r114) memberofdomainregion(A,B) :- similarto(C,B), membermeronym(D,A), similarto(D,E).
(r115) memberofdomainregion(A,B) :- verbgroup(B,D), membermeronym(F,C), alsosee(A,C), derivationallyrelatedform(E,B).
(r116) memberofdomainregion(A,B) :- instancehypernym(D,E), memberofdomainusage(E,B), memberofdomainusage(A,C).
(r117) memberofdomainregion(A,B) :- inv1(A,D,A,D,B,C,B,C,B,C), verbgroup(C,D), memberofdomainusage(C,B).
(r118) memberofdomainregion(A,B) :- synsetdomaintopicof(A,D), instancehypernym(F,E), verbgroup(B,E), haspart(B,C).
(r119) memberofdomainregion(A,B) :- inv2(B,D,B,D,B,C,B,C), synsetdomaintopicof(D,C), instancehypernym(A,C).
(r120) memberofdomainregion(A,B) :- hypernym(D,A), membermeronym(F,C), instancehypernym(D,E), similarto(B,C).
(r121) memberofdomainregion(A,B) :- synsetdomaintopicof(A,D), hypernym(E,C), haspart(B,C), similarto(B,C).
(r122) memberofdomainregion(A,B) :- alsosee(A,E), membermeronym(F,C), derivationallyrelatedform(F,D), instancehypernym(B,F).
(r123) memberofdomainregion(A,B) :- membermeronym(F,C), memberofdomainusage(D,B), derivationallyrelatedform(F,D), alsosee(E,A).
(r124) memberofdomainregion(A,B) :- inv2(A,D,A,D,B,C,B,C), instancehypernym(D,E), verbgroup(C,E).
(r125) memberofdomainregion(A,B) :- verbgroup(D,B), hypernym(A,E), instancehypernym(B,C).
(r126) memberofdomainregion(A,B) :- verbgroup(D,A), similarto(A,E), memberofdomainusage(F,C), haspart(B,C).
(r127) memberofdomainregion(A,B) :- verbgroup(A,E), membermeronym(C,E), memberofdomainusage(D,E), haspart(B,C).
(r128) memberofdomainregion(A,B) :- instancehypernym(A,E), membermeronym(F,C), haspart(F,D), hypernym(C,B).
(r129) memberofdomainregion(A,B) :- hypernym(C,A), synsetdomaintopicof(D,E), alsosee(B,D).
(r130) memberofdomainregion(A,B) :- synsetdomaintopicof(E,A), instancehypernym(C,D), haspart(B,C), haspart(A,E).
(r131) memberofdomainregion(A,B) :- instancehypernym(C,B), hypernym(B,A), verbgroup(A,D).
(r132) memberofdomainregion(A,B) :- similarto(E,F), membermeronym(F,C), hypernym(F,A), similarto(B,D).
(r133) memberofdomainregion(A,B) :- haspart(E,D), haspart(A,D), verbgroup(F,C), haspart(B,C).
(r134) memberofdomainregion(A,B) :- hypernym(D,E), memberofdomainusage(A,E), synsetdomaintopicof(D,A), haspart(B,C).
(r135) memberofdomainregion(A,B) :- instancehypernym(A,B), hypernym(B,C), verbgroup(A,D).
(r136) memberofdomainregion(A,B) :- inv1(E,D,A,F,B,D,B,D,B,D), membermeronym(F,C).
(r137) memberofdomainregion(A,B) :- inv1(A,D,A,D,B,C,B,C,B,C), similarto(A,E), membermeronym(B,E).
(r138) memberofdomainregion(A,B) :- membermeronym(F,C), instancehypernym(C,A), derivationallyrelatedform(B,D), similarto(E,F).
(r139) memberofdomainregion(A,B) :- inv2(D,B,D,B,C,A,B,C), membermeronym(D,B).
(r140) memberofdomainregion(A,B) :- haspart(B,C), membermeronym(A,D), memberofdomainusage(D,A), similarto(D,A).
(r141) memberofdomainregion(A,B) :- inv2(A,E,A,E,B,C,B,C), similarto(D,A), hypernym(A,D).
(r142) memberofdomainregion(A,B) :- inv2(D,E,D,E,B,C,B,C), membermeronym(E,F), instancehypernym(F,A).
(r143) memberofdomainregion(A,B) :- verbgroup(A,C), memberofdomainusage(D,B), haspart(B,C), verbgroup(D,C).
(r144) memberofdomainregion(A,B) :- inv2(A,E,A,E,B,C,B,C), hypernym(E,B), instancehypernym(D,C).
(r145) memberofdomainregion(A,B) :- hypernym(B,D), similarto(C,D), hypernym(D,A).
(r146) memberofdomainregion(A,B) :- synsetdomaintopicof(B,A), memberofdomainusage(B,C), alsosee(A,D).
(r147) memberofdomainregion(A,B) :- inv1(B,D,B,D,A,F,B,C,A,F), similarto(A,E).
(r148) memberofdomainregion(A,B) :- instancehypernym(D,B), membermeronym(F,C), instancehypernym(E,B), similarto(C,A).
(r149) memberofdomainregion(A,B) :- inv2(D,E,D,E,B,C,B,C), hypernym(C,B), verbgroup(A,D).
(r150) memberofdomainregion(A,B) :- haspart(F,A), memberofdomainusage(C,E), membermeronym(A,D), haspart(B,C).
(r151) memberofdomainregion(A,B) :- inv2(D,A,D,A,B,A,B,C), similarto(A,E).
(r152) memberofdomainregion(A,B) :- instancehypernym(A,E), memberofdomainusage(C,A), haspart(B,C), hypernym(C,D).
(r153) memberofdomainregion(A,B) :- hypernym(D,A), verbgroup(A,E), memberofdomainusage(A,C), haspart(B,C).
(r154) memberofdomainregion(A,B) :- inv1(B,A,B,A,E,B,A,D,B,C).
(r155) memberofdomainregion(A,B) :- derivationallyrelatedform(D,B), membermeronym(F,C), alsosee(B,E), similarto(C,A).
(r156) memberofdomainregion(A,B) :- inv2(E,A,D,B,B,C,B,C), memberofdomainusage(C,D).
(r157) memberofdomainregion(A,B) :- synsetdomaintopicof(D,C), membermeronym(A,D), synsetdomaintopicof(A,B).
(r158) memberofdomainregion(A,B) :- inv1(C,E,C,E,B,C,B,C,B,C), hypernym(B,C), instancehypernym(A,D).
(r159) memberofdomainregion(A,B) :- memberofdomainusage(F,A), membermeronym(F,C), instancehypernym(A,D), verbgroup(E,B).
(r160) memberofdomainregion(A,B) :- similarto(A,D), haspart(C,D), haspart(B,C), haspart(A,B).
====================
