number of rules: 233
program size: 1672
(r1) p5(A,B) :- not_empty(A), skip1(A,B).
(r2) p6(A,B) :- not_empty(A), mk_lowercase(A,B).
(r3) p7(A,B) :- skip1(A,C), mk_lowercase(C,B).
(r4) p16(A,B) :- mk_uppercase(A,C), copy1(C,B).
(r5) p17(A,B) :- not_empty(A), mk_uppercase(A,B).
(r6) p18(A,B) :- not_empty(A), copy1(A,B).
(r7) p19(A,B) :- copy1(A,C), copy1(C,B).
(r8) p27(A,B) :- skip1(A,C), copy1(C,B).
(r9) p39(A,B) :- mk_uppercase(A,C), mk_lowercase(C,B).
(r10) p106(A,B) :- mk_lowercase(A,C), copy1(C,B).
(r11) p132(A,B) :- skip1(A,C), mk_uppercase(C,B).
(r12) p140(A,B) :- copy1(A,C), mk_uppercase(C,B).
(r13) p183(A,B) :- copy1(A,C), mk_lowercase(C,B).
(r14) p352(A,B) :- mk_lowercase(A,C), mk_uppercase(C,B).
(r15) p4(A,B) :- mk_uppercase(A,C), mk_uppercase(C,C1_0), skip1(C1_0,C2_0), mk_uppercase(C2_0,B).
(r16) p11(A,B) :- copy1(A,C0_0), copy1(C0_0,C), copy1(C,C1_0), copy1(C1_0,B).
(r17) p21(A,B) :- copy1(A,C0_0), mk_uppercase(C0_0,C), mk_uppercase(C,C1_0), copy1(C1_0,B).
(r18) p34(A,B) :- skip1(A,C0_0), copy1(C0_0,C), copy1(C,C1_0), copy1(C1_0,B).
(r19) p36(A,B) :- copy1(A,C0_0), copy1(C0_0,C), copy1(C,C1_0), mk_lowercase(C1_0,B).
(r20) p49(A,B) :- copy1(A,C0_0), copy1(C0_0,C), skip1(C,C1_0), copy1(C1_0,B).
(r21) p82(A,B) :- mk_lowercase(A,C0_0), mk_uppercase(C0_0,C), skip1(C,C1_0), copy1(C1_0,B).
(r22) p87(A,B) :- skip1(A,C0_0), copy1(C0_0,C), mk_uppercase(C,C1_0), copy1(C1_0,B).
(r23) p93(A,B) :- skip1(A,C), skip1(C,C1_0), copy1(C1_0,C2_0), mk_uppercase(C2_0,B).
(r24) p102(A,B) :- skip1(A,C), skip1(C,C1_0), copy1(C1_0,C2_0), copy1(C2_0,B).
(r25) p116(A,B) :- skip1(A,C0_0), mk_lowercase(C0_0,C), copy1(C,C1_0), copy1(C1_0,B).
(r26) p119(A,B) :- copy1(A,C), skip1(C,C1_0), skip1(C1_0,C2_0), copy1(C2_0,B).
(r27) p189(A,B) :- copy1(A,C0_0), copy1(C0_0,C), copy1(C,C1_0), copy1(C1_0,B).
(r28) p195(A,B) :- mk_lowercase(A,C), mk_lowercase(C,C1_0), skip1(C1_0,C2_0), mk_lowercase(C2_0,B).
(r29) p221(A,B) :- skip1(A,C), skip1(C,C1_0), skip1(C1_0,C2_0), mk_uppercase(C2_0,B).
(r30) p252(A,B) :- skip1(A,C0_0), copy1(C0_0,C), copy1(C,C1_0), copy1(C1_0,B).
(r31) p263(A,B) :- copy1(A,C), skip1(C,C1_0), skip1(C1_0,C2_0), copy1(C2_0,B).
(r32) p293(A,B) :- mk_uppercase(A,C0_0), mk_lowercase(C0_0,C), copy1(C,C1_0), copy1(C1_0,B).
(r33) p301(A,B) :- skip1(A,C0_0), copy1(C0_0,C), copy1(C,C1_0), copy1(C1_0,B).
(r34) p314(A,B) :- copy1(A,C0_0), copy1(C0_0,C), mk_uppercase(C,C1_0), copy1(C1_0,B).
(r35) p326(A,B) :- copy1(A,C0_0), copy1(C0_0,C), mk_uppercase(C,C1_0), copy1(C1_0,B).
(r36) p336(A,B) :- skip1(A,C0_0), mk_uppercase(C0_0,C), copy1(C,C1_0), copy1(C1_0,B).
(r37) p359(A,B) :- copy1(A,C), skip1(C,C1_0), skip1(C1_0,C2_0), mk_lowercase(C2_0,B).
(r38) p370(A,B) :- skip1(A,C), skip1(C,C1_0), mk_uppercase(C1_0,C2_0), copy1(C2_0,B).
(r39) p373(A,B) :- copy1(A,C0_0), copy1(C0_0,C), copy1(C,C1_0), mk_uppercase(C1_0,B).
(r40) p376(A,B) :- mk_uppercase(A,C0_0), mk_lowercase(C0_0,C), skip1(C,C1_0), copy1(C1_0,B).
(r41) p380(A,B) :- copy1(A,C0_0), copy1(C0_0,C), skip1(C,C1_0), mk_lowercase(C1_0,B).
(r42) p387(A,B) :- mk_lowercase(A,C), mk_lowercase(C,C1_0), copy1(C1_0,C2_0), copy1(C2_0,B).
(r43) p10(A,B) :- skip1(A,C), skip1(C,C1_0), copy1(C1_0,B).
(r44) p26(A,B) :- copy1(A,C), copy1(C,C1_0), copy1(C1_0,B).
(r45) p31(A,B) :- copy1(A,C), mk_lowercase(C,C1_0), copy1(C1_0,B).
(r46) p47(A,B) :- skip1(A,C), skip1(C,C1_0), mk_uppercase(C1_0,B).
(r47) p91(A,B) :- mk_lowercase(A,C), mk_uppercase(C,C1_0), copy1(C1_0,B).
(r48) p121(A,B) :- copy1(A,C), copy1(C,C1_0), mk_lowercase(C1_0,B).
(r49) p125(A,B) :- skip1(A,C0_0), mk_lowercase(C0_0,C), mk_lowercase(C,B).
(r50) p126(A,B) :- mk_lowercase(A,C), skip1(C,C1_0), mk_lowercase(C1_0,B).
(r51) p170(A,B) :- copy1(A,C), skip1(C,C1_0), copy1(C1_0,B).
(r52) p184(A,B) :- mk_uppercase(A,C), copy1(C,C1_0), copy1(C1_0,B).
(r53) p186(A,B) :- copy1(A,C0_0), mk_lowercase(C0_0,C), mk_lowercase(C,B).
(r54) p190(A,B) :- copy1(A,C), skip1(C,C1_0), mk_uppercase(C1_0,B).
(r55) p196(A,B) :- skip1(A,C), copy1(C,C1_0), mk_uppercase(C1_0,B).
(r56) p210(A,B) :- skip1(A,C), mk_uppercase(C,C1_0), copy1(C1_0,B).
(r57) p237(A,B) :- copy1(A,C), copy1(C,C1_0), mk_uppercase(C1_0,B).
(r58) p248(A,B) :- mk_uppercase(A,C), skip1(C,C1_0), copy1(C1_0,B).
(r59) p298(A,B) :- mk_lowercase(A,C), skip1(C,C1_0), copy1(C1_0,B).
(r60) p321(A,B) :- copy1(A,C), mk_uppercase(C,C1_0), mk_lowercase(C1_0,B).
(r61) p343(A,B) :- skip1(A,C), copy1(C,C1_0), mk_lowercase(C1_0,B).
(r62) p356(A,B) :- mk_lowercase(A,C), skip1(C,C1_0), mk_uppercase(C1_0,B).
(r63) p360(A,B) :- skip1(A,C), skip1(C,C1_0), mk_lowercase(C1_0,B).
(r64) p391(A,B) :- skip1(A,C), mk_lowercase(C,C1_0), copy1(C1_0,B).
(r65) p15(A,B) :- copy1(A,C0_0), copy1(C0_0,C), copy1(C,C2_0), copy1(C2_0,C1_0), skip1(C1_0,C3_0), copy1(C3_0,B).
(r66) p23(A,B) :- mk_uppercase(A,C0_0), copy1(C0_0,C), skip1(C,C2_0), copy1(C2_0,C1_0), skip1(C1_0,C3_0), mk_lowercase(C3_0,B).
(r67) p60(A,B) :- skip1(A,C0_0), copy1(C0_0,C), copy1(C,C2_0), copy1(C2_0,C1_0), skip1(C1_0,C3_0), mk_uppercase(C3_0,B).
(r68) p71(A,B) :- skip1(A,C0_0), mk_uppercase(C0_0,C), skip1(C,C2_0), copy1(C2_0,C1_0), mk_lowercase(C1_0,C3_0), copy1(C3_0,B).
(r69) p77(A,B) :- copy1(A,C0_0), copy1(C0_0,C), mk_lowercase(C,C2_0), copy1(C2_0,C1_0), skip1(C1_0,C3_0), mk_lowercase(C3_0,B).
(r70) p131(A,B) :- copy1(A,C0_0), mk_uppercase(C0_0,C), skip1(C,C2_0), mk_lowercase(C2_0,C1_0), copy1(C1_0,C3_0), copy1(C3_0,B).
(r71) p147(A,B) :- copy1(A,C0_0), copy1(C0_0,C), copy1(C,C2_0), copy1(C2_0,C1_0), copy1(C1_0,C3_0), copy1(C3_0,B).
(r72) p149(A,B) :- skip1(A,C0_0), mk_uppercase(C0_0,C), copy1(C,C2_0), copy1(C2_0,C1_0), copy1(C1_0,C3_0), copy1(C3_0,B).
(r73) p164(A,B) :- skip1(A,C0_0), skip1(C0_0,C1_0-1), mk_uppercase(C1_0-1,C), skip1(C,C1_0), skip1(C1_0,C3_0), mk_uppercase(C3_0,B).
(r74) p213(A,B) :- copy1(A,C0_0), mk_uppercase(C0_0,C), mk_lowercase(C,C2_0), mk_uppercase(C2_0,C1_0), skip1(C1_0,C3_0), mk_uppercase(C3_0,B).
(r75) p236(A,B) :- copy1(A,C0_0), copy1(C0_0,C), copy1(C,C2_0), copy1(C2_0,C1_0), copy1(C1_0,C3_0), copy1(C3_0,B).
(r76) p262(A,B) :- copy1(A,C0_0), copy1(C0_0,C), skip1(C,C2_0), copy1(C2_0,C1_0), copy1(C1_0,C3_0), copy1(C3_0,B).
(r77) p312(A,B) :- copy1(A,C0_0), copy1(C0_0,C), skip1(C,C2_0), copy1(C2_0,C1_0), copy1(C1_0,C3_0), copy1(C3_0,B).
(r78) p323(A,B) :- copy1(A,C0_0), mk_lowercase(C0_0,C), mk_lowercase(C,C2_0), mk_uppercase(C2_0,C1_0), skip1(C1_0,C3_0), copy1(C3_0,B).
(r79) p398(A,B) :- copy1(A,C0_0), skip1(C0_0,C1_0-1), copy1(C1_0-1,C), copy1(C,C1_0), skip1(C1_0,C3_0), copy1(C3_0,B).
(r80) p3(A,B) :- copy1(A,C), skip1(C,C1_0), skip1(C1_0,C2_0), skip1(C2_0,C3_0), copy1(C3_0,C4_0), copy1(C4_0,B).
(r81) p58(A,B) :- copy1(A,C0_0), copy1(C0_0,C1_0-1), mk_uppercase(C1_0-1,C), skip1(C,C1_0), copy1(C1_0,C3_0), mk_uppercase(C3_0,B).
(r82) p65(A,B) :- mk_lowercase(A,C0_0), copy1(C0_0,C1_0-1), copy1(C1_0-1,C), skip1(C,C1_0), copy1(C1_0,C3_0), mk_lowercase(C3_0,B).
(r83) p73(A,B) :- copy1(A,C0_0), skip1(C0_0,C1_0-1), copy1(C1_0-1,C), skip1(C,C1_0), skip1(C1_0,C3_0), mk_lowercase(C3_0,B).
(r84) p74(A,B) :- mk_lowercase(A,C0_0), copy1(C0_0,C), skip1(C,C1_0), skip1(C1_0,C3_0), skip1(C3_0,C4_0), copy1(C4_0,B).
(r85) p83(A,B) :- skip1(A,C0_0), skip1(C0_0,C1_0-1), copy1(C1_0-1,C), skip1(C,C1_0), copy1(C1_0,C3_0), mk_lowercase(C3_0,B).
(r86) p90(A,B) :- skip1(A,C), skip1(C,C1_0), skip1(C1_0,C2_0-1), copy1(C2_0-1,C2_0), skip1(C2_0,C3_0), copy1(C3_0,B).
(r87) p103(A,B) :- skip1(A,C0_0), skip1(C0_0,C1_0-1), copy1(C1_0-1,C), skip1(C,C1_0), copy1(C1_0,C3_0), mk_uppercase(C3_0,B).
(r88) p124(A,B) :- skip1(A,C0_0), skip1(C0_0,C1_0-1), copy1(C1_0-1,C), copy1(C,C1_0), copy1(C1_0,C3_0), mk_uppercase(C3_0,B).
(r89) p133(A,B) :- copy1(A,C), copy1(C,C1_0-1), copy1(C1_0-1,C1_0), skip1(C1_0,C2_0), copy1(C2_0,C4_0), copy1(C4_0,B).
(r90) p142(A,B) :- skip1(A,C0_0), skip1(C0_0,C1_0-1), mk_uppercase(C1_0-1,C), skip1(C,C1_0), copy1(C1_0,C3_0), copy1(C3_0,B).
(r91) p160(A,B) :- mk_lowercase(A,C0_0), skip1(C0_0,C1_0-1), copy1(C1_0-1,C), skip1(C,C1_0), mk_uppercase(C1_0,C3_0), copy1(C3_0,B).
(r92) p172(A,B) :- copy1(A,C0_0), skip1(C0_0,C1_0-1), copy1(C1_0-1,C), skip1(C,C1_0), skip1(C1_0,C3_0), mk_uppercase(C3_0,B).
(r93) p205(A,B) :- skip1(A,C0_0), skip1(C0_0,C1_0-1), copy1(C1_0-1,C), copy1(C,C1_0), copy1(C1_0,C3_0), copy1(C3_0,B).
(r94) p217(A,B) :- skip1(A,C0_0), skip1(C0_0,C1_0-1), mk_lowercase(C1_0-1,C1_0), copy1(C1_0,C2_0), copy1(C2_0,C), mk_uppercase(C,B).
(r95) p234(A,B) :- copy1(A,C0_0), skip1(C0_0,C1_0-1), copy1(C1_0-1,C1_0), copy1(C1_0,C2_0), copy1(C2_0,C), p274(C,B).
(r96) p261(A,B) :- skip1(A,C), skip1(C,C1_0), skip1(C1_0,C2_0-1), copy1(C2_0-1,C2_0), copy1(C2_0,C3_0), mk_lowercase(C3_0,B).
(r97) p268(A,B) :- mk_lowercase(A,C0_0), copy1(C0_0,C), copy1(C,C1_0), skip1(C1_0,C3_0), skip1(C3_0,C4_0), copy1(C4_0,B).
(r98) p291(A,B) :- skip1(A,C0_0), copy1(C0_0,C1_0-1), copy1(C1_0-1,C), skip1(C,C1_0), mk_uppercase(C1_0,C3_0), copy1(C3_0,B).
(r99) p342(A,B) :- skip1(A,C0_0), mk_uppercase(C0_0,C), skip1(C,C2_0), skip1(C2_0,C3_0), mk_lowercase(C3_0,C1_0), mk_uppercase(C1_0,B).
(r100) p361(A,B) :- copy1(A,C), skip1(C,C1_0), mk_lowercase(C1_0,C2_0-1), copy1(C2_0-1,C2_0), skip1(C2_0,C3_0), copy1(C3_0,B).
(r101) p389(A,B) :- copy1(A,C0_0), copy1(C0_0,C1_0-1), mk_lowercase(C1_0-1,C), skip1(C,C1_0), copy1(C1_0,C3_0), mk_uppercase(C3_0,B).
(r102) p231(A,B) :- copy1(A,C), skip1(C,C1_0-1), skip1(C1_0-1,C2_0), skip1(C2_0,C3_0), copy1(C3_0,C1_0), mk_lowercase(C1_0,B).
(r103) p22(A,B) :- copy1(A,C), skip1(C,C1_0-1), mk_uppercase(C1_0-1,C1_0), copy1(C1_0,C2_0), mk_uppercase(C2_0,B).
(r104) p42(A,B) :- copy1(A,C), skip1(C,C1_0-1), copy1(C1_0-1,C1_0), skip1(C1_0,C2_0), mk_lowercase(C2_0,B).
(r105) p45(A,B) :- skip1(A,C0_0), copy1(C0_0,C), skip1(C,C1_0), copy1(C1_0,C3_0), copy1(C3_0,B).
(r106) p52(A,B) :- mk_lowercase(A,C), skip1(C,C1_0-1), copy1(C1_0-1,C1_0), copy1(C1_0,C2_0), copy1(C2_0,B).
(r107) p66(A,B) :- skip1(A,C), skip1(C,C1_0-1), mk_uppercase(C1_0-1,C1_0), copy1(C1_0,C2_0), copy1(C2_0,B).
(r108) p69(A,B) :- skip1(A,C), skip1(C,C1_0-1), mk_lowercase(C1_0-1,C1_0), copy1(C1_0,C2_0), copy1(C2_0,B).
(r109) p78(A,B) :- mk_lowercase(A,C0_0), copy1(C0_0,C), skip1(C,C1_0), copy1(C1_0,C3_0), copy1(C3_0,B).
(r110) p96(A,B) :- skip1(A,C), copy1(C,C1_0-1), mk_uppercase(C1_0-1,C1_0), skip1(C1_0,C2_0), copy1(C2_0,B).
(r111) p130(A,B) :- copy1(A,C), copy1(C,C1_0-1), copy1(C1_0-1,C1_0), mk_uppercase(C1_0,C2_0), copy1(C2_0,B).
(r112) p154(A,B) :- skip1(A,C0_0), copy1(C0_0,C), skip1(C,C1_0), skip1(C1_0,C3_0), copy1(C3_0,B).
(r113) p157(A,B) :- copy1(A,C), skip1(C,C1_0-1), mk_lowercase(C1_0-1,C1_0), copy1(C1_0,C2_0), mk_lowercase(C2_0,B).
(r114) p169(A,B) :- copy1(A,C0_0), mk_lowercase(C0_0,C), skip1(C,C1_0), skip1(C1_0,C3_0), copy1(C3_0,B).
(r115) p176(A,B) :- copy1(A,C), skip1(C,C1_0-1), copy1(C1_0-1,C1_0), mk_lowercase(C1_0,C2_0), mk_uppercase(C2_0,B).
(r116) p180(A,B) :- copy1(A,C0_0), copy1(C0_0,C), skip1(C,C1_0), copy1(C1_0,C3_0), copy1(C3_0,B).
(r117) p201(A,B) :- skip1(A,C), skip1(C,C1_0-1), copy1(C1_0-1,C1_0), skip1(C1_0,C2_0), mk_lowercase(C2_0,B).
(r118) p223(A,B) :- skip1(A,C), mk_uppercase(C,C1_0-1), mk_lowercase(C1_0-1,C1_0), copy1(C1_0,C2_0), copy1(C2_0,B).
(r119) p245(A,B) :- mk_lowercase(A,C), mk_lowercase(C,C1_0-1), copy1(C1_0-1,C1_0), copy1(C1_0,C2_0), mk_lowercase(C2_0,B).
(r120) p332(A,B) :- skip1(A,C), skip1(C,C1_0-1), copy1(C1_0-1,C1_0), copy1(C1_0,C2_0), mk_lowercase(C2_0,B).
(r121) p339(A,B) :- copy1(A,C), skip1(C,C1_0-1), copy1(C1_0-1,C1_0), skip1(C1_0,C2_0), copy1(C2_0,B).
(r122) p393(A,B) :- copy1(A,C0_0), copy1(C0_0,C), skip1(C,C2_0), mk_uppercase(C2_0,C1_0), mk_uppercase(C1_0,B).
(r123) p150(A,B) :- copy1(A,C), skip1(C,C1_0), skip1(C1_0,C2_0), skip1(C2_0,C3_0), mk_lowercase(C3_0,B).
(r124) p222(A,B) :- copy1(A,C), skip1(C,C1_0), skip1(C1_0,C2_0), skip1(C2_0,C3_0), mk_uppercase(C3_0,B).
(r125) p302(A,B) :- skip1(A,C), skip1(C,C1_0), copy1(C1_0,C2_0-1), mk_lowercase(C2_0-1,C2_0), mk_lowercase(C2_0,B).
(r126) p346(A,B) :- skip1(A,C), skip1(C,C1_0), skip1(C1_0,C2_0), copy1(C2_0,C3_0), copy1(C3_0,B).
(r127) p145(A,B) :- copy1(A,C0_0-1), copy1(C0_0-1,C0_0), skip1(C0_0,C1_0-1), mk_lowercase(C1_0-1,C), copy1(C,C2_0), copy1(C2_0,C1_0), skip1(C1_0,C3_0), mk_lowercase(C3_0,B).
(r128) p28(A,B) :- copy1(A,C0_0), skip1(C0_0,C1_0-2), copy1(C1_0-2,C1_0-1), skip1(C1_0-1,C2_0), copy1(C2_0,C), copy1(C,C1_0), skip1(C1_0,C3_0), copy1(C3_0,B).
(r129) p35(A,B) :- copy1(A,C0_0), mk_uppercase(C0_0,C), skip1(C,C2_0), skip1(C2_0,C3_0-1), copy1(C3_0-1,C1_0), copy1(C1_0,C3_0), skip1(C3_0,C5_0), copy1(C5_0,B).
(r130) p38(A,B) :- skip1(A,C), mk_uppercase(C,C1_0-1), skip1(C1_0-1,C2_0-1), mk_uppercase(C2_0-1,C1_0), skip1(C1_0,C2_0), skip1(C2_0,C4_0), copy1(C4_0,C6_0), copy1(C6_0,B).
(r131) p48(A,B) :- copy1(A,C0_0), skip1(C0_0,C1_0-1), skip1(C1_0-1,C2_0-1), copy1(C2_0-1,C), copy1(C,C2_0), mk_uppercase(C2_0,C1_0), copy1(C1_0,C3_0), copy1(C3_0,B).
(r132) p50(A,B) :- skip1(A,C), skip1(C,C1_0-1), skip1(C1_0-1,C2_0-1), copy1(C2_0-1,C3_0), mk_uppercase(C3_0,C1_0), copy1(C1_0,C2_0), copy1(C2_0,C4_0), copy1(C4_0,B).
(r133) p55(A,B) :- skip1(A,C0_0), skip1(C0_0,C1_0-1), copy1(C1_0-1,C2_0-1), copy1(C2_0-1,C), skip1(C,C2_0), copy1(C2_0,C1_0), copy1(C1_0,C3_0), mk_lowercase(C3_0,B).
(r134) p57(A,B) :- copy1(A,C0_0), copy1(C0_0,C), copy1(C,C2_0), skip1(C2_0,C3_0-1), skip1(C3_0-1,C4_0), copy1(C4_0,C1_0), mk_lowercase(C1_0,C3_0), copy1(C3_0,B).
(r135) p68(A,B) :- skip1(A,C0_0-1), copy1(C0_0-1,C0_0), copy1(C0_0,C1_0-1), mk_uppercase(C1_0-1,C), skip1(C,C1_0), copy1(C1_0,C5_0), mk_lowercase(C5_0,C3_0), mk_lowercase(C3_0,B).
(r136) p72(A,B) :- skip1(A,C), skip1(C,C1_0-2), copy1(C1_0-2,C1_0-1), skip1(C1_0-1,C2_0-1), copy1(C2_0-1,C1_0), skip1(C1_0,C2_0), copy1(C2_0,C4_0), mk_lowercase(C4_0,B).
(r137) p112(A,B) :- copy1(A,C0_0), copy1(C0_0,C), skip1(C,C2_0-1), copy1(C2_0-1,C2_0), mk_uppercase(C2_0,C3_0-1), copy1(C3_0-1,C1_0), copy1(C1_0,C3_0), copy1(C3_0,B).
(r138) p187(A,B) :- skip1(A,C), skip1(C,C1_0-1), skip1(C1_0-1,C2_0-1), copy1(C2_0-1,C1_0), copy1(C1_0,C2_0), skip1(C2_0,C4_0), copy1(C4_0,C6_0), copy1(C6_0,B).
(r139) p193(A,B) :- skip1(A,C), copy1(C,C1_0-1), copy1(C1_0-1,C2_0-2), copy1(C2_0-2,C2_0-1), mk_uppercase(C2_0-1,C3_0), copy1(C3_0,C1_0), skip1(C1_0,C2_0), copy1(C2_0,B).
(r140) p197(A,B) :- skip1(A,C), skip1(C,C1_0-2), copy1(C1_0-2,C1_0-1), mk_uppercase(C1_0-1,C2_0-1), copy1(C2_0-1,C1_0), skip1(C1_0,C2_0), copy1(C2_0,C4_0), mk_uppercase(C4_0,B).
(r141) p215(A,B) :- copy1(A,C0_0), skip1(C0_0,C1_0-1), copy1(C1_0-1,C2_0-1), copy1(C2_0-1,C), mk_uppercase(C,C2_0), mk_lowercase(C2_0,C1_0), copy1(C1_0,C3_0), copy1(C3_0,B).
(r142) p300(A,B) :- copy1(A,C), copy1(C,C1_0-1), mk_lowercase(C1_0-1,C2_0-1), copy1(C2_0-1,C1_0), mk_lowercase(C1_0,C3_0), copy1(C3_0,C2_0), skip1(C2_0,C4_0), mk_lowercase(C4_0,B).
(r143) p318(A,B) :- copy1(A,C), skip1(C,C1_0-1), skip1(C1_0-1,C2_0-1), copy1(C2_0-1,C3_0), copy1(C3_0,C1_0), skip1(C1_0,C2_0), mk_uppercase(C2_0,C4_0), copy1(C4_0,B).
(r144) p333(A,B) :- mk_lowercase(A,C0_0), mk_lowercase(C0_0,C1_0-1), skip1(C1_0-1,C2_0), mk_lowercase(C2_0,C), mk_uppercase(C,C1_0), skip1(C1_0,C3_0), mk_uppercase(C3_0,C5_0), copy1(C5_0,B).
(r145) p353(A,B) :- copy1(A,C0_0), skip1(C0_0,C1_0-1), skip1(C1_0-1,C2_0-1), copy1(C2_0-1,C), copy1(C,C2_0), copy1(C2_0,C1_0), copy1(C1_0,C3_0), mk_uppercase(C3_0,B).
(r146) p354(A,B) :- skip1(A,C), skip1(C,C1_0-2), copy1(C1_0-2,C1_0-1), mk_lowercase(C1_0-1,C2_0-1), copy1(C2_0-1,C1_0), skip1(C1_0,C2_0), mk_uppercase(C2_0,C4_0), copy1(C4_0,B).
(r147) p374(A,B) :- skip1(A,C), skip1(C,C1_0-2), copy1(C1_0-2,C1_0-1), copy1(C1_0-1,C2_0-1), copy1(C2_0-1,C1_0), skip1(C1_0,C2_0), copy1(C2_0,C4_0), mk_uppercase(C4_0,B).
(r148) p378(A,B) :- mk_uppercase(A,C0_0), copy1(C0_0,C), copy1(C,C2_0), skip1(C2_0,C3_0-1), copy1(C3_0-1,C1_0), copy1(C1_0,C3_0), skip1(C3_0,C5_0), copy1(C5_0,B).
(r149) p384(A,B) :- skip1(A,C0_0), copy1(C0_0,C), skip1(C,C2_0), copy1(C2_0,C1_0), copy1(C1_0,C4_0), copy1(C4_0,C3_0), copy1(C3_0,C5_0), copy1(C5_0,B).
(r150) p37(A,B) :- copy1(A,C0_0), copy1(C0_0,C), skip1(C,C2_0), skip1(C2_0,C3_0-1), skip1(C3_0-1,C4_0), copy1(C4_0,C1_0), skip1(C1_0,C3_0), mk_uppercase(C3_0,B).
(r151) p114(A,B) :- skip1(A,C0_0), copy1(C0_0,C), copy1(C,C2_0), skip1(C2_0,C3_0), skip1(C3_0,C4_0), skip1(C4_0,C5_0), mk_lowercase(C5_0,C1_0), copy1(C1_0,B).
(r152) p277(A,B) :- copy1(A,C0_0), copy1(C0_0,C1_0-1), copy1(C1_0-1,C), skip1(C,C1_0), skip1(C1_0,C3_0), skip1(C3_0,C5_0), skip1(C5_0,C6_0), copy1(C6_0,B).
(r153) p1(A,B) :- skip1(A,C0_0), mk_uppercase(C0_0,C), skip1(C,C2_0), skip1(C2_0,C3_0-1), mk_uppercase(C3_0-1,C1_0), skip1(C1_0,C3_0), mk_lowercase(C3_0,B).
(r154) p2(A,B) :- skip1(A,C0_0), mk_uppercase(C0_0,C), skip1(C,C1_0), skip1(C1_0,C3_0), skip1(C3_0,C4_0), copy1(C4_0,C5_0), copy1(C5_0,B).
(r155) p8(A,B) :- mk_lowercase(A,C), mk_lowercase(C,C1_0-1), mk_uppercase(C1_0-1,C1_0), copy1(C1_0,C3_0), mk_uppercase(C3_0,C2_0), copy1(C2_0,C4_0), copy1(C4_0,B).
(r156) p61(A,B) :- skip1(A,C0_0), mk_uppercase(C0_0,C1_0-2), mk_lowercase(C1_0-2,C1_0-1), copy1(C1_0-1,C2_0), copy1(C2_0,C), mk_lowercase(C,C1_0), copy1(C1_0,B).
(r157) p62(A,B) :- skip1(A,C0_0), copy1(C0_0,C1_0-1), copy1(C1_0-1,C), skip1(C,C1_0), skip1(C1_0,C3_0), mk_uppercase(C3_0,C5_0), copy1(C5_0,B).
(r158) p63(A,B) :- copy1(A,C), copy1(C,C1_0-1), skip1(C1_0-1,C2_0-1), skip1(C2_0-1,C3_0), copy1(C3_0,C1_0), copy1(C1_0,C2_0), copy1(C2_0,B).
(r159) p92(A,B) :- skip1(A,C), mk_lowercase(C,C1_0-1), skip1(C1_0-1,C2_0-1), mk_lowercase(C2_0-1,C1_0), mk_uppercase(C1_0,C2_0), skip1(C2_0,C4_0), mk_uppercase(C4_0,B).
(r160) p97(A,B) :- copy1(A,C0_0), mk_uppercase(C0_0,C), skip1(C,C1_0), skip1(C1_0,C3_0-1), copy1(C3_0-1,C3_0), copy1(C3_0,C4_0), mk_uppercase(C4_0,B).
(r161) p107(A,B) :- copy1(A,C), skip1(C,C1_0-2), mk_uppercase(C1_0-2,C1_0-1), mk_uppercase(C1_0-1,C1_0), copy1(C1_0,C2_0), skip1(C2_0,C4_0), mk_uppercase(C4_0,B).
(r162) p127(A,B) :- copy1(A,C0_0), skip1(C0_0,C1_0-1), copy1(C1_0-1,C), skip1(C,C1_0), skip1(C1_0,C3_0), copy1(C3_0,C5_0), copy1(C5_0,B).
(r163) p134(A,B) :- copy1(A,C0_0), copy1(C0_0,C1_0-1), copy1(C1_0-1,C), skip1(C,C2_0), mk_lowercase(C2_0,C1_0), copy1(C1_0,C3_0), copy1(C3_0,B).
(r164) p163(A,B) :- mk_lowercase(A,C), copy1(C,C1_0-1), copy1(C1_0-1,C2_0-1), copy1(C2_0-1,C1_0), skip1(C1_0,C2_0), copy1(C2_0,C4_0), mk_lowercase(C4_0,B).
(r165) p166(A,B) :- mk_lowercase(A,C0_0), skip1(C0_0,C1_0-1), copy1(C1_0-1,C), skip1(C,C1_0), skip1(C1_0,C3_0), skip1(C3_0,C5_0), copy1(C5_0,B).
(r166) p174(A,B) :- skip1(A,C0_0-1), copy1(C0_0-1,C0_0), copy1(C0_0,C1_0-1), mk_uppercase(C1_0-1,C), skip1(C,C1_0), copy1(C1_0,C3_0), mk_lowercase(C3_0,B).
(r167) p177(A,B) :- copy1(A,C0_0-1), mk_uppercase(C0_0-1,C0_0), skip1(C0_0,C2_0), mk_lowercase(C2_0,C1_0), copy1(C1_0,C3_0), copy1(C3_0,C), copy1(C,B).
(r168) p243(A,B) :- skip1(A,C), skip1(C,C1_0-2), copy1(C1_0-2,C1_0-1), mk_lowercase(C1_0-1,C2_0-1), copy1(C2_0-1,C1_0), copy1(C1_0,C2_0), mk_uppercase(C2_0,B).
(r169) p279(A,B) :- copy1(A,C0_0), skip1(C0_0,C1_0-1), mk_uppercase(C1_0-1,C), skip1(C,C2_0), mk_lowercase(C2_0,C1_0), copy1(C1_0,C3_0), copy1(C3_0,B).
(r170) p306(A,B) :- copy1(A,C0_0-1), copy1(C0_0-1,C0_0), copy1(C0_0,C1_0-1), copy1(C1_0-1,C), copy1(C,C1_0), copy1(C1_0,C3_0), mk_lowercase(C3_0,B).
(r171) p313(A,B) :- copy1(A,C), skip1(C,C1_0-2), copy1(C1_0-2,C1_0-1), mk_uppercase(C1_0-1,C2_0-1), copy1(C2_0-1,C1_0), copy1(C1_0,C2_0), mk_uppercase(C2_0,B).
(r172) p329(A,B) :- copy1(A,C), skip1(C,C1_0-1), copy1(C1_0-1,C2_0-1), mk_uppercase(C2_0-1,C1_0), skip1(C1_0,C2_0), copy1(C2_0,C4_0), copy1(C4_0,B).
(r173) p331(A,B) :- copy1(A,C), skip1(C,C1_0-1), copy1(C1_0-1,C1_0), copy1(C1_0,C3_0), copy1(C3_0,C2_0), copy1(C2_0,C4_0), copy1(C4_0,B).
(r174) p344(A,B) :- copy1(A,C0_0), skip1(C0_0,C1_0-1), skip1(C1_0-1,C2_0), copy1(C2_0,C), skip1(C,C1_0), copy1(C1_0,C3_0), mk_lowercase(C3_0,B).
(r175) p345(A,B) :- mk_uppercase(A,C0_0), copy1(C0_0,C1_0-1), copy1(C1_0-1,C), copy1(C,C1_0), skip1(C1_0,C3_0), skip1(C3_0,C5_0), copy1(C5_0,B).
(r176) p349(A,B) :- copy1(A,C0_0), copy1(C0_0,C1_0-1), copy1(C1_0-1,C), mk_lowercase(C,C2_0), copy1(C2_0,C1_0), copy1(C1_0,C3_0), mk_lowercase(C3_0,B).
(r177) p350(A,B) :- mk_lowercase(A,C0_0), mk_uppercase(C0_0,C1_0-1), copy1(C1_0-1,C), copy1(C,C2_0), mk_uppercase(C2_0,C1_0), skip1(C1_0,C3_0), copy1(C3_0,B).
(r178) p400(A,B) :- skip1(A,C0_0), skip1(C0_0,C1_0-2), mk_lowercase(C1_0-2,C1_0-1), copy1(C1_0-1,C2_0), copy1(C2_0,C), mk_uppercase(C,C1_0), copy1(C1_0,B).
(r179) p13(A,B) :- copy1(A,C), copy1(C,C1_0-2), mk_lowercase(C1_0-2,C1_0-1), skip1(C1_0-1,C2_0-1), skip1(C2_0-1,C4_0-1), copy1(C4_0-1,C1_0), skip1(C1_0,C2_0), skip1(C2_0,C4_0), copy1(C4_0,B).
(r180) p40(A,B) :- mk_lowercase(A,C0_0-1), copy1(C0_0-1,C0_0), skip1(C0_0,C1_0-1), copy1(C1_0-1,C3_0-1), copy1(C3_0-1,C), copy1(C,C2_0), copy1(C2_0,C1_0), skip1(C1_0,C3_0), copy1(C3_0,B).
(r181) p51(A,B) :- skip1(A,C0_0), skip1(C0_0,C1_0-1), copy1(C1_0-1,C), skip1(C,C2_0), mk_uppercase(C2_0,C1_0), skip1(C1_0,C3_0), skip1(C3_0,C6_0), copy1(C6_0,C7_0), copy1(C7_0,B).
(r182) p70(A,B) :- mk_uppercase(A,C), copy1(C,C1_0-2), copy1(C1_0-2,C1_0-1), copy1(C1_0-1,C2_0-1), copy1(C2_0-1,C1_0), skip1(C1_0,C2_0), skip1(C2_0,C4_0), copy1(C4_0,C7_0), copy1(C7_0,B).
(r183) p94(A,B) :- skip1(A,C0_0-1), copy1(C0_0-1,C0_0), skip1(C0_0,C1_0-1), copy1(C1_0-1,C3_0-1), copy1(C3_0-1,C), copy1(C,C2_0), copy1(C2_0,C1_0), skip1(C1_0,C3_0), copy1(C3_0,B).
(r184) p128(A,B) :- copy1(A,C0_0), copy1(C0_0,C1_0-2), mk_uppercase(C1_0-2,C1_0-1), copy1(C1_0-1,C2_0), copy1(C2_0,C), copy1(C,C1_0), skip1(C1_0,C3_0), skip1(C3_0,C5_0), mk_uppercase(C5_0,B).
(r185) p148(A,B) :- mk_lowercase(A,C), copy1(C,C1_0-2), copy1(C1_0-2,C1_0-1), skip1(C1_0-1,C2_0-1), copy1(C2_0-1,C1_0), copy1(C1_0,C2_0), skip1(C2_0,C4_0), copy1(C4_0,C7_0), copy1(C7_0,B).
(r186) p152(A,B) :- skip1(A,C0_0-1), copy1(C0_0-1,C0_0), copy1(C0_0,C1_0-1), copy1(C1_0-1,C), skip1(C,C2_0), copy1(C2_0,C5_0), mk_uppercase(C5_0,C1_0), mk_lowercase(C1_0,C3_0), copy1(C3_0,B).
(r187) p179(A,B) :- skip1(A,C0_0), copy1(C0_0,C1_0-1), copy1(C1_0-1,C), copy1(C,C2_0), copy1(C2_0,C1_0), copy1(C1_0,C5_0), copy1(C5_0,C3_0), copy1(C3_0,C6_0), copy1(C6_0,B).
(r188) p185(A,B) :- copy1(A,C0_0), copy1(C0_0,C1_0-2), copy1(C1_0-2,C1_0-1), skip1(C1_0-1,C2_0-1), copy1(C2_0-1,C), copy1(C,C2_0), copy1(C2_0,C1_0), copy1(C1_0,C3_0), mk_uppercase(C3_0,B).
(r189) p211(A,B) :- copy1(A,C0_0), skip1(C0_0,C1_0-1), skip1(C1_0-1,C2_0-1), copy1(C2_0-1,C), copy1(C,C2_0), copy1(C2_0,C1_0), skip1(C1_0,C3_0), copy1(C3_0,C6_0), copy1(C6_0,B).
(r190) p212(A,B) :- skip1(A,C), skip1(C,C1_0-2), copy1(C1_0-2,C1_0-1), skip1(C1_0-1,C2_0-1), skip1(C2_0-1,C4_0-1), copy1(C4_0-1,C1_0), mk_lowercase(C1_0,C2_0), copy1(C2_0,C4_0), copy1(C4_0,B).
(r191) p229(A,B) :- copy1(A,C0_0), mk_lowercase(C0_0,C), skip1(C,C2_0), skip1(C2_0,C3_0-1), copy1(C3_0-1,C4_0), mk_uppercase(C4_0,C1_0), mk_uppercase(C1_0,C3_0), skip1(C3_0,C5_0), copy1(C5_0,B).
(r192) p230(A,B) :- skip1(A,C0_0), mk_uppercase(C0_0,C), skip1(C,C2_0-1), copy1(C2_0-1,C2_0), skip1(C2_0,C3_0-1), copy1(C3_0-1,C1_0), mk_uppercase(C1_0,C3_0), copy1(C3_0,C5_0), copy1(C5_0,B).
(r193) p259(A,B) :- copy1(A,C), skip1(C,C1_0-1), skip1(C1_0-1,C2_0-1), copy1(C2_0-1,C3_0-1), copy1(C3_0-1,C1_0), copy1(C1_0,C3_0), copy1(C3_0,C2_0), copy1(C2_0,C4_0), mk_uppercase(C4_0,B).
(r194) p280(A,B) :- copy1(A,C0_0), copy1(C0_0,C), mk_lowercase(C,C2_0), skip1(C2_0,C3_0-1), mk_lowercase(C3_0-1,C1_0), skip1(C1_0,C4_0), copy1(C4_0,C3_0), mk_lowercase(C3_0,C5_0), copy1(C5_0,B).
(r195) p284(A,B) :- skip1(A,C0_0), copy1(C0_0,C), copy1(C,C2_0), skip1(C2_0,C3_0-1), skip1(C3_0-1,C4_0-1), copy1(C4_0-1,C1_0), skip1(C1_0,C4_0), mk_lowercase(C4_0,C3_0), mk_lowercase(C3_0,B).
(r196) p292(A,B) :- skip1(A,C0_0), mk_uppercase(C0_0,C), copy1(C,C2_0), copy1(C2_0,C3_0-1), copy1(C3_0-1,C1_0), skip1(C1_0,C4_0), mk_lowercase(C4_0,C3_0), copy1(C3_0,C5_0), copy1(C5_0,B).
(r197) p296(A,B) :- skip1(A,C), copy1(C,C1_0-1), skip1(C1_0-1,C2_0-1), skip1(C2_0-1,C3_0-1), mk_lowercase(C3_0-1,C1_0), skip1(C1_0,C3_0), mk_lowercase(C3_0,C2_0), copy1(C2_0,C4_0), copy1(C4_0,B).
(r198) p304(A,B) :- copy1(A,C0_0), skip1(C0_0,C1_0-2), copy1(C1_0-2,C1_0-1), skip1(C1_0-1,C2_0-1), mk_lowercase(C2_0-1,C), copy1(C,C2_0), copy1(C2_0,C1_0), copy1(C1_0,C3_0), copy1(C3_0,B).
(r199) p309(A,B) :- copy1(A,C0_0), copy1(C0_0,C1_0-2), copy1(C1_0-2,C1_0-1), skip1(C1_0-1,C2_0-1), copy1(C2_0-1,C), skip1(C,C2_0), copy1(C2_0,C1_0), mk_lowercase(C1_0,C3_0), copy1(C3_0,B).
(r200) p324(A,B) :- mk_uppercase(A,C0_0), copy1(C0_0,C), copy1(C,C2_0), skip1(C2_0,C3_0-1), skip1(C3_0-1,C4_0), copy1(C4_0,C1_0), skip1(C1_0,C3_0), skip1(C3_0,C5_0), mk_lowercase(C5_0,B).
(r201) p330(A,B) :- skip1(A,C0_0), skip1(C0_0,C1_0-1), skip1(C1_0-1,C2_0), mk_uppercase(C2_0,C), skip1(C,C1_0), skip1(C1_0,C3_0), skip1(C3_0,C5_0), copy1(C5_0,C7_0), copy1(C7_0,B).
(r202) p379(A,B) :- skip1(A,C0_0), skip1(C0_0,C1_0-1), copy1(C1_0-1,C2_0), mk_uppercase(C2_0,C), skip1(C,C1_0), copy1(C1_0,C4_0), mk_uppercase(C4_0,C3_0), skip1(C3_0,C5_0), copy1(C5_0,B).
(r203) p392(A,B) :- mk_lowercase(A,C0_0), mk_uppercase(C0_0,C), mk_uppercase(C,C2_0), copy1(C2_0,C3_0-1), copy1(C3_0-1,C1_0), skip1(C1_0,C4_0), copy1(C4_0,C3_0), copy1(C3_0,C5_0), mk_lowercase(C5_0,B).
(r204) p41(A,B) :- skip1(A,C), skip1(C,C1_0-2), mk_uppercase(C1_0-2,C1_0-1), mk_uppercase(C1_0-1,C1_0), skip1(C1_0,C2_0), skip1(C2_0,C4_0), skip1(C4_0,C6_0), copy1(C6_0,C7_0), copy1(C7_0,B).
(r205) p64(A,B) :- copy1(A,C0_0), copy1(C0_0,C), skip1(C,C2_0-1), skip1(C2_0-1,C3_0-1), skip1(C3_0-1,C4_0), mk_uppercase(C4_0,C2_0), mk_lowercase(C2_0,C3_0), copy1(C3_0,C1_0), mk_lowercase(C1_0,B).
(r206) p165(A,B) :- copy1(A,C0_0), skip1(C0_0,C1_0-1), skip1(C1_0-1,C2_0), skip1(C2_0,C3_0-1), copy1(C3_0-1,C4_0), copy1(C4_0,C), copy1(C,C1_0), copy1(C1_0,C3_0), mk_lowercase(C3_0,B).
(r207) p369(A,B) :- skip1(A,C), copy1(C,C1_0-2), copy1(C1_0-2,C1_0-1), copy1(C1_0-1,C2_0-1), copy1(C2_0-1,C1_0), skip1(C1_0,C2_0), copy1(C2_0,C6_0), mk_lowercase(C6_0,C4_0), mk_lowercase(C4_0,B).
(r208) p54(A,B) :- skip1(A,C0_0), copy1(C0_0,C), skip1(C,C2_0), skip1(C2_0,C3_0-1), skip1(C3_0-1,C4_0-1), mk_uppercase(C4_0-1,C1_0), skip1(C1_0,C4_0), copy1(C4_0,C3_0), skip1(C3_0,C5_0), copy1(C5_0,B).
(r209) p59(A,B) :- skip1(A,C0_0), copy1(C0_0,C1_0-1), copy1(C1_0-1,C), mk_lowercase(C,C3_0-1), copy1(C3_0-1,C2_0), skip1(C2_0,C4_0), copy1(C4_0,C6_0), copy1(C6_0,C1_0), skip1(C1_0,C3_0), mk_lowercase(C3_0,B).
(r210) p79(A,B) :- skip1(A,C0_0), skip1(C0_0,C1_0-1), copy1(C1_0-1,C), copy1(C,C2_0), mk_lowercase(C2_0,C4_0), copy1(C4_0,C1_0), skip1(C1_0,C3_0), skip1(C3_0,C6_0), copy1(C6_0,C8_0), copy1(C8_0,B).
(r211) p81(A,B) :- skip1(A,C), copy1(C,C1_0-2), copy1(C1_0-2,C1_0-1), copy1(C1_0-1,C3_0), copy1(C3_0,C2_0-1), skip1(C2_0-1,C4_0-1), copy1(C4_0-1,C1_0), copy1(C1_0,C2_0), copy1(C2_0,C4_0), copy1(C4_0,B).
(r212) p85(A,B) :- skip1(A,C0_0), copy1(C0_0,C1_0-1), mk_lowercase(C1_0-1,C), skip1(C,C2_0), mk_uppercase(C2_0,C4_0), copy1(C4_0,C1_0), copy1(C1_0,C5_0), copy1(C5_0,C3_0), skip1(C3_0,C6_0), mk_lowercase(C6_0,B).
(r213) p139(A,B) :- copy1(A,C), copy1(C,C1_0-1), copy1(C1_0-1,C2_0-2), copy1(C2_0-2,C2_0-1), mk_uppercase(C2_0-1,C3_0-1), copy1(C3_0-1,C1_0), copy1(C1_0,C3_0), copy1(C3_0,C2_0), copy1(C2_0,C4_0), copy1(C4_0,B).
(r214) p155(A,B) :- skip1(A,C0_0), mk_uppercase(C0_0,C), skip1(C,C2_0-1), mk_uppercase(C2_0-1,C2_0), copy1(C2_0,C3_0-1), copy1(C3_0-1,C1_0), skip1(C1_0,C4_0), copy1(C4_0,C3_0), skip1(C3_0,C5_0), copy1(C5_0,B).
(r215) p200(A,B) :- copy1(A,C0_0), copy1(C0_0,C1_0-1), mk_lowercase(C1_0-1,C), skip1(C,C3_0-1), copy1(C3_0-1,C2_0), mk_uppercase(C2_0,C4_0), copy1(C4_0,C1_0), copy1(C1_0,C3_0), copy1(C3_0,C6_0), copy1(C6_0,B).
(r216) p204(A,B) :- copy1(A,C), skip1(C,C1_0-2), copy1(C1_0-2,C1_0-1), skip1(C1_0-1,C2_0-1), copy1(C2_0-1,C4_0-1), copy1(C4_0-1,C1_0), skip1(C1_0,C3_0), copy1(C3_0,C2_0), copy1(C2_0,C4_0), mk_uppercase(C4_0,B).
(r217) p207(A,B) :- copy1(A,C), skip1(C,C1_0-2), copy1(C1_0-2,C1_0-1), copy1(C1_0-1,C3_0), copy1(C3_0,C2_0-1), copy1(C2_0-1,C4_0-1), copy1(C4_0-1,C1_0), skip1(C1_0,C2_0), copy1(C2_0,C4_0), mk_lowercase(C4_0,B).
(r218) p251(A,B) :- skip1(A,C0_0), skip1(C0_0,C1_0-2), copy1(C1_0-2,C1_0-1), skip1(C1_0-1,C2_0), mk_lowercase(C2_0,C), skip1(C,C1_0), skip1(C1_0,C4_0), copy1(C4_0,C3_0), mk_lowercase(C3_0,C5_0), copy1(C5_0,B).
(r219) p269(A,B) :- mk_uppercase(A,C0_0), skip1(C0_0,C1_0-1), copy1(C1_0-1,C), skip1(C,C3_0-1), copy1(C3_0-1,C2_0), copy1(C2_0,C4_0), mk_lowercase(C4_0,C1_0), copy1(C1_0,C3_0), copy1(C3_0,C6_0), copy1(C6_0,B).
(r220) p271(A,B) :- skip1(A,C), mk_lowercase(C,C1_0-2), copy1(C1_0-2,C1_0-1), skip1(C1_0-1,C2_0-1), copy1(C2_0-1,C4_0-1), copy1(C4_0-1,C1_0), skip1(C1_0,C3_0), copy1(C3_0,C2_0), skip1(C2_0,C4_0), copy1(C4_0,B).
(r221) p295(A,B) :- copy1(A,C), skip1(C,C1_0-2), copy1(C1_0-2,C1_0-1), skip1(C1_0-1,C2_0-1), skip1(C2_0-1,C4_0-1), copy1(C4_0-1,C1_0), skip1(C1_0,C2_0), skip1(C2_0,C4_0), skip1(C4_0,C7_0), mk_uppercase(C7_0,B).
(r222) p308(A,B) :- skip1(A,C), copy1(C,C1_0-1), copy1(C1_0-1,C2_0-2), copy1(C2_0-2,C2_0-1), skip1(C2_0-1,C3_0-1), copy1(C3_0-1,C1_0), skip1(C1_0,C3_0), copy1(C3_0,C2_0), skip1(C2_0,C4_0), mk_lowercase(C4_0,B).
(r223) p320(A,B) :- copy1(A,C0_0), copy1(C0_0,C1_0-1), copy1(C1_0-1,C), copy1(C,C3_0-1), mk_lowercase(C3_0-1,C2_0), mk_lowercase(C2_0,C1_0), skip1(C1_0,C5_0), mk_uppercase(C5_0,C3_0), copy1(C3_0,C6_0), copy1(C6_0,B).
(r224) p390(A,B) :- copy1(A,C0_0-1), copy1(C0_0-1,C0_0), copy1(C0_0,C2_0), copy1(C2_0,C1_0-1), skip1(C1_0-1,C3_0-1), copy1(C3_0-1,C), skip1(C,C1_0), skip1(C1_0,C3_0), copy1(C3_0,C6_0), copy1(C6_0,B).
(r225) p240(A,B) :- copy1(A,C0_0-1), copy1(C0_0-1,C0_0), copy1(C0_0,C1_0-1), copy1(C1_0-1,C), skip1(C,C2_0), skip1(C2_0,C5_0), skip1(C5_0,C6_0), mk_lowercase(C6_0,C1_0), mk_uppercase(C1_0,C3_0), mk_lowercase(C3_0,B).
(r226) p250(A,B) :- skip1(A,C0_0), skip1(C0_0,C1_0-1), skip1(C1_0-1,C2_0-1), copy1(C2_0-1,C), mk_lowercase(C,C3_0-1), copy1(C3_0-1,C2_0), copy1(C2_0,C4_0), mk_lowercase(C4_0,C1_0), copy1(C1_0,C3_0), mk_uppercase(C3_0,B).
(r227) p276(A,B) :- skip1(A,C0_0), skip1(C0_0,C1_0-1), copy1(C1_0-1,C), skip1(C,C1_0), skip1(C1_0,C3_0), skip1(C3_0,C5_0), skip1(C5_0,C6_0-1), copy1(C6_0-1,C6_0), copy1(C6_0,C7_0), mk_lowercase(C7_0,B).
(r228) p287(A,B) :- skip1(A,C0_0-1), copy1(C0_0-1,C0_0), copy1(C0_0,C1_0-1), copy1(C1_0-1,C), skip1(C,C1_0), skip1(C1_0,C3_0), skip1(C3_0,C6_0), skip1(C6_0,C7_0), copy1(C7_0,C8_0), copy1(C8_0,B).
(r229) p362(A,B) :- mk_lowercase(A,C), skip1(C,C1_0-1), skip1(C1_0-1,C2_0-1), skip1(C2_0-1,C3_0), mk_uppercase(C3_0,C1_0), skip1(C1_0,C2_0), skip1(C2_0,C5_0), copy1(C5_0,C4_0), skip1(C4_0,C6_0), copy1(C6_0,B).
(r230) p274(A,B) :- copy1(A,C), mk_uppercase(C,C1_0), mk_lowercase(C1_0,B).
(r231) p274(A,B) :- skip1(A,C), p274(C,B).
(r232) p88(A,B) :- copy1(A,C0_0), mk_lowercase(C0_0,C), copy1(C,C2_0), copy1(C2_0,C1_0), copy1(C1_0,C3_0), copy1(C3_0,B).
(r233) p88(A,B) :- mk_uppercase(A,C0_0), copy1(C0_0,C), p88(C,B).
====================
CP-SAT solving...
number of rules: 235
program size: 1207
(inv0) inv0(X1,X2,X3,X4,X5,X6,X7,X8,X9,X10,X11,X12,X13,X14,X15,X16,X17,X18) :- copy1(X1,X2), copy1(X3,X4), copy1(X5,X6), copy1(X7,X8), copy1(X9,X10), copy1(X11,X12), copy1(X13,X14), copy1(X15,X16), copy1(X17,X18).
(inv1) inv1(X1,X2,X3,X4,X5,X6,X7,X8) :- copy1(X1,X2), mk_lowercase(X3,X4), mk_lowercase(X5,X6), mk_lowercase(X7,X8).
(r1) p5(A,B) :- not_empty(A), skip1(A,B).
(r2) p6(A,B) :- not_empty(A), mk_lowercase(A,B).
(r3) p7(A,B) :- skip1(A,C), mk_lowercase(C,B).
(r4) p16(A,B) :- inv0(C,B,C,B,C,B,C,B,C,B,C,B,C,B,C,B,C,B), inv0(C,B,C,B,C,B,C,B,C,B,C,B,C,B,C,B,C,B), inv0(C,B,C,B,C,B,C,B,C,B,C,B,C,B,C,B,C,B), inv0(C,B,C,B,C,B,C,B,C,B,C,B,C,B,C,B,C,B), inv0(C,B,C,B,C,B,C,B,C,B,C,B,C,B,C,B,C,B), inv0(C,B,C,B,C,B,C,B,C,B,C,B,C,B,C,B,C,B), inv0(C,B,C,B,C,B,C,B,C,B,C,B,C,B,C,B,C,B), inv0(C,B,C,B,C,B,C,B,C,B,C,B,C,B,C,B,C,B), inv0(C,B,C,B,C,B,C,B,C,B,C,B,C,B,C,B,C,B), mk_uppercase(A,C).
(r5) p17(A,B) :- not_empty(A), mk_uppercase(A,B).
(r6) p18(A,B) :- inv0(A,B,A,B,A,B,A,B,A,B,A,B,A,B,A,B,A,B), inv0(A,B,A,B,A,B,A,B,A,B,A,B,A,B,A,B,A,B), inv0(A,B,A,B,A,B,A,B,A,B,A,B,A,B,A,B,A,B), inv0(A,B,A,B,A,B,A,B,A,B,A,B,A,B,A,B,A,B), inv0(A,B,A,B,A,B,A,B,A,B,A,B,A,B,A,B,A,B), inv0(A,B,A,B,A,B,A,B,A,B,A,B,A,B,A,B,A,B), inv0(A,B,A,B,A,B,A,B,A,B,A,B,A,B,A,B,A,B), inv0(A,B,A,B,A,B,A,B,A,B,A,B,A,B,A,B,A,B), inv0(A,B,A,B,A,B,A,B,A,B,A,B,A,B,A,B,A,B), not_empty(A).
(r7) p19(A,B) :- inv0(A,C,C,B,A,C,A,C,A,C,A,C,A,C,A,C,A,C).
(r8) p27(A,B) :- inv0(C,B,C,B,C,B,C,B,C,B,C,B,C,B,C,B,C,B), skip1(A,C).
(r9) p39(A,B) :- mk_uppercase(A,C), mk_lowercase(C,B).
(r10) p106(A,B) :- inv1(C,B,A,C,A,C,A,C).
(r11) p132(A,B) :- skip1(A,C), mk_uppercase(C,B).
(r12) p140(A,B) :- inv0(A,C,A,C,A,C,A,C,A,C,A,C,A,C,A,C,A,C), mk_uppercase(C,B).
(r13) p183(A,B) :- inv1(A,C,C,B,C,B,C,B).
(r14) p352(A,B) :- mk_lowercase(A,C), mk_uppercase(C,B).
(r15) p4(A,B) :- mk_uppercase(A,C), mk_uppercase(C,C1_0), skip1(C1_0,C2_0), mk_uppercase(C2_0,B).
(r16) p11(A,B) :- inv0(A,C0_0,C0_0,C,C,C1_0,C1_0,B,A,C0_0,A,C0_0,A,C0_0,A,C0_0,A,C0_0).
(r17) p21(A,B) :- inv0(A,C0_0,C1_0,B,A,C0_0,A,C0_0,A,C0_0,A,C0_0,A,C0_0,A,C0_0,A,C0_0), mk_uppercase(C0_0,C), mk_uppercase(C,C1_0).
(r18) p34(A,B) :- inv0(C0_0,C,C,C1_0,C1_0,B,C0_0,C,C0_0,C,C0_0,C,C0_0,C,C0_0,C,C0_0,C), skip1(A,C0_0).
(r19) p36(A,B) :- inv0(A,C0_0,C0_0,C,C,C1_0,A,C0_0,A,C0_0,A,C0_0,A,C0_0,A,C0_0,A,C0_0), inv1(A,C0_0,C1_0,B,C1_0,B,C1_0,B).
(r20) p49(A,B) :- inv0(A,C0_0,C0_0,C,C1_0,B,A,C0_0,A,C0_0,A,C0_0,A,C0_0,A,C0_0,A,C0_0), skip1(C,C1_0).
(r21) p82(A,B) :- inv1(C1_0,B,A,C0_0,A,C0_0,A,C0_0), mk_uppercase(C0_0,C), skip1(C,C1_0).
(r22) p87(A,B) :- inv0(C0_0,C,C1_0,B,C0_0,C,C0_0,C,C0_0,C,C0_0,C,C0_0,C,C0_0,C,C0_0,C), skip1(A,C0_0), mk_uppercase(C,C1_0).
(r23) p93(A,B) :- inv0(C1_0,C2_0,C1_0,C2_0,C1_0,C2_0,C1_0,C2_0,C1_0,C2_0,C1_0,C2_0,C1_0,C2_0,C1_0,C2_0,C1_0,C2_0), skip1(A,C), skip1(C,C1_0), mk_uppercase(C2_0,B).
(r24) p102(A,B) :- inv0(C1_0,C2_0,C2_0,B,C1_0,C2_0,C1_0,C2_0,C1_0,C2_0,C1_0,C2_0,C1_0,C2_0,C1_0,C2_0,C1_0,C2_0), skip1(A,C), skip1(C,C1_0).
(r25) p116(A,B) :- inv0(C,C1_0,C1_0,B,C,C1_0,C,C1_0,C,C1_0,C,C1_0,C,C1_0,C,C1_0,C,C1_0), inv1(C,C1_0,C0_0,C,C0_0,C,C0_0,C), skip1(A,C0_0).
(r26) p119(A,B) :- inv0(A,C,C2_0,B,A,C,A,C,A,C,A,C,A,C,A,C,A,C), skip1(C,C1_0), skip1(C1_0,C2_0).
(r27) p189(A,B) :- inv0(A,C0_0,C0_0,C,C,C1_0,C1_0,B,A,C0_0,A,C0_0,A,C0_0,A,C0_0,A,C0_0).
(r28) p195(A,B) :- mk_lowercase(A,C), mk_lowercase(C,C1_0), skip1(C1_0,C2_0), mk_lowercase(C2_0,B).
(r29) p221(A,B) :- skip1(A,C), skip1(C,C1_0), skip1(C1_0,C2_0), mk_uppercase(C2_0,B).
(r30) p252(A,B) :- inv0(C0_0,C,C,C1_0,C1_0,B,C0_0,C,C0_0,C,C0_0,C,C0_0,C,C0_0,C,C0_0,C), skip1(A,C0_0).
(r31) p263(A,B) :- inv0(A,C,C2_0,B,A,C,A,C,A,C,A,C,A,C,A,C,A,C), skip1(C,C1_0), skip1(C1_0,C2_0).
(r32) p293(A,B) :- inv0(C,C1_0,C1_0,B,C,C1_0,C,C1_0,C,C1_0,C,C1_0,C,C1_0,C,C1_0,C,C1_0), inv1(C,C1_0,C0_0,C,C0_0,C,C0_0,C), mk_uppercase(A,C0_0).
(r33) p301(A,B) :- inv0(C0_0,C,C,C1_0,C1_0,B,C0_0,C,C0_0,C,C0_0,C,C0_0,C,C0_0,C,C0_0,C), skip1(A,C0_0).
(r34) p314(A,B) :- inv0(A,C0_0,C0_0,C,C1_0,B,A,C0_0,A,C0_0,A,C0_0,A,C0_0,A,C0_0,A,C0_0), mk_uppercase(C,C1_0).
(r35) p326(A,B) :- inv0(A,C0_0,C0_0,C,C1_0,B,A,C0_0,A,C0_0,A,C0_0,A,C0_0,A,C0_0,A,C0_0), inv0(A,C0_0,A,C0_0,A,C0_0,A,C0_0,A,C0_0,A,C0_0,A,C0_0,A,C0_0,A,C0_0), inv0(A,C0_0,A,C0_0,A,C0_0,A,C0_0,A,C0_0,A,C0_0,A,C0_0,A,C0_0,A,C0_0), inv0(A,C0_0,A,C0_0,A,C0_0,A,C0_0,A,C0_0,A,C0_0,A,C0_0,A,C0_0,A,C0_0), inv0(A,C0_0,A,C0_0,A,C0_0,A,C0_0,A,C0_0,A,C0_0,A,C0_0,A,C0_0,A,C0_0), inv0(A,C0_0,A,C0_0,A,C0_0,A,C0_0,A,C0_0,A,C0_0,A,C0_0,A,C0_0,A,C0_0), inv0(A,C0_0,A,C0_0,A,C0_0,A,C0_0,A,C0_0,A,C0_0,A,C0_0,A,C0_0,A,C0_0), mk_uppercase(C,C1_0).
(r36) p336(A,B) :- inv0(C,C1_0,C1_0,B,C,C1_0,C,C1_0,C,C1_0,C,C1_0,C,C1_0,C,C1_0,C,C1_0), skip1(A,C0_0), mk_uppercase(C0_0,C).
(r37) p359(A,B) :- inv1(A,C,C2_0,B,C2_0,B,C2_0,B), skip1(C,C1_0), skip1(C1_0,C2_0).
(r38) p370(A,B) :- inv0(C2_0,B,C2_0,B,C2_0,B,C2_0,B,C2_0,B,C2_0,B,C2_0,B,C2_0,B,C2_0,B), skip1(A,C), skip1(C,C1_0), mk_uppercase(C1_0,C2_0).
(r39) p373(A,B) :- inv0(A,C0_0,C0_0,C,C,C1_0,A,C0_0,A,C0_0,A,C0_0,A,C0_0,A,C0_0,A,C0_0), mk_uppercase(C1_0,B).
(r40) p376(A,B) :- inv1(C1_0,B,C0_0,C,C0_0,C,C0_0,C), mk_uppercase(A,C0_0), skip1(C,C1_0).
(r41) p380(A,B) :- inv0(A,C0_0,C0_0,C,A,C0_0,A,C0_0,A,C0_0,A,C0_0,A,C0_0,A,C0_0,A,C0_0), inv1(A,C0_0,C1_0,B,C1_0,B,C1_0,B), skip1(C,C1_0).
(r42) p387(A,B) :- inv0(C1_0,C2_0,C2_0,B,C1_0,C2_0,C1_0,C2_0,C1_0,C2_0,C1_0,C2_0,C1_0,C2_0,C1_0,C2_0,C1_0,C2_0), inv1(C1_0,C2_0,A,C,C,C1_0,A,C).
(r43) p10(A,B) :- inv0(C1_0,B,C1_0,B,C1_0,B,C1_0,B,C1_0,B,C1_0,B,C1_0,B,C1_0,B,C1_0,B), skip1(A,C), skip1(C,C1_0).
(r44) p26(A,B) :- inv0(A,C,C,C1_0,C1_0,B,A,C,A,C,A,C,A,C,A,C,A,C).
(r45) p31(A,B) :- inv0(A,C,C1_0,B,A,C,A,C,A,C,A,C,A,C,A,C,A,C), inv1(A,C,C,C1_0,C,C1_0,C,C1_0).
(r46) p47(A,B) :- skip1(A,C), skip1(C,C1_0), mk_uppercase(C1_0,B).
(r47) p91(A,B) :- inv1(C1_0,B,A,C,A,C,A,C), mk_uppercase(C,C1_0).
(r48) p121(A,B) :- inv0(A,C,C,C1_0,A,C,A,C,A,C,A,C,A,C,A,C,A,C), inv1(A,C,C1_0,B,C1_0,B,C1_0,B).
(r49) p125(A,B) :- skip1(A,C0_0), mk_lowercase(C0_0,C), mk_lowercase(C,B).
(r50) p126(A,B) :- mk_lowercase(A,C), skip1(C,C1_0), mk_lowercase(C1_0,B).
(r51) p170(A,B) :- inv0(A,C,C1_0,B,A,C,A,C,A,C,A,C,A,C,A,C,A,C), skip1(C,C1_0).
(r52) p184(A,B) :- inv0(C,C1_0,C1_0,B,C,C1_0,C,C1_0,C,C1_0,C,C1_0,C,C1_0,C,C1_0,C,C1_0), mk_uppercase(A,C).
(r53) p186(A,B) :- inv1(A,C0_0,C0_0,C,C,B,C0_0,C).
(r54) p190(A,B) :- inv0(A,C,A,C,A,C,A,C,A,C,A,C,A,C,A,C,A,C), skip1(C,C1_0), mk_uppercase(C1_0,B).
(r55) p196(A,B) :- inv0(C,C1_0,C,C1_0,C,C1_0,C,C1_0,C,C1_0,C,C1_0,C,C1_0,C,C1_0,C,C1_0), skip1(A,C), mk_uppercase(C1_0,B).
(r56) p210(A,B) :- inv0(C1_0,B,C1_0,B,C1_0,B,C1_0,B,C1_0,B,C1_0,B,C1_0,B,C1_0,B,C1_0,B), skip1(A,C), mk_uppercase(C,C1_0).
(r57) p237(A,B) :- inv0(A,C,C,C1_0,A,C,A,C,A,C,A,C,A,C,A,C,A,C), mk_uppercase(C1_0,B).
(r58) p248(A,B) :- inv0(C1_0,B,C1_0,B,C1_0,B,C1_0,B,C1_0,B,C1_0,B,C1_0,B,C1_0,B,C1_0,B), mk_uppercase(A,C), skip1(C,C1_0).
(r59) p298(A,B) :- inv1(C1_0,B,A,C,A,C,A,C), skip1(C,C1_0).
(r60) p321(A,B) :- inv1(A,C,C1_0,B,C1_0,B,C1_0,B), mk_uppercase(C,C1_0).
(r61) p343(A,B) :- inv1(C,C1_0,C1_0,B,C1_0,B,C1_0,B), inv1(C,C1_0,C1_0,B,C1_0,B,C1_0,B), inv1(C,C1_0,C1_0,B,C1_0,B,C1_0,B), inv1(C,C1_0,C1_0,B,C1_0,B,C1_0,B), inv1(C,C1_0,C1_0,B,C1_0,B,C1_0,B), skip1(A,C).
(r62) p356(A,B) :- mk_lowercase(A,C), skip1(C,C1_0), mk_uppercase(C1_0,B).
(r63) p360(A,B) :- skip1(A,C), skip1(C,C1_0), mk_lowercase(C1_0,B).
(r64) p391(A,B) :- inv1(C1_0,B,C,C1_0,C,C1_0,C,C1_0), skip1(A,C).
(r65) p15(A,B) :- inv0(A,C0_0,C0_0,C,C,C2_0,C2_0,C1_0,C3_0,B,A,C0_0,A,C0_0,A,C0_0,A,C0_0), skip1(C1_0,C3_0).
(r66) p23(A,B) :- inv0(C0_0,C,C2_0,C1_0,C0_0,C,C0_0,C,C0_0,C,C0_0,C,C0_0,C,C0_0,C,C0_0,C), inv1(C0_0,C,C3_0,B,C3_0,B,C3_0,B), mk_uppercase(A,C0_0), skip1(C,C2_0), skip1(C1_0,C3_0).
(r67) p60(A,B) :- inv0(C0_0,C,C,C2_0,C2_0,C1_0,C0_0,C,C0_0,C,C0_0,C,C0_0,C,C0_0,C,C0_0,C), skip1(A,C0_0), skip1(C1_0,C3_0), mk_uppercase(C3_0,B).
(r68) p71(A,B) :- inv0(C2_0,C1_0,C3_0,B,C2_0,C1_0,C2_0,C1_0,C2_0,C1_0,C2_0,C1_0,C2_0,C1_0,C2_0,C1_0,C2_0,C1_0), inv1(C2_0,C1_0,C1_0,C3_0,C1_0,C3_0,C1_0,C3_0), skip1(A,C0_0), mk_uppercase(C0_0,C), skip1(C,C2_0).
(r69) p77(A,B) :- inv0(A,C0_0,C0_0,C,C2_0,C1_0,A,C0_0,A,C0_0,A,C0_0,A,C0_0,A,C0_0,A,C0_0), inv1(A,C0_0,C,C2_0,C3_0,B,C,C2_0), skip1(C1_0,C3_0).
(r70) p131(A,B) :- inv0(A,C0_0,C1_0,C3_0,C3_0,B,A,C0_0,A,C0_0,A,C0_0,A,C0_0,A,C0_0,A,C0_0), inv1(A,C0_0,C2_0,C1_0,C2_0,C1_0,C2_0,C1_0), mk_uppercase(C0_0,C), skip1(C,C2_0).
(r71) p147(A,B) :- inv0(A,C0_0,C0_0,C,C,C2_0,C2_0,C1_0,C1_0,C3_0,C3_0,B,A,C0_0,A,C0_0,A,C0_0).
(r72) p149(A,B) :- inv0(C,C2_0,C2_0,C1_0,C1_0,C3_0,C3_0,B,C,C2_0,C,C2_0,C,C2_0,C,C2_0,C,C2_0), skip1(A,C0_0), mk_uppercase(C0_0,C).
(r73) p164(A,B) :- skip1(A,C0_0), skip1(C0_0,C1_0-1), mk_uppercase(C1_0-1,C), skip1(C,C1_0), skip1(C1_0,C3_0), mk_uppercase(C3_0,B).
(r74) p213(A,B) :- inv1(A,C0_0,C,C2_0,C,C2_0,C,C2_0), mk_uppercase(C0_0,C), mk_uppercase(C2_0,C1_0), skip1(C1_0,C3_0), mk_uppercase(C3_0,B).
(r75) p236(A,B) :- inv0(A,C0_0,C0_0,C,C,C2_0,C2_0,C1_0,C1_0,C3_0,C3_0,B,A,C0_0,A,C0_0,A,C0_0).
(r76) p262(A,B) :- inv0(A,C0_0,C0_0,C,C2_0,C1_0,C1_0,C3_0,C3_0,B,A,C0_0,A,C0_0,A,C0_0,A,C0_0), skip1(C,C2_0).
(r77) p312(A,B) :- inv0(A,C0_0,C0_0,C,C2_0,C1_0,C1_0,C3_0,C3_0,B,A,C0_0,A,C0_0,A,C0_0,A,C0_0), skip1(C,C2_0).
(r78) p323(A,B) :- inv0(A,C0_0,C3_0,B,A,C0_0,A,C0_0,A,C0_0,A,C0_0,A,C0_0,A,C0_0,A,C0_0), inv1(A,C0_0,C0_0,C,C,C2_0,C0_0,C), mk_uppercase(C2_0,C1_0), skip1(C1_0,C3_0).
(r79) p398(A,B) :- inv0(A,C0_0,C1_0-1,C,C,C1_0,C3_0,B,A,C0_0,A,C0_0,A,C0_0,A,C0_0,A,C0_0), skip1(C0_0,C1_0-1), skip1(C1_0,C3_0).
(r80) p3(A,B) :- inv0(A,C,C3_0,C4_0,C4_0,B,A,C,A,C,A,C,A,C,A,C,A,C), skip1(C,C1_0), skip1(C1_0,C2_0), skip1(C2_0,C3_0).
(r81) p58(A,B) :- inv0(A,C0_0,C0_0,C1_0-1,C1_0,C3_0,A,C0_0,A,C0_0,A,C0_0,A,C0_0,A,C0_0,A,C0_0), mk_uppercase(C1_0-1,C), skip1(C,C1_0), mk_uppercase(C3_0,B).
(r82) p65(A,B) :- inv0(C0_0,C1_0-1,C1_0-1,C,C1_0,C3_0,C0_0,C1_0-1,C0_0,C1_0-1,C0_0,C1_0-1,C0_0,C1_0-1,C0_0,C1_0-1,C0_0,C1_0-1), inv1(C0_0,C1_0-1,A,C0_0,C3_0,B,A,C0_0), skip1(C,C1_0).
(r83) p73(A,B) :- inv0(A,C0_0,C1_0-1,C,A,C0_0,A,C0_0,A,C0_0,A,C0_0,A,C0_0,A,C0_0,A,C0_0), inv1(A,C0_0,C3_0,B,C3_0,B,C3_0,B), skip1(C0_0,C1_0-1), skip1(C,C1_0), skip1(C1_0,C3_0).
(r84) p74(A,B) :- inv0(C0_0,C,C4_0,B,C0_0,C,C0_0,C,C0_0,C,C0_0,C,C0_0,C,C0_0,C,C0_0,C), inv1(C0_0,C,A,C0_0,A,C0_0,A,C0_0), skip1(C,C1_0), skip1(C1_0,C3_0), skip1(C3_0,C4_0).
(r85) p83(A,B) :- inv0(C1_0-1,C,C1_0,C3_0,C1_0-1,C,C1_0-1,C,C1_0-1,C,C1_0-1,C,C1_0-1,C,C1_0-1,C,C1_0-1,C), inv1(C1_0-1,C,C3_0,B,C3_0,B,C3_0,B), skip1(A,C0_0), skip1(C0_0,C1_0-1), skip1(C,C1_0).
(r86) p90(A,B) :- inv0(C2_0-1,C2_0,C3_0,B,C2_0-1,C2_0,C2_0-1,C2_0,C2_0-1,C2_0,C2_0-1,C2_0,C2_0-1,C2_0,C2_0-1,C2_0,C2_0-1,C2_0), skip1(A,C), skip1(C,C1_0), skip1(C1_0,C2_0-1), skip1(C2_0,C3_0).
(r87) p103(A,B) :- inv0(C1_0-1,C,C1_0,C3_0,C1_0-1,C,C1_0-1,C,C1_0-1,C,C1_0-1,C,C1_0-1,C,C1_0-1,C,C1_0-1,C), skip1(A,C0_0), skip1(C0_0,C1_0-1), skip1(C,C1_0), mk_uppercase(C3_0,B).
(r88) p124(A,B) :- inv0(C1_0-1,C,C,C1_0,C1_0,C3_0,C1_0-1,C,C1_0-1,C,C1_0-1,C,C1_0-1,C,C1_0-1,C,C1_0-1,C), skip1(A,C0_0), skip1(C0_0,C1_0-1), mk_uppercase(C3_0,B).
(r89) p133(A,B) :- inv0(A,C,C,C1_0-1,C1_0-1,C1_0,C2_0,C4_0,C4_0,B,A,C,A,C,A,C,A,C), skip1(C1_0,C2_0).
(r90) p142(A,B) :- inv0(C1_0,C3_0,C3_0,B,C1_0,C3_0,C1_0,C3_0,C1_0,C3_0,C1_0,C3_0,C1_0,C3_0,C1_0,C3_0,C1_0,C3_0), skip1(A,C0_0), skip1(C0_0,C1_0-1), mk_uppercase(C1_0-1,C), skip1(C,C1_0).
(r91) p160(A,B) :- inv0(C1_0-1,C,C3_0,B,C1_0-1,C,C1_0-1,C,C1_0-1,C,C1_0-1,C,C1_0-1,C,C1_0-1,C,C1_0-1,C), inv1(C1_0-1,C,A,C0_0,A,C0_0,A,C0_0), skip1(C0_0,C1_0-1), skip1(C,C1_0), mk_uppercase(C1_0,C3_0).
(r92) p172(A,B) :- inv0(A,C0_0,C1_0-1,C,A,C0_0,A,C0_0,A,C0_0,A,C0_0,A,C0_0,A,C0_0,A,C0_0), skip1(C0_0,C1_0-1), skip1(C,C1_0), skip1(C1_0,C3_0), mk_uppercase(C3_0,B).
(r93) p205(A,B) :- inv0(C1_0-1,C,C,C1_0,C1_0,C3_0,C3_0,B,C1_0-1,C,C1_0-1,C,C1_0-1,C,C1_0-1,C,C1_0-1,C), skip1(A,C0_0), skip1(C0_0,C1_0-1).
(r94) p217(A,B) :- inv0(C1_0,C2_0,C2_0,C,C1_0,C2_0,C1_0,C2_0,C1_0,C2_0,C1_0,C2_0,C1_0,C2_0,C1_0,C2_0,C1_0,C2_0), inv1(C1_0,C2_0,C1_0-1,C1_0,C1_0-1,C1_0,C1_0-1,C1_0), skip1(A,C0_0), skip1(C0_0,C1_0-1), mk_uppercase(C,B).
(r95) p234(A,B) :- inv0(A,C0_0,C1_0-1,C1_0,C1_0,C2_0,C2_0,C,A,C0_0,A,C0_0,A,C0_0,A,C0_0,A,C0_0), inv0(A,C0_0,A,C0_0,A,C0_0,A,C0_0,A,C0_0,A,C0_0,A,C0_0,A,C0_0,A,C0_0), inv0(A,C0_0,A,C0_0,A,C0_0,A,C0_0,A,C0_0,A,C0_0,A,C0_0,A,C0_0,A,C0_0), inv0(A,C0_0,A,C0_0,A,C0_0,A,C0_0,A,C0_0,A,C0_0,A,C0_0,A,C0_0,A,C0_0), inv0(A,C0_0,A,C0_0,A,C0_0,A,C0_0,A,C0_0,A,C0_0,A,C0_0,A,C0_0,A,C0_0), inv0(A,C0_0,A,C0_0,A,C0_0,A,C0_0,A,C0_0,A,C0_0,A,C0_0,A,C0_0,A,C0_0), inv0(A,C0_0,A,C0_0,A,C0_0,A,C0_0,A,C0_0,A,C0_0,A,C0_0,A,C0_0,A,C0_0), inv0(A,C0_0,A,C0_0,A,C0_0,A,C0_0,A,C0_0,A,C0_0,A,C0_0,A,C0_0,A,C0_0), inv0(A,C0_0,A,C0_0,A,C0_0,A,C0_0,A,C0_0,A,C0_0,A,C0_0,A,C0_0,A,C0_0), skip1(C0_0,C1_0-1), p274(C,B).
(r96) p261(A,B) :- inv0(C2_0-1,C2_0,C2_0,C3_0,C2_0-1,C2_0,C2_0-1,C2_0,C2_0-1,C2_0,C2_0-1,C2_0,C2_0-1,C2_0,C2_0-1,C2_0,C2_0-1,C2_0), inv1(C2_0-1,C2_0,C3_0,B,C3_0,B,C3_0,B), skip1(A,C), skip1(C,C1_0), skip1(C1_0,C2_0-1).
(r97) p268(A,B) :- inv0(C0_0,C,C,C1_0,C4_0,B,C0_0,C,C0_0,C,C0_0,C,C0_0,C,C0_0,C,C0_0,C), inv1(C0_0,C,A,C0_0,A,C0_0,A,C0_0), skip1(C1_0,C3_0), skip1(C3_0,C4_0).
(r98) p291(A,B) :- inv0(C0_0,C1_0-1,C1_0-1,C,C3_0,B,C0_0,C1_0-1,C0_0,C1_0-1,C0_0,C1_0-1,C0_0,C1_0-1,C0_0,C1_0-1,C0_0,C1_0-1), skip1(A,C0_0), skip1(C,C1_0), mk_uppercase(C1_0,C3_0).
(r99) p342(A,B) :- skip1(A,C0_0), mk_uppercase(C0_0,C), skip1(C,C2_0), skip1(C2_0,C3_0), mk_lowercase(C3_0,C1_0), mk_uppercase(C1_0,B).
(r100) p361(A,B) :- inv0(A,C,C2_0-1,C2_0,C3_0,B,A,C,A,C,A,C,A,C,A,C,A,C), inv1(A,C,C1_0,C2_0-1,C1_0,C2_0-1,C1_0,C2_0-1), skip1(C,C1_0), skip1(C2_0,C3_0).
(r101) p389(A,B) :- inv0(A,C0_0,C0_0,C1_0-1,C1_0,C3_0,A,C0_0,A,C0_0,A,C0_0,A,C0_0,A,C0_0,A,C0_0), inv1(A,C0_0,C1_0-1,C,C1_0-1,C,C1_0-1,C), skip1(C,C1_0), mk_uppercase(C3_0,B).
(r102) p231(A,B) :- inv0(A,C,C3_0,C1_0,A,C,A,C,A,C,A,C,A,C,A,C,A,C), inv1(A,C,C1_0,B,C1_0,B,C1_0,B), skip1(C,C1_0-1), skip1(C1_0-1,C2_0), skip1(C2_0,C3_0).
(r103) p22(A,B) :- inv0(A,C,C1_0,C2_0,A,C,A,C,A,C,A,C,A,C,A,C,A,C), skip1(C,C1_0-1), mk_uppercase(C1_0-1,C1_0), mk_uppercase(C2_0,B).
(r104) p42(A,B) :- inv0(A,C,C1_0-1,C1_0,A,C,A,C,A,C,A,C,A,C,A,C,A,C), inv1(A,C,C2_0,B,C2_0,B,C2_0,B), skip1(C,C1_0-1), skip1(C1_0,C2_0).
(r105) p45(A,B) :- inv0(C0_0,C,C1_0,C3_0,C3_0,B,C0_0,C,C0_0,C,C0_0,C,C0_0,C,C0_0,C,C0_0,C), skip1(A,C0_0), skip1(C,C1_0).
(r106) p52(A,B) :- inv0(C1_0-1,C1_0,C1_0,C2_0,C2_0,B,C1_0-1,C1_0,C1_0-1,C1_0,C1_0-1,C1_0,C1_0-1,C1_0,C1_0-1,C1_0,C1_0-1,C1_0), inv1(C1_0-1,C1_0,A,C,A,C,A,C), skip1(C,C1_0-1).
(r107) p66(A,B) :- inv0(C1_0,C2_0,C2_0,B,C1_0,C2_0,C1_0,C2_0,C1_0,C2_0,C1_0,C2_0,C1_0,C2_0,C1_0,C2_0,C1_0,C2_0), skip1(A,C), skip1(C,C1_0-1), mk_uppercase(C1_0-1,C1_0).
(r108) p69(A,B) :- inv0(C1_0,C2_0,C2_0,B,C1_0,C2_0,C1_0,C2_0,C1_0,C2_0,C1_0,C2_0,C1_0,C2_0,C1_0,C2_0,C1_0,C2_0), inv1(C1_0,C2_0,C1_0-1,C1_0,C1_0-1,C1_0,C1_0-1,C1_0), skip1(A,C), skip1(C,C1_0-1).
(r109) p78(A,B) :- inv0(C0_0,C,C1_0,C3_0,C3_0,B,C0_0,C,C0_0,C,C0_0,C,C0_0,C,C0_0,C,C0_0,C), inv1(C0_0,C,A,C0_0,A,C0_0,A,C0_0), skip1(C,C1_0).
(r110) p96(A,B) :- inv0(C,C1_0-1,C2_0,B,C,C1_0-1,C,C1_0-1,C,C1_0-1,C,C1_0-1,C,C1_0-1,C,C1_0-1,C,C1_0-1), skip1(A,C), mk_uppercase(C1_0-1,C1_0), skip1(C1_0,C2_0).
(r111) p130(A,B) :- inv0(A,C,C,C1_0-1,C1_0-1,C1_0,C2_0,B,A,C,A,C,A,C,A,C,A,C), mk_uppercase(C1_0,C2_0).
(r112) p154(A,B) :- inv0(C0_0,C,C3_0,B,C0_0,C,C0_0,C,C0_0,C,C0_0,C,C0_0,C,C0_0,C,C0_0,C), skip1(A,C0_0), skip1(C,C1_0), skip1(C1_0,C3_0).
(r113) p157(A,B) :- inv0(A,C,C1_0,C2_0,A,C,A,C,A,C,A,C,A,C,A,C,A,C), inv1(A,C,C1_0-1,C1_0,C2_0,B,C1_0-1,C1_0), skip1(C,C1_0-1).
(r114) p169(A,B) :- inv0(A,C0_0,C3_0,B,A,C0_0,A,C0_0,A,C0_0,A,C0_0,A,C0_0,A,C0_0,A,C0_0), inv1(A,C0_0,C0_0,C,C0_0,C,C0_0,C), skip1(C,C1_0), skip1(C1_0,C3_0).
(r115) p176(A,B) :- inv0(A,C,C1_0-1,C1_0,A,C,A,C,A,C,A,C,A,C,A,C,A,C), inv1(A,C,C1_0,C2_0,C1_0,C2_0,C1_0,C2_0), skip1(C,C1_0-1), mk_uppercase(C2_0,B).
(r116) p180(A,B) :- inv0(A,C0_0,C0_0,C,C1_0,C3_0,C3_0,B,A,C0_0,A,C0_0,A,C0_0,A,C0_0,A,C0_0), skip1(C,C1_0).
(r117) p201(A,B) :- inv1(C1_0-1,C1_0,C2_0,B,C2_0,B,C2_0,B), skip1(A,C), skip1(C,C1_0-1), skip1(C1_0,C2_0).
(r118) p223(A,B) :- inv0(C1_0,C2_0,C2_0,B,C1_0,C2_0,C1_0,C2_0,C1_0,C2_0,C1_0,C2_0,C1_0,C2_0,C1_0,C2_0,C1_0,C2_0), inv1(C1_0,C2_0,C1_0-1,C1_0,C1_0-1,C1_0,C1_0-1,C1_0), skip1(A,C), mk_uppercase(C,C1_0-1).
(r119) p245(A,B) :- inv0(C1_0-1,C1_0,C1_0,C2_0,C1_0-1,C1_0,C1_0-1,C1_0,C1_0-1,C1_0,C1_0-1,C1_0,C1_0-1,C1_0,C1_0-1,C1_0,C1_0-1,C1_0), inv1(C1_0-1,C1_0,A,C,C,C1_0-1,C2_0,B), inv1(C1_0-1,C1_0,A,C,A,C,A,C), inv1(C1_0-1,C1_0,A,C,A,C,A,C), inv1(C1_0-1,C1_0,A,C,A,C,A,C), inv1(C1_0-1,C1_0,A,C,A,C,A,C), inv1(C1_0-1,C1_0,A,C,A,C,A,C), inv1(C1_0-1,C1_0,A,C,A,C,A,C), inv1(C1_0-1,C1_0,A,C,A,C,A,C), inv1(C1_0-1,C1_0,A,C,A,C,A,C).
(r120) p332(A,B) :- inv0(C1_0-1,C1_0,C1_0,C2_0,C1_0-1,C1_0,C1_0-1,C1_0,C1_0-1,C1_0,C1_0-1,C1_0,C1_0-1,C1_0,C1_0-1,C1_0,C1_0-1,C1_0), inv1(C1_0-1,C1_0,C2_0,B,C2_0,B,C2_0,B), skip1(A,C), skip1(C,C1_0-1).
(r121) p339(A,B) :- inv0(A,C,C1_0-1,C1_0,C2_0,B,A,C,A,C,A,C,A,C,A,C,A,C), skip1(C,C1_0-1), skip1(C1_0,C2_0).
(r122) p393(A,B) :- inv0(A,C0_0,C0_0,C,A,C0_0,A,C0_0,A,C0_0,A,C0_0,A,C0_0,A,C0_0,A,C0_0), skip1(C,C2_0), mk_uppercase(C2_0,C1_0), mk_uppercase(C1_0,B).
(r123) p150(A,B) :- inv1(A,C,C3_0,B,C3_0,B,C3_0,B), skip1(C,C1_0), skip1(C1_0,C2_0), skip1(C2_0,C3_0).
(r124) p222(A,B) :- inv0(A,C,A,C,A,C,A,C,A,C,A,C,A,C,A,C,A,C), skip1(C,C1_0), skip1(C1_0,C2_0), skip1(C2_0,C3_0), mk_uppercase(C3_0,B).
(r125) p302(A,B) :- inv1(C1_0,C2_0-1,C2_0-1,C2_0,C2_0,B,C2_0-1,C2_0), skip1(A,C), skip1(C,C1_0).
(r126) p346(A,B) :- inv0(C2_0,C3_0,C3_0,B,C2_0,C3_0,C2_0,C3_0,C2_0,C3_0,C2_0,C3_0,C2_0,C3_0,C2_0,C3_0,C2_0,C3_0), skip1(A,C), skip1(C,C1_0), skip1(C1_0,C2_0).
(r127) p145(A,B) :- inv0(A,C0_0-1,C0_0-1,C0_0,C,C2_0,C2_0,C1_0,A,C0_0-1,A,C0_0-1,A,C0_0-1,A,C0_0-1,A,C0_0-1), inv1(A,C0_0-1,C1_0-1,C,C3_0,B,C1_0-1,C), skip1(C0_0,C1_0-1), skip1(C1_0,C3_0).
(r128) p28(A,B) :- inv0(A,C0_0,C1_0-2,C1_0-1,C2_0,C,C,C1_0,C3_0,B,A,C0_0,A,C0_0,A,C0_0,A,C0_0), skip1(C0_0,C1_0-2), skip1(C1_0-1,C2_0), skip1(C1_0,C3_0).
(r129) p35(A,B) :- inv0(A,C0_0,C3_0-1,C1_0,C1_0,C3_0,C5_0,B,A,C0_0,A,C0_0,A,C0_0,A,C0_0,A,C0_0), mk_uppercase(C0_0,C), skip1(C,C2_0), skip1(C2_0,C3_0-1), skip1(C3_0,C5_0).
(r130) p38(A,B) :- inv0(C4_0,C6_0,C6_0,B,C4_0,C6_0,C4_0,C6_0,C4_0,C6_0,C4_0,C6_0,C4_0,C6_0,C4_0,C6_0,C4_0,C6_0), skip1(A,C), mk_uppercase(C,C1_0-1), skip1(C1_0-1,C2_0-1), mk_uppercase(C2_0-1,C1_0), skip1(C1_0,C2_0), skip1(C2_0,C4_0).
(r131) p48(A,B) :- inv0(A,C0_0,C2_0-1,C,C,C2_0,C1_0,C3_0,C3_0,B,A,C0_0,A,C0_0,A,C0_0,A,C0_0), skip1(C0_0,C1_0-1), skip1(C1_0-1,C2_0-1), mk_uppercase(C2_0,C1_0).
(r132) p50(A,B) :- inv0(C2_0-1,C3_0,C1_0,C2_0,C2_0,C4_0,C4_0,B,C2_0-1,C3_0,C2_0-1,C3_0,C2_0-1,C3_0,C2_0-1,C3_0,C2_0-1,C3_0), skip1(A,C), skip1(C,C1_0-1), skip1(C1_0-1,C2_0-1), mk_uppercase(C3_0,C1_0).
(r133) p55(A,B) :- inv0(C1_0-1,C2_0-1,C2_0-1,C,C2_0,C1_0,C1_0,C3_0,C1_0-1,C2_0-1,C1_0-1,C2_0-1,C1_0-1,C2_0-1,C1_0-1,C2_0-1,C1_0-1,C2_0-1), inv1(C1_0-1,C2_0-1,C3_0,B,C3_0,B,C3_0,B), skip1(A,C0_0), skip1(C0_0,C1_0-1), skip1(C,C2_0).
(r134) p57(A,B) :- inv0(A,C0_0,C0_0,C,C,C2_0,C4_0,C1_0,C3_0,B,A,C0_0,A,C0_0,A,C0_0,A,C0_0), inv1(A,C0_0,C1_0,C3_0,C1_0,C3_0,C1_0,C3_0), skip1(C2_0,C3_0-1), skip1(C3_0-1,C4_0).
(r135) p68(A,B) :- inv0(C0_0-1,C0_0,C0_0,C1_0-1,C1_0,C5_0,C0_0-1,C0_0,C0_0-1,C0_0,C0_0-1,C0_0,C0_0-1,C0_0,C0_0-1,C0_0,C0_0-1,C0_0), inv1(C0_0-1,C0_0,C5_0,C3_0,C3_0,B,C5_0,C3_0), skip1(A,C0_0-1), mk_uppercase(C1_0-1,C), skip1(C,C1_0).
(r136) p72(A,B) :- inv0(C1_0-2,C1_0-1,C2_0-1,C1_0,C2_0,C4_0,C1_0-2,C1_0-1,C1_0-2,C1_0-1,C1_0-2,C1_0-1,C1_0-2,C1_0-1,C1_0-2,C1_0-1,C1_0-2,C1_0-1), inv1(C1_0-2,C1_0-1,C4_0,B,C4_0,B,C4_0,B), skip1(A,C), skip1(C,C1_0-2), skip1(C1_0-1,C2_0-1), skip1(C1_0,C2_0).
(r137) p112(A,B) :- inv0(A,C0_0,C0_0,C,C2_0-1,C2_0,C3_0-1,C1_0,C1_0,C3_0,C3_0,B,A,C0_0,A,C0_0,A,C0_0), skip1(C,C2_0-1), mk_uppercase(C2_0,C3_0-1).
(r138) p187(A,B) :- inv0(C2_0-1,C1_0,C1_0,C2_0,C4_0,C6_0,C6_0,B,C2_0-1,C1_0,C2_0-1,C1_0,C2_0-1,C1_0,C2_0-1,C1_0,C2_0-1,C1_0), skip1(A,C), skip1(C,C1_0-1), skip1(C1_0-1,C2_0-1), skip1(C2_0,C4_0).
(r139) p193(A,B) :- inv0(C,C1_0-1,C1_0-1,C2_0-2,C2_0-2,C2_0-1,C3_0,C1_0,C2_0,B,C,C1_0-1,C,C1_0-1,C,C1_0-1,C,C1_0-1), skip1(A,C), mk_uppercase(C2_0-1,C3_0), skip1(C1_0,C2_0).
(r140) p197(A,B) :- inv0(C1_0-2,C1_0-1,C2_0-1,C1_0,C2_0,C4_0,C1_0-2,C1_0-1,C1_0-2,C1_0-1,C1_0-2,C1_0-1,C1_0-2,C1_0-1,C1_0-2,C1_0-1,C1_0-2,C1_0-1), skip1(A,C), skip1(C,C1_0-2), mk_uppercase(C1_0-1,C2_0-1), skip1(C1_0,C2_0), mk_uppercase(C4_0,B).
(r141) p215(A,B) :- inv0(A,C0_0,C1_0-1,C2_0-1,C2_0-1,C,C1_0,C3_0,C3_0,B,A,C0_0,A,C0_0,A,C0_0,A,C0_0), inv1(A,C0_0,C2_0,C1_0,C2_0,C1_0,C2_0,C1_0), skip1(C0_0,C1_0-1), mk_uppercase(C,C2_0).
(r142) p300(A,B) :- inv0(A,C,C,C1_0-1,C2_0-1,C1_0,C3_0,C2_0,A,C,A,C,A,C,A,C,A,C), inv1(A,C,C1_0-1,C2_0-1,C1_0,C3_0,C4_0,B), skip1(C2_0,C4_0).
(r143) p318(A,B) :- inv0(A,C,C2_0-1,C3_0,C3_0,C1_0,C4_0,B,A,C,A,C,A,C,A,C,A,C), skip1(C,C1_0-1), skip1(C1_0-1,C2_0-1), skip1(C1_0,C2_0), mk_uppercase(C2_0,C4_0).
(r144) p333(A,B) :- inv1(C5_0,B,A,C0_0,C0_0,C1_0-1,C2_0,C), skip1(C1_0-1,C2_0), mk_uppercase(C,C1_0), skip1(C1_0,C3_0), mk_uppercase(C3_0,C5_0).
(r145) p353(A,B) :- inv0(A,C0_0,C2_0-1,C,C,C2_0,C2_0,C1_0,C1_0,C3_0,A,C0_0,A,C0_0,A,C0_0,A,C0_0), skip1(C0_0,C1_0-1), skip1(C1_0-1,C2_0-1), mk_uppercase(C3_0,B).
(r146) p354(A,B) :- inv0(C1_0-2,C1_0-1,C2_0-1,C1_0,C4_0,B,C1_0-2,C1_0-1,C1_0-2,C1_0-1,C1_0-2,C1_0-1,C1_0-2,C1_0-1,C1_0-2,C1_0-1,C1_0-2,C1_0-1), inv1(C1_0-2,C1_0-1,C1_0-1,C2_0-1,C1_0-1,C2_0-1,C1_0-1,C2_0-1), skip1(A,C), skip1(C,C1_0-2), skip1(C1_0,C2_0), mk_uppercase(C2_0,C4_0).
(r147) p374(A,B) :- inv0(C1_0-2,C1_0-1,C1_0-1,C2_0-1,C2_0-1,C1_0,C2_0,C4_0,C1_0-2,C1_0-1,C1_0-2,C1_0-1,C1_0-2,C1_0-1,C1_0-2,C1_0-1,C1_0-2,C1_0-1), skip1(A,C), skip1(C,C1_0-2), skip1(C1_0,C2_0), mk_uppercase(C4_0,B).
(r148) p378(A,B) :- inv0(C0_0,C,C,C2_0,C3_0-1,C1_0,C1_0,C3_0,C5_0,B,C0_0,C,C0_0,C,C0_0,C,C0_0,C), mk_uppercase(A,C0_0), skip1(C2_0,C3_0-1), skip1(C3_0,C5_0).
(r149) p384(A,B) :- inv0(C0_0,C,C2_0,C1_0,C1_0,C4_0,C4_0,C3_0,C3_0,C5_0,C5_0,B,C0_0,C,C0_0,C,C0_0,C), skip1(A,C0_0), skip1(C,C2_0).
(r150) p37(A,B) :- inv0(A,C0_0,C0_0,C,C4_0,C1_0,A,C0_0,A,C0_0,A,C0_0,A,C0_0,A,C0_0,A,C0_0), skip1(C,C2_0), skip1(C2_0,C3_0-1), skip1(C3_0-1,C4_0), skip1(C1_0,C3_0), mk_uppercase(C3_0,B).
(r151) p114(A,B) :- inv0(C0_0,C,C,C2_0,C1_0,B,C0_0,C,C0_0,C,C0_0,C,C0_0,C,C0_0,C,C0_0,C), inv1(C0_0,C,C5_0,C1_0,C5_0,C1_0,C5_0,C1_0), skip1(A,C0_0), skip1(C2_0,C3_0), skip1(C3_0,C4_0), skip1(C4_0,C5_0).
(r152) p277(A,B) :- inv0(A,C0_0,C0_0,C1_0-1,C1_0-1,C,C6_0,B,A,C0_0,A,C0_0,A,C0_0,A,C0_0,A,C0_0), skip1(C,C1_0), skip1(C1_0,C3_0), skip1(C3_0,C5_0), skip1(C5_0,C6_0).
(r153) p1(A,B) :- skip1(A,C0_0), mk_uppercase(C0_0,C), skip1(C,C2_0), skip1(C2_0,C3_0-1), mk_uppercase(C3_0-1,C1_0), skip1(C1_0,C3_0), mk_lowercase(C3_0,B).
(r154) p2(A,B) :- inv0(C4_0,C5_0,C5_0,B,C4_0,C5_0,C4_0,C5_0,C4_0,C5_0,C4_0,C5_0,C4_0,C5_0,C4_0,C5_0,C4_0,C5_0), skip1(A,C0_0), mk_uppercase(C0_0,C), skip1(C,C1_0), skip1(C1_0,C3_0), skip1(C3_0,C4_0).
(r155) p8(A,B) :- inv0(C1_0,C3_0,C2_0,C4_0,C4_0,B,C1_0,C3_0,C1_0,C3_0,C1_0,C3_0,C1_0,C3_0,C1_0,C3_0,C1_0,C3_0), inv1(C1_0,C3_0,A,C,C,C1_0-1,A,C), mk_uppercase(C1_0-1,C1_0), mk_uppercase(C3_0,C2_0).
(r156) p61(A,B) :- inv0(C1_0-1,C2_0,C2_0,C,C1_0,B,C1_0-1,C2_0,C1_0-1,C2_0,C1_0-1,C2_0,C1_0-1,C2_0,C1_0-1,C2_0,C1_0-1,C2_0), inv1(C1_0-1,C2_0,C1_0-2,C1_0-1,C,C1_0,C1_0-2,C1_0-1), skip1(A,C0_0), mk_uppercase(C0_0,C1_0-2).
(r157) p62(A,B) :- inv0(C0_0,C1_0-1,C1_0-1,C,C5_0,B,C0_0,C1_0-1,C0_0,C1_0-1,C0_0,C1_0-1,C0_0,C1_0-1,C0_0,C1_0-1,C0_0,C1_0-1), skip1(A,C0_0), skip1(C,C1_0), skip1(C1_0,C3_0), mk_uppercase(C3_0,C5_0).
(r158) p63(A,B) :- inv0(A,C,C,C1_0-1,C3_0,C1_0,C1_0,C2_0,C2_0,B,A,C,A,C,A,C,A,C), skip1(C1_0-1,C2_0-1), skip1(C2_0-1,C3_0).
(r159) p92(A,B) :- skip1(A,C), mk_lowercase(C,C1_0-1), skip1(C1_0-1,C2_0-1), mk_lowercase(C2_0-1,C1_0), mk_uppercase(C1_0,C2_0), skip1(C2_0,C4_0), mk_uppercase(C4_0,B).
(r160) p97(A,B) :- inv0(A,C0_0,C3_0-1,C3_0,C3_0,C4_0,A,C0_0,A,C0_0,A,C0_0,A,C0_0,A,C0_0,A,C0_0), mk_uppercase(C0_0,C), skip1(C,C1_0), skip1(C1_0,C3_0-1), mk_uppercase(C4_0,B).
(r161) p107(A,B) :- inv0(A,C,C1_0,C2_0,A,C,A,C,A,C,A,C,A,C,A,C,A,C), skip1(C,C1_0-2), mk_uppercase(C1_0-2,C1_0-1), mk_uppercase(C1_0-1,C1_0), skip1(C2_0,C4_0), mk_uppercase(C4_0,B).
(r162) p127(A,B) :- inv0(A,C0_0,C1_0-1,C,C3_0,C5_0,C5_0,B,A,C0_0,A,C0_0,A,C0_0,A,C0_0,A,C0_0), skip1(C0_0,C1_0-1), skip1(C,C1_0), skip1(C1_0,C3_0).
(r163) p134(A,B) :- inv0(A,C0_0,C0_0,C1_0-1,C1_0-1,C,C1_0,C3_0,C3_0,B,A,C0_0,A,C0_0,A,C0_0,A,C0_0), inv1(A,C0_0,C2_0,C1_0,C2_0,C1_0,C2_0,C1_0), skip1(C,C2_0).
(r164) p163(A,B) :- inv0(C,C1_0-1,C1_0-1,C2_0-1,C2_0-1,C1_0,C2_0,C4_0,C,C1_0-1,C,C1_0-1,C,C1_0-1,C,C1_0-1,C,C1_0-1), inv1(C,C1_0-1,A,C,C4_0,B,A,C), skip1(C1_0,C2_0).
(r165) p166(A,B) :- inv0(C1_0-1,C,C5_0,B,C1_0-1,C,C1_0-1,C,C1_0-1,C,C1_0-1,C,C1_0-1,C,C1_0-1,C,C1_0-1,C), inv1(C1_0-1,C,A,C0_0,A,C0_0,A,C0_0), skip1(C0_0,C1_0-1), skip1(C,C1_0), skip1(C1_0,C3_0), skip1(C3_0,C5_0).
(r166) p174(A,B) :- inv0(C0_0-1,C0_0,C0_0,C1_0-1,C1_0,C3_0,C0_0-1,C0_0,C0_0-1,C0_0,C0_0-1,C0_0,C0_0-1,C0_0,C0_0-1,C0_0,C0_0-1,C0_0), inv1(C0_0-1,C0_0,C3_0,B,C3_0,B,C3_0,B), skip1(A,C0_0-1), mk_uppercase(C1_0-1,C), skip1(C,C1_0).
(r167) p177(A,B) :- inv0(A,C0_0-1,C1_0,C3_0,C3_0,C,C,B,A,C0_0-1,A,C0_0-1,A,C0_0-1,A,C0_0-1,A,C0_0-1), inv1(A,C0_0-1,C2_0,C1_0,C2_0,C1_0,C2_0,C1_0), mk_uppercase(C0_0-1,C0_0), skip1(C0_0,C2_0).
(r168) p243(A,B) :- inv0(C1_0-2,C1_0-1,C2_0-1,C1_0,C1_0,C2_0,C1_0-2,C1_0-1,C1_0-2,C1_0-1,C1_0-2,C1_0-1,C1_0-2,C1_0-1,C1_0-2,C1_0-1,C1_0-2,C1_0-1), inv0(C1_0-2,C1_0-1,C1_0-2,C1_0-1,C1_0-2,C1_0-1,C1_0-2,C1_0-1,C1_0-2,C1_0-1,C1_0-2,C1_0-1,C1_0-2,C1_0-1,C1_0-2,C1_0-1,C1_0-2,C1_0-1), inv0(C1_0-2,C1_0-1,C1_0-2,C1_0-1,C1_0-2,C1_0-1,C1_0-2,C1_0-1,C1_0-2,C1_0-1,C1_0-2,C1_0-1,C1_0-2,C1_0-1,C1_0-2,C1_0-1,C1_0-2,C1_0-1), inv0(C1_0-2,C1_0-1,C1_0-2,C1_0-1,C1_0-2,C1_0-1,C1_0-2,C1_0-1,C1_0-2,C1_0-1,C1_0-2,C1_0-1,C1_0-2,C1_0-1,C1_0-2,C1_0-1,C1_0-2,C1_0-1), inv0(C1_0-2,C1_0-1,C1_0-2,C1_0-1,C1_0-2,C1_0-1,C1_0-2,C1_0-1,C1_0-2,C1_0-1,C1_0-2,C1_0-1,C1_0-2,C1_0-1,C1_0-2,C1_0-1,C1_0-2,C1_0-1), inv0(C1_0-2,C1_0-1,C1_0-2,C1_0-1,C1_0-2,C1_0-1,C1_0-2,C1_0-1,C1_0-2,C1_0-1,C1_0-2,C1_0-1,C1_0-2,C1_0-1,C1_0-2,C1_0-1,C1_0-2,C1_0-1), inv0(C1_0-2,C1_0-1,C1_0-2,C1_0-1,C1_0-2,C1_0-1,C1_0-2,C1_0-1,C1_0-2,C1_0-1,C1_0-2,C1_0-1,C1_0-2,C1_0-1,C1_0-2,C1_0-1,C1_0-2,C1_0-1), inv0(C1_0-2,C1_0-1,C1_0-2,C1_0-1,C1_0-2,C1_0-1,C1_0-2,C1_0-1,C1_0-2,C1_0-1,C1_0-2,C1_0-1,C1_0-2,C1_0-1,C1_0-2,C1_0-1,C1_0-2,C1_0-1), skip1(A,C), skip1(C,C1_0-2), mk_lowercase(C1_0-1,C2_0-1), mk_uppercase(C2_0,B).
(r169) p279(A,B) :- inv0(A,C0_0,C1_0,C3_0,C3_0,B,A,C0_0,A,C0_0,A,C0_0,A,C0_0,A,C0_0,A,C0_0), inv1(A,C0_0,C2_0,C1_0,C2_0,C1_0,C2_0,C1_0), skip1(C0_0,C1_0-1), mk_uppercase(C1_0-1,C), skip1(C,C2_0).
(r170) p306(A,B) :- inv0(A,C0_0-1,C0_0-1,C0_0,C0_0,C1_0-1,C1_0-1,C,C,C1_0,C1_0,C3_0,A,C0_0-1,A,C0_0-1,A,C0_0-1), inv1(A,C0_0-1,C3_0,B,C3_0,B,C3_0,B).
(r171) p313(A,B) :- inv0(A,C,C1_0-2,C1_0-1,C2_0-1,C1_0,C1_0,C2_0,A,C,A,C,A,C,A,C,A,C), skip1(C,C1_0-2), mk_uppercase(C1_0-1,C2_0-1), mk_uppercase(C2_0,B).
(r172) p329(A,B) :- inv0(A,C,C1_0-1,C2_0-1,C2_0,C4_0,C4_0,B,A,C,A,C,A,C,A,C,A,C), skip1(C,C1_0-1), mk_uppercase(C2_0-1,C1_0), skip1(C1_0,C2_0).
(r173) p331(A,B) :- inv0(A,C,C1_0-1,C1_0,C1_0,C3_0,C3_0,C2_0,C2_0,C4_0,C4_0,B,A,C,A,C,A,C), skip1(C,C1_0-1).
(r174) p344(A,B) :- inv0(A,C0_0,C2_0,C,C1_0,C3_0,A,C0_0,A,C0_0,A,C0_0,A,C0_0,A,C0_0,A,C0_0), inv1(A,C0_0,C3_0,B,C3_0,B,C3_0,B), skip1(C0_0,C1_0-1), skip1(C1_0-1,C2_0), skip1(C,C1_0).
(r175) p345(A,B) :- inv0(C0_0,C1_0-1,C1_0-1,C,C,C1_0,C5_0,B,C0_0,C1_0-1,C0_0,C1_0-1,C0_0,C1_0-1,C0_0,C1_0-1,C0_0,C1_0-1), mk_uppercase(A,C0_0), skip1(C1_0,C3_0), skip1(C3_0,C5_0).
(r176) p349(A,B) :- inv0(A,C0_0,C0_0,C1_0-1,C1_0-1,C,C2_0,C1_0,C1_0,C3_0,A,C0_0,A,C0_0,A,C0_0,A,C0_0), inv1(A,C0_0,C,C2_0,C3_0,B,C,C2_0).
(r177) p350(A,B) :- inv0(C1_0-1,C,C,C2_0,C3_0,B,C1_0-1,C,C1_0-1,C,C1_0-1,C,C1_0-1,C,C1_0-1,C,C1_0-1,C), inv1(C1_0-1,C,A,C0_0,A,C0_0,A,C0_0), mk_uppercase(C0_0,C1_0-1), mk_uppercase(C2_0,C1_0), skip1(C1_0,C3_0).
(r178) p400(A,B) :- inv0(C1_0-1,C2_0,C2_0,C,C1_0,B,C1_0-1,C2_0,C1_0-1,C2_0,C1_0-1,C2_0,C1_0-1,C2_0,C1_0-1,C2_0,C1_0-1,C2_0), inv1(C1_0-1,C2_0,C1_0-2,C1_0-1,C1_0-2,C1_0-1,C1_0-2,C1_0-1), skip1(A,C0_0), skip1(C0_0,C1_0-2), mk_uppercase(C,C1_0).
(r179) p13(A,B) :- inv0(A,C,C,C1_0-2,C4_0-1,C1_0,C4_0,B,A,C,A,C,A,C,A,C,A,C), inv1(A,C,C1_0-2,C1_0-1,C1_0-2,C1_0-1,C1_0-2,C1_0-1), skip1(C1_0-1,C2_0-1), skip1(C2_0-1,C4_0-1), skip1(C1_0,C2_0), skip1(C2_0,C4_0).
(r180) p40(A,B) :- inv0(C0_0-1,C0_0,C1_0-1,C3_0-1,C3_0-1,C,C,C2_0,C2_0,C1_0,C3_0,B,C0_0-1,C0_0,C0_0-1,C0_0,C0_0-1,C0_0), inv1(C0_0-1,C0_0,A,C0_0-1,A,C0_0-1,A,C0_0-1), skip1(C0_0,C1_0-1), skip1(C1_0,C3_0).
(r181) p51(A,B) :- inv0(C1_0-1,C,C6_0,C7_0,C7_0,B,C1_0-1,C,C1_0-1,C,C1_0-1,C,C1_0-1,C,C1_0-1,C,C1_0-1,C), skip1(A,C0_0), skip1(C0_0,C1_0-1), skip1(C,C2_0), mk_uppercase(C2_0,C1_0), skip1(C1_0,C3_0), skip1(C3_0,C6_0).
(r182) p70(A,B) :- inv0(C,C1_0-2,C1_0-2,C1_0-1,C1_0-1,C2_0-1,C2_0-1,C1_0,C4_0,C7_0,C7_0,B,C,C1_0-2,C,C1_0-2,C,C1_0-2), mk_uppercase(A,C), skip1(C1_0,C2_0), skip1(C2_0,C4_0).
(r183) p94(A,B) :- inv0(C0_0-1,C0_0,C1_0-1,C3_0-1,C3_0-1,C,C,C2_0,C2_0,C1_0,C3_0,B,C0_0-1,C0_0,C0_0-1,C0_0,C0_0-1,C0_0), skip1(A,C0_0-1), skip1(C0_0,C1_0-1), skip1(C1_0,C3_0).
(r184) p128(A,B) :- inv0(A,C0_0,C0_0,C1_0-2,C1_0-1,C2_0,C2_0,C,C,C1_0,A,C0_0,A,C0_0,A,C0_0,A,C0_0), mk_uppercase(C1_0-2,C1_0-1), skip1(C1_0,C3_0), skip1(C3_0,C5_0), mk_uppercase(C5_0,B).
(r185) p148(A,B) :- inv0(C,C1_0-2,C1_0-2,C1_0-1,C2_0-1,C1_0,C1_0,C2_0,C4_0,C7_0,C7_0,B,C,C1_0-2,C,C1_0-2,C,C1_0-2), inv1(C,C1_0-2,A,C,A,C,A,C), skip1(C1_0-1,C2_0-1), skip1(C2_0,C4_0).
(r186) p152(A,B) :- inv0(C0_0-1,C0_0,C0_0,C1_0-1,C1_0-1,C,C2_0,C5_0,C3_0,B,C0_0-1,C0_0,C0_0-1,C0_0,C0_0-1,C0_0,C0_0-1,C0_0), inv1(C0_0-1,C0_0,C1_0,C3_0,C1_0,C3_0,C1_0,C3_0), skip1(A,C0_0-1), skip1(C,C2_0), mk_uppercase(C5_0,C1_0).
(r187) p179(A,B) :- inv0(C0_0,C1_0-1,C1_0-1,C,C,C2_0,C2_0,C1_0,C1_0,C5_0,C5_0,C3_0,C3_0,C6_0,C6_0,B,C0_0,C1_0-1), skip1(A,C0_0).
(r188) p185(A,B) :- inv0(A,C0_0,C0_0,C1_0-2,C1_0-2,C1_0-1,C2_0-1,C,C,C2_0,C2_0,C1_0,C1_0,C3_0,A,C0_0,A,C0_0), skip1(C1_0-1,C2_0-1), mk_uppercase(C3_0,B).
(r189) p211(A,B) :- inv0(A,C0_0,C2_0-1,C,C,C2_0,C2_0,C1_0,C3_0,C6_0,C6_0,B,A,C0_0,A,C0_0,A,C0_0), skip1(C0_0,C1_0-1), skip1(C1_0-1,C2_0-1), skip1(C1_0,C3_0).
(r190) p212(A,B) :- inv0(C1_0-2,C1_0-1,C4_0-1,C1_0,C2_0,C4_0,C4_0,B,C1_0-2,C1_0-1,C1_0-2,C1_0-1,C1_0-2,C1_0-1,C1_0-2,C1_0-1,C1_0-2,C1_0-1), inv1(C1_0-2,C1_0-1,C1_0,C2_0,C1_0,C2_0,C1_0,C2_0), skip1(A,C), skip1(C,C1_0-2), skip1(C1_0-1,C2_0-1), skip1(C2_0-1,C4_0-1).
(r191) p229(A,B) :- inv0(A,C0_0,C3_0-1,C4_0,C5_0,B,A,C0_0,A,C0_0,A,C0_0,A,C0_0,A,C0_0,A,C0_0), inv1(A,C0_0,C0_0,C,C0_0,C,C0_0,C), skip1(C,C2_0), skip1(C2_0,C3_0-1), mk_uppercase(C4_0,C1_0), mk_uppercase(C1_0,C3_0), skip1(C3_0,C5_0).
(r192) p230(A,B) :- inv0(C2_0-1,C2_0,C3_0-1,C1_0,C3_0,C5_0,C5_0,B,C2_0-1,C2_0,C2_0-1,C2_0,C2_0-1,C2_0,C2_0-1,C2_0,C2_0-1,C2_0), skip1(A,C0_0), mk_uppercase(C0_0,C), skip1(C,C2_0-1), skip1(C2_0,C3_0-1), mk_uppercase(C1_0,C3_0).
(r193) p259(A,B) :- inv0(A,C,C2_0-1,C3_0-1,C3_0-1,C1_0,C1_0,C3_0,C3_0,C2_0,C2_0,C4_0,A,C,A,C,A,C), skip1(C,C1_0-1), skip1(C1_0-1,C2_0-1), mk_uppercase(C4_0,B).
(r194) p280(A,B) :- inv0(A,C0_0,C0_0,C,C4_0,C3_0,C5_0,B,A,C0_0,A,C0_0,A,C0_0,A,C0_0,A,C0_0), inv1(A,C0_0,C,C2_0,C3_0-1,C1_0,C3_0,C5_0), skip1(C2_0,C3_0-1), skip1(C1_0,C4_0).
(r195) p284(A,B) :- inv0(C0_0,C,C,C2_0,C4_0-1,C1_0,C0_0,C,C0_0,C,C0_0,C,C0_0,C,C0_0,C,C0_0,C), inv1(C0_0,C,C4_0,C3_0,C3_0,B,C4_0,C3_0), skip1(A,C0_0), skip1(C2_0,C3_0-1), skip1(C3_0-1,C4_0-1), skip1(C1_0,C4_0).
(r196) p292(A,B) :- inv0(C,C2_0,C2_0,C3_0-1,C3_0-1,C1_0,C3_0,C5_0,C5_0,B,C,C2_0,C,C2_0,C,C2_0,C,C2_0), inv1(C,C2_0,C4_0,C3_0,C4_0,C3_0,C4_0,C3_0), skip1(A,C0_0), mk_uppercase(C0_0,C), skip1(C1_0,C4_0).
(r197) p296(A,B) :- inv0(C,C1_0-1,C2_0,C4_0,C4_0,B,C,C1_0-1,C,C1_0-1,C,C1_0-1,C,C1_0-1,C,C1_0-1,C,C1_0-1), inv1(C,C1_0-1,C3_0-1,C1_0,C3_0,C2_0,C3_0-1,C1_0), skip1(A,C), skip1(C1_0-1,C2_0-1), skip1(C2_0-1,C3_0-1), skip1(C1_0,C3_0).
(r198) p304(A,B) :- inv0(A,C0_0,C1_0-2,C1_0-1,C,C2_0,C2_0,C1_0,C1_0,C3_0,C3_0,B,A,C0_0,A,C0_0,A,C0_0), inv1(A,C0_0,C2_0-1,C,C2_0-1,C,C2_0-1,C), skip1(C0_0,C1_0-2), skip1(C1_0-1,C2_0-1).
(r199) p309(A,B) :- inv0(A,C0_0,C0_0,C1_0-2,C1_0-2,C1_0-1,C2_0-1,C,C2_0,C1_0,C3_0,B,A,C0_0,A,C0_0,A,C0_0), inv1(A,C0_0,C1_0,C3_0,C1_0,C3_0,C1_0,C3_0), skip1(C1_0-1,C2_0-1), skip1(C,C2_0).
(r200) p324(A,B) :- inv0(C0_0,C,C,C2_0,C4_0,C1_0,C0_0,C,C0_0,C,C0_0,C,C0_0,C,C0_0,C,C0_0,C), inv1(C0_0,C,C5_0,B,C5_0,B,C5_0,B), mk_uppercase(A,C0_0), skip1(C2_0,C3_0-1), skip1(C3_0-1,C4_0), skip1(C1_0,C3_0), skip1(C3_0,C5_0).
(r201) p330(A,B) :- inv0(C5_0,C7_0,C7_0,B,C5_0,C7_0,C5_0,C7_0,C5_0,C7_0,C5_0,C7_0,C5_0,C7_0,C5_0,C7_0,C5_0,C7_0), skip1(A,C0_0), skip1(C0_0,C1_0-1), skip1(C1_0-1,C2_0), mk_uppercase(C2_0,C), skip1(C,C1_0), skip1(C1_0,C3_0), skip1(C3_0,C5_0).
(r202) p379(A,B) :- inv0(C1_0-1,C2_0,C1_0,C4_0,C5_0,B,C1_0-1,C2_0,C1_0-1,C2_0,C1_0-1,C2_0,C1_0-1,C2_0,C1_0-1,C2_0,C1_0-1,C2_0), skip1(A,C0_0), skip1(C0_0,C1_0-1), mk_uppercase(C2_0,C), skip1(C,C1_0), mk_uppercase(C4_0,C3_0), skip1(C3_0,C5_0).
(r203) p392(A,B) :- inv0(C2_0,C3_0-1,C3_0-1,C1_0,C4_0,C3_0,C3_0,C5_0,C2_0,C3_0-1,C2_0,C3_0-1,C2_0,C3_0-1,C2_0,C3_0-1,C2_0,C3_0-1), inv1(C2_0,C3_0-1,A,C0_0,C5_0,B,A,C0_0), mk_uppercase(C0_0,C), mk_uppercase(C,C2_0), skip1(C1_0,C4_0).
(r204) p41(A,B) :- inv0(C6_0,C7_0,C7_0,B,C6_0,C7_0,C6_0,C7_0,C6_0,C7_0,C6_0,C7_0,C6_0,C7_0,C6_0,C7_0,C6_0,C7_0), skip1(A,C), skip1(C,C1_0-2), mk_uppercase(C1_0-2,C1_0-1), mk_uppercase(C1_0-1,C1_0), skip1(C1_0,C2_0), skip1(C2_0,C4_0), skip1(C4_0,C6_0).
(r205) p64(A,B) :- inv0(A,C0_0,C0_0,C,C3_0,C1_0,A,C0_0,A,C0_0,A,C0_0,A,C0_0,A,C0_0,A,C0_0), inv1(A,C0_0,C2_0,C3_0,C1_0,B,C2_0,C3_0), skip1(C,C2_0-1), skip1(C2_0-1,C3_0-1), skip1(C3_0-1,C4_0), mk_uppercase(C4_0,C2_0).
(r206) p165(A,B) :- inv0(A,C0_0,C3_0-1,C4_0,C4_0,C,C,C1_0,C1_0,C3_0,A,C0_0,A,C0_0,A,C0_0,A,C0_0), inv1(A,C0_0,C3_0,B,C3_0,B,C3_0,B), skip1(C0_0,C1_0-1), skip1(C1_0-1,C2_0), skip1(C2_0,C3_0-1).
(r207) p369(A,B) :- inv0(C,C1_0-2,C1_0-2,C1_0-1,C1_0-1,C2_0-1,C2_0-1,C1_0,C2_0,C6_0,C,C1_0-2,C,C1_0-2,C,C1_0-2,C,C1_0-2), inv1(C,C1_0-2,C6_0,C4_0,C4_0,B,C6_0,C4_0), skip1(A,C), skip1(C1_0,C2_0).
(r208) p54(A,B) :- inv0(C0_0,C,C4_0,C3_0,C5_0,B,C0_0,C,C0_0,C,C0_0,C,C0_0,C,C0_0,C,C0_0,C), skip1(A,C0_0), skip1(C,C2_0), skip1(C2_0,C3_0-1), skip1(C3_0-1,C4_0-1), mk_uppercase(C4_0-1,C1_0), skip1(C1_0,C4_0), skip1(C3_0,C5_0).
(r209) p59(A,B) :- inv0(C0_0,C1_0-1,C1_0-1,C,C3_0-1,C2_0,C4_0,C6_0,C6_0,C1_0,C0_0,C1_0-1,C0_0,C1_0-1,C0_0,C1_0-1,C0_0,C1_0-1), inv1(C0_0,C1_0-1,C,C3_0-1,C3_0,B,C,C3_0-1), skip1(A,C0_0), skip1(C2_0,C4_0), skip1(C1_0,C3_0).
(r210) p79(A,B) :- inv0(C1_0-1,C,C,C2_0,C4_0,C1_0,C6_0,C8_0,C8_0,B,C1_0-1,C,C1_0-1,C,C1_0-1,C,C1_0-1,C), inv1(C1_0-1,C,C2_0,C4_0,C2_0,C4_0,C2_0,C4_0), skip1(A,C0_0), skip1(C0_0,C1_0-1), skip1(C1_0,C3_0), skip1(C3_0,C6_0).
(r211) p81(A,B) :- inv0(C,C1_0-2,C1_0-2,C1_0-1,C1_0-1,C3_0,C3_0,C2_0-1,C4_0-1,C1_0,C1_0,C2_0,C2_0,C4_0,C4_0,B,C,C1_0-2), skip1(A,C), skip1(C2_0-1,C4_0-1).
(r212) p85(A,B) :- inv0(C0_0,C1_0-1,C4_0,C1_0,C1_0,C5_0,C5_0,C3_0,C0_0,C1_0-1,C0_0,C1_0-1,C0_0,C1_0-1,C0_0,C1_0-1,C0_0,C1_0-1), inv1(C0_0,C1_0-1,C1_0-1,C,C6_0,B,C1_0-1,C), skip1(A,C0_0), skip1(C,C2_0), mk_uppercase(C2_0,C4_0), skip1(C3_0,C6_0).
(r213) p139(A,B) :- inv0(A,C,C,C1_0-1,C1_0-1,C2_0-2,C2_0-2,C2_0-1,C3_0-1,C1_0,C1_0,C3_0,C3_0,C2_0,C2_0,C4_0,C4_0,B), mk_uppercase(C2_0-1,C3_0-1).
(r214) p155(A,B) :- inv0(C2_0,C3_0-1,C3_0-1,C1_0,C4_0,C3_0,C5_0,B,C2_0,C3_0-1,C2_0,C3_0-1,C2_0,C3_0-1,C2_0,C3_0-1,C2_0,C3_0-1), skip1(A,C0_0), mk_uppercase(C0_0,C), skip1(C,C2_0-1), mk_uppercase(C2_0-1,C2_0), skip1(C1_0,C4_0), skip1(C3_0,C5_0).
(r215) p200(A,B) :- inv0(A,C0_0,C0_0,C1_0-1,C3_0-1,C2_0,C4_0,C1_0,C1_0,C3_0,C3_0,C6_0,C6_0,B,A,C0_0,A,C0_0), inv1(A,C0_0,C1_0-1,C,C1_0-1,C,C1_0-1,C), skip1(C,C3_0-1), mk_uppercase(C2_0,C4_0).
(r216) p204(A,B) :- inv0(A,C,C1_0-2,C1_0-1,C2_0-1,C4_0-1,C4_0-1,C1_0,C3_0,C2_0,C2_0,C4_0,A,C,A,C,A,C), skip1(C,C1_0-2), skip1(C1_0-1,C2_0-1), skip1(C1_0,C3_0), mk_uppercase(C4_0,B).
(r217) p207(A,B) :- inv0(A,C,C1_0-2,C1_0-1,C1_0-1,C3_0,C3_0,C2_0-1,C2_0-1,C4_0-1,C4_0-1,C1_0,C2_0,C4_0,A,C,A,C), inv1(A,C,C4_0,B,C4_0,B,C4_0,B), skip1(C,C1_0-2), skip1(C1_0,C2_0).
(r218) p251(A,B) :- inv0(C1_0-2,C1_0-1,C4_0,C3_0,C5_0,B,C1_0-2,C1_0-1,C1_0-2,C1_0-1,C1_0-2,C1_0-1,C1_0-2,C1_0-1,C1_0-2,C1_0-1,C1_0-2,C1_0-1), inv1(C1_0-2,C1_0-1,C2_0,C,C3_0,C5_0,C2_0,C), skip1(A,C0_0), skip1(C0_0,C1_0-2), skip1(C1_0-1,C2_0), skip1(C,C1_0), skip1(C1_0,C4_0).
(r219) p269(A,B) :- inv0(C1_0-1,C,C3_0-1,C2_0,C2_0,C4_0,C1_0,C3_0,C3_0,C6_0,C6_0,B,C1_0-1,C,C1_0-1,C,C1_0-1,C), inv1(C1_0-1,C,C4_0,C1_0,C4_0,C1_0,C4_0,C1_0), mk_uppercase(A,C0_0), skip1(C0_0,C1_0-1), skip1(C,C3_0-1).
(r220) p271(A,B) :- inv0(C1_0-2,C1_0-1,C2_0-1,C4_0-1,C4_0-1,C1_0,C3_0,C2_0,C4_0,B,C1_0-2,C1_0-1,C1_0-2,C1_0-1,C1_0-2,C1_0-1,C1_0-2,C1_0-1), inv1(C1_0-2,C1_0-1,C,C1_0-2,C,C1_0-2,C,C1_0-2), skip1(A,C), skip1(C1_0-1,C2_0-1), skip1(C1_0,C3_0), skip1(C2_0,C4_0).
(r221) p295(A,B) :- inv0(A,C,C1_0-2,C1_0-1,C4_0-1,C1_0,A,C,A,C,A,C,A,C,A,C,A,C), skip1(C,C1_0-2), skip1(C1_0-1,C2_0-1), skip1(C2_0-1,C4_0-1), skip1(C1_0,C2_0), skip1(C2_0,C4_0), skip1(C4_0,C7_0), mk_uppercase(C7_0,B).
(r222) p308(A,B) :- inv0(C,C1_0-1,C1_0-1,C2_0-2,C2_0-2,C2_0-1,C3_0-1,C1_0,C3_0,C2_0,C,C1_0-1,C,C1_0-1,C,C1_0-1,C,C1_0-1), inv1(C,C1_0-1,C4_0,B,C4_0,B,C4_0,B), skip1(A,C), skip1(C2_0-1,C3_0-1), skip1(C1_0,C3_0), skip1(C2_0,C4_0).
(r223) p320(A,B) :- inv0(A,C0_0,C0_0,C1_0-1,C1_0-1,C,C,C3_0-1,C3_0,C6_0,C6_0,B,A,C0_0,A,C0_0,A,C0_0), inv1(A,C0_0,C3_0-1,C2_0,C2_0,C1_0,C3_0-1,C2_0), skip1(C1_0,C5_0), mk_uppercase(C5_0,C3_0).
(r224) p390(A,B) :- inv0(A,C0_0-1,C0_0-1,C0_0,C0_0,C2_0,C2_0,C1_0-1,C3_0-1,C,C3_0,C6_0,C6_0,B,A,C0_0-1,A,C0_0-1), skip1(C1_0-1,C3_0-1), skip1(C,C1_0), skip1(C1_0,C3_0).
(r225) p240(A,B) :- inv0(A,C0_0-1,C0_0-1,C0_0,C0_0,C1_0-1,C1_0-1,C,A,C0_0-1,A,C0_0-1,A,C0_0-1,A,C0_0-1,A,C0_0-1), inv1(A,C0_0-1,C6_0,C1_0,C3_0,B,C6_0,C1_0), skip1(C,C2_0), skip1(C2_0,C5_0), skip1(C5_0,C6_0), mk_uppercase(C1_0,C3_0).
(r226) p250(A,B) :- inv0(C2_0-1,C,C3_0-1,C2_0,C2_0,C4_0,C1_0,C3_0,C2_0-1,C,C2_0-1,C,C2_0-1,C,C2_0-1,C,C2_0-1,C), inv1(C2_0-1,C,C,C3_0-1,C4_0,C1_0,C,C3_0-1), skip1(A,C0_0), skip1(C0_0,C1_0-1), skip1(C1_0-1,C2_0-1), mk_uppercase(C3_0,B).
(r227) p276(A,B) :- inv0(C1_0-1,C,C6_0-1,C6_0,C6_0,C7_0,C1_0-1,C,C1_0-1,C,C1_0-1,C,C1_0-1,C,C1_0-1,C,C1_0-1,C), inv1(C1_0-1,C,C7_0,B,C7_0,B,C7_0,B), skip1(A,C0_0), skip1(C0_0,C1_0-1), skip1(C,C1_0), skip1(C1_0,C3_0), skip1(C3_0,C5_0), skip1(C5_0,C6_0-1).
(r228) p287(A,B) :- inv0(C0_0-1,C0_0,C0_0,C1_0-1,C1_0-1,C,C7_0,C8_0,C8_0,B,C0_0-1,C0_0,C0_0-1,C0_0,C0_0-1,C0_0,C0_0-1,C0_0), skip1(A,C0_0-1), skip1(C,C1_0), skip1(C1_0,C3_0), skip1(C3_0,C6_0), skip1(C6_0,C7_0).
(r229) p362(A,B) :- inv0(C5_0,C4_0,C6_0,B,C5_0,C4_0,C5_0,C4_0,C5_0,C4_0,C5_0,C4_0,C5_0,C4_0,C5_0,C4_0,C5_0,C4_0), inv1(C5_0,C4_0,A,C,A,C,A,C), skip1(C,C1_0-1), skip1(C1_0-1,C2_0-1), skip1(C2_0-1,C3_0), mk_uppercase(C3_0,C1_0), skip1(C1_0,C2_0), skip1(C2_0,C5_0), skip1(C4_0,C6_0).
(r230) p274(A,B) :- inv1(A,C,C1_0,B,C1_0,B,C1_0,B), mk_uppercase(C,C1_0).
(r231) p274(A,B) :- skip1(A,C), p274(C,B).
(r232) p88(A,B) :- inv0(A,C0_0,C,C2_0,C2_0,C1_0,C1_0,C3_0,C3_0,B,A,C0_0,A,C0_0,A,C0_0,A,C0_0), inv1(A,C0_0,C0_0,C,C0_0,C,C0_0,C).
(r233) p88(A,B) :- mk_uppercase(A,C0_0), copy1(C0_0,C), p88(C,B).
====================
