number of rules: 131
program size: 886
(r1) p4(A,B) :- not_empty(A), mk_lowercase(A,B).
(r2) p6(A,B) :- not_empty(A), skip1(A,B).
(r3) p12(A,B) :- not_empty(A), copy1(A,B).
(r4) p30(A,B) :- copy1(A,C), mk_lowercase(C,B).
(r5) p34(A,B) :- skip1(A,C), copy1(C,B).
(r6) p40(A,B) :- skip1(A,C), mk_uppercase(C,B).
(r7) p43(A,B) :- mk_uppercase(A,C), copy1(C,B).
(r8) p47(A,B) :- not_empty(A), mk_uppercase(A,B).
(r9) p85(A,B) :- copy1(A,C), mk_uppercase(C,B).
(r10) p98(A,B) :- mk_uppercase(A,C), mk_uppercase(C,B).
(r11) p133(A,B) :- skip1(A,C), mk_lowercase(C,B).
(r12) p184(A,B) :- mk_uppercase(A,C), mk_lowercase(C,B).
(r13) p1(A,B) :- mk_lowercase(A,C), skip1(C,C1_0), copy1(C1_0,B).
(r14) p3(A,B) :- copy1(A,C), skip1(C,C1_0), copy1(C1_0,B).
(r15) p15(A,B) :- skip1(A,C0_0), copy1(C0_0,C), copy1(C,B).
(r16) p21(A,B) :- mk_uppercase(A,C), skip1(C,C1_0), mk_uppercase(C1_0,B).
(r17) p23(A,B) :- skip1(A,C0_0), mk_lowercase(C0_0,C), copy1(C,B).
(r18) p25(A,B) :- mk_uppercase(A,C), skip1(C,C1_0), copy1(C1_0,B).
(r19) p52(A,B) :- copy1(A,C), copy1(C,C1_0), copy1(C1_0,B).
(r20) p66(A,B) :- mk_uppercase(A,C), skip1(C,C1_0), mk_lowercase(C1_0,B).
(r21) p69(A,B) :- skip1(A,C), skip1(C,C1_0), copy1(C1_0,B).
(r22) p76(A,B) :- skip1(A,C), mk_uppercase(C,C1_0), copy1(C1_0,B).
(r23) p93(A,B) :- copy1(A,C), mk_uppercase(C,C1_0), copy1(C1_0,B).
(r24) p94(A,B) :- mk_uppercase(A,C), mk_uppercase(C,C1_0), mk_lowercase(C1_0,B).
(r25) p140(A,B) :- mk_uppercase(A,C), mk_uppercase(C,C1_0), copy1(C1_0,B).
(r26) p147(A,B) :- mk_lowercase(A,C), copy1(C,C1_0), copy1(C1_0,B).
(r27) p151(A,B) :- mk_lowercase(A,C), mk_lowercase(C,C1_0), mk_uppercase(C1_0,B).
(r28) p2(A,B) :- copy1(A,C), mk_uppercase(C,C1_0-1), copy1(C1_0-1,C1_0), skip1(C1_0,C2_0), copy1(C2_0,B).
(r29) p13(A,B) :- skip1(A,C0_0), copy1(C0_0,C), skip1(C,C2_0), mk_lowercase(C2_0,C1_0), copy1(C1_0,B).
(r30) p54(A,B) :- mk_uppercase(A,C), skip1(C,C1_0-1), mk_lowercase(C1_0-1,C1_0), copy1(C1_0,C2_0), mk_lowercase(C2_0,B).
(r31) p71(A,B) :- skip1(A,C0_0), copy1(C0_0,C), mk_uppercase(C,C2_0), copy1(C2_0,C1_0), copy1(C1_0,B).
(r32) p72(A,B) :- copy1(A,C), skip1(C,C1_0-1), copy1(C1_0-1,C1_0), mk_uppercase(C1_0,C2_0), mk_lowercase(C2_0,B).
(r33) p78(A,B) :- skip1(A,C), skip1(C,C1_0-1), copy1(C1_0-1,C1_0), skip1(C1_0,C2_0), copy1(C2_0,B).
(r34) p92(A,B) :- mk_lowercase(A,C), mk_uppercase(C,C1_0-1), mk_lowercase(C1_0-1,C1_0), skip1(C1_0,C2_0), copy1(C2_0,B).
(r35) p137(A,B) :- skip1(A,C0_0), copy1(C0_0,C), skip1(C,C2_0), copy1(C2_0,C1_0), copy1(C1_0,B).
(r36) p144(A,B) :- copy1(A,C0_0), mk_lowercase(C0_0,C), copy1(C,C1_0), copy1(C1_0,C3_0), mk_lowercase(C3_0,B).
(r37) p145(A,B) :- mk_lowercase(A,C), skip1(C,C1_0-1), copy1(C1_0-1,C1_0), skip1(C1_0,C2_0), mk_lowercase(C2_0,B).
(r38) p150(A,B) :- copy1(A,C), skip1(C,C1_0-1), copy1(C1_0-1,C1_0), skip1(C1_0,C2_0), mk_uppercase(C2_0,B).
(r39) p157(A,B) :- mk_uppercase(A,C0_0), copy1(C0_0,C), copy1(C,C1_0), copy1(C1_0,C3_0), mk_uppercase(C3_0,B).
(r40) p179(A,B) :- copy1(A,C), skip1(C,C1_0-1), mk_lowercase(C1_0-1,C1_0), copy1(C1_0,C2_0), mk_lowercase(C2_0,B).
(r41) p16(A,B) :- skip1(A,C0_0), skip1(C0_0,C1_0), copy1(C1_0,C2_0), mk_lowercase(C2_0,C), mk_lowercase(C,B).
(r42) p63(A,B) :- mk_uppercase(A,C0_0), skip1(C0_0,C1_0-1), mk_uppercase(C1_0-1,C), mk_lowercase(C,C1_0), copy1(C1_0,B).
(r43) p68(A,B) :- copy1(A,C0_0), copy1(C0_0,C), skip1(C,C1_0), skip1(C1_0,C3_0), copy1(C3_0,B).
(r44) p79(A,B) :- copy1(A,C), copy1(C,C1_0-1), copy1(C1_0-1,C1_0), copy1(C1_0,C2_0), copy1(C2_0,B).
(r45) p101(A,B) :- skip1(A,C), skip1(C,C1_0), skip1(C1_0,C2_0), skip1(C2_0,C3_0), copy1(C3_0,B).
(r46) p105(A,B) :- copy1(A,C0_0), copy1(C0_0,C), skip1(C,C1_0), skip1(C1_0,C3_0), mk_lowercase(C3_0,B).
(r47) p106(A,B) :- copy1(A,C), skip1(C,C1_0), skip1(C1_0,C2_0), mk_uppercase(C2_0,C3_0), copy1(C3_0,B).
(r48) p177(A,B) :- copy1(A,C0_0), copy1(C0_0,C1_0-1), copy1(C1_0-1,C), skip1(C,C1_0), mk_lowercase(C1_0,B).
(r49) p11(A,B) :- copy1(A,C), skip1(C,C1_0-1), skip1(C1_0-1,C2_0), mk_lowercase(C2_0,C1_0), mk_uppercase(C1_0,B).
(r50) p38(A,B) :- copy1(A,C), copy1(C,C1_0), mk_uppercase(C1_0,C2_0), copy1(C2_0,B).
(r51) p48(A,B) :- skip1(A,C0_0), copy1(C0_0,C), copy1(C,C1_0), mk_lowercase(C1_0,B).
(r52) p59(A,B) :- copy1(A,C), skip1(C,C1_0-1), copy1(C1_0-1,C1_0), copy1(C1_0,B).
(r53) p61(A,B) :- skip1(A,C), skip1(C,C1_0-1), copy1(C1_0-1,C1_0), copy1(C1_0,B).
(r54) p62(A,B) :- copy1(A,C), skip1(C,C1_0-1), mk_lowercase(C1_0-1,C1_0), copy1(C1_0,B).
(r55) p73(A,B) :- copy1(A,C0_0), copy1(C0_0,C), copy1(C,C1_0), copy1(C1_0,B).
(r56) p90(A,B) :- copy1(A,C), mk_uppercase(C,C1_0-1), mk_lowercase(C1_0-1,C1_0), mk_uppercase(C1_0,B).
(r57) p141(A,B) :- mk_uppercase(A,C), skip1(C,C1_0-1), copy1(C1_0-1,C1_0), copy1(C1_0,B).
(r58) p153(A,B) :- copy1(A,C), skip1(C,C1_0-1), copy1(C1_0-1,C1_0), copy1(C1_0,B).
(r59) p156(A,B) :- mk_lowercase(A,C), skip1(C,C1_0), mk_uppercase(C1_0,C2_0), mk_uppercase(C2_0,B).
(r60) p160(A,B) :- mk_uppercase(A,C), skip1(C,C1_0-1), mk_lowercase(C1_0-1,C1_0), mk_lowercase(C1_0,B).
(r61) p182(A,B) :- skip1(A,C0_0), copy1(C0_0,C), copy1(C,C1_0), copy1(C1_0,B).
(r62) p188(A,B) :- skip1(A,C), skip1(C,C1_0), copy1(C1_0,C2_0), mk_lowercase(C2_0,B).
(r63) p192(A,B) :- skip1(A,C), skip1(C,C1_0), skip1(C1_0,C2_0), copy1(C2_0,B).
(r64) p103(A,B) :- skip1(A,C0_0), copy1(C0_0,C), mk_uppercase(C,C2_0), copy1(C2_0,C1_0), skip1(C1_0,C3_0), copy1(C3_0,B).
(r65) p31(A,B) :- copy1(A,C0_0), mk_uppercase(C0_0,C), mk_lowercase(C,C2_0), mk_lowercase(C2_0,C3_0), mk_uppercase(C3_0,C1_0), copy1(C1_0,B).
(r66) p32(A,B) :- copy1(A,C0_0), copy1(C0_0,C), copy1(C,C1_0), copy1(C1_0,C3_0), skip1(C3_0,C4_0), copy1(C4_0,B).
(r67) p50(A,B) :- mk_lowercase(A,C), copy1(C,C1_0-1), copy1(C1_0-1,C2_0-1), mk_lowercase(C2_0-1,C1_0), skip1(C1_0,C2_0), mk_uppercase(C2_0,B).
(r68) p56(A,B) :- copy1(A,C0_0), copy1(C0_0,C1_0-1), mk_uppercase(C1_0-1,C2_0), copy1(C2_0,C), copy1(C,C1_0), mk_lowercase(C1_0,B).
(r69) p74(A,B) :- skip1(A,C), skip1(C,C1_0-1), mk_lowercase(C1_0-1,C1_0), skip1(C1_0,C2_0), skip1(C2_0,C4_0), copy1(C4_0,B).
(r70) p77(A,B) :- skip1(A,C0_0), copy1(C0_0,C), skip1(C,C1_0), skip1(C1_0,C3_0), skip1(C3_0,C4_0), copy1(C4_0,B).
(r71) p80(A,B) :- skip1(A,C0_0), mk_lowercase(C0_0,C), copy1(C,C1_0), skip1(C1_0,C3_0-1), copy1(C3_0-1,C3_0), copy1(C3_0,B).
(r72) p86(A,B) :- copy1(A,C0_0), copy1(C0_0,C1_0-1), mk_lowercase(C1_0-1,C), copy1(C,C1_0), copy1(C1_0,C3_0), copy1(C3_0,B).
(r73) p89(A,B) :- copy1(A,C0_0), skip1(C0_0,C1_0-1), copy1(C1_0-1,C), skip1(C,C1_0), skip1(C1_0,C3_0), mk_lowercase(C3_0,B).
(r74) p131(A,B) :- copy1(A,C), copy1(C,C1_0), mk_uppercase(C1_0,C2_0-1), copy1(C2_0-1,C2_0), skip1(C2_0,C3_0), copy1(C3_0,B).
(r75) p152(A,B) :- copy1(A,C0_0), skip1(C0_0,C1_0-2), copy1(C1_0-2,C1_0-1), copy1(C1_0-1,C), mk_uppercase(C,C1_0), mk_uppercase(C1_0,B).
(r76) p164(A,B) :- copy1(A,C0_0), copy1(C0_0,C), copy1(C,C2_0), copy1(C2_0,C1_0), copy1(C1_0,C3_0), copy1(C3_0,B).
(r77) p167(A,B) :- mk_uppercase(A,C0_0), mk_uppercase(C0_0,C), skip1(C,C2_0), copy1(C2_0,C1_0), copy1(C1_0,C3_0), copy1(C3_0,B).
(r78) p191(A,B) :- mk_lowercase(A,C0_0), mk_uppercase(C0_0,C), copy1(C,C2_0), mk_lowercase(C2_0,C1_0), copy1(C1_0,C3_0), mk_lowercase(C3_0,B).
(r79) p88(A,B) :- mk_uppercase(A,C0_0), copy1(C0_0,C), mk_uppercase(C,C2_0), mk_lowercase(C2_0,C1_0), mk_lowercase(C1_0,C3_0), copy1(C3_0,B).
(r80) p5(A,B) :- copy1(A,C), skip1(C,C1_0-2), copy1(C1_0-2,C1_0-1), copy1(C1_0-1,C2_0-1), copy1(C2_0-1,C1_0), copy1(C1_0,C2_0), skip1(C2_0,C6_0), copy1(C6_0,C4_0), copy1(C4_0,B).
(r81) p41(A,B) :- copy1(A,C0_0), mk_uppercase(C0_0,C), copy1(C,C2_0), copy1(C2_0,C3_0-1), mk_uppercase(C3_0-1,C4_0-1), copy1(C4_0-1,C1_0), skip1(C1_0,C4_0), copy1(C4_0,C3_0), copy1(C3_0,B).
(r82) p109(A,B) :- copy1(A,C), skip1(C,C1_0-1), mk_uppercase(C1_0-1,C2_0-1), copy1(C2_0-1,C1_0), skip1(C1_0,C3_0), mk_uppercase(C3_0,C2_0), mk_lowercase(C2_0,C4_0), copy1(C4_0,C7_0), copy1(C7_0,B).
(r83) p110(A,B) :- copy1(A,C0_0), copy1(C0_0,C), copy1(C,C2_0), copy1(C2_0,C3_0-1), mk_uppercase(C3_0-1,C1_0), skip1(C1_0,C4_0), copy1(C4_0,C3_0), skip1(C3_0,C5_0), mk_lowercase(C5_0,B).
(r84) p135(A,B) :- skip1(A,C0_0), copy1(C0_0,C), skip1(C,C2_0), mk_uppercase(C2_0,C3_0-1), copy1(C3_0-1,C1_0), skip1(C1_0,C4_0), copy1(C4_0,C3_0), skip1(C3_0,C5_0), mk_lowercase(C5_0,B).
(r85) p136(A,B) :- skip1(A,C0_0), copy1(C0_0,C), skip1(C,C2_0), mk_uppercase(C2_0,C3_0-1), copy1(C3_0-1,C1_0), copy1(C1_0,C3_0), copy1(C3_0,C5_0), mk_uppercase(C5_0,C7_0), copy1(C7_0,B).
(r86) p174(A,B) :- copy1(A,C), skip1(C,C1_0), skip1(C1_0,C2_0-1), mk_uppercase(C2_0-1,C3_0-1), copy1(C3_0-1,C2_0), copy1(C2_0,C4_0), copy1(C4_0,C3_0), copy1(C3_0,C5_0), copy1(C5_0,B).
(r87) p176(A,B) :- copy1(A,C0_0), mk_lowercase(C0_0,C), copy1(C,C2_0-1), copy1(C2_0-1,C2_0), copy1(C2_0,C3_0-1), copy1(C3_0-1,C1_0), skip1(C1_0,C3_0), copy1(C3_0,C5_0), mk_lowercase(C5_0,B).
(r88) p198(A,B) :- copy1(A,C0_0), skip1(C0_0,C1_0-2), copy1(C1_0-2,C1_0-1), skip1(C1_0-1,C2_0-1), mk_uppercase(C2_0-1,C), skip1(C,C2_0), copy1(C2_0,C1_0), skip1(C1_0,C3_0), copy1(C3_0,B).
(r89) p17(A,B) :- skip1(A,C0_0-1), mk_lowercase(C0_0-1,C0_0), copy1(C0_0,C1_0-1), mk_uppercase(C1_0-1,C3_0-1), copy1(C3_0-1,C3_0), skip1(C3_0,C4_0), copy1(C4_0,C), mk_lowercase(C,C1_0), copy1(C1_0,B).
(r90) p95(A,B) :- skip1(A,C0_0), skip1(C0_0,C1_0-1), copy1(C1_0-1,C), skip1(C,C2_0), skip1(C2_0,C4_0), skip1(C4_0,C5_0), skip1(C5_0,C6_0), copy1(C6_0,C1_0), mk_lowercase(C1_0,B).
(r91) p172(A,B) :- skip1(A,C0_0-1), copy1(C0_0-1,C0_0), skip1(C0_0,C2_0-1), copy1(C2_0-1,C1_0-1), copy1(C1_0-1,C), skip1(C,C2_0), skip1(C2_0,C5_0), mk_lowercase(C5_0,C1_0), mk_uppercase(C1_0,B).
(r92) p7(A,B) :- skip1(A,C), mk_uppercase(C,C1_0-1), skip1(C1_0-1,C2_0-2), mk_lowercase(C2_0-2,C2_0-1), mk_lowercase(C2_0-1,C1_0), mk_lowercase(C1_0,C2_0), skip1(C2_0,C4_0), copy1(C4_0,B).
(r93) p18(A,B) :- skip1(A,C0_0), mk_uppercase(C0_0,C1_0-1), copy1(C1_0-1,C), mk_uppercase(C,C2_0), mk_lowercase(C2_0,C1_0), copy1(C1_0,C3_0), copy1(C3_0,C6_0), copy1(C6_0,B).
(r94) p39(A,B) :- copy1(A,C), skip1(C,C1_0-2), copy1(C1_0-2,C1_0-1), skip1(C1_0-1,C2_0-1), copy1(C2_0-1,C1_0), copy1(C1_0,C2_0), mk_uppercase(C2_0,C4_0), copy1(C4_0,B).
(r95) p87(A,B) :- copy1(A,C0_0), copy1(C0_0,C), copy1(C,C2_0), copy1(C2_0,C3_0-1), mk_uppercase(C3_0-1,C1_0), mk_uppercase(C1_0,C4_0), copy1(C4_0,C3_0), copy1(C3_0,B).
(r96) p97(A,B) :- mk_lowercase(A,C0_0), mk_uppercase(C0_0,C), copy1(C,C2_0), copy1(C2_0,C3_0-1), mk_lowercase(C3_0-1,C1_0), skip1(C1_0,C4_0), copy1(C4_0,C3_0), copy1(C3_0,B).
(r97) p132(A,B) :- skip1(A,C0_0), skip1(C0_0,C1_0-2), copy1(C1_0-2,C1_0-1), copy1(C1_0-1,C), skip1(C,C1_0), skip1(C1_0,C3_0), skip1(C3_0,C5_0), copy1(C5_0,B).
(r98) p143(A,B) :- copy1(A,C0_0-1), copy1(C0_0-1,C0_0), copy1(C0_0,C1_0-1), copy1(C1_0-1,C), copy1(C,C1_0), copy1(C1_0,C3_0), skip1(C3_0,C6_0), copy1(C6_0,B).
(r99) p180(A,B) :- skip1(A,C), skip1(C,C1_0-1), mk_lowercase(C1_0-1,C1_0), copy1(C1_0,C2_0), mk_uppercase(C2_0,C4_0-1), copy1(C4_0-1,C4_0), skip1(C4_0,C5_0), copy1(C5_0,B).
(r100) p181(A,B) :- mk_lowercase(A,C), copy1(C,C1_0), mk_lowercase(C1_0,C2_0-1), copy1(C2_0-1,C3_0-1), copy1(C3_0-1,C2_0), copy1(C2_0,C3_0), copy1(C3_0,C5_0), mk_uppercase(C5_0,B).
(r101) p187(A,B) :- copy1(A,C0_0), skip1(C0_0,C1_0-2), mk_lowercase(C1_0-2,C1_0-1), copy1(C1_0-1,C), copy1(C,C1_0), skip1(C1_0,C4_0), copy1(C4_0,C3_0), copy1(C3_0,B).
(r102) p58(A,B) :- copy1(A,C), skip1(C,C1_0), mk_lowercase(C1_0,C2_0-1), skip1(C2_0-1,C3_0-1), copy1(C3_0-1,C2_0), copy1(C2_0,C3_0), copy1(C3_0,C5_0), copy1(C5_0,B).
(r103) p60(A,B) :- mk_lowercase(A,C0_0), mk_uppercase(C0_0,C), mk_lowercase(C,C2_0), copy1(C2_0,C1_0), skip1(C1_0,C4_0), copy1(C4_0,C3_0), copy1(C3_0,C5_0), mk_lowercase(C5_0,B).
(r104) p99(A,B) :- mk_uppercase(A,C0_0), copy1(C0_0,C), skip1(C,C2_0), mk_uppercase(C2_0,C1_0), skip1(C1_0,C4_0-1), mk_lowercase(C4_0-1,C4_0), mk_lowercase(C4_0,C3_0), copy1(C3_0,B).
(r105) p173(A,B) :- copy1(A,C0_0), skip1(C0_0,C1_0-1), skip1(C1_0-1,C2_0), mk_uppercase(C2_0,C3_0-1), copy1(C3_0-1,C), copy1(C,C1_0), skip1(C1_0,C3_0), copy1(C3_0,B).
(r106) p22(A,B) :- copy1(A,C), copy1(C,C1_0-1), mk_uppercase(C1_0-1,C2_0-2), copy1(C2_0-2,C2_0-1), skip1(C2_0-1,C3_0-1), copy1(C3_0-1,C1_0), skip1(C1_0,C3_0), copy1(C3_0,C2_0), copy1(C2_0,C4_0), copy1(C4_0,B).
(r107) p128(A,B) :- mk_lowercase(A,C0_0), copy1(C0_0,C1_0-1), copy1(C1_0-1,C), copy1(C,C2_0), mk_uppercase(C2_0,C4_0-1), copy1(C4_0-1,C4_0), skip1(C4_0,C5_0), copy1(C5_0,C1_0), copy1(C1_0,C3_0), mk_uppercase(C3_0,B).
(r108) p189(A,B) :- skip1(A,C0_0), copy1(C0_0,C), copy1(C,C2_0-1), copy1(C2_0-1,C2_0), copy1(C2_0,C3_0-1), copy1(C3_0-1,C1_0), skip1(C1_0,C4_0), skip1(C4_0,C7_0), copy1(C7_0,C3_0), mk_uppercase(C3_0,B).
(r109) p193(A,B) :- copy1(A,C0_0-1), copy1(C0_0-1,C0_0), copy1(C0_0,C1_0-1), copy1(C1_0-1,C), skip1(C,C2_0), mk_uppercase(C2_0,C1_0), skip1(C1_0,C3_0), skip1(C3_0,C7_0), skip1(C7_0,C8_0), copy1(C8_0,B).
(r110) p200(A,B) :- skip1(A,C0_0), skip1(C0_0,C1_0-2), copy1(C1_0-2,C1_0-1), copy1(C1_0-1,C), skip1(C,C2_0), skip1(C2_0,C5_0), copy1(C5_0,C4_0), copy1(C4_0,C1_0), mk_uppercase(C1_0,C3_0), copy1(C3_0,B).
(r111) p9(A,B) :- copy1(A,C0_0), skip1(C0_0,C1_0-1), copy1(C1_0-1,C), mk_lowercase(C,C3_0), mk_uppercase(C3_0,C2_0), copy1(C2_0,C5_0), mk_lowercase(C5_0,C4_0), copy1(C4_0,C6_0), mk_lowercase(C6_0,C1_0), mk_lowercase(C1_0,B).
(r112) p45(A,B) :- copy1(A,C), skip1(C,C1_0-1), skip1(C1_0-1,C2_0-1), mk_lowercase(C2_0-1,C1_0), skip1(C1_0,C3_0), copy1(C3_0,C2_0), skip1(C2_0,C4_0), skip1(C4_0,C7_0), skip1(C7_0,C8_0), copy1(C8_0,B).
(r113) p83(A,B) :- skip1(A,C0_0), skip1(C0_0,C1_0-1), skip1(C1_0-1,C2_0-1), skip1(C2_0-1,C3_0-1), copy1(C3_0-1,C), copy1(C,C2_0), mk_uppercase(C2_0,C4_0), copy1(C4_0,C1_0), mk_lowercase(C1_0,C3_0), copy1(C3_0,B).
(r114) p29(A,B) :- skip1(A,C0_0), copy1(C0_0,C1_0-1), mk_lowercase(C1_0-1,C), skip1(C,C3_0), mk_lowercase(C3_0,C2_0), mk_lowercase(C2_0,C1_0), copy1(C1_0,B).
(r115) p35(A,B) :- skip1(A,C0_0), skip1(C0_0,C1_0-2), copy1(C1_0-2,C1_0-1), copy1(C1_0-1,C), copy1(C,C1_0), skip1(C1_0,C3_0), copy1(C3_0,B).
(r116) p36(A,B) :- skip1(A,C0_0-1), copy1(C0_0-1,C0_0), skip1(C0_0,C1_0-1), copy1(C1_0-1,C), copy1(C,C1_0), skip1(C1_0,C3_0), copy1(C3_0,B).
(r117) p49(A,B) :- copy1(A,C), mk_lowercase(C,C1_0-1), skip1(C1_0-1,C2_0-1), copy1(C2_0-1,C1_0), copy1(C1_0,C2_0), copy1(C2_0,C4_0), copy1(C4_0,B).
(r118) p55(A,B) :- mk_uppercase(A,C), copy1(C,C1_0-1), copy1(C1_0-1,C2_0-1), copy1(C2_0-1,C1_0), skip1(C1_0,C2_0), skip1(C2_0,C4_0), copy1(C4_0,B).
(r119) p57(A,B) :- copy1(A,C0_0), copy1(C0_0,C1_0-1), copy1(C1_0-1,C), skip1(C,C1_0), skip1(C1_0,C4_0), mk_lowercase(C4_0,C3_0), copy1(C3_0,B).
(r120) p70(A,B) :- skip1(A,C0_0), copy1(C0_0,C1_0-1), mk_lowercase(C1_0-1,C), copy1(C,C2_0), skip1(C2_0,C4_0), copy1(C4_0,C1_0), mk_uppercase(C1_0,B).
(r121) p115(A,B) :- skip1(A,C0_0), copy1(C0_0,C), skip1(C,C2_0), skip1(C2_0,C3_0), copy1(C3_0,C4_0), mk_lowercase(C4_0,C1_0), copy1(C1_0,B).
(r122) p117(A,B) :- skip1(A,C0_0-1), copy1(C0_0-1,C0_0), skip1(C0_0,C1_0-1), mk_uppercase(C1_0-1,C), copy1(C,C1_0), skip1(C1_0,C3_0), copy1(C3_0,B).
(r123) p123(A,B) :- skip1(A,C0_0-1), copy1(C0_0-1,C0_0), skip1(C0_0,C1_0-1), copy1(C1_0-1,C), copy1(C,C1_0), skip1(C1_0,C3_0), copy1(C3_0,B).
(r124) p126(A,B) :- copy1(A,C), copy1(C,C1_0-2), copy1(C1_0-2,C1_0-1), copy1(C1_0-1,C2_0-1), copy1(C2_0-1,C1_0), skip1(C1_0,C2_0), mk_uppercase(C2_0,B).
(r125) p161(A,B) :- skip1(A,C0_0-1), copy1(C0_0-1,C0_0), copy1(C0_0,C), copy1(C,C1_0), skip1(C1_0,C4_0), copy1(C4_0,C3_0), copy1(C3_0,B).
(r126) p183(A,B) :- copy1(A,C0_0), copy1(C0_0,C), copy1(C,C2_0), copy1(C2_0,C3_0), skip1(C3_0,C4_0), copy1(C4_0,C1_0), mk_uppercase(C1_0,B).
(r127) p186(A,B) :- skip1(A,C0_0-1), copy1(C0_0-1,C0_0), skip1(C0_0,C1_0-1), copy1(C1_0-1,C), copy1(C,C1_0), copy1(C1_0,C3_0), mk_lowercase(C3_0,B).
(r128) p14(A,B) :- mk_lowercase(A,C), skip1(C,C1_0-1), skip1(C1_0-1,C2_0-1), mk_lowercase(C2_0-1,C1_0), skip1(C1_0,C3_0), mk_lowercase(C3_0,C2_0), mk_lowercase(C2_0,B).
(r129) p149(A,B) :- copy1(A,C0_0-1), copy1(C0_0-1,C0_0), copy1(C0_0,C1_0-1), copy1(C1_0-1,C), copy1(C,C2_0), copy1(C2_0,C5_0), mk_uppercase(C5_0,C1_0), skip1(C1_0,C3_0), skip1(C3_0,C8_0), copy1(C8_0,C7_0), copy1(C7_0,B).
(r130) p190(A,B) :- copy1(A,C0_0), mk_uppercase(C0_0,C), copy1(C,C1_0), skip1(C1_0,C3_0-1), mk_lowercase(C3_0-1,C3_0), copy1(C3_0,B).
(r131) p190(A,B) :- skip1(A,C), p190(C,B).
====================
CP-SAT solving...
number of rules: 133
program size: 506
(inv0) inv0(X1,X2,X3,X4,X5,X6,X7,X8,X9,X10,X11,X12,X13,X14,X15,X16,X17,X18,X19,X20,X21,X22,X23,X24,X25,X26,X27,X28) :- skip1(X1,X2), skip1(X3,X4), skip1(X5,X6), skip1(X7,X8), skip1(X9,X10), skip1(X11,X12), copy1(X13,X14), copy1(X15,X16), copy1(X17,X18), copy1(X19,X20), copy1(X21,X22), copy1(X23,X24), copy1(X25,X26), copy1(X27,X28).
(inv1) inv1(X1,X2,X3) :- not_empty(X1), mk_lowercase(X2,X3).
(r1) p4(A,B) :- inv1(A,A,B).
(r2) p6(A,B) :- not_empty(A), skip1(A,B).
(r3) p12(A,B) :- not_empty(A), copy1(A,B).
(r4) p30(A,B) :- copy1(A,C), mk_lowercase(C,B).
(r5) p34(A,B) :- inv0(A,C,A,C,A,C,A,C,A,C,A,C,C,B,C,B,C,B,C,B,C,B,C,B,C,B,C,B).
(r6) p40(A,B) :- skip1(A,C), mk_uppercase(C,B).
(r7) p43(A,B) :- mk_uppercase(A,C), copy1(C,B).
(r8) p47(A,B) :- not_empty(A), mk_uppercase(A,B).
(r9) p85(A,B) :- copy1(A,C), mk_uppercase(C,B).
(r10) p98(A,B) :- mk_uppercase(A,C), mk_uppercase(C,B).
(r11) p133(A,B) :- skip1(A,C), mk_lowercase(C,B).
(r12) p184(A,B) :- mk_uppercase(A,C), mk_lowercase(C,B).
(r13) p1(A,B) :- inv0(C,C1_0,C,C1_0,C,C1_0,C,C1_0,C,C1_0,C,C1_0,C1_0,B,C1_0,B,C1_0,B,C1_0,B,C1_0,B,C1_0,B,C1_0,B,C1_0,B), mk_lowercase(A,C).
(r14) p3(A,B) :- inv0(C,C1_0,C,C1_0,C,C1_0,C,C1_0,C,C1_0,C,C1_0,A,C,C1_0,B,A,C,A,C,A,C,A,C,A,C,A,C).
(r15) p15(A,B) :- inv0(A,C0_0,A,C0_0,A,C0_0,A,C0_0,A,C0_0,A,C0_0,C0_0,C,C,B,C0_0,C,C0_0,C,C0_0,C,C0_0,C,C0_0,C,C0_0,C).
(r16) p21(A,B) :- mk_uppercase(A,C), skip1(C,C1_0), mk_uppercase(C1_0,B).
(r17) p23(A,B) :- inv0(A,C0_0,A,C0_0,A,C0_0,A,C0_0,A,C0_0,A,C0_0,C,B,C,B,C,B,C,B,C,B,C,B,C,B,C,B), mk_lowercase(C0_0,C).
(r18) p25(A,B) :- inv0(C,C1_0,C,C1_0,C,C1_0,C,C1_0,C,C1_0,C,C1_0,C1_0,B,C1_0,B,C1_0,B,C1_0,B,C1_0,B,C1_0,B,C1_0,B,C1_0,B), mk_uppercase(A,C).
(r19) p52(A,B) :- copy1(A,C), copy1(C,C1_0), copy1(C1_0,B).
(r20) p66(A,B) :- mk_uppercase(A,C), skip1(C,C1_0), mk_lowercase(C1_0,B).
(r21) p69(A,B) :- inv0(A,C,C,C1_0,A,C,A,C,A,C,A,C,C1_0,B,C1_0,B,C1_0,B,C1_0,B,C1_0,B,C1_0,B,C1_0,B,C1_0,B).
(r22) p76(A,B) :- inv0(A,C,A,C,A,C,A,C,A,C,A,C,C1_0,B,C1_0,B,C1_0,B,C1_0,B,C1_0,B,C1_0,B,C1_0,B,C1_0,B), mk_uppercase(C,C1_0).
(r23) p93(A,B) :- copy1(A,C), mk_uppercase(C,C1_0), copy1(C1_0,B).
(r24) p94(A,B) :- mk_uppercase(A,C), mk_uppercase(C,C1_0), mk_lowercase(C1_0,B).
(r25) p140(A,B) :- mk_uppercase(A,C), mk_uppercase(C,C1_0), copy1(C1_0,B).
(r26) p147(A,B) :- mk_lowercase(A,C), copy1(C,C1_0), copy1(C1_0,B).
(r27) p151(A,B) :- mk_lowercase(A,C), mk_lowercase(C,C1_0), mk_uppercase(C1_0,B).
(r28) p2(A,B) :- inv0(C1_0,C2_0,C1_0,C2_0,C1_0,C2_0,C1_0,C2_0,C1_0,C2_0,C1_0,C2_0,A,C,C1_0-1,C1_0,C2_0,B,A,C,A,C,A,C,A,C,A,C), mk_uppercase(C,C1_0-1).
(r29) p13(A,B) :- inv0(A,C0_0,C,C2_0,A,C0_0,A,C0_0,A,C0_0,A,C0_0,C0_0,C,C1_0,B,C0_0,C,C0_0,C,C0_0,C,C0_0,C,C0_0,C,C0_0,C), mk_lowercase(C2_0,C1_0).
(r30) p54(A,B) :- inv0(C,C1_0-1,C,C1_0-1,C,C1_0-1,C,C1_0-1,C,C1_0-1,C,C1_0-1,C1_0,C2_0,C1_0,C2_0,C1_0,C2_0,C1_0,C2_0,C1_0,C2_0,C1_0,C2_0,C1_0,C2_0,C1_0,C2_0), mk_uppercase(A,C), mk_lowercase(C1_0-1,C1_0), mk_lowercase(C2_0,B).
(r31) p71(A,B) :- inv0(A,C0_0,A,C0_0,A,C0_0,A,C0_0,A,C0_0,A,C0_0,C0_0,C,C2_0,C1_0,C1_0,B,C0_0,C,C0_0,C,C0_0,C,C0_0,C,C0_0,C), mk_uppercase(C,C2_0).
(r32) p72(A,B) :- inv0(C,C1_0-1,C,C1_0-1,C,C1_0-1,C,C1_0-1,C,C1_0-1,C,C1_0-1,A,C,C1_0-1,C1_0,A,C,A,C,A,C,A,C,A,C,A,C), mk_uppercase(C1_0,C2_0), mk_lowercase(C2_0,B).
(r33) p78(A,B) :- inv0(A,C,C,C1_0-1,C1_0,C2_0,A,C,A,C,A,C,C1_0-1,C1_0,C2_0,B,C1_0-1,C1_0,C1_0-1,C1_0,C1_0-1,C1_0,C1_0-1,C1_0,C1_0-1,C1_0,C1_0-1,C1_0).
(r34) p92(A,B) :- inv0(C1_0,C2_0,C1_0,C2_0,C1_0,C2_0,C1_0,C2_0,C1_0,C2_0,C1_0,C2_0,C2_0,B,C2_0,B,C2_0,B,C2_0,B,C2_0,B,C2_0,B,C2_0,B,C2_0,B), mk_lowercase(A,C), mk_uppercase(C,C1_0-1), mk_lowercase(C1_0-1,C1_0).
(r35) p137(A,B) :- inv0(A,C0_0,C,C2_0,A,C0_0,A,C0_0,A,C0_0,A,C0_0,C0_0,C,C2_0,C1_0,C1_0,B,C0_0,C,C0_0,C,C0_0,C,C0_0,C,C0_0,C).
(r36) p144(A,B) :- copy1(A,C0_0), mk_lowercase(C0_0,C), copy1(C,C1_0), copy1(C1_0,C3_0), mk_lowercase(C3_0,B).
(r37) p145(A,B) :- inv0(C,C1_0-1,C1_0,C2_0,C,C1_0-1,C,C1_0-1,C,C1_0-1,C,C1_0-1,C1_0-1,C1_0,C1_0-1,C1_0,C1_0-1,C1_0,C1_0-1,C1_0,C1_0-1,C1_0,C1_0-1,C1_0,C1_0-1,C1_0,C1_0-1,C1_0), mk_lowercase(A,C), mk_lowercase(C2_0,B).
(r38) p150(A,B) :- inv0(C,C1_0-1,C1_0,C2_0,C,C1_0-1,C,C1_0-1,C,C1_0-1,C,C1_0-1,A,C,C1_0-1,C1_0,A,C,A,C,A,C,A,C,A,C,A,C), mk_uppercase(C2_0,B).
(r39) p157(A,B) :- mk_uppercase(A,C0_0), copy1(C0_0,C), copy1(C,C1_0), copy1(C1_0,C3_0), mk_uppercase(C3_0,B).
(r40) p179(A,B) :- inv0(C,C1_0-1,C,C1_0-1,C,C1_0-1,C,C1_0-1,C,C1_0-1,C,C1_0-1,A,C,C1_0,C2_0,A,C,A,C,A,C,A,C,A,C,A,C), mk_lowercase(C1_0-1,C1_0), mk_lowercase(C2_0,B).
(r41) p16(A,B) :- inv0(A,C0_0,C0_0,C1_0,A,C0_0,A,C0_0,A,C0_0,A,C0_0,C1_0,C2_0,C1_0,C2_0,C1_0,C2_0,C1_0,C2_0,C1_0,C2_0,C1_0,C2_0,C1_0,C2_0,C1_0,C2_0), mk_lowercase(C2_0,C), mk_lowercase(C,B).
(r42) p63(A,B) :- inv0(C0_0,C1_0-1,C0_0,C1_0-1,C0_0,C1_0-1,C0_0,C1_0-1,C0_0,C1_0-1,C0_0,C1_0-1,C1_0,B,C1_0,B,C1_0,B,C1_0,B,C1_0,B,C1_0,B,C1_0,B,C1_0,B), mk_uppercase(A,C0_0), mk_uppercase(C1_0-1,C), mk_lowercase(C,C1_0).
(r43) p68(A,B) :- inv0(C,C1_0,C1_0,C3_0,C,C1_0,C,C1_0,C,C1_0,C,C1_0,A,C0_0,C0_0,C,C3_0,B,A,C0_0,A,C0_0,A,C0_0,A,C0_0,A,C0_0).
(r44) p79(A,B) :- copy1(A,C), copy1(C,C1_0-1), copy1(C1_0-1,C1_0), copy1(C1_0,C2_0), copy1(C2_0,B).
(r45) p101(A,B) :- inv0(A,C,C,C1_0,C1_0,C2_0,C2_0,C3_0,A,C,A,C,C3_0,B,C3_0,B,C3_0,B,C3_0,B,C3_0,B,C3_0,B,C3_0,B,C3_0,B).
(r46) p105(A,B) :- inv0(C,C1_0,C1_0,C3_0,C,C1_0,C,C1_0,C,C1_0,C,C1_0,A,C0_0,C0_0,C,A,C0_0,A,C0_0,A,C0_0,A,C0_0,A,C0_0,A,C0_0), mk_lowercase(C3_0,B).
(r47) p106(A,B) :- inv0(C,C1_0,C1_0,C2_0,C,C1_0,C,C1_0,C,C1_0,C,C1_0,A,C,C3_0,B,A,C,A,C,A,C,A,C,A,C,A,C), mk_uppercase(C2_0,C3_0).
(r48) p177(A,B) :- inv0(C,C1_0,C,C1_0,C,C1_0,C,C1_0,C,C1_0,C,C1_0,A,C0_0,C0_0,C1_0-1,C1_0-1,C,A,C0_0,A,C0_0,A,C0_0,A,C0_0,A,C0_0), mk_lowercase(C1_0,B).
(r49) p11(A,B) :- inv0(C,C1_0-1,C1_0-1,C2_0,C,C1_0-1,C,C1_0-1,C,C1_0-1,C,C1_0-1,A,C,A,C,A,C,A,C,A,C,A,C,A,C,A,C), mk_lowercase(C2_0,C1_0), mk_uppercase(C1_0,B).
(r50) p38(A,B) :- copy1(A,C), copy1(C,C1_0), mk_uppercase(C1_0,C2_0), copy1(C2_0,B).
(r51) p48(A,B) :- inv0(A,C0_0,A,C0_0,A,C0_0,A,C0_0,A,C0_0,A,C0_0,C0_0,C,C,C1_0,C0_0,C,C0_0,C,C0_0,C,C0_0,C,C0_0,C,C0_0,C), mk_lowercase(C1_0,B).
(r52) p59(A,B) :- inv0(C,C1_0-1,C,C1_0-1,C,C1_0-1,C,C1_0-1,C,C1_0-1,C,C1_0-1,A,C,C1_0-1,C1_0,C1_0,B,A,C,A,C,A,C,A,C,A,C).
(r53) p61(A,B) :- inv0(A,C,C,C1_0-1,A,C,A,C,A,C,A,C,C1_0-1,C1_0,C1_0,B,C1_0-1,C1_0,C1_0-1,C1_0,C1_0-1,C1_0,C1_0-1,C1_0,C1_0-1,C1_0,C1_0-1,C1_0).
(r54) p62(A,B) :- inv0(C,C1_0-1,C,C1_0-1,C,C1_0-1,C,C1_0-1,C,C1_0-1,C,C1_0-1,A,C,C1_0,B,A,C,A,C,A,C,A,C,A,C,A,C), mk_lowercase(C1_0-1,C1_0).
(r55) p73(A,B) :- copy1(A,C0_0), copy1(C0_0,C), copy1(C,C1_0), copy1(C1_0,B).
(r56) p90(A,B) :- copy1(A,C), mk_uppercase(C,C1_0-1), mk_lowercase(C1_0-1,C1_0), mk_uppercase(C1_0,B).
(r57) p141(A,B) :- inv0(C,C1_0-1,C,C1_0-1,C,C1_0-1,C,C1_0-1,C,C1_0-1,C,C1_0-1,C1_0-1,C1_0,C1_0,B,C1_0-1,C1_0,C1_0-1,C1_0,C1_0-1,C1_0,C1_0-1,C1_0,C1_0-1,C1_0,C1_0-1,C1_0), mk_uppercase(A,C).
(r58) p153(A,B) :- inv0(C,C1_0-1,C,C1_0-1,C,C1_0-1,C,C1_0-1,C,C1_0-1,C,C1_0-1,A,C,C1_0-1,C1_0,C1_0,B,A,C,A,C,A,C,A,C,A,C).
(r59) p156(A,B) :- mk_lowercase(A,C), skip1(C,C1_0), mk_uppercase(C1_0,C2_0), mk_uppercase(C2_0,B).
(r60) p160(A,B) :- mk_uppercase(A,C), skip1(C,C1_0-1), mk_lowercase(C1_0-1,C1_0), mk_lowercase(C1_0,B).
(r61) p182(A,B) :- inv0(A,C0_0,A,C0_0,A,C0_0,A,C0_0,A,C0_0,A,C0_0,C0_0,C,C,C1_0,C1_0,B,C0_0,C,C0_0,C,C0_0,C,C0_0,C,C0_0,C).
(r62) p188(A,B) :- inv0(A,C,C,C1_0,A,C,A,C,A,C,A,C,C1_0,C2_0,C1_0,C2_0,C1_0,C2_0,C1_0,C2_0,C1_0,C2_0,C1_0,C2_0,C1_0,C2_0,C1_0,C2_0), mk_lowercase(C2_0,B).
(r63) p192(A,B) :- inv0(A,C,C,C1_0,C1_0,C2_0,A,C,A,C,A,C,C2_0,B,C2_0,B,C2_0,B,C2_0,B,C2_0,B,C2_0,B,C2_0,B,C2_0,B).
(r64) p103(A,B) :- inv0(A,C0_0,C1_0,C3_0,A,C0_0,A,C0_0,A,C0_0,A,C0_0,C0_0,C,C2_0,C1_0,C3_0,B,C0_0,C,C0_0,C,C0_0,C,C0_0,C,C0_0,C), mk_uppercase(C,C2_0).
(r65) p31(A,B) :- copy1(A,C0_0), mk_uppercase(C0_0,C), mk_lowercase(C,C2_0), mk_lowercase(C2_0,C3_0), mk_uppercase(C3_0,C1_0), copy1(C1_0,B).
(r66) p32(A,B) :- inv0(C3_0,C4_0,C3_0,C4_0,C3_0,C4_0,C3_0,C4_0,C3_0,C4_0,C3_0,C4_0,A,C0_0,C0_0,C,C,C1_0,C1_0,C3_0,C4_0,B,A,C0_0,A,C0_0,A,C0_0).
(r67) p50(A,B) :- inv0(C1_0,C2_0,C1_0,C2_0,C1_0,C2_0,C1_0,C2_0,C1_0,C2_0,C1_0,C2_0,C,C1_0-1,C1_0-1,C2_0-1,C,C1_0-1,C,C1_0-1,C,C1_0-1,C,C1_0-1,C,C1_0-1,C,C1_0-1), mk_lowercase(A,C), mk_lowercase(C2_0-1,C1_0), mk_uppercase(C2_0,B).
(r68) p56(A,B) :- copy1(A,C0_0), copy1(C0_0,C1_0-1), mk_uppercase(C1_0-1,C2_0), copy1(C2_0,C), copy1(C,C1_0), mk_lowercase(C1_0,B).
(r69) p74(A,B) :- inv0(A,C,C,C1_0-1,C1_0,C2_0,C2_0,C4_0,A,C,A,C,C4_0,B,C4_0,B,C4_0,B,C4_0,B,C4_0,B,C4_0,B,C4_0,B,C4_0,B), mk_lowercase(C1_0-1,C1_0).
(r70) p77(A,B) :- inv0(A,C0_0,C,C1_0,C1_0,C3_0,C3_0,C4_0,A,C0_0,A,C0_0,C0_0,C,C4_0,B,C0_0,C,C0_0,C,C0_0,C,C0_0,C,C0_0,C,C0_0,C).
(r71) p80(A,B) :- inv0(A,C0_0,C1_0,C3_0-1,A,C0_0,A,C0_0,A,C0_0,A,C0_0,C,C1_0,C3_0-1,C3_0,C3_0,B,C,C1_0,C,C1_0,C,C1_0,C,C1_0,C,C1_0), mk_lowercase(C0_0,C).
(r72) p86(A,B) :- copy1(A,C0_0), copy1(C0_0,C1_0-1), mk_lowercase(C1_0-1,C), copy1(C,C1_0), copy1(C1_0,C3_0), copy1(C3_0,B).
(r73) p89(A,B) :- inv0(C0_0,C1_0-1,C,C1_0,C1_0,C3_0,C0_0,C1_0-1,C0_0,C1_0-1,C0_0,C1_0-1,A,C0_0,C1_0-1,C,A,C0_0,A,C0_0,A,C0_0,A,C0_0,A,C0_0,A,C0_0), mk_lowercase(C3_0,B).
(r74) p131(A,B) :- inv0(C2_0,C3_0,C2_0,C3_0,C2_0,C3_0,C2_0,C3_0,C2_0,C3_0,C2_0,C3_0,A,C,C,C1_0,C2_0-1,C2_0,C3_0,B,A,C,A,C,A,C,A,C), mk_uppercase(C1_0,C2_0-1).
(r75) p152(A,B) :- inv0(C0_0,C1_0-2,C0_0,C1_0-2,C0_0,C1_0-2,C0_0,C1_0-2,C0_0,C1_0-2,C0_0,C1_0-2,A,C0_0,C1_0-2,C1_0-1,C1_0-1,C,A,C0_0,A,C0_0,A,C0_0,A,C0_0,A,C0_0), mk_uppercase(C,C1_0), mk_uppercase(C1_0,B).
(r76) p164(A,B) :- copy1(A,C0_0), copy1(C0_0,C), copy1(C,C2_0), copy1(C2_0,C1_0), copy1(C1_0,C3_0), copy1(C3_0,B).
(r77) p167(A,B) :- inv0(C,C2_0,C,C2_0,C,C2_0,C,C2_0,C,C2_0,C,C2_0,C2_0,C1_0,C1_0,C3_0,C3_0,B,C2_0,C1_0,C2_0,C1_0,C2_0,C1_0,C2_0,C1_0,C2_0,C1_0), mk_uppercase(A,C0_0), mk_uppercase(C0_0,C).
(r78) p191(A,B) :- mk_lowercase(A,C0_0), mk_uppercase(C0_0,C), copy1(C,C2_0), mk_lowercase(C2_0,C1_0), copy1(C1_0,C3_0), mk_lowercase(C3_0,B).
(r79) p88(A,B) :- mk_uppercase(A,C0_0), copy1(C0_0,C), mk_uppercase(C,C2_0), mk_lowercase(C2_0,C1_0), mk_lowercase(C1_0,C3_0), copy1(C3_0,B).
(r80) p5(A,B) :- inv0(C,C1_0-2,C2_0,C6_0,C,C1_0-2,C,C1_0-2,C,C1_0-2,C,C1_0-2,A,C,C1_0-2,C1_0-1,C1_0-1,C2_0-1,C2_0-1,C1_0,C1_0,C2_0,C6_0,C4_0,C4_0,B,A,C).
(r81) p41(A,B) :- inv0(C1_0,C4_0,C1_0,C4_0,C1_0,C4_0,C1_0,C4_0,C1_0,C4_0,C1_0,C4_0,A,C0_0,C,C2_0,C2_0,C3_0-1,C4_0-1,C1_0,C4_0,C3_0,C3_0,B,A,C0_0,A,C0_0), mk_uppercase(C0_0,C), mk_uppercase(C3_0-1,C4_0-1).
(r82) p109(A,B) :- inv0(C,C1_0-1,C1_0,C3_0,C,C1_0-1,C,C1_0-1,C,C1_0-1,C,C1_0-1,A,C,C2_0-1,C1_0,C4_0,C7_0,C7_0,B,A,C,A,C,A,C,A,C), mk_uppercase(C1_0-1,C2_0-1), mk_uppercase(C3_0,C2_0), mk_lowercase(C2_0,C4_0).
(r83) p110(A,B) :- inv0(C1_0,C4_0,C3_0,C5_0,C1_0,C4_0,C1_0,C4_0,C1_0,C4_0,C1_0,C4_0,A,C0_0,C0_0,C,C,C2_0,C2_0,C3_0-1,C4_0,C3_0,A,C0_0,A,C0_0,A,C0_0), mk_uppercase(C3_0-1,C1_0), mk_lowercase(C5_0,B).
(r84) p135(A,B) :- inv0(A,C0_0,C,C2_0,C1_0,C4_0,C3_0,C5_0,A,C0_0,A,C0_0,C0_0,C,C3_0-1,C1_0,C4_0,C3_0,C0_0,C,C0_0,C,C0_0,C,C0_0,C,C0_0,C), mk_uppercase(C2_0,C3_0-1), mk_lowercase(C5_0,B).
(r85) p136(A,B) :- inv0(A,C0_0,C,C2_0,A,C0_0,A,C0_0,A,C0_0,A,C0_0,C0_0,C,C3_0-1,C1_0,C1_0,C3_0,C3_0,C5_0,C7_0,B,C0_0,C,C0_0,C,C0_0,C), mk_uppercase(C2_0,C3_0-1), mk_uppercase(C5_0,C7_0).
(r86) p174(A,B) :- inv0(C,C1_0,C1_0,C2_0-1,C,C1_0,C,C1_0,C,C1_0,C,C1_0,A,C,C3_0-1,C2_0,C2_0,C4_0,C4_0,C3_0,C3_0,C5_0,C5_0,B,A,C,A,C), mk_uppercase(C2_0-1,C3_0-1).
(r87) p176(A,B) :- inv0(C1_0,C3_0,C1_0,C3_0,C1_0,C3_0,C1_0,C3_0,C1_0,C3_0,C1_0,C3_0,A,C0_0,C,C2_0-1,C2_0-1,C2_0,C2_0,C3_0-1,C3_0-1,C1_0,C3_0,C5_0,A,C0_0,A,C0_0), mk_lowercase(C0_0,C), mk_lowercase(C5_0,B).
(r88) p198(A,B) :- inv0(C0_0,C1_0-2,C1_0-1,C2_0-1,C,C2_0,C1_0,C3_0,C0_0,C1_0-2,C0_0,C1_0-2,A,C0_0,C1_0-2,C1_0-1,C2_0,C1_0,C3_0,B,A,C0_0,A,C0_0,A,C0_0,A,C0_0), mk_uppercase(C2_0-1,C).
(r89) p17(A,B) :- inv0(A,C0_0-1,C3_0,C4_0,A,C0_0-1,A,C0_0-1,A,C0_0-1,A,C0_0-1,C0_0,C1_0-1,C3_0-1,C3_0,C4_0,C,C1_0,B,C0_0,C1_0-1,C0_0,C1_0-1,C0_0,C1_0-1,C0_0,C1_0-1), mk_lowercase(C0_0-1,C0_0), mk_uppercase(C1_0-1,C3_0-1), mk_lowercase(C,C1_0).
(r90) p95(A,B) :- inv0(A,C0_0,C0_0,C1_0-1,C,C2_0,C2_0,C4_0,C4_0,C5_0,C5_0,C6_0,C1_0-1,C,C6_0,C1_0,C1_0-1,C,C1_0-1,C,C1_0-1,C,C1_0-1,C,C1_0-1,C,C1_0-1,C), mk_lowercase(C1_0,B).
(r91) p172(A,B) :- inv0(A,C0_0-1,C0_0,C2_0-1,C,C2_0,C2_0,C5_0,A,C0_0-1,A,C0_0-1,C0_0-1,C0_0,C2_0-1,C1_0-1,C1_0-1,C,C0_0-1,C0_0,C0_0-1,C0_0,C0_0-1,C0_0,C0_0-1,C0_0,C0_0-1,C0_0), mk_lowercase(C5_0,C1_0), mk_uppercase(C1_0,B).
(r92) p7(A,B) :- inv0(A,C,C1_0-1,C2_0-2,C2_0,C4_0,A,C,A,C,A,C,C4_0,B,C4_0,B,C4_0,B,C4_0,B,C4_0,B,C4_0,B,C4_0,B,C4_0,B), mk_uppercase(C,C1_0-1), mk_lowercase(C2_0-2,C2_0-1), mk_lowercase(C2_0-1,C1_0), mk_lowercase(C1_0,C2_0).
(r93) p18(A,B) :- inv0(A,C0_0,A,C0_0,A,C0_0,A,C0_0,A,C0_0,A,C0_0,C1_0-1,C,C1_0,C3_0,C3_0,C6_0,C6_0,B,C1_0-1,C,C1_0-1,C,C1_0-1,C,C1_0-1,C), mk_uppercase(C0_0,C1_0-1), mk_uppercase(C,C2_0), mk_lowercase(C2_0,C1_0).
(r94) p39(A,B) :- inv0(C,C1_0-2,C1_0-1,C2_0-1,C,C1_0-2,C,C1_0-2,C,C1_0-2,C,C1_0-2,A,C,C1_0-2,C1_0-1,C2_0-1,C1_0,C1_0,C2_0,C4_0,B,A,C,A,C,A,C), mk_uppercase(C2_0,C4_0).
(r95) p87(A,B) :- copy1(A,C0_0), copy1(C0_0,C), copy1(C,C2_0), copy1(C2_0,C3_0-1), mk_uppercase(C3_0-1,C1_0), mk_uppercase(C1_0,C4_0), copy1(C4_0,C3_0), copy1(C3_0,B).
(r96) p97(A,B) :- inv0(C1_0,C4_0,C1_0,C4_0,C1_0,C4_0,C1_0,C4_0,C1_0,C4_0,C1_0,C4_0,C,C2_0,C2_0,C3_0-1,C4_0,C3_0,C3_0,B,C,C2_0,C,C2_0,C,C2_0,C,C2_0), mk_lowercase(A,C0_0), mk_uppercase(C0_0,C), mk_lowercase(C3_0-1,C1_0).
(r97) p132(A,B) :- inv0(A,C0_0,C0_0,C1_0-2,C,C1_0,C1_0,C3_0,C3_0,C5_0,A,C0_0,C1_0-2,C1_0-1,C1_0-1,C,C5_0,B,C1_0-2,C1_0-1,C1_0-2,C1_0-1,C1_0-2,C1_0-1,C1_0-2,C1_0-1,C1_0-2,C1_0-1).
(r98) p143(A,B) :- inv0(C3_0,C6_0,C3_0,C6_0,C3_0,C6_0,C3_0,C6_0,C3_0,C6_0,C3_0,C6_0,A,C0_0-1,C0_0-1,C0_0,C0_0,C1_0-1,C1_0-1,C,C,C1_0,C1_0,C3_0,C6_0,B,A,C0_0-1).
(r99) p180(A,B) :- inv0(A,C,C,C1_0-1,C4_0,C5_0,A,C,A,C,A,C,C1_0,C2_0,C4_0-1,C4_0,C5_0,B,C1_0,C2_0,C1_0,C2_0,C1_0,C2_0,C1_0,C2_0,C1_0,C2_0), mk_lowercase(C1_0-1,C1_0), mk_uppercase(C2_0,C4_0-1).
(r100) p181(A,B) :- mk_lowercase(A,C), copy1(C,C1_0), mk_lowercase(C1_0,C2_0-1), copy1(C2_0-1,C3_0-1), copy1(C3_0-1,C2_0), copy1(C2_0,C3_0), copy1(C3_0,C5_0), mk_uppercase(C5_0,B).
(r101) p187(A,B) :- inv0(C0_0,C1_0-2,C1_0,C4_0,C0_0,C1_0-2,C0_0,C1_0-2,C0_0,C1_0-2,C0_0,C1_0-2,A,C0_0,C1_0-1,C,C,C1_0,C4_0,C3_0,C3_0,B,A,C0_0,A,C0_0,A,C0_0), mk_lowercase(C1_0-2,C1_0-1).
(r102) p58(A,B) :- inv0(C,C1_0,C2_0-1,C3_0-1,C,C1_0,C,C1_0,C,C1_0,C,C1_0,A,C,C3_0-1,C2_0,C2_0,C3_0,C3_0,C5_0,C5_0,B,A,C,A,C,A,C), mk_lowercase(C1_0,C2_0-1).
(r103) p60(A,B) :- inv0(C1_0,C4_0,C1_0,C4_0,C1_0,C4_0,C1_0,C4_0,C1_0,C4_0,C1_0,C4_0,C2_0,C1_0,C4_0,C3_0,C3_0,C5_0,C2_0,C1_0,C2_0,C1_0,C2_0,C1_0,C2_0,C1_0,C2_0,C1_0), mk_lowercase(A,C0_0), mk_uppercase(C0_0,C), mk_lowercase(C,C2_0), mk_lowercase(C5_0,B).
(r104) p99(A,B) :- inv0(C,C2_0,C1_0,C4_0-1,C,C2_0,C,C2_0,C,C2_0,C,C2_0,C0_0,C,C3_0,B,C0_0,C,C0_0,C,C0_0,C,C0_0,C,C0_0,C,C0_0,C), mk_uppercase(A,C0_0), mk_uppercase(C2_0,C1_0), mk_lowercase(C4_0-1,C4_0), mk_lowercase(C4_0,C3_0).
(r105) p173(A,B) :- inv0(C0_0,C1_0-1,C1_0-1,C2_0,C1_0,C3_0,C0_0,C1_0-1,C0_0,C1_0-1,C0_0,C1_0-1,A,C0_0,C3_0-1,C,C,C1_0,C3_0,B,A,C0_0,A,C0_0,A,C0_0,A,C0_0), mk_uppercase(C2_0,C3_0-1).
(r106) p22(A,B) :- inv0(C2_0-1,C3_0-1,C1_0,C3_0,C2_0-1,C3_0-1,C2_0-1,C3_0-1,C2_0-1,C3_0-1,C2_0-1,C3_0-1,A,C,C,C1_0-1,C2_0-2,C2_0-1,C3_0-1,C1_0,C3_0,C2_0,C2_0,C4_0,C4_0,B,A,C), mk_uppercase(C1_0-1,C2_0-2).
(r107) p128(A,B) :- inv0(C4_0,C5_0,C4_0,C5_0,C4_0,C5_0,C4_0,C5_0,C4_0,C5_0,C4_0,C5_0,C0_0,C1_0-1,C1_0-1,C,C,C2_0,C4_0-1,C4_0,C5_0,C1_0,C1_0,C3_0,C0_0,C1_0-1,C0_0,C1_0-1), mk_lowercase(A,C0_0), mk_uppercase(C2_0,C4_0-1), mk_uppercase(C3_0,B).
(r108) p189(A,B) :- inv0(A,C0_0,C1_0,C4_0,C4_0,C7_0,A,C0_0,A,C0_0,A,C0_0,C0_0,C,C,C2_0-1,C2_0-1,C2_0,C2_0,C3_0-1,C3_0-1,C1_0,C7_0,C3_0,C0_0,C,C0_0,C), mk_uppercase(C3_0,B).
(r109) p193(A,B) :- inv0(C,C2_0,C1_0,C3_0,C3_0,C7_0,C7_0,C8_0,C,C2_0,C,C2_0,A,C0_0-1,C0_0-1,C0_0,C0_0,C1_0-1,C1_0-1,C,C8_0,B,A,C0_0-1,A,C0_0-1,A,C0_0-1), mk_uppercase(C2_0,C1_0).
(r110) p200(A,B) :- inv0(A,C0_0,C0_0,C1_0-2,C,C2_0,C2_0,C5_0,A,C0_0,A,C0_0,C1_0-2,C1_0-1,C1_0-1,C,C5_0,C4_0,C4_0,C1_0,C3_0,B,C1_0-2,C1_0-1,C1_0-2,C1_0-1,C1_0-2,C1_0-1), mk_uppercase(C1_0,C3_0).
(r111) p9(A,B) :- inv0(C0_0,C1_0-1,C0_0,C1_0-1,C0_0,C1_0-1,C0_0,C1_0-1,C0_0,C1_0-1,C0_0,C1_0-1,A,C0_0,C1_0-1,C,C2_0,C5_0,C4_0,C6_0,A,C0_0,A,C0_0,A,C0_0,A,C0_0), mk_lowercase(C,C3_0), mk_uppercase(C3_0,C2_0), mk_lowercase(C5_0,C4_0), mk_lowercase(C6_0,C1_0), mk_lowercase(C1_0,B).
(r112) p45(A,B) :- inv0(C,C1_0-1,C1_0-1,C2_0-1,C1_0,C3_0,C2_0,C4_0,C4_0,C7_0,C7_0,C8_0,A,C,C3_0,C2_0,C8_0,B,A,C,A,C,A,C,A,C,A,C), mk_lowercase(C2_0-1,C1_0).
(r113) p83(A,B) :- inv0(A,C0_0,C0_0,C1_0-1,C1_0-1,C2_0-1,C2_0-1,C3_0-1,A,C0_0,A,C0_0,C3_0-1,C,C,C2_0,C4_0,C1_0,C3_0,B,C3_0-1,C,C3_0-1,C,C3_0-1,C,C3_0-1,C), mk_uppercase(C2_0,C4_0), mk_lowercase(C1_0,C3_0).
(r114) p29(A,B) :- inv0(A,C0_0,C,C3_0,A,C0_0,A,C0_0,A,C0_0,A,C0_0,C0_0,C1_0-1,C1_0,B,C0_0,C1_0-1,C0_0,C1_0-1,C0_0,C1_0-1,C0_0,C1_0-1,C0_0,C1_0-1,C0_0,C1_0-1), mk_lowercase(C1_0-1,C), mk_lowercase(C3_0,C2_0), mk_lowercase(C2_0,C1_0).
(r115) p35(A,B) :- inv0(A,C0_0,C0_0,C1_0-2,C1_0,C3_0,A,C0_0,A,C0_0,A,C0_0,C1_0-2,C1_0-1,C1_0-1,C,C,C1_0,C3_0,B,C1_0-2,C1_0-1,C1_0-2,C1_0-1,C1_0-2,C1_0-1,C1_0-2,C1_0-1).
(r116) p36(A,B) :- inv0(A,C0_0-1,C0_0,C1_0-1,C1_0,C3_0,A,C0_0-1,A,C0_0-1,A,C0_0-1,C0_0-1,C0_0,C1_0-1,C,C,C1_0,C3_0,B,C0_0-1,C0_0,C0_0-1,C0_0,C0_0-1,C0_0,C0_0-1,C0_0).
(r117) p49(A,B) :- inv0(C1_0-1,C2_0-1,C1_0-1,C2_0-1,C1_0-1,C2_0-1,C1_0-1,C2_0-1,C1_0-1,C2_0-1,C1_0-1,C2_0-1,A,C,C2_0-1,C1_0,C1_0,C2_0,C2_0,C4_0,C4_0,B,A,C,A,C,A,C), mk_lowercase(C,C1_0-1).
(r118) p55(A,B) :- inv0(C1_0,C2_0,C2_0,C4_0,C1_0,C2_0,C1_0,C2_0,C1_0,C2_0,C1_0,C2_0,C,C1_0-1,C1_0-1,C2_0-1,C2_0-1,C1_0,C4_0,B,C,C1_0-1,C,C1_0-1,C,C1_0-1,C,C1_0-1), mk_uppercase(A,C).
(r119) p57(A,B) :- inv0(C,C1_0,C1_0,C4_0,C,C1_0,C,C1_0,C,C1_0,C,C1_0,A,C0_0,C0_0,C1_0-1,C1_0-1,C,C3_0,B,A,C0_0,A,C0_0,A,C0_0,A,C0_0), mk_lowercase(C4_0,C3_0).
(r120) p70(A,B) :- inv0(A,C0_0,C2_0,C4_0,A,C0_0,A,C0_0,A,C0_0,A,C0_0,C0_0,C1_0-1,C,C2_0,C4_0,C1_0,C0_0,C1_0-1,C0_0,C1_0-1,C0_0,C1_0-1,C0_0,C1_0-1,C0_0,C1_0-1), mk_lowercase(C1_0-1,C), mk_uppercase(C1_0,B).
(r121) p115(A,B) :- inv0(A,C0_0,C,C2_0,C2_0,C3_0,A,C0_0,A,C0_0,A,C0_0,C0_0,C,C3_0,C4_0,C1_0,B,C0_0,C,C0_0,C,C0_0,C,C0_0,C,C0_0,C), mk_lowercase(C4_0,C1_0).
(r122) p117(A,B) :- inv0(A,C0_0-1,C0_0,C1_0-1,C1_0,C3_0,A,C0_0-1,A,C0_0-1,A,C0_0-1,C0_0-1,C0_0,C,C1_0,C3_0,B,C0_0-1,C0_0,C0_0-1,C0_0,C0_0-1,C0_0,C0_0-1,C0_0,C0_0-1,C0_0), mk_uppercase(C1_0-1,C).
(r123) p123(A,B) :- inv0(A,C0_0-1,C0_0,C1_0-1,C1_0,C3_0,A,C0_0-1,A,C0_0-1,A,C0_0-1,C0_0-1,C0_0,C1_0-1,C,C,C1_0,C3_0,B,C0_0-1,C0_0,C0_0-1,C0_0,C0_0-1,C0_0,C0_0-1,C0_0).
(r124) p126(A,B) :- inv0(C1_0,C2_0,C1_0,C2_0,C1_0,C2_0,C1_0,C2_0,C1_0,C2_0,C1_0,C2_0,A,C,C,C1_0-2,C1_0-2,C1_0-1,C1_0-1,C2_0-1,C2_0-1,C1_0,A,C,A,C,A,C), mk_uppercase(C2_0,B).
(r125) p161(A,B) :- inv0(A,C0_0-1,C1_0,C4_0,A,C0_0-1,A,C0_0-1,A,C0_0-1,A,C0_0-1,C0_0-1,C0_0,C0_0,C,C,C1_0,C4_0,C3_0,C3_0,B,C0_0-1,C0_0,C0_0-1,C0_0,C0_0-1,C0_0).
(r126) p183(A,B) :- inv0(C3_0,C4_0,C3_0,C4_0,C3_0,C4_0,C3_0,C4_0,C3_0,C4_0,C3_0,C4_0,A,C0_0,C0_0,C,C,C2_0,C2_0,C3_0,C4_0,C1_0,A,C0_0,A,C0_0,A,C0_0), mk_uppercase(C1_0,B).
(r127) p186(A,B) :- inv0(A,C0_0-1,C0_0,C1_0-1,A,C0_0-1,A,C0_0-1,A,C0_0-1,A,C0_0-1,C0_0-1,C0_0,C1_0-1,C,C,C1_0,C1_0,C3_0,C0_0-1,C0_0,C0_0-1,C0_0,C0_0-1,C0_0,C0_0-1,C0_0), mk_lowercase(C3_0,B).
(r128) p14(A,B) :- mk_lowercase(A,C), skip1(C,C1_0-1), skip1(C1_0-1,C2_0-1), mk_lowercase(C2_0-1,C1_0), skip1(C1_0,C3_0), mk_lowercase(C3_0,C2_0), mk_lowercase(C2_0,B).
(r129) p149(A,B) :- inv0(C1_0,C3_0,C3_0,C8_0,C1_0,C3_0,C1_0,C3_0,C1_0,C3_0,C1_0,C3_0,A,C0_0-1,C0_0-1,C0_0,C0_0,C1_0-1,C1_0-1,C,C,C2_0,C2_0,C5_0,C8_0,C7_0,C7_0,B), mk_uppercase(C5_0,C1_0).
(r130) p190(A,B) :- inv0(C1_0,C3_0-1,C1_0,C3_0-1,C1_0,C3_0-1,C1_0,C3_0-1,C1_0,C3_0-1,C1_0,C3_0-1,A,C0_0,C,C1_0,C3_0,B,A,C0_0,A,C0_0,A,C0_0,A,C0_0,A,C0_0), mk_uppercase(C0_0,C), mk_lowercase(C3_0-1,C3_0).
(r131) p190(A,B) :- skip1(A,C), p190(C,B).
====================
