number of rules: 239
program size: 1718
(r1) p7(A,B) :- not_empty(A), copy1(A,B).
(r2) p8(A,B) :- not_empty(A), mk_uppercase(A,B).
(r3) p12(A,B) :- not_empty(A), mk_lowercase(A,B).
(r4) p13(A,B) :- skip1(A,C), mk_uppercase(C,B).
(r5) p16(A,B) :- mk_lowercase(A,C), copy1(C,B).
(r6) p21(A,B) :- not_empty(A), skip1(A,B).
(r7) p42(A,B) :- copy1(A,C), mk_uppercase(C,B).
(r8) p51(A,B) :- copy1(A,C), copy1(C,B).
(r9) p60(A,B) :- mk_uppercase(A,C), mk_uppercase(C,B).
(r10) p78(A,B) :- mk_lowercase(A,C), mk_lowercase(C,B).
(r11) p125(A,B) :- mk_uppercase(A,C), copy1(C,B).
(r12) p127(A,B) :- skip1(A,C), mk_lowercase(C,B).
(r13) p194(A,B) :- skip1(A,C), copy1(C,B).
(r14) p206(A,B) :- copy1(A,C), mk_lowercase(C,B).
(r15) p285(A,B) :- mk_lowercase(A,C), mk_uppercase(C,B).
(r16) p286(A,B) :- mk_uppercase(A,C), mk_lowercase(C,B).
(r17) p2(A,B) :- mk_uppercase(A,C0_0), copy1(C0_0,C), skip1(C,C1_0), copy1(C1_0,C3_0), copy1(C3_0,B).
(r18) p17(A,B) :- copy1(A,C0_0), mk_lowercase(C0_0,C), skip1(C,C1_0), mk_lowercase(C1_0,C3_0), copy1(C3_0,B).
(r19) p64(A,B) :- copy1(A,C0_0), copy1(C0_0,C), skip1(C,C1_0), mk_lowercase(C1_0,C3_0), mk_uppercase(C3_0,B).
(r20) p83(A,B) :- mk_lowercase(A,C), skip1(C,C1_0-1), copy1(C1_0-1,C1_0), mk_lowercase(C1_0,C2_0), mk_uppercase(C2_0,B).
(r21) p90(A,B) :- skip1(A,C), skip1(C,C1_0-1), mk_uppercase(C1_0-1,C1_0), skip1(C1_0,C2_0), copy1(C2_0,B).
(r22) p94(A,B) :- mk_lowercase(A,C), copy1(C,C1_0-1), mk_lowercase(C1_0-1,C1_0), skip1(C1_0,C2_0), mk_uppercase(C2_0,B).
(r23) p120(A,B) :- mk_uppercase(A,C), skip1(C,C1_0-1), copy1(C1_0-1,C1_0), skip1(C1_0,C2_0), copy1(C2_0,B).
(r24) p122(A,B) :- mk_lowercase(A,C), skip1(C,C1_0-1), copy1(C1_0-1,C1_0), skip1(C1_0,C2_0), mk_lowercase(C2_0,B).
(r25) p126(A,B) :- copy1(A,C), skip1(C,C1_0-1), copy1(C1_0-1,C1_0), copy1(C1_0,C2_0), copy1(C2_0,B).
(r26) p148(A,B) :- copy1(A,C), skip1(C,C1_0-1), copy1(C1_0-1,C1_0), mk_uppercase(C1_0,C2_0), copy1(C2_0,B).
(r27) p150(A,B) :- skip1(A,C), skip1(C,C1_0-1), copy1(C1_0-1,C1_0), skip1(C1_0,C2_0), copy1(C2_0,B).
(r28) p156(A,B) :- skip1(A,C), copy1(C,C1_0-1), copy1(C1_0-1,C1_0), copy1(C1_0,C2_0), copy1(C2_0,B).
(r29) p169(A,B) :- copy1(A,C0_0), mk_uppercase(C0_0,C), skip1(C,C1_0), mk_lowercase(C1_0,C3_0), mk_lowercase(C3_0,B).
(r30) p202(A,B) :- skip1(A,C0_0), mk_lowercase(C0_0,C), skip1(C,C1_0), skip1(C1_0,C3_0), copy1(C3_0,B).
(r31) p205(A,B) :- copy1(A,C0_0), copy1(C0_0,C), skip1(C,C1_0), skip1(C1_0,C3_0), mk_lowercase(C3_0,B).
(r32) p220(A,B) :- skip1(A,C0_0), copy1(C0_0,C), skip1(C,C1_0), copy1(C1_0,C3_0), copy1(C3_0,B).
(r33) p244(A,B) :- copy1(A,C0_0), copy1(C0_0,C), skip1(C,C1_0), mk_uppercase(C1_0,C3_0), mk_lowercase(C3_0,B).
(r34) p261(A,B) :- mk_uppercase(A,C), copy1(C,C1_0-1), copy1(C1_0-1,C1_0), copy1(C1_0,C2_0), copy1(C2_0,B).
(r35) p270(A,B) :- skip1(A,C0_0), mk_uppercase(C0_0,C), skip1(C,C1_0), copy1(C1_0,C3_0), copy1(C3_0,B).
(r36) p304(A,B) :- skip1(A,C0_0), copy1(C0_0,C), skip1(C,C1_0), skip1(C1_0,C3_0), mk_uppercase(C3_0,B).
(r37) p352(A,B) :- skip1(A,C), skip1(C,C1_0-1), copy1(C1_0-1,C1_0), copy1(C1_0,C2_0), mk_lowercase(C2_0,B).
(r38) p359(A,B) :- copy1(A,C), copy1(C,C1_0-1), mk_uppercase(C1_0-1,C1_0), copy1(C1_0,C2_0), copy1(C2_0,B).
(r39) p11(A,B) :- copy1(A,C), skip1(C,C1_0), skip1(C1_0,C2_0), mk_lowercase(C2_0,C3_0), copy1(C3_0,B).
(r40) p182(A,B) :- copy1(A,C), skip1(C,C1_0), skip1(C1_0,C2_0), copy1(C2_0,C3_0), copy1(C3_0,B).
(r41) p186(A,B) :- skip1(A,C), skip1(C,C1_0), skip1(C1_0,C2_0), copy1(C2_0,C3_0), copy1(C3_0,B).
(r42) p344(A,B) :- copy1(A,C), skip1(C,C1_0), skip1(C1_0,C2_0), copy1(C2_0,C3_0), mk_lowercase(C3_0,B).
(r43) p10(A,B) :- skip1(A,C0_0), copy1(C0_0,C), skip1(C,C1_0), copy1(C1_0,B).
(r44) p20(A,B) :- mk_lowercase(A,C0_0), copy1(C0_0,C), copy1(C,C1_0), copy1(C1_0,B).
(r45) p41(A,B) :- skip1(A,C0_0), copy1(C0_0,C), copy1(C,C1_0), mk_uppercase(C1_0,B).
(r46) p63(A,B) :- copy1(A,C), skip1(C,C1_0), copy1(C1_0,C2_0), mk_lowercase(C2_0,B).
(r47) p71(A,B) :- mk_uppercase(A,C0_0), mk_lowercase(C0_0,C), mk_lowercase(C,C1_0), mk_lowercase(C1_0,B).
(r48) p79(A,B) :- skip1(A,C), skip1(C,C1_0), copy1(C1_0,C2_0), copy1(C2_0,B).
(r49) p84(A,B) :- skip1(A,C0_0), copy1(C0_0,C), skip1(C,C1_0), copy1(C1_0,B).
(r50) p95(A,B) :- copy1(A,C0_0), copy1(C0_0,C), skip1(C,C1_0), copy1(C1_0,B).
(r51) p99(A,B) :- skip1(A,C0_0), mk_uppercase(C0_0,C), copy1(C,C1_0), mk_lowercase(C1_0,B).
(r52) p101(A,B) :- copy1(A,C0_0), mk_lowercase(C0_0,C), mk_lowercase(C,C1_0), copy1(C1_0,B).
(r53) p161(A,B) :- copy1(A,C0_0), copy1(C0_0,C), copy1(C,C1_0), mk_uppercase(C1_0,B).
(r54) p168(A,B) :- copy1(A,C0_0), copy1(C0_0,C), skip1(C,C1_0), copy1(C1_0,B).
(r55) p170(A,B) :- copy1(A,C0_0), mk_uppercase(C0_0,C), skip1(C,C1_0), copy1(C1_0,B).
(r56) p211(A,B) :- copy1(A,C0_0), copy1(C0_0,C), copy1(C,C1_0), mk_uppercase(C1_0,B).
(r57) p213(A,B) :- skip1(A,C0_0), copy1(C0_0,C), mk_lowercase(C,C1_0), copy1(C1_0,B).
(r58) p221(A,B) :- copy1(A,C0_0), copy1(C0_0,C), copy1(C,C1_0), copy1(C1_0,B).
(r59) p228(A,B) :- skip1(A,C0_0), copy1(C0_0,C), skip1(C,C1_0), mk_lowercase(C1_0,B).
(r60) p234(A,B) :- skip1(A,C), skip1(C,C1_0), copy1(C1_0,C2_0), mk_uppercase(C2_0,B).
(r61) p250(A,B) :- mk_uppercase(A,C), skip1(C,C1_0), copy1(C1_0,C2_0), copy1(C2_0,B).
(r62) p254(A,B) :- skip1(A,C0_0), copy1(C0_0,C), skip1(C,C1_0), copy1(C1_0,B).
(r63) p283(A,B) :- skip1(A,C), skip1(C,C1_0), copy1(C1_0,C2_0), mk_lowercase(C2_0,B).
(r64) p329(A,B) :- copy1(A,C), skip1(C,C1_0), skip1(C1_0,C2_0), copy1(C2_0,B).
(r65) p339(A,B) :- skip1(A,C), skip1(C,C1_0), skip1(C1_0,C2_0), mk_lowercase(C2_0,B).
(r66) p368(A,B) :- copy1(A,C), skip1(C,C1_0), copy1(C1_0,C2_0), mk_uppercase(C2_0,B).
(r67) p378(A,B) :- mk_lowercase(A,C0_0), copy1(C0_0,C), mk_uppercase(C,C1_0), copy1(C1_0,B).
(r68) p380(A,B) :- copy1(A,C), skip1(C,C1_0), mk_lowercase(C1_0,C2_0), mk_lowercase(C2_0,B).
(r69) p14(A,B) :- mk_lowercase(A,C), copy1(C,C1_0), copy1(C1_0,B).
(r70) p28(A,B) :- skip1(A,C), copy1(C,C1_0), copy1(C1_0,B).
(r71) p32(A,B) :- copy1(A,C), mk_uppercase(C,C1_0), copy1(C1_0,B).
(r72) p55(A,B) :- copy1(A,C), mk_lowercase(C,C1_0), copy1(C1_0,B).
(r73) p65(A,B) :- mk_uppercase(A,C), mk_uppercase(C,C1_0), mk_lowercase(C1_0,B).
(r74) p69(A,B) :- copy1(A,C), copy1(C,C1_0), mk_uppercase(C1_0,B).
(r75) p100(A,B) :- copy1(A,C), mk_lowercase(C,C1_0), mk_uppercase(C1_0,B).
(r76) p103(A,B) :- skip1(A,C), skip1(C,C1_0), mk_uppercase(C1_0,B).
(r77) p109(A,B) :- skip1(A,C), skip1(C,C1_0), copy1(C1_0,B).
(r78) p118(A,B) :- skip1(A,C), copy1(C,C1_0), mk_uppercase(C1_0,B).
(r79) p137(A,B) :- mk_uppercase(A,C), skip1(C,C1_0), copy1(C1_0,B).
(r80) p139(A,B) :- copy1(A,C), copy1(C,C1_0), copy1(C1_0,B).
(r81) p187(A,B) :- copy1(A,C), skip1(C,C1_0), mk_uppercase(C1_0,B).
(r82) p201(A,B) :- copy1(A,C), skip1(C,C1_0), copy1(C1_0,B).
(r83) p246(A,B) :- skip1(A,C), mk_uppercase(C,C1_0), mk_uppercase(C1_0,B).
(r84) p302(A,B) :- copy1(A,C), mk_uppercase(C,C1_0), mk_uppercase(C1_0,B).
(r85) p324(A,B) :- copy1(A,C), mk_lowercase(C,C1_0), mk_lowercase(C1_0,B).
(r86) p342(A,B) :- skip1(A,C), copy1(C,C1_0), mk_lowercase(C1_0,B).
(r87) p350(A,B) :- skip1(A,C), skip1(C,C1_0), mk_lowercase(C1_0,B).
(r88) p351(A,B) :- copy1(A,C), skip1(C,C1_0), mk_lowercase(C1_0,B).
(r89) p15(A,B) :- skip1(A,C0_0), mk_lowercase(C0_0,C), mk_lowercase(C,C2_0), mk_uppercase(C2_0,C1_0), skip1(C1_0,C3_0), copy1(C3_0,B).
(r90) p22(A,B) :- skip1(A,C0_0), copy1(C0_0,C), skip1(C,C2_0), mk_lowercase(C2_0,C1_0), copy1(C1_0,C3_0), copy1(C3_0,B).
(r91) p44(A,B) :- skip1(A,C0_0), mk_lowercase(C0_0,C), mk_uppercase(C,C2_0), mk_lowercase(C2_0,C1_0), skip1(C1_0,C3_0), copy1(C3_0,B).
(r92) p47(A,B) :- copy1(A,C0_0), copy1(C0_0,C), copy1(C,C2_0), copy1(C2_0,C1_0), copy1(C1_0,C3_0), mk_lowercase(C3_0,B).
(r93) p67(A,B) :- skip1(A,C0_0), copy1(C0_0,C), copy1(C,C2_0), copy1(C2_0,C1_0), copy1(C1_0,C3_0), copy1(C3_0,B).
(r94) p76(A,B) :- mk_uppercase(A,C0_0), copy1(C0_0,C), skip1(C,C2_0), mk_lowercase(C2_0,C1_0), copy1(C1_0,C3_0), copy1(C3_0,B).
(r95) p77(A,B) :- copy1(A,C0_0), copy1(C0_0,C), mk_lowercase(C,C2_0), copy1(C2_0,C1_0), copy1(C1_0,C3_0), copy1(C3_0,B).
(r96) p191(A,B) :- skip1(A,C0_0), copy1(C0_0,C), skip1(C,C2_0), mk_uppercase(C2_0,C1_0), mk_uppercase(C1_0,C3_0), mk_uppercase(C3_0,B).
(r97) p299(A,B) :- skip1(A,C0_0), copy1(C0_0,C), copy1(C,C2_0), copy1(C2_0,C1_0), copy1(C1_0,C3_0), mk_lowercase(C3_0,B).
(r98) p310(A,B) :- copy1(A,C0_0), mk_uppercase(C0_0,C), skip1(C,C2_0), copy1(C2_0,C1_0), copy1(C1_0,C3_0), copy1(C3_0,B).
(r99) p355(A,B) :- skip1(A,C0_0), skip1(C0_0,C1_0-1), copy1(C1_0-1,C), skip1(C,C1_0), skip1(C1_0,C3_0), copy1(C3_0,B).
(r100) p1(A,B) :- skip1(A,C0_0), skip1(C0_0,C1_0-1), mk_uppercase(C1_0-1,C), copy1(C,C1_0), copy1(C1_0,C3_0), copy1(C3_0,B).
(r101) p9(A,B) :- mk_lowercase(A,C0_0), copy1(C0_0,C), skip1(C,C1_0), skip1(C1_0,C3_0), skip1(C3_0,C4_0), copy1(C4_0,B).
(r102) p30(A,B) :- mk_uppercase(A,C), skip1(C,C1_0), skip1(C1_0,C2_0-1), mk_uppercase(C2_0-1,C2_0), skip1(C2_0,C3_0), copy1(C3_0,B).
(r103) p35(A,B) :- copy1(A,C0_0), skip1(C0_0,C1_0-1), skip1(C1_0-1,C2_0), copy1(C2_0,C), copy1(C,C1_0), copy1(C1_0,B).
(r104) p36(A,B) :- copy1(A,C0_0), skip1(C0_0,C1_0-1), copy1(C1_0-1,C), copy1(C,C1_0), skip1(C1_0,C3_0), mk_lowercase(C3_0,B).
(r105) p54(A,B) :- skip1(A,C0_0), mk_lowercase(C0_0,C1_0-1), mk_lowercase(C1_0-1,C), skip1(C,C1_0), copy1(C1_0,C3_0), mk_lowercase(C3_0,B).
(r106) p87(A,B) :- copy1(A,C0_0), skip1(C0_0,C1_0-1), copy1(C1_0-1,C), skip1(C,C1_0), skip1(C1_0,C3_0), mk_lowercase(C3_0,B).
(r107) p144(A,B) :- copy1(A,C), skip1(C,C1_0), skip1(C1_0,C2_0-1), mk_uppercase(C2_0-1,C2_0), skip1(C2_0,C3_0), copy1(C3_0,B).
(r108) p147(A,B) :- mk_uppercase(A,C), mk_lowercase(C,C1_0-1), copy1(C1_0-1,C1_0), skip1(C1_0,C2_0), copy1(C2_0,C4_0), copy1(C4_0,B).
(r109) p171(A,B) :- skip1(A,C), skip1(C,C1_0), skip1(C1_0,C2_0-1), copy1(C2_0-1,C2_0), copy1(C2_0,C3_0), copy1(C3_0,B).
(r110) p193(A,B) :- copy1(A,C0_0), skip1(C0_0,C1_0-1), mk_uppercase(C1_0-1,C), skip1(C,C1_0), mk_lowercase(C1_0,C3_0), mk_uppercase(C3_0,B).
(r111) p231(A,B) :- skip1(A,C0_0), mk_uppercase(C0_0,C), skip1(C,C1_0), skip1(C1_0,C3_0), skip1(C3_0,C4_0), copy1(C4_0,B).
(r112) p280(A,B) :- skip1(A,C0_0), copy1(C0_0,C), skip1(C,C1_0), skip1(C1_0,C3_0), mk_lowercase(C3_0,C4_0), mk_uppercase(C4_0,B).
(r113) p303(A,B) :- mk_uppercase(A,C), skip1(C,C1_0), copy1(C1_0,C2_0-1), copy1(C2_0-1,C2_0), copy1(C2_0,C3_0), copy1(C3_0,B).
(r114) p393(A,B) :- p164(A,C), mk_lowercase(C,C1_0), copy1(C1_0,C2_0-1), mk_uppercase(C2_0-1,C2_0), skip1(C2_0,C3_0), copy1(C3_0,B).
(r115) p398(A,B) :- skip1(A,C0_0), skip1(C0_0,C1_0-1), mk_lowercase(C1_0-1,C2_0), copy1(C2_0,C), copy1(C,C1_0), mk_uppercase(C1_0,B).
(r116) p399(A,B) :- copy1(A,C), skip1(C,C1_0-1), mk_lowercase(C1_0-1,C2_0-1), mk_uppercase(C2_0-1,C1_0), mk_lowercase(C1_0,C2_0), copy1(C2_0,B).
(r117) p188(A,B) :- copy1(A,C), skip1(C,C1_0), skip1(C1_0,C2_0), skip1(C2_0,C3_0), skip1(C3_0,C4_0), copy1(C4_0,B).
(r118) p4(A,B) :- copy1(A,C0_0), copy1(C0_0,C), copy1(C,C2_0), skip1(C2_0,C3_0-1), skip1(C3_0-1,C4_0), copy1(C4_0,C1_0), copy1(C1_0,C3_0), copy1(C3_0,C5_0), copy1(C5_0,B).
(r119) p5(A,B) :- copy1(A,C), copy1(C,C1_0-2), copy1(C1_0-2,C1_0-1), skip1(C1_0-1,C2_0-1), copy1(C2_0-1,C1_0), copy1(C1_0,C3_0), copy1(C3_0,C2_0), copy1(C2_0,C4_0), mk_uppercase(C4_0,B).
(r120) p29(A,B) :- skip1(A,C), copy1(C,C1_0-2), mk_uppercase(C1_0-2,C1_0-1), skip1(C1_0-1,C2_0-1), copy1(C2_0-1,C1_0), mk_lowercase(C1_0,C3_0), mk_uppercase(C3_0,C2_0), skip1(C2_0,C4_0), copy1(C4_0,B).
(r121) p62(A,B) :- copy1(A,C), copy1(C,C1_0-2), copy1(C1_0-2,C1_0-1), copy1(C1_0-1,C2_0-1), mk_lowercase(C2_0-1,C1_0), skip1(C1_0,C2_0), skip1(C2_0,C4_0), copy1(C4_0,C7_0), mk_uppercase(C7_0,B).
(r122) p75(A,B) :- copy1(A,C0_0), copy1(C0_0,C), copy1(C,C2_0), skip1(C2_0,C3_0-2), copy1(C3_0-2,C3_0-1), mk_uppercase(C3_0-1,C4_0), copy1(C4_0,C1_0), copy1(C1_0,C3_0), mk_lowercase(C3_0,B).
(r123) p82(A,B) :- mk_uppercase(A,C0_0), skip1(C0_0,C1_0-1), copy1(C1_0-1,C), copy1(C,C2_0), skip1(C2_0,C4_0), copy1(C4_0,C1_0), skip1(C1_0,C3_0), mk_lowercase(C3_0,C6_0), copy1(C6_0,B).
(r124) p97(A,B) :- skip1(A,C), copy1(C,C1_0-2), mk_lowercase(C1_0-2,C1_0-1), skip1(C1_0-1,C2_0-1), mk_uppercase(C2_0-1,C1_0), copy1(C1_0,C3_0), copy1(C3_0,C2_0), copy1(C2_0,C4_0), copy1(C4_0,B).
(r125) p115(A,B) :- skip1(A,C0_0-1), copy1(C0_0-1,C0_0), skip1(C0_0,C1_0-1), copy1(C1_0-1,C3_0-1), copy1(C3_0-1,C), copy1(C,C2_0), mk_lowercase(C2_0,C1_0), skip1(C1_0,C3_0), copy1(C3_0,B).
(r126) p116(A,B) :- copy1(A,C0_0), mk_uppercase(C0_0,C), mk_lowercase(C,C2_0), copy1(C2_0,C1_0), copy1(C1_0,C3_0), skip1(C3_0,C5_0-1), copy1(C5_0-1,C5_0), copy1(C5_0,C6_0), copy1(C6_0,B).
(r127) p132(A,B) :- copy1(A,C), copy1(C,C1_0-1), skip1(C1_0-1,C2_0-1), mk_lowercase(C2_0-1,C1_0), skip1(C1_0,C3_0), copy1(C3_0,C2_0), skip1(C2_0,C4_0), copy1(C4_0,C7_0), copy1(C7_0,B).
(r128) p138(A,B) :- copy1(A,C0_0), copy1(C0_0,C1_0-1), mk_uppercase(C1_0-1,C), skip1(C,C2_0), mk_lowercase(C2_0,C1_0), skip1(C1_0,C5_0), copy1(C5_0,C3_0), skip1(C3_0,C6_0), copy1(C6_0,B).
(r129) p140(A,B) :- copy1(A,C), copy1(C,C1_0-2), copy1(C1_0-2,C1_0-1), skip1(C1_0-1,C2_0-1), copy1(C2_0-1,C1_0), mk_lowercase(C1_0,C3_0), copy1(C3_0,C2_0), skip1(C2_0,C4_0), copy1(C4_0,B).
(r130) p142(A,B) :- mk_lowercase(A,C), copy1(C,C1_0-1), mk_lowercase(C1_0-1,C2_0-1), copy1(C2_0-1,C1_0), skip1(C1_0,C2_0), copy1(C2_0,C5_0), copy1(C5_0,C4_0), copy1(C4_0,C6_0), copy1(C6_0,B).
(r131) p143(A,B) :- copy1(A,C), skip1(C,C1_0-1), skip1(C1_0-1,C2_0-1), mk_lowercase(C2_0-1,C1_0), mk_uppercase(C1_0,C3_0), copy1(C3_0,C2_0), skip1(C2_0,C4_0), copy1(C4_0,C7_0), copy1(C7_0,B).
(r132) p162(A,B) :- copy1(A,C), copy1(C,C1_0-2), copy1(C1_0-2,C1_0-1), skip1(C1_0-1,C2_0-1), copy1(C2_0-1,C1_0), skip1(C1_0,C3_0), copy1(C3_0,C2_0), copy1(C2_0,C4_0), copy1(C4_0,B).
(r133) p179(A,B) :- skip1(A,C0_0), copy1(C0_0,C1_0-1), copy1(C1_0-1,C), copy1(C,C3_0-1), copy1(C3_0-1,C2_0), skip1(C2_0,C4_0), copy1(C4_0,C1_0), mk_lowercase(C1_0,C3_0), mk_lowercase(C3_0,B).
(r134) p208(A,B) :- mk_uppercase(A,C0_0), skip1(C0_0,C1_0-1), copy1(C1_0-1,C2_0-1), copy1(C2_0-1,C), skip1(C,C2_0), copy1(C2_0,C1_0), skip1(C1_0,C3_0), skip1(C3_0,C6_0), mk_uppercase(C6_0,B).
(r135) p232(A,B) :- copy1(A,C0_0-1), copy1(C0_0-1,C0_0), copy1(C0_0,C1_0-1), copy1(C1_0-1,C), copy1(C,C2_0), skip1(C2_0,C5_0), mk_lowercase(C5_0,C1_0), skip1(C1_0,C3_0), mk_lowercase(C3_0,B).
(r136) p243(A,B) :- skip1(A,C0_0), skip1(C0_0,C1_0-1), mk_uppercase(C1_0-1,C), skip1(C,C2_0), skip1(C2_0,C4_0-1), copy1(C4_0-1,C4_0), skip1(C4_0,C5_0), mk_uppercase(C5_0,C1_0), copy1(C1_0,B).
(r137) p313(A,B) :- skip1(A,C0_0), mk_lowercase(C0_0,C), skip1(C,C2_0), copy1(C2_0,C3_0-1), mk_lowercase(C3_0-1,C1_0), skip1(C1_0,C3_0), skip1(C3_0,C5_0), skip1(C5_0,C7_0), mk_lowercase(C7_0,B).
(r138) p319(A,B) :- skip1(A,C0_0), skip1(C0_0,C1_0-1), copy1(C1_0-1,C2_0), copy1(C2_0,C), skip1(C,C1_0), copy1(C1_0,C4_0), copy1(C4_0,C3_0), copy1(C3_0,C5_0), copy1(C5_0,B).
(r139) p328(A,B) :- skip1(A,C), copy1(C,C1_0-1), skip1(C1_0-1,C2_0-1), mk_lowercase(C2_0-1,C3_0-1), mk_lowercase(C3_0-1,C1_0), skip1(C1_0,C3_0), copy1(C3_0,C2_0), skip1(C2_0,C4_0), copy1(C4_0,B).
(r140) p333(A,B) :- skip1(A,C), copy1(C,C1_0-2), mk_uppercase(C1_0-2,C1_0-1), copy1(C1_0-1,C2_0-1), copy1(C2_0-1,C1_0), skip1(C1_0,C3_0), copy1(C3_0,C2_0), skip1(C2_0,C4_0), mk_uppercase(C4_0,B).
(r141) p337(A,B) :- copy1(A,C0_0), copy1(C0_0,C), copy1(C,C2_0-1), copy1(C2_0-1,C2_0), skip1(C2_0,C3_0-1), copy1(C3_0-1,C1_0), copy1(C1_0,C3_0), mk_uppercase(C3_0,C5_0), mk_uppercase(C5_0,B).
(r142) p341(A,B) :- skip1(A,C), mk_lowercase(C,C1_0-2), copy1(C1_0-2,C1_0-1), copy1(C1_0-1,C2_0-1), copy1(C2_0-1,C1_0), copy1(C1_0,C3_0), copy1(C3_0,C2_0), copy1(C2_0,C4_0), copy1(C4_0,B).
(r143) p366(A,B) :- skip1(A,C), skip1(C,C1_0-2), copy1(C1_0-2,C1_0-1), skip1(C1_0-1,C2_0-1), copy1(C2_0-1,C4_0-1), copy1(C4_0-1,C1_0), copy1(C1_0,C2_0), mk_uppercase(C2_0,C4_0), copy1(C4_0,B).
(r144) p375(A,B) :- mk_uppercase(A,C), copy1(C,C1_0-1), skip1(C1_0-1,C2_0-2), copy1(C2_0-2,C2_0-1), copy1(C2_0-1,C3_0), copy1(C3_0,C1_0), skip1(C1_0,C2_0), copy1(C2_0,C4_0), copy1(C4_0,B).
(r145) p376(A,B) :- skip1(A,C0_0-1), copy1(C0_0-1,C0_0), skip1(C0_0,C1_0-1), copy1(C1_0-1,C), skip1(C,C4_0), copy1(C4_0,C2_0), skip1(C2_0,C5_0), mk_uppercase(C5_0,C1_0), copy1(C1_0,B).
(r146) p377(A,B) :- mk_lowercase(A,C), copy1(C,C1_0-1), skip1(C1_0-1,C2_0-1), skip1(C2_0-1,C3_0-1), copy1(C3_0-1,C1_0), skip1(C1_0,C3_0), copy1(C3_0,C2_0), skip1(C2_0,C4_0), copy1(C4_0,B).
(r147) p388(A,B) :- skip1(A,C0_0), skip1(C0_0,C1_0-1), copy1(C1_0-1,C), mk_lowercase(C,C2_0), mk_lowercase(C2_0,C1_0), mk_uppercase(C1_0,C3_0), skip1(C3_0,C6_0), copy1(C6_0,C7_0), copy1(C7_0,B).
(r148) p229(A,B) :- skip1(A,C0_0), copy1(C0_0,C), copy1(C,C2_0), skip1(C2_0,C3_0-1), mk_lowercase(C3_0-1,C1_0), skip1(C1_0,C3_0), skip1(C3_0,C5_0), skip1(C5_0,C7_0), copy1(C7_0,B).
(r149) p248(A,B) :- copy1(A,C), mk_lowercase(C,C1_0-2), copy1(C1_0-2,C1_0-1), skip1(C1_0-1,C2_0-1), copy1(C2_0-1,C1_0), skip1(C1_0,C2_0), skip1(C2_0,C4_0), skip1(C4_0,C7_0), copy1(C7_0,B).
(r150) p266(A,B) :- copy1(A,C0_0-1), mk_lowercase(C0_0-1,C0_0), skip1(C0_0,C1_0-1), copy1(C1_0-1,C), skip1(C,C1_0), mk_uppercase(C1_0,C5_0), mk_uppercase(C5_0,C3_0), copy1(C3_0,C6_0), copy1(C6_0,B).
(r151) p326(A,B) :- skip1(A,C0_0), skip1(C0_0,C1_0-1), skip1(C1_0-1,C2_0-1), copy1(C2_0-1,C3_0-1), copy1(C3_0-1,C), copy1(C,C2_0), mk_lowercase(C2_0,C1_0), skip1(C1_0,C3_0), copy1(C3_0,B).
(r152) p6(A,B) :- copy1(A,C0_0), copy1(C0_0,C), skip1(C,C1_0), skip1(C1_0,C3_0-1), copy1(C3_0-1,C3_0), skip1(C3_0,C4_0), copy1(C4_0,B).
(r153) p26(A,B) :- skip1(A,C), skip1(C,C1_0), skip1(C1_0,C2_0), skip1(C2_0,C3_0-1), copy1(C3_0-1,C3_0), copy1(C3_0,C4_0), mk_lowercase(C4_0,B).
(r154) p34(A,B) :- copy1(A,C0_0), copy1(C0_0,C), mk_uppercase(C,C1_0), copy1(C1_0,C3_0-1), copy1(C3_0-1,C3_0), copy1(C3_0,C4_0), copy1(C4_0,B).
(r155) p46(A,B) :- copy1(A,C), skip1(C,C1_0), skip1(C1_0,C2_0), skip1(C2_0,C3_0), skip1(C3_0,C4_0), copy1(C4_0,C5_0), mk_uppercase(C5_0,B).
(r156) p52(A,B) :- copy1(A,C0_0-1), copy1(C0_0-1,C0_0), skip1(C0_0,C1_0-1), copy1(C1_0-1,C3_0), copy1(C3_0,C), copy1(C,C1_0), mk_lowercase(C1_0,B).
(r157) p56(A,B) :- skip1(A,C0_0-1), copy1(C0_0-1,C0_0), skip1(C0_0,C1_0-1), skip1(C1_0-1,C3_0), copy1(C3_0,C), mk_uppercase(C,C1_0), mk_uppercase(C1_0,B).
(r158) p57(A,B) :- skip1(A,C), skip1(C,C1_0-1), mk_uppercase(C1_0-1,C2_0-1), mk_uppercase(C2_0-1,C1_0), skip1(C1_0,C2_0), skip1(C2_0,C4_0), copy1(C4_0,B).
(r159) p72(A,B) :- copy1(A,C), skip1(C,C1_0-1), skip1(C1_0-1,C2_0-1), copy1(C2_0-1,C1_0), skip1(C1_0,C2_0), skip1(C2_0,C4_0), copy1(C4_0,B).
(r160) p89(A,B) :- copy1(A,C0_0-1), copy1(C0_0-1,C0_0), copy1(C0_0,C1_0-1), copy1(C1_0-1,C), copy1(C,C1_0), skip1(C1_0,C3_0), copy1(C3_0,B).
(r161) p102(A,B) :- mk_lowercase(A,C), skip1(C,C1_0-1), skip1(C1_0-1,C2_0-1), mk_lowercase(C2_0-1,C1_0), skip1(C1_0,C2_0), skip1(C2_0,C4_0), mk_lowercase(C4_0,B).
(r162) p106(A,B) :- mk_lowercase(A,C), mk_uppercase(C,C1_0-1), mk_lowercase(C1_0-1,C1_0), copy1(C1_0,C2_0), skip1(C2_0,C4_0), skip1(C4_0,C5_0), copy1(C5_0,B).
(r163) p112(A,B) :- skip1(A,C0_0-1), mk_lowercase(C0_0-1,C0_0), skip1(C0_0,C1_0-1), skip1(C1_0-1,C3_0), copy1(C3_0,C), copy1(C,C1_0), copy1(C1_0,B).
(r164) p117(A,B) :- copy1(A,C0_0), skip1(C0_0,C1_0-1), skip1(C1_0-1,C2_0), copy1(C2_0,C), skip1(C,C1_0), copy1(C1_0,C3_0), mk_uppercase(C3_0,B).
(r165) p178(A,B) :- copy1(A,C0_0-1), copy1(C0_0-1,C0_0), copy1(C0_0,C1_0-1), copy1(C1_0-1,C), skip1(C,C1_0), skip1(C1_0,C3_0), copy1(C3_0,B).
(r166) p190(A,B) :- copy1(A,C0_0), skip1(C0_0,C1_0-1), skip1(C1_0-1,C2_0), copy1(C2_0,C), skip1(C,C1_0), skip1(C1_0,C3_0), mk_uppercase(C3_0,B).
(r167) p210(A,B) :- copy1(A,C0_0), copy1(C0_0,C), skip1(C,C1_0), skip1(C1_0,C3_0), skip1(C3_0,C4_0), copy1(C4_0,C5_0), copy1(C5_0,B).
(r168) p214(A,B) :- copy1(A,C0_0), mk_uppercase(C0_0,C1_0-1), copy1(C1_0-1,C), skip1(C,C2_0), copy1(C2_0,C1_0), skip1(C1_0,C3_0), mk_uppercase(C3_0,B).
(r169) p215(A,B) :- copy1(A,C0_0-1), mk_lowercase(C0_0-1,C0_0), mk_lowercase(C0_0,C1_0-1), copy1(C1_0-1,C), skip1(C,C1_0), skip1(C1_0,C3_0), copy1(C3_0,B).
(r170) p227(A,B) :- skip1(A,C0_0), mk_lowercase(C0_0,C1_0-1), copy1(C1_0-1,C), skip1(C,C2_0), copy1(C2_0,C1_0), copy1(C1_0,C3_0), mk_uppercase(C3_0,B).
(r171) p241(A,B) :- mk_lowercase(A,C), skip1(C,C1_0-1), copy1(C1_0-1,C1_0), skip1(C1_0,C2_0), skip1(C2_0,C4_0), copy1(C4_0,C5_0), copy1(C5_0,B).
(r172) p245(A,B) :- mk_uppercase(A,C), skip1(C,C1_0), copy1(C1_0,C2_0-1), mk_lowercase(C2_0-1,C2_0), skip1(C2_0,C3_0), mk_lowercase(C3_0,C5_0), copy1(C5_0,B).
(r173) p256(A,B) :- copy1(A,C0_0), skip1(C0_0,C1_0-2), copy1(C1_0-2,C1_0-1), copy1(C1_0-1,C2_0), copy1(C2_0,C), skip1(C,C1_0), copy1(C1_0,B).
(r174) p290(A,B) :- skip1(A,C0_0), copy1(C0_0,C), copy1(C,C1_0), skip1(C1_0,C3_0-1), copy1(C3_0-1,C3_0), copy1(C3_0,C4_0), copy1(C4_0,B).
(r175) p294(A,B) :- copy1(A,C0_0), skip1(C0_0,C1_0-1), mk_uppercase(C1_0-1,C), skip1(C,C2_0), mk_lowercase(C2_0,C1_0), skip1(C1_0,C3_0), mk_lowercase(C3_0,B).
(r176) p298(A,B) :- copy1(A,C), skip1(C,C1_0), skip1(C1_0,C2_0), skip1(C2_0,C3_0-1), copy1(C3_0-1,C3_0), skip1(C3_0,C4_0), copy1(C4_0,B).
(r177) p323(A,B) :- copy1(A,C0_0), mk_uppercase(C0_0,C), copy1(C,C2_0), skip1(C2_0,C3_0-1), mk_lowercase(C3_0-1,C1_0), skip1(C1_0,C3_0), copy1(C3_0,B).
(r178) p354(A,B) :- skip1(A,C0_0), copy1(C0_0,C1_0-1), mk_lowercase(C1_0-1,C), skip1(C,C2_0), copy1(C2_0,C1_0), skip1(C1_0,C3_0), copy1(C3_0,B).
(r179) p357(A,B) :- skip1(A,C0_0), skip1(C0_0,C1_0-1), copy1(C1_0-1,C2_0), copy1(C2_0,C), copy1(C,C1_0), skip1(C1_0,C3_0), copy1(C3_0,B).
(r180) p358(A,B) :- skip1(A,C0_0), copy1(C0_0,C1_0-1), mk_uppercase(C1_0-1,C), skip1(C,C1_0), skip1(C1_0,C3_0), skip1(C3_0,C5_0), copy1(C5_0,B).
(r181) p361(A,B) :- mk_uppercase(A,C), skip1(C,C1_0-1), mk_lowercase(C1_0-1,C1_0), skip1(C1_0,C3_0), copy1(C3_0,C2_0), skip1(C2_0,C4_0), copy1(C4_0,B).
(r182) p372(A,B) :- mk_lowercase(A,C0_0), copy1(C0_0,C1_0-1), copy1(C1_0-1,C), skip1(C,C1_0), skip1(C1_0,C3_0), copy1(C3_0,C5_0), mk_lowercase(C5_0,B).
(r183) p374(A,B) :- skip1(A,C0_0), mk_lowercase(C0_0,C1_0-1), mk_lowercase(C1_0-1,C), skip1(C,C2_0), copy1(C2_0,C1_0), mk_lowercase(C1_0,C3_0), copy1(C3_0,B).
(r184) p386(A,B) :- copy1(A,C0_0), mk_lowercase(C0_0,C), copy1(C,C2_0), copy1(C2_0,C1_0), skip1(C1_0,C3_0), mk_lowercase(C3_0,C5_0), mk_uppercase(C5_0,B).
(r185) p391(A,B) :- skip1(A,C), skip1(C,C1_0-1), skip1(C1_0-1,C2_0-1), copy1(C2_0-1,C1_0), skip1(C1_0,C2_0), skip1(C2_0,C4_0), copy1(C4_0,B).
(r186) p316(A,B) :- mk_uppercase(A,C), skip1(C,C1_0), skip1(C1_0,C2_0), skip1(C2_0,C3_0), skip1(C3_0,C4_0), skip1(C4_0,C5_0), mk_lowercase(C5_0,B).
(r187) p18(A,B) :- copy1(A,C), skip1(C,C1_0-2), copy1(C1_0-2,C1_0-1), skip1(C1_0-1,C2_0-1), copy1(C2_0-1,C4_0-1), copy1(C4_0-1,C1_0), skip1(C1_0,C2_0), skip1(C2_0,C4_0), skip1(C4_0,C7_0), mk_lowercase(C7_0,B).
(r188) p19(A,B) :- copy1(A,C0_0-1), copy1(C0_0-1,C0_0), skip1(C0_0,C1_0-1), copy1(C1_0-1,C3_0-1), copy1(C3_0-1,C), copy1(C,C2_0), mk_lowercase(C2_0,C5_0), copy1(C5_0,C1_0), copy1(C1_0,C3_0), mk_lowercase(C3_0,B).
(r189) p25(A,B) :- mk_lowercase(A,C), skip1(C,C1_0-2), copy1(C1_0-2,C1_0-1), skip1(C1_0-1,C2_0-1), copy1(C2_0-1,C4_0-1), copy1(C4_0-1,C1_0), mk_lowercase(C1_0,C3_0), mk_uppercase(C3_0,C2_0), skip1(C2_0,C4_0), copy1(C4_0,B).
(r190) p45(A,B) :- skip1(A,C0_0-1), copy1(C0_0-1,C0_0), mk_uppercase(C0_0,C1_0-1), copy1(C1_0-1,C), copy1(C,C4_0), mk_lowercase(C4_0,C2_0), skip1(C2_0,C5_0), mk_lowercase(C5_0,C7_0), copy1(C7_0,C1_0), mk_uppercase(C1_0,B).
(r191) p104(A,B) :- copy1(A,C0_0), copy1(C0_0,C), skip1(C,C2_0-1), copy1(C2_0-1,C2_0), skip1(C2_0,C3_0-1), copy1(C3_0-1,C1_0), skip1(C1_0,C4_0), mk_uppercase(C4_0,C3_0), skip1(C3_0,C5_0), copy1(C5_0,B).
(r192) p105(A,B) :- skip1(A,C0_0-1), copy1(C0_0-1,C0_0), skip1(C0_0,C1_0-1), copy1(C1_0-1,C), skip1(C,C2_0), skip1(C2_0,C5_0), copy1(C5_0,C6_0), mk_lowercase(C6_0,C1_0), copy1(C1_0,C3_0), mk_uppercase(C3_0,B).
(r193) p224(A,B) :- copy1(A,C), copy1(C,C1_0-1), copy1(C1_0-1,C2_0-2), mk_uppercase(C2_0-2,C2_0-1), copy1(C2_0-1,C3_0-1), copy1(C3_0-1,C1_0), skip1(C1_0,C3_0), copy1(C3_0,C2_0), skip1(C2_0,C4_0), copy1(C4_0,B).
(r194) p236(A,B) :- mk_lowercase(A,C0_0), copy1(C0_0,C), copy1(C,C2_0), mk_lowercase(C2_0,C3_0-1), mk_uppercase(C3_0-1,C1_0), copy1(C1_0,C4_0), copy1(C4_0,C3_0), skip1(C3_0,C5_0), copy1(C5_0,C8_0), copy1(C8_0,B).
(r195) p85(A,B) :- skip1(A,C), skip1(C,C1_0-2), mk_uppercase(C1_0-2,C1_0-1), skip1(C1_0-1,C2_0-1), skip1(C2_0-1,C4_0-1), skip1(C4_0-1,C5_0), copy1(C5_0,C1_0), copy1(C1_0,C2_0), skip1(C2_0,C4_0), copy1(C4_0,B).
(r196) p275(A,B) :- skip1(A,C0_0), skip1(C0_0,C1_0-1), skip1(C1_0-1,C2_0-2), copy1(C2_0-2,C2_0-1), copy1(C2_0-1,C3_0-1), copy1(C3_0-1,C), copy1(C,C2_0), copy1(C2_0,C1_0), copy1(C1_0,C3_0), copy1(C3_0,B).
(r197) p392(A,B) :- mk_lowercase(A,C0_0), copy1(C0_0,C1_0-2), mk_uppercase(C1_0-2,C1_0-1), skip1(C1_0-1,C2_0-1), copy1(C2_0-1,C), skip1(C,C2_0), skip1(C2_0,C4_0), mk_uppercase(C4_0,C1_0), mk_lowercase(C1_0,C3_0), copy1(C3_0,B).
(r198) p23(A,B) :- copy1(A,C0_0), skip1(C0_0,C1_0-1), skip1(C1_0-1,C2_0-1), copy1(C2_0-1,C), copy1(C,C2_0), copy1(C2_0,C1_0), copy1(C1_0,C3_0), mk_uppercase(C3_0,B).
(r199) p39(A,B) :- skip1(A,C), skip1(C,C1_0), skip1(C1_0,C2_0-1), skip1(C2_0-1,C3_0-1), copy1(C3_0-1,C2_0), skip1(C2_0,C3_0), skip1(C3_0,C5_0), copy1(C5_0,B).
(r200) p43(A,B) :- copy1(A,C0_0), copy1(C0_0,C1_0-1), copy1(C1_0-1,C), mk_uppercase(C,C2_0), copy1(C2_0,C1_0), skip1(C1_0,C3_0), copy1(C3_0,C6_0), copy1(C6_0,B).
(r201) p48(A,B) :- copy1(A,C0_0), skip1(C0_0,C1_0-1), copy1(C1_0-1,C), copy1(C,C1_0), skip1(C1_0,C4_0), copy1(C4_0,C3_0), copy1(C3_0,C5_0), copy1(C5_0,B).
(r202) p50(A,B) :- mk_lowercase(A,C), copy1(C,C1_0-1), mk_lowercase(C1_0-1,C2_0-1), copy1(C2_0-1,C1_0), copy1(C1_0,C3_0), copy1(C3_0,C2_0), skip1(C2_0,C4_0), copy1(C4_0,B).
(r203) p70(A,B) :- skip1(A,C0_0), skip1(C0_0,C1_0-1), copy1(C1_0-1,C2_0-1), mk_lowercase(C2_0-1,C), copy1(C,C2_0), mk_lowercase(C2_0,C1_0), skip1(C1_0,C3_0), copy1(C3_0,B).
(r204) p73(A,B) :- copy1(A,C0_0), skip1(C0_0,C1_0-1), mk_uppercase(C1_0-1,C), skip1(C,C2_0), copy1(C2_0,C1_0), skip1(C1_0,C3_0), copy1(C3_0,C6_0), copy1(C6_0,B).
(r205) p88(A,B) :- skip1(A,C0_0-1), mk_lowercase(C0_0-1,C0_0), copy1(C0_0,C1_0-1), copy1(C1_0-1,C), skip1(C,C2_0), mk_uppercase(C2_0,C1_0), skip1(C1_0,C3_0), copy1(C3_0,B).
(r206) p96(A,B) :- mk_uppercase(A,C0_0), copy1(C0_0,C), copy1(C,C2_0-1), copy1(C2_0-1,C2_0), copy1(C2_0,C3_0-1), mk_lowercase(C3_0-1,C1_0), skip1(C1_0,C3_0), mk_lowercase(C3_0,B).
(r207) p110(A,B) :- copy1(A,C), copy1(C,C1_0-1), skip1(C1_0-1,C2_0-1), skip1(C2_0-1,C3_0), copy1(C3_0,C1_0), skip1(C1_0,C2_0), mk_lowercase(C2_0,C4_0), copy1(C4_0,B).
(r208) p129(A,B) :- copy1(A,C0_0-1), copy1(C0_0-1,C0_0), skip1(C0_0,C1_0-1), copy1(C1_0-1,C), skip1(C,C2_0), copy1(C2_0,C1_0), skip1(C1_0,C3_0), mk_uppercase(C3_0,B).
(r209) p131(A,B) :- mk_uppercase(A,C0_0), mk_lowercase(C0_0,C), copy1(C,C2_0), skip1(C2_0,C3_0-1), mk_lowercase(C3_0-1,C1_0), copy1(C1_0,C3_0), copy1(C3_0,C5_0), copy1(C5_0,B).
(r210) p134(A,B) :- copy1(A,C0_0), copy1(C0_0,C), copy1(C,C2_0), skip1(C2_0,C3_0-1), skip1(C3_0-1,C4_0), copy1(C4_0,C1_0), copy1(C1_0,C3_0), copy1(C3_0,B).
(r211) p135(A,B) :- mk_uppercase(A,C0_0), copy1(C0_0,C1_0-2), copy1(C1_0-2,C1_0-1), copy1(C1_0-1,C2_0), copy1(C2_0,C), copy1(C,C1_0), copy1(C1_0,C3_0), copy1(C3_0,B).
(r212) p149(A,B) :- copy1(A,C0_0), mk_lowercase(C0_0,C), copy1(C,C2_0), copy1(C2_0,C3_0-1), mk_uppercase(C3_0-1,C1_0), mk_uppercase(C1_0,C3_0), skip1(C3_0,C5_0), copy1(C5_0,B).
(r213) p152(A,B) :- skip1(A,C0_0-1), copy1(C0_0-1,C0_0), copy1(C0_0,C2_0), copy1(C2_0,C1_0-1), copy1(C1_0-1,C3_0), mk_lowercase(C3_0,C), skip1(C,C1_0), copy1(C1_0,B).
(r214) p155(A,B) :- skip1(A,C0_0-1), copy1(C0_0-1,C0_0), copy1(C0_0,C2_0), copy1(C2_0,C1_0-1), copy1(C1_0-1,C3_0), copy1(C3_0,C), copy1(C,C1_0), copy1(C1_0,B).
(r215) p157(A,B) :- copy1(A,C0_0), skip1(C0_0,C1_0-1), mk_uppercase(C1_0-1,C), copy1(C,C2_0), copy1(C2_0,C1_0), skip1(C1_0,C3_0), mk_uppercase(C3_0,C6_0), mk_lowercase(C6_0,B).
(r216) p174(A,B) :- skip1(A,C0_0), copy1(C0_0,C), copy1(C,C2_0), skip1(C2_0,C3_0-1), skip1(C3_0-1,C4_0), copy1(C4_0,C1_0), copy1(C1_0,C3_0), copy1(C3_0,B).
(r217) p216(A,B) :- copy1(A,C0_0-1), copy1(C0_0-1,C0_0), skip1(C0_0,C1_0-1), copy1(C1_0-1,C3_0-1), copy1(C3_0-1,C), skip1(C,C1_0), copy1(C1_0,C3_0), copy1(C3_0,B).
(r218) p218(A,B) :- mk_uppercase(A,C), skip1(C,C1_0-2), mk_lowercase(C1_0-2,C1_0-1), skip1(C1_0-1,C2_0-1), skip1(C2_0-1,C4_0), copy1(C4_0,C1_0), copy1(C1_0,C2_0), copy1(C2_0,B).
(r219) p223(A,B) :- skip1(A,C), skip1(C,C1_0-1), skip1(C1_0-1,C2_0-1), copy1(C2_0-1,C3_0), copy1(C3_0,C1_0), skip1(C1_0,C2_0), skip1(C2_0,C4_0), copy1(C4_0,B).
(r220) p226(A,B) :- copy1(A,C0_0), copy1(C0_0,C), mk_lowercase(C,C2_0), skip1(C2_0,C3_0-1), copy1(C3_0-1,C3_0), skip1(C3_0,C4_0), mk_lowercase(C4_0,C1_0), mk_lowercase(C1_0,B).
(r221) p235(A,B) :- copy1(A,C), skip1(C,C1_0-2), copy1(C1_0-2,C1_0-1), skip1(C1_0-1,C2_0-1), copy1(C2_0-1,C1_0), skip1(C1_0,C2_0), copy1(C2_0,C4_0), mk_lowercase(C4_0,B).
(r222) p238(A,B) :- skip1(A,C0_0), copy1(C0_0,C1_0-1), mk_lowercase(C1_0-1,C), skip1(C,C2_0), copy1(C2_0,C1_0), skip1(C1_0,C3_0), skip1(C3_0,C6_0), copy1(C6_0,B).
(r223) p272(A,B) :- mk_lowercase(A,C), copy1(C,C1_0-1), skip1(C1_0-1,C2_0-1), skip1(C2_0-1,C3_0), copy1(C3_0,C1_0), skip1(C1_0,C2_0), copy1(C2_0,C4_0), mk_uppercase(C4_0,B).
(r224) p277(A,B) :- copy1(A,C0_0), skip1(C0_0,C1_0-1), mk_lowercase(C1_0-1,C), skip1(C,C1_0), skip1(C1_0,C4_0), copy1(C4_0,C3_0), skip1(C3_0,C5_0), copy1(C5_0,B).
(r225) p301(A,B) :- copy1(A,C), mk_lowercase(C,C1_0-1), copy1(C1_0-1,C2_0-1), copy1(C2_0-1,C1_0), skip1(C1_0,C3_0), copy1(C3_0,C2_0), skip1(C2_0,C4_0), copy1(C4_0,B).
(r226) p306(A,B) :- copy1(A,C0_0), copy1(C0_0,C), skip1(C,C2_0), skip1(C2_0,C3_0-1), copy1(C3_0-1,C4_0), mk_uppercase(C4_0,C1_0), skip1(C1_0,C3_0), mk_lowercase(C3_0,B).
(r227) p311(A,B) :- mk_lowercase(A,C0_0), copy1(C0_0,C), copy1(C,C2_0), mk_lowercase(C2_0,C1_0), skip1(C1_0,C3_0), skip1(C3_0,C5_0), copy1(C5_0,C6_0), mk_uppercase(C6_0,B).
(r228) p315(A,B) :- skip1(A,C0_0-1), copy1(C0_0-1,C0_0), skip1(C0_0,C1_0-1), mk_uppercase(C1_0-1,C), skip1(C,C2_0), copy1(C2_0,C1_0), copy1(C1_0,C3_0), copy1(C3_0,B).
(r229) p346(A,B) :- skip1(A,C0_0), mk_uppercase(C0_0,C), copy1(C,C2_0), mk_uppercase(C2_0,C1_0), skip1(C1_0,C4_0), copy1(C4_0,C3_0), copy1(C3_0,C5_0), copy1(C5_0,B).
(r230) p348(A,B) :- copy1(A,C0_0-1), copy1(C0_0-1,C0_0), copy1(C0_0,C1_0-1), mk_uppercase(C1_0-1,C), mk_uppercase(C,C2_0), mk_uppercase(C2_0,C1_0), copy1(C1_0,C3_0), copy1(C3_0,B).
(r231) p364(A,B) :- skip1(A,C0_0), skip1(C0_0,C1_0-1), copy1(C1_0-1,C2_0), copy1(C2_0,C), copy1(C,C1_0), skip1(C1_0,C3_0), copy1(C3_0,C5_0), mk_uppercase(C5_0,B).
(r232) p370(A,B) :- copy1(A,C), skip1(C,C1_0-1), skip1(C1_0-1,C2_0-1), copy1(C2_0-1,C3_0), mk_lowercase(C3_0,C1_0), skip1(C1_0,C2_0), skip1(C2_0,C4_0), mk_uppercase(C4_0,B).
(r233) p390(A,B) :- skip1(A,C), copy1(C,C1_0-1), skip1(C1_0-1,C2_0-1), copy1(C2_0-1,C3_0), mk_lowercase(C3_0,C1_0), skip1(C1_0,C2_0), copy1(C2_0,C4_0), mk_uppercase(C4_0,B).
(r234) p31(A,B) :- copy1(A,C0_0), mk_lowercase(C0_0,C), skip1(C,C2_0), skip1(C2_0,C3_0-1), skip1(C3_0-1,C4_0), copy1(C4_0,C1_0), skip1(C1_0,C3_0), mk_lowercase(C3_0,B).
(r235) p217(A,B) :- copy1(A,C0_0), skip1(C0_0,C1_0-1), skip1(C1_0-1,C2_0-1), copy1(C2_0-1,C), copy1(C,C3_0-1), copy1(C3_0-1,C2_0), copy1(C2_0,C4_0), mk_lowercase(C4_0,C1_0), copy1(C1_0,C3_0), copy1(C3_0,C6_0), mk_uppercase(C6_0,B).
(r236) p164(A,B) :- mk_uppercase(A,B), is_uppercase(B).
(r237) p164(A,B) :- skip1(A,C), p164(C,B).
(r238) p189(A,B) :- skip1(A,C0_0), skip1(C0_0,C1_0-1), mk_lowercase(C1_0-1,C), skip1(C,C1_0), copy1(C1_0,B).
(r239) p189(A,B) :- skip1(A,C), p189(C,B).
====================
MaxSAT solving... (53747 vars, 147177 hard, 4873 soft)
number of rules: 241
program size: 738
(inv1) inv1(X1,X2,X3,X4,X5,X6,X7,X8,X9,X10,X11,X12,X13,X14,X15,X16,X17,X18,X19,X20,X21,X22,X23,X24,X25,X26,X27,X28,X29,X30) :- skip1(X1,X2), skip1(X3,X4), skip1(X5,X6), skip1(X7,X8), skip1(X9,X10), mk_lowercase(X11,X12), mk_lowercase(X13,X14), mk_lowercase(X15,X16), copy1(X17,X18), copy1(X19,X20), copy1(X21,X22), copy1(X23,X24), copy1(X25,X26), copy1(X27,X28), copy1(X29,X30).
(inv2) inv2(X1,X2,X3,X4,X5,X6,X7,X8,X9,X10,X11,X12,X13,X14,X15,X16,X17,X18,X19,X20,X21,X22,X23,X24,X25,X26) :- skip1(X1,X2), skip1(X3,X4), skip1(X5,X6), skip1(X7,X8), skip1(X9,X10), skip1(X11,X12), copy1(X13,X14), copy1(X15,X16), copy1(X17,X18), copy1(X19,X20), copy1(X21,X22), copy1(X23,X24), copy1(X25,X26).
(r1) p7(A,B) :- not_empty(A), copy1(A,B).
(r2) p8(A,B) :- not_empty(A), mk_uppercase(A,B).
(r3) p12(A,B) :- not_empty(A), mk_lowercase(A,B).
(r4) p13(A,B) :- skip1(A,C), mk_uppercase(C,B).
(r5) p16(A,B) :- mk_lowercase(A,C), copy1(C,B).
(r6) p21(A,B) :- not_empty(A), skip1(A,B).
(r7) p42(A,B) :- copy1(A,C), mk_uppercase(C,B).
(r8) p51(A,B) :- copy1(A,C), copy1(C,B).
(r9) p60(A,B) :- mk_uppercase(A,C), mk_uppercase(C,B).
(r10) p78(A,B) :- mk_lowercase(A,C), mk_lowercase(C,B).
(r11) p125(A,B) :- mk_uppercase(A,C), copy1(C,B).
(r12) p127(A,B) :- skip1(A,C), mk_lowercase(C,B).
(r13) p194(A,B) :- inv2(A,C,A,C,A,C,A,C,A,C,A,C,C,B,C,B,C,B,C,B,C,B,C,B,C,B).
(r14) p206(A,B) :- copy1(A,C), mk_lowercase(C,B).
(r15) p285(A,B) :- mk_lowercase(A,C), mk_uppercase(C,B).
(r16) p286(A,B) :- mk_uppercase(A,C), mk_lowercase(C,B).
(r17) p2(A,B) :- inv2(C,C1_0,C,C1_0,C,C1_0,C,C1_0,C,C1_0,C,C1_0,C0_0,C,C1_0,C3_0,C3_0,B,C0_0,C,C0_0,C,C0_0,C,C0_0,C), mk_uppercase(A,C0_0).
(r18) p17(A,B) :- inv1(C,C1_0,C,C1_0,C,C1_0,C,C1_0,C,C1_0,C0_0,C,C1_0,C3_0,C0_0,C,A,C0_0,C3_0,B,A,C0_0,A,C0_0,A,C0_0,A,C0_0,A,C0_0).
(r19) p64(A,B) :- inv1(C,C1_0,C,C1_0,C,C1_0,C,C1_0,C,C1_0,C1_0,C3_0,C1_0,C3_0,C1_0,C3_0,A,C0_0,C0_0,C,A,C0_0,A,C0_0,A,C0_0,A,C0_0,A,C0_0), mk_uppercase(C3_0,B).
(r20) p83(A,B) :- inv1(C,C1_0-1,C,C1_0-1,C,C1_0-1,C,C1_0-1,C,C1_0-1,A,C,C1_0,C2_0,A,C,C1_0-1,C1_0,C1_0-1,C1_0,C1_0-1,C1_0,C1_0-1,C1_0,C1_0-1,C1_0,C1_0-1,C1_0,C1_0-1,C1_0), mk_uppercase(C2_0,B).
(r21) p90(A,B) :- inv2(A,C,C,C1_0-1,C1_0,C2_0,A,C,A,C,A,C,C2_0,B,C2_0,B,C2_0,B,C2_0,B,C2_0,B,C2_0,B,C2_0,B), mk_uppercase(C1_0-1,C1_0).
(r22) p94(A,B) :- inv1(C1_0,C2_0,C1_0,C2_0,C1_0,C2_0,C1_0,C2_0,C1_0,C2_0,A,C,C1_0-1,C1_0,A,C,C,C1_0-1,C,C1_0-1,C,C1_0-1,C,C1_0-1,C,C1_0-1,C,C1_0-1,C,C1_0-1), mk_uppercase(C2_0,B).
(r23) p120(A,B) :- inv2(C,C1_0-1,C1_0,C2_0,C,C1_0-1,C,C1_0-1,C,C1_0-1,C,C1_0-1,C1_0-1,C1_0,C2_0,B,C1_0-1,C1_0,C1_0-1,C1_0,C1_0-1,C1_0,C1_0-1,C1_0,C1_0-1,C1_0), mk_uppercase(A,C).
(r24) p122(A,B) :- inv1(C,C1_0-1,C1_0,C2_0,C,C1_0-1,C,C1_0-1,C,C1_0-1,A,C,C2_0,B,A,C,C1_0-1,C1_0,C1_0-1,C1_0,C1_0-1,C1_0,C1_0-1,C1_0,C1_0-1,C1_0,C1_0-1,C1_0,C1_0-1,C1_0).
(r25) p126(A,B) :- inv2(C,C1_0-1,C,C1_0-1,C,C1_0-1,C,C1_0-1,C,C1_0-1,C,C1_0-1,A,C,C1_0-1,C1_0,C1_0,C2_0,C2_0,B,A,C,A,C,A,C).
(r26) p148(A,B) :- inv2(C,C1_0-1,C,C1_0-1,C,C1_0-1,C,C1_0-1,C,C1_0-1,C,C1_0-1,A,C,C1_0-1,C1_0,C2_0,B,A,C,A,C,A,C,A,C), mk_uppercase(C1_0,C2_0).
(r27) p150(A,B) :- inv2(A,C,C,C1_0-1,C1_0,C2_0,A,C,A,C,A,C,C1_0-1,C1_0,C2_0,B,C1_0-1,C1_0,C1_0-1,C1_0,C1_0-1,C1_0,C1_0-1,C1_0,C1_0-1,C1_0).
(r28) p156(A,B) :- inv2(A,C,A,C,A,C,A,C,A,C,A,C,C,C1_0-1,C1_0-1,C1_0,C1_0,C2_0,C2_0,B,C,C1_0-1,C,C1_0-1,C,C1_0-1).
(r29) p169(A,B) :- inv1(C,C1_0,C,C1_0,C,C1_0,C,C1_0,C,C1_0,C1_0,C3_0,C3_0,B,C1_0,C3_0,A,C0_0,A,C0_0,A,C0_0,A,C0_0,A,C0_0,A,C0_0,A,C0_0), mk_uppercase(C0_0,C).
(r30) p202(A,B) :- inv1(A,C0_0,C,C1_0,C1_0,C3_0,A,C0_0,A,C0_0,C0_0,C,C0_0,C,C0_0,C,C3_0,B,C3_0,B,C3_0,B,C3_0,B,C3_0,B,C3_0,B,C3_0,B).
(r31) p205(A,B) :- inv1(C,C1_0,C1_0,C3_0,C,C1_0,C,C1_0,C,C1_0,C3_0,B,C3_0,B,C3_0,B,A,C0_0,C0_0,C,A,C0_0,A,C0_0,A,C0_0,A,C0_0,A,C0_0).
(r32) p220(A,B) :- inv2(A,C0_0,C,C1_0,A,C0_0,A,C0_0,A,C0_0,A,C0_0,C0_0,C,C1_0,C3_0,C3_0,B,C0_0,C,C0_0,C,C0_0,C,C0_0,C).
(r33) p244(A,B) :- inv1(C,C1_0,C,C1_0,C,C1_0,C,C1_0,C,C1_0,C3_0,B,C3_0,B,C3_0,B,A,C0_0,C0_0,C,A,C0_0,A,C0_0,A,C0_0,A,C0_0,A,C0_0), mk_uppercase(C1_0,C3_0).
(r34) p261(A,B) :- mk_uppercase(A,C), copy1(C,C1_0-1), copy1(C1_0-1,C1_0), copy1(C1_0,C2_0), copy1(C2_0,B).
(r35) p270(A,B) :- inv2(A,C0_0,C,C1_0,A,C0_0,A,C0_0,A,C0_0,A,C0_0,C1_0,C3_0,C3_0,B,C1_0,C3_0,C1_0,C3_0,C1_0,C3_0,C1_0,C3_0,C1_0,C3_0), mk_uppercase(C0_0,C).
(r36) p304(A,B) :- inv2(A,C0_0,C,C1_0,C1_0,C3_0,A,C0_0,A,C0_0,A,C0_0,C0_0,C,C0_0,C,C0_0,C,C0_0,C,C0_0,C,C0_0,C,C0_0,C), mk_uppercase(C3_0,B).
(r37) p352(A,B) :- inv1(A,C,C,C1_0-1,A,C,A,C,A,C,C2_0,B,C2_0,B,C2_0,B,C1_0-1,C1_0,C1_0,C2_0,C1_0-1,C1_0,C1_0-1,C1_0,C1_0-1,C1_0,C1_0-1,C1_0,C1_0-1,C1_0).
(r38) p359(A,B) :- copy1(A,C), copy1(C,C1_0-1), mk_uppercase(C1_0-1,C1_0), copy1(C1_0,C2_0), copy1(C2_0,B).
(r39) p11(A,B) :- inv1(C,C1_0,C1_0,C2_0,C,C1_0,C,C1_0,C,C1_0,C2_0,C3_0,C2_0,C3_0,C2_0,C3_0,A,C,C3_0,B,A,C,A,C,A,C,A,C,A,C).
(r40) p182(A,B) :- inv2(C,C1_0,C1_0,C2_0,C,C1_0,C,C1_0,C,C1_0,C,C1_0,A,C,C2_0,C3_0,C3_0,B,A,C,A,C,A,C,A,C).
(r41) p186(A,B) :- inv2(A,C,C,C1_0,C1_0,C2_0,A,C,A,C,A,C,C2_0,C3_0,C3_0,B,C2_0,C3_0,C2_0,C3_0,C2_0,C3_0,C2_0,C3_0,C2_0,C3_0).
(r42) p344(A,B) :- inv1(C,C1_0,C1_0,C2_0,C,C1_0,C,C1_0,C,C1_0,C3_0,B,C3_0,B,C3_0,B,A,C,C2_0,C3_0,A,C,A,C,A,C,A,C,A,C).
(r43) p10(A,B) :- inv2(A,C0_0,C,C1_0,A,C0_0,A,C0_0,A,C0_0,A,C0_0,C0_0,C,C1_0,B,C0_0,C,C0_0,C,C0_0,C,C0_0,C,C0_0,C).
(r44) p20(A,B) :- mk_lowercase(A,C0_0), copy1(C0_0,C), copy1(C,C1_0), copy1(C1_0,B).
(r45) p41(A,B) :- inv2(A,C0_0,A,C0_0,A,C0_0,A,C0_0,A,C0_0,A,C0_0,C0_0,C,C,C1_0,C0_0,C,C0_0,C,C0_0,C,C0_0,C,C0_0,C), mk_uppercase(C1_0,B).
(r46) p63(A,B) :- inv1(C,C1_0,C,C1_0,C,C1_0,C,C1_0,C,C1_0,C2_0,B,C2_0,B,C2_0,B,A,C,C1_0,C2_0,A,C,A,C,A,C,A,C,A,C).
(r47) p71(A,B) :- mk_uppercase(A,C0_0), mk_lowercase(C0_0,C), mk_lowercase(C,C1_0), mk_lowercase(C1_0,B).
(r48) p79(A,B) :- inv2(A,C,C,C1_0,A,C,A,C,A,C,A,C,C1_0,C2_0,C2_0,B,C1_0,C2_0,C1_0,C2_0,C1_0,C2_0,C1_0,C2_0,C1_0,C2_0).
(r49) p84(A,B) :- inv2(A,C0_0,C,C1_0,A,C0_0,A,C0_0,A,C0_0,A,C0_0,C0_0,C,C1_0,B,C0_0,C,C0_0,C,C0_0,C,C0_0,C,C0_0,C).
(r50) p95(A,B) :- inv2(C,C1_0,C,C1_0,C,C1_0,C,C1_0,C,C1_0,C,C1_0,A,C0_0,C0_0,C,C1_0,B,A,C0_0,A,C0_0,A,C0_0,A,C0_0).
(r51) p99(A,B) :- inv1(A,C0_0,A,C0_0,A,C0_0,A,C0_0,A,C0_0,C1_0,B,C1_0,B,C1_0,B,C,C1_0,C,C1_0,C,C1_0,C,C1_0,C,C1_0,C,C1_0,C,C1_0), mk_uppercase(C0_0,C).
(r52) p101(A,B) :- copy1(A,C0_0), mk_lowercase(C0_0,C), mk_lowercase(C,C1_0), copy1(C1_0,B).
(r53) p161(A,B) :- copy1(A,C0_0), copy1(C0_0,C), copy1(C,C1_0), mk_uppercase(C1_0,B).
(r54) p168(A,B) :- inv2(C,C1_0,C,C1_0,C,C1_0,C,C1_0,C,C1_0,C,C1_0,A,C0_0,C0_0,C,C1_0,B,A,C0_0,A,C0_0,A,C0_0,A,C0_0).
(r55) p170(A,B) :- inv2(C,C1_0,C,C1_0,C,C1_0,C,C1_0,C,C1_0,C,C1_0,A,C0_0,C1_0,B,A,C0_0,A,C0_0,A,C0_0,A,C0_0,A,C0_0), mk_uppercase(C0_0,C).
(r56) p211(A,B) :- copy1(A,C0_0), copy1(C0_0,C), copy1(C,C1_0), mk_uppercase(C1_0,B).
(r57) p213(A,B) :- inv1(A,C0_0,A,C0_0,A,C0_0,A,C0_0,A,C0_0,C,C1_0,C,C1_0,C,C1_0,C0_0,C,C1_0,B,C0_0,C,C0_0,C,C0_0,C,C0_0,C,C0_0,C).
(r58) p221(A,B) :- copy1(A,C0_0), copy1(C0_0,C), copy1(C,C1_0), copy1(C1_0,B).
(r59) p228(A,B) :- inv1(A,C0_0,C,C1_0,A,C0_0,A,C0_0,A,C0_0,C1_0,B,C1_0,B,C1_0,B,C0_0,C,C0_0,C,C0_0,C,C0_0,C,C0_0,C,C0_0,C,C0_0,C).
(r60) p234(A,B) :- inv2(A,C,C,C1_0,A,C,A,C,A,C,A,C,C1_0,C2_0,C1_0,C2_0,C1_0,C2_0,C1_0,C2_0,C1_0,C2_0,C1_0,C2_0,C1_0,C2_0), mk_uppercase(C2_0,B).
(r61) p250(A,B) :- inv2(C,C1_0,C,C1_0,C,C1_0,C,C1_0,C,C1_0,C,C1_0,C1_0,C2_0,C2_0,B,C1_0,C2_0,C1_0,C2_0,C1_0,C2_0,C1_0,C2_0,C1_0,C2_0), mk_uppercase(A,C).
(r62) p254(A,B) :- inv2(A,C0_0,C,C1_0,A,C0_0,A,C0_0,A,C0_0,A,C0_0,C0_0,C,C1_0,B,C0_0,C,C0_0,C,C0_0,C,C0_0,C,C0_0,C).
(r63) p283(A,B) :- inv1(A,C,C,C1_0,A,C,A,C,A,C,C2_0,B,C2_0,B,C2_0,B,C1_0,C2_0,C1_0,C2_0,C1_0,C2_0,C1_0,C2_0,C1_0,C2_0,C1_0,C2_0,C1_0,C2_0).
(r64) p329(A,B) :- inv2(C,C1_0,C1_0,C2_0,C,C1_0,C,C1_0,C,C1_0,C,C1_0,A,C,C2_0,B,A,C,A,C,A,C,A,C,A,C).
(r65) p339(A,B) :- skip1(A,C), skip1(C,C1_0), skip1(C1_0,C2_0), mk_lowercase(C2_0,B).
(r66) p368(A,B) :- inv2(C,C1_0,C,C1_0,C,C1_0,C,C1_0,C,C1_0,C,C1_0,A,C,C1_0,C2_0,A,C,A,C,A,C,A,C,A,C), mk_uppercase(C2_0,B).
(r67) p378(A,B) :- mk_lowercase(A,C0_0), copy1(C0_0,C), mk_uppercase(C,C1_0), copy1(C1_0,B).
(r68) p380(A,B) :- inv1(C,C1_0,C,C1_0,C,C1_0,C,C1_0,C,C1_0,C1_0,C2_0,C2_0,B,C1_0,C2_0,A,C,A,C,A,C,A,C,A,C,A,C,A,C).
(r69) p14(A,B) :- mk_lowercase(A,C), copy1(C,C1_0), copy1(C1_0,B).
(r70) p28(A,B) :- inv2(A,C,A,C,A,C,A,C,A,C,A,C,C,C1_0,C1_0,B,C,C1_0,C,C1_0,C,C1_0,C,C1_0,C,C1_0).
(r71) p32(A,B) :- copy1(A,C), mk_uppercase(C,C1_0), copy1(C1_0,B).
(r72) p55(A,B) :- copy1(A,C), mk_lowercase(C,C1_0), copy1(C1_0,B).
(r73) p65(A,B) :- mk_uppercase(A,C), mk_uppercase(C,C1_0), mk_lowercase(C1_0,B).
(r74) p69(A,B) :- copy1(A,C), copy1(C,C1_0), mk_uppercase(C1_0,B).
(r75) p100(A,B) :- copy1(A,C), mk_lowercase(C,C1_0), mk_uppercase(C1_0,B).
(r76) p103(A,B) :- skip1(A,C), skip1(C,C1_0), mk_uppercase(C1_0,B).
(r77) p109(A,B) :- inv2(A,C,C,C1_0,A,C,A,C,A,C,A,C,C1_0,B,C1_0,B,C1_0,B,C1_0,B,C1_0,B,C1_0,B,C1_0,B).
(r78) p118(A,B) :- inv2(A,C,A,C,A,C,A,C,A,C,A,C,C,C1_0,C,C1_0,C,C1_0,C,C1_0,C,C1_0,C,C1_0,C,C1_0), mk_uppercase(C1_0,B).
(r79) p137(A,B) :- inv2(C,C1_0,C,C1_0,C,C1_0,C,C1_0,C,C1_0,C,C1_0,C1_0,B,C1_0,B,C1_0,B,C1_0,B,C1_0,B,C1_0,B,C1_0,B), mk_uppercase(A,C).
(r80) p139(A,B) :- copy1(A,C), copy1(C,C1_0), copy1(C1_0,B).
(r81) p187(A,B) :- inv2(C,C1_0,C,C1_0,C,C1_0,C,C1_0,C,C1_0,C,C1_0,A,C,A,C,A,C,A,C,A,C,A,C,A,C), mk_uppercase(C1_0,B).
(r82) p201(A,B) :- inv2(C,C1_0,C,C1_0,C,C1_0,C,C1_0,C,C1_0,C,C1_0,A,C,C1_0,B,A,C,A,C,A,C,A,C,A,C).
(r83) p246(A,B) :- skip1(A,C), mk_uppercase(C,C1_0), mk_uppercase(C1_0,B).
(r84) p302(A,B) :- copy1(A,C), mk_uppercase(C,C1_0), mk_uppercase(C1_0,B).
(r85) p324(A,B) :- copy1(A,C), mk_lowercase(C,C1_0), mk_lowercase(C1_0,B).
(r86) p342(A,B) :- inv1(A,C,A,C,A,C,A,C,A,C,C1_0,B,C1_0,B,C1_0,B,C,C1_0,C,C1_0,C,C1_0,C,C1_0,C,C1_0,C,C1_0,C,C1_0).
(r87) p350(A,B) :- skip1(A,C), skip1(C,C1_0), mk_lowercase(C1_0,B).
(r88) p351(A,B) :- inv1(C,C1_0,C,C1_0,C,C1_0,C,C1_0,C,C1_0,C1_0,B,C1_0,B,C1_0,B,A,C,A,C,A,C,A,C,A,C,A,C,A,C).
(r89) p15(A,B) :- inv1(A,C0_0,C1_0,C3_0,A,C0_0,A,C0_0,A,C0_0,C0_0,C,C,C2_0,C0_0,C,C3_0,B,C3_0,B,C3_0,B,C3_0,B,C3_0,B,C3_0,B,C3_0,B), mk_uppercase(C2_0,C1_0).
(r90) p22(A,B) :- inv1(A,C0_0,C,C2_0,A,C0_0,A,C0_0,A,C0_0,C2_0,C1_0,C2_0,C1_0,C2_0,C1_0,C0_0,C,C1_0,C3_0,C3_0,B,C0_0,C,C0_0,C,C0_0,C,C0_0,C).
(r91) p44(A,B) :- inv1(A,C0_0,C1_0,C3_0,A,C0_0,A,C0_0,A,C0_0,C0_0,C,C2_0,C1_0,C0_0,C,C3_0,B,C3_0,B,C3_0,B,C3_0,B,C3_0,B,C3_0,B,C3_0,B), mk_uppercase(C,C2_0).
(r92) p47(A,B) :- copy1(A,C0_0), copy1(C0_0,C), copy1(C,C2_0), copy1(C2_0,C1_0), copy1(C1_0,C3_0), mk_lowercase(C3_0,B).
(r93) p67(A,B) :- inv2(A,C0_0,A,C0_0,A,C0_0,A,C0_0,A,C0_0,A,C0_0,C0_0,C,C,C2_0,C2_0,C1_0,C1_0,C3_0,C3_0,B,C0_0,C,C0_0,C).
(r94) p76(A,B) :- inv1(C,C2_0,C,C2_0,C,C2_0,C,C2_0,C,C2_0,C2_0,C1_0,C2_0,C1_0,C2_0,C1_0,C0_0,C,C1_0,C3_0,C3_0,B,C0_0,C,C0_0,C,C0_0,C,C0_0,C), mk_uppercase(A,C0_0).
(r95) p77(A,B) :- copy1(A,C0_0), copy1(C0_0,C), mk_lowercase(C,C2_0), copy1(C2_0,C1_0), copy1(C1_0,C3_0), copy1(C3_0,B).
(r96) p191(A,B) :- inv2(A,C0_0,C,C2_0,A,C0_0,A,C0_0,A,C0_0,A,C0_0,C0_0,C,C0_0,C,C0_0,C,C0_0,C,C0_0,C,C0_0,C,C0_0,C), mk_uppercase(C2_0,C1_0), mk_uppercase(C1_0,C3_0), mk_uppercase(C3_0,B).
(r97) p299(A,B) :- inv1(A,C0_0,A,C0_0,A,C0_0,A,C0_0,A,C0_0,C3_0,B,C3_0,B,C3_0,B,C0_0,C,C,C2_0,C2_0,C1_0,C1_0,C3_0,C0_0,C,C0_0,C,C0_0,C).
(r98) p310(A,B) :- inv2(C,C2_0,C,C2_0,C,C2_0,C,C2_0,C,C2_0,C,C2_0,A,C0_0,C2_0,C1_0,C1_0,C3_0,C3_0,B,A,C0_0,A,C0_0,A,C0_0), mk_uppercase(C0_0,C).
(r99) p355(A,B) :- inv2(A,C0_0,C0_0,C1_0-1,C,C1_0,C1_0,C3_0,A,C0_0,A,C0_0,C1_0-1,C,C3_0,B,C1_0-1,C,C1_0-1,C,C1_0-1,C,C1_0-1,C,C1_0-1,C).
(r100) p1(A,B) :- inv2(A,C0_0,C0_0,C1_0-1,A,C0_0,A,C0_0,A,C0_0,A,C0_0,C,C1_0,C1_0,C3_0,C3_0,B,C,C1_0,C,C1_0,C,C1_0,C,C1_0), mk_uppercase(C1_0-1,C).
(r101) p9(A,B) :- inv1(C,C1_0,C1_0,C3_0,C3_0,C4_0,C,C1_0,C,C1_0,A,C0_0,A,C0_0,A,C0_0,C0_0,C,C4_0,B,C0_0,C,C0_0,C,C0_0,C,C0_0,C,C0_0,C).
(r102) p30(A,B) :- inv2(C,C1_0,C1_0,C2_0-1,C2_0,C3_0,C,C1_0,C,C1_0,C,C1_0,C3_0,B,C3_0,B,C3_0,B,C3_0,B,C3_0,B,C3_0,B,C3_0,B), mk_uppercase(A,C), mk_uppercase(C2_0-1,C2_0).
(r103) p35(A,B) :- inv2(C0_0,C1_0-1,C1_0-1,C2_0,C0_0,C1_0-1,C0_0,C1_0-1,C0_0,C1_0-1,C0_0,C1_0-1,A,C0_0,C2_0,C,C,C1_0,C1_0,B,A,C0_0,A,C0_0,A,C0_0).
(r104) p36(A,B) :- inv1(C0_0,C1_0-1,C1_0,C3_0,C0_0,C1_0-1,C0_0,C1_0-1,C0_0,C1_0-1,C3_0,B,C3_0,B,C3_0,B,A,C0_0,C1_0-1,C,C,C1_0,A,C0_0,A,C0_0,A,C0_0,A,C0_0).
(r105) p54(A,B) :- inv1(A,C0_0,C,C1_0,A,C0_0,A,C0_0,A,C0_0,C0_0,C1_0-1,C1_0-1,C,C3_0,B,C1_0,C3_0,C1_0,C3_0,C1_0,C3_0,C1_0,C3_0,C1_0,C3_0,C1_0,C3_0,C1_0,C3_0).
(r106) p87(A,B) :- inv1(C0_0,C1_0-1,C,C1_0,C1_0,C3_0,C0_0,C1_0-1,C0_0,C1_0-1,C3_0,B,C3_0,B,C3_0,B,A,C0_0,C1_0-1,C,A,C0_0,A,C0_0,A,C0_0,A,C0_0,A,C0_0).
(r107) p144(A,B) :- inv2(C,C1_0,C1_0,C2_0-1,C2_0,C3_0,C,C1_0,C,C1_0,C,C1_0,A,C,C3_0,B,A,C,A,C,A,C,A,C,A,C), mk_uppercase(C2_0-1,C2_0).
(r108) p147(A,B) :- inv1(C1_0,C2_0,C1_0,C2_0,C1_0,C2_0,C1_0,C2_0,C1_0,C2_0,C,C1_0-1,C,C1_0-1,C,C1_0-1,C1_0-1,C1_0,C2_0,C4_0,C4_0,B,C1_0-1,C1_0,C1_0-1,C1_0,C1_0-1,C1_0,C1_0-1,C1_0), mk_uppercase(A,C).
(r109) p171(A,B) :- inv2(A,C,C,C1_0,C1_0,C2_0-1,A,C,A,C,A,C,C2_0-1,C2_0,C2_0,C3_0,C3_0,B,C2_0-1,C2_0,C2_0-1,C2_0,C2_0-1,C2_0,C2_0-1,C2_0).
(r110) p193(A,B) :- inv1(C0_0,C1_0-1,C,C1_0,C0_0,C1_0-1,C0_0,C1_0-1,C0_0,C1_0-1,C1_0,C3_0,C1_0,C3_0,C1_0,C3_0,A,C0_0,A,C0_0,A,C0_0,A,C0_0,A,C0_0,A,C0_0,A,C0_0), mk_uppercase(C1_0-1,C), mk_uppercase(C3_0,B).
(r111) p231(A,B) :- inv2(A,C0_0,C,C1_0,C1_0,C3_0,C3_0,C4_0,A,C0_0,A,C0_0,C4_0,B,C4_0,B,C4_0,B,C4_0,B,C4_0,B,C4_0,B,C4_0,B), mk_uppercase(C0_0,C).
(r112) p280(A,B) :- inv1(A,C0_0,C,C1_0,C1_0,C3_0,A,C0_0,A,C0_0,C3_0,C4_0,C3_0,C4_0,C3_0,C4_0,C0_0,C,C0_0,C,C0_0,C,C0_0,C,C0_0,C,C0_0,C,C0_0,C), mk_uppercase(C4_0,B).
(r113) p303(A,B) :- inv2(C,C1_0,C,C1_0,C,C1_0,C,C1_0,C,C1_0,C,C1_0,C1_0,C2_0-1,C2_0-1,C2_0,C2_0,C3_0,C3_0,B,C1_0,C2_0-1,C1_0,C2_0-1,C1_0,C2_0-1), mk_uppercase(A,C).
(r114) p393(A,B) :- inv1(C2_0,C3_0,C2_0,C3_0,C2_0,C3_0,C2_0,C3_0,C2_0,C3_0,C,C1_0,C,C1_0,C,C1_0,C1_0,C2_0-1,C3_0,B,C1_0,C2_0-1,C1_0,C2_0-1,C1_0,C2_0-1,C1_0,C2_0-1,C1_0,C2_0-1), p164(A,C), mk_uppercase(C2_0-1,C2_0).
(r115) p398(A,B) :- inv1(A,C0_0,C0_0,C1_0-1,A,C0_0,A,C0_0,A,C0_0,C1_0-1,C2_0,C1_0-1,C2_0,C1_0-1,C2_0,C2_0,C,C,C1_0,C2_0,C,C2_0,C,C2_0,C,C2_0,C,C2_0,C), mk_uppercase(C1_0,B).
(r116) p399(A,B) :- inv1(C,C1_0-1,C,C1_0-1,C,C1_0-1,C,C1_0-1,C,C1_0-1,C1_0-1,C2_0-1,C1_0,C2_0,C1_0-1,C2_0-1,A,C,C2_0,B,A,C,A,C,A,C,A,C,A,C), mk_uppercase(C2_0-1,C1_0).
(r117) p188(A,B) :- inv2(C,C1_0,C1_0,C2_0,C2_0,C3_0,C3_0,C4_0,C,C1_0,C,C1_0,A,C,C4_0,B,A,C,A,C,A,C,A,C,A,C).
(r118) p4(A,B) :- inv2(C2_0,C3_0-1,C3_0-1,C4_0,C2_0,C3_0-1,C2_0,C3_0-1,C2_0,C3_0-1,C2_0,C3_0-1,A,C0_0,C0_0,C,C,C2_0,C4_0,C1_0,C1_0,C3_0,C3_0,C5_0,C5_0,B).
(r119) p5(A,B) :- inv2(C1_0-1,C2_0-1,C1_0-1,C2_0-1,C1_0-1,C2_0-1,C1_0-1,C2_0-1,C1_0-1,C2_0-1,C1_0-1,C2_0-1,A,C,C,C1_0-2,C1_0-2,C1_0-1,C2_0-1,C1_0,C1_0,C3_0,C3_0,C2_0,C2_0,C4_0), mk_uppercase(C4_0,B).
(r120) p29(A,B) :- inv1(A,C,C1_0-1,C2_0-1,C2_0,C4_0,A,C,A,C,C1_0,C3_0,C1_0,C3_0,C1_0,C3_0,C,C1_0-2,C2_0-1,C1_0,C4_0,B,C,C1_0-2,C,C1_0-2,C,C1_0-2,C,C1_0-2), mk_uppercase(C1_0-2,C1_0-1), mk_uppercase(C3_0,C2_0).
(r121) p62(A,B) :- inv1(C1_0,C2_0,C2_0,C4_0,C1_0,C2_0,C1_0,C2_0,C1_0,C2_0,C2_0-1,C1_0,C2_0-1,C1_0,C2_0-1,C1_0,A,C,C,C1_0-2,C1_0-2,C1_0-1,C1_0-1,C2_0-1,C4_0,C7_0,A,C,A,C), mk_uppercase(C7_0,B).
(r122) p75(A,B) :- inv1(C2_0,C3_0-2,C2_0,C3_0-2,C2_0,C3_0-2,C2_0,C3_0-2,C2_0,C3_0-2,C3_0,B,C3_0,B,C3_0,B,A,C0_0,C0_0,C,C,C2_0,C3_0-2,C3_0-1,C4_0,C1_0,C1_0,C3_0,A,C0_0), mk_uppercase(C3_0-1,C4_0).
(r123) p82(A,B) :- inv1(C0_0,C1_0-1,C2_0,C4_0,C1_0,C3_0,C0_0,C1_0-1,C0_0,C1_0-1,C3_0,C6_0,C3_0,C6_0,C3_0,C6_0,C1_0-1,C,C,C2_0,C4_0,C1_0,C6_0,B,C1_0-1,C,C1_0-1,C,C1_0-1,C), mk_uppercase(A,C0_0).
(r124) p97(A,B) :- inv1(A,C,C1_0-1,C2_0-1,A,C,A,C,A,C,C1_0-2,C1_0-1,C1_0-2,C1_0-1,C1_0-2,C1_0-1,C,C1_0-2,C1_0,C3_0,C3_0,C2_0,C2_0,C4_0,C4_0,B,C,C1_0-2,C,C1_0-2), mk_uppercase(C2_0-1,C1_0).
(r125) p115(A,B) :- inv1(A,C0_0-1,C0_0,C1_0-1,C1_0,C3_0,A,C0_0-1,A,C0_0-1,C2_0,C1_0,C2_0,C1_0,C2_0,C1_0,C0_0-1,C0_0,C1_0-1,C3_0-1,C3_0-1,C,C,C2_0,C3_0,B,C0_0-1,C0_0,C0_0-1,C0_0).
(r126) p116(A,B) :- inv1(C3_0,C5_0-1,C3_0,C5_0-1,C3_0,C5_0-1,C3_0,C5_0-1,C3_0,C5_0-1,C,C2_0,C,C2_0,C,C2_0,A,C0_0,C2_0,C1_0,C1_0,C3_0,C5_0-1,C5_0,C5_0,C6_0,C6_0,B,A,C0_0), mk_uppercase(C0_0,C).
(r127) p132(A,B) :- inv1(C1_0-1,C2_0-1,C1_0,C3_0,C2_0,C4_0,C1_0-1,C2_0-1,C1_0-1,C2_0-1,C2_0-1,C1_0,C2_0-1,C1_0,C2_0-1,C1_0,A,C,C,C1_0-1,C3_0,C2_0,C4_0,C7_0,C7_0,B,A,C,A,C).
(r128) p138(A,B) :- inv1(C,C2_0,C1_0,C5_0,C3_0,C6_0,C,C2_0,C,C2_0,C2_0,C1_0,C2_0,C1_0,C2_0,C1_0,A,C0_0,C0_0,C1_0-1,C5_0,C3_0,C6_0,B,A,C0_0,A,C0_0,A,C0_0), mk_uppercase(C1_0-1,C).
(r129) p140(A,B) :- inv1(C1_0-1,C2_0-1,C2_0,C4_0,C1_0-1,C2_0-1,C1_0-1,C2_0-1,C1_0-1,C2_0-1,C1_0,C3_0,C1_0,C3_0,C1_0,C3_0,A,C,C,C1_0-2,C1_0-2,C1_0-1,C2_0-1,C1_0,C3_0,C2_0,C4_0,B,A,C).
(r130) p142(A,B) :- inv1(C1_0,C2_0,C1_0,C2_0,C1_0,C2_0,C1_0,C2_0,C1_0,C2_0,A,C,C1_0-1,C2_0-1,A,C,C,C1_0-1,C2_0-1,C1_0,C2_0,C5_0,C5_0,C4_0,C4_0,C6_0,C6_0,B,C,C1_0-1).
(r131) p143(A,B) :- inv1(C,C1_0-1,C1_0-1,C2_0-1,C2_0,C4_0,C,C1_0-1,C,C1_0-1,C2_0-1,C1_0,C2_0-1,C1_0,C2_0-1,C1_0,A,C,C3_0,C2_0,C4_0,C7_0,C7_0,B,A,C,A,C,A,C), mk_uppercase(C1_0,C3_0).
(r132) p162(A,B) :- inv2(C1_0-1,C2_0-1,C1_0,C3_0,C1_0-1,C2_0-1,C1_0-1,C2_0-1,C1_0-1,C2_0-1,C1_0-1,C2_0-1,A,C,C,C1_0-2,C1_0-2,C1_0-1,C2_0-1,C1_0,C3_0,C2_0,C2_0,C4_0,C4_0,B).
(r133) p179(A,B) :- inv1(A,C0_0,C2_0,C4_0,A,C0_0,A,C0_0,A,C0_0,C1_0,C3_0,C3_0,B,C1_0,C3_0,C0_0,C1_0-1,C1_0-1,C,C,C3_0-1,C3_0-1,C2_0,C4_0,C1_0,C0_0,C1_0-1,C0_0,C1_0-1).
(r134) p208(A,B) :- inv2(C0_0,C1_0-1,C,C2_0,C1_0,C3_0,C3_0,C6_0,C0_0,C1_0-1,C0_0,C1_0-1,C1_0-1,C2_0-1,C2_0-1,C,C2_0,C1_0,C1_0-1,C2_0-1,C1_0-1,C2_0-1,C1_0-1,C2_0-1,C1_0-1,C2_0-1), mk_uppercase(A,C0_0), mk_uppercase(C6_0,B).
(r135) p232(A,B) :- inv1(C2_0,C5_0,C1_0,C3_0,C2_0,C5_0,C2_0,C5_0,C2_0,C5_0,C5_0,C1_0,C3_0,B,C5_0,C1_0,A,C0_0-1,C0_0-1,C0_0,C0_0,C1_0-1,C1_0-1,C,C,C2_0,A,C0_0-1,A,C0_0-1).
(r136) p243(A,B) :- inv2(A,C0_0,C0_0,C1_0-1,C,C2_0,C2_0,C4_0-1,C4_0,C5_0,A,C0_0,C4_0-1,C4_0,C1_0,B,C4_0-1,C4_0,C4_0-1,C4_0,C4_0-1,C4_0,C4_0-1,C4_0,C4_0-1,C4_0), mk_uppercase(C1_0-1,C), mk_uppercase(C5_0,C1_0).
(r137) p313(A,B) :- inv1(A,C0_0,C,C2_0,C1_0,C3_0,C3_0,C5_0,C5_0,C7_0,C0_0,C,C3_0-1,C1_0,C7_0,B,C2_0,C3_0-1,C2_0,C3_0-1,C2_0,C3_0-1,C2_0,C3_0-1,C2_0,C3_0-1,C2_0,C3_0-1,C2_0,C3_0-1).
(r138) p319(A,B) :- inv2(A,C0_0,C0_0,C1_0-1,C,C1_0,A,C0_0,A,C0_0,A,C0_0,C1_0-1,C2_0,C2_0,C,C1_0,C4_0,C4_0,C3_0,C3_0,C5_0,C5_0,B,C1_0-1,C2_0).
(r139) p328(A,B) :- inv1(A,C,C1_0-1,C2_0-1,C1_0,C3_0,C2_0,C4_0,A,C,C2_0-1,C3_0-1,C3_0-1,C1_0,C2_0-1,C3_0-1,C,C1_0-1,C3_0,C2_0,C4_0,B,C,C1_0-1,C,C1_0-1,C,C1_0-1,C,C1_0-1).
(r140) p333(A,B) :- inv2(A,C,C1_0,C3_0,C2_0,C4_0,A,C,A,C,A,C,C,C1_0-2,C1_0-1,C2_0-1,C2_0-1,C1_0,C3_0,C2_0,C,C1_0-2,C,C1_0-2,C,C1_0-2), mk_uppercase(C1_0-2,C1_0-1), mk_uppercase(C4_0,B).
(r141) p337(A,B) :- inv2(C2_0,C3_0-1,C2_0,C3_0-1,C2_0,C3_0-1,C2_0,C3_0-1,C2_0,C3_0-1,C2_0,C3_0-1,A,C0_0,C0_0,C,C,C2_0-1,C2_0-1,C2_0,C3_0-1,C1_0,C1_0,C3_0,A,C0_0), mk_uppercase(C3_0,C5_0), mk_uppercase(C5_0,B).
(r142) p341(A,B) :- inv1(A,C,A,C,A,C,A,C,A,C,C,C1_0-2,C,C1_0-2,C,C1_0-2,C1_0-2,C1_0-1,C1_0-1,C2_0-1,C2_0-1,C1_0,C1_0,C3_0,C3_0,C2_0,C2_0,C4_0,C4_0,B).
(r143) p366(A,B) :- inv2(A,C,C,C1_0-2,C1_0-1,C2_0-1,A,C,A,C,A,C,C1_0-2,C1_0-1,C2_0-1,C4_0-1,C4_0-1,C1_0,C1_0,C2_0,C4_0,B,C1_0-2,C1_0-1,C1_0-2,C1_0-1), mk_uppercase(C2_0,C4_0).
(r144) p375(A,B) :- inv2(C1_0-1,C2_0-2,C1_0,C2_0,C1_0-1,C2_0-2,C1_0-1,C2_0-2,C1_0-1,C2_0-2,C1_0-1,C2_0-2,C,C1_0-1,C2_0-2,C2_0-1,C2_0-1,C3_0,C3_0,C1_0,C2_0,C4_0,C4_0,B,C,C1_0-1), mk_uppercase(A,C).
(r145) p376(A,B) :- inv2(A,C0_0-1,C0_0,C1_0-1,C,C4_0,C2_0,C5_0,A,C0_0-1,A,C0_0-1,C0_0-1,C0_0,C1_0-1,C,C4_0,C2_0,C1_0,B,C0_0-1,C0_0,C0_0-1,C0_0,C0_0-1,C0_0), mk_uppercase(C5_0,C1_0).
(r146) p377(A,B) :- inv1(C1_0-1,C2_0-1,C2_0-1,C3_0-1,C1_0,C3_0,C2_0,C4_0,C1_0-1,C2_0-1,A,C,A,C,A,C,C,C1_0-1,C3_0-1,C1_0,C3_0,C2_0,C4_0,B,C,C1_0-1,C,C1_0-1,C,C1_0-1).
(r147) p388(A,B) :- inv1(A,C0_0,C0_0,C1_0-1,C3_0,C6_0,A,C0_0,A,C0_0,C,C2_0,C2_0,C1_0,C,C2_0,C1_0-1,C,C6_0,C7_0,C7_0,B,C1_0-1,C,C1_0-1,C,C1_0-1,C,C1_0-1,C), mk_uppercase(C1_0,C3_0).
(r148) p229(A,B) :- inv1(A,C0_0,C2_0,C3_0-1,C1_0,C3_0,C3_0,C5_0,C5_0,C7_0,C3_0-1,C1_0,C3_0-1,C1_0,C3_0-1,C1_0,C0_0,C,C,C2_0,C7_0,B,C0_0,C,C0_0,C,C0_0,C,C0_0,C).
(r149) p248(A,B) :- inv1(C1_0-1,C2_0-1,C1_0,C2_0,C2_0,C4_0,C4_0,C7_0,C1_0-1,C2_0-1,C,C1_0-2,C,C1_0-2,C,C1_0-2,A,C,C1_0-2,C1_0-1,C2_0-1,C1_0,C7_0,B,A,C,A,C,A,C).
(r150) p266(A,B) :- inv1(C0_0,C1_0-1,C,C1_0,C0_0,C1_0-1,C0_0,C1_0-1,C0_0,C1_0-1,C0_0-1,C0_0,C0_0-1,C0_0,C0_0-1,C0_0,A,C0_0-1,C1_0-1,C,C3_0,C6_0,C6_0,B,A,C0_0-1,A,C0_0-1,A,C0_0-1), mk_uppercase(C1_0,C5_0), mk_uppercase(C5_0,C3_0).
(r151) p326(A,B) :- inv1(A,C0_0,C0_0,C1_0-1,C1_0-1,C2_0-1,C1_0,C3_0,A,C0_0,C2_0,C1_0,C2_0,C1_0,C2_0,C1_0,C2_0-1,C3_0-1,C3_0-1,C,C,C2_0,C3_0,B,C2_0-1,C3_0-1,C2_0-1,C3_0-1,C2_0-1,C3_0-1).
(r152) p6(A,B) :- inv2(C,C1_0,C1_0,C3_0-1,C3_0,C4_0,C,C1_0,C,C1_0,C,C1_0,A,C0_0,C0_0,C,C3_0-1,C3_0,C4_0,B,A,C0_0,A,C0_0,A,C0_0).
(r153) p26(A,B) :- inv1(A,C,C,C1_0,C1_0,C2_0,C2_0,C3_0-1,A,C,C4_0,B,C4_0,B,C4_0,B,C3_0-1,C3_0,C3_0,C4_0,C3_0-1,C3_0,C3_0-1,C3_0,C3_0-1,C3_0,C3_0-1,C3_0,C3_0-1,C3_0).
(r154) p34(A,B) :- copy1(A,C0_0), copy1(C0_0,C), mk_uppercase(C,C1_0), copy1(C1_0,C3_0-1), copy1(C3_0-1,C3_0), copy1(C3_0,C4_0), copy1(C4_0,B).
(r155) p46(A,B) :- inv2(C,C1_0,C1_0,C2_0,C2_0,C3_0,C3_0,C4_0,C,C1_0,C,C1_0,A,C,C4_0,C5_0,A,C,A,C,A,C,A,C,A,C), mk_uppercase(C5_0,B).
(r156) p52(A,B) :- inv1(C0_0,C1_0-1,C0_0,C1_0-1,C0_0,C1_0-1,C0_0,C1_0-1,C0_0,C1_0-1,C1_0,B,C1_0,B,C1_0,B,A,C0_0-1,C0_0-1,C0_0,C1_0-1,C3_0,C3_0,C,C,C1_0,A,C0_0-1,A,C0_0-1).
(r157) p56(A,B) :- inv2(A,C0_0-1,C0_0,C1_0-1,C1_0-1,C3_0,A,C0_0-1,A,C0_0-1,A,C0_0-1,C0_0-1,C0_0,C3_0,C,C0_0-1,C0_0,C0_0-1,C0_0,C0_0-1,C0_0,C0_0-1,C0_0,C0_0-1,C0_0), mk_uppercase(C,C1_0), mk_uppercase(C1_0,B).
(r158) p57(A,B) :- inv2(A,C,C,C1_0-1,C1_0,C2_0,C2_0,C4_0,A,C,A,C,C4_0,B,C4_0,B,C4_0,B,C4_0,B,C4_0,B,C4_0,B,C4_0,B), mk_uppercase(C1_0-1,C2_0-1), mk_uppercase(C2_0-1,C1_0).
(r159) p72(A,B) :- inv2(C,C1_0-1,C1_0-1,C2_0-1,C1_0,C2_0,C2_0,C4_0,C,C1_0-1,C,C1_0-1,A,C,C2_0-1,C1_0,C4_0,B,A,C,A,C,A,C,A,C).
(r160) p89(A,B) :- inv2(C1_0,C3_0,C1_0,C3_0,C1_0,C3_0,C1_0,C3_0,C1_0,C3_0,C1_0,C3_0,A,C0_0-1,C0_0-1,C0_0,C0_0,C1_0-1,C1_0-1,C,C,C1_0,C3_0,B,A,C0_0-1).
(r161) p102(A,B) :- mk_lowercase(A,C), skip1(C,C1_0-1), skip1(C1_0-1,C2_0-1), mk_lowercase(C2_0-1,C1_0), skip1(C1_0,C2_0), skip1(C2_0,C4_0), mk_lowercase(C4_0,B).
(r162) p106(A,B) :- inv1(C2_0,C4_0,C4_0,C5_0,C2_0,C4_0,C2_0,C4_0,C2_0,C4_0,A,C,C1_0-1,C1_0,A,C,C1_0,C2_0,C5_0,B,C1_0,C2_0,C1_0,C2_0,C1_0,C2_0,C1_0,C2_0,C1_0,C2_0), mk_uppercase(C,C1_0-1).
(r163) p112(A,B) :- inv1(A,C0_0-1,C0_0,C1_0-1,C1_0-1,C3_0,A,C0_0-1,A,C0_0-1,C0_0-1,C0_0,C0_0-1,C0_0,C0_0-1,C0_0,C3_0,C,C,C1_0,C1_0,B,C3_0,C,C3_0,C,C3_0,C,C3_0,C).
(r164) p117(A,B) :- inv2(C0_0,C1_0-1,C1_0-1,C2_0,C,C1_0,C0_0,C1_0-1,C0_0,C1_0-1,C0_0,C1_0-1,A,C0_0,C2_0,C,C1_0,C3_0,A,C0_0,A,C0_0,A,C0_0,A,C0_0), mk_uppercase(C3_0,B).
(r165) p178(A,B) :- inv2(C,C1_0,C1_0,C3_0,C,C1_0,C,C1_0,C,C1_0,C,C1_0,A,C0_0-1,C0_0-1,C0_0,C0_0,C1_0-1,C1_0-1,C,C3_0,B,A,C0_0-1,A,C0_0-1).
(r166) p190(A,B) :- inv2(C0_0,C1_0-1,C1_0-1,C2_0,C,C1_0,C1_0,C3_0,C0_0,C1_0-1,C0_0,C1_0-1,A,C0_0,C2_0,C,A,C0_0,A,C0_0,A,C0_0,A,C0_0,A,C0_0), mk_uppercase(C3_0,B).
(r167) p210(A,B) :- inv2(C,C1_0,C1_0,C3_0,C3_0,C4_0,C,C1_0,C,C1_0,C,C1_0,A,C0_0,C0_0,C,C4_0,C5_0,C5_0,B,A,C0_0,A,C0_0,A,C0_0).
(r168) p214(A,B) :- inv2(C,C2_0,C1_0,C3_0,C,C2_0,C,C2_0,C,C2_0,C,C2_0,A,C0_0,C1_0-1,C,C2_0,C1_0,A,C0_0,A,C0_0,A,C0_0,A,C0_0), mk_uppercase(C0_0,C1_0-1), mk_uppercase(C3_0,B).
(r169) p215(A,B) :- inv1(C,C1_0,C1_0,C3_0,C,C1_0,C,C1_0,C,C1_0,C0_0-1,C0_0,C0_0,C1_0-1,C0_0-1,C0_0,A,C0_0-1,C1_0-1,C,C3_0,B,A,C0_0-1,A,C0_0-1,A,C0_0-1,A,C0_0-1).
(r170) p227(A,B) :- inv1(A,C0_0,C,C2_0,A,C0_0,A,C0_0,A,C0_0,C0_0,C1_0-1,C0_0,C1_0-1,C0_0,C1_0-1,C1_0-1,C,C2_0,C1_0,C1_0,C3_0,C1_0-1,C,C1_0-1,C,C1_0-1,C,C1_0-1,C), mk_uppercase(C3_0,B).
(r171) p241(A,B) :- inv1(C,C1_0-1,C1_0,C2_0,C2_0,C4_0,C,C1_0-1,C,C1_0-1,A,C,A,C,A,C,C1_0-1,C1_0,C4_0,C5_0,C5_0,B,C1_0-1,C1_0,C1_0-1,C1_0,C1_0-1,C1_0,C1_0-1,C1_0).
(r172) p245(A,B) :- inv1(C,C1_0,C2_0,C3_0,C,C1_0,C,C1_0,C,C1_0,C2_0-1,C2_0,C3_0,C5_0,C2_0-1,C2_0,C1_0,C2_0-1,C5_0,B,C1_0,C2_0-1,C1_0,C2_0-1,C1_0,C2_0-1,C1_0,C2_0-1,C1_0,C2_0-1), mk_uppercase(A,C).
(r173) p256(A,B) :- inv2(C0_0,C1_0-2,C,C1_0,C0_0,C1_0-2,C0_0,C1_0-2,C0_0,C1_0-2,C0_0,C1_0-2,A,C0_0,C1_0-2,C1_0-1,C1_0-1,C2_0,C2_0,C,C1_0,B,A,C0_0,A,C0_0).
(r174) p290(A,B) :- inv2(A,C0_0,C1_0,C3_0-1,A,C0_0,A,C0_0,A,C0_0,A,C0_0,C0_0,C,C,C1_0,C3_0-1,C3_0,C3_0,C4_0,C4_0,B,C0_0,C,C0_0,C).
(r175) p294(A,B) :- inv1(C0_0,C1_0-1,C,C2_0,C1_0,C3_0,C0_0,C1_0-1,C0_0,C1_0-1,C2_0,C1_0,C3_0,B,C2_0,C1_0,A,C0_0,A,C0_0,A,C0_0,A,C0_0,A,C0_0,A,C0_0,A,C0_0), mk_uppercase(C1_0-1,C).
(r176) p298(A,B) :- inv2(C,C1_0,C1_0,C2_0,C2_0,C3_0-1,C3_0,C4_0,C,C1_0,C,C1_0,A,C,C3_0-1,C3_0,C4_0,B,A,C,A,C,A,C,A,C).
(r177) p323(A,B) :- inv1(C2_0,C3_0-1,C1_0,C3_0,C2_0,C3_0-1,C2_0,C3_0-1,C2_0,C3_0-1,C3_0-1,C1_0,C3_0-1,C1_0,C3_0-1,C1_0,A,C0_0,C,C2_0,C3_0,B,A,C0_0,A,C0_0,A,C0_0,A,C0_0), mk_uppercase(C0_0,C).
(r178) p354(A,B) :- inv1(A,C0_0,C,C2_0,C1_0,C3_0,A,C0_0,A,C0_0,C1_0-1,C,C1_0-1,C,C1_0-1,C,C0_0,C1_0-1,C2_0,C1_0,C3_0,B,C0_0,C1_0-1,C0_0,C1_0-1,C0_0,C1_0-1,C0_0,C1_0-1).
(r179) p357(A,B) :- inv2(A,C0_0,C0_0,C1_0-1,C1_0,C3_0,A,C0_0,A,C0_0,A,C0_0,C1_0-1,C2_0,C2_0,C,C,C1_0,C3_0,B,C1_0-1,C2_0,C1_0-1,C2_0,C1_0-1,C2_0).
(r180) p358(A,B) :- inv2(A,C0_0,C,C1_0,C1_0,C3_0,C3_0,C5_0,A,C0_0,A,C0_0,C0_0,C1_0-1,C5_0,B,C0_0,C1_0-1,C0_0,C1_0-1,C0_0,C1_0-1,C0_0,C1_0-1,C0_0,C1_0-1), mk_uppercase(C1_0-1,C).
(r181) p361(A,B) :- inv1(C,C1_0-1,C1_0,C3_0,C2_0,C4_0,C,C1_0-1,C,C1_0-1,C1_0-1,C1_0,C1_0-1,C1_0,C1_0-1,C1_0,C3_0,C2_0,C4_0,B,C3_0,C2_0,C3_0,C2_0,C3_0,C2_0,C3_0,C2_0,C3_0,C2_0), mk_uppercase(A,C).
(r182) p372(A,B) :- inv1(C,C1_0,C1_0,C3_0,C,C1_0,C,C1_0,C,C1_0,A,C0_0,C5_0,B,A,C0_0,C0_0,C1_0-1,C1_0-1,C,C3_0,C5_0,C0_0,C1_0-1,C0_0,C1_0-1,C0_0,C1_0-1,C0_0,C1_0-1).
(r183) p374(A,B) :- inv1(A,C0_0,C,C2_0,A,C0_0,A,C0_0,A,C0_0,C0_0,C1_0-1,C1_0-1,C,C1_0,C3_0,C2_0,C1_0,C3_0,B,C2_0,C1_0,C2_0,C1_0,C2_0,C1_0,C2_0,C1_0,C2_0,C1_0).
(r184) p386(A,B) :- inv1(C1_0,C3_0,C1_0,C3_0,C1_0,C3_0,C1_0,C3_0,C1_0,C3_0,C0_0,C,C3_0,C5_0,C0_0,C,A,C0_0,C,C2_0,C2_0,C1_0,A,C0_0,A,C0_0,A,C0_0,A,C0_0), mk_uppercase(C5_0,B).
(r185) p391(A,B) :- inv2(A,C,C,C1_0-1,C1_0-1,C2_0-1,C1_0,C2_0,C2_0,C4_0,A,C,C2_0-1,C1_0,C4_0,B,C2_0-1,C1_0,C2_0-1,C1_0,C2_0-1,C1_0,C2_0-1,C1_0,C2_0-1,C1_0).
(r186) p316(A,B) :- mk_uppercase(A,C), skip1(C,C1_0), skip1(C1_0,C2_0), skip1(C2_0,C3_0), skip1(C3_0,C4_0), skip1(C4_0,C5_0), mk_lowercase(C5_0,B).
(r187) p18(A,B) :- inv1(C,C1_0-2,C1_0-1,C2_0-1,C1_0,C2_0,C2_0,C4_0,C4_0,C7_0,C7_0,B,C7_0,B,C7_0,B,A,C,C1_0-2,C1_0-1,C2_0-1,C4_0-1,C4_0-1,C1_0,A,C,A,C,A,C).
(r188) p19(A,B) :- inv1(C0_0,C1_0-1,C0_0,C1_0-1,C0_0,C1_0-1,C0_0,C1_0-1,C0_0,C1_0-1,C2_0,C5_0,C3_0,B,C2_0,C5_0,A,C0_0-1,C0_0-1,C0_0,C1_0-1,C3_0-1,C3_0-1,C,C,C2_0,C5_0,C1_0,C1_0,C3_0).
(r189) p25(A,B) :- inv1(C,C1_0-2,C1_0-1,C2_0-1,C2_0,C4_0,C,C1_0-2,C,C1_0-2,A,C,C1_0,C3_0,A,C,C1_0-2,C1_0-1,C2_0-1,C4_0-1,C4_0-1,C1_0,C4_0,B,C1_0-2,C1_0-1,C1_0-2,C1_0-1,C1_0-2,C1_0-1), mk_uppercase(C3_0,C2_0).
(r190) p45(A,B) :- inv1(A,C0_0-1,C2_0,C5_0,A,C0_0-1,A,C0_0-1,A,C0_0-1,C4_0,C2_0,C5_0,C7_0,C4_0,C2_0,C0_0-1,C0_0,C1_0-1,C,C,C4_0,C7_0,C1_0,C0_0-1,C0_0,C0_0-1,C0_0,C0_0-1,C0_0), mk_uppercase(C0_0,C1_0-1), mk_uppercase(C1_0,B).
(r191) p104(A,B) :- inv2(C,C2_0-1,C2_0,C3_0-1,C1_0,C4_0,C3_0,C5_0,C,C2_0-1,C,C2_0-1,A,C0_0,C0_0,C,C2_0-1,C2_0,C3_0-1,C1_0,C5_0,B,A,C0_0,A,C0_0), mk_uppercase(C4_0,C3_0).
(r192) p105(A,B) :- inv1(A,C0_0-1,C0_0,C1_0-1,C,C2_0,C2_0,C5_0,A,C0_0-1,C6_0,C1_0,C6_0,C1_0,C6_0,C1_0,C0_0-1,C0_0,C1_0-1,C,C5_0,C6_0,C1_0,C3_0,C0_0-1,C0_0,C0_0-1,C0_0,C0_0-1,C0_0), mk_uppercase(C3_0,B).
(r193) p224(A,B) :- inv2(C1_0,C3_0,C2_0,C4_0,C1_0,C3_0,C1_0,C3_0,C1_0,C3_0,C1_0,C3_0,A,C,C,C1_0-1,C1_0-1,C2_0-2,C2_0-1,C3_0-1,C3_0-1,C1_0,C3_0,C2_0,C4_0,B), mk_uppercase(C2_0-2,C2_0-1).
(r194) p236(A,B) :- inv1(C3_0,C5_0,C3_0,C5_0,C3_0,C5_0,C3_0,C5_0,C3_0,C5_0,A,C0_0,C2_0,C3_0-1,A,C0_0,C0_0,C,C,C2_0,C1_0,C4_0,C4_0,C3_0,C5_0,C8_0,C8_0,B,C0_0,C), mk_uppercase(C3_0-1,C1_0).
(r195) p85(A,B) :- inv2(A,C,C,C1_0-2,C1_0-1,C2_0-1,C2_0-1,C4_0-1,C4_0-1,C5_0,C2_0,C4_0,C5_0,C1_0,C1_0,C2_0,C4_0,B,C5_0,C1_0,C5_0,C1_0,C5_0,C1_0,C5_0,C1_0), mk_uppercase(C1_0-2,C1_0-1).
(r196) p275(A,B) :- inv2(A,C0_0,C0_0,C1_0-1,C1_0-1,C2_0-2,A,C0_0,A,C0_0,A,C0_0,C2_0-2,C2_0-1,C2_0-1,C3_0-1,C3_0-1,C,C,C2_0,C2_0,C1_0,C1_0,C3_0,C3_0,B).
(r197) p392(A,B) :- inv1(C1_0-1,C2_0-1,C,C2_0,C2_0,C4_0,C1_0-1,C2_0-1,C1_0-1,C2_0-1,A,C0_0,C1_0,C3_0,A,C0_0,C0_0,C1_0-2,C2_0-1,C,C3_0,B,C0_0,C1_0-2,C0_0,C1_0-2,C0_0,C1_0-2,C0_0,C1_0-2), mk_uppercase(C1_0-2,C1_0-1), mk_uppercase(C4_0,C1_0).
(r198) p23(A,B) :- inv2(C0_0,C1_0-1,C1_0-1,C2_0-1,C0_0,C1_0-1,C0_0,C1_0-1,C0_0,C1_0-1,C0_0,C1_0-1,A,C0_0,C2_0-1,C,C,C2_0,C2_0,C1_0,C1_0,C3_0,A,C0_0,A,C0_0), mk_uppercase(C3_0,B).
(r199) p39(A,B) :- inv2(A,C,C,C1_0,C1_0,C2_0-1,C2_0-1,C3_0-1,C2_0,C3_0,C3_0,C5_0,C3_0-1,C2_0,C5_0,B,C3_0-1,C2_0,C3_0-1,C2_0,C3_0-1,C2_0,C3_0-1,C2_0,C3_0-1,C2_0).
(r200) p43(A,B) :- inv2(C1_0,C3_0,C1_0,C3_0,C1_0,C3_0,C1_0,C3_0,C1_0,C3_0,C1_0,C3_0,A,C0_0,C0_0,C1_0-1,C1_0-1,C,C2_0,C1_0,C3_0,C6_0,C6_0,B,A,C0_0), mk_uppercase(C,C2_0).
(r201) p48(A,B) :- inv2(C0_0,C1_0-1,C1_0,C4_0,C0_0,C1_0-1,C0_0,C1_0-1,C0_0,C1_0-1,C0_0,C1_0-1,A,C0_0,C1_0-1,C,C,C1_0,C4_0,C3_0,C3_0,C5_0,C5_0,B,A,C0_0).
(r202) p50(A,B) :- inv1(C2_0,C4_0,C2_0,C4_0,C2_0,C4_0,C2_0,C4_0,C2_0,C4_0,A,C,C1_0-1,C2_0-1,A,C,C,C1_0-1,C2_0-1,C1_0,C1_0,C3_0,C3_0,C2_0,C4_0,B,C,C1_0-1,C,C1_0-1).
(r203) p70(A,B) :- inv1(A,C0_0,C0_0,C1_0-1,C1_0,C3_0,A,C0_0,A,C0_0,C2_0-1,C,C2_0,C1_0,C2_0-1,C,C1_0-1,C2_0-1,C,C2_0,C3_0,B,C1_0-1,C2_0-1,C1_0-1,C2_0-1,C1_0-1,C2_0-1,C1_0-1,C2_0-1).
(r204) p73(A,B) :- inv2(C0_0,C1_0-1,C,C2_0,C1_0,C3_0,C0_0,C1_0-1,C0_0,C1_0-1,C0_0,C1_0-1,A,C0_0,C2_0,C1_0,C3_0,C6_0,C6_0,B,A,C0_0,A,C0_0,A,C0_0), mk_uppercase(C1_0-1,C).
(r205) p88(A,B) :- inv1(A,C0_0-1,C,C2_0,C1_0,C3_0,A,C0_0-1,A,C0_0-1,C0_0-1,C0_0,C0_0-1,C0_0,C0_0-1,C0_0,C0_0,C1_0-1,C1_0-1,C,C3_0,B,C0_0,C1_0-1,C0_0,C1_0-1,C0_0,C1_0-1,C0_0,C1_0-1), mk_uppercase(C2_0,C1_0).
(r206) p96(A,B) :- inv1(C1_0,C3_0,C1_0,C3_0,C1_0,C3_0,C1_0,C3_0,C1_0,C3_0,C3_0-1,C1_0,C3_0,B,C3_0-1,C1_0,C0_0,C,C,C2_0-1,C2_0-1,C2_0,C2_0,C3_0-1,C0_0,C,C0_0,C,C0_0,C), mk_uppercase(A,C0_0).
(r207) p110(A,B) :- inv1(C1_0-1,C2_0-1,C2_0-1,C3_0,C1_0,C2_0,C1_0-1,C2_0-1,C1_0-1,C2_0-1,C2_0,C4_0,C2_0,C4_0,C2_0,C4_0,A,C,C,C1_0-1,C3_0,C1_0,C4_0,B,A,C,A,C,A,C).
(r208) p129(A,B) :- inv2(C0_0,C1_0-1,C,C2_0,C1_0,C3_0,C0_0,C1_0-1,C0_0,C1_0-1,C0_0,C1_0-1,A,C0_0-1,C0_0-1,C0_0,C1_0-1,C,C2_0,C1_0,A,C0_0-1,A,C0_0-1,A,C0_0-1), mk_uppercase(C3_0,B).
(r209) p131(A,B) :- inv1(C2_0,C3_0-1,C2_0,C3_0-1,C2_0,C3_0-1,C2_0,C3_0-1,C2_0,C3_0-1,C0_0,C,C3_0-1,C1_0,C0_0,C,C,C2_0,C1_0,C3_0,C3_0,C5_0,C5_0,B,C,C2_0,C,C2_0,C,C2_0), mk_uppercase(A,C0_0).
(r210) p134(A,B) :- inv2(C2_0,C3_0-1,C3_0-1,C4_0,C2_0,C3_0-1,C2_0,C3_0-1,C2_0,C3_0-1,C2_0,C3_0-1,A,C0_0,C0_0,C,C,C2_0,C4_0,C1_0,C1_0,C3_0,C3_0,B,A,C0_0).
(r211) p135(A,B) :- mk_uppercase(A,C0_0), copy1(C0_0,C1_0-2), copy1(C1_0-2,C1_0-1), copy1(C1_0-1,C2_0), copy1(C2_0,C), copy1(C,C1_0), copy1(C1_0,C3_0), copy1(C3_0,B).
(r212) p149(A,B) :- inv1(C3_0,C5_0,C3_0,C5_0,C3_0,C5_0,C3_0,C5_0,C3_0,C5_0,C0_0,C,C0_0,C,C0_0,C,A,C0_0,C,C2_0,C2_0,C3_0-1,C5_0,B,A,C0_0,A,C0_0,A,C0_0), mk_uppercase(C3_0-1,C1_0), mk_uppercase(C1_0,C3_0).
(r213) p152(A,B) :- inv1(A,C0_0-1,C,C1_0,A,C0_0-1,A,C0_0-1,A,C0_0-1,C3_0,C,C3_0,C,C3_0,C,C0_0-1,C0_0,C0_0,C2_0,C2_0,C1_0-1,C1_0-1,C3_0,C1_0,B,C0_0-1,C0_0,C0_0-1,C0_0).
(r214) p155(A,B) :- inv2(A,C0_0-1,A,C0_0-1,A,C0_0-1,A,C0_0-1,A,C0_0-1,A,C0_0-1,C0_0-1,C0_0,C0_0,C2_0,C2_0,C1_0-1,C1_0-1,C3_0,C3_0,C,C,C1_0,C1_0,B).
(r215) p157(A,B) :- inv1(C0_0,C1_0-1,C1_0,C3_0,C0_0,C1_0-1,C0_0,C1_0-1,C0_0,C1_0-1,C6_0,B,C6_0,B,C6_0,B,A,C0_0,C,C2_0,C2_0,C1_0,A,C0_0,A,C0_0,A,C0_0,A,C0_0), mk_uppercase(C1_0-1,C), mk_uppercase(C3_0,C6_0).
(r216) p174(A,B) :- inv2(A,C0_0,C2_0,C3_0-1,C3_0-1,C4_0,A,C0_0,A,C0_0,A,C0_0,C0_0,C,C,C2_0,C4_0,C1_0,C1_0,C3_0,C3_0,B,C0_0,C,C0_0,C).
(r217) p216(A,B) :- inv2(C0_0,C1_0-1,C,C1_0,C0_0,C1_0-1,C0_0,C1_0-1,C0_0,C1_0-1,C0_0,C1_0-1,A,C0_0-1,C0_0-1,C0_0,C1_0-1,C3_0-1,C3_0-1,C,C1_0,C3_0,C3_0,B,A,C0_0-1).
(r218) p218(A,B) :- inv1(C,C1_0-2,C1_0-1,C2_0-1,C2_0-1,C4_0,C,C1_0-2,C,C1_0-2,C1_0-2,C1_0-1,C1_0-2,C1_0-1,C1_0-2,C1_0-1,C4_0,C1_0,C1_0,C2_0,C2_0,B,C4_0,C1_0,C4_0,C1_0,C4_0,C1_0,C4_0,C1_0), mk_uppercase(A,C).
(r219) p223(A,B) :- inv2(A,C,C,C1_0-1,C1_0-1,C2_0-1,C1_0,C2_0,C2_0,C4_0,A,C,C2_0-1,C3_0,C3_0,C1_0,C4_0,B,C2_0-1,C3_0,C2_0-1,C3_0,C2_0-1,C3_0,C2_0-1,C3_0).
(r220) p226(A,B) :- inv1(C2_0,C3_0-1,C3_0,C4_0,C2_0,C3_0-1,C2_0,C3_0-1,C2_0,C3_0-1,C,C2_0,C4_0,C1_0,C1_0,B,A,C0_0,C0_0,C,C3_0-1,C3_0,A,C0_0,A,C0_0,A,C0_0,A,C0_0).
(r221) p235(A,B) :- inv1(C,C1_0-2,C1_0-1,C2_0-1,C1_0,C2_0,C,C1_0-2,C,C1_0-2,C4_0,B,C4_0,B,C4_0,B,A,C,C1_0-2,C1_0-1,C2_0-1,C1_0,C2_0,C4_0,A,C,A,C,A,C).
(r222) p238(A,B) :- inv1(A,C0_0,C,C2_0,C1_0,C3_0,C3_0,C6_0,A,C0_0,C1_0-1,C,C1_0-1,C,C1_0-1,C,C0_0,C1_0-1,C2_0,C1_0,C6_0,B,C0_0,C1_0-1,C0_0,C1_0-1,C0_0,C1_0-1,C0_0,C1_0-1).
(r223) p272(A,B) :- inv1(C1_0-1,C2_0-1,C2_0-1,C3_0,C1_0,C2_0,C1_0-1,C2_0-1,C1_0-1,C2_0-1,A,C,A,C,A,C,C,C1_0-1,C3_0,C1_0,C2_0,C4_0,C,C1_0-1,C,C1_0-1,C,C1_0-1,C,C1_0-1), mk_uppercase(C4_0,B).
(r224) p277(A,B) :- inv1(C0_0,C1_0-1,C,C1_0,C1_0,C4_0,C3_0,C5_0,C0_0,C1_0-1,C1_0-1,C,C1_0-1,C,C1_0-1,C,A,C0_0,C4_0,C3_0,C5_0,B,A,C0_0,A,C0_0,A,C0_0,A,C0_0).
(r225) p301(A,B) :- inv1(C1_0,C3_0,C2_0,C4_0,C1_0,C3_0,C1_0,C3_0,C1_0,C3_0,C,C1_0-1,C,C1_0-1,C,C1_0-1,A,C,C1_0-1,C2_0-1,C2_0-1,C1_0,C3_0,C2_0,C4_0,B,A,C,A,C).
(r226) p306(A,B) :- inv1(C,C2_0,C2_0,C3_0-1,C1_0,C3_0,C,C2_0,C,C2_0,C3_0,B,C3_0,B,C3_0,B,A,C0_0,C0_0,C,C3_0-1,C4_0,A,C0_0,A,C0_0,A,C0_0,A,C0_0), mk_uppercase(C4_0,C1_0).
(r227) p311(A,B) :- inv1(C1_0,C3_0,C3_0,C5_0,C1_0,C3_0,C1_0,C3_0,C1_0,C3_0,A,C0_0,C2_0,C1_0,A,C0_0,C0_0,C,C,C2_0,C5_0,C6_0,C0_0,C,C0_0,C,C0_0,C,C0_0,C), mk_uppercase(C6_0,B).
(r228) p315(A,B) :- inv2(A,C0_0-1,C0_0,C1_0-1,C,C2_0,A,C0_0-1,A,C0_0-1,A,C0_0-1,C0_0-1,C0_0,C2_0,C1_0,C1_0,C3_0,C3_0,B,C0_0-1,C0_0,C0_0-1,C0_0,C0_0-1,C0_0), mk_uppercase(C1_0-1,C).
(r229) p346(A,B) :- inv2(A,C0_0,C1_0,C4_0,A,C0_0,A,C0_0,A,C0_0,A,C0_0,C,C2_0,C4_0,C3_0,C3_0,C5_0,C5_0,B,C,C2_0,C,C2_0,C,C2_0), mk_uppercase(C0_0,C), mk_uppercase(C2_0,C1_0).
(r230) p348(A,B) :- copy1(A,C0_0-1), copy1(C0_0-1,C0_0), copy1(C0_0,C1_0-1), mk_uppercase(C1_0-1,C), mk_uppercase(C,C2_0), mk_uppercase(C2_0,C1_0), copy1(C1_0,C3_0), copy1(C3_0,B).
(r231) p364(A,B) :- inv2(A,C0_0,C0_0,C1_0-1,C1_0,C3_0,A,C0_0,A,C0_0,A,C0_0,C1_0-1,C2_0,C2_0,C,C,C1_0,C3_0,C5_0,C1_0-1,C2_0,C1_0-1,C2_0,C1_0-1,C2_0), mk_uppercase(C5_0,B).
(r232) p370(A,B) :- inv1(C,C1_0-1,C1_0-1,C2_0-1,C1_0,C2_0,C2_0,C4_0,C,C1_0-1,C3_0,C1_0,C3_0,C1_0,C3_0,C1_0,A,C,C2_0-1,C3_0,A,C,A,C,A,C,A,C,A,C), mk_uppercase(C4_0,B).
(r233) p390(A,B) :- inv1(A,C,C1_0-1,C2_0-1,C1_0,C2_0,A,C,A,C,C3_0,C1_0,C3_0,C1_0,C3_0,C1_0,C,C1_0-1,C2_0-1,C3_0,C2_0,C4_0,C,C1_0-1,C,C1_0-1,C,C1_0-1,C,C1_0-1), mk_uppercase(C4_0,B).
(r234) p31(A,B) :- inv1(C,C2_0,C2_0,C3_0-1,C3_0-1,C4_0,C1_0,C3_0,C,C2_0,C0_0,C,C3_0,B,C0_0,C,A,C0_0,C4_0,C1_0,A,C0_0,A,C0_0,A,C0_0,A,C0_0,A,C0_0).
(r235) p217(A,B) :- inv1(C0_0,C1_0-1,C1_0-1,C2_0-1,C0_0,C1_0-1,C0_0,C1_0-1,C0_0,C1_0-1,C4_0,C1_0,C4_0,C1_0,C4_0,C1_0,A,C0_0,C2_0-1,C,C,C3_0-1,C3_0-1,C2_0,C2_0,C4_0,C1_0,C3_0,C3_0,C6_0), mk_uppercase(C6_0,B).
(r236) p164(A,B) :- mk_uppercase(A,B), is_uppercase(B).
(r237) p164(A,B) :- skip1(A,C), p164(C,B).
(r238) p189(A,B) :- inv1(A,C0_0,C0_0,C1_0-1,C,C1_0,A,C0_0,A,C0_0,C1_0-1,C,C1_0-1,C,C1_0-1,C,C1_0,B,C1_0,B,C1_0,B,C1_0,B,C1_0,B,C1_0,B,C1_0,B).
(r239) p189(A,B) :- skip1(A,C), p189(C,B).
====================
