number of rules: 343
program size: 2507
(r1) p4(A,B) :- mk_uppercase(A,C), copy1(C,B).
(r2) p5(A,B) :- not_empty(A), copy1(A,B).
(r3) p11(A,B) :- not_empty(A), skip1(A,B).
(r4) p13(A,B) :- skip1(A,C), mk_uppercase(C,B).
(r5) p15(A,B) :- copy1(A,C), copy1(C,B).
(r6) p21(A,B) :- mk_lowercase(A,C), copy1(C,B).
(r7) p22(A,B) :- skip1(A,C), copy1(C,B).
(r8) p34(A,B) :- not_empty(A), mk_lowercase(A,B).
(r9) p42(A,B) :- copy1(A,C), mk_uppercase(C,B).
(r10) p47(A,B) :- skip1(A,C), mk_lowercase(C,B).
(r11) p76(A,B) :- not_empty(A), mk_uppercase(A,B).
(r12) p153(A,B) :- copy1(A,C), mk_lowercase(C,B).
(r13) p225(A,B) :- mk_uppercase(A,C), mk_uppercase(C,B).
(r14) p345(A,B) :- mk_lowercase(A,C), mk_lowercase(C,B).
(r15) p2(A,B) :- skip1(A,C), skip1(C,C1_0), copy1(C1_0,B).
(r16) p8(A,B) :- mk_uppercase(A,C), mk_lowercase(C,C1_0), copy1(C1_0,B).
(r17) p12(A,B) :- copy1(A,C), copy1(C,C1_0), copy1(C1_0,B).
(r18) p27(A,B) :- copy1(A,C), mk_uppercase(C,C1_0), copy1(C1_0,B).
(r19) p54(A,B) :- copy1(A,C), skip1(C,C1_0), mk_lowercase(C1_0,B).
(r20) p82(A,B) :- copy1(A,C0_0), mk_lowercase(C0_0,C), mk_uppercase(C,B).
(r21) p110(A,B) :- skip1(A,C), copy1(C,C1_0), mk_lowercase(C1_0,B).
(r22) p111(A,B) :- skip1(A,C), copy1(C,C1_0), mk_uppercase(C1_0,B).
(r23) p137(A,B) :- skip1(A,C), copy1(C,C1_0), copy1(C1_0,B).
(r24) p148(A,B) :- skip1(A,C), skip1(C,C1_0), mk_uppercase(C1_0,B).
(r25) p163(A,B) :- skip1(A,C), mk_uppercase(C,C1_0), copy1(C1_0,B).
(r26) p172(A,B) :- copy1(A,C), skip1(C,C1_0), mk_uppercase(C1_0,B).
(r27) p189(A,B) :- mk_lowercase(A,C), copy1(C,C1_0), copy1(C1_0,B).
(r28) p220(A,B) :- skip1(A,C), mk_lowercase(C,C1_0), copy1(C1_0,B).
(r29) p275(A,B) :- copy1(A,C), copy1(C,C1_0), mk_uppercase(C1_0,B).
(r30) p288(A,B) :- mk_uppercase(A,C), skip1(C,C1_0), copy1(C1_0,B).
(r31) p334(A,B) :- copy1(A,C), skip1(C,C1_0), copy1(C1_0,B).
(r32) p362(A,B) :- mk_uppercase(A,C), mk_uppercase(C,C1_0), copy1(C1_0,B).
(r33) p373(A,B) :- skip1(A,C), mk_lowercase(C,C1_0), mk_lowercase(C1_0,B).
(r34) p392(A,B) :- skip1(A,C0_0), mk_uppercase(C0_0,C), mk_lowercase(C,B).
(r35) p462(A,B) :- skip1(A,C0_0), mk_lowercase(C0_0,C), mk_uppercase(C,B).
(r36) p467(A,B) :- mk_lowercase(A,C), skip1(C,C1_0), mk_lowercase(C1_0,B).
(r37) p480(A,B) :- mk_uppercase(A,C), skip1(C,C1_0), mk_lowercase(C1_0,B).
(r38) p591(A,B) :- copy1(A,C0_0), mk_uppercase(C0_0,C), p502(C,B).
(r39) p7(A,B) :- skip1(A,C), skip1(C,C1_0), skip1(C1_0,C2_0), copy1(C2_0,B).
(r40) p17(A,B) :- copy1(A,C0_0), copy1(C0_0,C), mk_uppercase(C,C1_0), copy1(C1_0,B).
(r41) p26(A,B) :- copy1(A,C), skip1(C,C1_0), mk_uppercase(C1_0,C2_0), copy1(C2_0,B).
(r42) p30(A,B) :- copy1(A,C0_0), copy1(C0_0,C), copy1(C,C1_0), mk_uppercase(C1_0,B).
(r43) p38(A,B) :- skip1(A,C), skip1(C,C1_0), copy1(C1_0,C2_0), mk_lowercase(C2_0,B).
(r44) p39(A,B) :- copy1(A,C0_0), copy1(C0_0,C), skip1(C,C1_0), copy1(C1_0,B).
(r45) p41(A,B) :- skip1(A,C0_0), copy1(C0_0,C), skip1(C,C1_0), copy1(C1_0,B).
(r46) p46(A,B) :- skip1(A,C0_0), copy1(C0_0,C), mk_lowercase(C,C1_0), mk_lowercase(C1_0,B).
(r47) p48(A,B) :- copy1(A,C0_0), mk_lowercase(C0_0,C), mk_lowercase(C,C1_0), copy1(C1_0,B).
(r48) p58(A,B) :- skip1(A,C), skip1(C,C1_0), skip1(C1_0,C2_0), mk_uppercase(C2_0,B).
(r49) p63(A,B) :- skip1(A,C), skip1(C,C1_0), copy1(C1_0,C2_0), copy1(C2_0,B).
(r50) p74(A,B) :- skip1(A,C), skip1(C,C1_0-1), mk_uppercase(C1_0-1,C1_0), mk_lowercase(C1_0,B).
(r51) p90(A,B) :- copy1(A,C), copy1(C,C1_0-1), mk_uppercase(C1_0-1,C1_0), mk_lowercase(C1_0,B).
(r52) p100(A,B) :- copy1(A,C0_0), mk_uppercase(C0_0,C), mk_uppercase(C,C1_0), copy1(C1_0,B).
(r53) p102(A,B) :- skip1(A,C0_0), mk_uppercase(C0_0,C), skip1(C,C1_0), copy1(C1_0,B).
(r54) p119(A,B) :- mk_lowercase(A,C), skip1(C,C1_0), copy1(C1_0,C2_0), copy1(C2_0,B).
(r55) p122(A,B) :- copy1(A,C), skip1(C,C1_0), skip1(C1_0,C2_0), copy1(C2_0,B).
(r56) p129(A,B) :- copy1(A,C0_0), copy1(C0_0,C), skip1(C,C1_0), mk_lowercase(C1_0,B).
(r57) p146(A,B) :- skip1(A,C0_0), mk_lowercase(C0_0,C), copy1(C,C1_0), copy1(C1_0,B).
(r58) p165(A,B) :- copy1(A,C0_0), mk_lowercase(C0_0,C), skip1(C,C1_0), copy1(C1_0,B).
(r59) p204(A,B) :- copy1(A,C0_0), copy1(C0_0,C), copy1(C,C1_0), copy1(C1_0,B).
(r60) p219(A,B) :- mk_lowercase(A,C), mk_uppercase(C,C1_0), skip1(C1_0,C2_0), copy1(C2_0,B).
(r61) p231(A,B) :- skip1(A,C0_0), copy1(C0_0,C), copy1(C,C1_0), copy1(C1_0,B).
(r62) p240(A,B) :- copy1(A,C), skip1(C,C1_0), copy1(C1_0,C2_0), mk_uppercase(C2_0,B).
(r63) p262(A,B) :- mk_uppercase(A,C0_0), mk_uppercase(C0_0,C), copy1(C,C1_0), copy1(C1_0,B).
(r64) p376(A,B) :- skip1(A,C), skip1(C,C1_0), mk_lowercase(C1_0,C2_0), copy1(C2_0,B).
(r65) p385(A,B) :- skip1(A,C0_0), copy1(C0_0,C), mk_uppercase(C,C1_0), copy1(C1_0,B).
(r66) p389(A,B) :- mk_lowercase(A,C), skip1(C,C1_0), skip1(C1_0,C2_0), mk_lowercase(C2_0,B).
(r67) p395(A,B) :- copy1(A,C0_0), mk_uppercase(C0_0,C), copy1(C,C1_0), mk_lowercase(C1_0,B).
(r68) p400(A,B) :- mk_lowercase(A,C0_0), copy1(C0_0,C), copy1(C,C1_0), mk_lowercase(C1_0,B).
(r69) p419(A,B) :- mk_uppercase(A,C0_0), copy1(C0_0,C), copy1(C,C1_0), mk_lowercase(C1_0,B).
(r70) p427(A,B) :- copy1(A,C0_0), mk_lowercase(C0_0,C), copy1(C,C1_0), copy1(C1_0,B).
(r71) p430(A,B) :- skip1(A,C), skip1(C,C1_0), mk_uppercase(C1_0,C2_0), copy1(C2_0,B).
(r72) p453(A,B) :- skip1(A,C0_0), mk_lowercase(C0_0,C), mk_uppercase(C,C1_0), copy1(C1_0,B).
(r73) p471(A,B) :- mk_uppercase(A,C), skip1(C,C1_0), copy1(C1_0,C2_0), mk_lowercase(C2_0,B).
(r74) p489(A,B) :- skip1(A,C0_0), mk_uppercase(C0_0,C), copy1(C,C1_0), mk_lowercase(C1_0,B).
(r75) p517(A,B) :- mk_uppercase(A,C0_0), mk_uppercase(C0_0,C), copy1(C,C1_0), mk_lowercase(C1_0,B).
(r76) p526(A,B) :- copy1(A,C0_0), mk_uppercase(C0_0,C), skip1(C,C1_0), copy1(C1_0,B).
(r77) p533(A,B) :- skip1(A,C0_0), mk_lowercase(C0_0,C), mk_lowercase(C,C1_0), copy1(C1_0,B).
(r78) p566(A,B) :- copy1(A,C0_0), copy1(C0_0,C), copy1(C,C1_0), mk_lowercase(C1_0,B).
(r79) p574(A,B) :- mk_uppercase(A,C), mk_lowercase(C,C1_0), copy1(C1_0,C2_0), mk_uppercase(C2_0,B).
(r80) p590(A,B) :- copy1(A,C), skip1(C,C1_0), mk_lowercase(C1_0,C2_0), copy1(C2_0,B).
(r81) p10(A,B) :- copy1(A,C), skip1(C,C1_0-1), mk_lowercase(C1_0-1,C1_0), copy1(C1_0,C2_0), copy1(C2_0,B).
(r82) p29(A,B) :- mk_uppercase(A,C), mk_lowercase(C,C1_0-1), copy1(C1_0-1,C1_0), mk_lowercase(C1_0,C2_0), copy1(C2_0,B).
(r83) p31(A,B) :- skip1(A,C0_0), copy1(C0_0,C), skip1(C,C1_0), copy1(C1_0,C3_0), copy1(C3_0,B).
(r84) p44(A,B) :- mk_lowercase(A,C), skip1(C,C1_0-1), copy1(C1_0-1,C1_0), copy1(C1_0,C2_0), mk_uppercase(C2_0,B).
(r85) p45(A,B) :- skip1(A,C0_0), copy1(C0_0,C), skip1(C,C1_0), skip1(C1_0,C3_0), copy1(C3_0,B).
(r86) p75(A,B) :- skip1(A,C), skip1(C,C1_0-1), copy1(C1_0-1,C1_0), copy1(C1_0,C2_0), mk_uppercase(C2_0,B).
(r87) p124(A,B) :- copy1(A,C), copy1(C,C1_0-1), copy1(C1_0-1,C1_0), skip1(C1_0,C2_0), copy1(C2_0,B).
(r88) p130(A,B) :- copy1(A,C), skip1(C,C1_0-1), mk_lowercase(C1_0-1,C1_0), copy1(C1_0,C2_0), copy1(C2_0,B).
(r89) p175(A,B) :- copy1(A,C0_0), copy1(C0_0,C), copy1(C,C2_0), mk_uppercase(C2_0,C1_0), mk_lowercase(C1_0,B).
(r90) p182(A,B) :- skip1(A,C), copy1(C,C1_0-1), copy1(C1_0-1,C1_0), skip1(C1_0,C2_0), copy1(C2_0,B).
(r91) p184(A,B) :- skip1(A,C0_0), mk_lowercase(C0_0,C), skip1(C,C1_0), skip1(C1_0,C3_0), mk_uppercase(C3_0,B).
(r92) p212(A,B) :- skip1(A,C), copy1(C,C1_0-1), copy1(C1_0-1,C1_0), skip1(C1_0,C2_0), copy1(C2_0,B).
(r93) p242(A,B) :- skip1(A,C), copy1(C,C1_0-1), copy1(C1_0-1,C1_0), mk_uppercase(C1_0,C2_0), copy1(C2_0,B).
(r94) p259(A,B) :- copy1(A,C), skip1(C,C1_0-1), copy1(C1_0-1,C1_0), skip1(C1_0,C2_0), copy1(C2_0,B).
(r95) p268(A,B) :- skip1(A,C), copy1(C,C1_0-1), mk_lowercase(C1_0-1,C1_0), mk_uppercase(C1_0,C2_0), copy1(C2_0,B).
(r96) p272(A,B) :- skip1(A,C0_0), mk_uppercase(C0_0,C), skip1(C,C1_0), copy1(C1_0,C3_0), mk_uppercase(C3_0,B).
(r97) p279(A,B) :- copy1(A,C), skip1(C,C1_0-1), copy1(C1_0-1,C1_0), copy1(C1_0,C2_0), copy1(C2_0,B).
(r98) p329(A,B) :- copy1(A,C0_0), mk_uppercase(C0_0,C), skip1(C,C1_0), skip1(C1_0,C3_0), mk_lowercase(C3_0,B).
(r99) p332(A,B) :- copy1(A,C), copy1(C,C1_0-1), mk_lowercase(C1_0-1,C1_0), skip1(C1_0,C2_0), mk_uppercase(C2_0,B).
(r100) p342(A,B) :- copy1(A,C), copy1(C,C1_0-1), copy1(C1_0-1,C1_0), copy1(C1_0,C2_0), copy1(C2_0,B).
(r101) p351(A,B) :- copy1(A,C), copy1(C,C1_0-1), copy1(C1_0-1,C1_0), mk_lowercase(C1_0,C2_0), copy1(C2_0,B).
(r102) p363(A,B) :- skip1(A,C0_0), copy1(C0_0,C), skip1(C,C1_0), copy1(C1_0,C3_0), copy1(C3_0,B).
(r103) p371(A,B) :- copy1(A,C0_0), copy1(C0_0,C), mk_uppercase(C,C2_0), mk_uppercase(C2_0,C1_0), mk_lowercase(C1_0,B).
(r104) p378(A,B) :- copy1(A,C0_0), copy1(C0_0,C), skip1(C,C1_0), copy1(C1_0,C3_0), copy1(C3_0,B).
(r105) p384(A,B) :- copy1(A,C), mk_lowercase(C,C1_0-1), copy1(C1_0-1,C1_0), mk_lowercase(C1_0,C2_0), mk_lowercase(C2_0,B).
(r106) p410(A,B) :- mk_lowercase(A,C), skip1(C,C1_0-1), copy1(C1_0-1,C1_0), copy1(C1_0,C2_0), copy1(C2_0,B).
(r107) p424(A,B) :- skip1(A,C), copy1(C,C1_0-1), mk_uppercase(C1_0-1,C1_0), skip1(C1_0,C2_0), copy1(C2_0,B).
(r108) p433(A,B) :- skip1(A,C0_0), mk_uppercase(C0_0,C), skip1(C,C1_0), skip1(C1_0,C3_0), copy1(C3_0,B).
(r109) p446(A,B) :- copy1(A,C), copy1(C,C1_0-1), copy1(C1_0-1,C1_0), copy1(C1_0,C2_0), mk_lowercase(C2_0,B).
(r110) p486(A,B) :- copy1(A,C), copy1(C,C1_0-1), copy1(C1_0-1,C1_0), skip1(C1_0,C2_0), copy1(C2_0,B).
(r111) p498(A,B) :- copy1(A,C0_0), mk_lowercase(C0_0,C), mk_uppercase(C,C1_0), copy1(C1_0,C3_0), copy1(C3_0,B).
(r112) p504(A,B) :- skip1(A,C0_0), copy1(C0_0,C), skip1(C,C1_0), copy1(C1_0,C3_0), mk_lowercase(C3_0,B).
(r113) p509(A,B) :- mk_lowercase(A,C0_0), mk_lowercase(C0_0,C), mk_uppercase(C,C1_0), mk_lowercase(C1_0,C3_0), copy1(C3_0,B).
(r114) p558(A,B) :- copy1(A,C0_0), mk_uppercase(C0_0,C), skip1(C,C1_0), skip1(C1_0,C3_0), mk_uppercase(C3_0,B).
(r115) p570(A,B) :- mk_uppercase(A,C), mk_uppercase(C,C1_0-1), copy1(C1_0-1,C1_0), skip1(C1_0,C2_0), copy1(C2_0,B).
(r116) p583(A,B) :- skip1(A,C), copy1(C,C1_0-1), copy1(C1_0-1,C1_0), skip1(C1_0,C2_0), copy1(C2_0,B).
(r117) p587(A,B) :- copy1(A,C), skip1(C,C1_0-1), copy1(C1_0-1,C1_0), skip1(C1_0,C2_0), copy1(C2_0,B).
(r118) p1(A,B) :- copy1(A,C), skip1(C,C1_0), skip1(C1_0,C2_0), copy1(C2_0,C3_0), copy1(C3_0,B).
(r119) p72(A,B) :- mk_uppercase(A,C), mk_lowercase(C,C1_0), skip1(C1_0,C2_0), copy1(C2_0,C3_0), copy1(C3_0,B).
(r120) p78(A,B) :- copy1(A,C), skip1(C,C1_0), skip1(C1_0,C2_0), skip1(C2_0,C3_0), mk_uppercase(C3_0,B).
(r121) p95(A,B) :- mk_lowercase(A,C), skip1(C,C1_0), skip1(C1_0,C2_0), copy1(C2_0,C3_0), mk_lowercase(C3_0,B).
(r122) p98(A,B) :- copy1(A,C0_0), copy1(C0_0,C1_0-1), mk_uppercase(C1_0-1,C1_0), mk_lowercase(C1_0,C), mk_uppercase(C,B).
(r123) p140(A,B) :- skip1(A,C), skip1(C,C1_0), skip1(C1_0,C2_0), skip1(C2_0,C3_0), copy1(C3_0,B).
(r124) p168(A,B) :- mk_uppercase(A,C), skip1(C,C1_0), skip1(C1_0,C2_0), copy1(C2_0,C3_0), mk_uppercase(C3_0,B).
(r125) p180(A,B) :- copy1(A,C), skip1(C,C1_0), skip1(C1_0,C2_0), skip1(C2_0,C3_0), copy1(C3_0,B).
(r126) p238(A,B) :- mk_uppercase(A,C), skip1(C,C1_0), skip1(C1_0,C2_0), mk_lowercase(C2_0,C3_0), copy1(C3_0,B).
(r127) p291(A,B) :- copy1(A,C0_0), copy1(C0_0,C), p101(C,C1_0), skip1(C1_0,C3_0), mk_uppercase(C3_0,B).
(r128) p309(A,B) :- p502(A,C0_0), copy1(C0_0,C1_0), skip1(C1_0,C2_0), copy1(C2_0,B), is_uppercase(B).
(r129) p463(A,B) :- copy1(A,C), skip1(C,C1_0-1), skip1(C1_0-1,C2_0), mk_uppercase(C2_0,C1_0), mk_uppercase(C1_0,B).
(r130) p99(A,B) :- mk_uppercase(A,C0_0), copy1(C0_0,C), mk_uppercase(C,C2_0), mk_uppercase(C2_0,C1_0), skip1(C1_0,C3_0), mk_uppercase(C3_0,B).
(r131) p156(A,B) :- mk_uppercase(A,C0_0), copy1(C0_0,C), skip1(C,C2_0), mk_lowercase(C2_0,C1_0), skip1(C1_0,C3_0), copy1(C3_0,B).
(r132) p190(A,B) :- copy1(A,C0_0), copy1(C0_0,C), copy1(C,C2_0), mk_uppercase(C2_0,C1_0), copy1(C1_0,C3_0), copy1(C3_0,B).
(r133) p193(A,B) :- mk_lowercase(A,C0_0), copy1(C0_0,C), skip1(C,C2_0), copy1(C2_0,C1_0), copy1(C1_0,C3_0), mk_uppercase(C3_0,B).
(r134) p198(A,B) :- skip1(A,C0_0), copy1(C0_0,C), copy1(C,C2_0), copy1(C2_0,C1_0), skip1(C1_0,C3_0), copy1(C3_0,B).
(r135) p224(A,B) :- skip1(A,C0_0), copy1(C0_0,C), skip1(C,C2_0), mk_uppercase(C2_0,C1_0), copy1(C1_0,C3_0), mk_lowercase(C3_0,B).
(r136) p248(A,B) :- skip1(A,C0_0), copy1(C0_0,C), skip1(C,C2_0), mk_lowercase(C2_0,C1_0), mk_lowercase(C1_0,C3_0), mk_lowercase(C3_0,B).
(r137) p295(A,B) :- copy1(A,C0_0), copy1(C0_0,C), skip1(C,C2_0), copy1(C2_0,C1_0), copy1(C1_0,C3_0), copy1(C3_0,B).
(r138) p317(A,B) :- mk_lowercase(A,C0_0), copy1(C0_0,C), skip1(C,C2_0), mk_uppercase(C2_0,C1_0), copy1(C1_0,C3_0), copy1(C3_0,B).
(r139) p350(A,B) :- skip1(A,C0_0), mk_lowercase(C0_0,C), copy1(C,C2_0), mk_uppercase(C2_0,C1_0), skip1(C1_0,C3_0), copy1(C3_0,B).
(r140) p352(A,B) :- skip1(A,C0_0), copy1(C0_0,C), copy1(C,C2_0), copy1(C2_0,C1_0), copy1(C1_0,C3_0), copy1(C3_0,B).
(r141) p382(A,B) :- skip1(A,C0_0), copy1(C0_0,C), copy1(C,C2_0), copy1(C2_0,C1_0), skip1(C1_0,C3_0), copy1(C3_0,B).
(r142) p401(A,B) :- skip1(A,C0_0), copy1(C0_0,C), skip1(C,C2_0), copy1(C2_0,C1_0), copy1(C1_0,C3_0), mk_lowercase(C3_0,B).
(r143) p487(A,B) :- mk_uppercase(A,C0_0), copy1(C0_0,C), copy1(C,C2_0), mk_uppercase(C2_0,C1_0), copy1(C1_0,C3_0), mk_lowercase(C3_0,B).
(r144) p528(A,B) :- skip1(A,C0_0), mk_uppercase(C0_0,C), copy1(C,C2_0), copy1(C2_0,C1_0), copy1(C1_0,C3_0), copy1(C3_0,B).
(r145) p546(A,B) :- skip1(A,C0_0), copy1(C0_0,C), skip1(C,C2_0), mk_lowercase(C2_0,C1_0), copy1(C1_0,C3_0), copy1(C3_0,B).
(r146) p571(A,B) :- skip1(A,C0_0), copy1(C0_0,C), copy1(C,C2_0), mk_lowercase(C2_0,C1_0), mk_uppercase(C1_0,C3_0), mk_uppercase(C3_0,B).
(r147) p594(A,B) :- copy1(A,C0_0), copy1(C0_0,C), copy1(C,C2_0), copy1(C2_0,C1_0), skip1(C1_0,C3_0), mk_uppercase(C3_0,B).
(r148) p40(A,B) :- skip1(A,C0_0), skip1(C0_0,C1_0-1), mk_uppercase(C1_0-1,C), mk_uppercase(C,C1_0), copy1(C1_0,C3_0), mk_uppercase(C3_0,B).
(r149) p52(A,B) :- mk_uppercase(A,C), copy1(C,C1_0-1), copy1(C1_0-1,C1_0), skip1(C1_0,C2_0), copy1(C2_0,C4_0), copy1(C4_0,B).
(r150) p57(A,B) :- copy1(A,C0_0), skip1(C0_0,C1_0-1), mk_uppercase(C1_0-1,C), skip1(C,C1_0), copy1(C1_0,C3_0), mk_lowercase(C3_0,B).
(r151) p79(A,B) :- copy1(A,C0_0), skip1(C0_0,C1_0-1), copy1(C1_0-1,C), mk_lowercase(C,C1_0), copy1(C1_0,C3_0), copy1(C3_0,B).
(r152) p132(A,B) :- skip1(A,C0_0), copy1(C0_0,C), skip1(C,C1_0), skip1(C1_0,C3_0), skip1(C3_0,C4_0), copy1(C4_0,B).
(r153) p173(A,B) :- copy1(A,C0_0), skip1(C0_0,C1_0-1), copy1(C1_0-1,C2_0), copy1(C2_0,C), copy1(C,C1_0), copy1(C1_0,B).
(r154) p196(A,B) :- copy1(A,C0_0), skip1(C0_0,C1_0-1), copy1(C1_0-1,C), skip1(C,C1_0), skip1(C1_0,C3_0), mk_lowercase(C3_0,B).
(r155) p205(A,B) :- mk_lowercase(A,C), copy1(C,C1_0-1), copy1(C1_0-1,C1_0), skip1(C1_0,C2_0), copy1(C2_0,C4_0), copy1(C4_0,B).
(r156) p233(A,B) :- copy1(A,C), skip1(C,C1_0), skip1(C1_0,C2_0), skip1(C2_0,C3_0), copy1(C3_0,C4_0), mk_lowercase(C4_0,B).
(r157) p286(A,B) :- copy1(A,C), skip1(C,C1_0), skip1(C1_0,C2_0), skip1(C2_0,C3_0), skip1(C3_0,C4_0), copy1(C4_0,B).
(r158) p294(A,B) :- mk_uppercase(A,C0_0), skip1(C0_0,C1_0-1), copy1(C1_0-1,C), copy1(C,C2_0), mk_lowercase(C2_0,C1_0), mk_uppercase(C1_0,B).
(r159) p302(A,B) :- mk_uppercase(A,C0_0), copy1(C0_0,C), copy1(C,C1_0), skip1(C1_0,C3_0), skip1(C3_0,C4_0), copy1(C4_0,B).
(r160) p312(A,B) :- mk_uppercase(A,C), skip1(C,C1_0), skip1(C1_0,C2_0-1), copy1(C2_0-1,C2_0), copy1(C2_0,C3_0), mk_lowercase(C3_0,B).
(r161) p365(A,B) :- copy1(A,C), skip1(C,C1_0), skip1(C1_0,C2_0-1), mk_lowercase(C2_0-1,C2_0), copy1(C2_0,C3_0), copy1(C3_0,B).
(r162) p379(A,B) :- skip1(A,C0_0), copy1(C0_0,C), skip1(C,C1_0), skip1(C1_0,C3_0-1), mk_uppercase(C3_0-1,C3_0), mk_lowercase(C3_0,B).
(r163) p415(A,B) :- copy1(A,C0_0), copy1(C0_0,C), copy1(C,C1_0), skip1(C1_0,C3_0), skip1(C3_0,C4_0), copy1(C4_0,B).
(r164) p425(A,B) :- copy1(A,C), skip1(C,C1_0), copy1(C1_0,C2_0-1), mk_lowercase(C2_0-1,C2_0), skip1(C2_0,C3_0), mk_uppercase(C3_0,B).
(r165) p434(A,B) :- skip1(A,C0_0), copy1(C0_0,C), skip1(C,C1_0), skip1(C1_0,C3_0), copy1(C3_0,C4_0), mk_lowercase(C4_0,B).
(r166) p441(A,B) :- copy1(A,C0_0), copy1(C0_0,C1_0-2), mk_uppercase(C1_0-2,C1_0-1), mk_lowercase(C1_0-1,C), copy1(C,C1_0), copy1(C1_0,B).
(r167) p540(A,B) :- mk_lowercase(A,C0_0), copy1(C0_0,C), skip1(C,C1_0), skip1(C1_0,C3_0), mk_uppercase(C3_0,C4_0), copy1(C4_0,B).
(r168) p578(A,B) :- copy1(A,C0_0), skip1(C0_0,C1_0-1), skip1(C1_0-1,C2_0), copy1(C2_0,C), skip1(C,C1_0), mk_uppercase(C1_0,B).
(r169) p593(A,B) :- skip1(A,C0_0), skip1(C0_0,C1_0-1), mk_uppercase(C1_0-1,C), skip1(C,C1_0), mk_lowercase(C1_0,C3_0), copy1(C3_0,B).
(r170) p3(A,B) :- copy1(A,C0_0), skip1(C0_0,C1_0-1), mk_lowercase(C1_0-1,C), skip1(C,C2_0), copy1(C2_0,C4_0), copy1(C4_0,C1_0), skip1(C1_0,C3_0), skip1(C3_0,C6_0), mk_uppercase(C6_0,C8_0), copy1(C8_0,B).
(r171) p32(A,B) :- skip1(A,C0_0), copy1(C0_0,C), copy1(C,C2_0-1), mk_uppercase(C2_0-1,C2_0), skip1(C2_0,C3_0-1), skip1(C3_0-1,C5_0-1), mk_uppercase(C5_0-1,C1_0), mk_uppercase(C1_0,C3_0), copy1(C3_0,C5_0), copy1(C5_0,B).
(r172) p37(A,B) :- skip1(A,C0_0), copy1(C0_0,C1_0-1), mk_uppercase(C1_0-1,C), skip1(C,C2_0), skip1(C2_0,C4_0), copy1(C4_0,C1_0), mk_uppercase(C1_0,C5_0), copy1(C5_0,C3_0), copy1(C3_0,C6_0), mk_lowercase(C6_0,B).
(r173) p67(A,B) :- copy1(A,C), mk_lowercase(C,C1_0-1), skip1(C1_0-1,C2_0-1), copy1(C2_0-1,C3_0), copy1(C3_0,C1_0), skip1(C1_0,C2_0), copy1(C2_0,C5_0), mk_uppercase(C5_0,C4_0), copy1(C4_0,C6_0), mk_lowercase(C6_0,B).
(r174) p68(A,B) :- copy1(A,C0_0), copy1(C0_0,C), mk_uppercase(C,C2_0), mk_uppercase(C2_0,C1_0), skip1(C1_0,C4_0), copy1(C4_0,C3_0), copy1(C3_0,C6_0), copy1(C6_0,C5_0), skip1(C5_0,C7_0), copy1(C7_0,B).
(r175) p89(A,B) :- copy1(A,C), skip1(C,C1_0-2), copy1(C1_0-2,C1_0-1), copy1(C1_0-1,C3_0), copy1(C3_0,C2_0-1), copy1(C2_0-1,C4_0-1), copy1(C4_0-1,C1_0), copy1(C1_0,C2_0), skip1(C2_0,C4_0), mk_lowercase(C4_0,B).
(r176) p131(A,B) :- skip1(A,C0_0), mk_uppercase(C0_0,C1_0-1), copy1(C1_0-1,C), skip1(C,C2_0), skip1(C2_0,C4_0-1), mk_uppercase(C4_0-1,C4_0), mk_lowercase(C4_0,C1_0), skip1(C1_0,C3_0), copy1(C3_0,C6_0), mk_uppercase(C6_0,B).
(r177) p154(A,B) :- copy1(A,C0_0), copy1(C0_0,C), copy1(C,C2_0), copy1(C2_0,C3_0-2), copy1(C3_0-2,C3_0-1), copy1(C3_0-1,C4_0), mk_uppercase(C4_0,C1_0), copy1(C1_0,C3_0), skip1(C3_0,C5_0), mk_uppercase(C5_0,B).
(r178) p170(A,B) :- skip1(A,C0_0), copy1(C0_0,C), copy1(C,C2_0), copy1(C2_0,C3_0-2), copy1(C3_0-2,C3_0-1), mk_lowercase(C3_0-1,C4_0), copy1(C4_0,C1_0), skip1(C1_0,C3_0), skip1(C3_0,C5_0), mk_uppercase(C5_0,B).
(r179) p176(A,B) :- copy1(A,C0_0), copy1(C0_0,C), skip1(C,C2_0), copy1(C2_0,C3_0-1), mk_lowercase(C3_0-1,C1_0), copy1(C1_0,C3_0), copy1(C3_0,C6_0), copy1(C6_0,C5_0), copy1(C5_0,C7_0), copy1(C7_0,B).
(r180) p178(A,B) :- copy1(A,C0_0-1), copy1(C0_0-1,C0_0), copy1(C0_0,C1_0-1), copy1(C1_0-1,C), skip1(C,C2_0), copy1(C2_0,C5_0), mk_lowercase(C5_0,C1_0), copy1(C1_0,C3_0), copy1(C3_0,C7_0), copy1(C7_0,B).
(r181) p179(A,B) :- skip1(A,C0_0-1), mk_uppercase(C0_0-1,C0_0), copy1(C0_0,C1_0-1), mk_lowercase(C1_0-1,C), skip1(C,C2_0), copy1(C2_0,C5_0), mk_uppercase(C5_0,C1_0), mk_lowercase(C1_0,C3_0), copy1(C3_0,C7_0), copy1(C7_0,B).
(r182) p186(A,B) :- skip1(A,C0_0), copy1(C0_0,C), mk_lowercase(C,C2_0), skip1(C2_0,C3_0-2), copy1(C3_0-2,C3_0-1), copy1(C3_0-1,C4_0), copy1(C4_0,C1_0), mk_uppercase(C1_0,C3_0), skip1(C3_0,C5_0), mk_lowercase(C5_0,B).
(r183) p245(A,B) :- skip1(A,C0_0), copy1(C0_0,C1_0-1), copy1(C1_0-1,C), mk_uppercase(C,C2_0), mk_uppercase(C2_0,C1_0), skip1(C1_0,C5_0), copy1(C5_0,C3_0), skip1(C3_0,C6_0), mk_uppercase(C6_0,C8_0), copy1(C8_0,B).
(r184) p252(A,B) :- copy1(A,C0_0), copy1(C0_0,C), copy1(C,C2_0-1), copy1(C2_0-1,C2_0), skip1(C2_0,C3_0-1), copy1(C3_0-1,C5_0-1), copy1(C5_0-1,C1_0), skip1(C1_0,C3_0), skip1(C3_0,C5_0), mk_uppercase(C5_0,B).
(r185) p263(A,B) :- skip1(A,C0_0), copy1(C0_0,C), skip1(C,C2_0-1), mk_lowercase(C2_0-1,C2_0), mk_lowercase(C2_0,C3_0-1), copy1(C3_0-1,C1_0), copy1(C1_0,C3_0), skip1(C3_0,C5_0), mk_lowercase(C5_0,C8_0), copy1(C8_0,B).
(r186) p277(A,B) :- copy1(A,C0_0), skip1(C0_0,C1_0-1), skip1(C1_0-1,C2_0-1), copy1(C2_0-1,C), copy1(C,C2_0), skip1(C2_0,C4_0), copy1(C4_0,C1_0), mk_uppercase(C1_0,C5_0), mk_uppercase(C5_0,C3_0), mk_lowercase(C3_0,B).
(r187) p280(A,B) :- copy1(A,C0_0), skip1(C0_0,C1_0-2), copy1(C1_0-2,C1_0-1), copy1(C1_0-1,C2_0), copy1(C2_0,C), copy1(C,C1_0), copy1(C1_0,C4_0), copy1(C4_0,C3_0), copy1(C3_0,C5_0), copy1(C5_0,B).
(r188) p296(A,B) :- copy1(A,C0_0), copy1(C0_0,C1_0-1), copy1(C1_0-1,C), mk_uppercase(C,C2_0), skip1(C2_0,C4_0), copy1(C4_0,C5_0), mk_lowercase(C5_0,C1_0), copy1(C1_0,C3_0), copy1(C3_0,C6_0), copy1(C6_0,B).
(r189) p301(A,B) :- copy1(A,C0_0), skip1(C0_0,C1_0-1), copy1(C1_0-1,C2_0-1), copy1(C2_0-1,C), skip1(C,C2_0), mk_lowercase(C2_0,C1_0), copy1(C1_0,C5_0), mk_lowercase(C5_0,C3_0), copy1(C3_0,C6_0), copy1(C6_0,B).
(r190) p355(A,B) :- copy1(A,C0_0-1), mk_lowercase(C0_0-1,C0_0), copy1(C0_0,C1_0-1), copy1(C1_0-1,C), mk_lowercase(C,C2_0), skip1(C2_0,C5_0), copy1(C5_0,C6_0), copy1(C6_0,C1_0), skip1(C1_0,C3_0), mk_lowercase(C3_0,B).
(r191) p390(A,B) :- skip1(A,C), skip1(C,C1_0-1), skip1(C1_0-1,C2_0-1), copy1(C2_0-1,C3_0-1), copy1(C3_0-1,C1_0), copy1(C1_0,C3_0), copy1(C3_0,C2_0), skip1(C2_0,C4_0), copy1(C4_0,C7_0), copy1(C7_0,B).
(r192) p391(A,B) :- copy1(A,C), copy1(C,C1_0-1), skip1(C1_0-1,C2_0-1), skip1(C2_0-1,C3_0), copy1(C3_0,C1_0), mk_lowercase(C1_0,C2_0), skip1(C2_0,C5_0), copy1(C5_0,C4_0), copy1(C4_0,C6_0), copy1(C6_0,B).
(r193) p418(A,B) :- mk_uppercase(A,C0_0), mk_uppercase(C0_0,C), skip1(C,C2_0), skip1(C2_0,C3_0-1), mk_uppercase(C3_0-1,C4_0), copy1(C4_0,C1_0), skip1(C1_0,C3_0), skip1(C3_0,C5_0), copy1(C5_0,C7_0), copy1(C7_0,B).
(r194) p490(A,B) :- mk_lowercase(A,C), copy1(C,C1_0-1), skip1(C1_0-1,C2_0-2), copy1(C2_0-2,C2_0-1), skip1(C2_0-1,C3_0), copy1(C3_0,C1_0), mk_lowercase(C1_0,C2_0), mk_uppercase(C2_0,C4_0), skip1(C4_0,C6_0), copy1(C6_0,B).
(r195) p499(A,B) :- copy1(A,C0_0-1), mk_uppercase(C0_0-1,C0_0), skip1(C0_0,C1_0-1), copy1(C1_0-1,C), copy1(C,C2_0), skip1(C2_0,C5_0), mk_uppercase(C5_0,C1_0), skip1(C1_0,C3_0), mk_uppercase(C3_0,C7_0), copy1(C7_0,B).
(r196) p524(A,B) :- skip1(A,C), skip1(C,C1_0-2), copy1(C1_0-2,C1_0-1), copy1(C1_0-1,C2_0-1), copy1(C2_0-1,C1_0), copy1(C1_0,C2_0), skip1(C2_0,C6_0), copy1(C6_0,C4_0), skip1(C4_0,C7_0), copy1(C7_0,B).
(r197) p527(A,B) :- skip1(A,C0_0), copy1(C0_0,C), skip1(C,C2_0), skip1(C2_0,C3_0-1), skip1(C3_0-1,C4_0-1), copy1(C4_0-1,C1_0), copy1(C1_0,C4_0), copy1(C4_0,C3_0), skip1(C3_0,C5_0), copy1(C5_0,B).
(r198) p582(A,B) :- skip1(A,C0_0), mk_lowercase(C0_0,C1_0-1), mk_lowercase(C1_0-1,C), copy1(C,C2_0), skip1(C2_0,C4_0), copy1(C4_0,C5_0), copy1(C5_0,C1_0), skip1(C1_0,C3_0), copy1(C3_0,C6_0), mk_uppercase(C6_0,B).
(r199) p598(A,B) :- copy1(A,C0_0), copy1(C0_0,C), skip1(C,C2_0-1), copy1(C2_0-1,C2_0), skip1(C2_0,C3_0-1), skip1(C3_0-1,C5_0-1), copy1(C5_0-1,C1_0), copy1(C1_0,C3_0), skip1(C3_0,C5_0), copy1(C5_0,B).
(r200) p600(A,B) :- copy1(A,C0_0-1), mk_uppercase(C0_0-1,C0_0), copy1(C0_0,C1_0-1), copy1(C1_0-1,C), copy1(C,C2_0), skip1(C2_0,C5_0), skip1(C5_0,C6_0), copy1(C6_0,C1_0), copy1(C1_0,C3_0), copy1(C3_0,B).
(r201) p51(A,B) :- copy1(A,C0_0), skip1(C0_0,C1_0-1), mk_lowercase(C1_0-1,C), mk_uppercase(C,C3_0), mk_uppercase(C3_0,C2_0), skip1(C2_0,C4_0), skip1(C4_0,C6_0), skip1(C6_0,C7_0), copy1(C7_0,C1_0), mk_uppercase(C1_0,B).
(r202) p188(A,B) :- skip1(A,C0_0), copy1(C0_0,C), skip1(C,C1_0), skip1(C1_0,C3_0-1), skip1(C3_0-1,C4_0-1), copy1(C4_0-1,C5_0), copy1(C5_0,C3_0), skip1(C3_0,C4_0), skip1(C4_0,C6_0), mk_lowercase(C6_0,B).
(r203) p386(A,B) :- copy1(A,C), skip1(C,C1_0-1), copy1(C1_0-1,C2_0-2), mk_lowercase(C2_0-2,C2_0-1), skip1(C2_0-1,C3_0-1), copy1(C3_0-1,C1_0), mk_lowercase(C1_0,C3_0), copy1(C3_0,C2_0), mk_lowercase(C2_0,C4_0), mk_lowercase(C4_0,B).
(r204) p465(A,B) :- skip1(A,C0_0), skip1(C0_0,C1_0-1), skip1(C1_0-1,C2_0), skip1(C2_0,C3_0-1), copy1(C3_0-1,C), skip1(C,C1_0), skip1(C1_0,C4_0), mk_lowercase(C4_0,C3_0), mk_lowercase(C3_0,C5_0), copy1(C5_0,B).
(r205) p9(A,B) :- skip1(A,C0_0), skip1(C0_0,C1_0-1), skip1(C1_0-1,C2_0-1), copy1(C2_0-1,C), copy1(C,C2_0), copy1(C2_0,C4_0), mk_uppercase(C4_0,C1_0), skip1(C1_0,C3_0), mk_uppercase(C3_0,B).
(r206) p25(A,B) :- skip1(A,C), skip1(C,C1_0-1), skip1(C1_0-1,C2_0-1), skip1(C2_0-1,C3_0), copy1(C3_0,C1_0), skip1(C1_0,C2_0), skip1(C2_0,C4_0), skip1(C4_0,C6_0), copy1(C6_0,B).
(r207) p43(A,B) :- copy1(A,C0_0), skip1(C0_0,C1_0-1), copy1(C1_0-1,C), skip1(C,C2_0), mk_uppercase(C2_0,C1_0), skip1(C1_0,C5_0), copy1(C5_0,C3_0), copy1(C3_0,C6_0), copy1(C6_0,B).
(r208) p61(A,B) :- mk_uppercase(A,C), mk_lowercase(C,C1_0-1), skip1(C1_0-1,C2_0-1), skip1(C2_0-1,C3_0-1), mk_lowercase(C3_0-1,C1_0), copy1(C1_0,C3_0), mk_lowercase(C3_0,C2_0), mk_uppercase(C2_0,C4_0), copy1(C4_0,B).
(r209) p64(A,B) :- copy1(A,C0_0), skip1(C0_0,C1_0-1), copy1(C1_0-1,C2_0), copy1(C2_0,C), copy1(C,C1_0), copy1(C1_0,C4_0), copy1(C4_0,C3_0), copy1(C3_0,C5_0), copy1(C5_0,B).
(r210) p66(A,B) :- copy1(A,C0_0), skip1(C0_0,C1_0-1), copy1(C1_0-1,C2_0-1), mk_uppercase(C2_0-1,C), skip1(C,C2_0), copy1(C2_0,C1_0), skip1(C1_0,C3_0), copy1(C3_0,C6_0), copy1(C6_0,B).
(r211) p87(A,B) :- skip1(A,C0_0), copy1(C0_0,C), skip1(C,C2_0), skip1(C2_0,C3_0-1), mk_uppercase(C3_0-1,C1_0), skip1(C1_0,C3_0), skip1(C3_0,C5_0), skip1(C5_0,C7_0), copy1(C7_0,B).
(r212) p88(A,B) :- copy1(A,C0_0), skip1(C0_0,C1_0-1), mk_lowercase(C1_0-1,C2_0-1), copy1(C2_0-1,C), copy1(C,C2_0), mk_uppercase(C2_0,C1_0), skip1(C1_0,C3_0), skip1(C3_0,C6_0), mk_uppercase(C6_0,B).
(r213) p96(A,B) :- skip1(A,C0_0), skip1(C0_0,C1_0-1), copy1(C1_0-1,C2_0), copy1(C2_0,C), skip1(C,C1_0), copy1(C1_0,C4_0), mk_lowercase(C4_0,C3_0), skip1(C3_0,C5_0), copy1(C5_0,B).
(r214) p97(A,B) :- skip1(A,C0_0), copy1(C0_0,C), mk_lowercase(C,C2_0), copy1(C2_0,C3_0-1), mk_uppercase(C3_0-1,C1_0), skip1(C1_0,C3_0), skip1(C3_0,C5_0), copy1(C5_0,C7_0), copy1(C7_0,B).
(r215) p117(A,B) :- skip1(A,C0_0-1), copy1(C0_0-1,C0_0), skip1(C0_0,C1_0-1), skip1(C1_0-1,C3_0-1), copy1(C3_0-1,C), copy1(C,C2_0), copy1(C2_0,C1_0), mk_uppercase(C1_0,C3_0), copy1(C3_0,B).
(r216) p127(A,B) :- copy1(A,C0_0), copy1(C0_0,C1_0-1), copy1(C1_0-1,C), skip1(C,C2_0), skip1(C2_0,C4_0), copy1(C4_0,C5_0), mk_lowercase(C5_0,C1_0), skip1(C1_0,C3_0), copy1(C3_0,B).
(r217) p135(A,B) :- skip1(A,C), skip1(C,C1_0-1), skip1(C1_0-1,C2_0-1), skip1(C2_0-1,C3_0-1), copy1(C3_0-1,C1_0), copy1(C1_0,C3_0), copy1(C3_0,C2_0), skip1(C2_0,C4_0), mk_lowercase(C4_0,B).
(r218) p139(A,B) :- mk_uppercase(A,C), skip1(C,C1_0-2), copy1(C1_0-2,C1_0-1), copy1(C1_0-1,C2_0-1), copy1(C2_0-1,C1_0), skip1(C1_0,C2_0), skip1(C2_0,C4_0), copy1(C4_0,C7_0), copy1(C7_0,B).
(r219) p151(A,B) :- mk_uppercase(A,C), skip1(C,C1_0-2), copy1(C1_0-2,C1_0-1), copy1(C1_0-1,C2_0-1), copy1(C2_0-1,C1_0), copy1(C1_0,C3_0), mk_lowercase(C3_0,C2_0), skip1(C2_0,C4_0), copy1(C4_0,B).
(r220) p159(A,B) :- copy1(A,C0_0), copy1(C0_0,C1_0-2), copy1(C1_0-2,C1_0-1), copy1(C1_0-1,C2_0-1), copy1(C2_0-1,C), copy1(C,C2_0), mk_lowercase(C2_0,C1_0), copy1(C1_0,C3_0), copy1(C3_0,B).
(r221) p194(A,B) :- copy1(A,C0_0-1), copy1(C0_0-1,C0_0), skip1(C0_0,C1_0-1), copy1(C1_0-1,C), skip1(C,C1_0), mk_lowercase(C1_0,C5_0), copy1(C5_0,C3_0), mk_uppercase(C3_0,C6_0), copy1(C6_0,B).
(r222) p206(A,B) :- skip1(A,C0_0-1), copy1(C0_0-1,C0_0), skip1(C0_0,C1_0-1), mk_uppercase(C1_0-1,C3_0-1), copy1(C3_0-1,C), copy1(C,C1_0), skip1(C1_0,C3_0), skip1(C3_0,C6_0), copy1(C6_0,B).
(r223) p226(A,B) :- skip1(A,C0_0), copy1(C0_0,C1_0-1), copy1(C1_0-1,C), skip1(C,C2_0), copy1(C2_0,C1_0), copy1(C1_0,C5_0), copy1(C5_0,C3_0), skip1(C3_0,C6_0), copy1(C6_0,B).
(r224) p234(A,B) :- copy1(A,C0_0), skip1(C0_0,C1_0-1), skip1(C1_0-1,C2_0), copy1(C2_0,C), copy1(C,C1_0), copy1(C1_0,C4_0), copy1(C4_0,C3_0), skip1(C3_0,C5_0), copy1(C5_0,B).
(r225) p236(A,B) :- copy1(A,C0_0), copy1(C0_0,C), skip1(C,C2_0), skip1(C2_0,C3_0-1), copy1(C3_0-1,C4_0), copy1(C4_0,C1_0), skip1(C1_0,C3_0), skip1(C3_0,C5_0), mk_lowercase(C5_0,B).
(r226) p249(A,B) :- copy1(A,C0_0), copy1(C0_0,C1_0-2), copy1(C1_0-2,C1_0-1), copy1(C1_0-1,C2_0), copy1(C2_0,C), skip1(C,C1_0), skip1(C1_0,C3_0), copy1(C3_0,C5_0), copy1(C5_0,B).
(r227) p282(A,B) :- skip1(A,C0_0), copy1(C0_0,C), copy1(C,C2_0-1), copy1(C2_0-1,C2_0), skip1(C2_0,C3_0-1), copy1(C3_0-1,C5_0), copy1(C5_0,C1_0), mk_uppercase(C1_0,C3_0), mk_uppercase(C3_0,B).
(r228) p323(A,B) :- copy1(A,C), copy1(C,C1_0-1), skip1(C1_0-1,C2_0-1), skip1(C2_0-1,C3_0-1), copy1(C3_0-1,C1_0), mk_uppercase(C1_0,C3_0), copy1(C3_0,C2_0), skip1(C2_0,C4_0), copy1(C4_0,B).
(r229) p343(A,B) :- mk_lowercase(A,C), skip1(C,C1_0-1), skip1(C1_0-1,C2_0-1), skip1(C2_0-1,C3_0-1), copy1(C3_0-1,C1_0), skip1(C1_0,C3_0), mk_lowercase(C3_0,C2_0), copy1(C2_0,C4_0), copy1(C4_0,B).
(r230) p396(A,B) :- copy1(A,C0_0), mk_lowercase(C0_0,C), mk_lowercase(C,C2_0), copy1(C2_0,C3_0-1), copy1(C3_0-1,C1_0), skip1(C1_0,C3_0), skip1(C3_0,C5_0), skip1(C5_0,C7_0), copy1(C7_0,B).
(r231) p405(A,B) :- skip1(A,C), copy1(C,C1_0-2), copy1(C1_0-2,C1_0-1), copy1(C1_0-1,C2_0-1), mk_uppercase(C2_0-1,C1_0), copy1(C1_0,C3_0), mk_lowercase(C3_0,C2_0), copy1(C2_0,C4_0), copy1(C4_0,B).
(r232) p413(A,B) :- skip1(A,C), skip1(C,C1_0-1), skip1(C1_0-1,C2_0-1), skip1(C2_0-1,C3_0-1), copy1(C3_0-1,C1_0), copy1(C1_0,C3_0), copy1(C3_0,C2_0), mk_lowercase(C2_0,C4_0), copy1(C4_0,B).
(r233) p426(A,B) :- copy1(A,C), copy1(C,C1_0-1), copy1(C1_0-1,C2_0-2), copy1(C2_0-2,C2_0-1), mk_lowercase(C2_0-1,C3_0), copy1(C3_0,C1_0), skip1(C1_0,C2_0), skip1(C2_0,C4_0), mk_uppercase(C4_0,B).
(r234) p431(A,B) :- skip1(A,C0_0), mk_lowercase(C0_0,C1_0-2), copy1(C1_0-2,C1_0-1), mk_uppercase(C1_0-1,C2_0), copy1(C2_0,C), skip1(C,C1_0), skip1(C1_0,C3_0), skip1(C3_0,C5_0), mk_lowercase(C5_0,B).
(r235) p444(A,B) :- skip1(A,C), copy1(C,C1_0-2), copy1(C1_0-2,C1_0-1), skip1(C1_0-1,C2_0-1), copy1(C2_0-1,C4_0), copy1(C4_0,C1_0), skip1(C1_0,C3_0), mk_uppercase(C3_0,C2_0), mk_lowercase(C2_0,B).
(r236) p452(A,B) :- copy1(A,C), skip1(C,C1_0-1), copy1(C1_0-1,C2_0-2), mk_uppercase(C2_0-2,C2_0-1), skip1(C2_0-1,C3_0), copy1(C3_0,C1_0), mk_uppercase(C1_0,C2_0), copy1(C2_0,C4_0), copy1(C4_0,B).
(r237) p477(A,B) :- skip1(A,C0_0), copy1(C0_0,C1_0-2), copy1(C1_0-2,C1_0-1), skip1(C1_0-1,C2_0), copy1(C2_0,C), copy1(C,C1_0), skip1(C1_0,C3_0), copy1(C3_0,C5_0), copy1(C5_0,B).
(r238) p497(A,B) :- copy1(A,C), copy1(C,C1_0-1), skip1(C1_0-1,C2_0-1), skip1(C2_0-1,C3_0), copy1(C3_0,C1_0), skip1(C1_0,C2_0), skip1(C2_0,C4_0), skip1(C4_0,C6_0), copy1(C6_0,B).
(r239) p507(A,B) :- mk_uppercase(A,C0_0-1), copy1(C0_0-1,C0_0), copy1(C0_0,C1_0-1), mk_lowercase(C1_0-1,C), copy1(C,C1_0), copy1(C1_0,C5_0), copy1(C5_0,C3_0), skip1(C3_0,C6_0), copy1(C6_0,B).
(r240) p532(A,B) :- skip1(A,C0_0-1), copy1(C0_0-1,C0_0), skip1(C0_0,C1_0-1), copy1(C1_0-1,C), mk_uppercase(C,C2_0), mk_lowercase(C2_0,C5_0), copy1(C5_0,C1_0), skip1(C1_0,C3_0), copy1(C3_0,B).
(r241) p543(A,B) :- skip1(A,C0_0-1), copy1(C0_0-1,C0_0), copy1(C0_0,C1_0-1), mk_uppercase(C1_0-1,C), copy1(C,C1_0), copy1(C1_0,C5_0), copy1(C5_0,C3_0), copy1(C3_0,C6_0), copy1(C6_0,B).
(r242) p557(A,B) :- mk_lowercase(A,C), skip1(C,C1_0-1), skip1(C1_0-1,C2_0-1), skip1(C2_0-1,C3_0-1), copy1(C3_0-1,C1_0), skip1(C1_0,C3_0), mk_lowercase(C3_0,C2_0), mk_uppercase(C2_0,C4_0), copy1(C4_0,B).
(r243) p573(A,B) :- mk_uppercase(A,C0_0-1), copy1(C0_0-1,C0_0), skip1(C0_0,C1_0-1), copy1(C1_0-1,C), skip1(C,C2_0), skip1(C2_0,C5_0), skip1(C5_0,C6_0), mk_uppercase(C6_0,C1_0), mk_uppercase(C1_0,B).
(r244) p588(A,B) :- copy1(A,C), skip1(C,C1_0-1), skip1(C1_0-1,C2_0-1), skip1(C2_0-1,C3_0-1), copy1(C3_0-1,C1_0), skip1(C1_0,C3_0), copy1(C3_0,C2_0), skip1(C2_0,C4_0), mk_lowercase(C4_0,B).
(r245) p70(A,B) :- copy1(A,C), copy1(C,C1_0-1), skip1(C1_0-1,C2_0-1), skip1(C2_0-1,C3_0), skip1(C3_0,C4_0), skip1(C4_0,C5_0), copy1(C5_0,C1_0), copy1(C1_0,C2_0), mk_lowercase(C2_0,B).
(r246) p109(A,B) :- copy1(A,C0_0), skip1(C0_0,C1_0-1), skip1(C1_0-1,C2_0), skip1(C2_0,C3_0-1), copy1(C3_0-1,C4_0), mk_lowercase(C4_0,C), skip1(C,C1_0), skip1(C1_0,C3_0), copy1(C3_0,B).
(r247) p335(A,B) :- skip1(A,C0_0), skip1(C0_0,C1_0-1), skip1(C1_0-1,C2_0-1), mk_lowercase(C2_0-1,C), skip1(C,C2_0), skip1(C2_0,C4_0), copy1(C4_0,C6_0), mk_lowercase(C6_0,C1_0), mk_uppercase(C1_0,B).
(r248) p354(A,B) :- copy1(A,C0_0-1), mk_lowercase(C0_0-1,C0_0), copy1(C0_0,C1_0-1), copy1(C1_0-1,C), skip1(C,C2_0), skip1(C2_0,C5_0), skip1(C5_0,C6_0), mk_lowercase(C6_0,C1_0), mk_uppercase(C1_0,B).
(r249) p14(A,B) :- copy1(A,C0_0-1), copy1(C0_0-1,C0_0), copy1(C0_0,C1_0-1), mk_uppercase(C1_0-1,C), copy1(C,C1_0), skip1(C1_0,C3_0), skip1(C3_0,C6_0), copy1(C6_0,B).
(r250) p19(A,B) :- copy1(A,C0_0), copy1(C0_0,C), copy1(C,C2_0), skip1(C2_0,C3_0-1), copy1(C3_0-1,C1_0), copy1(C1_0,C3_0), skip1(C3_0,C5_0), copy1(C5_0,B).
(r251) p28(A,B) :- copy1(A,C0_0), skip1(C0_0,C1_0-1), copy1(C1_0-1,C), skip1(C,C1_0), skip1(C1_0,C4_0), copy1(C4_0,C3_0), copy1(C3_0,C5_0), mk_uppercase(C5_0,B).
(r252) p33(A,B) :- skip1(A,C0_0), mk_lowercase(C0_0,C1_0-1), mk_lowercase(C1_0-1,C), skip1(C,C2_0), mk_lowercase(C2_0,C1_0), skip1(C1_0,C3_0), skip1(C3_0,C6_0), mk_uppercase(C6_0,B).
(r253) p49(A,B) :- mk_lowercase(A,C), copy1(C,C1_0-1), copy1(C1_0-1,C2_0-1), copy1(C2_0-1,C1_0), copy1(C1_0,C3_0), copy1(C3_0,C2_0), skip1(C2_0,C4_0), mk_lowercase(C4_0,B).
(r254) p84(A,B) :- mk_uppercase(A,C), skip1(C,C1_0-1), skip1(C1_0-1,C2_0-1), skip1(C2_0-1,C3_0), copy1(C3_0,C1_0), copy1(C1_0,C2_0), skip1(C2_0,C4_0), mk_uppercase(C4_0,B).
(r255) p106(A,B) :- skip1(A,C), skip1(C,C1_0-1), skip1(C1_0-1,C2_0-1), skip1(C2_0-1,C3_0), mk_uppercase(C3_0,C1_0), mk_lowercase(C1_0,C2_0), copy1(C2_0,C4_0), copy1(C4_0,B).
(r256) p121(A,B) :- mk_lowercase(A,C0_0-1), copy1(C0_0-1,C0_0), mk_lowercase(C0_0,C1_0-1), copy1(C1_0-1,C), copy1(C,C2_0), copy1(C2_0,C1_0), copy1(C1_0,C3_0), mk_uppercase(C3_0,B).
(r257) p128(A,B) :- mk_uppercase(A,C0_0), skip1(C0_0,C1_0-1), copy1(C1_0-1,C), skip1(C,C2_0), copy1(C2_0,C1_0), skip1(C1_0,C3_0), skip1(C3_0,C6_0), copy1(C6_0,B).
(r258) p133(A,B) :- copy1(A,C), skip1(C,C1_0-1), copy1(C1_0-1,C2_0-1), mk_lowercase(C2_0-1,C1_0), copy1(C1_0,C3_0), mk_uppercase(C3_0,C2_0), skip1(C2_0,C4_0), copy1(C4_0,B).
(r259) p138(A,B) :- copy1(A,C), copy1(C,C1_0-2), mk_lowercase(C1_0-2,C1_0-1), copy1(C1_0-1,C2_0-1), copy1(C2_0-1,C1_0), skip1(C1_0,C2_0), skip1(C2_0,C4_0), mk_lowercase(C4_0,B).
(r260) p143(A,B) :- skip1(A,C0_0), skip1(C0_0,C1_0-1), skip1(C1_0-1,C2_0-1), copy1(C2_0-1,C), copy1(C,C2_0), copy1(C2_0,C1_0), skip1(C1_0,C3_0), mk_lowercase(C3_0,B).
(r261) p147(A,B) :- skip1(A,C0_0), skip1(C0_0,C1_0-1), mk_lowercase(C1_0-1,C2_0-1), copy1(C2_0-1,C), copy1(C,C2_0), copy1(C2_0,C1_0), skip1(C1_0,C3_0), mk_lowercase(C3_0,B).
(r262) p152(A,B) :- copy1(A,C0_0), skip1(C0_0,C1_0-1), skip1(C1_0-1,C2_0), copy1(C2_0,C), mk_uppercase(C,C1_0), mk_lowercase(C1_0,C3_0), skip1(C3_0,C5_0), mk_lowercase(C5_0,B).
(r263) p181(A,B) :- copy1(A,C0_0), skip1(C0_0,C1_0-1), copy1(C1_0-1,C2_0-1), mk_uppercase(C2_0-1,C), mk_uppercase(C,C2_0), copy1(C2_0,C1_0), skip1(C1_0,C3_0), copy1(C3_0,B).
(r264) p195(A,B) :- skip1(A,C), skip1(C,C1_0-2), mk_uppercase(C1_0-2,C1_0-1), skip1(C1_0-1,C2_0-1), skip1(C2_0-1,C4_0), copy1(C4_0,C1_0), skip1(C1_0,C2_0), copy1(C2_0,B).
(r265) p201(A,B) :- copy1(A,C), copy1(C,C1_0-1), mk_lowercase(C1_0-1,C1_0), skip1(C1_0,C2_0), copy1(C2_0,C4_0-1), copy1(C4_0-1,C4_0), skip1(C4_0,C5_0), copy1(C5_0,B).
(r266) p223(A,B) :- copy1(A,C0_0-1), copy1(C0_0-1,C0_0), copy1(C0_0,C1_0-1), copy1(C1_0-1,C), skip1(C,C1_0), skip1(C1_0,C3_0), copy1(C3_0,C6_0), copy1(C6_0,B).
(r267) p232(A,B) :- copy1(A,C0_0), copy1(C0_0,C1_0-1), copy1(C1_0-1,C), copy1(C,C1_0), skip1(C1_0,C4_0), copy1(C4_0,C3_0), skip1(C3_0,C5_0), copy1(C5_0,B).
(r268) p235(A,B) :- copy1(A,C), mk_lowercase(C,C1_0-1), skip1(C1_0-1,C2_0-2), copy1(C2_0-2,C2_0-1), copy1(C2_0-1,C3_0), copy1(C3_0,C1_0), mk_uppercase(C1_0,C2_0), mk_uppercase(C2_0,B).
(r269) p266(A,B) :- copy1(A,C0_0), skip1(C0_0,C1_0-1), skip1(C1_0-1,C2_0), copy1(C2_0,C), skip1(C,C1_0), skip1(C1_0,C3_0), copy1(C3_0,C5_0), copy1(C5_0,B).
(r270) p285(A,B) :- mk_lowercase(A,C), copy1(C,C1_0-1), mk_lowercase(C1_0-1,C1_0), skip1(C1_0,C3_0), copy1(C3_0,C2_0), skip1(C2_0,C4_0), copy1(C4_0,C6_0), copy1(C6_0,B).
(r271) p289(A,B) :- copy1(A,C0_0), skip1(C0_0,C1_0-1), mk_lowercase(C1_0-1,C), skip1(C,C1_0), skip1(C1_0,C4_0), copy1(C4_0,C3_0), skip1(C3_0,C5_0), copy1(C5_0,B).
(r272) p324(A,B) :- copy1(A,C0_0-1), copy1(C0_0-1,C0_0), skip1(C0_0,C1_0-1), mk_lowercase(C1_0-1,C), mk_lowercase(C,C1_0), skip1(C1_0,C3_0), copy1(C3_0,C6_0), copy1(C6_0,B).
(r273) p326(A,B) :- copy1(A,C0_0), copy1(C0_0,C), copy1(C,C2_0), copy1(C2_0,C1_0), skip1(C1_0,C4_0), copy1(C4_0,C3_0), copy1(C3_0,C5_0), copy1(C5_0,B).
(r274) p330(A,B) :- skip1(A,C0_0), skip1(C0_0,C1_0-1), mk_lowercase(C1_0-1,C2_0), copy1(C2_0,C), mk_lowercase(C,C1_0), skip1(C1_0,C3_0), copy1(C3_0,C5_0), copy1(C5_0,B).
(r275) p341(A,B) :- copy1(A,C), skip1(C,C1_0-2), copy1(C1_0-2,C1_0-1), skip1(C1_0-1,C2_0-1), copy1(C2_0-1,C4_0), mk_lowercase(C4_0,C1_0), skip1(C1_0,C2_0), copy1(C2_0,B).
(r276) p370(A,B) :- skip1(A,C0_0-1), mk_lowercase(C0_0-1,C0_0), copy1(C0_0,C1_0-1), copy1(C1_0-1,C), mk_lowercase(C,C2_0), mk_lowercase(C2_0,C1_0), mk_uppercase(C1_0,C3_0), copy1(C3_0,B).
(r277) p374(A,B) :- skip1(A,C0_0-1), copy1(C0_0-1,C0_0), skip1(C0_0,C1_0-1), copy1(C1_0-1,C3_0-1), copy1(C3_0-1,C), skip1(C,C1_0), skip1(C1_0,C3_0), copy1(C3_0,B).
(r278) p381(A,B) :- skip1(A,C0_0), copy1(C0_0,C1_0-1), mk_lowercase(C1_0-1,C), copy1(C,C1_0), skip1(C1_0,C4_0), copy1(C4_0,C3_0), skip1(C3_0,C5_0), copy1(C5_0,B).
(r279) p388(A,B) :- skip1(A,C0_0), skip1(C0_0,C1_0-1), copy1(C1_0-1,C), copy1(C,C3_0-1), mk_uppercase(C3_0-1,C2_0), mk_lowercase(C2_0,C1_0), skip1(C1_0,C3_0), copy1(C3_0,B).
(r280) p403(A,B) :- skip1(A,C), skip1(C,C1_0-2), mk_lowercase(C1_0-2,C1_0-1), mk_uppercase(C1_0-1,C1_0), skip1(C1_0,C3_0), copy1(C3_0,C2_0), skip1(C2_0,C4_0), copy1(C4_0,B).
(r281) p422(A,B) :- skip1(A,C), skip1(C,C1_0-1), mk_lowercase(C1_0-1,C2_0-1), mk_lowercase(C2_0-1,C1_0), copy1(C1_0,C2_0), skip1(C2_0,C4_0), skip1(C4_0,C6_0), copy1(C6_0,B).
(r282) p451(A,B) :- copy1(A,C0_0-1), copy1(C0_0-1,C0_0), mk_uppercase(C0_0,C1_0-1), copy1(C1_0-1,C), copy1(C,C1_0), skip1(C1_0,C3_0), mk_uppercase(C3_0,C6_0), copy1(C6_0,B).
(r283) p478(A,B) :- skip1(A,C), skip1(C,C1_0-2), copy1(C1_0-2,C1_0-1), skip1(C1_0-1,C2_0-1), skip1(C2_0-1,C4_0), copy1(C4_0,C1_0), skip1(C1_0,C2_0), copy1(C2_0,B).
(r284) p482(A,B) :- skip1(A,C0_0), skip1(C0_0,C1_0-1), mk_lowercase(C1_0-1,C2_0), copy1(C2_0,C), copy1(C,C1_0), skip1(C1_0,C3_0), skip1(C3_0,C5_0), copy1(C5_0,B).
(r285) p484(A,B) :- copy1(A,C0_0), mk_uppercase(C0_0,C), skip1(C,C2_0), copy1(C2_0,C1_0), copy1(C1_0,C4_0), copy1(C4_0,C3_0), copy1(C3_0,C5_0), copy1(C5_0,B).
(r286) p491(A,B) :- copy1(A,C0_0-1), copy1(C0_0-1,C0_0), skip1(C0_0,C1_0-1), copy1(C1_0-1,C), copy1(C,C2_0), mk_lowercase(C2_0,C1_0), copy1(C1_0,C3_0), copy1(C3_0,B).
(r287) p511(A,B) :- copy1(A,C0_0-1), mk_uppercase(C0_0-1,C0_0), skip1(C0_0,C1_0-1), copy1(C1_0-1,C), mk_lowercase(C,C2_0), copy1(C2_0,C1_0), mk_lowercase(C1_0,C3_0), copy1(C3_0,B).
(r288) p515(A,B) :- copy1(A,C0_0-1), mk_lowercase(C0_0-1,C0_0), mk_uppercase(C0_0,C), copy1(C,C2_0), mk_lowercase(C2_0,C1_0), skip1(C1_0,C3_0), mk_lowercase(C3_0,C6_0), copy1(C6_0,B).
(r289) p516(A,B) :- skip1(A,C0_0-1), mk_lowercase(C0_0-1,C0_0), mk_lowercase(C0_0,C1_0-1), mk_lowercase(C1_0-1,C), skip1(C,C2_0), copy1(C2_0,C1_0), skip1(C1_0,C3_0), copy1(C3_0,B).
(r290) p518(A,B) :- copy1(A,C0_0-1), copy1(C0_0-1,C0_0), skip1(C0_0,C1_0-1), copy1(C1_0-1,C), skip1(C,C1_0), skip1(C1_0,C3_0), skip1(C3_0,C6_0), mk_lowercase(C6_0,B).
(r291) p548(A,B) :- mk_lowercase(A,C), copy1(C,C1_0-2), copy1(C1_0-2,C1_0-1), copy1(C1_0-1,C2_0-1), mk_lowercase(C2_0-1,C1_0), mk_uppercase(C1_0,C2_0), mk_uppercase(C2_0,C4_0), copy1(C4_0,B).
(r292) p551(A,B) :- copy1(A,C), copy1(C,C1_0-2), mk_uppercase(C1_0-2,C1_0-1), mk_uppercase(C1_0-1,C2_0-1), copy1(C2_0-1,C1_0), skip1(C1_0,C2_0), copy1(C2_0,C4_0), copy1(C4_0,B).
(r293) p563(A,B) :- copy1(A,C0_0), skip1(C0_0,C1_0-1), mk_lowercase(C1_0-1,C2_0), copy1(C2_0,C), skip1(C,C1_0), skip1(C1_0,C3_0), copy1(C3_0,C5_0), mk_lowercase(C5_0,B).
(r294) p579(A,B) :- skip1(A,C0_0), copy1(C0_0,C), skip1(C,C2_0), copy1(C2_0,C1_0), copy1(C1_0,C4_0), copy1(C4_0,C3_0), skip1(C3_0,C5_0), copy1(C5_0,B).
(r295) p585(A,B) :- copy1(A,C), skip1(C,C1_0-1), copy1(C1_0-1,C2_0-1), mk_lowercase(C2_0-1,C1_0), skip1(C1_0,C3_0), copy1(C3_0,C2_0), copy1(C2_0,C4_0), mk_lowercase(C4_0,B).
(r296) p595(A,B) :- mk_lowercase(A,C0_0), copy1(C0_0,C), skip1(C,C2_0), skip1(C2_0,C3_0-1), mk_lowercase(C3_0-1,C1_0), skip1(C1_0,C3_0), copy1(C3_0,C5_0), copy1(C5_0,B).
(r297) p24(A,B) :- copy1(A,C0_0-1), copy1(C0_0-1,C0_0), skip1(C0_0,C1_0-1), copy1(C1_0-1,C), skip1(C,C1_0), mk_lowercase(C1_0,C3_0), mk_lowercase(C3_0,B).
(r298) p36(A,B) :- mk_uppercase(A,C), copy1(C,C1_0-2), copy1(C1_0-2,C1_0-1), skip1(C1_0-1,C2_0-1), copy1(C2_0-1,C1_0), mk_lowercase(C1_0,C2_0), copy1(C2_0,B).
(r299) p83(A,B) :- mk_uppercase(A,C), skip1(C,C1_0-1), skip1(C1_0-1,C2_0-1), skip1(C2_0-1,C3_0), copy1(C3_0,C1_0), copy1(C1_0,C2_0), copy1(C2_0,B).
(r300) p93(A,B) :- skip1(A,C0_0-1), mk_uppercase(C0_0-1,C0_0), mk_lowercase(C0_0,C), copy1(C,C1_0), skip1(C1_0,C3_0), skip1(C3_0,C5_0), copy1(C5_0,B).
(r301) p94(A,B) :- skip1(A,C), mk_uppercase(C,C1_0-1), mk_uppercase(C1_0-1,C1_0), skip1(C1_0,C2_0), skip1(C2_0,C4_0), skip1(C4_0,C5_0), copy1(C5_0,B).
(r302) p115(A,B) :- copy1(A,C), skip1(C,C1_0-1), copy1(C1_0-1,C2_0-1), mk_lowercase(C2_0-1,C1_0), mk_uppercase(C1_0,C2_0), mk_uppercase(C2_0,C4_0), copy1(C4_0,B).
(r303) p123(A,B) :- copy1(A,C), copy1(C,C1_0-1), skip1(C1_0-1,C2_0-1), copy1(C2_0-1,C1_0), copy1(C1_0,C2_0), skip1(C2_0,C4_0), copy1(C4_0,B).
(r304) p149(A,B) :- copy1(A,C0_0), skip1(C0_0,C1_0-1), mk_uppercase(C1_0-1,C), skip1(C,C1_0), skip1(C1_0,C3_0), copy1(C3_0,C5_0), copy1(C5_0,B).
(r305) p162(A,B) :- mk_lowercase(A,C), copy1(C,C1_0-1), skip1(C1_0-1,C2_0-1), mk_lowercase(C2_0-1,C2_0), copy1(C2_0,C3_0), copy1(C3_0,C1_0), copy1(C1_0,B).
(r306) p192(A,B) :- skip1(A,C0_0), skip1(C0_0,C1_0-1), mk_lowercase(C1_0-1,C), mk_lowercase(C,C1_0), skip1(C1_0,C3_0), copy1(C3_0,C5_0), copy1(C5_0,B).
(r307) p217(A,B) :- copy1(A,C0_0), copy1(C0_0,C1_0-1), copy1(C1_0-1,C), skip1(C,C2_0), mk_uppercase(C2_0,C1_0), copy1(C1_0,C3_0), copy1(C3_0,B).
(r308) p247(A,B) :- skip1(A,C), skip1(C,C1_0-1), skip1(C1_0-1,C2_0-1), skip1(C2_0-1,C3_0), copy1(C3_0,C1_0), copy1(C1_0,C2_0), copy1(C2_0,B).
(r309) p255(A,B) :- skip1(A,C0_0), copy1(C0_0,C1_0-1), copy1(C1_0-1,C), skip1(C,C1_0), skip1(C1_0,C3_0), copy1(C3_0,C5_0), copy1(C5_0,B).
(r310) p257(A,B) :- copy1(A,C0_0), skip1(C0_0,C1_0-1), mk_uppercase(C1_0-1,C), skip1(C,C2_0), copy1(C2_0,C1_0), skip1(C1_0,C3_0), copy1(C3_0,B).
(r311) p267(A,B) :- copy1(A,C0_0-1), copy1(C0_0-1,C0_0), skip1(C0_0,C1_0-1), mk_lowercase(C1_0-1,C), skip1(C,C1_0), mk_lowercase(C1_0,C3_0), copy1(C3_0,B).
(r312) p299(A,B) :- copy1(A,C0_0), copy1(C0_0,C1_0-1), copy1(C1_0-1,C), skip1(C,C1_0), skip1(C1_0,C3_0), copy1(C3_0,C5_0), mk_lowercase(C5_0,B).
(r313) p310(A,B) :- copy1(A,C0_0), skip1(C0_0,C1_0-2), copy1(C1_0-2,C1_0-1), skip1(C1_0-1,C2_0), copy1(C2_0,C), mk_uppercase(C,C1_0), copy1(C1_0,B).
(r314) p315(A,B) :- copy1(A,C0_0), skip1(C0_0,C1_0-1), copy1(C1_0-1,C), skip1(C,C2_0), mk_uppercase(C2_0,C1_0), copy1(C1_0,C3_0), copy1(C3_0,B).
(r315) p320(A,B) :- skip1(A,C0_0), mk_lowercase(C0_0,C), copy1(C,C1_0), copy1(C1_0,C3_0-1), copy1(C3_0-1,C3_0), copy1(C3_0,C4_0), copy1(C4_0,B).
(r316) p328(A,B) :- skip1(A,C0_0), skip1(C0_0,C1_0-1), mk_lowercase(C1_0-1,C), copy1(C,C2_0), mk_uppercase(C2_0,C1_0), mk_uppercase(C1_0,C3_0), copy1(C3_0,B).
(r317) p331(A,B) :- skip1(A,C0_0-1), copy1(C0_0-1,C0_0), skip1(C0_0,C1_0-1), copy1(C1_0-1,C), mk_uppercase(C,C1_0), copy1(C1_0,C3_0), copy1(C3_0,B).
(r318) p360(A,B) :- copy1(A,C0_0), copy1(C0_0,C1_0-1), copy1(C1_0-1,C), skip1(C,C2_0), mk_uppercase(C2_0,C1_0), skip1(C1_0,C3_0), copy1(C3_0,B).
(r319) p361(A,B) :- skip1(A,C), copy1(C,C1_0-1), copy1(C1_0-1,C1_0), skip1(C1_0,C3_0), copy1(C3_0,C2_0), copy1(C2_0,C4_0), copy1(C4_0,B).
(r320) p364(A,B) :- copy1(A,C), skip1(C,C1_0-1), skip1(C1_0-1,C2_0-1), skip1(C2_0-1,C3_0), mk_uppercase(C3_0,C1_0), copy1(C1_0,C2_0), copy1(C2_0,B).
(r321) p380(A,B) :- mk_uppercase(A,C), copy1(C,C1_0-1), skip1(C1_0-1,C2_0-1), mk_lowercase(C2_0-1,C3_0), copy1(C3_0,C1_0), mk_lowercase(C1_0,C2_0), mk_lowercase(C2_0,B).
(r322) p420(A,B) :- skip1(A,C), skip1(C,C1_0-1), skip1(C1_0-1,C2_0-1), skip1(C2_0-1,C3_0), copy1(C3_0,C1_0), copy1(C1_0,C2_0), copy1(C2_0,B).
(r323) p421(A,B) :- skip1(A,C0_0), skip1(C0_0,C1_0-1), skip1(C1_0-1,C2_0), copy1(C2_0,C), copy1(C,C1_0), skip1(C1_0,C3_0), copy1(C3_0,B).
(r324) p459(A,B) :- copy1(A,C), skip1(C,C1_0-1), skip1(C1_0-1,C2_0-1), skip1(C2_0-1,C3_0), copy1(C3_0,C1_0), skip1(C1_0,C2_0), mk_lowercase(C2_0,B).
(r325) p508(A,B) :- skip1(A,C0_0), copy1(C0_0,C1_0-1), mk_uppercase(C1_0-1,C), copy1(C,C1_0), skip1(C1_0,C3_0), copy1(C3_0,C5_0), mk_uppercase(C5_0,B).
(r326) p521(A,B) :- skip1(A,C0_0), skip1(C0_0,C1_0-1), copy1(C1_0-1,C2_0-1), mk_lowercase(C2_0-1,C), skip1(C,C2_0), mk_lowercase(C2_0,C1_0), mk_uppercase(C1_0,B).
(r327) p531(A,B) :- mk_uppercase(A,C), skip1(C,C1_0-1), skip1(C1_0-1,C2_0-1), skip1(C2_0-1,C3_0), mk_uppercase(C3_0,C1_0), copy1(C1_0,C2_0), mk_lowercase(C2_0,B).
(r328) p536(A,B) :- mk_lowercase(A,C0_0-1), copy1(C0_0-1,C0_0), mk_uppercase(C0_0,C1_0-1), copy1(C1_0-1,C), skip1(C,C1_0), mk_lowercase(C1_0,C3_0), copy1(C3_0,B).
(r329) p542(A,B) :- skip1(A,C0_0), copy1(C0_0,C1_0-1), mk_lowercase(C1_0-1,C), skip1(C,C1_0), skip1(C1_0,C3_0), skip1(C3_0,C5_0), mk_uppercase(C5_0,B).
(r330) p577(A,B) :- skip1(A,C0_0), skip1(C0_0,C1_0-1), copy1(C1_0-1,C), mk_uppercase(C,C2_0), copy1(C2_0,C1_0), skip1(C1_0,C3_0), copy1(C3_0,B).
(r331) p483(A,B) :- skip1(A,C0_0), copy1(C0_0,C), skip1(C,C2_0), skip1(C2_0,C3_0), skip1(C3_0,C4_0), mk_lowercase(C4_0,C1_0), mk_lowercase(C1_0,B).
(r332) p73(A,B) :- copy1(A,C0_0), mk_uppercase(C0_0,C), copy1(C,C1_0), mk_uppercase(C1_0,B).
(r333) p73(A,B) :- skip1(A,C), p73(C,B).
(r334) p269(A,B) :- copy1(A,C0_0), copy1(C0_0,C), copy1(C,C1_0), mk_uppercase(C1_0,B).
(r335) p269(A,B) :- skip1(A,C), p269(C,B).
(r336) p101(A,B) :- copy1(A,C), mk_uppercase(C,C1_0), copy1(C1_0,B).
(r337) p101(A,B) :- skip1(A,C), p101(C,B).
(r338) p502(A,B) :- is_number(A), copy1(A,B).
(r339) p502(A,B) :- skip1(A,C), p502(C,B).
(r340) p177(A,B) :- copy1(A,C0_0-1), mk_uppercase(C0_0-1,C0_0), skip1(C0_0,C1_0), skip1(C1_0,C3_0), mk_lowercase(C3_0,C), mk_uppercase(C,B).
(r341) p177(A,B) :- skip1(A,C), p177(C,B).
(r342) p369(A,B) :- copy1(A,C0_0), skip1(C0_0,C1_0), mk_uppercase(C1_0,C2_0), copy1(C2_0,B), is_lowercase(B).
(r343) p369(A,B) :- skip1(A,C), p369(C,B).
====================
MaxSAT solving... (101144 vars, 320668 hard, 8408 soft)
number of rules: 345
program size: 1106
(inv1) inv1(X1,X2,X3,X4,X5,X6,X7,X8,X9,X10,X11,X12,X13,X14,X15,X16,X17,X18,X19,X20,X21,X22,X23,X24,X25,X26) :- copy1(X1,X2), copy1(X3,X4), copy1(X5,X6), copy1(X7,X8), copy1(X9,X10), copy1(X11,X12), copy1(X13,X14), skip1(X15,X16), skip1(X17,X18), skip1(X19,X20), skip1(X21,X22), skip1(X23,X24), skip1(X25,X26).
(inv2) inv2(X1,X2,X3,X4,X5,X6,X7,X8,X9,X10,X11,X12,X13,X14,X15,X16,X17,X18,X19,X20,X21,X22,X23,X24,X25,X26,X27,X28,X29,X30,X31,X32,X33,X34) :- copy1(X1,X2), copy1(X3,X4), copy1(X5,X6), copy1(X7,X8), copy1(X9,X10), copy1(X11,X12), copy1(X13,X14), copy1(X15,X16), skip1(X17,X18), skip1(X19,X20), skip1(X21,X22), skip1(X23,X24), skip1(X25,X26), skip1(X27,X28), mk_lowercase(X29,X30), mk_lowercase(X31,X32), mk_lowercase(X33,X34).
(r1) p4(A,B) :- mk_uppercase(A,C), copy1(C,B).
(r2) p5(A,B) :- not_empty(A), copy1(A,B).
(r3) p11(A,B) :- not_empty(A), skip1(A,B).
(r4) p13(A,B) :- skip1(A,C), mk_uppercase(C,B).
(r5) p15(A,B) :- copy1(A,C), copy1(C,B).
(r6) p21(A,B) :- mk_lowercase(A,C), copy1(C,B).
(r7) p22(A,B) :- inv1(C,B,C,B,C,B,C,B,C,B,C,B,C,B,A,C,A,C,A,C,A,C,A,C,A,C).
(r8) p34(A,B) :- not_empty(A), mk_lowercase(A,B).
(r9) p42(A,B) :- copy1(A,C), mk_uppercase(C,B).
(r10) p47(A,B) :- skip1(A,C), mk_lowercase(C,B).
(r11) p76(A,B) :- not_empty(A), mk_uppercase(A,B).
(r12) p153(A,B) :- copy1(A,C), mk_lowercase(C,B).
(r13) p225(A,B) :- mk_uppercase(A,C), mk_uppercase(C,B).
(r14) p345(A,B) :- mk_lowercase(A,C), mk_lowercase(C,B).
(r15) p2(A,B) :- inv1(C1_0,B,C1_0,B,C1_0,B,C1_0,B,C1_0,B,C1_0,B,C1_0,B,A,C,C,C1_0,A,C,A,C,A,C,A,C).
(r16) p8(A,B) :- mk_uppercase(A,C), mk_lowercase(C,C1_0), copy1(C1_0,B).
(r17) p12(A,B) :- copy1(A,C), copy1(C,C1_0), copy1(C1_0,B).
(r18) p27(A,B) :- copy1(A,C), mk_uppercase(C,C1_0), copy1(C1_0,B).
(r19) p54(A,B) :- inv2(A,C,A,C,A,C,A,C,A,C,A,C,A,C,A,C,C,C1_0,C,C1_0,C,C1_0,C,C1_0,C,C1_0,C,C1_0,C1_0,B,C1_0,B,C1_0,B).
(r20) p82(A,B) :- copy1(A,C0_0), mk_lowercase(C0_0,C), mk_uppercase(C,B).
(r21) p110(A,B) :- inv2(C,C1_0,C,C1_0,C,C1_0,C,C1_0,C,C1_0,C,C1_0,C,C1_0,C,C1_0,A,C,A,C,A,C,A,C,A,C,A,C,C1_0,B,C1_0,B,C1_0,B).
(r22) p111(A,B) :- inv1(C,C1_0,C,C1_0,C,C1_0,C,C1_0,C,C1_0,C,C1_0,C,C1_0,A,C,A,C,A,C,A,C,A,C,A,C), mk_uppercase(C1_0,B).
(r23) p137(A,B) :- inv1(C,C1_0,C1_0,B,C,C1_0,C,C1_0,C,C1_0,C,C1_0,C,C1_0,A,C,A,C,A,C,A,C,A,C,A,C).
(r24) p148(A,B) :- skip1(A,C), skip1(C,C1_0), mk_uppercase(C1_0,B).
(r25) p163(A,B) :- inv1(C1_0,B,C1_0,B,C1_0,B,C1_0,B,C1_0,B,C1_0,B,C1_0,B,A,C,A,C,A,C,A,C,A,C,A,C), mk_uppercase(C,C1_0).
(r26) p172(A,B) :- inv1(A,C,A,C,A,C,A,C,A,C,A,C,A,C,C,C1_0,C,C1_0,C,C1_0,C,C1_0,C,C1_0,C,C1_0), mk_uppercase(C1_0,B).
(r27) p189(A,B) :- mk_lowercase(A,C), copy1(C,C1_0), copy1(C1_0,B).
(r28) p220(A,B) :- inv2(C1_0,B,C1_0,B,C1_0,B,C1_0,B,C1_0,B,C1_0,B,C1_0,B,C1_0,B,A,C,A,C,A,C,A,C,A,C,A,C,C,C1_0,C,C1_0,C,C1_0).
(r29) p275(A,B) :- copy1(A,C), copy1(C,C1_0), mk_uppercase(C1_0,B).
(r30) p288(A,B) :- inv1(C1_0,B,C1_0,B,C1_0,B,C1_0,B,C1_0,B,C1_0,B,C1_0,B,C,C1_0,C,C1_0,C,C1_0,C,C1_0,C,C1_0,C,C1_0), mk_uppercase(A,C).
(r31) p334(A,B) :- inv1(A,C,C1_0,B,A,C,A,C,A,C,A,C,A,C,C,C1_0,C,C1_0,C,C1_0,C,C1_0,C,C1_0,C,C1_0).
(r32) p362(A,B) :- mk_uppercase(A,C), mk_uppercase(C,C1_0), copy1(C1_0,B).
(r33) p373(A,B) :- skip1(A,C), mk_lowercase(C,C1_0), mk_lowercase(C1_0,B).
(r34) p392(A,B) :- skip1(A,C0_0), mk_uppercase(C0_0,C), mk_lowercase(C,B).
(r35) p462(A,B) :- skip1(A,C0_0), mk_lowercase(C0_0,C), mk_uppercase(C,B).
(r36) p467(A,B) :- mk_lowercase(A,C), skip1(C,C1_0), mk_lowercase(C1_0,B).
(r37) p480(A,B) :- mk_uppercase(A,C), skip1(C,C1_0), mk_lowercase(C1_0,B).
(r38) p591(A,B) :- copy1(A,C0_0), mk_uppercase(C0_0,C), p502(C,B).
(r39) p7(A,B) :- inv1(C2_0,B,C2_0,B,C2_0,B,C2_0,B,C2_0,B,C2_0,B,C2_0,B,A,C,C,C1_0,C1_0,C2_0,A,C,A,C,A,C).
(r40) p17(A,B) :- copy1(A,C0_0), copy1(C0_0,C), mk_uppercase(C,C1_0), copy1(C1_0,B).
(r41) p26(A,B) :- inv1(A,C,C2_0,B,A,C,A,C,A,C,A,C,A,C,C,C1_0,C,C1_0,C,C1_0,C,C1_0,C,C1_0,C,C1_0), mk_uppercase(C1_0,C2_0).
(r42) p30(A,B) :- copy1(A,C0_0), copy1(C0_0,C), copy1(C,C1_0), mk_uppercase(C1_0,B).
(r43) p38(A,B) :- inv2(C1_0,C2_0,C1_0,C2_0,C1_0,C2_0,C1_0,C2_0,C1_0,C2_0,C1_0,C2_0,C1_0,C2_0,C1_0,C2_0,A,C,C,C1_0,A,C,A,C,A,C,A,C,C2_0,B,C2_0,B,C2_0,B).
(r44) p39(A,B) :- inv1(A,C0_0,C0_0,C,C1_0,B,A,C0_0,A,C0_0,A,C0_0,A,C0_0,C,C1_0,C,C1_0,C,C1_0,C,C1_0,C,C1_0,C,C1_0).
(r45) p41(A,B) :- inv1(C0_0,C,C1_0,B,C0_0,C,C0_0,C,C0_0,C,C0_0,C,C0_0,C,A,C0_0,C,C1_0,A,C0_0,A,C0_0,A,C0_0,A,C0_0).
(r46) p46(A,B) :- inv2(C0_0,C,C0_0,C,C0_0,C,C0_0,C,C0_0,C,C0_0,C,C0_0,C,C0_0,C,A,C0_0,A,C0_0,A,C0_0,A,C0_0,A,C0_0,A,C0_0,C,C1_0,C1_0,B,C,C1_0).
(r47) p48(A,B) :- copy1(A,C0_0), mk_lowercase(C0_0,C), mk_lowercase(C,C1_0), copy1(C1_0,B).
(r48) p58(A,B) :- skip1(A,C), skip1(C,C1_0), skip1(C1_0,C2_0), mk_uppercase(C2_0,B).
(r49) p63(A,B) :- inv1(C1_0,C2_0,C2_0,B,C1_0,C2_0,C1_0,C2_0,C1_0,C2_0,C1_0,C2_0,C1_0,C2_0,A,C,C,C1_0,A,C,A,C,A,C,A,C).
(r50) p74(A,B) :- skip1(A,C), skip1(C,C1_0-1), mk_uppercase(C1_0-1,C1_0), mk_lowercase(C1_0,B).
(r51) p90(A,B) :- copy1(A,C), copy1(C,C1_0-1), mk_uppercase(C1_0-1,C1_0), mk_lowercase(C1_0,B).
(r52) p100(A,B) :- copy1(A,C0_0), mk_uppercase(C0_0,C), mk_uppercase(C,C1_0), copy1(C1_0,B).
(r53) p102(A,B) :- inv1(C1_0,B,C1_0,B,C1_0,B,C1_0,B,C1_0,B,C1_0,B,C1_0,B,A,C0_0,C,C1_0,A,C0_0,A,C0_0,A,C0_0,A,C0_0), mk_uppercase(C0_0,C).
(r54) p119(A,B) :- inv2(C1_0,C2_0,C2_0,B,C1_0,C2_0,C1_0,C2_0,C1_0,C2_0,C1_0,C2_0,C1_0,C2_0,C1_0,C2_0,C,C1_0,C,C1_0,C,C1_0,C,C1_0,C,C1_0,C,C1_0,A,C,A,C,A,C).
(r55) p122(A,B) :- inv1(A,C,C2_0,B,A,C,A,C,A,C,A,C,A,C,C,C1_0,C1_0,C2_0,C,C1_0,C,C1_0,C,C1_0,C,C1_0).
(r56) p129(A,B) :- inv2(A,C0_0,C0_0,C,A,C0_0,A,C0_0,A,C0_0,A,C0_0,A,C0_0,A,C0_0,C,C1_0,C,C1_0,C,C1_0,C,C1_0,C,C1_0,C,C1_0,C1_0,B,C1_0,B,C1_0,B).
(r57) p146(A,B) :- inv2(C,C1_0,C1_0,B,C,C1_0,C,C1_0,C,C1_0,C,C1_0,C,C1_0,C,C1_0,A,C0_0,A,C0_0,A,C0_0,A,C0_0,A,C0_0,A,C0_0,C0_0,C,C0_0,C,C0_0,C).
(r58) p165(A,B) :- inv2(A,C0_0,C1_0,B,A,C0_0,A,C0_0,A,C0_0,A,C0_0,A,C0_0,A,C0_0,C,C1_0,C,C1_0,C,C1_0,C,C1_0,C,C1_0,C,C1_0,C0_0,C,C0_0,C,C0_0,C).
(r59) p204(A,B) :- copy1(A,C0_0), copy1(C0_0,C), copy1(C,C1_0), copy1(C1_0,B).
(r60) p219(A,B) :- inv2(C2_0,B,C2_0,B,C2_0,B,C2_0,B,C2_0,B,C2_0,B,C2_0,B,C2_0,B,C1_0,C2_0,C1_0,C2_0,C1_0,C2_0,C1_0,C2_0,C1_0,C2_0,C1_0,C2_0,A,C,A,C,A,C), mk_uppercase(C,C1_0).
(r61) p231(A,B) :- inv1(C0_0,C,C,C1_0,C1_0,B,C0_0,C,C0_0,C,C0_0,C,C0_0,C,A,C0_0,A,C0_0,A,C0_0,A,C0_0,A,C0_0,A,C0_0).
(r62) p240(A,B) :- inv1(A,C,C1_0,C2_0,A,C,A,C,A,C,A,C,A,C,C,C1_0,C,C1_0,C,C1_0,C,C1_0,C,C1_0,C,C1_0), mk_uppercase(C2_0,B).
(r63) p262(A,B) :- mk_uppercase(A,C0_0), mk_uppercase(C0_0,C), copy1(C,C1_0), copy1(C1_0,B).
(r64) p376(A,B) :- inv2(C2_0,B,C2_0,B,C2_0,B,C2_0,B,C2_0,B,C2_0,B,C2_0,B,C2_0,B,A,C,C,C1_0,A,C,A,C,A,C,A,C,C1_0,C2_0,C1_0,C2_0,C1_0,C2_0).
(r65) p385(A,B) :- inv1(C0_0,C,C1_0,B,C0_0,C,C0_0,C,C0_0,C,C0_0,C,C0_0,C,A,C0_0,A,C0_0,A,C0_0,A,C0_0,A,C0_0,A,C0_0), mk_uppercase(C,C1_0).
(r66) p389(A,B) :- mk_lowercase(A,C), skip1(C,C1_0), skip1(C1_0,C2_0), mk_lowercase(C2_0,B).
(r67) p395(A,B) :- copy1(A,C0_0), mk_uppercase(C0_0,C), copy1(C,C1_0), mk_lowercase(C1_0,B).
(r68) p400(A,B) :- mk_lowercase(A,C0_0), copy1(C0_0,C), copy1(C,C1_0), mk_lowercase(C1_0,B).
(r69) p419(A,B) :- mk_uppercase(A,C0_0), copy1(C0_0,C), copy1(C,C1_0), mk_lowercase(C1_0,B).
(r70) p427(A,B) :- copy1(A,C0_0), mk_lowercase(C0_0,C), copy1(C,C1_0), copy1(C1_0,B).
(r71) p430(A,B) :- inv1(C2_0,B,C2_0,B,C2_0,B,C2_0,B,C2_0,B,C2_0,B,C2_0,B,A,C,C,C1_0,A,C,A,C,A,C,A,C), mk_uppercase(C1_0,C2_0).
(r72) p453(A,B) :- inv2(C1_0,B,C1_0,B,C1_0,B,C1_0,B,C1_0,B,C1_0,B,C1_0,B,C1_0,B,A,C0_0,A,C0_0,A,C0_0,A,C0_0,A,C0_0,A,C0_0,C0_0,C,C0_0,C,C0_0,C), mk_uppercase(C,C1_0).
(r73) p471(A,B) :- inv2(C1_0,C2_0,C1_0,C2_0,C1_0,C2_0,C1_0,C2_0,C1_0,C2_0,C1_0,C2_0,C1_0,C2_0,C1_0,C2_0,C,C1_0,C,C1_0,C,C1_0,C,C1_0,C,C1_0,C,C1_0,C2_0,B,C2_0,B,C2_0,B), mk_uppercase(A,C).
(r74) p489(A,B) :- inv2(C,C1_0,C,C1_0,C,C1_0,C,C1_0,C,C1_0,C,C1_0,C,C1_0,C,C1_0,A,C0_0,A,C0_0,A,C0_0,A,C0_0,A,C0_0,A,C0_0,C1_0,B,C1_0,B,C1_0,B), mk_uppercase(C0_0,C).
(r75) p517(A,B) :- mk_uppercase(A,C0_0), mk_uppercase(C0_0,C), copy1(C,C1_0), mk_lowercase(C1_0,B).
(r76) p526(A,B) :- inv1(A,C0_0,C1_0,B,A,C0_0,A,C0_0,A,C0_0,A,C0_0,A,C0_0,C,C1_0,C,C1_0,C,C1_0,C,C1_0,C,C1_0,C,C1_0), mk_uppercase(C0_0,C).
(r77) p533(A,B) :- inv2(C1_0,B,C1_0,B,C1_0,B,C1_0,B,C1_0,B,C1_0,B,C1_0,B,C1_0,B,A,C0_0,A,C0_0,A,C0_0,A,C0_0,A,C0_0,A,C0_0,C0_0,C,C,C1_0,C0_0,C).
(r78) p566(A,B) :- copy1(A,C0_0), copy1(C0_0,C), copy1(C,C1_0), mk_lowercase(C1_0,B).
(r79) p574(A,B) :- mk_uppercase(A,C), mk_lowercase(C,C1_0), copy1(C1_0,C2_0), mk_uppercase(C2_0,B).
(r80) p590(A,B) :- inv2(A,C,C2_0,B,A,C,A,C,A,C,A,C,A,C,A,C,C,C1_0,C,C1_0,C,C1_0,C,C1_0,C,C1_0,C,C1_0,C1_0,C2_0,C1_0,C2_0,C1_0,C2_0).
(r81) p10(A,B) :- inv2(A,C,C1_0,C2_0,C2_0,B,A,C,A,C,A,C,A,C,A,C,C,C1_0-1,C,C1_0-1,C,C1_0-1,C,C1_0-1,C,C1_0-1,C,C1_0-1,C1_0-1,C1_0,C1_0-1,C1_0,C1_0-1,C1_0).
(r82) p29(A,B) :- mk_uppercase(A,C), mk_lowercase(C,C1_0-1), copy1(C1_0-1,C1_0), mk_lowercase(C1_0,C2_0), copy1(C2_0,B).
(r83) p31(A,B) :- inv1(C0_0,C,C1_0,C3_0,C3_0,B,C0_0,C,C0_0,C,C0_0,C,C0_0,C,A,C0_0,C,C1_0,A,C0_0,A,C0_0,A,C0_0,A,C0_0).
(r84) p44(A,B) :- inv2(C1_0-1,C1_0,C1_0,C2_0,C1_0-1,C1_0,C1_0-1,C1_0,C1_0-1,C1_0,C1_0-1,C1_0,C1_0-1,C1_0,C1_0-1,C1_0,C,C1_0-1,C,C1_0-1,C,C1_0-1,C,C1_0-1,C,C1_0-1,C,C1_0-1,A,C,A,C,A,C), mk_uppercase(C2_0,B).
(r85) p45(A,B) :- inv1(C0_0,C,C3_0,B,C0_0,C,C0_0,C,C0_0,C,C0_0,C,C0_0,C,A,C0_0,C,C1_0,C1_0,C3_0,A,C0_0,A,C0_0,A,C0_0).
(r86) p75(A,B) :- inv1(C1_0-1,C1_0,C1_0,C2_0,C1_0-1,C1_0,C1_0-1,C1_0,C1_0-1,C1_0,C1_0-1,C1_0,C1_0-1,C1_0,A,C,C,C1_0-1,A,C,A,C,A,C,A,C), mk_uppercase(C2_0,B).
(r87) p124(A,B) :- inv1(A,C,C,C1_0-1,C1_0-1,C1_0,C2_0,B,A,C,A,C,A,C,C1_0,C2_0,C1_0,C2_0,C1_0,C2_0,C1_0,C2_0,C1_0,C2_0,C1_0,C2_0).
(r88) p130(A,B) :- inv2(A,C,C1_0,C2_0,C2_0,B,A,C,A,C,A,C,A,C,A,C,C,C1_0-1,C,C1_0-1,C,C1_0-1,C,C1_0-1,C,C1_0-1,C,C1_0-1,C1_0-1,C1_0,C1_0-1,C1_0,C1_0-1,C1_0).
(r89) p175(A,B) :- copy1(A,C0_0), copy1(C0_0,C), copy1(C,C2_0), mk_uppercase(C2_0,C1_0), mk_lowercase(C1_0,B).
(r90) p182(A,B) :- inv1(C,C1_0-1,C1_0-1,C1_0,C2_0,B,C,C1_0-1,C,C1_0-1,C,C1_0-1,C,C1_0-1,A,C,C1_0,C2_0,A,C,A,C,A,C,A,C).
(r91) p184(A,B) :- skip1(A,C0_0), mk_lowercase(C0_0,C), skip1(C,C1_0), skip1(C1_0,C3_0), mk_uppercase(C3_0,B).
(r92) p212(A,B) :- inv1(C,C1_0-1,C1_0-1,C1_0,C2_0,B,C,C1_0-1,C,C1_0-1,C,C1_0-1,C,C1_0-1,A,C,C1_0,C2_0,A,C,A,C,A,C,A,C).
(r93) p242(A,B) :- inv1(C,C1_0-1,C1_0-1,C1_0,C2_0,B,C,C1_0-1,C,C1_0-1,C,C1_0-1,C,C1_0-1,A,C,A,C,A,C,A,C,A,C,A,C), mk_uppercase(C1_0,C2_0).
(r94) p259(A,B) :- inv1(A,C,C1_0-1,C1_0,C2_0,B,A,C,A,C,A,C,A,C,C,C1_0-1,C1_0,C2_0,C,C1_0-1,C,C1_0-1,C,C1_0-1,C,C1_0-1).
(r95) p268(A,B) :- inv2(C,C1_0-1,C2_0,B,C,C1_0-1,C,C1_0-1,C,C1_0-1,C,C1_0-1,C,C1_0-1,C,C1_0-1,A,C,A,C,A,C,A,C,A,C,A,C,C1_0-1,C1_0,C1_0-1,C1_0,C1_0-1,C1_0), mk_uppercase(C1_0,C2_0).
(r96) p272(A,B) :- inv1(C1_0,C3_0,C1_0,C3_0,C1_0,C3_0,C1_0,C3_0,C1_0,C3_0,C1_0,C3_0,C1_0,C3_0,A,C0_0,C,C1_0,A,C0_0,A,C0_0,A,C0_0,A,C0_0), mk_uppercase(C0_0,C), mk_uppercase(C3_0,B).
(r97) p279(A,B) :- inv1(A,C,C1_0-1,C1_0,C1_0,C2_0,C2_0,B,A,C,A,C,A,C,C,C1_0-1,C,C1_0-1,C,C1_0-1,C,C1_0-1,C,C1_0-1,C,C1_0-1).
(r98) p329(A,B) :- inv2(A,C0_0,A,C0_0,A,C0_0,A,C0_0,A,C0_0,A,C0_0,A,C0_0,A,C0_0,C,C1_0,C1_0,C3_0,C,C1_0,C,C1_0,C,C1_0,C,C1_0,C3_0,B,C3_0,B,C3_0,B), mk_uppercase(C0_0,C).
(r99) p332(A,B) :- inv2(A,C,C,C1_0-1,A,C,A,C,A,C,A,C,A,C,A,C,C1_0,C2_0,C1_0,C2_0,C1_0,C2_0,C1_0,C2_0,C1_0,C2_0,C1_0,C2_0,C1_0-1,C1_0,C1_0-1,C1_0,C1_0-1,C1_0), mk_uppercase(C2_0,B).
(r100) p342(A,B) :- copy1(A,C), copy1(C,C1_0-1), copy1(C1_0-1,C1_0), copy1(C1_0,C2_0), copy1(C2_0,B).
(r101) p351(A,B) :- copy1(A,C), copy1(C,C1_0-1), copy1(C1_0-1,C1_0), mk_lowercase(C1_0,C2_0), copy1(C2_0,B).
(r102) p363(A,B) :- inv1(C0_0,C,C1_0,C3_0,C3_0,B,C0_0,C,C0_0,C,C0_0,C,C0_0,C,A,C0_0,C,C1_0,A,C0_0,A,C0_0,A,C0_0,A,C0_0).
(r103) p371(A,B) :- copy1(A,C0_0), copy1(C0_0,C), mk_uppercase(C,C2_0), mk_uppercase(C2_0,C1_0), mk_lowercase(C1_0,B).
(r104) p378(A,B) :- inv1(A,C0_0,C0_0,C,C1_0,C3_0,C3_0,B,A,C0_0,A,C0_0,A,C0_0,C,C1_0,C,C1_0,C,C1_0,C,C1_0,C,C1_0,C,C1_0).
(r105) p384(A,B) :- copy1(A,C), mk_lowercase(C,C1_0-1), copy1(C1_0-1,C1_0), mk_lowercase(C1_0,C2_0), mk_lowercase(C2_0,B).
(r106) p410(A,B) :- inv2(C1_0-1,C1_0,C1_0,C2_0,C2_0,B,C1_0-1,C1_0,C1_0-1,C1_0,C1_0-1,C1_0,C1_0-1,C1_0,C1_0-1,C1_0,C,C1_0-1,C,C1_0-1,C,C1_0-1,C,C1_0-1,C,C1_0-1,C,C1_0-1,A,C,A,C,A,C).
(r107) p424(A,B) :- inv1(C,C1_0-1,C2_0,B,C,C1_0-1,C,C1_0-1,C,C1_0-1,C,C1_0-1,C,C1_0-1,A,C,C1_0,C2_0,A,C,A,C,A,C,A,C), mk_uppercase(C1_0-1,C1_0).
(r108) p433(A,B) :- inv1(C3_0,B,C3_0,B,C3_0,B,C3_0,B,C3_0,B,C3_0,B,C3_0,B,A,C0_0,C,C1_0,C1_0,C3_0,A,C0_0,A,C0_0,A,C0_0), mk_uppercase(C0_0,C).
(r109) p446(A,B) :- copy1(A,C), copy1(C,C1_0-1), copy1(C1_0-1,C1_0), copy1(C1_0,C2_0), mk_lowercase(C2_0,B).
(r110) p486(A,B) :- inv1(A,C,C,C1_0-1,C1_0-1,C1_0,C2_0,B,A,C,A,C,A,C,C1_0,C2_0,C1_0,C2_0,C1_0,C2_0,C1_0,C2_0,C1_0,C2_0,C1_0,C2_0).
(r111) p498(A,B) :- copy1(A,C0_0), mk_lowercase(C0_0,C), mk_uppercase(C,C1_0), copy1(C1_0,C3_0), copy1(C3_0,B).
(r112) p504(A,B) :- inv2(C0_0,C,C1_0,C3_0,C0_0,C,C0_0,C,C0_0,C,C0_0,C,C0_0,C,C0_0,C,A,C0_0,C,C1_0,A,C0_0,A,C0_0,A,C0_0,A,C0_0,C3_0,B,C3_0,B,C3_0,B).
(r113) p509(A,B) :- mk_lowercase(A,C0_0), mk_lowercase(C0_0,C), mk_uppercase(C,C1_0), mk_lowercase(C1_0,C3_0), copy1(C3_0,B).
(r114) p558(A,B) :- inv1(A,C0_0,A,C0_0,A,C0_0,A,C0_0,A,C0_0,A,C0_0,A,C0_0,C,C1_0,C1_0,C3_0,C,C1_0,C,C1_0,C,C1_0,C,C1_0), mk_uppercase(C0_0,C), mk_uppercase(C3_0,B).
(r115) p570(A,B) :- inv1(C1_0-1,C1_0,C2_0,B,C1_0-1,C1_0,C1_0-1,C1_0,C1_0-1,C1_0,C1_0-1,C1_0,C1_0-1,C1_0,C1_0,C2_0,C1_0,C2_0,C1_0,C2_0,C1_0,C2_0,C1_0,C2_0,C1_0,C2_0), mk_uppercase(A,C), mk_uppercase(C,C1_0-1).
(r116) p583(A,B) :- inv1(C,C1_0-1,C1_0-1,C1_0,C2_0,B,C,C1_0-1,C,C1_0-1,C,C1_0-1,C,C1_0-1,A,C,C1_0,C2_0,A,C,A,C,A,C,A,C).
(r117) p587(A,B) :- inv1(A,C,C1_0-1,C1_0,C2_0,B,A,C,A,C,A,C,A,C,C,C1_0-1,C1_0,C2_0,C,C1_0-1,C,C1_0-1,C,C1_0-1,C,C1_0-1).
(r118) p1(A,B) :- inv1(A,C,C2_0,C3_0,C3_0,B,A,C,A,C,A,C,A,C,C,C1_0,C1_0,C2_0,C,C1_0,C,C1_0,C,C1_0,C,C1_0).
(r119) p72(A,B) :- inv2(C2_0,C3_0,C3_0,B,C2_0,C3_0,C2_0,C3_0,C2_0,C3_0,C2_0,C3_0,C2_0,C3_0,C2_0,C3_0,C1_0,C2_0,C1_0,C2_0,C1_0,C2_0,C1_0,C2_0,C1_0,C2_0,C1_0,C2_0,C,C1_0,C,C1_0,C,C1_0), mk_uppercase(A,C).
(r120) p78(A,B) :- inv1(A,C,A,C,A,C,A,C,A,C,A,C,A,C,C,C1_0,C1_0,C2_0,C2_0,C3_0,C,C1_0,C,C1_0,C,C1_0), mk_uppercase(C3_0,B).
(r121) p95(A,B) :- inv2(C2_0,C3_0,C2_0,C3_0,C2_0,C3_0,C2_0,C3_0,C2_0,C3_0,C2_0,C3_0,C2_0,C3_0,C2_0,C3_0,C,C1_0,C1_0,C2_0,C,C1_0,C,C1_0,C,C1_0,C,C1_0,A,C,C3_0,B,A,C).
(r122) p98(A,B) :- copy1(A,C0_0), copy1(C0_0,C1_0-1), mk_uppercase(C1_0-1,C1_0), mk_lowercase(C1_0,C), mk_uppercase(C,B).
(r123) p140(A,B) :- inv1(C3_0,B,C3_0,B,C3_0,B,C3_0,B,C3_0,B,C3_0,B,C3_0,B,A,C,C,C1_0,C1_0,C2_0,C2_0,C3_0,A,C,A,C).
(r124) p168(A,B) :- inv1(C2_0,C3_0,C2_0,C3_0,C2_0,C3_0,C2_0,C3_0,C2_0,C3_0,C2_0,C3_0,C2_0,C3_0,C,C1_0,C1_0,C2_0,C,C1_0,C,C1_0,C,C1_0,C,C1_0), mk_uppercase(A,C), mk_uppercase(C3_0,B).
(r125) p180(A,B) :- inv1(A,C,C3_0,B,A,C,A,C,A,C,A,C,A,C,C,C1_0,C1_0,C2_0,C2_0,C3_0,C,C1_0,C,C1_0,C,C1_0).
(r126) p238(A,B) :- inv2(C3_0,B,C3_0,B,C3_0,B,C3_0,B,C3_0,B,C3_0,B,C3_0,B,C3_0,B,C,C1_0,C1_0,C2_0,C,C1_0,C,C1_0,C,C1_0,C,C1_0,C2_0,C3_0,C2_0,C3_0,C2_0,C3_0), mk_uppercase(A,C).
(r127) p291(A,B) :- inv1(A,C0_0,C0_0,C,A,C0_0,A,C0_0,A,C0_0,A,C0_0,A,C0_0,C1_0,C3_0,C1_0,C3_0,C1_0,C3_0,C1_0,C3_0,C1_0,C3_0,C1_0,C3_0), p101(C,C1_0), mk_uppercase(C3_0,B).
(r128) p309(A,B) :- inv1(C0_0,C1_0,C2_0,B,C0_0,C1_0,C0_0,C1_0,C0_0,C1_0,C0_0,C1_0,C0_0,C1_0,C1_0,C2_0,C1_0,C2_0,C1_0,C2_0,C1_0,C2_0,C1_0,C2_0,C1_0,C2_0), p502(A,C0_0), is_uppercase(B).
(r129) p463(A,B) :- inv1(A,C,A,C,A,C,A,C,A,C,A,C,A,C,C,C1_0-1,C1_0-1,C2_0,C,C1_0-1,C,C1_0-1,C,C1_0-1,C,C1_0-1), mk_uppercase(C2_0,C1_0), mk_uppercase(C1_0,B).
(r130) p99(A,B) :- inv1(C0_0,C,C0_0,C,C0_0,C,C0_0,C,C0_0,C,C0_0,C,C0_0,C,C1_0,C3_0,C1_0,C3_0,C1_0,C3_0,C1_0,C3_0,C1_0,C3_0,C1_0,C3_0), mk_uppercase(A,C0_0), mk_uppercase(C,C2_0), mk_uppercase(C2_0,C1_0), mk_uppercase(C3_0,B).
(r131) p156(A,B) :- inv2(C0_0,C,C3_0,B,C0_0,C,C0_0,C,C0_0,C,C0_0,C,C0_0,C,C0_0,C,C,C2_0,C1_0,C3_0,C,C2_0,C,C2_0,C,C2_0,C,C2_0,C2_0,C1_0,C2_0,C1_0,C2_0,C1_0), mk_uppercase(A,C0_0).
(r132) p190(A,B) :- copy1(A,C0_0), copy1(C0_0,C), copy1(C,C2_0), mk_uppercase(C2_0,C1_0), copy1(C1_0,C3_0), copy1(C3_0,B).
(r133) p193(A,B) :- inv2(C0_0,C,C2_0,C1_0,C1_0,C3_0,C0_0,C,C0_0,C,C0_0,C,C0_0,C,C0_0,C,C,C2_0,C,C2_0,C,C2_0,C,C2_0,C,C2_0,C,C2_0,A,C0_0,A,C0_0,A,C0_0), mk_uppercase(C3_0,B).
(r134) p198(A,B) :- inv1(C0_0,C,C,C2_0,C2_0,C1_0,C3_0,B,C0_0,C,C0_0,C,C0_0,C,A,C0_0,C1_0,C3_0,A,C0_0,A,C0_0,A,C0_0,A,C0_0).
(r135) p224(A,B) :- inv2(C0_0,C,C1_0,C3_0,C0_0,C,C0_0,C,C0_0,C,C0_0,C,C0_0,C,C0_0,C,A,C0_0,C,C2_0,A,C0_0,A,C0_0,A,C0_0,A,C0_0,C3_0,B,C3_0,B,C3_0,B), mk_uppercase(C2_0,C1_0).
(r136) p248(A,B) :- inv2(C0_0,C,C0_0,C,C0_0,C,C0_0,C,C0_0,C,C0_0,C,C0_0,C,C0_0,C,A,C0_0,C,C2_0,A,C0_0,A,C0_0,A,C0_0,A,C0_0,C2_0,C1_0,C1_0,C3_0,C3_0,B).
(r137) p295(A,B) :- inv1(A,C0_0,C0_0,C,C2_0,C1_0,C1_0,C3_0,C3_0,B,A,C0_0,A,C0_0,C,C2_0,C,C2_0,C,C2_0,C,C2_0,C,C2_0,C,C2_0).
(r138) p317(A,B) :- inv2(C0_0,C,C1_0,C3_0,C3_0,B,C0_0,C,C0_0,C,C0_0,C,C0_0,C,C0_0,C,C,C2_0,C,C2_0,C,C2_0,C,C2_0,C,C2_0,C,C2_0,A,C0_0,A,C0_0,A,C0_0), mk_uppercase(C2_0,C1_0).
(r139) p350(A,B) :- inv2(C,C2_0,C3_0,B,C,C2_0,C,C2_0,C,C2_0,C,C2_0,C,C2_0,C,C2_0,A,C0_0,C1_0,C3_0,A,C0_0,A,C0_0,A,C0_0,A,C0_0,C0_0,C,C0_0,C,C0_0,C), mk_uppercase(C2_0,C1_0).
(r140) p352(A,B) :- inv1(C0_0,C,C,C2_0,C2_0,C1_0,C1_0,C3_0,C3_0,B,C0_0,C,C0_0,C,A,C0_0,A,C0_0,A,C0_0,A,C0_0,A,C0_0,A,C0_0).
(r141) p382(A,B) :- inv1(C0_0,C,C,C2_0,C2_0,C1_0,C3_0,B,C0_0,C,C0_0,C,C0_0,C,A,C0_0,C1_0,C3_0,A,C0_0,A,C0_0,A,C0_0,A,C0_0).
(r142) p401(A,B) :- inv2(C0_0,C,C2_0,C1_0,C1_0,C3_0,C0_0,C,C0_0,C,C0_0,C,C0_0,C,C0_0,C,A,C0_0,C,C2_0,A,C0_0,A,C0_0,A,C0_0,A,C0_0,C3_0,B,C3_0,B,C3_0,B).
(r143) p487(A,B) :- mk_uppercase(A,C0_0), copy1(C0_0,C), copy1(C,C2_0), mk_uppercase(C2_0,C1_0), copy1(C1_0,C3_0), mk_lowercase(C3_0,B).
(r144) p528(A,B) :- inv1(C,C2_0,C2_0,C1_0,C1_0,C3_0,C3_0,B,C,C2_0,C,C2_0,C,C2_0,A,C0_0,A,C0_0,A,C0_0,A,C0_0,A,C0_0,A,C0_0), mk_uppercase(C0_0,C).
(r145) p546(A,B) :- inv2(C0_0,C,C1_0,C3_0,C3_0,B,C0_0,C,C0_0,C,C0_0,C,C0_0,C,C0_0,C,A,C0_0,C,C2_0,A,C0_0,A,C0_0,A,C0_0,A,C0_0,C2_0,C1_0,C2_0,C1_0,C2_0,C1_0).
(r146) p571(A,B) :- inv2(C0_0,C,C,C2_0,C0_0,C,C0_0,C,C0_0,C,C0_0,C,C0_0,C,C0_0,C,A,C0_0,A,C0_0,A,C0_0,A,C0_0,A,C0_0,A,C0_0,C2_0,C1_0,C2_0,C1_0,C2_0,C1_0), mk_uppercase(C1_0,C3_0), mk_uppercase(C3_0,B).
(r147) p594(A,B) :- inv1(A,C0_0,C0_0,C,C,C2_0,C2_0,C1_0,A,C0_0,A,C0_0,A,C0_0,C1_0,C3_0,C1_0,C3_0,C1_0,C3_0,C1_0,C3_0,C1_0,C3_0,C1_0,C3_0), mk_uppercase(C3_0,B).
(r148) p40(A,B) :- inv1(C1_0,C3_0,C1_0,C3_0,C1_0,C3_0,C1_0,C3_0,C1_0,C3_0,C1_0,C3_0,C1_0,C3_0,A,C0_0,C0_0,C1_0-1,A,C0_0,A,C0_0,A,C0_0,A,C0_0), mk_uppercase(C1_0-1,C), mk_uppercase(C,C1_0), mk_uppercase(C3_0,B).
(r149) p52(A,B) :- inv1(C,C1_0-1,C1_0-1,C1_0,C2_0,C4_0,C4_0,B,C,C1_0-1,C,C1_0-1,C,C1_0-1,C1_0,C2_0,C1_0,C2_0,C1_0,C2_0,C1_0,C2_0,C1_0,C2_0,C1_0,C2_0), mk_uppercase(A,C).
(r150) p57(A,B) :- inv2(A,C0_0,C1_0,C3_0,A,C0_0,A,C0_0,A,C0_0,A,C0_0,A,C0_0,A,C0_0,C0_0,C1_0-1,C,C1_0,C0_0,C1_0-1,C0_0,C1_0-1,C0_0,C1_0-1,C0_0,C1_0-1,C3_0,B,C3_0,B,C3_0,B), mk_uppercase(C1_0-1,C).
(r151) p79(A,B) :- inv2(A,C0_0,C1_0-1,C,C1_0,C3_0,C3_0,B,A,C0_0,A,C0_0,A,C0_0,A,C0_0,C0_0,C1_0-1,C0_0,C1_0-1,C0_0,C1_0-1,C0_0,C1_0-1,C0_0,C1_0-1,C0_0,C1_0-1,C,C1_0,C,C1_0,C,C1_0).
(r152) p132(A,B) :- inv1(C0_0,C,C4_0,B,C0_0,C,C0_0,C,C0_0,C,C0_0,C,C0_0,C,A,C0_0,C,C1_0,C1_0,C3_0,C3_0,C4_0,A,C0_0,A,C0_0).
(r153) p173(A,B) :- inv1(A,C0_0,C1_0-1,C2_0,C2_0,C,C,C1_0,C1_0,B,A,C0_0,A,C0_0,C0_0,C1_0-1,C0_0,C1_0-1,C0_0,C1_0-1,C0_0,C1_0-1,C0_0,C1_0-1,C0_0,C1_0-1).
(r154) p196(A,B) :- inv2(A,C0_0,C1_0-1,C,A,C0_0,A,C0_0,A,C0_0,A,C0_0,A,C0_0,A,C0_0,C0_0,C1_0-1,C,C1_0,C1_0,C3_0,C0_0,C1_0-1,C0_0,C1_0-1,C0_0,C1_0-1,C3_0,B,C3_0,B,C3_0,B).
(r155) p205(A,B) :- inv2(C,C1_0-1,C1_0-1,C1_0,C2_0,C4_0,C4_0,B,C,C1_0-1,C,C1_0-1,C,C1_0-1,C,C1_0-1,C1_0,C2_0,C1_0,C2_0,C1_0,C2_0,C1_0,C2_0,C1_0,C2_0,C1_0,C2_0,A,C,A,C,A,C).
(r156) p233(A,B) :- inv2(A,C,C3_0,C4_0,A,C,A,C,A,C,A,C,A,C,A,C,C,C1_0,C1_0,C2_0,C2_0,C3_0,C,C1_0,C,C1_0,C,C1_0,C4_0,B,C4_0,B,C4_0,B).
(r157) p286(A,B) :- inv1(A,C,C4_0,B,A,C,A,C,A,C,A,C,A,C,C,C1_0,C1_0,C2_0,C2_0,C3_0,C3_0,C4_0,C,C1_0,C,C1_0).
(r158) p294(A,B) :- inv2(C1_0-1,C,C,C2_0,C1_0-1,C,C1_0-1,C,C1_0-1,C,C1_0-1,C,C1_0-1,C,C1_0-1,C,C0_0,C1_0-1,C0_0,C1_0-1,C0_0,C1_0-1,C0_0,C1_0-1,C0_0,C1_0-1,C0_0,C1_0-1,C2_0,C1_0,C2_0,C1_0,C2_0,C1_0), mk_uppercase(A,C0_0), mk_uppercase(C1_0,B).
(r159) p302(A,B) :- inv1(C0_0,C,C,C1_0,C4_0,B,C0_0,C,C0_0,C,C0_0,C,C0_0,C,C1_0,C3_0,C3_0,C4_0,C1_0,C3_0,C1_0,C3_0,C1_0,C3_0,C1_0,C3_0), mk_uppercase(A,C0_0).
(r160) p312(A,B) :- inv2(C2_0-1,C2_0,C2_0,C3_0,C2_0-1,C2_0,C2_0-1,C2_0,C2_0-1,C2_0,C2_0-1,C2_0,C2_0-1,C2_0,C2_0-1,C2_0,C,C1_0,C1_0,C2_0-1,C,C1_0,C,C1_0,C,C1_0,C,C1_0,C3_0,B,C3_0,B,C3_0,B), mk_uppercase(A,C).
(r161) p365(A,B) :- inv2(A,C,C2_0,C3_0,C3_0,B,A,C,A,C,A,C,A,C,A,C,C,C1_0,C1_0,C2_0-1,C,C1_0,C,C1_0,C,C1_0,C,C1_0,C2_0-1,C2_0,C2_0-1,C2_0,C2_0-1,C2_0).
(r162) p379(A,B) :- inv2(C0_0,C,C0_0,C,C0_0,C,C0_0,C,C0_0,C,C0_0,C,C0_0,C,C0_0,C,A,C0_0,C,C1_0,C1_0,C3_0-1,A,C0_0,A,C0_0,A,C0_0,C3_0,B,C3_0,B,C3_0,B), mk_uppercase(C3_0-1,C3_0).
(r163) p415(A,B) :- inv1(A,C0_0,C0_0,C,C,C1_0,C4_0,B,A,C0_0,A,C0_0,A,C0_0,C1_0,C3_0,C3_0,C4_0,C1_0,C3_0,C1_0,C3_0,C1_0,C3_0,C1_0,C3_0).
(r164) p425(A,B) :- inv2(A,C,C1_0,C2_0-1,A,C,A,C,A,C,A,C,A,C,A,C,C,C1_0,C2_0,C3_0,C,C1_0,C,C1_0,C,C1_0,C,C1_0,C2_0-1,C2_0,C2_0-1,C2_0,C2_0-1,C2_0), mk_uppercase(C3_0,B).
(r165) p434(A,B) :- inv2(C0_0,C,C3_0,C4_0,C0_0,C,C0_0,C,C0_0,C,C0_0,C,C0_0,C,C0_0,C,A,C0_0,C,C1_0,C1_0,C3_0,A,C0_0,A,C0_0,A,C0_0,C4_0,B,C4_0,B,C4_0,B).
(r166) p441(A,B) :- copy1(A,C0_0), copy1(C0_0,C1_0-2), mk_uppercase(C1_0-2,C1_0-1), mk_lowercase(C1_0-1,C), copy1(C,C1_0), copy1(C1_0,B).
(r167) p540(A,B) :- inv2(C0_0,C,C4_0,B,C0_0,C,C0_0,C,C0_0,C,C0_0,C,C0_0,C,C0_0,C,C,C1_0,C1_0,C3_0,C,C1_0,C,C1_0,C,C1_0,C,C1_0,A,C0_0,A,C0_0,A,C0_0), mk_uppercase(C3_0,C4_0).
(r168) p578(A,B) :- inv1(A,C0_0,C2_0,C,A,C0_0,A,C0_0,A,C0_0,A,C0_0,A,C0_0,C0_0,C1_0-1,C1_0-1,C2_0,C,C1_0,C0_0,C1_0-1,C0_0,C1_0-1,C0_0,C1_0-1), mk_uppercase(C1_0,B).
(r169) p593(A,B) :- inv2(C3_0,B,C3_0,B,C3_0,B,C3_0,B,C3_0,B,C3_0,B,C3_0,B,C3_0,B,A,C0_0,C0_0,C1_0-1,C,C1_0,A,C0_0,A,C0_0,A,C0_0,C1_0,C3_0,C1_0,C3_0,C1_0,C3_0), mk_uppercase(C1_0-1,C).
(r170) p3(A,B) :- inv2(A,C0_0,C2_0,C4_0,C4_0,C1_0,C8_0,B,A,C0_0,A,C0_0,A,C0_0,A,C0_0,C0_0,C1_0-1,C,C2_0,C1_0,C3_0,C3_0,C6_0,C0_0,C1_0-1,C0_0,C1_0-1,C1_0-1,C,C1_0-1,C,C1_0-1,C), mk_uppercase(C6_0,C8_0).
(r171) p32(A,B) :- inv1(C0_0,C,C,C2_0-1,C3_0,C5_0,C5_0,B,C0_0,C,C0_0,C,C0_0,C,A,C0_0,C2_0,C3_0-1,C3_0-1,C5_0-1,A,C0_0,A,C0_0,A,C0_0), mk_uppercase(C2_0-1,C2_0), mk_uppercase(C5_0-1,C1_0), mk_uppercase(C1_0,C3_0).
(r172) p37(A,B) :- inv2(C0_0,C1_0-1,C4_0,C1_0,C5_0,C3_0,C3_0,C6_0,C0_0,C1_0-1,C0_0,C1_0-1,C0_0,C1_0-1,C0_0,C1_0-1,A,C0_0,C,C2_0,C2_0,C4_0,A,C0_0,A,C0_0,A,C0_0,C6_0,B,C6_0,B,C6_0,B), mk_uppercase(C1_0-1,C), mk_uppercase(C1_0,C5_0).
(r173) p67(A,B) :- inv2(A,C,C2_0-1,C3_0,C3_0,C1_0,C2_0,C5_0,C4_0,C6_0,A,C,A,C,A,C,C1_0-1,C2_0-1,C1_0,C2_0,C1_0-1,C2_0-1,C1_0-1,C2_0-1,C1_0-1,C2_0-1,C1_0-1,C2_0-1,C,C1_0-1,C6_0,B,C,C1_0-1), mk_uppercase(C5_0,C4_0).
(r174) p68(A,B) :- inv1(A,C0_0,C0_0,C,C4_0,C3_0,C3_0,C6_0,C6_0,C5_0,C7_0,B,A,C0_0,C1_0,C4_0,C5_0,C7_0,C1_0,C4_0,C1_0,C4_0,C1_0,C4_0,C1_0,C4_0), mk_uppercase(C,C2_0), mk_uppercase(C2_0,C1_0).
(r175) p89(A,B) :- inv2(A,C,C1_0-2,C1_0-1,C1_0-1,C3_0,C3_0,C2_0-1,C2_0-1,C4_0-1,C4_0-1,C1_0,C1_0,C2_0,A,C,C,C1_0-2,C2_0,C4_0,C,C1_0-2,C,C1_0-2,C,C1_0-2,C,C1_0-2,C4_0,B,C4_0,B,C4_0,B).
(r176) p131(A,B) :- inv2(C1_0-1,C,C3_0,C6_0,C1_0-1,C,C1_0-1,C,C1_0-1,C,C1_0-1,C,C1_0-1,C,C1_0-1,C,A,C0_0,C,C2_0,C2_0,C4_0-1,C1_0,C3_0,A,C0_0,A,C0_0,C4_0,C1_0,C4_0,C1_0,C4_0,C1_0), mk_uppercase(C0_0,C1_0-1), mk_uppercase(C4_0-1,C4_0), mk_uppercase(C6_0,B).
(r177) p154(A,B) :- inv1(A,C0_0,C0_0,C,C,C2_0,C2_0,C3_0-2,C3_0-2,C3_0-1,C3_0-1,C4_0,C1_0,C3_0,C3_0,C5_0,C3_0,C5_0,C3_0,C5_0,C3_0,C5_0,C3_0,C5_0,C3_0,C5_0), mk_uppercase(C4_0,C1_0), mk_uppercase(C5_0,B).
(r178) p170(A,B) :- inv2(C0_0,C,C,C2_0,C2_0,C3_0-2,C3_0-2,C3_0-1,C4_0,C1_0,C0_0,C,C0_0,C,C0_0,C,A,C0_0,C1_0,C3_0,C3_0,C5_0,A,C0_0,A,C0_0,A,C0_0,C3_0-1,C4_0,C3_0-1,C4_0,C3_0-1,C4_0), mk_uppercase(C5_0,B).
(r179) p176(A,B) :- inv2(A,C0_0,C0_0,C,C2_0,C3_0-1,C1_0,C3_0,C3_0,C6_0,C6_0,C5_0,C5_0,C7_0,C7_0,B,C,C2_0,C,C2_0,C,C2_0,C,C2_0,C,C2_0,C,C2_0,C3_0-1,C1_0,C3_0-1,C1_0,C3_0-1,C1_0).
(r180) p178(A,B) :- inv2(A,C0_0-1,C0_0-1,C0_0,C0_0,C1_0-1,C1_0-1,C,C2_0,C5_0,C1_0,C3_0,C3_0,C7_0,C7_0,B,C,C2_0,C,C2_0,C,C2_0,C,C2_0,C,C2_0,C,C2_0,C5_0,C1_0,C5_0,C1_0,C5_0,C1_0).
(r181) p179(A,B) :- inv2(C0_0,C1_0-1,C2_0,C5_0,C3_0,C7_0,C7_0,B,C0_0,C1_0-1,C0_0,C1_0-1,C0_0,C1_0-1,C0_0,C1_0-1,A,C0_0-1,C,C2_0,A,C0_0-1,A,C0_0-1,A,C0_0-1,A,C0_0-1,C1_0-1,C,C1_0,C3_0,C1_0-1,C), mk_uppercase(C0_0-1,C0_0), mk_uppercase(C5_0,C1_0).
(r182) p186(A,B) :- inv2(C0_0,C,C3_0-2,C3_0-1,C3_0-1,C4_0,C4_0,C1_0,C0_0,C,C0_0,C,C0_0,C,C0_0,C,A,C0_0,C2_0,C3_0-2,C3_0,C5_0,A,C0_0,A,C0_0,A,C0_0,C,C2_0,C5_0,B,C,C2_0), mk_uppercase(C1_0,C3_0).
(r183) p245(A,B) :- inv1(C0_0,C1_0-1,C1_0-1,C,C5_0,C3_0,C8_0,B,C0_0,C1_0-1,C0_0,C1_0-1,C0_0,C1_0-1,A,C0_0,C1_0,C5_0,C3_0,C6_0,A,C0_0,A,C0_0,A,C0_0), mk_uppercase(C,C2_0), mk_uppercase(C2_0,C1_0), mk_uppercase(C6_0,C8_0).
(r184) p252(A,B) :- inv1(A,C0_0,C0_0,C,C,C2_0-1,C2_0-1,C2_0,C3_0-1,C5_0-1,C5_0-1,C1_0,A,C0_0,C2_0,C3_0-1,C1_0,C3_0,C3_0,C5_0,C2_0,C3_0-1,C2_0,C3_0-1,C2_0,C3_0-1), mk_uppercase(C5_0,B).
(r185) p263(A,B) :- inv2(C0_0,C,C3_0-1,C1_0,C1_0,C3_0,C8_0,B,C0_0,C,C0_0,C,C0_0,C,C0_0,C,A,C0_0,C,C2_0-1,C3_0,C5_0,A,C0_0,A,C0_0,A,C0_0,C2_0-1,C2_0,C2_0,C3_0-1,C5_0,C8_0).
(r186) p277(A,B) :- inv2(A,C0_0,C2_0-1,C,C,C2_0,C4_0,C1_0,A,C0_0,A,C0_0,A,C0_0,A,C0_0,C0_0,C1_0-1,C1_0-1,C2_0-1,C2_0,C4_0,C0_0,C1_0-1,C0_0,C1_0-1,C0_0,C1_0-1,C3_0,B,C3_0,B,C3_0,B), mk_uppercase(C1_0,C5_0), mk_uppercase(C5_0,C3_0).
(r187) p280(A,B) :- inv1(A,C0_0,C1_0-2,C1_0-1,C1_0-1,C2_0,C2_0,C,C,C1_0,C1_0,C4_0,C4_0,C3_0,C0_0,C1_0-2,C0_0,C1_0-2,C0_0,C1_0-2,C0_0,C1_0-2,C0_0,C1_0-2,C0_0,C1_0-2), inv1(C3_0,C5_0,C5_0,B,A,C0_0,A,C0_0,A,C0_0,A,C0_0,A,C0_0,C0_0,C1_0-2,C0_0,C1_0-2,C0_0,C1_0-2,C0_0,C1_0-2,C0_0,C1_0-2,C0_0,C1_0-2).
(r188) p296(A,B) :- inv2(A,C0_0,C0_0,C1_0-1,C1_0-1,C,C4_0,C5_0,C1_0,C3_0,C3_0,C6_0,C6_0,B,A,C0_0,C2_0,C4_0,C2_0,C4_0,C2_0,C4_0,C2_0,C4_0,C2_0,C4_0,C2_0,C4_0,C5_0,C1_0,C5_0,C1_0,C5_0,C1_0), mk_uppercase(C,C2_0).
(r189) p301(A,B) :- inv2(A,C0_0,C1_0-1,C2_0-1,C2_0-1,C,C1_0,C5_0,C3_0,C6_0,C6_0,B,A,C0_0,A,C0_0,C0_0,C1_0-1,C,C2_0,C0_0,C1_0-1,C0_0,C1_0-1,C0_0,C1_0-1,C0_0,C1_0-1,C2_0,C1_0,C5_0,C3_0,C2_0,C1_0).
(r190) p355(A,B) :- inv2(A,C0_0-1,C0_0,C1_0-1,C1_0-1,C,C5_0,C6_0,C6_0,C1_0,A,C0_0-1,A,C0_0-1,A,C0_0-1,C2_0,C5_0,C1_0,C3_0,C2_0,C5_0,C2_0,C5_0,C2_0,C5_0,C2_0,C5_0,C0_0-1,C0_0,C,C2_0,C3_0,B).
(r191) p390(A,B) :- inv1(C2_0-1,C3_0-1,C3_0-1,C1_0,C1_0,C3_0,C3_0,C2_0,C4_0,C7_0,C7_0,B,C2_0-1,C3_0-1,A,C,C,C1_0-1,C1_0-1,C2_0-1,C2_0,C4_0,A,C,A,C).
(r192) p391(A,B) :- inv2(A,C,C,C1_0-1,C3_0,C1_0,C5_0,C4_0,C4_0,C6_0,C6_0,B,A,C,A,C,C1_0-1,C2_0-1,C2_0-1,C3_0,C2_0,C5_0,C1_0-1,C2_0-1,C1_0-1,C2_0-1,C1_0-1,C2_0-1,C1_0,C2_0,C1_0,C2_0,C1_0,C2_0).
(r193) p418(A,B) :- inv1(C4_0,C1_0,C5_0,C7_0,C7_0,B,C4_0,C1_0,C4_0,C1_0,C4_0,C1_0,C4_0,C1_0,C,C2_0,C2_0,C3_0-1,C1_0,C3_0,C3_0,C5_0,C,C2_0,C,C2_0), mk_uppercase(A,C0_0), mk_uppercase(C0_0,C), mk_uppercase(C3_0-1,C4_0).
(r194) p490(A,B) :- inv2(C,C1_0-1,C2_0-2,C2_0-1,C3_0,C1_0,C6_0,B,C,C1_0-1,C,C1_0-1,C,C1_0-1,C,C1_0-1,C1_0-1,C2_0-2,C2_0-1,C3_0,C4_0,C6_0,C1_0-1,C2_0-2,C1_0-1,C2_0-2,C1_0-1,C2_0-2,A,C,C1_0,C2_0,A,C), mk_uppercase(C2_0,C4_0).
(r195) p499(A,B) :- inv1(A,C0_0-1,C1_0-1,C,C,C2_0,C7_0,B,A,C0_0-1,A,C0_0-1,A,C0_0-1,C0_0,C1_0-1,C2_0,C5_0,C1_0,C3_0,C0_0,C1_0-1,C0_0,C1_0-1,C0_0,C1_0-1), mk_uppercase(C0_0-1,C0_0), mk_uppercase(C5_0,C1_0), mk_uppercase(C3_0,C7_0).
(r196) p524(A,B) :- inv1(C1_0-2,C1_0-1,C1_0-1,C2_0-1,C2_0-1,C1_0,C1_0,C2_0,C6_0,C4_0,C7_0,B,C1_0-2,C1_0-1,A,C,C,C1_0-2,C2_0,C6_0,C4_0,C7_0,A,C,A,C).
(r197) p527(A,B) :- inv1(C0_0,C,C4_0-1,C1_0,C1_0,C4_0,C4_0,C3_0,C5_0,B,C0_0,C,C0_0,C,A,C0_0,C,C2_0,C2_0,C3_0-1,C3_0-1,C4_0-1,C3_0,C5_0,A,C0_0).
(r198) p582(A,B) :- inv2(C,C2_0,C4_0,C5_0,C5_0,C1_0,C3_0,C6_0,C,C2_0,C,C2_0,C,C2_0,C,C2_0,A,C0_0,C2_0,C4_0,C1_0,C3_0,A,C0_0,A,C0_0,A,C0_0,C0_0,C1_0-1,C1_0-1,C,C0_0,C1_0-1), mk_uppercase(C6_0,B).
(r199) p598(A,B) :- inv1(A,C0_0,C0_0,C,C2_0-1,C2_0,C5_0-1,C1_0,C1_0,C3_0,C5_0,B,A,C0_0,C,C2_0-1,C2_0,C3_0-1,C3_0-1,C5_0-1,C3_0,C5_0,C,C2_0-1,C,C2_0-1).
(r200) p600(A,B) :- inv1(A,C0_0-1,C0_0,C1_0-1,C1_0-1,C,C,C2_0,C6_0,C1_0,C1_0,C3_0,C3_0,B,C2_0,C5_0,C5_0,C6_0,C2_0,C5_0,C2_0,C5_0,C2_0,C5_0,C2_0,C5_0), mk_uppercase(C0_0-1,C0_0).
(r201) p51(A,B) :- inv2(A,C0_0,C7_0,C1_0,A,C0_0,A,C0_0,A,C0_0,A,C0_0,A,C0_0,A,C0_0,C0_0,C1_0-1,C2_0,C4_0,C4_0,C6_0,C6_0,C7_0,C0_0,C1_0-1,C0_0,C1_0-1,C1_0-1,C,C1_0-1,C,C1_0-1,C), mk_uppercase(C,C3_0), mk_uppercase(C3_0,C2_0), mk_uppercase(C1_0,B).
(r202) p188(A,B) :- inv2(C0_0,C,C4_0-1,C5_0,C5_0,C3_0,C0_0,C,C0_0,C,C0_0,C,C0_0,C,C0_0,C,A,C0_0,C,C1_0,C1_0,C3_0-1,C3_0-1,C4_0-1,C3_0,C4_0,C4_0,C6_0,C6_0,B,C6_0,B,C6_0,B).
(r203) p386(A,B) :- inv2(A,C,C1_0-1,C2_0-2,C3_0-1,C1_0,C3_0,C2_0,A,C,A,C,A,C,A,C,C,C1_0-1,C2_0-1,C3_0-1,C,C1_0-1,C,C1_0-1,C,C1_0-1,C,C1_0-1,C2_0-2,C2_0-1,C1_0,C3_0,C2_0,C4_0), mk_lowercase(C4_0,B).
(r204) p465(A,B) :- inv2(C3_0-1,C,C5_0,B,C3_0-1,C,C3_0-1,C,C3_0-1,C,C3_0-1,C,C3_0-1,C,C3_0-1,C,A,C0_0,C0_0,C1_0-1,C1_0-1,C2_0,C2_0,C3_0-1,C,C1_0,C1_0,C4_0,C4_0,C3_0,C3_0,C5_0,C4_0,C3_0).
(r205) p9(A,B) :- inv1(C2_0-1,C,C,C2_0,C2_0,C4_0,C2_0-1,C,C2_0-1,C,C2_0-1,C,C2_0-1,C,A,C0_0,C0_0,C1_0-1,C1_0-1,C2_0-1,C1_0,C3_0,A,C0_0,A,C0_0), mk_uppercase(C4_0,C1_0), mk_uppercase(C3_0,B).
(r206) p25(A,B) :- inv1(C3_0,C1_0,C6_0,B,C3_0,C1_0,C3_0,C1_0,C3_0,C1_0,C3_0,C1_0,C3_0,C1_0,A,C,C,C1_0-1,C1_0-1,C2_0-1,C2_0-1,C3_0,C1_0,C2_0,C2_0,C4_0), skip1(C4_0,C6_0).
(r207) p43(A,B) :- inv1(A,C0_0,C1_0-1,C,C5_0,C3_0,C3_0,C6_0,C6_0,B,A,C0_0,A,C0_0,C0_0,C1_0-1,C,C2_0,C1_0,C5_0,C0_0,C1_0-1,C0_0,C1_0-1,C0_0,C1_0-1), mk_uppercase(C2_0,C1_0).
(r208) p61(A,B) :- inv2(C1_0,C3_0,C4_0,B,C1_0,C3_0,C1_0,C3_0,C1_0,C3_0,C1_0,C3_0,C1_0,C3_0,C1_0,C3_0,C1_0-1,C2_0-1,C2_0-1,C3_0-1,C1_0-1,C2_0-1,C1_0-1,C2_0-1,C1_0-1,C2_0-1,C1_0-1,C2_0-1,C,C1_0-1,C3_0-1,C1_0,C3_0,C2_0), mk_uppercase(A,C), mk_uppercase(C2_0,C4_0).
(r209) p64(A,B) :- inv1(A,C0_0,C1_0-1,C2_0,C2_0,C,C,C1_0,C1_0,C4_0,C4_0,C3_0,C3_0,C5_0,C0_0,C1_0-1,C0_0,C1_0-1,C0_0,C1_0-1,C0_0,C1_0-1,C0_0,C1_0-1,C0_0,C1_0-1), copy1(C5_0,B).
(r210) p66(A,B) :- inv1(A,C0_0,C1_0-1,C2_0-1,C2_0,C1_0,C3_0,C6_0,C6_0,B,A,C0_0,A,C0_0,C0_0,C1_0-1,C,C2_0,C1_0,C3_0,C0_0,C1_0-1,C0_0,C1_0-1,C0_0,C1_0-1), mk_uppercase(C2_0-1,C).
(r211) p87(A,B) :- inv1(C0_0,C,C7_0,B,C0_0,C,C0_0,C,C0_0,C,C0_0,C,C0_0,C,A,C0_0,C,C2_0,C2_0,C3_0-1,C1_0,C3_0,C3_0,C5_0,C5_0,C7_0), mk_uppercase(C3_0-1,C1_0).
(r212) p88(A,B) :- inv2(A,C0_0,C2_0-1,C,C,C2_0,A,C0_0,A,C0_0,A,C0_0,A,C0_0,A,C0_0,C0_0,C1_0-1,C1_0,C3_0,C3_0,C6_0,C0_0,C1_0-1,C0_0,C1_0-1,C0_0,C1_0-1,C1_0-1,C2_0-1,C1_0-1,C2_0-1,C1_0-1,C2_0-1), mk_uppercase(C2_0,C1_0), mk_uppercase(C6_0,B).
(r213) p96(A,B) :- inv2(C1_0-1,C2_0,C2_0,C,C1_0,C4_0,C5_0,B,C1_0-1,C2_0,C1_0-1,C2_0,C1_0-1,C2_0,C1_0-1,C2_0,A,C0_0,C0_0,C1_0-1,C,C1_0,C3_0,C5_0,A,C0_0,A,C0_0,C4_0,C3_0,C4_0,C3_0,C4_0,C3_0).
(r214) p97(A,B) :- inv2(C0_0,C,C2_0,C3_0-1,C5_0,C7_0,C7_0,B,C0_0,C,C0_0,C,C0_0,C,C0_0,C,A,C0_0,C1_0,C3_0,C3_0,C5_0,A,C0_0,A,C0_0,A,C0_0,C,C2_0,C,C2_0,C,C2_0), mk_uppercase(C3_0-1,C1_0).
(r215) p117(A,B) :- inv1(C0_0-1,C0_0,C3_0-1,C,C,C2_0,C2_0,C1_0,C3_0,B,C0_0-1,C0_0,C0_0-1,C0_0,A,C0_0-1,C0_0,C1_0-1,C1_0-1,C3_0-1,A,C0_0-1,A,C0_0-1,A,C0_0-1), mk_uppercase(C1_0,C3_0).
(r216) p127(A,B) :- inv2(A,C0_0,C0_0,C1_0-1,C1_0-1,C,C4_0,C5_0,C3_0,B,A,C0_0,A,C0_0,A,C0_0,C,C2_0,C2_0,C4_0,C1_0,C3_0,C,C2_0,C,C2_0,C,C2_0,C5_0,C1_0,C5_0,C1_0,C5_0,C1_0).
(r217) p135(A,B) :- inv2(C3_0-1,C1_0,C1_0,C3_0,C3_0,C2_0,C3_0-1,C1_0,C3_0-1,C1_0,C3_0-1,C1_0,C3_0-1,C1_0,C3_0-1,C1_0,A,C,C,C1_0-1,C1_0-1,C2_0-1,C2_0-1,C3_0-1,C2_0,C4_0,A,C,C4_0,B,C4_0,B,C4_0,B).
(r218) p139(A,B) :- inv1(C1_0-2,C1_0-1,C1_0-1,C2_0-1,C2_0-1,C1_0,C4_0,C7_0,C7_0,B,C1_0-2,C1_0-1,C1_0-2,C1_0-1,C,C1_0-2,C1_0,C2_0,C2_0,C4_0,C,C1_0-2,C,C1_0-2,C,C1_0-2), mk_uppercase(A,C).
(r219) p151(A,B) :- inv2(C1_0-2,C1_0-1,C1_0-1,C2_0-1,C2_0-1,C1_0,C1_0,C3_0,C4_0,B,C1_0-2,C1_0-1,C1_0-2,C1_0-1,C1_0-2,C1_0-1,C,C1_0-2,C2_0,C4_0,C,C1_0-2,C,C1_0-2,C,C1_0-2,C,C1_0-2,C3_0,C2_0,C3_0,C2_0,C3_0,C2_0), mk_uppercase(A,C).
(r220) p159(A,B) :- copy1(A,C0_0), copy1(C0_0,C1_0-2), copy1(C1_0-2,C1_0-1), copy1(C1_0-1,C2_0-1), copy1(C2_0-1,C), copy1(C,C2_0), mk_lowercase(C2_0,C1_0), copy1(C1_0,C3_0), copy1(C3_0,B).
(r221) p194(A,B) :- inv2(A,C0_0-1,C0_0-1,C0_0,C1_0-1,C,C5_0,C3_0,C6_0,B,A,C0_0-1,A,C0_0-1,A,C0_0-1,C0_0,C1_0-1,C,C1_0,C0_0,C1_0-1,C0_0,C1_0-1,C0_0,C1_0-1,C0_0,C1_0-1,C1_0,C5_0,C1_0,C5_0,C1_0,C5_0), mk_uppercase(C3_0,C6_0).
(r222) p206(A,B) :- inv1(C0_0-1,C0_0,C3_0-1,C,C,C1_0,C6_0,B,C0_0-1,C0_0,C0_0-1,C0_0,C0_0-1,C0_0,A,C0_0-1,C0_0,C1_0-1,C1_0,C3_0,C3_0,C6_0,A,C0_0-1,A,C0_0-1), mk_uppercase(C1_0-1,C3_0-1).
(r223) p226(A,B) :- inv1(C0_0,C1_0-1,C1_0-1,C,C2_0,C1_0,C1_0,C5_0,C5_0,C3_0,C6_0,B,C0_0,C1_0-1,A,C0_0,C,C2_0,C3_0,C6_0,A,C0_0,A,C0_0,A,C0_0).
(r224) p234(A,B) :- inv1(A,C0_0,C2_0,C,C,C1_0,C1_0,C4_0,C4_0,C3_0,C5_0,B,A,C0_0,C0_0,C1_0-1,C1_0-1,C2_0,C3_0,C5_0,C0_0,C1_0-1,C0_0,C1_0-1,C0_0,C1_0-1).
(r225) p236(A,B) :- inv2(A,C0_0,C0_0,C,C3_0-1,C4_0,C4_0,C1_0,A,C0_0,A,C0_0,A,C0_0,A,C0_0,C,C2_0,C2_0,C3_0-1,C1_0,C3_0,C3_0,C5_0,C,C2_0,C,C2_0,C5_0,B,C5_0,B,C5_0,B).
(r226) p249(A,B) :- inv1(A,C0_0,C0_0,C1_0-2,C1_0-2,C1_0-1,C1_0-1,C2_0,C2_0,C,C3_0,C5_0,C5_0,B,C,C1_0,C1_0,C3_0,C,C1_0,C,C1_0,C,C1_0,C,C1_0).
(r227) p282(A,B) :- inv1(C0_0,C,C,C2_0-1,C2_0-1,C2_0,C3_0-1,C5_0,C5_0,C1_0,C0_0,C,C0_0,C,A,C0_0,C2_0,C3_0-1,A,C0_0,A,C0_0,A,C0_0,A,C0_0), mk_uppercase(C1_0,C3_0), mk_uppercase(C3_0,B).
(r228) p323(A,B) :- inv1(A,C,C,C1_0-1,C3_0-1,C1_0,C3_0,C2_0,C4_0,B,A,C,A,C,C1_0-1,C2_0-1,C2_0-1,C3_0-1,C2_0,C4_0,C1_0-1,C2_0-1,C1_0-1,C2_0-1,C1_0-1,C2_0-1), mk_uppercase(C1_0,C3_0).
(r229) p343(A,B) :- inv2(C3_0-1,C1_0,C2_0,C4_0,C4_0,B,C3_0-1,C1_0,C3_0-1,C1_0,C3_0-1,C1_0,C3_0-1,C1_0,C3_0-1,C1_0,C,C1_0-1,C1_0-1,C2_0-1,C2_0-1,C3_0-1,C1_0,C3_0,C,C1_0-1,C,C1_0-1,A,C,C3_0,C2_0,A,C).
(r230) p396(A,B) :- inv2(A,C0_0,C2_0,C3_0-1,C3_0-1,C1_0,C7_0,B,A,C0_0,A,C0_0,A,C0_0,A,C0_0,C1_0,C3_0,C3_0,C5_0,C5_0,C7_0,C1_0,C3_0,C1_0,C3_0,C1_0,C3_0,C0_0,C,C,C2_0,C0_0,C).
(r231) p405(A,B) :- inv2(C,C1_0-2,C1_0-2,C1_0-1,C1_0-1,C2_0-1,C1_0,C3_0,C2_0,C4_0,C4_0,B,C,C1_0-2,C,C1_0-2,A,C,A,C,A,C,A,C,A,C,A,C,C3_0,C2_0,C3_0,C2_0,C3_0,C2_0), mk_uppercase(C2_0-1,C1_0).
(r232) p413(A,B) :- inv2(C3_0-1,C1_0,C1_0,C3_0,C3_0,C2_0,C4_0,B,C3_0-1,C1_0,C3_0-1,C1_0,C3_0-1,C1_0,C3_0-1,C1_0,A,C,C,C1_0-1,C1_0-1,C2_0-1,C2_0-1,C3_0-1,A,C,A,C,C2_0,C4_0,C2_0,C4_0,C2_0,C4_0).
(r233) p426(A,B) :- inv2(A,C,C,C1_0-1,C1_0-1,C2_0-2,C2_0-2,C2_0-1,C3_0,C1_0,A,C,A,C,A,C,C1_0,C2_0,C2_0,C4_0,C1_0,C2_0,C1_0,C2_0,C1_0,C2_0,C1_0,C2_0,C2_0-1,C3_0,C2_0-1,C3_0,C2_0-1,C3_0), mk_uppercase(C4_0,B).
(r234) p431(A,B) :- inv2(C1_0-2,C1_0-1,C2_0,C,C1_0-2,C1_0-1,C1_0-2,C1_0-1,C1_0-2,C1_0-1,C1_0-2,C1_0-1,C1_0-2,C1_0-1,C1_0-2,C1_0-1,A,C0_0,C,C1_0,C1_0,C3_0,C3_0,C5_0,A,C0_0,A,C0_0,C0_0,C1_0-2,C5_0,B,C0_0,C1_0-2), mk_uppercase(C1_0-1,C2_0).
(r235) p444(A,B) :- inv2(C,C1_0-2,C1_0-2,C1_0-1,C2_0-1,C4_0,C4_0,C1_0,C,C1_0-2,C,C1_0-2,C,C1_0-2,C,C1_0-2,A,C,C1_0-1,C2_0-1,C1_0,C3_0,A,C,A,C,A,C,C2_0,B,C2_0,B,C2_0,B), mk_uppercase(C3_0,C2_0).
(r236) p452(A,B) :- inv1(A,C,C1_0-1,C2_0-2,C3_0,C1_0,C2_0,C4_0,C4_0,B,A,C,A,C,C,C1_0-1,C2_0-1,C3_0,C,C1_0-1,C,C1_0-1,C,C1_0-1,C,C1_0-1), mk_uppercase(C2_0-2,C2_0-1), mk_uppercase(C1_0,C2_0).
(r237) p477(A,B) :- inv1(C0_0,C1_0-2,C1_0-2,C1_0-1,C2_0,C,C,C1_0,C3_0,C5_0,C5_0,B,C0_0,C1_0-2,A,C0_0,C1_0-1,C2_0,C1_0,C3_0,A,C0_0,A,C0_0,A,C0_0).
(r238) p497(A,B) :- inv1(A,C,C,C1_0-1,C3_0,C1_0,C6_0,B,A,C,A,C,A,C,C1_0-1,C2_0-1,C2_0-1,C3_0,C1_0,C2_0,C2_0,C4_0,C4_0,C6_0,C1_0-1,C2_0-1).
(r239) p507(A,B) :- inv2(C0_0-1,C0_0,C0_0,C1_0-1,C,C1_0,C1_0,C5_0,C5_0,C3_0,C6_0,B,C0_0-1,C0_0,C0_0-1,C0_0,C3_0,C6_0,C3_0,C6_0,C3_0,C6_0,C3_0,C6_0,C3_0,C6_0,C3_0,C6_0,C1_0-1,C,C1_0-1,C,C1_0-1,C), mk_uppercase(A,C0_0-1).
(r240) p532(A,B) :- inv2(C0_0-1,C0_0,C1_0-1,C,C5_0,C1_0,C3_0,B,C0_0-1,C0_0,C0_0-1,C0_0,C0_0-1,C0_0,C0_0-1,C0_0,A,C0_0-1,C0_0,C1_0-1,C1_0,C3_0,A,C0_0-1,A,C0_0-1,A,C0_0-1,C2_0,C5_0,C2_0,C5_0,C2_0,C5_0), mk_uppercase(C,C2_0).
(r241) p543(A,B) :- inv1(C0_0-1,C0_0,C0_0,C1_0-1,C,C1_0,C1_0,C5_0,C5_0,C3_0,C3_0,C6_0,C6_0,B,A,C0_0-1,A,C0_0-1,A,C0_0-1,A,C0_0-1,A,C0_0-1,A,C0_0-1), mk_uppercase(C1_0-1,C).
(r242) p557(A,B) :- inv2(C3_0-1,C1_0,C4_0,B,C3_0-1,C1_0,C3_0-1,C1_0,C3_0-1,C1_0,C3_0-1,C1_0,C3_0-1,C1_0,C3_0-1,C1_0,C,C1_0-1,C1_0-1,C2_0-1,C2_0-1,C3_0-1,C1_0,C3_0,C,C1_0-1,C,C1_0-1,A,C,C3_0,C2_0,A,C), mk_uppercase(C2_0,C4_0).
(r243) p573(A,B) :- inv1(C0_0-1,C0_0,C1_0-1,C,C0_0-1,C0_0,C0_0-1,C0_0,C0_0-1,C0_0,C0_0-1,C0_0,C0_0-1,C0_0,C0_0,C1_0-1,C,C2_0,C2_0,C5_0,C5_0,C6_0,C0_0,C1_0-1,C0_0,C1_0-1), mk_uppercase(A,C0_0-1), mk_uppercase(C6_0,C1_0), mk_uppercase(C1_0,B).
(r244) p588(A,B) :- inv2(A,C,C3_0-1,C1_0,C3_0,C2_0,A,C,A,C,A,C,A,C,A,C,C,C1_0-1,C1_0-1,C2_0-1,C2_0-1,C3_0-1,C1_0,C3_0,C2_0,C4_0,C,C1_0-1,C4_0,B,C4_0,B,C4_0,B).
(r245) p70(A,B) :- inv2(A,C,C,C1_0-1,C5_0,C1_0,C1_0,C2_0,A,C,A,C,A,C,A,C,C1_0-1,C2_0-1,C2_0-1,C3_0,C3_0,C4_0,C4_0,C5_0,C1_0-1,C2_0-1,C1_0-1,C2_0-1,C2_0,B,C2_0,B,C2_0,B).
(r246) p109(A,B) :- inv2(A,C0_0,C3_0-1,C4_0,C3_0,B,A,C0_0,A,C0_0,A,C0_0,A,C0_0,A,C0_0,C0_0,C1_0-1,C1_0-1,C2_0,C2_0,C3_0-1,C,C1_0,C1_0,C3_0,C0_0,C1_0-1,C4_0,C,C4_0,C,C4_0,C).
(r247) p335(A,B) :- inv2(C4_0,C6_0,C4_0,C6_0,C4_0,C6_0,C4_0,C6_0,C4_0,C6_0,C4_0,C6_0,C4_0,C6_0,C4_0,C6_0,A,C0_0,C0_0,C1_0-1,C1_0-1,C2_0-1,C,C2_0,C2_0,C4_0,A,C0_0,C2_0-1,C,C6_0,C1_0,C2_0-1,C), mk_uppercase(C1_0,B).
(r248) p354(A,B) :- inv2(A,C0_0-1,C0_0,C1_0-1,C1_0-1,C,A,C0_0-1,A,C0_0-1,A,C0_0-1,A,C0_0-1,A,C0_0-1,C,C2_0,C2_0,C5_0,C5_0,C6_0,C,C2_0,C,C2_0,C,C2_0,C0_0-1,C0_0,C6_0,C1_0,C0_0-1,C0_0), mk_uppercase(C1_0,B).
(r249) p14(A,B) :- inv1(A,C0_0-1,C0_0-1,C0_0,C0_0,C1_0-1,C,C1_0,C6_0,B,A,C0_0-1,A,C0_0-1,C1_0,C3_0,C3_0,C6_0,C1_0,C3_0,C1_0,C3_0,C1_0,C3_0,C1_0,C3_0), mk_uppercase(C1_0-1,C).
(r250) p19(A,B) :- inv1(A,C0_0,C0_0,C,C,C2_0,C3_0-1,C1_0,C1_0,C3_0,C5_0,B,A,C0_0,C2_0,C3_0-1,C3_0,C5_0,C2_0,C3_0-1,C2_0,C3_0-1,C2_0,C3_0-1,C2_0,C3_0-1).
(r251) p28(A,B) :- inv1(A,C0_0,C1_0-1,C,C4_0,C3_0,C3_0,C5_0,A,C0_0,A,C0_0,A,C0_0,C0_0,C1_0-1,C,C1_0,C1_0,C4_0,C0_0,C1_0-1,C0_0,C1_0-1,C0_0,C1_0-1), mk_uppercase(C5_0,B).
(r252) p33(A,B) :- skip1(A,C0_0), mk_lowercase(C0_0,C1_0-1), mk_lowercase(C1_0-1,C), skip1(C,C2_0), mk_lowercase(C2_0,C1_0), skip1(C1_0,C3_0), skip1(C3_0,C6_0), mk_uppercase(C6_0,B).
(r253) p49(A,B) :- inv2(C,C1_0-1,C1_0-1,C2_0-1,C2_0-1,C1_0,C1_0,C3_0,C3_0,C2_0,C,C1_0-1,C,C1_0-1,C,C1_0-1,C2_0,C4_0,C2_0,C4_0,C2_0,C4_0,C2_0,C4_0,C2_0,C4_0,C2_0,C4_0,A,C,C4_0,B,A,C).
(r254) p84(A,B) :- inv1(C3_0,C1_0,C1_0,C2_0,C3_0,C1_0,C3_0,C1_0,C3_0,C1_0,C3_0,C1_0,C3_0,C1_0,C,C1_0-1,C1_0-1,C2_0-1,C2_0-1,C3_0,C2_0,C4_0,C,C1_0-1,C,C1_0-1), mk_uppercase(A,C), mk_uppercase(C4_0,B).
(r255) p106(A,B) :- inv2(C2_0,C4_0,C4_0,B,C2_0,C4_0,C2_0,C4_0,C2_0,C4_0,C2_0,C4_0,C2_0,C4_0,C2_0,C4_0,A,C,C,C1_0-1,C1_0-1,C2_0-1,C2_0-1,C3_0,A,C,A,C,C1_0,C2_0,C1_0,C2_0,C1_0,C2_0), mk_uppercase(C3_0,C1_0).
(r256) p121(A,B) :- mk_lowercase(A,C0_0-1), copy1(C0_0-1,C0_0), mk_lowercase(C0_0,C1_0-1), copy1(C1_0-1,C), copy1(C,C2_0), copy1(C2_0,C1_0), copy1(C1_0,C3_0), mk_uppercase(C3_0,B).
(r257) p128(A,B) :- inv1(C1_0-1,C,C2_0,C1_0,C6_0,B,C1_0-1,C,C1_0-1,C,C1_0-1,C,C1_0-1,C,C0_0,C1_0-1,C,C2_0,C1_0,C3_0,C3_0,C6_0,C0_0,C1_0-1,C0_0,C1_0-1), mk_uppercase(A,C0_0).
(r258) p133(A,B) :- inv2(A,C,C1_0-1,C2_0-1,C1_0,C3_0,C4_0,B,A,C,A,C,A,C,A,C,C,C1_0-1,C2_0,C4_0,C,C1_0-1,C,C1_0-1,C,C1_0-1,C,C1_0-1,C2_0-1,C1_0,C2_0-1,C1_0,C2_0-1,C1_0), mk_uppercase(C3_0,C2_0).
(r259) p138(A,B) :- inv2(A,C,C,C1_0-2,C1_0-1,C2_0-1,C2_0-1,C1_0,A,C,A,C,A,C,A,C,C1_0,C2_0,C2_0,C4_0,C1_0,C2_0,C1_0,C2_0,C1_0,C2_0,C1_0,C2_0,C1_0-2,C1_0-1,C4_0,B,C1_0-2,C1_0-1).
(r260) p143(A,B) :- inv2(C2_0-1,C,C,C2_0,C2_0,C1_0,C2_0-1,C,C2_0-1,C,C2_0-1,C,C2_0-1,C,C2_0-1,C,A,C0_0,C0_0,C1_0-1,C1_0-1,C2_0-1,C1_0,C3_0,A,C0_0,A,C0_0,C3_0,B,C3_0,B,C3_0,B).
(r261) p147(A,B) :- inv2(C2_0-1,C,C,C2_0,C2_0,C1_0,C2_0-1,C,C2_0-1,C,C2_0-1,C,C2_0-1,C,C2_0-1,C,A,C0_0,C0_0,C1_0-1,C1_0,C3_0,A,C0_0,A,C0_0,A,C0_0,C1_0-1,C2_0-1,C3_0,B,C1_0-1,C2_0-1).
(r262) p152(A,B) :- inv2(A,C0_0,C2_0,C,A,C0_0,A,C0_0,A,C0_0,A,C0_0,A,C0_0,A,C0_0,C0_0,C1_0-1,C1_0-1,C2_0,C3_0,C5_0,C0_0,C1_0-1,C0_0,C1_0-1,C0_0,C1_0-1,C1_0,C3_0,C5_0,B,C1_0,C3_0), mk_uppercase(C,C1_0).
(r263) p181(A,B) :- inv1(A,C0_0,C1_0-1,C2_0-1,C2_0,C1_0,C3_0,B,A,C0_0,A,C0_0,A,C0_0,C0_0,C1_0-1,C1_0,C3_0,C0_0,C1_0-1,C0_0,C1_0-1,C0_0,C1_0-1,C0_0,C1_0-1), mk_uppercase(C2_0-1,C), mk_uppercase(C,C2_0).
(r264) p195(A,B) :- inv1(C4_0,C1_0,C2_0,B,C4_0,C1_0,C4_0,C1_0,C4_0,C1_0,C4_0,C1_0,C4_0,C1_0,A,C,C,C1_0-2,C1_0-1,C2_0-1,C2_0-1,C4_0,C1_0,C2_0,A,C), mk_uppercase(C1_0-2,C1_0-1).
(r265) p201(A,B) :- inv2(A,C,C,C1_0-1,C2_0,C4_0-1,C4_0-1,C4_0,C5_0,B,A,C,A,C,A,C,C1_0,C2_0,C4_0,C5_0,C1_0,C2_0,C1_0,C2_0,C1_0,C2_0,C1_0,C2_0,C1_0-1,C1_0,C1_0-1,C1_0,C1_0-1,C1_0).
(r266) p223(A,B) :- inv1(A,C0_0-1,C0_0-1,C0_0,C0_0,C1_0-1,C1_0-1,C,C3_0,C6_0,C6_0,B,A,C0_0-1,C,C1_0,C1_0,C3_0,C,C1_0,C,C1_0,C,C1_0,C,C1_0).
(r267) p232(A,B) :- inv1(A,C0_0,C0_0,C1_0-1,C1_0-1,C,C,C1_0,C4_0,C3_0,C5_0,B,A,C0_0,C1_0,C4_0,C3_0,C5_0,C1_0,C4_0,C1_0,C4_0,C1_0,C4_0,C1_0,C4_0).
(r268) p235(A,B) :- inv2(A,C,C2_0-2,C2_0-1,C2_0-1,C3_0,C3_0,C1_0,A,C,A,C,A,C,A,C,C1_0-1,C2_0-2,C1_0-1,C2_0-2,C1_0-1,C2_0-2,C1_0-1,C2_0-2,C1_0-1,C2_0-2,C1_0-1,C2_0-2,C,C1_0-1,C,C1_0-1,C,C1_0-1), mk_uppercase(C1_0,C2_0), mk_uppercase(C2_0,B).
(r269) p266(A,B) :- inv1(A,C0_0,C2_0,C,C3_0,C5_0,C5_0,B,A,C0_0,A,C0_0,A,C0_0,C0_0,C1_0-1,C1_0-1,C2_0,C,C1_0,C1_0,C3_0,C0_0,C1_0-1,C0_0,C1_0-1).
(r270) p285(A,B) :- inv2(C,C1_0-1,C3_0,C2_0,C4_0,C6_0,C6_0,B,C,C1_0-1,C,C1_0-1,C,C1_0-1,C,C1_0-1,C1_0,C3_0,C2_0,C4_0,C1_0,C3_0,C1_0,C3_0,C1_0,C3_0,C1_0,C3_0,A,C,C1_0-1,C1_0,A,C).
(r271) p289(A,B) :- inv2(A,C0_0,C4_0,C3_0,C5_0,B,A,C0_0,A,C0_0,A,C0_0,A,C0_0,A,C0_0,C0_0,C1_0-1,C,C1_0,C1_0,C4_0,C3_0,C5_0,C0_0,C1_0-1,C0_0,C1_0-1,C1_0-1,C,C1_0-1,C,C1_0-1,C).
(r272) p324(A,B) :- inv2(A,C0_0-1,C0_0-1,C0_0,C3_0,C6_0,C6_0,B,A,C0_0-1,A,C0_0-1,A,C0_0-1,A,C0_0-1,C0_0,C1_0-1,C1_0,C3_0,C0_0,C1_0-1,C0_0,C1_0-1,C0_0,C1_0-1,C0_0,C1_0-1,C1_0-1,C,C,C1_0,C1_0-1,C).
(r273) p326(A,B) :- inv1(A,C0_0,C0_0,C,C,C2_0,C2_0,C1_0,C4_0,C3_0,C3_0,C5_0,C5_0,B,C1_0,C4_0,C1_0,C4_0,C1_0,C4_0,C1_0,C4_0,C1_0,C4_0,C1_0,C4_0).
(r274) p330(A,B) :- inv2(C2_0,C,C3_0,C5_0,C5_0,B,C2_0,C,C2_0,C,C2_0,C,C2_0,C,C2_0,C,A,C0_0,C0_0,C1_0-1,C1_0,C3_0,A,C0_0,A,C0_0,A,C0_0,C1_0-1,C2_0,C,C1_0,C1_0-1,C2_0).
(r275) p341(A,B) :- inv2(A,C,C1_0-2,C1_0-1,C2_0-1,C4_0,C2_0,B,A,C,A,C,A,C,A,C,C,C1_0-2,C1_0-1,C2_0-1,C1_0,C2_0,C,C1_0-2,C,C1_0-2,C,C1_0-2,C4_0,C1_0,C4_0,C1_0,C4_0,C1_0).
(r276) p370(A,B) :- inv2(C0_0,C1_0-1,C1_0-1,C,C3_0,B,C0_0,C1_0-1,C0_0,C1_0-1,C0_0,C1_0-1,C0_0,C1_0-1,C0_0,C1_0-1,A,C0_0-1,A,C0_0-1,A,C0_0-1,A,C0_0-1,A,C0_0-1,A,C0_0-1,C0_0-1,C0_0,C,C2_0,C2_0,C1_0), mk_uppercase(C1_0,C3_0).
(r277) p374(A,B) :- inv1(C0_0-1,C0_0,C1_0-1,C3_0-1,C3_0-1,C,C3_0,B,C0_0-1,C0_0,C0_0-1,C0_0,C0_0-1,C0_0,A,C0_0-1,C0_0,C1_0-1,C,C1_0,C1_0,C3_0,A,C0_0-1,A,C0_0-1).
(r278) p381(A,B) :- inv2(C0_0,C1_0-1,C,C1_0,C4_0,C3_0,C5_0,B,C0_0,C1_0-1,C0_0,C1_0-1,C0_0,C1_0-1,C0_0,C1_0-1,A,C0_0,C1_0,C4_0,C3_0,C5_0,A,C0_0,A,C0_0,A,C0_0,C1_0-1,C,C1_0-1,C,C1_0-1,C).
(r279) p388(A,B) :- inv2(C1_0-1,C,C,C3_0-1,C3_0,B,C1_0-1,C,C1_0-1,C,C1_0-1,C,C1_0-1,C,C1_0-1,C,A,C0_0,C0_0,C1_0-1,C1_0,C3_0,A,C0_0,A,C0_0,A,C0_0,C2_0,C1_0,C2_0,C1_0,C2_0,C1_0), mk_uppercase(C3_0-1,C2_0).
(r280) p403(A,B) :- inv2(C3_0,C2_0,C4_0,B,C3_0,C2_0,C3_0,C2_0,C3_0,C2_0,C3_0,C2_0,C3_0,C2_0,C3_0,C2_0,A,C,C,C1_0-2,C1_0,C3_0,C2_0,C4_0,A,C,A,C,C1_0-2,C1_0-1,C1_0-2,C1_0-1,C1_0-2,C1_0-1), mk_uppercase(C1_0-1,C1_0).
(r281) p422(A,B) :- inv2(C1_0,C2_0,C6_0,B,C1_0,C2_0,C1_0,C2_0,C1_0,C2_0,C1_0,C2_0,C1_0,C2_0,C1_0,C2_0,A,C,C,C1_0-1,C2_0,C4_0,C4_0,C6_0,A,C,A,C,C1_0-1,C2_0-1,C2_0-1,C1_0,C1_0-1,C2_0-1).
(r282) p451(A,B) :- inv1(A,C0_0-1,C0_0-1,C0_0,C1_0-1,C,C,C1_0,C6_0,B,A,C0_0-1,A,C0_0-1,C1_0,C3_0,C1_0,C3_0,C1_0,C3_0,C1_0,C3_0,C1_0,C3_0,C1_0,C3_0), mk_uppercase(C0_0,C1_0-1), mk_uppercase(C3_0,C6_0).
(r283) p478(A,B) :- inv1(C1_0-2,C1_0-1,C4_0,C1_0,C2_0,B,C1_0-2,C1_0-1,C1_0-2,C1_0-1,C1_0-2,C1_0-1,C1_0-2,C1_0-1,A,C,C,C1_0-2,C1_0-1,C2_0-1,C2_0-1,C4_0,C1_0,C2_0,A,C).
(r284) p482(A,B) :- inv2(C2_0,C,C,C1_0,C5_0,B,C2_0,C,C2_0,C,C2_0,C,C2_0,C,C2_0,C,A,C0_0,C0_0,C1_0-1,C1_0,C3_0,C3_0,C5_0,A,C0_0,A,C0_0,C1_0-1,C2_0,C1_0-1,C2_0,C1_0-1,C2_0).
(r285) p484(A,B) :- inv1(A,C0_0,C2_0,C1_0,C1_0,C4_0,C4_0,C3_0,C3_0,C5_0,C5_0,B,A,C0_0,C,C2_0,C,C2_0,C,C2_0,C,C2_0,C,C2_0,C,C2_0), mk_uppercase(C0_0,C).
(r286) p491(A,B) :- inv2(A,C0_0-1,C0_0-1,C0_0,C1_0-1,C,C,C2_0,C1_0,C3_0,C3_0,B,A,C0_0-1,A,C0_0-1,C0_0,C1_0-1,C0_0,C1_0-1,C0_0,C1_0-1,C0_0,C1_0-1,C0_0,C1_0-1,C0_0,C1_0-1,C2_0,C1_0,C2_0,C1_0,C2_0,C1_0).
(r287) p511(A,B) :- inv2(A,C0_0-1,C1_0-1,C,C2_0,C1_0,C3_0,B,A,C0_0-1,A,C0_0-1,A,C0_0-1,A,C0_0-1,C0_0,C1_0-1,C0_0,C1_0-1,C0_0,C1_0-1,C0_0,C1_0-1,C0_0,C1_0-1,C0_0,C1_0-1,C,C2_0,C1_0,C3_0,C,C2_0), mk_uppercase(C0_0-1,C0_0).
(r288) p515(A,B) :- inv2(A,C0_0-1,C,C2_0,C6_0,B,A,C0_0-1,A,C0_0-1,A,C0_0-1,A,C0_0-1,A,C0_0-1,C1_0,C3_0,C1_0,C3_0,C1_0,C3_0,C1_0,C3_0,C1_0,C3_0,C1_0,C3_0,C0_0-1,C0_0,C2_0,C1_0,C3_0,C6_0), mk_uppercase(C0_0,C).
(r289) p516(A,B) :- inv2(C2_0,C1_0,C3_0,B,C2_0,C1_0,C2_0,C1_0,C2_0,C1_0,C2_0,C1_0,C2_0,C1_0,C2_0,C1_0,A,C0_0-1,C,C2_0,C1_0,C3_0,A,C0_0-1,A,C0_0-1,A,C0_0-1,C0_0-1,C0_0,C0_0,C1_0-1,C1_0-1,C).
(r290) p518(A,B) :- inv2(A,C0_0-1,C0_0-1,C0_0,C1_0-1,C,A,C0_0-1,A,C0_0-1,A,C0_0-1,A,C0_0-1,A,C0_0-1,C0_0,C1_0-1,C,C1_0,C1_0,C3_0,C3_0,C6_0,C0_0,C1_0-1,C0_0,C1_0-1,C6_0,B,C6_0,B,C6_0,B).
(r291) p548(A,B) :- mk_lowercase(A,C), copy1(C,C1_0-2), copy1(C1_0-2,C1_0-1), copy1(C1_0-1,C2_0-1), mk_lowercase(C2_0-1,C1_0), mk_uppercase(C1_0,C2_0), mk_uppercase(C2_0,C4_0), copy1(C4_0,B).
(r292) p551(A,B) :- inv1(A,C,C,C1_0-2,C2_0-1,C1_0,C2_0,C4_0,C4_0,B,A,C,A,C,C1_0,C2_0,C1_0,C2_0,C1_0,C2_0,C1_0,C2_0,C1_0,C2_0,C1_0,C2_0), mk_uppercase(C1_0-2,C1_0-1), mk_uppercase(C1_0-1,C2_0-1).
(r293) p563(A,B) :- inv2(A,C0_0,C2_0,C,C3_0,C5_0,A,C0_0,A,C0_0,A,C0_0,A,C0_0,A,C0_0,C0_0,C1_0-1,C,C1_0,C1_0,C3_0,C0_0,C1_0-1,C0_0,C1_0-1,C0_0,C1_0-1,C1_0-1,C2_0,C5_0,B,C1_0-1,C2_0).
(r294) p579(A,B) :- inv1(C0_0,C,C2_0,C1_0,C1_0,C4_0,C4_0,C3_0,C5_0,B,C0_0,C,C0_0,C,A,C0_0,C,C2_0,C3_0,C5_0,A,C0_0,A,C0_0,A,C0_0).
(r295) p585(A,B) :- inv2(A,C,C1_0-1,C2_0-1,C3_0,C2_0,C2_0,C4_0,A,C,A,C,A,C,A,C,C,C1_0-1,C1_0,C3_0,C,C1_0-1,C,C1_0-1,C,C1_0-1,C,C1_0-1,C2_0-1,C1_0,C4_0,B,C2_0-1,C1_0).
(r296) p595(A,B) :- inv2(C0_0,C,C3_0,C5_0,C5_0,B,C0_0,C,C0_0,C,C0_0,C,C0_0,C,C0_0,C,C,C2_0,C2_0,C3_0-1,C1_0,C3_0,C,C2_0,C,C2_0,C,C2_0,A,C0_0,C3_0-1,C1_0,A,C0_0).
(r297) p24(A,B) :- inv2(A,C0_0-1,C0_0-1,C0_0,C1_0-1,C,A,C0_0-1,A,C0_0-1,A,C0_0-1,A,C0_0-1,A,C0_0-1,C0_0,C1_0-1,C,C1_0,C0_0,C1_0-1,C0_0,C1_0-1,C0_0,C1_0-1,C0_0,C1_0-1,C1_0,C3_0,C3_0,B,C1_0,C3_0).
(r298) p36(A,B) :- inv2(C,C1_0-2,C1_0-2,C1_0-1,C2_0-1,C1_0,C2_0,B,C,C1_0-2,C,C1_0-2,C,C1_0-2,C,C1_0-2,C1_0-1,C2_0-1,C1_0-1,C2_0-1,C1_0-1,C2_0-1,C1_0-1,C2_0-1,C1_0-1,C2_0-1,C1_0-1,C2_0-1,C1_0,C2_0,C1_0,C2_0,C1_0,C2_0), mk_uppercase(A,C).
(r299) p83(A,B) :- inv1(C3_0,C1_0,C1_0,C2_0,C2_0,B,C3_0,C1_0,C3_0,C1_0,C3_0,C1_0,C3_0,C1_0,C,C1_0-1,C1_0-1,C2_0-1,C2_0-1,C3_0,C,C1_0-1,C,C1_0-1,C,C1_0-1), mk_uppercase(A,C).
(r300) p93(A,B) :- inv2(C,C1_0,C5_0,B,C,C1_0,C,C1_0,C,C1_0,C,C1_0,C,C1_0,C,C1_0,A,C0_0-1,C1_0,C3_0,C3_0,C5_0,A,C0_0-1,A,C0_0-1,A,C0_0-1,C0_0,C,C0_0,C,C0_0,C), mk_uppercase(C0_0-1,C0_0).
(r301) p94(A,B) :- inv1(C5_0,B,C5_0,B,C5_0,B,C5_0,B,C5_0,B,C5_0,B,C5_0,B,A,C,C1_0,C2_0,C2_0,C4_0,C4_0,C5_0,A,C,A,C), mk_uppercase(C,C1_0-1), mk_uppercase(C1_0-1,C1_0).
(r302) p115(A,B) :- inv2(A,C,C1_0-1,C2_0-1,C4_0,B,A,C,A,C,A,C,A,C,A,C,C,C1_0-1,C,C1_0-1,C,C1_0-1,C,C1_0-1,C,C1_0-1,C,C1_0-1,C2_0-1,C1_0,C2_0-1,C1_0,C2_0-1,C1_0), mk_uppercase(C1_0,C2_0), mk_uppercase(C2_0,C4_0).
(r303) p123(A,B) :- inv1(A,C,C,C1_0-1,C2_0-1,C1_0,C1_0,C2_0,C4_0,B,A,C,A,C,C1_0-1,C2_0-1,C2_0,C4_0,C1_0-1,C2_0-1,C1_0-1,C2_0-1,C1_0-1,C2_0-1,C1_0-1,C2_0-1).
(r304) p149(A,B) :- inv1(A,C0_0,C3_0,C5_0,C5_0,B,A,C0_0,A,C0_0,A,C0_0,A,C0_0,C0_0,C1_0-1,C,C1_0,C1_0,C3_0,C0_0,C1_0-1,C0_0,C1_0-1,C0_0,C1_0-1), mk_uppercase(C1_0-1,C).
(r305) p162(A,B) :- inv2(C,C1_0-1,C2_0,C3_0,C3_0,C1_0,C1_0,B,C,C1_0-1,C,C1_0-1,C,C1_0-1,C,C1_0-1,C1_0-1,C2_0-1,C1_0-1,C2_0-1,C1_0-1,C2_0-1,C1_0-1,C2_0-1,C1_0-1,C2_0-1,C1_0-1,C2_0-1,A,C,C2_0-1,C2_0,A,C).
(r306) p192(A,B) :- inv2(C3_0,C5_0,C5_0,B,C3_0,C5_0,C3_0,C5_0,C3_0,C5_0,C3_0,C5_0,C3_0,C5_0,C3_0,C5_0,A,C0_0,C0_0,C1_0-1,C1_0,C3_0,A,C0_0,A,C0_0,A,C0_0,C1_0-1,C,C,C1_0,C1_0-1,C).
(r307) p217(A,B) :- inv1(A,C0_0,C0_0,C1_0-1,C1_0-1,C,C1_0,C3_0,C3_0,B,A,C0_0,A,C0_0,C,C2_0,C,C2_0,C,C2_0,C,C2_0,C,C2_0,C,C2_0), mk_uppercase(C2_0,C1_0).
(r308) p247(A,B) :- inv1(C3_0,C1_0,C1_0,C2_0,C2_0,B,C3_0,C1_0,C3_0,C1_0,C3_0,C1_0,C3_0,C1_0,A,C,C,C1_0-1,C1_0-1,C2_0-1,C2_0-1,C3_0,A,C,A,C).
(r309) p255(A,B) :- inv1(C0_0,C1_0-1,C1_0-1,C,C3_0,C5_0,C5_0,B,C0_0,C1_0-1,C0_0,C1_0-1,C0_0,C1_0-1,A,C0_0,C,C1_0,C1_0,C3_0,A,C0_0,A,C0_0,A,C0_0).
(r310) p257(A,B) :- inv1(A,C0_0,C2_0,C1_0,C3_0,B,A,C0_0,A,C0_0,A,C0_0,A,C0_0,C0_0,C1_0-1,C,C2_0,C1_0,C3_0,C0_0,C1_0-1,C0_0,C1_0-1,C0_0,C1_0-1), mk_uppercase(C1_0-1,C).
(r311) p267(A,B) :- inv2(A,C0_0-1,C0_0-1,C0_0,C3_0,B,A,C0_0-1,A,C0_0-1,A,C0_0-1,A,C0_0-1,A,C0_0-1,C0_0,C1_0-1,C,C1_0,C0_0,C1_0-1,C0_0,C1_0-1,C0_0,C1_0-1,C0_0,C1_0-1,C1_0-1,C,C1_0,C3_0,C1_0-1,C).
(r312) p299(A,B) :- inv2(A,C0_0,C0_0,C1_0-1,C1_0-1,C,C3_0,C5_0,A,C0_0,A,C0_0,A,C0_0,A,C0_0,C,C1_0,C1_0,C3_0,C,C1_0,C,C1_0,C,C1_0,C,C1_0,C5_0,B,C5_0,B,C5_0,B).
(r313) p310(A,B) :- inv1(A,C0_0,C1_0-2,C1_0-1,C2_0,C,C1_0,B,A,C0_0,A,C0_0,A,C0_0,C0_0,C1_0-2,C1_0-1,C2_0,C0_0,C1_0-2,C0_0,C1_0-2,C0_0,C1_0-2,C0_0,C1_0-2), mk_uppercase(C,C1_0).
(r314) p315(A,B) :- inv1(A,C0_0,C1_0-1,C,C1_0,C3_0,C3_0,B,A,C0_0,A,C0_0,A,C0_0,C0_0,C1_0-1,C,C2_0,C0_0,C1_0-1,C0_0,C1_0-1,C0_0,C1_0-1,C0_0,C1_0-1), mk_uppercase(C2_0,C1_0).
(r315) p320(A,B) :- inv2(C,C1_0,C1_0,C3_0-1,C3_0-1,C3_0,C3_0,C4_0,C4_0,B,C,C1_0,C,C1_0,C,C1_0,A,C0_0,A,C0_0,A,C0_0,A,C0_0,A,C0_0,A,C0_0,C0_0,C,C0_0,C,C0_0,C).
(r316) p328(A,B) :- inv2(C,C2_0,C3_0,B,C,C2_0,C,C2_0,C,C2_0,C,C2_0,C,C2_0,C,C2_0,A,C0_0,C0_0,C1_0-1,A,C0_0,A,C0_0,A,C0_0,A,C0_0,C1_0-1,C,C1_0-1,C,C1_0-1,C), mk_uppercase(C2_0,C1_0), mk_uppercase(C1_0,C3_0).
(r317) p331(A,B) :- inv1(C0_0-1,C0_0,C1_0-1,C,C1_0,C3_0,C3_0,B,C0_0-1,C0_0,C0_0-1,C0_0,C0_0-1,C0_0,A,C0_0-1,C0_0,C1_0-1,A,C0_0-1,A,C0_0-1,A,C0_0-1,A,C0_0-1), mk_uppercase(C,C1_0).
(r318) p360(A,B) :- inv1(A,C0_0,C0_0,C1_0-1,C1_0-1,C,C3_0,B,A,C0_0,A,C0_0,A,C0_0,C,C2_0,C1_0,C3_0,C,C2_0,C,C2_0,C,C2_0,C,C2_0), mk_uppercase(C2_0,C1_0).
(r319) p361(A,B) :- inv1(C,C1_0-1,C1_0-1,C1_0,C3_0,C2_0,C2_0,C4_0,C4_0,B,C,C1_0-1,C,C1_0-1,A,C,C1_0,C3_0,A,C,A,C,A,C,A,C).
(r320) p364(A,B) :- inv1(A,C,C1_0,C2_0,C2_0,B,A,C,A,C,A,C,A,C,C,C1_0-1,C1_0-1,C2_0-1,C2_0-1,C3_0,C,C1_0-1,C,C1_0-1,C,C1_0-1), mk_uppercase(C3_0,C1_0).
(r321) p380(A,B) :- inv2(C,C1_0-1,C3_0,C1_0,C,C1_0-1,C,C1_0-1,C,C1_0-1,C,C1_0-1,C,C1_0-1,C,C1_0-1,C1_0-1,C2_0-1,C1_0-1,C2_0-1,C1_0-1,C2_0-1,C1_0-1,C2_0-1,C1_0-1,C2_0-1,C1_0-1,C2_0-1,C2_0-1,C3_0,C1_0,C2_0,C2_0,B), mk_uppercase(A,C).
(r322) p420(A,B) :- inv1(C3_0,C1_0,C1_0,C2_0,C2_0,B,C3_0,C1_0,C3_0,C1_0,C3_0,C1_0,C3_0,C1_0,A,C,C,C1_0-1,C1_0-1,C2_0-1,C2_0-1,C3_0,A,C,A,C).
(r323) p421(A,B) :- inv1(C2_0,C,C,C1_0,C3_0,B,C2_0,C,C2_0,C,C2_0,C,C2_0,C,A,C0_0,C0_0,C1_0-1,C1_0-1,C2_0,C1_0,C3_0,A,C0_0,A,C0_0).
(r324) p459(A,B) :- inv2(A,C,C3_0,C1_0,A,C,A,C,A,C,A,C,A,C,A,C,C,C1_0-1,C1_0-1,C2_0-1,C2_0-1,C3_0,C1_0,C2_0,C,C1_0-1,C,C1_0-1,C2_0,B,C2_0,B,C2_0,B).
(r325) p508(A,B) :- inv1(C0_0,C1_0-1,C,C1_0,C3_0,C5_0,C0_0,C1_0-1,C0_0,C1_0-1,C0_0,C1_0-1,C0_0,C1_0-1,A,C0_0,C1_0,C3_0,A,C0_0,A,C0_0,A,C0_0,A,C0_0), mk_uppercase(C1_0-1,C), mk_uppercase(C5_0,B).
(r326) p521(A,B) :- inv2(C1_0-1,C2_0-1,C1_0-1,C2_0-1,C1_0-1,C2_0-1,C1_0-1,C2_0-1,C1_0-1,C2_0-1,C1_0-1,C2_0-1,C1_0-1,C2_0-1,C1_0-1,C2_0-1,A,C0_0,C0_0,C1_0-1,C,C2_0,A,C0_0,A,C0_0,A,C0_0,C2_0-1,C,C2_0,C1_0,C2_0-1,C), mk_uppercase(C1_0,B).
(r327) p531(A,B) :- inv2(C1_0,C2_0,C1_0,C2_0,C1_0,C2_0,C1_0,C2_0,C1_0,C2_0,C1_0,C2_0,C1_0,C2_0,C1_0,C2_0,C,C1_0-1,C1_0-1,C2_0-1,C2_0-1,C3_0,C,C1_0-1,C,C1_0-1,C,C1_0-1,C2_0,B,C2_0,B,C2_0,B), mk_uppercase(A,C), mk_uppercase(C3_0,C1_0).
(r328) p536(A,B) :- inv2(C0_0-1,C0_0,C1_0-1,C,C3_0,B,C0_0-1,C0_0,C0_0-1,C0_0,C0_0-1,C0_0,C0_0-1,C0_0,C0_0-1,C0_0,C,C1_0,C,C1_0,C,C1_0,C,C1_0,C,C1_0,C,C1_0,A,C0_0-1,C1_0,C3_0,A,C0_0-1), mk_uppercase(C0_0,C1_0-1).
(r329) p542(A,B) :- inv2(C0_0,C1_0-1,C0_0,C1_0-1,C0_0,C1_0-1,C0_0,C1_0-1,C0_0,C1_0-1,C0_0,C1_0-1,C0_0,C1_0-1,C0_0,C1_0-1,A,C0_0,C,C1_0,C1_0,C3_0,C3_0,C5_0,A,C0_0,A,C0_0,C1_0-1,C,C1_0-1,C,C1_0-1,C), mk_uppercase(C5_0,B).
(r330) p577(A,B) :- inv1(C1_0-1,C,C2_0,C1_0,C3_0,B,C1_0-1,C,C1_0-1,C,C1_0-1,C,C1_0-1,C,A,C0_0,C0_0,C1_0-1,C1_0,C3_0,A,C0_0,A,C0_0,A,C0_0), mk_uppercase(C,C2_0).
(r331) p483(A,B) :- inv2(C0_0,C,C0_0,C,C0_0,C,C0_0,C,C0_0,C,C0_0,C,C0_0,C,C0_0,C,A,C0_0,C,C2_0,C2_0,C3_0,C3_0,C4_0,A,C0_0,A,C0_0,C4_0,C1_0,C1_0,B,C4_0,C1_0).
(r332) p73(A,B) :- copy1(A,C0_0), mk_uppercase(C0_0,C), copy1(C,C1_0), mk_uppercase(C1_0,B).
(r333) p73(A,B) :- skip1(A,C), p73(C,B).
(r334) p269(A,B) :- copy1(A,C0_0), copy1(C0_0,C), copy1(C,C1_0), mk_uppercase(C1_0,B).
(r335) p269(A,B) :- skip1(A,C), p269(C,B).
(r336) p101(A,B) :- copy1(A,C), mk_uppercase(C,C1_0), copy1(C1_0,B).
(r337) p101(A,B) :- skip1(A,C), p101(C,B).
(r338) p502(A,B) :- is_number(A), copy1(A,B).
(r339) p502(A,B) :- skip1(A,C), p502(C,B).
(r340) p177(A,B) :- inv2(A,C0_0-1,A,C0_0-1,A,C0_0-1,A,C0_0-1,A,C0_0-1,A,C0_0-1,A,C0_0-1,A,C0_0-1,C0_0,C1_0,C1_0,C3_0,C0_0,C1_0,C0_0,C1_0,C0_0,C1_0,C0_0,C1_0,C3_0,C,C3_0,C,C3_0,C), mk_uppercase(C0_0-1,C0_0), mk_uppercase(C,B).
(r341) p177(A,B) :- skip1(A,C), p177(C,B).
(r342) p369(A,B) :- inv1(A,C0_0,C2_0,B,A,C0_0,A,C0_0,A,C0_0,A,C0_0,A,C0_0,C0_0,C1_0,C0_0,C1_0,C0_0,C1_0,C0_0,C1_0,C0_0,C1_0,C0_0,C1_0), mk_uppercase(C1_0,C2_0), is_lowercase(B).
(r343) p369(A,B) :- skip1(A,C), p369(C,B).
====================
