number of rules: 48
program size: 384
(r1) p10(A,B) :- place1(A,C), place1(C,B).
(r2) p40(A,B) :- right(A,C), place1(C,B).
(r3) p0(A,B) :- place1(A,C), right(C,C1_0), place1(C1_0,B).
(r4) p4(A,B) :- right(A,C), place1(C,C1_0), place1(C1_0,B).
(r5) p63(A,B) :- right(A,C), right(C,C1_0), place1(C1_0,B).
(r6) p261(A,B) :- place1(A,C), place1(C,C1_0), place1(C1_0,B).
(r7) p5(A,B) :- right(A,C0_0), place1(C0_0,C), right(C,C1_0), place1(C1_0,C3_0), place1(C3_0,B).
(r8) p42(A,B) :- place1(A,C), right(C,C1_0-1), place1(C1_0-1,C1_0), place1(C1_0,C2_0), place1(C2_0,B).
(r9) p97(A,B) :- place1(A,C), right(C,C1_0-1), place1(C1_0-1,C1_0), right(C1_0,C2_0), place1(C2_0,B).
(r10) p212(A,B) :- right(A,C), right(C,C1_0-1), place1(C1_0-1,C1_0), place1(C1_0,C2_0), place1(C2_0,B).
(r11) p304(A,B) :- right(A,C0_0), place1(C0_0,C), right(C,C1_0), right(C1_0,C3_0), place1(C3_0,B).
(r12) p508(A,B) :- place1(A,C0_0), place1(C0_0,C), right(C,C1_0), right(C1_0,C3_0), place1(C3_0,B).
(r13) p16(A,B) :- place1(A,C0_0), place1(C0_0,C), right(C,C1_0), place1(C1_0,B).
(r14) p19(A,B) :- right(A,C0_0), place1(C0_0,C), place1(C,C1_0), place1(C1_0,B).
(r15) p76(A,B) :- right(A,C), right(C,C1_0), place1(C1_0,C2_0), place1(C2_0,B).
(r16) p84(A,B) :- right(A,C0_0), place1(C0_0,C), right(C,C1_0), place1(C1_0,B).
(r17) p85(A,B) :- right(A,C), right(C,C1_0), right(C1_0,C2_0), place1(C2_0,B).
(r18) p350(A,B) :- place1(A,C0_0), place1(C0_0,C), place1(C,C1_0), place1(C1_0,B).
(r19) p468(A,B) :- place1(A,C), right(C,C1_0), right(C1_0,C2_0), place1(C2_0,B).
(r20) p20(A,B) :- right(A,C0_0), place1(C0_0,C), right(C,C2_0), place1(C2_0,C1_0), place1(C1_0,C3_0), place1(C3_0,B).
(r21) p80(A,B) :- place1(A,C0_0), right(C0_0,C1_0-1), place1(C1_0-1,C), place1(C,C1_0), right(C1_0,C3_0), place1(C3_0,B).
(r22) p469(A,B) :- right(A,C0_0), place1(C0_0,C), right(C,C2_0), place1(C2_0,C1_0), right(C1_0,C3_0), place1(C3_0,B).
(r23) p41(A,B) :- place1(A,C), right(C,C1_0), right(C1_0,C2_0-1), place1(C2_0-1,C2_0), place1(C2_0,C3_0), place1(C3_0,B).
(r24) p360(A,B) :- right(A,C), right(C,C1_0-1), place1(C1_0-1,C1_0), right(C1_0,C2_0), place1(C2_0,C4_0), place1(C4_0,B).
(r25) p77(A,B) :- right(A,C0_0-1), place1(C0_0-1,C0_0), place1(C0_0,C1_0-1), place1(C1_0-1,C), right(C,C2_0), place1(C2_0,C1_0), place1(C1_0,C3_0), place1(C3_0,B).
(r26) p199(A,B) :- place1(A,C0_0-1), place1(C0_0-1,C0_0), right(C0_0,C1_0-1), place1(C1_0-1,C), place1(C,C2_0), place1(C2_0,C1_0), right(C1_0,C3_0), place1(C3_0,B).
(r27) p3(A,B) :- place1(A,C0_0-1), place1(C0_0-1,C0_0), place1(C0_0,C1_0-1), place1(C1_0-1,C), right(C,C1_0), right(C1_0,C3_0), right(C3_0,C6_0), place1(C6_0,B).
(r28) p524(A,B) :- right(A,C0_0), right(C0_0,C1_0-1), place1(C1_0-1,C), place1(C,C1_0), place1(C1_0,C4_0), place1(C4_0,C3_0), right(C3_0,C5_0), place1(C5_0,B).
(r29) p11(A,B) :- place1(A,C), place1(C,C1_0-2), place1(C1_0-2,C1_0-1), right(C1_0-1,C2_0-1), place1(C2_0-1,C4_0-1), place1(C4_0-1,C1_0), place1(C1_0,C3_0), place1(C3_0,C2_0), right(C2_0,C4_0), right(C4_0,C8_0), place1(C8_0,B).
(r30) p31(A,B) :- place1(A,C), place1(C,C1_0-1), place1(C1_0-1,C2_0-2), place1(C2_0-2,C2_0-1), right(C2_0-1,C3_0-1), place1(C3_0-1,C1_0), place1(C1_0,C3_0), place1(C3_0,C2_0), right(C2_0,C4_0), place1(C4_0,C7_0), place1(C7_0,B).
(r31) p198(A,B) :- right(A,C0_0-2), place1(C0_0-2,C0_0-1), place1(C0_0-1,C1_0-2), place1(C1_0-2,C0_0), right(C0_0,C2_0), place1(C2_0,C1_0-1), place1(C1_0-1,C3_0-1), place1(C3_0-1,C), place1(C,C1_0), right(C1_0,C3_0), place1(C3_0,B).
(r32) p12(A,B) :- right(A,C0_0), place1(C0_0,C), place1(C,C2_0), place1(C2_0,C1_0), right(C1_0,C3_0), place1(C3_0,C5_0), place1(C5_0,B).
(r33) p14(A,B) :- place1(A,C0_0), place1(C0_0,C1_0-1), place1(C1_0-1,C), right(C,C1_0), right(C1_0,C3_0), place1(C3_0,C5_0), place1(C5_0,B).
(r34) p25(A,B) :- place1(A,C0_0), place1(C0_0,C), right(C,C2_0), place1(C2_0,C1_0), right(C1_0,C3_0), place1(C3_0,C5_0), place1(C5_0,B).
(r35) p64(A,B) :- right(A,C), right(C,C1_0-1), place1(C1_0-1,C1_0), right(C1_0,C3_0), place1(C3_0,C2_0), place1(C2_0,C4_0), place1(C4_0,B).
(r36) p15(A,B) :- place1(A,C), right(C,C1_0-2), place1(C1_0-2,C1_0-1), place1(C1_0-1,C2_0-1), place1(C2_0-1,C1_0), right(C1_0,C3_0), place1(C3_0,C2_0), place1(C2_0,C4_0), place1(C4_0,B).
(r37) p32(A,B) :- right(A,C0_0-1), place1(C0_0-1,C0_0), place1(C0_0,C1_0-1), place1(C1_0-1,C), place1(C,C1_0), right(C1_0,C5_0), place1(C5_0,C3_0), right(C3_0,C6_0), place1(C6_0,B).
(r38) p34(A,B) :- right(A,C0_0-1), place1(C0_0-1,C0_0), place1(C0_0,C1_0-1), place1(C1_0-1,C), right(C,C1_0), right(C1_0,C5_0), place1(C5_0,C3_0), place1(C3_0,C6_0), place1(C6_0,B).
(r39) p185(A,B) :- place1(A,C0_0-1), place1(C0_0-1,C0_0), right(C0_0,C1_0-1), right(C1_0-1,C3_0-1), place1(C3_0-1,C), place1(C,C2_0), place1(C2_0,C1_0), right(C1_0,C3_0), place1(C3_0,B).
(r40) p65(A,B) :- place1(A,C0_0), right(C0_0,C1_0-2), place1(C1_0-2,C1_0-1), place1(C1_0-1,C2_0-1), place1(C2_0-1,C), right(C,C3_0-1), place1(C3_0-1,C2_0), place1(C2_0,C4_0), place1(C4_0,C1_0), right(C1_0,C5_0), place1(C5_0,C3_0), place1(C3_0,C6_0), place1(C6_0,B).
(r41) p70(A,B) :- place1(A,C0_0), place1(C0_0,C1_0-2), place1(C1_0-2,C1_0-1), right(C1_0-1,C2_0-1), place1(C2_0-1,C), place1(C,C2_0), place1(C2_0,C1_0), right(C1_0,C3_0), right(C3_0,C6_0), place1(C6_0,B).
(r42) p93(A,B) :- place1(A,C0_0), place1(C0_0,C1_0-2), place1(C1_0-2,C1_0-1), right(C1_0-1,C2_0), place1(C2_0,C), place1(C,C1_0), right(C1_0,C4_0), place1(C4_0,C3_0), place1(C3_0,C5_0), place1(C5_0,B).
(r43) p227(A,B) :- right(A,C0_0), place1(C0_0,C), place1(C,C2_0-1), place1(C2_0-1,C2_0), right(C2_0,C3_0-1), right(C3_0-1,C5_0-1), place1(C5_0-1,C1_0), place1(C1_0,C3_0), place1(C3_0,C5_0), place1(C5_0,B).
(r44) p248(A,B) :- right(A,C0_0), place1(C0_0,C), place1(C,C2_0-1), place1(C2_0-1,C2_0), right(C2_0,C3_0-1), place1(C3_0-1,C1_0), place1(C1_0,C4_0), place1(C4_0,C3_0), right(C3_0,C5_0), place1(C5_0,B).
(r45) p73(A,B) :- place1(A,C), place1(C,C1_0-1), place1(C1_0-1,C2_0-2), place1(C2_0-2,C2_0-1), right(C2_0-1,C3_0-1), place1(C3_0-1,C1_0), right(C1_0,C4_0-1), place1(C4_0-1,C3_0), place1(C3_0,C5_0), place1(C5_0,C2_0), right(C2_0,C6_0), place1(C6_0,C4_0), place1(C4_0,C7_0), place1(C7_0,B).
(r46) p79(A,B) :- place1(A,C), place1(C,C1_0-2), place1(C1_0-2,C1_0-1), right(C1_0-1,C2_0-1), place1(C2_0-1,C4_0-1), place1(C4_0-1,C1_0), right(C1_0,C3_0), place1(C3_0,C2_0), right(C2_0,C7_0), place1(C7_0,C4_0), place1(C4_0,C8_0), place1(C8_0,B).
(r47) p91(A,B) :- right(A,C0_0-1), place1(C0_0-1,C1_0-2), place1(C1_0-2,C0_0), right(C0_0,C1_0-1), place1(C1_0-1,C3_0-1), place1(C3_0-1,C), place1(C,C2_0), place1(C2_0,C1_0), right(C1_0,C6_0), place1(C6_0,C3_0), place1(C3_0,C7_0), place1(C7_0,B).
(r48) p169(A,B) :- place1(A,C0_0), place1(C0_0,C), place1(C,C2_0-1), place1(C2_0-1,C2_0), right(C2_0,C3_0-1), right(C3_0-1,C5_0-1), place1(C5_0-1,C1_0), place1(C1_0,C3_0), right(C3_0,C7_0), place1(C7_0,C5_0), place1(C5_0,C8_0), place1(C8_0,B).
====================
CP-SAT solving...
number of rules: 50
program size: 118
(inv0) inv0() :- .
(inv1) inv1(X1,X2,X3,X4,X5,X6,X7,X8,X9,X10,X11,X12,X13,X14,X15,X16,X17,X18,X19,X20,X21,X22,X23,X24,X25,X26) :- place1(X1,X2), place1(X3,X4), place1(X5,X6), place1(X7,X8), place1(X9,X10), place1(X11,X12), place1(X13,X14), place1(X15,X16), place1(X17,X18), place1(X19,X20), right(X21,X22), right(X23,X24), right(X25,X26).
(r1) p10(A,B) :- place1(A,C), place1(C,B).
(r2) p40(A,B) :- inv1(C,B,C,B,C,B,C,B,C,B,C,B,C,B,C,B,C,B,C,B,A,C,A,C,A,C).
(r3) p0(A,B) :- inv1(A,C,C1_0,B,A,C,A,C,A,C,A,C,A,C,A,C,A,C,A,C,C,C1_0,C,C1_0,C,C1_0).
(r4) p4(A,B) :- inv1(C,C1_0,C1_0,B,C,C1_0,C,C1_0,C,C1_0,C,C1_0,C,C1_0,C,C1_0,C,C1_0,C,C1_0,A,C,A,C,A,C).
(r5) p63(A,B) :- inv1(C1_0,B,C1_0,B,C1_0,B,C1_0,B,C1_0,B,C1_0,B,C1_0,B,C1_0,B,C1_0,B,C1_0,B,A,C,C,C1_0,A,C).
(r6) p261(A,B) :- place1(A,C), place1(C,C1_0), place1(C1_0,B).
(r7) p5(A,B) :- inv1(C0_0,C,C1_0,C3_0,C3_0,B,C0_0,C,C0_0,C,C0_0,C,C0_0,C,C0_0,C,C0_0,C,C0_0,C,A,C0_0,C,C1_0,A,C0_0).
(r8) p42(A,B) :- inv1(A,C,C1_0-1,C1_0,C1_0,C2_0,C2_0,B,A,C,A,C,A,C,A,C,A,C,A,C,C,C1_0-1,C,C1_0-1,C,C1_0-1).
(r9) p97(A,B) :- inv1(A,C,C1_0-1,C1_0,C2_0,B,A,C,A,C,A,C,A,C,A,C,A,C,A,C,C,C1_0-1,C1_0,C2_0,C,C1_0-1).
(r10) p212(A,B) :- inv1(C1_0-1,C1_0,C1_0,C2_0,C2_0,B,C1_0-1,C1_0,C1_0-1,C1_0,C1_0-1,C1_0,C1_0-1,C1_0,C1_0-1,C1_0,C1_0-1,C1_0,C1_0-1,C1_0,A,C,C,C1_0-1,A,C).
(r11) p304(A,B) :- inv1(C0_0,C,C3_0,B,C0_0,C,C0_0,C,C0_0,C,C0_0,C,C0_0,C,C0_0,C,C0_0,C,C0_0,C,A,C0_0,C,C1_0,C1_0,C3_0).
(r12) p508(A,B) :- inv1(A,C0_0,C0_0,C,C3_0,B,A,C0_0,A,C0_0,A,C0_0,A,C0_0,A,C0_0,A,C0_0,A,C0_0,C,C1_0,C1_0,C3_0,C,C1_0).
(r13) p16(A,B) :- inv1(A,C0_0,C0_0,C,C1_0,B,A,C0_0,A,C0_0,A,C0_0,A,C0_0,A,C0_0,A,C0_0,A,C0_0,C,C1_0,C,C1_0,C,C1_0).
(r14) p19(A,B) :- inv1(C0_0,C,C,C1_0,C1_0,B,C0_0,C,C0_0,C,C0_0,C,C0_0,C,C0_0,C,C0_0,C,C0_0,C,A,C0_0,A,C0_0,A,C0_0).
(r15) p76(A,B) :- inv1(C1_0,C2_0,C2_0,B,C1_0,C2_0,C1_0,C2_0,C1_0,C2_0,C1_0,C2_0,C1_0,C2_0,C1_0,C2_0,C1_0,C2_0,C1_0,C2_0,A,C,C,C1_0,A,C).
(r16) p84(A,B) :- inv1(C0_0,C,C1_0,B,C0_0,C,C0_0,C,C0_0,C,C0_0,C,C0_0,C,C0_0,C,C0_0,C,C0_0,C,A,C0_0,C,C1_0,A,C0_0).
(r17) p85(A,B) :- inv1(C2_0,B,C2_0,B,C2_0,B,C2_0,B,C2_0,B,C2_0,B,C2_0,B,C2_0,B,C2_0,B,C2_0,B,A,C,C,C1_0,C1_0,C2_0).
(r18) p350(A,B) :- place1(A,C0_0), place1(C0_0,C), place1(C,C1_0), place1(C1_0,B).
(r19) p468(A,B) :- inv1(A,C,C2_0,B,A,C,A,C,A,C,A,C,A,C,A,C,A,C,A,C,C,C1_0,C1_0,C2_0,C,C1_0).
(r20) p20(A,B) :- inv1(C0_0,C,C2_0,C1_0,C1_0,C3_0,C3_0,B,C0_0,C,C0_0,C,C0_0,C,C0_0,C,C0_0,C,C0_0,C,A,C0_0,C,C2_0,A,C0_0).
(r21) p80(A,B) :- inv1(A,C0_0,C1_0-1,C,C,C1_0,C3_0,B,A,C0_0,A,C0_0,A,C0_0,A,C0_0,A,C0_0,A,C0_0,C0_0,C1_0-1,C1_0,C3_0,C0_0,C1_0-1).
(r22) p469(A,B) :- inv1(C0_0,C,C2_0,C1_0,C3_0,B,C0_0,C,C0_0,C,C0_0,C,C0_0,C,C0_0,C,C0_0,C,C0_0,C,A,C0_0,C,C2_0,C1_0,C3_0).
(r23) p41(A,B) :- inv1(A,C,C2_0-1,C2_0,C2_0,C3_0,C3_0,B,A,C,A,C,A,C,A,C,A,C,A,C,C,C1_0,C1_0,C2_0-1,C,C1_0).
(r24) p360(A,B) :- inv1(C1_0-1,C1_0,C2_0,C4_0,C4_0,B,C1_0-1,C1_0,C1_0-1,C1_0,C1_0-1,C1_0,C1_0-1,C1_0,C1_0-1,C1_0,C1_0-1,C1_0,C1_0-1,C1_0,A,C,C,C1_0-1,C1_0,C2_0).
(r25) p77(A,B) :- inv1(C0_0-1,C0_0,C0_0,C1_0-1,C1_0-1,C,C2_0,C1_0,C1_0,C3_0,C3_0,B,C0_0-1,C0_0,C0_0-1,C0_0,C0_0-1,C0_0,C0_0-1,C0_0,A,C0_0-1,C,C2_0,A,C0_0-1).
(r26) p199(A,B) :- inv1(A,C0_0-1,C0_0-1,C0_0,C1_0-1,C,C,C2_0,C2_0,C1_0,C3_0,B,A,C0_0-1,A,C0_0-1,A,C0_0-1,A,C0_0-1,C0_0,C1_0-1,C1_0,C3_0,C0_0,C1_0-1).
(r27) p3(A,B) :- inv1(A,C0_0-1,C0_0-1,C0_0,C0_0,C1_0-1,C1_0-1,C,C6_0,B,A,C0_0-1,A,C0_0-1,A,C0_0-1,A,C0_0-1,A,C0_0-1,C,C1_0,C1_0,C3_0,C3_0,C6_0).
(r28) p524(A,B) :- inv1(C1_0-1,C,C,C1_0,C1_0,C4_0,C4_0,C3_0,C5_0,B,C1_0-1,C,C1_0-1,C,C1_0-1,C,C1_0-1,C,C1_0-1,C,A,C0_0,C0_0,C1_0-1,C3_0,C5_0).
(r29) p11(A,B) :- inv1(A,C,C,C1_0-2,C1_0-2,C1_0-1,C2_0-1,C4_0-1,C4_0-1,C1_0,C1_0,C3_0,C3_0,C2_0,C8_0,B,A,C,A,C,C1_0-1,C2_0-1,C2_0,C4_0,C4_0,C8_0).
(r30) p31(A,B) :- inv1(A,C,C,C1_0-1,C1_0-1,C2_0-2,C2_0-2,C2_0-1,C3_0-1,C1_0,C1_0,C3_0,C3_0,C2_0,C4_0,C7_0,C7_0,B,A,C,C2_0-1,C3_0-1,C2_0,C4_0,C2_0-1,C3_0-1).
(r31) p198(A,B) :- inv1(C0_0-2,C0_0-1,C0_0-1,C1_0-2,C1_0-2,C0_0,C2_0,C1_0-1,C1_0-1,C3_0-1,C3_0-1,C,C,C1_0,C3_0,B,C0_0-2,C0_0-1,C0_0-2,C0_0-1,A,C0_0-2,C0_0,C2_0,C1_0,C3_0).
(r32) p12(A,B) :- inv1(C0_0,C,C,C2_0,C2_0,C1_0,C3_0,C5_0,C5_0,B,C0_0,C,C0_0,C,C0_0,C,C0_0,C,C0_0,C,A,C0_0,C1_0,C3_0,A,C0_0).
(r33) p14(A,B) :- inv1(A,C0_0,C0_0,C1_0-1,C1_0-1,C,C3_0,C5_0,C5_0,B,A,C0_0,A,C0_0,A,C0_0,A,C0_0,A,C0_0,C,C1_0,C1_0,C3_0,C,C1_0).
(r34) p25(A,B) :- inv1(A,C0_0,C0_0,C,C2_0,C1_0,C3_0,C5_0,C5_0,B,A,C0_0,A,C0_0,A,C0_0,A,C0_0,A,C0_0,C,C2_0,C1_0,C3_0,C,C2_0).
(r35) p64(A,B) :- inv1(C1_0-1,C1_0,C3_0,C2_0,C2_0,C4_0,C4_0,B,C1_0-1,C1_0,C1_0-1,C1_0,C1_0-1,C1_0,C1_0-1,C1_0,C1_0-1,C1_0,C1_0-1,C1_0,A,C,C,C1_0-1,C1_0,C3_0).
(r36) p15(A,B) :- inv1(A,C,C1_0-2,C1_0-1,C1_0-1,C2_0-1,C2_0-1,C1_0,C3_0,C2_0,C2_0,C4_0,C4_0,B,A,C,A,C,A,C,C,C1_0-2,C1_0,C3_0,C,C1_0-2).
(r37) p32(A,B) :- inv1(C0_0-1,C0_0,C0_0,C1_0-1,C1_0-1,C,C,C1_0,C5_0,C3_0,C6_0,B,C0_0-1,C0_0,C0_0-1,C0_0,C0_0-1,C0_0,C0_0-1,C0_0,A,C0_0-1,C1_0,C5_0,C3_0,C6_0).
(r38) p34(A,B) :- inv1(C0_0-1,C0_0,C0_0,C1_0-1,C1_0-1,C,C5_0,C3_0,C3_0,C6_0,C6_0,B,C0_0-1,C0_0,C0_0-1,C0_0,C0_0-1,C0_0,C0_0-1,C0_0,A,C0_0-1,C,C1_0,C1_0,C5_0).
(r39) p185(A,B) :- inv1(A,C0_0-1,C0_0-1,C0_0,C3_0-1,C,C,C2_0,C2_0,C1_0,C3_0,B,A,C0_0-1,A,C0_0-1,A,C0_0-1,A,C0_0-1,C0_0,C1_0-1,C1_0-1,C3_0-1,C1_0,C3_0).
(r40) p65(A,B) :- inv1(A,C0_0,C1_0-2,C1_0-1,C1_0-1,C2_0-1,C2_0-1,C,C3_0-1,C2_0,C2_0,C4_0,C4_0,C1_0,C5_0,C3_0,C3_0,C6_0,C6_0,B,C0_0,C1_0-2,C,C3_0-1,C1_0,C5_0).
(r41) p70(A,B) :- inv1(A,C0_0,C0_0,C1_0-2,C1_0-2,C1_0-1,C2_0-1,C,C,C2_0,C2_0,C1_0,C6_0,B,A,C0_0,A,C0_0,A,C0_0,C1_0-1,C2_0-1,C1_0,C3_0,C3_0,C6_0).
(r42) p93(A,B) :- inv1(A,C0_0,C0_0,C1_0-2,C1_0-2,C1_0-1,C2_0,C,C,C1_0,C4_0,C3_0,C3_0,C5_0,C5_0,B,A,C0_0,A,C0_0,C1_0-1,C2_0,C1_0,C4_0,C1_0-1,C2_0).
(r43) p227(A,B) :- inv1(C0_0,C,C,C2_0-1,C2_0-1,C2_0,C5_0-1,C1_0,C1_0,C3_0,C3_0,C5_0,C5_0,B,C0_0,C,C0_0,C,C0_0,C,A,C0_0,C2_0,C3_0-1,C3_0-1,C5_0-1).
(r44) p248(A,B) :- inv1(C0_0,C,C,C2_0-1,C2_0-1,C2_0,C3_0-1,C1_0,C1_0,C4_0,C4_0,C3_0,C5_0,B,C0_0,C,C0_0,C,C0_0,C,A,C0_0,C2_0,C3_0-1,C3_0,C5_0).
(r45) p73(A,B) :- inv1(A,C,C,C1_0-1,C1_0-1,C2_0-2,C2_0-2,C2_0-1,C3_0-1,C1_0,C4_0-1,C3_0,C3_0,C5_0,C5_0,C2_0,C6_0,C4_0,C4_0,C7_0,C2_0-1,C3_0-1,C1_0,C4_0-1,C2_0,C6_0), inv1(C7_0,B,A,C,A,C,A,C,A,C,A,C,A,C,A,C,A,C,A,C,C2_0-1,C3_0-1,C2_0-1,C3_0-1,C2_0-1,C3_0-1).
(r46) p79(A,B) :- inv1(A,C,C,C1_0-2,C1_0-2,C1_0-1,C2_0-1,C4_0-1,C4_0-1,C1_0,C3_0,C2_0,C7_0,C4_0,C4_0,C8_0,C8_0,B,A,C,C1_0-1,C2_0-1,C1_0,C3_0,C2_0,C7_0).
(r47) p91(A,B) :- inv1(C0_0-1,C1_0-2,C1_0-2,C0_0,C1_0-1,C3_0-1,C3_0-1,C,C,C2_0,C2_0,C1_0,C6_0,C3_0,C3_0,C7_0,C7_0,B,C0_0-1,C1_0-2,A,C0_0-1,C0_0,C1_0-1,C1_0,C6_0).
(r48) p169(A,B) :- inv1(A,C0_0,C0_0,C,C,C2_0-1,C2_0-1,C2_0,C5_0-1,C1_0,C1_0,C3_0,C7_0,C5_0,C5_0,C8_0,C8_0,B,A,C0_0,C2_0,C3_0-1,C3_0-1,C5_0-1,C3_0,C7_0).
====================
