number of rules: 37
program size: 314
(r1) p14(A,B) :- place1(A,C), place1(C,B).
(r2) p80(A,B) :- right(A,C), place1(C,B).
(r3) p5(A,B) :- right(A,C), right(C,C1_0-1), place1(C1_0-1,C1_0), place1(C1_0,C2_0), place1(C2_0,B).
(r4) p23(A,B) :- place1(A,C0_0), place1(C0_0,C), right(C,C1_0), place1(C1_0,C3_0), place1(C3_0,B).
(r5) p34(A,B) :- right(A,C0_0), place1(C0_0,C), right(C,C1_0), place1(C1_0,C3_0), place1(C3_0,B).
(r6) p117(A,B) :- place1(A,C), right(C,C1_0-1), place1(C1_0-1,C1_0), right(C1_0,C2_0), place1(C2_0,B).
(r7) p6(A,B) :- right(A,C), place1(C,C1_0), place1(C1_0,B).
(r8) p45(A,B) :- place1(A,C), right(C,C1_0), place1(C1_0,B).
(r9) p172(A,B) :- place1(A,C), place1(C,C1_0), place1(C1_0,B).
(r10) p12(A,B) :- right(A,C0_0), place1(C0_0,C), right(C,C1_0), place1(C1_0,B).
(r11) p16(A,B) :- place1(A,C), right(C,C1_0), place1(C1_0,C2_0), place1(C2_0,B).
(r12) p28(A,B) :- right(A,C0_0), place1(C0_0,C), place1(C,C1_0), place1(C1_0,B).
(r13) p150(A,B) :- place1(A,C), right(C,C1_0), right(C1_0,C2_0), place1(C2_0,B).
(r14) p27(A,B) :- place1(A,C0_0-1), place1(C0_0-1,C0_0), right(C0_0,C1_0-1), place1(C1_0-1,C), place1(C,C2_0), place1(C2_0,C1_0), right(C1_0,C3_0), place1(C3_0,B).
(r15) p50(A,B) :- place1(A,C0_0), place1(C0_0,C), place1(C,C2_0), right(C2_0,C3_0-1), right(C3_0-1,C4_0), place1(C4_0,C1_0), right(C1_0,C3_0), place1(C3_0,B).
(r16) p92(A,B) :- right(A,C0_0), place1(C0_0,C), right(C,C2_0), place1(C2_0,C3_0-1), place1(C3_0-1,C1_0), right(C1_0,C3_0), place1(C3_0,C5_0), place1(C5_0,B).
(r17) p35(A,B) :- place1(A,C0_0), place1(C0_0,C), right(C,C2_0), place1(C2_0,C1_0), right(C1_0,C3_0), place1(C3_0,B).
(r18) p54(A,B) :- right(A,C0_0), place1(C0_0,C1_0-1), place1(C1_0-1,C), right(C,C1_0), place1(C1_0,C3_0), place1(C3_0,B).
(r19) p43(A,B) :- place1(A,C), place1(C,C1_0-1), right(C1_0-1,C2_0), right(C2_0,C3_0), place1(C3_0,C1_0), place1(C1_0,B).
(r20) p0(A,B) :- place1(A,C0_0), place1(C0_0,C1_0-2), place1(C1_0-2,C1_0-1), right(C1_0-1,C2_0), place1(C2_0,C), place1(C,C1_0), right(C1_0,C3_0), place1(C3_0,C5_0), place1(C5_0,B).
(r21) p29(A,B) :- right(A,C0_0), right(C0_0,C1_0-2), place1(C1_0-2,C1_0-1), place1(C1_0-1,C2_0-1), place1(C2_0-1,C), right(C,C2_0), place1(C2_0,C1_0), place1(C1_0,C3_0), place1(C3_0,B).
(r22) p176(A,B) :- place1(A,C), place1(C,C1_0-1), right(C1_0-1,C2_0-1), right(C2_0-1,C3_0-1), place1(C3_0-1,C1_0), right(C1_0,C3_0), place1(C3_0,C2_0), place1(C2_0,C4_0), place1(C4_0,B).
(r23) p1(A,B) :- place1(A,C), right(C,C1_0), right(C1_0,C2_0), right(C2_0,C3_0-1), place1(C3_0-1,C3_0), place1(C3_0,C4_0), place1(C4_0,B).
(r24) p2(A,B) :- place1(A,C), place1(C,C1_0-1), place1(C1_0-1,C1_0), right(C1_0,C3_0), place1(C3_0,C2_0), place1(C2_0,C4_0), place1(C4_0,B).
(r25) p38(A,B) :- right(A,C), right(C,C1_0-1), right(C1_0-1,C2_0-1), place1(C2_0-1,C2_0), place1(C2_0,C3_0), place1(C3_0,C1_0), place1(C1_0,B).
(r26) p63(A,B) :- right(A,C), place1(C,C1_0-1), place1(C1_0-1,C1_0), right(C1_0,C3_0), place1(C3_0,C2_0), place1(C2_0,C4_0), place1(C4_0,B).
(r27) p11(A,B) :- place1(A,C), place1(C,C1_0-3), place1(C1_0-3,C1_0-2), right(C1_0-2,C2_0-2), place1(C2_0-2,C1_0-1), place1(C1_0-1,C3_0-1), place1(C3_0-1,C2_0-1), right(C2_0-1,C4_0-1), place1(C4_0-1,C1_0), right(C1_0,C3_0), place1(C3_0,C2_0), place1(C2_0,C4_0), place1(C4_0,B).
(r28) p25(A,B) :- place1(A,C0_0-1), place1(C0_0-1,C0_0), right(C0_0,C1_0-1), place1(C1_0-1,C3_0-1), place1(C3_0-1,C), place1(C,C2_0), place1(C2_0,C1_0), right(C1_0,C6_0), place1(C6_0,C3_0), right(C3_0,C7_0), place1(C7_0,B).
(r29) p181(A,B) :- right(A,C), place1(C,C1_0-1), place1(C1_0-1,C2_0-2), place1(C2_0-2,C2_0-1), right(C2_0-1,C3_0), place1(C3_0,C1_0), place1(C1_0,C2_0), place1(C2_0,C5_0), place1(C5_0,C4_0), right(C4_0,C6_0), place1(C6_0,B).
(r30) p26(A,B) :- place1(A,C0_0), right(C0_0,C1_0-1), place1(C1_0-1,C2_0-1), place1(C2_0-1,C), right(C,C2_0), right(C2_0,C5_0), place1(C5_0,C4_0), place1(C4_0,C6_0), place1(C6_0,C1_0), place1(C1_0,B).
(r31) p58(A,B) :- right(A,C), place1(C,C1_0-2), place1(C1_0-2,C1_0-1), right(C1_0-1,C3_0), place1(C3_0,C2_0-1), right(C2_0-1,C4_0-1), place1(C4_0-1,C1_0), place1(C1_0,C2_0), place1(C2_0,C4_0), place1(C4_0,B).
(r32) p72(A,B) :- place1(A,C0_0-1), place1(C0_0-1,C0_0), right(C0_0,C1_0-1), place1(C1_0-1,C), place1(C,C2_0), place1(C2_0,C1_0), right(C1_0,C6_0), place1(C6_0,C3_0), place1(C3_0,C7_0), place1(C7_0,B).
(r33) p32(A,B) :- place1(A,C0_0), right(C0_0,C1_0-1), place1(C1_0-1,C2_0-1), place1(C2_0-1,C), place1(C,C2_0), right(C2_0,C4_0), place1(C4_0,C6_0-1), place1(C6_0-1,C1_0), place1(C1_0,C5_0), place1(C5_0,C3_0), right(C3_0,C6_0), place1(C6_0,B).
(r34) p41(A,B) :- right(A,C), place1(C,C1_0-3), place1(C1_0-3,C1_0-2), right(C1_0-2,C2_0-2), place1(C2_0-2,C1_0-1), place1(C1_0-1,C3_0), place1(C3_0,C2_0-1), right(C2_0-1,C4_0-1), place1(C4_0-1,C1_0), place1(C1_0,C2_0), place1(C2_0,C4_0), place1(C4_0,B).
(r35) p146(A,B) :- place1(A,C0_0), place1(C0_0,C), place1(C,C2_0-1), place1(C2_0-1,C2_0), right(C2_0,C3_0-1), place1(C3_0-1,C5_0-1), place1(C5_0-1,C1_0), right(C1_0,C3_0), right(C3_0,C7_0), place1(C7_0,C5_0), place1(C5_0,C8_0), place1(C8_0,B).
(r36) p66(A,B) :- place1(A,C0_0-1), place1(C0_0-1,C0_0), right(C0_0,C1_0-1), place1(C1_0-1,C3_0-1), place1(C3_0-1,C), place1(C,C5_0-1), place1(C5_0-1,C4_0), right(C4_0,C6_0), place1(C6_0,C2_0), place1(C2_0,C7_0-1), place1(C7_0-1,C5_0), right(C5_0,C8_0), place1(C8_0,C1_0), place1(C1_0,C3_0), place1(C3_0,C7_0), place1(C7_0,B).
(r37) p84(A,B) :- place1(A,C0_0), right(C0_0,C1_0-1), place1(C1_0-1,C2_0-1), place1(C2_0-1,C), place1(C,C2_0), right(C2_0,C4_0), place1(C4_0,C6_0-1), place1(C6_0-1,C1_0), place1(C1_0,C5_0), place1(C5_0,C3_0), right(C3_0,C9_0), place1(C9_0,C6_0), place1(C6_0,C10_0), place1(C10_0,B).
====================
CP-SAT solving...
number of rules: 39
program size: 94
(inv0) inv0(X1,X2,X3,X4,X5,X6,X7,X8,X9,X10,X11,X12,X13,X14,X15,X16,X17,X18,X19,X20,X21,X22,X23,X24,X25,X26,X27,X28) :- place1(X1,X2), place1(X3,X4), place1(X5,X6), place1(X7,X8), place1(X9,X10), place1(X11,X12), place1(X13,X14), place1(X15,X16), place1(X17,X18), place1(X19,X20), place1(X21,X22), right(X23,X24), right(X25,X26), right(X27,X28).
(inv1) inv1() :- .
(r1) p14(A,B) :- place1(A,C), place1(C,B).
(r2) p80(A,B) :- inv0(C,B,C,B,C,B,C,B,C,B,C,B,C,B,C,B,C,B,C,B,C,B,A,C,A,C,A,C).
(r3) p5(A,B) :- inv0(C1_0-1,C1_0,C1_0,C2_0,C2_0,B,C1_0-1,C1_0,C1_0-1,C1_0,C1_0-1,C1_0,C1_0-1,C1_0,C1_0-1,C1_0,C1_0-1,C1_0,C1_0-1,C1_0,C1_0-1,C1_0,A,C,C,C1_0-1,A,C).
(r4) p23(A,B) :- inv0(A,C0_0,C0_0,C,C1_0,C3_0,C3_0,B,A,C0_0,A,C0_0,A,C0_0,A,C0_0,A,C0_0,A,C0_0,A,C0_0,C,C1_0,C,C1_0,C,C1_0).
(r5) p34(A,B) :- inv0(C0_0,C,C1_0,C3_0,C3_0,B,C0_0,C,C0_0,C,C0_0,C,C0_0,C,C0_0,C,C0_0,C,C0_0,C,C0_0,C,A,C0_0,C,C1_0,A,C0_0).
(r6) p117(A,B) :- inv0(A,C,C1_0-1,C1_0,C2_0,B,A,C,A,C,A,C,A,C,A,C,A,C,A,C,A,C,C,C1_0-1,C1_0,C2_0,C,C1_0-1).
(r7) p6(A,B) :- inv0(C,C1_0,C1_0,B,C,C1_0,C,C1_0,C,C1_0,C,C1_0,C,C1_0,C,C1_0,C,C1_0,C,C1_0,C,C1_0,A,C,A,C,A,C).
(r8) p45(A,B) :- inv0(A,C,C1_0,B,A,C,A,C,A,C,A,C,A,C,A,C,A,C,A,C,A,C,C,C1_0,C,C1_0,C,C1_0).
(r9) p172(A,B) :- place1(A,C), place1(C,C1_0), place1(C1_0,B).
(r10) p12(A,B) :- inv0(C0_0,C,C1_0,B,C0_0,C,C0_0,C,C0_0,C,C0_0,C,C0_0,C,C0_0,C,C0_0,C,C0_0,C,C0_0,C,A,C0_0,C,C1_0,A,C0_0).
(r11) p16(A,B) :- inv0(A,C,C1_0,C2_0,C2_0,B,A,C,A,C,A,C,A,C,A,C,A,C,A,C,A,C,C,C1_0,C,C1_0,C,C1_0).
(r12) p28(A,B) :- inv0(C0_0,C,C,C1_0,C1_0,B,C0_0,C,C0_0,C,C0_0,C,C0_0,C,C0_0,C,C0_0,C,C0_0,C,C0_0,C,A,C0_0,A,C0_0,A,C0_0).
(r13) p150(A,B) :- inv0(A,C,C2_0,B,A,C,A,C,A,C,A,C,A,C,A,C,A,C,A,C,A,C,C,C1_0,C1_0,C2_0,C,C1_0).
(r14) p27(A,B) :- inv0(A,C0_0-1,C0_0-1,C0_0,C1_0-1,C,C,C2_0,C2_0,C1_0,C3_0,B,A,C0_0-1,A,C0_0-1,A,C0_0-1,A,C0_0-1,A,C0_0-1,C0_0,C1_0-1,C1_0,C3_0,C0_0,C1_0-1).
(r15) p50(A,B) :- inv0(A,C0_0,C0_0,C,C,C2_0,C4_0,C1_0,C3_0,B,A,C0_0,A,C0_0,A,C0_0,A,C0_0,A,C0_0,A,C0_0,C2_0,C3_0-1,C3_0-1,C4_0,C1_0,C3_0).
(r16) p92(A,B) :- inv0(C0_0,C,C2_0,C3_0-1,C3_0-1,C1_0,C3_0,C5_0,C5_0,B,C0_0,C,C0_0,C,C0_0,C,C0_0,C,C0_0,C,C0_0,C,A,C0_0,C,C2_0,C1_0,C3_0).
(r17) p35(A,B) :- inv0(A,C0_0,C0_0,C,C2_0,C1_0,C3_0,B,A,C0_0,A,C0_0,A,C0_0,A,C0_0,A,C0_0,A,C0_0,A,C0_0,C,C2_0,C1_0,C3_0,C,C2_0).
(r18) p54(A,B) :- inv0(C0_0,C1_0-1,C1_0-1,C,C1_0,C3_0,C3_0,B,C0_0,C1_0-1,C0_0,C1_0-1,C0_0,C1_0-1,C0_0,C1_0-1,C0_0,C1_0-1,C0_0,C1_0-1,C0_0,C1_0-1,A,C0_0,C,C1_0,A,C0_0).
(r19) p43(A,B) :- inv0(A,C,C,C1_0-1,C3_0,C1_0,C1_0,B,A,C,A,C,A,C,A,C,A,C,A,C,A,C,C1_0-1,C2_0,C2_0,C3_0,C1_0-1,C2_0).
(r20) p0(A,B) :- inv0(A,C0_0,C0_0,C1_0-2,C1_0-2,C1_0-1,C2_0,C,C,C1_0,C3_0,C5_0,C5_0,B,A,C0_0,A,C0_0,A,C0_0,A,C0_0,C1_0-1,C2_0,C1_0,C3_0,C1_0-1,C2_0).
(r21) p29(A,B) :- inv0(C1_0-2,C1_0-1,C1_0-1,C2_0-1,C2_0-1,C,C2_0,C1_0,C1_0,C3_0,C3_0,B,C1_0-2,C1_0-1,C1_0-2,C1_0-1,C1_0-2,C1_0-1,C1_0-2,C1_0-1,C1_0-2,C1_0-1,A,C0_0,C0_0,C1_0-2,C,C2_0).
(r22) p176(A,B) :- inv0(A,C,C,C1_0-1,C3_0-1,C1_0,C3_0,C2_0,C2_0,C4_0,C4_0,B,A,C,A,C,A,C,A,C,A,C,C1_0-1,C2_0-1,C2_0-1,C3_0-1,C1_0,C3_0).
(r23) p1(A,B) :- inv0(A,C,C3_0-1,C3_0,C3_0,C4_0,C4_0,B,A,C,A,C,A,C,A,C,A,C,A,C,A,C,C,C1_0,C1_0,C2_0,C2_0,C3_0-1).
(r24) p2(A,B) :- inv0(A,C,C,C1_0-1,C1_0-1,C1_0,C3_0,C2_0,C2_0,C4_0,C4_0,B,A,C,A,C,A,C,A,C,A,C,C1_0,C3_0,C1_0,C3_0,C1_0,C3_0).
(r25) p38(A,B) :- inv0(C2_0-1,C2_0,C2_0,C3_0,C3_0,C1_0,C1_0,B,C2_0-1,C2_0,C2_0-1,C2_0,C2_0-1,C2_0,C2_0-1,C2_0,C2_0-1,C2_0,C2_0-1,C2_0,C2_0-1,C2_0,A,C,C,C1_0-1,C1_0-1,C2_0-1).
(r26) p63(A,B) :- inv0(C,C1_0-1,C1_0-1,C1_0,C3_0,C2_0,C2_0,C4_0,C4_0,B,C,C1_0-1,C,C1_0-1,C,C1_0-1,C,C1_0-1,C,C1_0-1,C,C1_0-1,A,C,C1_0,C3_0,A,C).
(r27) p11(A,B) :- inv0(A,C,C,C1_0-3,C1_0-3,C1_0-2,C2_0-2,C1_0-1,C1_0-1,C3_0-1,C3_0-1,C2_0-1,C4_0-1,C1_0,C3_0,C2_0,C2_0,C4_0,C4_0,B,A,C,C1_0-2,C2_0-2,C2_0-1,C4_0-1,C1_0,C3_0).
(r28) p25(A,B) :- inv0(A,C0_0-1,C0_0-1,C0_0,C1_0-1,C3_0-1,C3_0-1,C,C,C2_0,C2_0,C1_0,C6_0,C3_0,C7_0,B,A,C0_0-1,A,C0_0-1,A,C0_0-1,C0_0,C1_0-1,C1_0,C6_0,C3_0,C7_0).
(r29) p181(A,B) :- inv0(C,C1_0-1,C1_0-1,C2_0-2,C2_0-2,C2_0-1,C3_0,C1_0,C1_0,C2_0,C2_0,C5_0,C5_0,C4_0,C6_0,B,C,C1_0-1,C,C1_0-1,C,C1_0-1,A,C,C2_0-1,C3_0,C4_0,C6_0).
(r30) p26(A,B) :- inv0(A,C0_0,C1_0-1,C2_0-1,C2_0-1,C,C5_0,C4_0,C4_0,C6_0,C6_0,C1_0,C1_0,B,A,C0_0,A,C0_0,A,C0_0,A,C0_0,C0_0,C1_0-1,C,C2_0,C2_0,C5_0).
(r31) p58(A,B) :- inv0(C,C1_0-2,C1_0-2,C1_0-1,C3_0,C2_0-1,C4_0-1,C1_0,C1_0,C2_0,C2_0,C4_0,C4_0,B,C,C1_0-2,C,C1_0-2,C,C1_0-2,C,C1_0-2,A,C,C1_0-1,C3_0,C2_0-1,C4_0-1).
(r32) p72(A,B) :- inv0(A,C0_0-1,C0_0-1,C0_0,C1_0-1,C,C,C2_0,C2_0,C1_0,C6_0,C3_0,C3_0,C7_0,C7_0,B,A,C0_0-1,A,C0_0-1,A,C0_0-1,C0_0,C1_0-1,C1_0,C6_0,C0_0,C1_0-1).
(r33) p32(A,B) :- inv0(A,C0_0,C1_0-1,C2_0-1,C2_0-1,C,C,C2_0,C4_0,C6_0-1,C6_0-1,C1_0,C1_0,C5_0,C5_0,C3_0,C6_0,B,A,C0_0,A,C0_0,C0_0,C1_0-1,C2_0,C4_0,C3_0,C6_0).
(r34) p41(A,B) :- inv0(C,C1_0-3,C1_0-3,C1_0-2,C2_0-2,C1_0-1,C1_0-1,C3_0,C3_0,C2_0-1,C4_0-1,C1_0,C1_0,C2_0,C2_0,C4_0,C4_0,B,C,C1_0-3,C,C1_0-3,A,C,C1_0-2,C2_0-2,C2_0-1,C4_0-1).
(r35) p146(A,B) :- inv0(A,C0_0,C0_0,C,C,C2_0-1,C2_0-1,C2_0,C3_0-1,C5_0-1,C5_0-1,C1_0,C7_0,C5_0,C5_0,C8_0,C8_0,B,A,C0_0,A,C0_0,C2_0,C3_0-1,C1_0,C3_0,C3_0,C7_0).
(r36) p66(A,B) :- inv0(A,C0_0-1,C0_0-1,C0_0,C1_0-1,C3_0-1,C3_0-1,C,C,C5_0-1,C5_0-1,C4_0,C6_0,C2_0,C2_0,C7_0-1,C7_0-1,C5_0,C8_0,C1_0,C1_0,C3_0,C0_0,C1_0-1,C4_0,C6_0,C5_0,C8_0), inv0(C3_0,C7_0,C7_0,B,A,C0_0-1,A,C0_0-1,A,C0_0-1,A,C0_0-1,A,C0_0-1,A,C0_0-1,A,C0_0-1,A,C0_0-1,A,C0_0-1,C0_0,C1_0-1,C0_0,C1_0-1,C0_0,C1_0-1).
(r37) p84(A,B) :- inv0(A,C0_0,C1_0-1,C2_0-1,C2_0-1,C,C,C2_0,C4_0,C6_0-1,C6_0-1,C1_0,C1_0,C5_0,C5_0,C3_0,C9_0,C6_0,C6_0,C10_0,C10_0,B,C0_0,C1_0-1,C2_0,C4_0,C3_0,C9_0).
====================
