number of rules: 41
program size: 289
(r1) p1(A,B) :- place1(A,C), place1(C,B).
(r2) p12(A,B) :- right(A,C), place1(C,B).
(r3) p2(A,B) :- right(A,C0_0), place1(C0_0,C), place1(C,C1_0), place1(C1_0,B).
(r4) p5(A,B) :- place1(A,C0_0), place1(C0_0,C), right(C,C1_0), place1(C1_0,B).
(r5) p140(A,B) :- place1(A,C), right(C,C1_0), right(C1_0,C2_0), place1(C2_0,B).
(r6) p302(A,B) :- right(A,C0_0), place1(C0_0,C), right(C,C1_0), place1(C1_0,B).
(r7) p2808(A,B) :- right(A,C), right(C,C1_0), place1(C1_0,C2_0), place1(C2_0,B).
(r8) p838(A,B) :- right(A,C), right(C,C1_0), right(C1_0,C2_0), place1(C2_0,B).
(r9) p11(A,B) :- place1(A,C), right(C,C1_0), place1(C1_0,B).
(r10) p49(A,B) :- right(A,C), place1(C,C1_0), place1(C1_0,B).
(r11) p53(A,B) :- place1(A,C), place1(C,C1_0), place1(C1_0,B).
(r12) p89(A,B) :- right(A,C), right(C,C1_0), place1(C1_0,B).
(r13) p375(A,B) :- place1(A,C0_0), place1(C0_0,C), right(C,C1_0), place1(C1_0,C3_0), place1(C3_0,B).
(r14) p552(A,B) :- place1(A,C), right(C,C1_0-1), place1(C1_0-1,C1_0), right(C1_0,C2_0), place1(C2_0,B).
(r15) p631(A,B) :- right(A,C), place1(C,C1_0-1), place1(C1_0-1,C1_0), right(C1_0,C2_0), place1(C2_0,B).
(r16) p1687(A,B) :- right(A,C), right(C,C1_0-1), place1(C1_0-1,C1_0), place1(C1_0,C2_0), place1(C2_0,B).
(r17) p22(A,B) :- place1(A,C), right(C,C1_0), right(C1_0,C2_0), place1(C2_0,C3_0), place1(C3_0,B).
(r18) p150(A,B) :- right(A,C), place1(C,C1_0), right(C1_0,C2_0), right(C2_0,C3_0), place1(C3_0,B).
(r19) p0(A,B) :- right(A,C), right(C,C1_0), place1(C1_0,C2_0-1), place1(C2_0-1,C2_0), right(C2_0,C3_0), place1(C3_0,B).
(r20) p4(A,B) :- right(A,C), place1(C,C1_0), right(C1_0,C2_0-1), place1(C2_0-1,C2_0), place1(C2_0,C3_0), place1(C3_0,B).
(r21) p33(A,B) :- place1(A,C0_0), right(C0_0,C1_0-1), place1(C1_0-1,C), right(C,C1_0), place1(C1_0,C3_0), place1(C3_0,B).
(r22) p147(A,B) :- place1(A,C0_0), place1(C0_0,C), right(C,C1_0), right(C1_0,C3_0), place1(C3_0,C4_0), place1(C4_0,B).
(r23) p809(A,B) :- place1(A,C0_0), right(C0_0,C1_0-1), right(C1_0-1,C2_0), place1(C2_0,C), right(C,C1_0), place1(C1_0,B).
(r24) p902(A,B) :- right(A,C), right(C,C1_0), right(C1_0,C2_0-1), place1(C2_0-1,C2_0), place1(C2_0,C3_0), place1(C3_0,B).
(r25) p970(A,B) :- right(A,C), place1(C,C1_0), right(C1_0,C2_0-1), place1(C2_0-1,C2_0), right(C2_0,C3_0), place1(C3_0,B).
(r26) p6(A,B) :- right(A,C0_0), place1(C0_0,C), place1(C,C2_0), place1(C2_0,C1_0), right(C1_0,C3_0), place1(C3_0,C5_0), place1(C5_0,B).
(r27) p13(A,B) :- place1(A,C0_0), place1(C0_0,C), place1(C,C1_0), right(C1_0,C3_0-1), place1(C3_0-1,C3_0), place1(C3_0,C4_0), place1(C4_0,B).
(r28) p112(A,B) :- place1(A,C0_0), place1(C0_0,C), right(C,C1_0), right(C1_0,C3_0-1), place1(C3_0-1,C3_0), place1(C3_0,C4_0), place1(C4_0,B).
(r29) p287(A,B) :- right(A,C0_0), right(C0_0,C1_0-1), place1(C1_0-1,C), place1(C,C2_0), place1(C2_0,C1_0), right(C1_0,C3_0), place1(C3_0,B).
(r30) p9(A,B) :- place1(A,C0_0), right(C0_0,C1_0-2), place1(C1_0-2,C1_0-1), right(C1_0-1,C2_0-1), place1(C2_0-1,C), right(C,C2_0), place1(C2_0,C1_0), place1(C1_0,C3_0), place1(C3_0,B).
(r31) p44(A,B) :- right(A,C0_0-1), place1(C0_0-1,C0_0), right(C0_0,C1_0-1), place1(C1_0-1,C), place1(C,C2_0), place1(C2_0,C1_0), right(C1_0,C3_0), place1(C3_0,C7_0), place1(C7_0,B).
(r32) p105(A,B) :- place1(A,C0_0), right(C0_0,C1_0-1), place1(C1_0-1,C2_0), place1(C2_0,C), right(C,C1_0), right(C1_0,C4_0), place1(C4_0,C3_0), place1(C3_0,C5_0), place1(C5_0,B).
(r33) p117(A,B) :- right(A,C0_0), right(C0_0,C1_0-2), place1(C1_0-2,C1_0-1), place1(C1_0-1,C2_0), place1(C2_0,C), place1(C,C1_0), right(C1_0,C3_0), place1(C3_0,C5_0), place1(C5_0,B).
(r34) p24(A,B) :- place1(A,C0_0-1), place1(C0_0-1,C0_0), right(C0_0,C1_0-1), place1(C1_0-1,C), place1(C,C1_0), right(C1_0,C3_0), place1(C3_0,C6_0), place1(C6_0,B).
(r35) p36(A,B) :- place1(A,C0_0), right(C0_0,C1_0-1), right(C1_0-1,C2_0-1), place1(C2_0-1,C), right(C,C2_0), place1(C2_0,C1_0), place1(C1_0,C3_0), place1(C3_0,B).
(r36) p45(A,B) :- right(A,C0_0-1), place1(C0_0-1,C0_0), place1(C0_0,C1_0-1), place1(C1_0-1,C), right(C,C2_0), place1(C2_0,C1_0), place1(C1_0,C3_0), place1(C3_0,B).
(r37) p119(A,B) :- right(A,C0_0), right(C0_0,C1_0-1), place1(C1_0-1,C), place1(C,C1_0), right(C1_0,C4_0), place1(C4_0,C3_0), place1(C3_0,C5_0), place1(C5_0,B).
(r38) p61(A,B) :- place1(A,C0_0), place1(C0_0,C1_0-2), place1(C1_0-2,C1_0-1), right(C1_0-1,C2_0), place1(C2_0,C), place1(C,C1_0), right(C1_0,C4_0), place1(C4_0,C3_0), place1(C3_0,C5_0), place1(C5_0,B).
(r39) p404(A,B) :- place1(A,C0_0), place1(C0_0,C1_0-2), place1(C1_0-2,C1_0-1), right(C1_0-1,C2_0), place1(C2_0,C), right(C,C1_0), right(C1_0,C4_0), place1(C4_0,C3_0), place1(C3_0,C5_0), place1(C5_0,B).
(r40) p1041(A,B) :- right(A,C0_0), place1(C0_0,C1_0-2), place1(C1_0-2,C1_0-1), right(C1_0-1,C2_0), place1(C2_0,C), place1(C,C1_0), right(C1_0,C4_0), place1(C4_0,C3_0), place1(C3_0,C5_0), place1(C5_0,B).
(r41) p1340(A,B) :- right(A,C0_0), right(C0_0,C1_0-2), place1(C1_0-2,C1_0-1), place1(C1_0-1,C2_0), place1(C2_0,C), place1(C,C1_0), right(C1_0,C4_0), place1(C4_0,C3_0), place1(C3_0,C5_0), place1(C5_0,B).
====================
CP-SAT solving...
number of rules: 43
program size: 98
(inv0) inv0() :- .
(inv1) inv1(X1,X2,X3,X4,X5,X6,X7,X8,X9,X10,X11,X12,X13,X14,X15,X16,X17,X18,X19,X20,X21,X22) :- place1(X1,X2), place1(X3,X4), place1(X5,X6), place1(X7,X8), place1(X9,X10), place1(X11,X12), place1(X13,X14), place1(X15,X16), right(X17,X18), right(X19,X20), right(X21,X22).
(r1) p1(A,B) :- place1(A,C), place1(C,B).
(r2) p12(A,B) :- inv1(C,B,C,B,C,B,C,B,C,B,C,B,C,B,C,B,A,C,A,C,A,C).
(r3) p2(A,B) :- inv1(C0_0,C,C,C1_0,C1_0,B,C0_0,C,C0_0,C,C0_0,C,C0_0,C,C0_0,C,A,C0_0,A,C0_0,A,C0_0).
(r4) p5(A,B) :- inv1(A,C0_0,C0_0,C,C1_0,B,A,C0_0,A,C0_0,A,C0_0,A,C0_0,A,C0_0,C,C1_0,C,C1_0,C,C1_0).
(r5) p140(A,B) :- inv1(A,C,C2_0,B,A,C,A,C,A,C,A,C,A,C,A,C,C,C1_0,C1_0,C2_0,C,C1_0).
(r6) p302(A,B) :- inv1(C0_0,C,C1_0,B,C0_0,C,C0_0,C,C0_0,C,C0_0,C,C0_0,C,C0_0,C,A,C0_0,C,C1_0,A,C0_0).
(r7) p2808(A,B) :- inv1(C1_0,C2_0,C2_0,B,C1_0,C2_0,C1_0,C2_0,C1_0,C2_0,C1_0,C2_0,C1_0,C2_0,C1_0,C2_0,A,C,C,C1_0,A,C).
(r8) p838(A,B) :- inv1(C2_0,B,C2_0,B,C2_0,B,C2_0,B,C2_0,B,C2_0,B,C2_0,B,C2_0,B,A,C,C,C1_0,C1_0,C2_0).
(r9) p11(A,B) :- inv1(A,C,C1_0,B,A,C,A,C,A,C,A,C,A,C,A,C,C,C1_0,C,C1_0,C,C1_0).
(r10) p49(A,B) :- inv1(C,C1_0,C1_0,B,C,C1_0,C,C1_0,C,C1_0,C,C1_0,C,C1_0,C,C1_0,A,C,A,C,A,C).
(r11) p53(A,B) :- place1(A,C), place1(C,C1_0), place1(C1_0,B).
(r12) p89(A,B) :- inv1(C1_0,B,C1_0,B,C1_0,B,C1_0,B,C1_0,B,C1_0,B,C1_0,B,C1_0,B,A,C,C,C1_0,A,C).
(r13) p375(A,B) :- inv1(A,C0_0,C0_0,C,C1_0,C3_0,C3_0,B,A,C0_0,A,C0_0,A,C0_0,A,C0_0,C,C1_0,C,C1_0,C,C1_0).
(r14) p552(A,B) :- inv1(A,C,C1_0-1,C1_0,C2_0,B,A,C,A,C,A,C,A,C,A,C,C,C1_0-1,C1_0,C2_0,C,C1_0-1).
(r15) p631(A,B) :- inv1(C,C1_0-1,C1_0-1,C1_0,C2_0,B,C,C1_0-1,C,C1_0-1,C,C1_0-1,C,C1_0-1,C,C1_0-1,A,C,C1_0,C2_0,A,C).
(r16) p1687(A,B) :- inv1(C1_0-1,C1_0,C1_0,C2_0,C2_0,B,C1_0-1,C1_0,C1_0-1,C1_0,C1_0-1,C1_0,C1_0-1,C1_0,C1_0-1,C1_0,A,C,C,C1_0-1,A,C).
(r17) p22(A,B) :- inv1(A,C,C2_0,C3_0,C3_0,B,A,C,A,C,A,C,A,C,A,C,C,C1_0,C1_0,C2_0,C,C1_0).
(r18) p150(A,B) :- inv1(C,C1_0,C3_0,B,C,C1_0,C,C1_0,C,C1_0,C,C1_0,C,C1_0,C,C1_0,A,C,C1_0,C2_0,C2_0,C3_0).
(r19) p0(A,B) :- inv1(C1_0,C2_0-1,C2_0-1,C2_0,C3_0,B,C1_0,C2_0-1,C1_0,C2_0-1,C1_0,C2_0-1,C1_0,C2_0-1,C1_0,C2_0-1,A,C,C,C1_0,C2_0,C3_0).
(r20) p4(A,B) :- inv1(C,C1_0,C2_0-1,C2_0,C2_0,C3_0,C3_0,B,C,C1_0,C,C1_0,C,C1_0,C,C1_0,A,C,C1_0,C2_0-1,A,C).
(r21) p33(A,B) :- inv1(A,C0_0,C1_0-1,C,C1_0,C3_0,C3_0,B,A,C0_0,A,C0_0,A,C0_0,A,C0_0,C0_0,C1_0-1,C,C1_0,C0_0,C1_0-1).
(r22) p147(A,B) :- inv1(A,C0_0,C0_0,C,C3_0,C4_0,C4_0,B,A,C0_0,A,C0_0,A,C0_0,A,C0_0,C,C1_0,C1_0,C3_0,C,C1_0).
(r23) p809(A,B) :- inv1(A,C0_0,C2_0,C,C1_0,B,A,C0_0,A,C0_0,A,C0_0,A,C0_0,A,C0_0,C0_0,C1_0-1,C1_0-1,C2_0,C,C1_0).
(r24) p902(A,B) :- inv1(C2_0-1,C2_0,C2_0,C3_0,C3_0,B,C2_0-1,C2_0,C2_0-1,C2_0,C2_0-1,C2_0,C2_0-1,C2_0,C2_0-1,C2_0,A,C,C,C1_0,C1_0,C2_0-1).
(r25) p970(A,B) :- inv1(C,C1_0,C2_0-1,C2_0,C3_0,B,C,C1_0,C,C1_0,C,C1_0,C,C1_0,C,C1_0,A,C,C1_0,C2_0-1,C2_0,C3_0).
(r26) p6(A,B) :- inv1(C0_0,C,C,C2_0,C2_0,C1_0,C3_0,C5_0,C5_0,B,C0_0,C,C0_0,C,C0_0,C,A,C0_0,C1_0,C3_0,A,C0_0).
(r27) p13(A,B) :- inv1(A,C0_0,C0_0,C,C,C1_0,C3_0-1,C3_0,C3_0,C4_0,C4_0,B,A,C0_0,A,C0_0,C1_0,C3_0-1,C1_0,C3_0-1,C1_0,C3_0-1).
(r28) p112(A,B) :- inv1(A,C0_0,C0_0,C,C3_0-1,C3_0,C3_0,C4_0,C4_0,B,A,C0_0,A,C0_0,A,C0_0,C,C1_0,C1_0,C3_0-1,C,C1_0).
(r29) p287(A,B) :- inv1(C1_0-1,C,C,C2_0,C2_0,C1_0,C3_0,B,C1_0-1,C,C1_0-1,C,C1_0-1,C,C1_0-1,C,A,C0_0,C0_0,C1_0-1,C1_0,C3_0).
(r30) p9(A,B) :- inv1(A,C0_0,C1_0-2,C1_0-1,C2_0-1,C,C2_0,C1_0,C1_0,C3_0,C3_0,B,A,C0_0,A,C0_0,C0_0,C1_0-2,C1_0-1,C2_0-1,C,C2_0).
(r31) p44(A,B) :- inv1(C0_0-1,C0_0,C1_0-1,C,C,C2_0,C2_0,C1_0,C3_0,C7_0,C7_0,B,C0_0-1,C0_0,C0_0-1,C0_0,A,C0_0-1,C0_0,C1_0-1,C1_0,C3_0).
(r32) p105(A,B) :- inv1(A,C0_0,C1_0-1,C2_0,C2_0,C,C4_0,C3_0,C3_0,C5_0,C5_0,B,A,C0_0,A,C0_0,C0_0,C1_0-1,C,C1_0,C1_0,C4_0).
(r33) p117(A,B) :- inv1(C1_0-2,C1_0-1,C1_0-1,C2_0,C2_0,C,C,C1_0,C3_0,C5_0,C5_0,B,C1_0-2,C1_0-1,C1_0-2,C1_0-1,A,C0_0,C0_0,C1_0-2,C1_0,C3_0).
(r34) p24(A,B) :- inv1(A,C0_0-1,C0_0-1,C0_0,C1_0-1,C,C,C1_0,C3_0,C6_0,C6_0,B,A,C0_0-1,A,C0_0-1,C0_0,C1_0-1,C1_0,C3_0,C0_0,C1_0-1).
(r35) p36(A,B) :- inv1(A,C0_0,C2_0-1,C,C2_0,C1_0,C1_0,C3_0,C3_0,B,A,C0_0,A,C0_0,A,C0_0,C0_0,C1_0-1,C1_0-1,C2_0-1,C,C2_0).
(r36) p45(A,B) :- inv1(C0_0-1,C0_0,C0_0,C1_0-1,C1_0-1,C,C2_0,C1_0,C1_0,C3_0,C3_0,B,C0_0-1,C0_0,C0_0-1,C0_0,A,C0_0-1,C,C2_0,A,C0_0-1).
(r37) p119(A,B) :- inv1(C1_0-1,C,C,C1_0,C4_0,C3_0,C3_0,C5_0,C5_0,B,C1_0-1,C,C1_0-1,C,C1_0-1,C,A,C0_0,C0_0,C1_0-1,C1_0,C4_0).
(r38) p61(A,B) :- inv1(A,C0_0,C0_0,C1_0-2,C1_0-2,C1_0-1,C2_0,C,C,C1_0,C4_0,C3_0,C3_0,C5_0,C5_0,B,C1_0-1,C2_0,C1_0,C4_0,C1_0-1,C2_0).
(r39) p404(A,B) :- inv1(A,C0_0,C0_0,C1_0-2,C1_0-2,C1_0-1,C2_0,C,C4_0,C3_0,C3_0,C5_0,C5_0,B,A,C0_0,C1_0-1,C2_0,C,C1_0,C1_0,C4_0).
(r40) p1041(A,B) :- inv1(C0_0,C1_0-2,C1_0-2,C1_0-1,C2_0,C,C,C1_0,C4_0,C3_0,C3_0,C5_0,C5_0,B,C0_0,C1_0-2,A,C0_0,C1_0-1,C2_0,C1_0,C4_0).
(r41) p1340(A,B) :- inv1(C1_0-2,C1_0-1,C1_0-1,C2_0,C2_0,C,C,C1_0,C4_0,C3_0,C3_0,C5_0,C5_0,B,C1_0-2,C1_0-1,A,C0_0,C0_0,C1_0-2,C1_0,C4_0).
====================
