number of rules: 49
program size: 370
(r1) p3(A,B) :- place1(A,C), place1(C,B).
(r2) p33(A,B) :- right(A,C), place1(C,B).
(r3) p0(A,B) :- place1(A,C0_0), place1(C0_0,C), right(C,C1_0), place1(C1_0,B).
(r4) p13(A,B) :- right(A,C), right(C,C1_0), place1(C1_0,C2_0), place1(C2_0,B).
(r5) p35(A,B) :- right(A,C0_0), place1(C0_0,C), right(C,C1_0), place1(C1_0,B).
(r6) p145(A,B) :- right(A,C0_0), place1(C0_0,C), place1(C,C1_0), place1(C1_0,B).
(r7) p474(A,B) :- right(A,C), right(C,C1_0), right(C1_0,C2_0), place1(C2_0,B).
(r8) p485(A,B) :- place1(A,C), right(C,C1_0), right(C1_0,C2_0), place1(C2_0,B).
(r9) p1200(A,B) :- place1(A,C0_0), place1(C0_0,C), place1(C,C1_0), place1(C1_0,B).
(r10) p23(A,B) :- place1(A,C), right(C,C1_0), place1(C1_0,B).
(r11) p42(A,B) :- right(A,C), right(C,C1_0), place1(C1_0,B).
(r12) p44(A,B) :- right(A,C), place1(C,C1_0), place1(C1_0,B).
(r13) p137(A,B) :- place1(A,C), place1(C,C1_0), place1(C1_0,B).
(r14) p40(A,B) :- place1(A,C0_0), place1(C0_0,C), right(C,C1_0), place1(C1_0,C3_0), place1(C3_0,B).
(r15) p85(A,B) :- right(A,C0_0), place1(C0_0,C), right(C,C1_0), place1(C1_0,C3_0), place1(C3_0,B).
(r16) p128(A,B) :- place1(A,C), right(C,C1_0-1), place1(C1_0-1,C1_0), right(C1_0,C2_0), place1(C2_0,B).
(r17) p189(A,B) :- place1(A,C0_0), place1(C0_0,C), right(C,C1_0), right(C1_0,C3_0), place1(C3_0,B).
(r18) p208(A,B) :- right(A,C), right(C,C1_0-1), place1(C1_0-1,C1_0), place1(C1_0,C2_0), place1(C2_0,B).
(r19) p2175(A,B) :- right(A,C), right(C,C1_0-1), place1(C1_0-1,C1_0), right(C1_0,C2_0), place1(C2_0,B).
(r20) p1510(A,B) :- place1(A,C), right(C,C1_0), right(C1_0,C2_0), right(C2_0,C3_0), place1(C3_0,B).
(r21) p110(A,B) :- right(A,C0_0), place1(C0_0,C), right(C,C2_0), place1(C2_0,C1_0), place1(C1_0,C3_0), place1(C3_0,B).
(r22) p131(A,B) :- place1(A,C0_0), place1(C0_0,C), right(C,C2_0), place1(C2_0,C1_0), place1(C1_0,C3_0), place1(C3_0,B).
(r23) p1465(A,B) :- right(A,C0_0), place1(C0_0,C), right(C,C2_0), place1(C2_0,C1_0), right(C1_0,C3_0), place1(C3_0,B).
(r24) p14(A,B) :- right(A,C), place1(C,C1_0-1), place1(C1_0-1,C1_0), right(C1_0,C2_0), right(C2_0,C4_0), place1(C4_0,B).
(r25) p31(A,B) :- place1(A,C), place1(C,C1_0-1), place1(C1_0-1,C1_0), right(C1_0,C2_0), right(C2_0,C4_0), place1(C4_0,B).
(r26) p51(A,B) :- place1(A,C), right(C,C1_0), right(C1_0,C2_0-1), place1(C2_0-1,C2_0), right(C2_0,C3_0), place1(C3_0,B).
(r27) p1213(A,B) :- right(A,C0_0), right(C0_0,C1_0-1), place1(C1_0-1,C2_0), place1(C2_0,C), place1(C,C1_0), place1(C1_0,B).
(r28) p6(A,B) :- place1(A,C0_0-1), place1(C0_0-1,C0_0), right(C0_0,C1_0-1), place1(C1_0-1,C), place1(C,C1_0), right(C1_0,C5_0), place1(C5_0,C3_0), place1(C3_0,C6_0), place1(C6_0,B).
(r29) p26(A,B) :- place1(A,C0_0-1), place1(C0_0-1,C0_0), right(C0_0,C1_0-1), right(C1_0-1,C3_0-1), place1(C3_0-1,C), right(C,C2_0), place1(C2_0,C1_0), place1(C1_0,C3_0), place1(C3_0,B).
(r30) p94(A,B) :- right(A,C0_0), right(C0_0,C1_0-1), place1(C1_0-1,C2_0), place1(C2_0,C), place1(C,C1_0), right(C1_0,C4_0), place1(C4_0,C3_0), place1(C3_0,C5_0), place1(C5_0,B).
(r31) p360(A,B) :- right(A,C0_0-1), place1(C0_0-1,C0_0), right(C0_0,C1_0-1), place1(C1_0-1,C), place1(C,C2_0), place1(C2_0,C1_0), right(C1_0,C3_0), place1(C3_0,C7_0), place1(C7_0,B).
(r32) p9(A,B) :- right(A,C), place1(C,C1_0-1), place1(C1_0-1,C1_0), right(C1_0,C3_0), place1(C3_0,C2_0), place1(C2_0,C4_0), place1(C4_0,B).
(r33) p10(A,B) :- place1(A,C), right(C,C1_0-1), place1(C1_0-1,C1_0), place1(C1_0,C3_0), place1(C3_0,C2_0), right(C2_0,C4_0), place1(C4_0,B).
(r34) p47(A,B) :- place1(A,C0_0), place1(C0_0,C), right(C,C1_0), right(C1_0,C3_0-1), place1(C3_0-1,C3_0), place1(C3_0,C4_0), place1(C4_0,B).
(r35) p169(A,B) :- right(A,C), right(C,C1_0-1), place1(C1_0-1,C1_0), place1(C1_0,C3_0), place1(C3_0,C2_0), right(C2_0,C4_0), place1(C4_0,B).
(r36) p1942(A,B) :- place1(A,C), right(C,C1_0-1), place1(C1_0-1,C1_0), right(C1_0,C3_0), place1(C3_0,C2_0), right(C2_0,C4_0), place1(C4_0,B).
(r37) p17(A,B) :- place1(A,C0_0), place1(C0_0,C), right(C,C2_0), place1(C2_0,C1_0), place1(C1_0,C4_0), place1(C4_0,C3_0), right(C3_0,C5_0), place1(C5_0,B).
(r38) p54(A,B) :- right(A,C0_0), place1(C0_0,C), place1(C,C2_0), place1(C2_0,C1_0), right(C1_0,C4_0), place1(C4_0,C3_0), place1(C3_0,C5_0), place1(C5_0,B).
(r39) p173(A,B) :- place1(A,C0_0), place1(C0_0,C1_0-1), place1(C1_0-1,C), right(C,C1_0), right(C1_0,C4_0), place1(C4_0,C3_0), place1(C3_0,C5_0), place1(C5_0,B).
(r40) p736(A,B) :- right(A,C0_0), right(C0_0,C1_0-1), place1(C1_0-1,C2_0-1), place1(C2_0-1,C), place1(C,C2_0), place1(C2_0,C1_0), right(C1_0,C3_0), place1(C3_0,B).
(r41) p21(A,B) :- place1(A,C0_0-1), place1(C0_0-1,C0_0), right(C0_0,C1_0-1), place1(C1_0-1,C), place1(C,C2_0), place1(C2_0,C1_0), right(C1_0,C6_0), place1(C6_0,C3_0), place1(C3_0,C7_0), place1(C7_0,B).
(r42) p175(A,B) :- right(A,C0_0), place1(C0_0,C1_0-2), place1(C1_0-2,C1_0-1), right(C1_0-1,C2_0), place1(C2_0,C), place1(C,C1_0), right(C1_0,C4_0), place1(C4_0,C3_0), place1(C3_0,C5_0), place1(C5_0,B).
(r43) p409(A,B) :- right(A,C0_0), right(C0_0,C1_0-1), place1(C1_0-1,C2_0-1), place1(C2_0-1,C), place1(C,C2_0), place1(C2_0,C1_0), right(C1_0,C5_0), place1(C5_0,C3_0), place1(C3_0,C6_0), place1(C6_0,B).
(r44) p495(A,B) :- place1(A,C0_0-1), place1(C0_0-1,C0_0), right(C0_0,C1_0-1), right(C1_0-1,C3_0-1), place1(C3_0-1,C), place1(C,C2_0), place1(C2_0,C1_0), right(C1_0,C3_0), place1(C3_0,C7_0), place1(C7_0,B).
(r45) p75(A,B) :- right(A,C0_0-1), place1(C0_0-1,C0_0), place1(C0_0,C2_0), place1(C2_0,C1_0-1), right(C1_0-1,C3_0-1), place1(C3_0-1,C), place1(C,C1_0), place1(C1_0,C5_0), place1(C5_0,C3_0), right(C3_0,C6_0), place1(C6_0,B).
(r46) p76(A,B) :- place1(A,C0_0-1), place1(C0_0-1,C0_0), place1(C0_0,C2_0-1), place1(C2_0-1,C1_0-1), right(C1_0-1,C3_0-1), place1(C3_0-1,C), place1(C,C2_0), place1(C2_0,C1_0), right(C1_0,C3_0), place1(C3_0,C7_0), place1(C7_0,B).
(r47) p1420(A,B) :- place1(A,C0_0-1), place1(C0_0-1,C0_0), right(C0_0,C1_0-1), right(C1_0-1,C3_0-1), place1(C3_0-1,C), place1(C,C2_0), place1(C2_0,C1_0), right(C1_0,C6_0), place1(C6_0,C3_0), place1(C3_0,C7_0), place1(C7_0,B).
(r48) p86(A,B) :- place1(A,C0_0-1), place1(C0_0-1,C0_0), right(C0_0,C2_0-1), place1(C2_0-1,C1_0-1), right(C1_0-1,C3_0-1), place1(C3_0-1,C), place1(C,C2_0), place1(C2_0,C1_0), right(C1_0,C6_0), place1(C6_0,C3_0), place1(C3_0,C7_0), place1(C7_0,B).
(r49) p675(A,B) :- right(A,C0_0-1), place1(C0_0-1,C0_0), place1(C0_0,C2_0-1), place1(C2_0-1,C1_0-1), right(C1_0-1,C3_0-1), place1(C3_0-1,C), place1(C,C2_0), place1(C2_0,C1_0), right(C1_0,C6_0), place1(C6_0,C3_0), place1(C3_0,C7_0), place1(C7_0,B).
====================
CP-SAT solving...
number of rules: 51
program size: 118
(inv0) inv0(X1,X2,X3,X4,X5,X6,X7,X8,X9,X10,X11,X12,X13,X14,X15,X16,X17,X18,X19,X20,X21,X22,X23,X24) :- right(X1,X2), right(X3,X4), right(X5,X6), place1(X7,X8), place1(X9,X10), place1(X11,X12), place1(X13,X14), place1(X15,X16), place1(X17,X18), place1(X19,X20), place1(X21,X22), place1(X23,X24).
(inv1) inv1() :- .
(r1) p3(A,B) :- place1(A,C), place1(C,B).
(r2) p33(A,B) :- inv0(A,C,A,C,A,C,C,B,C,B,C,B,C,B,C,B,C,B,C,B,C,B,C,B).
(r3) p0(A,B) :- inv0(C,C1_0,C,C1_0,C,C1_0,A,C0_0,C0_0,C,C1_0,B,A,C0_0,A,C0_0,A,C0_0,A,C0_0,A,C0_0,A,C0_0).
(r4) p13(A,B) :- inv0(A,C,C,C1_0,A,C,C1_0,C2_0,C2_0,B,C1_0,C2_0,C1_0,C2_0,C1_0,C2_0,C1_0,C2_0,C1_0,C2_0,C1_0,C2_0,C1_0,C2_0).
(r5) p35(A,B) :- inv0(A,C0_0,C,C1_0,A,C0_0,C0_0,C,C1_0,B,C0_0,C,C0_0,C,C0_0,C,C0_0,C,C0_0,C,C0_0,C,C0_0,C).
(r6) p145(A,B) :- inv0(A,C0_0,A,C0_0,A,C0_0,C0_0,C,C,C1_0,C1_0,B,C0_0,C,C0_0,C,C0_0,C,C0_0,C,C0_0,C,C0_0,C).
(r7) p474(A,B) :- inv0(A,C,C,C1_0,C1_0,C2_0,C2_0,B,C2_0,B,C2_0,B,C2_0,B,C2_0,B,C2_0,B,C2_0,B,C2_0,B,C2_0,B).
(r8) p485(A,B) :- inv0(C,C1_0,C1_0,C2_0,C,C1_0,A,C,C2_0,B,A,C,A,C,A,C,A,C,A,C,A,C,A,C).
(r9) p1200(A,B) :- place1(A,C0_0), place1(C0_0,C), place1(C,C1_0), place1(C1_0,B).
(r10) p23(A,B) :- inv0(C,C1_0,C,C1_0,C,C1_0,A,C,C1_0,B,A,C,A,C,A,C,A,C,A,C,A,C,A,C).
(r11) p42(A,B) :- inv0(A,C,C,C1_0,A,C,C1_0,B,C1_0,B,C1_0,B,C1_0,B,C1_0,B,C1_0,B,C1_0,B,C1_0,B,C1_0,B).
(r12) p44(A,B) :- inv0(A,C,A,C,A,C,C,C1_0,C1_0,B,C,C1_0,C,C1_0,C,C1_0,C,C1_0,C,C1_0,C,C1_0,C,C1_0).
(r13) p137(A,B) :- place1(A,C), place1(C,C1_0), place1(C1_0,B).
(r14) p40(A,B) :- inv0(C,C1_0,C,C1_0,C,C1_0,A,C0_0,C0_0,C,C1_0,C3_0,C3_0,B,A,C0_0,A,C0_0,A,C0_0,A,C0_0,A,C0_0).
(r15) p85(A,B) :- inv0(A,C0_0,C,C1_0,A,C0_0,C0_0,C,C1_0,C3_0,C3_0,B,C0_0,C,C0_0,C,C0_0,C,C0_0,C,C0_0,C,C0_0,C).
(r16) p128(A,B) :- inv0(C,C1_0-1,C1_0,C2_0,C,C1_0-1,A,C,C1_0-1,C1_0,C2_0,B,A,C,A,C,A,C,A,C,A,C,A,C).
(r17) p189(A,B) :- inv0(C,C1_0,C1_0,C3_0,C,C1_0,A,C0_0,C0_0,C,C3_0,B,A,C0_0,A,C0_0,A,C0_0,A,C0_0,A,C0_0,A,C0_0).
(r18) p208(A,B) :- inv0(A,C,C,C1_0-1,A,C,C1_0-1,C1_0,C1_0,C2_0,C2_0,B,C1_0-1,C1_0,C1_0-1,C1_0,C1_0-1,C1_0,C1_0-1,C1_0,C1_0-1,C1_0,C1_0-1,C1_0).
(r19) p2175(A,B) :- inv0(A,C,C,C1_0-1,C1_0,C2_0,C1_0-1,C1_0,C2_0,B,C1_0-1,C1_0,C1_0-1,C1_0,C1_0-1,C1_0,C1_0-1,C1_0,C1_0-1,C1_0,C1_0-1,C1_0,C1_0-1,C1_0).
(r20) p1510(A,B) :- inv0(C,C1_0,C1_0,C2_0,C2_0,C3_0,A,C,C3_0,B,A,C,A,C,A,C,A,C,A,C,A,C,A,C).
(r21) p110(A,B) :- inv0(A,C0_0,C,C2_0,A,C0_0,C0_0,C,C2_0,C1_0,C1_0,C3_0,C3_0,B,C0_0,C,C0_0,C,C0_0,C,C0_0,C,C0_0,C).
(r22) p131(A,B) :- inv0(C,C2_0,C,C2_0,C,C2_0,A,C0_0,C0_0,C,C2_0,C1_0,C1_0,C3_0,C3_0,B,A,C0_0,A,C0_0,A,C0_0,A,C0_0).
(r23) p1465(A,B) :- inv0(A,C0_0,C,C2_0,C1_0,C3_0,C0_0,C,C2_0,C1_0,C3_0,B,C0_0,C,C0_0,C,C0_0,C,C0_0,C,C0_0,C,C0_0,C).
(r24) p14(A,B) :- inv0(A,C,C1_0,C2_0,C2_0,C4_0,C,C1_0-1,C1_0-1,C1_0,C4_0,B,C,C1_0-1,C,C1_0-1,C,C1_0-1,C,C1_0-1,C,C1_0-1,C,C1_0-1).
(r25) p31(A,B) :- inv0(C1_0,C2_0,C2_0,C4_0,C1_0,C2_0,A,C,C,C1_0-1,C1_0-1,C1_0,C4_0,B,A,C,A,C,A,C,A,C,A,C).
(r26) p51(A,B) :- inv0(C,C1_0,C1_0,C2_0-1,C2_0,C3_0,A,C,C2_0-1,C2_0,C3_0,B,A,C,A,C,A,C,A,C,A,C,A,C).
(r27) p1213(A,B) :- inv0(A,C0_0,C0_0,C1_0-1,A,C0_0,C1_0-1,C2_0,C2_0,C,C,C1_0,C1_0,B,C1_0-1,C2_0,C1_0-1,C2_0,C1_0-1,C2_0,C1_0-1,C2_0,C1_0-1,C2_0).
(r28) p6(A,B) :- inv0(C0_0,C1_0-1,C1_0,C5_0,C0_0,C1_0-1,A,C0_0-1,C0_0-1,C0_0,C1_0-1,C,C,C1_0,C5_0,C3_0,C3_0,C6_0,C6_0,B,A,C0_0-1,A,C0_0-1).
(r29) p26(A,B) :- inv0(C0_0,C1_0-1,C1_0-1,C3_0-1,C,C2_0,A,C0_0-1,C0_0-1,C0_0,C3_0-1,C,C2_0,C1_0,C1_0,C3_0,C3_0,B,A,C0_0-1,A,C0_0-1,A,C0_0-1).
(r30) p94(A,B) :- inv0(A,C0_0,C0_0,C1_0-1,C1_0,C4_0,C1_0-1,C2_0,C2_0,C,C,C1_0,C4_0,C3_0,C3_0,C5_0,C5_0,B,C1_0-1,C2_0,C1_0-1,C2_0,C1_0-1,C2_0).
(r31) p360(A,B) :- inv0(A,C0_0-1,C0_0,C1_0-1,C1_0,C3_0,C0_0-1,C0_0,C1_0-1,C,C,C2_0,C2_0,C1_0,C3_0,C7_0,C7_0,B,C0_0-1,C0_0,C0_0-1,C0_0,C0_0-1,C0_0).
(r32) p9(A,B) :- inv0(A,C,C1_0,C3_0,A,C,C,C1_0-1,C1_0-1,C1_0,C3_0,C2_0,C2_0,C4_0,C4_0,B,C,C1_0-1,C,C1_0-1,C,C1_0-1,C,C1_0-1).
(r33) p10(A,B) :- inv0(C,C1_0-1,C2_0,C4_0,C,C1_0-1,A,C,C1_0-1,C1_0,C1_0,C3_0,C3_0,C2_0,C4_0,B,A,C,A,C,A,C,A,C).
(r34) p47(A,B) :- inv0(C,C1_0,C1_0,C3_0-1,C,C1_0,A,C0_0,C0_0,C,C3_0-1,C3_0,C3_0,C4_0,C4_0,B,A,C0_0,A,C0_0,A,C0_0,A,C0_0).
(r35) p169(A,B) :- inv0(A,C,C,C1_0-1,C2_0,C4_0,C1_0-1,C1_0,C1_0,C3_0,C3_0,C2_0,C4_0,B,C1_0-1,C1_0,C1_0-1,C1_0,C1_0-1,C1_0,C1_0-1,C1_0,C1_0-1,C1_0).
(r36) p1942(A,B) :- inv0(C,C1_0-1,C1_0,C3_0,C2_0,C4_0,A,C,C1_0-1,C1_0,C3_0,C2_0,C4_0,B,A,C,A,C,A,C,A,C,A,C).
(r37) p17(A,B) :- inv0(C,C2_0,C3_0,C5_0,C,C2_0,A,C0_0,C0_0,C,C2_0,C1_0,C1_0,C4_0,C4_0,C3_0,C5_0,B,A,C0_0,A,C0_0,A,C0_0).
(r38) p54(A,B) :- inv0(A,C0_0,C1_0,C4_0,A,C0_0,C0_0,C,C,C2_0,C2_0,C1_0,C4_0,C3_0,C3_0,C5_0,C5_0,B,C0_0,C,C0_0,C,C0_0,C).
(r39) p173(A,B) :- inv0(C,C1_0,C1_0,C4_0,C,C1_0,A,C0_0,C0_0,C1_0-1,C1_0-1,C,C4_0,C3_0,C3_0,C5_0,C5_0,B,A,C0_0,A,C0_0,A,C0_0).
(r40) p736(A,B) :- inv0(A,C0_0,C0_0,C1_0-1,C1_0,C3_0,C1_0-1,C2_0-1,C2_0-1,C,C,C2_0,C2_0,C1_0,C3_0,B,C1_0-1,C2_0-1,C1_0-1,C2_0-1,C1_0-1,C2_0-1,C1_0-1,C2_0-1).
(r41) p21(A,B) :- inv0(C0_0,C1_0-1,C1_0,C6_0,C0_0,C1_0-1,A,C0_0-1,C0_0-1,C0_0,C1_0-1,C,C,C2_0,C2_0,C1_0,C6_0,C3_0,C3_0,C7_0,C7_0,B,A,C0_0-1).
(r42) p175(A,B) :- inv0(A,C0_0,C1_0-1,C2_0,C1_0,C4_0,C0_0,C1_0-2,C1_0-2,C1_0-1,C2_0,C,C,C1_0,C4_0,C3_0,C3_0,C5_0,C5_0,B,C0_0,C1_0-2,C0_0,C1_0-2).
(r43) p409(A,B) :- inv0(A,C0_0,C0_0,C1_0-1,C1_0,C5_0,C1_0-1,C2_0-1,C2_0-1,C,C,C2_0,C2_0,C1_0,C5_0,C3_0,C3_0,C6_0,C6_0,B,C1_0-1,C2_0-1,C1_0-1,C2_0-1).
(r44) p495(A,B) :- inv0(C0_0,C1_0-1,C1_0-1,C3_0-1,C1_0,C3_0,A,C0_0-1,C0_0-1,C0_0,C3_0-1,C,C,C2_0,C2_0,C1_0,C3_0,C7_0,C7_0,B,A,C0_0-1,A,C0_0-1).
(r45) p75(A,B) :- inv0(A,C0_0-1,C1_0-1,C3_0-1,C3_0,C6_0,C0_0-1,C0_0,C0_0,C2_0,C2_0,C1_0-1,C3_0-1,C,C,C1_0,C1_0,C5_0,C5_0,C3_0,C6_0,B,C0_0-1,C0_0).
(r46) p76(A,B) :- inv0(C1_0-1,C3_0-1,C1_0,C3_0,C1_0-1,C3_0-1,A,C0_0-1,C0_0-1,C0_0,C0_0,C2_0-1,C2_0-1,C1_0-1,C3_0-1,C,C,C2_0,C2_0,C1_0,C3_0,C7_0,C7_0,B).
(r47) p1420(A,B) :- inv0(C0_0,C1_0-1,C1_0-1,C3_0-1,C1_0,C6_0,A,C0_0-1,C0_0-1,C0_0,C3_0-1,C,C,C2_0,C2_0,C1_0,C6_0,C3_0,C3_0,C7_0,C7_0,B,A,C0_0-1).
(r48) p86(A,B) :- inv0(C0_0,C2_0-1,C1_0-1,C3_0-1,C1_0,C6_0,A,C0_0-1,C0_0-1,C0_0,C2_0-1,C1_0-1,C3_0-1,C,C,C2_0,C2_0,C1_0,C6_0,C3_0,C3_0,C7_0,C7_0,B).
(r49) p675(A,B) :- inv0(A,C0_0-1,C1_0-1,C3_0-1,C1_0,C6_0,C0_0-1,C0_0,C0_0,C2_0-1,C2_0-1,C1_0-1,C3_0-1,C,C,C2_0,C2_0,C1_0,C6_0,C3_0,C3_0,C7_0,C7_0,B).
====================
