number of rules: 45
program size: 326
(r1) p10(A,B) :- right(A,C), place1(C,B).
(r2) p36(A,B) :- place1(A,C), place1(C,B).
(r3) p2(A,B) :- place1(A,C0_0), place1(C0_0,C), right(C,C1_0), place1(C1_0,B).
(r4) p13(A,B) :- right(A,C), right(C,C1_0), place1(C1_0,C2_0), place1(C2_0,B).
(r5) p76(A,B) :- right(A,C0_0), place1(C0_0,C), place1(C,C1_0), place1(C1_0,B).
(r6) p100(A,B) :- place1(A,C), right(C,C1_0), right(C1_0,C2_0), place1(C2_0,B).
(r7) p209(A,B) :- right(A,C0_0), place1(C0_0,C), right(C,C1_0), place1(C1_0,B).
(r8) p2163(A,B) :- right(A,C), right(C,C1_0), right(C1_0,C2_0), place1(C2_0,B).
(r9) p2202(A,B) :- place1(A,C0_0), place1(C0_0,C), place1(C,C1_0), place1(C1_0,B).
(r10) p7(A,B) :- right(A,C), right(C,C1_0), place1(C1_0,B).
(r11) p20(A,B) :- place1(A,C), right(C,C1_0), place1(C1_0,B).
(r12) p55(A,B) :- right(A,C), place1(C,C1_0), place1(C1_0,B).
(r13) p59(A,B) :- place1(A,C), place1(C,C1_0), place1(C1_0,B).
(r14) p85(A,B) :- place1(A,C), right(C,C1_0-1), place1(C1_0-1,C1_0), place1(C1_0,C2_0), place1(C2_0,B).
(r15) p94(A,B) :- right(A,C), right(C,C1_0-1), place1(C1_0-1,C1_0), place1(C1_0,C2_0), place1(C2_0,B).
(r16) p114(A,B) :- right(A,C), place1(C,C1_0-1), place1(C1_0-1,C1_0), right(C1_0,C2_0), place1(C2_0,B).
(r17) p154(A,B) :- place1(A,C), right(C,C1_0-1), place1(C1_0-1,C1_0), right(C1_0,C2_0), place1(C2_0,B).
(r18) p2735(A,B) :- right(A,C), place1(C,C1_0-1), place1(C1_0-1,C1_0), place1(C1_0,C2_0), place1(C2_0,B).
(r19) p178(A,B) :- place1(A,C), right(C,C1_0), right(C1_0,C2_0), place1(C2_0,C3_0), place1(C3_0,B).
(r20) p750(A,B) :- right(A,C0_0), place1(C0_0,C), right(C,C2_0), place1(C2_0,C1_0), place1(C1_0,C3_0), place1(C3_0,B).
(r21) p820(A,B) :- right(A,C0_0), place1(C0_0,C), right(C,C2_0), place1(C2_0,C1_0), right(C1_0,C3_0), place1(C3_0,B).
(r22) p48(A,B) :- place1(A,C0_0), place1(C0_0,C), place1(C,C1_0), right(C1_0,C3_0), right(C3_0,C4_0), place1(C4_0,B).
(r23) p156(A,B) :- right(A,C), right(C,C1_0), place1(C1_0,C2_0-1), place1(C2_0-1,C2_0), place1(C2_0,C3_0), place1(C3_0,B).
(r24) p180(A,B) :- place1(A,C), place1(C,C1_0-1), place1(C1_0-1,C1_0), right(C1_0,C2_0), place1(C2_0,C4_0), place1(C4_0,B).
(r25) p236(A,B) :- right(A,C0_0), place1(C0_0,C), right(C,C1_0), right(C1_0,C3_0), place1(C3_0,C4_0), place1(C4_0,B).
(r26) p2847(A,B) :- place1(A,C0_0), right(C0_0,C1_0-1), right(C1_0-1,C2_0), place1(C2_0,C), right(C,C1_0), place1(C1_0,B).
(r27) p0(A,B) :- right(A,C0_0), right(C0_0,C1_0-1), place1(C1_0-1,C), right(C,C1_0), place1(C1_0,C4_0), place1(C4_0,C3_0), place1(C3_0,C5_0), place1(C5_0,B).
(r28) p9(A,B) :- place1(A,C0_0), place1(C0_0,C), right(C,C2_0), place1(C2_0,C1_0), right(C1_0,C4_0), place1(C4_0,C3_0), place1(C3_0,C5_0), place1(C5_0,B).
(r29) p136(A,B) :- place1(A,C0_0), place1(C0_0,C1_0-1), place1(C1_0-1,C), right(C,C1_0), right(C1_0,C4_0), place1(C4_0,C3_0), place1(C3_0,C5_0), place1(C5_0,B).
(r30) p143(A,B) :- right(A,C0_0), place1(C0_0,C1_0-1), place1(C1_0-1,C), right(C,C2_0), place1(C2_0,C1_0), right(C1_0,C3_0), place1(C3_0,C6_0), place1(C6_0,B).
(r31) p4(A,B) :- right(A,C0_0), place1(C0_0,C1_0-2), place1(C1_0-2,C1_0-1), right(C1_0-1,C2_0), place1(C2_0,C), place1(C,C1_0), right(C1_0,C3_0), place1(C3_0,C5_0), place1(C5_0,B).
(r32) p37(A,B) :- place1(A,C0_0), place1(C0_0,C1_0-2), place1(C1_0-2,C1_0-1), right(C1_0-1,C2_0), place1(C2_0,C), place1(C,C1_0), right(C1_0,C3_0), right(C3_0,C5_0), place1(C5_0,B).
(r33) p39(A,B) :- place1(A,C0_0-1), place1(C0_0-1,C0_0), right(C0_0,C1_0-1), place1(C1_0-1,C), place1(C,C2_0), place1(C2_0,C1_0), right(C1_0,C3_0), place1(C3_0,C7_0), place1(C7_0,B).
(r34) p600(A,B) :- right(A,C0_0), right(C0_0,C1_0-1), place1(C1_0-1,C2_0), place1(C2_0,C), place1(C,C1_0), right(C1_0,C4_0), place1(C4_0,C3_0), place1(C3_0,C5_0), place1(C5_0,B).
(r35) p15(A,B) :- place1(A,C0_0), place1(C0_0,C), place1(C,C1_0), right(C1_0,C3_0-1), place1(C3_0-1,C3_0), right(C3_0,C4_0), place1(C4_0,B).
(r36) p28(A,B) :- place1(A,C0_0), place1(C0_0,C1_0-1), place1(C1_0-1,C), right(C,C1_0), right(C1_0,C3_0), place1(C3_0,C5_0), place1(C5_0,B).
(r37) p57(A,B) :- right(A,C0_0), place1(C0_0,C), place1(C,C1_0), right(C1_0,C3_0-1), place1(C3_0-1,C3_0), place1(C3_0,C4_0), place1(C4_0,B).
(r38) p133(A,B) :- right(A,C), right(C,C1_0-1), place1(C1_0-1,C1_0), right(C1_0,C3_0), place1(C3_0,C2_0), place1(C2_0,C4_0), place1(C4_0,B).
(r39) p652(A,B) :- place1(A,C), right(C,C1_0-1), place1(C1_0-1,C1_0), right(C1_0,C3_0), place1(C3_0,C2_0), right(C2_0,C4_0), place1(C4_0,B).
(r40) p22(A,B) :- place1(A,C0_0-1), place1(C0_0-1,C0_0), right(C0_0,C1_0-1), place1(C1_0-1,C3_0-1), place1(C3_0-1,C), place1(C,C1_0), right(C1_0,C5_0), place1(C5_0,C3_0), place1(C3_0,C6_0), place1(C6_0,B).
(r41) p592(A,B) :- place1(A,C0_0), right(C0_0,C1_0-2), place1(C1_0-2,C1_0-1), place1(C1_0-1,C2_0), place1(C2_0,C), right(C,C1_0), right(C1_0,C4_0), place1(C4_0,C3_0), place1(C3_0,C5_0), place1(C5_0,B).
(r42) p856(A,B) :- right(A,C0_0-1), place1(C0_0-1,C0_0), place1(C0_0,C1_0-1), place1(C1_0-1,C), right(C,C2_0), place1(C2_0,C1_0), right(C1_0,C6_0), place1(C6_0,C3_0), place1(C3_0,C7_0), place1(C7_0,B).
(r43) p1086(A,B) :- right(A,C0_0), right(C0_0,C1_0-2), place1(C1_0-2,C1_0-1), place1(C1_0-1,C2_0), place1(C2_0,C), right(C,C1_0), place1(C1_0,C4_0), place1(C4_0,C3_0), place1(C3_0,C5_0), place1(C5_0,B).
(r44) p457(A,B) :- place1(A,C0_0), place1(C0_0,C1_0-2), place1(C1_0-2,C1_0-1), right(C1_0-1,C2_0-1), place1(C2_0-1,C), right(C,C2_0), place1(C2_0,C1_0), right(C1_0,C5_0), place1(C5_0,C3_0), place1(C3_0,C6_0), place1(C6_0,B).
(r45) p633(A,B) :- right(A,C0_0-1), place1(C0_0-1,C0_0), place1(C0_0,C2_0-1), place1(C2_0-1,C1_0-1), right(C1_0-1,C3_0-1), place1(C3_0-1,C), place1(C,C2_0), place1(C2_0,C1_0), right(C1_0,C3_0), place1(C3_0,C7_0), place1(C7_0,B).
====================
CP-SAT solving...
number of rules: 47
program size: 109
(inv0) inv0(X1,X2,X3,X4,X5,X6,X7,X8,X9,X10,X11,X12,X13,X14,X15,X16,X17,X18,X19,X20,X21,X22) :- right(X1,X2), right(X3,X4), right(X5,X6), place1(X7,X8), place1(X9,X10), place1(X11,X12), place1(X13,X14), place1(X15,X16), place1(X17,X18), place1(X19,X20), place1(X21,X22).
(inv1) inv1() :- .
(r1) p10(A,B) :- inv0(A,C,A,C,A,C,C,B,C,B,C,B,C,B,C,B,C,B,C,B,C,B).
(r2) p36(A,B) :- place1(A,C), place1(C,B).
(r3) p2(A,B) :- inv0(C,C1_0,C,C1_0,C,C1_0,A,C0_0,C0_0,C,C1_0,B,A,C0_0,A,C0_0,A,C0_0,A,C0_0,A,C0_0).
(r4) p13(A,B) :- inv0(A,C,C,C1_0,A,C,C1_0,C2_0,C2_0,B,C1_0,C2_0,C1_0,C2_0,C1_0,C2_0,C1_0,C2_0,C1_0,C2_0,C1_0,C2_0).
(r5) p76(A,B) :- inv0(A,C0_0,A,C0_0,A,C0_0,C0_0,C,C,C1_0,C1_0,B,C0_0,C,C0_0,C,C0_0,C,C0_0,C,C0_0,C).
(r6) p100(A,B) :- inv0(C,C1_0,C1_0,C2_0,C,C1_0,A,C,C2_0,B,A,C,A,C,A,C,A,C,A,C,A,C).
(r7) p209(A,B) :- inv0(A,C0_0,C,C1_0,A,C0_0,C0_0,C,C1_0,B,C0_0,C,C0_0,C,C0_0,C,C0_0,C,C0_0,C,C0_0,C).
(r8) p2163(A,B) :- inv0(A,C,C,C1_0,C1_0,C2_0,C2_0,B,C2_0,B,C2_0,B,C2_0,B,C2_0,B,C2_0,B,C2_0,B,C2_0,B).
(r9) p2202(A,B) :- place1(A,C0_0), place1(C0_0,C), place1(C,C1_0), place1(C1_0,B).
(r10) p7(A,B) :- inv0(A,C,C,C1_0,A,C,C1_0,B,C1_0,B,C1_0,B,C1_0,B,C1_0,B,C1_0,B,C1_0,B,C1_0,B).
(r11) p20(A,B) :- inv0(C,C1_0,C,C1_0,C,C1_0,A,C,C1_0,B,A,C,A,C,A,C,A,C,A,C,A,C).
(r12) p55(A,B) :- inv0(A,C,A,C,A,C,C,C1_0,C1_0,B,C,C1_0,C,C1_0,C,C1_0,C,C1_0,C,C1_0,C,C1_0).
(r13) p59(A,B) :- place1(A,C), place1(C,C1_0), place1(C1_0,B).
(r14) p85(A,B) :- inv0(C,C1_0-1,C,C1_0-1,C,C1_0-1,A,C,C1_0-1,C1_0,C1_0,C2_0,C2_0,B,A,C,A,C,A,C,A,C).
(r15) p94(A,B) :- inv0(A,C,C,C1_0-1,A,C,C1_0-1,C1_0,C1_0,C2_0,C2_0,B,C1_0-1,C1_0,C1_0-1,C1_0,C1_0-1,C1_0,C1_0-1,C1_0,C1_0-1,C1_0).
(r16) p114(A,B) :- inv0(A,C,C1_0,C2_0,A,C,C,C1_0-1,C1_0-1,C1_0,C2_0,B,C,C1_0-1,C,C1_0-1,C,C1_0-1,C,C1_0-1,C,C1_0-1).
(r17) p154(A,B) :- inv0(C,C1_0-1,C1_0,C2_0,C,C1_0-1,A,C,C1_0-1,C1_0,C2_0,B,A,C,A,C,A,C,A,C,A,C).
(r18) p2735(A,B) :- inv0(A,C,A,C,A,C,C,C1_0-1,C1_0-1,C1_0,C1_0,C2_0,C2_0,B,C,C1_0-1,C,C1_0-1,C,C1_0-1,C,C1_0-1).
(r19) p178(A,B) :- inv0(C,C1_0,C1_0,C2_0,C,C1_0,A,C,C2_0,C3_0,C3_0,B,A,C,A,C,A,C,A,C,A,C).
(r20) p750(A,B) :- inv0(A,C0_0,C,C2_0,A,C0_0,C0_0,C,C2_0,C1_0,C1_0,C3_0,C3_0,B,C0_0,C,C0_0,C,C0_0,C,C0_0,C).
(r21) p820(A,B) :- inv0(A,C0_0,C,C2_0,C1_0,C3_0,C0_0,C,C2_0,C1_0,C3_0,B,C0_0,C,C0_0,C,C0_0,C,C0_0,C,C0_0,C).
(r22) p48(A,B) :- inv0(C1_0,C3_0,C3_0,C4_0,C1_0,C3_0,A,C0_0,C0_0,C,C,C1_0,C4_0,B,A,C0_0,A,C0_0,A,C0_0,A,C0_0).
(r23) p156(A,B) :- inv0(A,C,C,C1_0,A,C,C1_0,C2_0-1,C2_0-1,C2_0,C2_0,C3_0,C3_0,B,C1_0,C2_0-1,C1_0,C2_0-1,C1_0,C2_0-1,C1_0,C2_0-1).
(r24) p180(A,B) :- inv0(C1_0,C2_0,C1_0,C2_0,C1_0,C2_0,A,C,C,C1_0-1,C1_0-1,C1_0,C2_0,C4_0,C4_0,B,A,C,A,C,A,C).
(r25) p236(A,B) :- inv0(A,C0_0,C,C1_0,C1_0,C3_0,C0_0,C,C3_0,C4_0,C4_0,B,C0_0,C,C0_0,C,C0_0,C,C0_0,C,C0_0,C).
(r26) p2847(A,B) :- inv0(C0_0,C1_0-1,C1_0-1,C2_0,C,C1_0,A,C0_0,C2_0,C,C1_0,B,A,C0_0,A,C0_0,A,C0_0,A,C0_0,A,C0_0).
(r27) p0(A,B) :- inv0(A,C0_0,C0_0,C1_0-1,C,C1_0,C1_0-1,C,C1_0,C4_0,C4_0,C3_0,C3_0,C5_0,C5_0,B,C1_0-1,C,C1_0-1,C,C1_0-1,C).
(r28) p9(A,B) :- inv0(C,C2_0,C1_0,C4_0,C,C2_0,A,C0_0,C0_0,C,C2_0,C1_0,C4_0,C3_0,C3_0,C5_0,C5_0,B,A,C0_0,A,C0_0).
(r29) p136(A,B) :- inv0(C,C1_0,C1_0,C4_0,C,C1_0,A,C0_0,C0_0,C1_0-1,C1_0-1,C,C4_0,C3_0,C3_0,C5_0,C5_0,B,A,C0_0,A,C0_0).
(r30) p143(A,B) :- inv0(A,C0_0,C,C2_0,C1_0,C3_0,C0_0,C1_0-1,C1_0-1,C,C2_0,C1_0,C3_0,C6_0,C6_0,B,C0_0,C1_0-1,C0_0,C1_0-1,C0_0,C1_0-1).
(r31) p4(A,B) :- inv0(A,C0_0,C1_0-1,C2_0,C1_0,C3_0,C0_0,C1_0-2,C1_0-2,C1_0-1,C2_0,C,C,C1_0,C3_0,C5_0,C5_0,B,C0_0,C1_0-2,C0_0,C1_0-2).
(r32) p37(A,B) :- inv0(C1_0-1,C2_0,C1_0,C3_0,C3_0,C5_0,A,C0_0,C0_0,C1_0-2,C1_0-2,C1_0-1,C2_0,C,C,C1_0,C5_0,B,A,C0_0,A,C0_0).
(r33) p39(A,B) :- inv0(C0_0,C1_0-1,C1_0,C3_0,C0_0,C1_0-1,A,C0_0-1,C0_0-1,C0_0,C1_0-1,C,C,C2_0,C2_0,C1_0,C3_0,C7_0,C7_0,B,A,C0_0-1).
(r34) p600(A,B) :- inv0(A,C0_0,C0_0,C1_0-1,C1_0,C4_0,C1_0-1,C2_0,C2_0,C,C,C1_0,C4_0,C3_0,C3_0,C5_0,C5_0,B,C1_0-1,C2_0,C1_0-1,C2_0).
(r35) p15(A,B) :- inv0(C1_0,C3_0-1,C3_0,C4_0,C1_0,C3_0-1,A,C0_0,C0_0,C,C,C1_0,C3_0-1,C3_0,C4_0,B,A,C0_0,A,C0_0,A,C0_0).
(r36) p28(A,B) :- inv0(C,C1_0,C1_0,C3_0,C,C1_0,A,C0_0,C0_0,C1_0-1,C1_0-1,C,C3_0,C5_0,C5_0,B,A,C0_0,A,C0_0,A,C0_0).
(r37) p57(A,B) :- inv0(A,C0_0,C1_0,C3_0-1,A,C0_0,C0_0,C,C,C1_0,C3_0-1,C3_0,C3_0,C4_0,C4_0,B,C0_0,C,C0_0,C,C0_0,C).
(r38) p133(A,B) :- inv0(A,C,C,C1_0-1,C1_0,C3_0,C1_0-1,C1_0,C3_0,C2_0,C2_0,C4_0,C4_0,B,C1_0-1,C1_0,C1_0-1,C1_0,C1_0-1,C1_0,C1_0-1,C1_0).
(r39) p652(A,B) :- inv0(C,C1_0-1,C1_0,C3_0,C2_0,C4_0,A,C,C1_0-1,C1_0,C3_0,C2_0,C4_0,B,A,C,A,C,A,C,A,C).
(r40) p22(A,B) :- inv0(C0_0,C1_0-1,C1_0,C5_0,C0_0,C1_0-1,A,C0_0-1,C0_0-1,C0_0,C1_0-1,C3_0-1,C3_0-1,C,C,C1_0,C5_0,C3_0,C3_0,C6_0,C6_0,B).
(r41) p592(A,B) :- inv0(C0_0,C1_0-2,C,C1_0,C1_0,C4_0,A,C0_0,C1_0-2,C1_0-1,C1_0-1,C2_0,C2_0,C,C4_0,C3_0,C3_0,C5_0,C5_0,B,A,C0_0).
(r42) p856(A,B) :- inv0(A,C0_0-1,C,C2_0,C1_0,C6_0,C0_0-1,C0_0,C0_0,C1_0-1,C1_0-1,C,C2_0,C1_0,C6_0,C3_0,C3_0,C7_0,C7_0,B,C0_0-1,C0_0).
(r43) p1086(A,B) :- inv0(A,C0_0,C0_0,C1_0-2,C,C1_0,C1_0-2,C1_0-1,C1_0-1,C2_0,C2_0,C,C1_0,C4_0,C4_0,C3_0,C3_0,C5_0,C5_0,B,C1_0-2,C1_0-1).
(r44) p457(A,B) :- inv0(C1_0-1,C2_0-1,C,C2_0,C1_0,C5_0,A,C0_0,C0_0,C1_0-2,C1_0-2,C1_0-1,C2_0-1,C,C2_0,C1_0,C5_0,C3_0,C3_0,C6_0,C6_0,B).
(r45) p633(A,B) :- inv0(A,C0_0-1,C1_0-1,C3_0-1,C1_0,C3_0,C0_0-1,C0_0,C0_0,C2_0-1,C2_0-1,C1_0-1,C3_0-1,C,C,C2_0,C2_0,C1_0,C3_0,C7_0,C7_0,B).
====================
