number of rules: 48
program size: 388
(r1) p0(A,B) :- place1(A,C), place1(C,B).
(r2) p43(A,B) :- right(A,C), place1(C,B).
(r3) p3(A,B) :- place1(A,C0_0), place1(C0_0,C), right(C,C1_0), place1(C1_0,B).
(r4) p61(A,B) :- right(A,C0_0), place1(C0_0,C), right(C,C1_0), place1(C1_0,B).
(r5) p67(A,B) :- place1(A,C), right(C,C1_0), right(C1_0,C2_0), place1(C2_0,B).
(r6) p72(A,B) :- right(A,C), right(C,C1_0), place1(C1_0,C2_0), place1(C2_0,B).
(r7) p419(A,B) :- right(A,C0_0), place1(C0_0,C), place1(C,C1_0), place1(C1_0,B).
(r8) p612(A,B) :- place1(A,C0_0), place1(C0_0,C), place1(C,C1_0), place1(C1_0,B).
(r9) p4(A,B) :- place1(A,C0_0), place1(C0_0,C), right(C,C1_0), place1(C1_0,C3_0), place1(C3_0,B).
(r10) p84(A,B) :- right(A,C0_0), place1(C0_0,C), right(C,C1_0), right(C1_0,C3_0), place1(C3_0,B).
(r11) p94(A,B) :- right(A,C), place1(C,C1_0-1), place1(C1_0-1,C1_0), right(C1_0,C2_0), place1(C2_0,B).
(r12) p97(A,B) :- right(A,C), right(C,C1_0-1), place1(C1_0-1,C1_0), place1(C1_0,C2_0), place1(C2_0,B).
(r13) p198(A,B) :- place1(A,C0_0), place1(C0_0,C), right(C,C1_0), right(C1_0,C3_0), place1(C3_0,B).
(r14) p314(A,B) :- place1(A,C), right(C,C1_0-1), place1(C1_0-1,C1_0), right(C1_0,C2_0), place1(C2_0,B).
(r15) p17(A,B) :- right(A,C0_0), place1(C0_0,C), place1(C,C2_0), place1(C2_0,C1_0), right(C1_0,C3_0), place1(C3_0,B).
(r16) p30(A,B) :- place1(A,C0_0), right(C0_0,C1_0-1), place1(C1_0-1,C), place1(C,C1_0), right(C1_0,C3_0), place1(C3_0,B).
(r17) p56(A,B) :- place1(A,C0_0), place1(C0_0,C), right(C,C1_0), right(C1_0,C3_0), place1(C3_0,C4_0), place1(C4_0,B).
(r18) p308(A,B) :- right(A,C), right(C,C1_0), right(C1_0,C2_0-1), place1(C2_0-1,C2_0), place1(C2_0,C3_0), place1(C3_0,B).
(r19) p768(A,B) :- right(A,C), right(C,C1_0-1), place1(C1_0-1,C1_0), right(C1_0,C2_0), place1(C2_0,C4_0), place1(C4_0,B).
(r20) p25(A,B) :- place1(A,C), right(C,C1_0), place1(C1_0,B).
(r21) p103(A,B) :- place1(A,C), place1(C,C1_0), place1(C1_0,B).
(r22) p108(A,B) :- right(A,C), right(C,C1_0), place1(C1_0,B).
(r23) p141(A,B) :- right(A,C), place1(C,C1_0), place1(C1_0,B).
(r24) p263(A,B) :- place1(A,C0_0-1), place1(C0_0-1,C0_0), right(C0_0,C1_0-1), place1(C1_0-1,C), place1(C,C2_0), place1(C2_0,C1_0), right(C1_0,C3_0), place1(C3_0,B).
(r25) p634(A,B) :- right(A,C0_0-1), place1(C0_0-1,C0_0), place1(C0_0,C1_0-1), place1(C1_0-1,C), right(C,C2_0), place1(C2_0,C1_0), place1(C1_0,C3_0), place1(C3_0,B).
(r26) p29(A,B) :- place1(A,C0_0), right(C0_0,C1_0-1), place1(C1_0-1,C2_0), place1(C2_0,C), right(C,C1_0), right(C1_0,C3_0), place1(C3_0,C5_0), place1(C5_0,B).
(r27) p577(A,B) :- right(A,C0_0), place1(C0_0,C1_0-1), place1(C1_0-1,C), right(C,C1_0), right(C1_0,C4_0), place1(C4_0,C3_0), place1(C3_0,C5_0), place1(C5_0,B).
(r28) p1(A,B) :- place1(A,C), place1(C,C1_0-1), place1(C1_0-1,C1_0), right(C1_0,C3_0), place1(C3_0,C2_0), place1(C2_0,C4_0), place1(C4_0,B).
(r29) p21(A,B) :- right(A,C0_0), place1(C0_0,C), place1(C,C2_0), place1(C2_0,C1_0), right(C1_0,C3_0), place1(C3_0,C5_0), place1(C5_0,B).
(r30) p31(A,B) :- right(A,C), right(C,C1_0-1), place1(C1_0-1,C1_0), place1(C1_0,C3_0), place1(C3_0,C2_0), right(C2_0,C4_0), place1(C4_0,B).
(r31) p80(A,B) :- place1(A,C0_0), place1(C0_0,C1_0-1), place1(C1_0-1,C), right(C,C1_0), right(C1_0,C3_0), place1(C3_0,C5_0), place1(C5_0,B).
(r32) p615(A,B) :- place1(A,C0_0), right(C0_0,C1_0-1), place1(C1_0-1,C), right(C,C2_0), place1(C2_0,C1_0), right(C1_0,C3_0), place1(C3_0,B).
(r33) p2(A,B) :- place1(A,C), place1(C,C1_0-2), place1(C1_0-2,C1_0-1), right(C1_0-1,C2_0-1), place1(C2_0-1,C1_0), place1(C1_0,C3_0), place1(C3_0,C2_0), right(C2_0,C4_0), place1(C4_0,B).
(r34) p34(A,B) :- right(A,C0_0), place1(C0_0,C1_0-1), place1(C1_0-1,C), place1(C,C2_0), right(C2_0,C4_0), place1(C4_0,C1_0), place1(C1_0,C3_0), right(C3_0,C6_0), place1(C6_0,B).
(r35) p69(A,B) :- right(A,C0_0-1), place1(C0_0-1,C0_0), place1(C0_0,C1_0-1), place1(C1_0-1,C), right(C,C1_0), right(C1_0,C5_0), place1(C5_0,C3_0), place1(C3_0,C6_0), place1(C6_0,B).
(r36) p542(A,B) :- place1(A,C0_0-1), place1(C0_0-1,C0_0), right(C0_0,C1_0-1), place1(C1_0-1,C3_0-1), place1(C3_0-1,C), right(C,C1_0), right(C1_0,C3_0), place1(C3_0,C6_0), place1(C6_0,B).
(r37) p8(A,B) :- place1(A,C0_0), place1(C0_0,C1_0-2), place1(C1_0-2,C1_0-1), right(C1_0-1,C2_0-1), place1(C2_0-1,C), place1(C,C2_0), right(C2_0,C4_0), place1(C4_0,C1_0), place1(C1_0,C3_0), right(C3_0,C6_0), place1(C6_0,B).
(r38) p377(A,B) :- place1(A,C0_0-1), place1(C0_0-1,C0_0), right(C0_0,C1_0-1), right(C1_0-1,C3_0-1), place1(C3_0-1,C), place1(C,C2_0), place1(C2_0,C1_0), right(C1_0,C6_0), place1(C6_0,C3_0), place1(C3_0,C7_0), place1(C7_0,B).
(r39) p456(A,B) :- right(A,C0_0-1), place1(C0_0-1,C1_0-2), place1(C1_0-2,C0_0), right(C0_0,C1_0-1), place1(C1_0-1,C3_0-1), place1(C3_0-1,C), place1(C,C2_0), place1(C2_0,C1_0), right(C1_0,C3_0), place1(C3_0,C7_0), place1(C7_0,B).
(r40) p12(A,B) :- place1(A,C0_0), right(C0_0,C1_0-1), place1(C1_0-1,C2_0-1), place1(C2_0-1,C), place1(C,C2_0), place1(C2_0,C1_0), right(C1_0,C5_0), place1(C5_0,C3_0), right(C3_0,C6_0), place1(C6_0,B).
(r41) p217(A,B) :- right(A,C0_0), right(C0_0,C1_0-1), place1(C1_0-1,C2_0-1), place1(C2_0-1,C), place1(C,C2_0), place1(C2_0,C1_0), right(C1_0,C5_0), place1(C5_0,C3_0), place1(C3_0,C6_0), place1(C6_0,B).
(r42) p255(A,B) :- right(A,C0_0-1), place1(C0_0-1,C0_0), place1(C0_0,C2_0-1), place1(C2_0-1,C1_0-1), right(C1_0-1,C3_0-1), place1(C3_0-1,C), right(C,C2_0), place1(C2_0,C1_0), place1(C1_0,C3_0), place1(C3_0,B).
(r43) p328(A,B) :- place1(A,C0_0), place1(C0_0,C1_0-2), place1(C1_0-2,C1_0-1), right(C1_0-1,C2_0), place1(C2_0,C), right(C,C1_0), right(C1_0,C4_0), place1(C4_0,C3_0), place1(C3_0,C5_0), place1(C5_0,B).
(r44) p26(A,B) :- place1(A,C0_0), place1(C0_0,C), place1(C,C2_0-1), place1(C2_0-1,C2_0), right(C2_0,C3_0-1), place1(C3_0-1,C5_0-1), place1(C5_0-1,C1_0), place1(C1_0,C4_0), place1(C4_0,C3_0), right(C3_0,C5_0), place1(C5_0,C9_0), place1(C9_0,B).
(r45) p182(A,B) :- right(A,C0_0-1), place1(C0_0-1,C1_0-2), place1(C1_0-2,C0_0), right(C0_0,C1_0-1), place1(C1_0-1,C3_0-1), place1(C3_0-1,C), place1(C,C2_0), place1(C2_0,C1_0), right(C1_0,C6_0), place1(C6_0,C3_0), place1(C3_0,C7_0), place1(C7_0,B).
(r46) p106(A,B) :- place1(A,C0_0-1), place1(C0_0-1,C0_0), right(C0_0,C2_0-1), place1(C2_0-1,C1_0-1), place1(C1_0-1,C3_0-1), place1(C3_0-1,C), right(C,C4_0), place1(C4_0,C2_0), place1(C2_0,C5_0), place1(C5_0,C1_0), right(C1_0,C6_0), place1(C6_0,C3_0), place1(C3_0,C7_0), place1(C7_0,B).
(r47) p111(A,B) :- place1(A,C0_0-1), place1(C0_0-1,C0_0), right(C0_0,C1_0-1), place1(C1_0-1,C3_0-1), place1(C3_0-1,C), right(C,C4_0), place1(C4_0,C2_0), place1(C2_0,C5_0), place1(C5_0,C1_0), right(C1_0,C6_0), place1(C6_0,C3_0), place1(C3_0,C7_0), place1(C7_0,B).
(r48) p472(A,B) :- right(A,C0_0-2), place1(C0_0-2,C0_0-1), place1(C0_0-1,C1_0-2), place1(C1_0-2,C0_0), right(C0_0,C2_0), place1(C2_0,C1_0-1), place1(C1_0-1,C3_0-1), place1(C3_0-1,C), place1(C,C1_0), right(C1_0,C5_0), place1(C5_0,C3_0), place1(C3_0,C6_0), place1(C6_0,B).
====================
CP-SAT solving...
number of rules: 50
program size: 116
(inv0) inv0(X1,X2,X3,X4) :- place1(X1,X2), place1(X3,X4).
(inv1) inv1(X1,X2,X3,X4,X5,X6,X7,X8,X9,X10,X11,X12,X13,X14,X15,X16,X17,X18,X19,X20,X21,X22,X23,X24,X25,X26) :- right(X1,X2), right(X3,X4), right(X5,X6), place1(X7,X8), place1(X9,X10), place1(X11,X12), place1(X13,X14), place1(X15,X16), place1(X17,X18), place1(X19,X20), place1(X21,X22), place1(X23,X24), place1(X25,X26).
(r1) p0(A,B) :- inv0(A,C,C,B).
(r2) p43(A,B) :- inv1(A,C,A,C,A,C,C,B,C,B,C,B,C,B,C,B,C,B,C,B,C,B,C,B,C,B).
(r3) p3(A,B) :- inv1(C,C1_0,C,C1_0,C,C1_0,A,C0_0,C0_0,C,C1_0,B,A,C0_0,A,C0_0,A,C0_0,A,C0_0,A,C0_0,A,C0_0,A,C0_0).
(r4) p61(A,B) :- inv1(A,C0_0,C,C1_0,A,C0_0,C0_0,C,C1_0,B,C0_0,C,C0_0,C,C0_0,C,C0_0,C,C0_0,C,C0_0,C,C0_0,C,C0_0,C).
(r5) p67(A,B) :- inv1(C,C1_0,C1_0,C2_0,C,C1_0,A,C,C2_0,B,A,C,A,C,A,C,A,C,A,C,A,C,A,C,A,C).
(r6) p72(A,B) :- inv1(A,C,C,C1_0,A,C,C1_0,C2_0,C2_0,B,C1_0,C2_0,C1_0,C2_0,C1_0,C2_0,C1_0,C2_0,C1_0,C2_0,C1_0,C2_0,C1_0,C2_0,C1_0,C2_0).
(r7) p419(A,B) :- inv1(A,C0_0,A,C0_0,A,C0_0,C0_0,C,C,C1_0,C1_0,B,C0_0,C,C0_0,C,C0_0,C,C0_0,C,C0_0,C,C0_0,C,C0_0,C).
(r8) p612(A,B) :- inv0(A,C0_0,C0_0,C), inv0(C,C1_0,C1_0,B).
(r9) p4(A,B) :- inv1(C,C1_0,C,C1_0,C,C1_0,A,C0_0,C0_0,C,C1_0,C3_0,C3_0,B,A,C0_0,A,C0_0,A,C0_0,A,C0_0,A,C0_0,A,C0_0).
(r10) p84(A,B) :- inv1(A,C0_0,C,C1_0,C1_0,C3_0,C0_0,C,C3_0,B,C0_0,C,C0_0,C,C0_0,C,C0_0,C,C0_0,C,C0_0,C,C0_0,C,C0_0,C).
(r11) p94(A,B) :- inv1(A,C,C1_0,C2_0,A,C,C,C1_0-1,C1_0-1,C1_0,C2_0,B,C,C1_0-1,C,C1_0-1,C,C1_0-1,C,C1_0-1,C,C1_0-1,C,C1_0-1,C,C1_0-1).
(r12) p97(A,B) :- inv1(A,C,C,C1_0-1,A,C,C1_0-1,C1_0,C1_0,C2_0,C2_0,B,C1_0-1,C1_0,C1_0-1,C1_0,C1_0-1,C1_0,C1_0-1,C1_0,C1_0-1,C1_0,C1_0-1,C1_0,C1_0-1,C1_0).
(r13) p198(A,B) :- inv1(C,C1_0,C1_0,C3_0,C,C1_0,A,C0_0,C0_0,C,C3_0,B,A,C0_0,A,C0_0,A,C0_0,A,C0_0,A,C0_0,A,C0_0,A,C0_0).
(r14) p314(A,B) :- inv1(C,C1_0-1,C1_0,C2_0,C,C1_0-1,A,C,C1_0-1,C1_0,C2_0,B,A,C,A,C,A,C,A,C,A,C,A,C,A,C).
(r15) p17(A,B) :- inv1(A,C0_0,C1_0,C3_0,A,C0_0,C0_0,C,C,C2_0,C2_0,C1_0,C3_0,B,C0_0,C,C0_0,C,C0_0,C,C0_0,C,C0_0,C,C0_0,C).
(r16) p30(A,B) :- inv1(C0_0,C1_0-1,C1_0,C3_0,C0_0,C1_0-1,A,C0_0,C1_0-1,C,C,C1_0,C3_0,B,A,C0_0,A,C0_0,A,C0_0,A,C0_0,A,C0_0,A,C0_0).
(r17) p56(A,B) :- inv1(C,C1_0,C1_0,C3_0,C,C1_0,A,C0_0,C0_0,C,C3_0,C4_0,C4_0,B,A,C0_0,A,C0_0,A,C0_0,A,C0_0,A,C0_0,A,C0_0).
(r18) p308(A,B) :- inv1(A,C,C,C1_0,C1_0,C2_0-1,C2_0-1,C2_0,C2_0,C3_0,C3_0,B,C2_0-1,C2_0,C2_0-1,C2_0,C2_0-1,C2_0,C2_0-1,C2_0,C2_0-1,C2_0,C2_0-1,C2_0,C2_0-1,C2_0).
(r19) p768(A,B) :- inv1(A,C,C,C1_0-1,C1_0,C2_0,C1_0-1,C1_0,C2_0,C4_0,C4_0,B,C1_0-1,C1_0,C1_0-1,C1_0,C1_0-1,C1_0,C1_0-1,C1_0,C1_0-1,C1_0,C1_0-1,C1_0,C1_0-1,C1_0).
(r20) p25(A,B) :- inv1(C,C1_0,C,C1_0,C,C1_0,A,C,C1_0,B,A,C,A,C,A,C,A,C,A,C,A,C,A,C,A,C).
(r21) p103(A,B) :- inv0(A,C,C,C1_0), inv0(C1_0,B,A,C).
(r22) p108(A,B) :- inv1(A,C,C,C1_0,A,C,C1_0,B,C1_0,B,C1_0,B,C1_0,B,C1_0,B,C1_0,B,C1_0,B,C1_0,B,C1_0,B,C1_0,B).
(r23) p141(A,B) :- inv1(A,C,A,C,A,C,C,C1_0,C1_0,B,C,C1_0,C,C1_0,C,C1_0,C,C1_0,C,C1_0,C,C1_0,C,C1_0,C,C1_0).
(r24) p263(A,B) :- inv1(C0_0,C1_0-1,C1_0,C3_0,C0_0,C1_0-1,A,C0_0-1,C0_0-1,C0_0,C1_0-1,C,C,C2_0,C2_0,C1_0,C3_0,B,A,C0_0-1,A,C0_0-1,A,C0_0-1,A,C0_0-1).
(r25) p634(A,B) :- inv1(A,C0_0-1,C,C2_0,A,C0_0-1,C0_0-1,C0_0,C0_0,C1_0-1,C1_0-1,C,C2_0,C1_0,C1_0,C3_0,C3_0,B,C0_0-1,C0_0,C0_0-1,C0_0,C0_0-1,C0_0,C0_0-1,C0_0).
(r26) p29(A,B) :- inv1(C0_0,C1_0-1,C,C1_0,C1_0,C3_0,A,C0_0,C1_0-1,C2_0,C2_0,C,C3_0,C5_0,C5_0,B,A,C0_0,A,C0_0,A,C0_0,A,C0_0,A,C0_0).
(r27) p577(A,B) :- inv1(A,C0_0,C,C1_0,C1_0,C4_0,C0_0,C1_0-1,C1_0-1,C,C4_0,C3_0,C3_0,C5_0,C5_0,B,C0_0,C1_0-1,C0_0,C1_0-1,C0_0,C1_0-1,C0_0,C1_0-1,C0_0,C1_0-1).
(r28) p1(A,B) :- inv1(C1_0,C3_0,C1_0,C3_0,C1_0,C3_0,A,C,C,C1_0-1,C1_0-1,C1_0,C3_0,C2_0,C2_0,C4_0,C4_0,B,A,C,A,C,A,C,A,C).
(r29) p21(A,B) :- inv1(A,C0_0,C1_0,C3_0,A,C0_0,C0_0,C,C,C2_0,C2_0,C1_0,C3_0,C5_0,C5_0,B,C0_0,C,C0_0,C,C0_0,C,C0_0,C,C0_0,C).
(r30) p31(A,B) :- inv1(A,C,C,C1_0-1,C2_0,C4_0,C1_0-1,C1_0,C1_0,C3_0,C3_0,C2_0,C4_0,B,C1_0-1,C1_0,C1_0-1,C1_0,C1_0-1,C1_0,C1_0-1,C1_0,C1_0-1,C1_0,C1_0-1,C1_0).
(r31) p80(A,B) :- inv1(C,C1_0,C1_0,C3_0,C,C1_0,A,C0_0,C0_0,C1_0-1,C1_0-1,C,C3_0,C5_0,C5_0,B,A,C0_0,A,C0_0,A,C0_0,A,C0_0,A,C0_0).
(r32) p615(A,B) :- inv1(C0_0,C1_0-1,C,C2_0,C1_0,C3_0,A,C0_0,C1_0-1,C,C2_0,C1_0,C3_0,B,A,C0_0,A,C0_0,A,C0_0,A,C0_0,A,C0_0,A,C0_0).
(r33) p2(A,B) :- inv1(C1_0-1,C2_0-1,C2_0,C4_0,C1_0-1,C2_0-1,A,C,C,C1_0-2,C1_0-2,C1_0-1,C2_0-1,C1_0,C1_0,C3_0,C3_0,C2_0,C4_0,B,A,C,A,C,A,C).
(r34) p34(A,B) :- inv1(A,C0_0,C2_0,C4_0,C3_0,C6_0,C0_0,C1_0-1,C1_0-1,C,C,C2_0,C4_0,C1_0,C1_0,C3_0,C6_0,B,C0_0,C1_0-1,C0_0,C1_0-1,C0_0,C1_0-1,C0_0,C1_0-1).
(r35) p69(A,B) :- inv1(A,C0_0-1,C,C1_0,C1_0,C5_0,C0_0-1,C0_0,C0_0,C1_0-1,C1_0-1,C,C5_0,C3_0,C3_0,C6_0,C6_0,B,C0_0-1,C0_0,C0_0-1,C0_0,C0_0-1,C0_0,C0_0-1,C0_0).
(r36) p542(A,B) :- inv1(C0_0,C1_0-1,C,C1_0,C1_0,C3_0,A,C0_0-1,C0_0-1,C0_0,C1_0-1,C3_0-1,C3_0-1,C,C3_0,C6_0,C6_0,B,A,C0_0-1,A,C0_0-1,A,C0_0-1,A,C0_0-1).
(r37) p8(A,B) :- inv1(C1_0-1,C2_0-1,C2_0,C4_0,C3_0,C6_0,A,C0_0,C0_0,C1_0-2,C1_0-2,C1_0-1,C2_0-1,C,C,C2_0,C4_0,C1_0,C1_0,C3_0,C6_0,B,A,C0_0,A,C0_0).
(r38) p377(A,B) :- inv1(C0_0,C1_0-1,C1_0-1,C3_0-1,C1_0,C6_0,A,C0_0-1,C0_0-1,C0_0,C3_0-1,C,C,C2_0,C2_0,C1_0,C6_0,C3_0,C3_0,C7_0,C7_0,B,A,C0_0-1,A,C0_0-1).
(r39) p456(A,B) :- inv1(A,C0_0-1,C0_0,C1_0-1,C1_0,C3_0,C0_0-1,C1_0-2,C1_0-2,C0_0,C1_0-1,C3_0-1,C3_0-1,C,C,C2_0,C2_0,C1_0,C3_0,C7_0,C7_0,B,C0_0-1,C1_0-2,C0_0-1,C1_0-2).
(r40) p12(A,B) :- inv1(C0_0,C1_0-1,C1_0,C5_0,C3_0,C6_0,A,C0_0,C1_0-1,C2_0-1,C2_0-1,C,C,C2_0,C2_0,C1_0,C5_0,C3_0,C6_0,B,A,C0_0,A,C0_0,A,C0_0).
(r41) p217(A,B) :- inv1(A,C0_0,C0_0,C1_0-1,C1_0,C5_0,C1_0-1,C2_0-1,C2_0-1,C,C,C2_0,C2_0,C1_0,C5_0,C3_0,C3_0,C6_0,C6_0,B,C1_0-1,C2_0-1,C1_0-1,C2_0-1,C1_0-1,C2_0-1).
(r42) p255(A,B) :- inv1(A,C0_0-1,C1_0-1,C3_0-1,C,C2_0,C0_0-1,C0_0,C0_0,C2_0-1,C2_0-1,C1_0-1,C3_0-1,C,C2_0,C1_0,C1_0,C3_0,C3_0,B,C0_0-1,C0_0,C0_0-1,C0_0,C0_0-1,C0_0).
(r43) p328(A,B) :- inv1(C1_0-1,C2_0,C,C1_0,C1_0,C4_0,A,C0_0,C0_0,C1_0-2,C1_0-2,C1_0-1,C2_0,C,C4_0,C3_0,C3_0,C5_0,C5_0,B,A,C0_0,A,C0_0,A,C0_0).
(r44) p26(A,B) :- inv1(C2_0,C3_0-1,C3_0,C5_0,C2_0,C3_0-1,A,C0_0,C0_0,C,C,C2_0-1,C2_0-1,C2_0,C3_0-1,C5_0-1,C5_0-1,C1_0,C1_0,C4_0,C4_0,C3_0,C5_0,C9_0,C9_0,B).
(r45) p182(A,B) :- inv1(A,C0_0-1,C0_0,C1_0-1,C1_0,C6_0,C0_0-1,C1_0-2,C1_0-2,C0_0,C1_0-1,C3_0-1,C3_0-1,C,C,C2_0,C2_0,C1_0,C6_0,C3_0,C3_0,C7_0,C7_0,B,C0_0-1,C1_0-2).
(r46) p106(A,B) :- inv1(C0_0,C2_0-1,C,C4_0,C1_0,C6_0,A,C0_0-1,C0_0-1,C0_0,C2_0-1,C1_0-1,C1_0-1,C3_0-1,C3_0-1,C,C4_0,C2_0,C2_0,C5_0,C5_0,C1_0,C6_0,C3_0,C3_0,C7_0), inv1(C0_0,C2_0-1,C0_0,C2_0-1,C0_0,C2_0-1,C7_0,B,A,C0_0-1,A,C0_0-1,A,C0_0-1,A,C0_0-1,A,C0_0-1,A,C0_0-1,A,C0_0-1,A,C0_0-1,A,C0_0-1).
(r47) p111(A,B) :- inv1(C0_0,C1_0-1,C,C4_0,C1_0,C6_0,A,C0_0-1,C0_0-1,C0_0,C1_0-1,C3_0-1,C3_0-1,C,C4_0,C2_0,C2_0,C5_0,C5_0,C1_0,C6_0,C3_0,C3_0,C7_0,C7_0,B).
(r48) p472(A,B) :- inv1(A,C0_0-2,C0_0,C2_0,C1_0,C5_0,C0_0-2,C0_0-1,C0_0-1,C1_0-2,C1_0-2,C0_0,C2_0,C1_0-1,C1_0-1,C3_0-1,C3_0-1,C,C,C1_0,C5_0,C3_0,C3_0,C6_0,C6_0,B).
====================
