number of rules: 50
program size: 371
(r1) p8(A,B) :- place1(A,C), place1(C,B).
(r2) p67(A,B) :- right(A,C), place1(C,B).
(r3) p0(A,B) :- right(A,C0_0), place1(C0_0,C), place1(C,C1_0), place1(C1_0,B).
(r4) p2(A,B) :- place1(A,C), right(C,C1_0), place1(C1_0,C2_0), place1(C2_0,B).
(r5) p46(A,B) :- place1(A,C), right(C,C1_0), right(C1_0,C2_0), place1(C2_0,B).
(r6) p138(A,B) :- right(A,C), right(C,C1_0), place1(C1_0,C2_0), place1(C2_0,B).
(r7) p160(A,B) :- place1(A,C0_0), place1(C0_0,C), place1(C,C1_0), place1(C1_0,B).
(r8) p244(A,B) :- right(A,C0_0), place1(C0_0,C), right(C,C1_0), place1(C1_0,B).
(r9) p547(A,B) :- right(A,C), right(C,C1_0), right(C1_0,C2_0), place1(C2_0,B).
(r10) p4(A,B) :- place1(A,C0_0), place1(C0_0,C), right(C,C1_0), place1(C1_0,C3_0), place1(C3_0,B).
(r11) p77(A,B) :- right(A,C), place1(C,C1_0-1), place1(C1_0-1,C1_0), place1(C1_0,C2_0), place1(C2_0,B).
(r12) p136(A,B) :- right(A,C), right(C,C1_0-1), place1(C1_0-1,C1_0), place1(C1_0,C2_0), place1(C2_0,B).
(r13) p368(A,B) :- right(A,C), place1(C,C1_0-1), place1(C1_0-1,C1_0), right(C1_0,C2_0), place1(C2_0,B).
(r14) p382(A,B) :- place1(A,C), right(C,C1_0-1), place1(C1_0-1,C1_0), right(C1_0,C2_0), place1(C2_0,B).
(r15) p405(A,B) :- place1(A,C0_0), place1(C0_0,C), right(C,C1_0), right(C1_0,C3_0), place1(C3_0,B).
(r16) p1227(A,B) :- right(A,C), right(C,C1_0-1), place1(C1_0-1,C1_0), right(C1_0,C2_0), place1(C2_0,B).
(r17) p898(A,B) :- place1(A,C), right(C,C1_0), right(C1_0,C2_0), right(C2_0,C3_0), place1(C3_0,B).
(r18) p11(A,B) :- place1(A,C), right(C,C1_0), place1(C1_0,B).
(r19) p44(A,B) :- place1(A,C), place1(C,C1_0), place1(C1_0,B).
(r20) p51(A,B) :- right(A,C), place1(C,C1_0), place1(C1_0,B).
(r21) p159(A,B) :- right(A,C), right(C,C1_0), place1(C1_0,B).
(r22) p963(A,B) :- place1(A,C0_0), place1(C0_0,C), right(C,C2_0), place1(C2_0,C1_0), right(C1_0,C3_0), place1(C3_0,B).
(r23) p80(A,B) :- right(A,C), place1(C,C1_0-1), place1(C1_0-1,C1_0), right(C1_0,C2_0), place1(C2_0,C4_0), place1(C4_0,B).
(r24) p95(A,B) :- right(A,C), right(C,C1_0), place1(C1_0,C2_0-1), place1(C2_0-1,C2_0), place1(C2_0,C3_0), place1(C3_0,B).
(r25) p122(A,B) :- place1(A,C), right(C,C1_0), right(C1_0,C2_0-1), place1(C2_0-1,C2_0), place1(C2_0,C3_0), place1(C3_0,B).
(r26) p175(A,B) :- right(A,C0_0), right(C0_0,C1_0-1), place1(C1_0-1,C), right(C,C1_0), place1(C1_0,C3_0), place1(C3_0,B).
(r27) p501(A,B) :- place1(A,C0_0), right(C0_0,C1_0-1), place1(C1_0-1,C), right(C,C1_0), right(C1_0,C3_0), place1(C3_0,B).
(r28) p2288(A,B) :- right(A,C), place1(C,C1_0), right(C1_0,C2_0-1), place1(C2_0-1,C2_0), right(C2_0,C3_0), place1(C3_0,B).
(r29) p1(A,B) :- place1(A,C0_0), right(C0_0,C1_0-1), right(C1_0-1,C2_0), place1(C2_0,C), place1(C,C1_0), place1(C1_0,C3_0), place1(C3_0,B).
(r30) p15(A,B) :- place1(A,C0_0), right(C0_0,C1_0-1), place1(C1_0-1,C2_0), place1(C2_0,C), place1(C,C1_0), right(C1_0,C3_0), place1(C3_0,B).
(r31) p33(A,B) :- right(A,C0_0), place1(C0_0,C), right(C,C1_0), place1(C1_0,C3_0-1), place1(C3_0-1,C3_0), place1(C3_0,C4_0), place1(C4_0,B).
(r32) p448(A,B) :- right(A,C0_0), right(C0_0,C1_0-1), place1(C1_0-1,C), place1(C,C2_0), place1(C2_0,C1_0), right(C1_0,C3_0), place1(C3_0,B).
(r33) p640(A,B) :- place1(A,C0_0), right(C0_0,C1_0-1), place1(C1_0-1,C), right(C,C2_0), place1(C2_0,C1_0), right(C1_0,C3_0), place1(C3_0,B).
(r34) p1490(A,B) :- right(A,C0_0), right(C0_0,C1_0-1), right(C1_0-1,C2_0), place1(C2_0,C), place1(C,C1_0), place1(C1_0,C3_0), place1(C3_0,B).
(r35) p3(A,B) :- place1(A,C0_0), place1(C0_0,C1_0-2), place1(C1_0-2,C1_0-1), right(C1_0-1,C2_0), place1(C2_0,C), place1(C,C1_0), right(C1_0,C3_0), place1(C3_0,B).
(r36) p21(A,B) :- right(A,C0_0), place1(C0_0,C), place1(C,C2_0), place1(C2_0,C1_0), right(C1_0,C4_0), place1(C4_0,C3_0), place1(C3_0,C5_0), place1(C5_0,B).
(r37) p28(A,B) :- place1(A,C0_0-1), place1(C0_0-1,C0_0), place1(C0_0,C1_0-1), place1(C1_0-1,C), right(C,C1_0), right(C1_0,C3_0), place1(C3_0,C6_0), place1(C6_0,B).
(r38) p302(A,B) :- right(A,C0_0), right(C0_0,C1_0-1), place1(C1_0-1,C), place1(C,C1_0), place1(C1_0,C4_0), place1(C4_0,C3_0), right(C3_0,C5_0), place1(C5_0,B).
(r39) p7(A,B) :- place1(A,C0_0), place1(C0_0,C1_0-2), place1(C1_0-2,C1_0-1), right(C1_0-1,C2_0-1), place1(C2_0-1,C), place1(C,C2_0), place1(C2_0,C1_0), right(C1_0,C3_0), place1(C3_0,B).
(r40) p166(A,B) :- right(A,C0_0), right(C0_0,C1_0-1), place1(C1_0-1,C), place1(C,C2_0), place1(C2_0,C1_0), right(C1_0,C5_0), place1(C5_0,C3_0), place1(C3_0,C6_0), place1(C6_0,B).
(r41) p178(A,B) :- place1(A,C0_0-1), place1(C0_0-1,C0_0), right(C0_0,C1_0-1), right(C1_0-1,C3_0-1), place1(C3_0-1,C), place1(C,C1_0), right(C1_0,C3_0), place1(C3_0,C6_0), place1(C6_0,B).
(r42) p186(A,B) :- right(A,C0_0-1), place1(C0_0-1,C0_0), place1(C0_0,C1_0-1), place1(C1_0-1,C), right(C,C1_0), place1(C1_0,C5_0), place1(C5_0,C3_0), place1(C3_0,C6_0), place1(C6_0,B).
(r43) p31(A,B) :- place1(A,C0_0), place1(C0_0,C1_0-2), place1(C1_0-2,C1_0-1), right(C1_0-1,C2_0), place1(C2_0,C), right(C,C1_0), right(C1_0,C4_0), place1(C4_0,C3_0), place1(C3_0,C5_0), place1(C5_0,B).
(r44) p140(A,B) :- place1(A,C0_0), place1(C0_0,C1_0-2), place1(C1_0-2,C1_0-1), right(C1_0-1,C2_0-1), place1(C2_0-1,C), place1(C,C2_0), place1(C2_0,C1_0), right(C1_0,C3_0), place1(C3_0,C6_0), place1(C6_0,B).
(r45) p361(A,B) :- right(A,C0_0), place1(C0_0,C1_0-2), place1(C1_0-2,C1_0-1), place1(C1_0-1,C2_0), place1(C2_0,C), right(C,C1_0), place1(C1_0,C4_0), place1(C4_0,C3_0), place1(C3_0,C5_0), place1(C5_0,B).
(r46) p1807(A,B) :- right(A,C0_0), right(C0_0,C1_0-2), place1(C1_0-2,C1_0-1), place1(C1_0-1,C2_0), place1(C2_0,C), right(C,C1_0), place1(C1_0,C4_0), place1(C4_0,C3_0), place1(C3_0,C5_0), place1(C5_0,B).
(r47) p116(A,B) :- place1(A,C0_0), right(C0_0,C1_0-2), place1(C1_0-2,C1_0-1), right(C1_0-1,C2_0-1), place1(C2_0-1,C), place1(C,C2_0), place1(C2_0,C1_0), right(C1_0,C5_0), place1(C5_0,C3_0), place1(C3_0,C6_0), place1(C6_0,B).
(r48) p731(A,B) :- place1(A,C0_0-1), place1(C0_0-1,C0_0), right(C0_0,C2_0), place1(C2_0,C1_0-1), place1(C1_0-1,C3_0-1), place1(C3_0-1,C), right(C,C1_0), right(C1_0,C5_0), place1(C5_0,C3_0), place1(C3_0,C6_0), place1(C6_0,B).
(r49) p2615(A,B) :- right(A,C0_0), place1(C0_0,C1_0-2), place1(C1_0-2,C1_0-1), right(C1_0-1,C2_0-1), place1(C2_0-1,C), place1(C,C2_0), place1(C2_0,C1_0), right(C1_0,C5_0), place1(C5_0,C3_0), place1(C3_0,C6_0), place1(C6_0,B).
(r50) p298(A,B) :- place1(A,C0_0-1), place1(C0_0-1,C0_0), right(C0_0,C2_0-1), place1(C2_0-1,C1_0-1), right(C1_0-1,C3_0-1), place1(C3_0-1,C), place1(C,C2_0), place1(C2_0,C1_0), right(C1_0,C6_0), place1(C6_0,C3_0), place1(C3_0,C7_0), place1(C7_0,B).
====================
CP-SAT solving...
number of rules: 52
program size: 120
(inv0) inv0() :- .
(inv1) inv1(X1,X2,X3,X4,X5,X6,X7,X8,X9,X10,X11,X12,X13,X14,X15,X16,X17,X18,X19,X20,X21,X22) :- place1(X1,X2), place1(X3,X4), place1(X5,X6), place1(X7,X8), place1(X9,X10), place1(X11,X12), place1(X13,X14), place1(X15,X16), right(X17,X18), right(X19,X20), right(X21,X22).
(r1) p8(A,B) :- place1(A,C), place1(C,B).
(r2) p67(A,B) :- inv1(C,B,C,B,C,B,C,B,C,B,C,B,C,B,C,B,A,C,A,C,A,C).
(r3) p0(A,B) :- inv1(C0_0,C,C,C1_0,C1_0,B,C0_0,C,C0_0,C,C0_0,C,C0_0,C,C0_0,C,A,C0_0,A,C0_0,A,C0_0).
(r4) p2(A,B) :- inv1(A,C,C1_0,C2_0,C2_0,B,A,C,A,C,A,C,A,C,A,C,C,C1_0,C,C1_0,C,C1_0).
(r5) p46(A,B) :- inv1(A,C,C2_0,B,A,C,A,C,A,C,A,C,A,C,A,C,C,C1_0,C1_0,C2_0,C,C1_0).
(r6) p138(A,B) :- inv1(C1_0,C2_0,C2_0,B,C1_0,C2_0,C1_0,C2_0,C1_0,C2_0,C1_0,C2_0,C1_0,C2_0,C1_0,C2_0,A,C,C,C1_0,A,C).
(r7) p160(A,B) :- place1(A,C0_0), place1(C0_0,C), place1(C,C1_0), place1(C1_0,B).
(r8) p244(A,B) :- inv1(C0_0,C,C1_0,B,C0_0,C,C0_0,C,C0_0,C,C0_0,C,C0_0,C,C0_0,C,A,C0_0,C,C1_0,A,C0_0).
(r9) p547(A,B) :- inv1(C2_0,B,C2_0,B,C2_0,B,C2_0,B,C2_0,B,C2_0,B,C2_0,B,C2_0,B,A,C,C,C1_0,C1_0,C2_0).
(r10) p4(A,B) :- inv1(A,C0_0,C0_0,C,C1_0,C3_0,C3_0,B,A,C0_0,A,C0_0,A,C0_0,A,C0_0,C,C1_0,C,C1_0,C,C1_0).
(r11) p77(A,B) :- inv1(C,C1_0-1,C1_0-1,C1_0,C1_0,C2_0,C2_0,B,C,C1_0-1,C,C1_0-1,C,C1_0-1,C,C1_0-1,A,C,A,C,A,C).
(r12) p136(A,B) :- inv1(C1_0-1,C1_0,C1_0,C2_0,C2_0,B,C1_0-1,C1_0,C1_0-1,C1_0,C1_0-1,C1_0,C1_0-1,C1_0,C1_0-1,C1_0,A,C,C,C1_0-1,A,C).
(r13) p368(A,B) :- inv1(C,C1_0-1,C1_0-1,C1_0,C2_0,B,C,C1_0-1,C,C1_0-1,C,C1_0-1,C,C1_0-1,C,C1_0-1,A,C,C1_0,C2_0,A,C).
(r14) p382(A,B) :- inv1(A,C,C1_0-1,C1_0,C2_0,B,A,C,A,C,A,C,A,C,A,C,C,C1_0-1,C1_0,C2_0,C,C1_0-1).
(r15) p405(A,B) :- inv1(A,C0_0,C0_0,C,C3_0,B,A,C0_0,A,C0_0,A,C0_0,A,C0_0,A,C0_0,C,C1_0,C1_0,C3_0,C,C1_0).
(r16) p1227(A,B) :- inv1(C1_0-1,C1_0,C2_0,B,C1_0-1,C1_0,C1_0-1,C1_0,C1_0-1,C1_0,C1_0-1,C1_0,C1_0-1,C1_0,C1_0-1,C1_0,A,C,C,C1_0-1,C1_0,C2_0).
(r17) p898(A,B) :- inv1(A,C,C3_0,B,A,C,A,C,A,C,A,C,A,C,A,C,C,C1_0,C1_0,C2_0,C2_0,C3_0).
(r18) p11(A,B) :- inv1(A,C,C1_0,B,A,C,A,C,A,C,A,C,A,C,A,C,C,C1_0,C,C1_0,C,C1_0).
(r19) p44(A,B) :- place1(A,C), place1(C,C1_0), place1(C1_0,B).
(r20) p51(A,B) :- inv1(C,C1_0,C1_0,B,C,C1_0,C,C1_0,C,C1_0,C,C1_0,C,C1_0,C,C1_0,A,C,A,C,A,C).
(r21) p159(A,B) :- inv1(C1_0,B,C1_0,B,C1_0,B,C1_0,B,C1_0,B,C1_0,B,C1_0,B,C1_0,B,A,C,C,C1_0,A,C).
(r22) p963(A,B) :- inv1(A,C0_0,C0_0,C,C2_0,C1_0,C3_0,B,A,C0_0,A,C0_0,A,C0_0,A,C0_0,C,C2_0,C1_0,C3_0,C,C2_0).
(r23) p80(A,B) :- inv1(C,C1_0-1,C1_0-1,C1_0,C2_0,C4_0,C4_0,B,C,C1_0-1,C,C1_0-1,C,C1_0-1,C,C1_0-1,A,C,C1_0,C2_0,A,C).
(r24) p95(A,B) :- inv1(C1_0,C2_0-1,C2_0-1,C2_0,C2_0,C3_0,C3_0,B,C1_0,C2_0-1,C1_0,C2_0-1,C1_0,C2_0-1,C1_0,C2_0-1,A,C,C,C1_0,A,C).
(r25) p122(A,B) :- inv1(A,C,C2_0-1,C2_0,C2_0,C3_0,C3_0,B,A,C,A,C,A,C,A,C,C,C1_0,C1_0,C2_0-1,C,C1_0).
(r26) p175(A,B) :- inv1(C1_0-1,C,C1_0,C3_0,C3_0,B,C1_0-1,C,C1_0-1,C,C1_0-1,C,C1_0-1,C,C1_0-1,C,A,C0_0,C0_0,C1_0-1,C,C1_0).
(r27) p501(A,B) :- inv1(A,C0_0,C1_0-1,C,C3_0,B,A,C0_0,A,C0_0,A,C0_0,A,C0_0,A,C0_0,C0_0,C1_0-1,C,C1_0,C1_0,C3_0).
(r28) p2288(A,B) :- inv1(C,C1_0,C2_0-1,C2_0,C3_0,B,C,C1_0,C,C1_0,C,C1_0,C,C1_0,C,C1_0,A,C,C1_0,C2_0-1,C2_0,C3_0).
(r29) p1(A,B) :- inv1(A,C0_0,C2_0,C,C,C1_0,C1_0,C3_0,C3_0,B,A,C0_0,A,C0_0,A,C0_0,C0_0,C1_0-1,C1_0-1,C2_0,C0_0,C1_0-1).
(r30) p15(A,B) :- inv1(A,C0_0,C1_0-1,C2_0,C2_0,C,C,C1_0,C3_0,B,A,C0_0,A,C0_0,A,C0_0,C0_0,C1_0-1,C1_0,C3_0,C0_0,C1_0-1).
(r31) p33(A,B) :- inv1(C0_0,C,C1_0,C3_0-1,C3_0-1,C3_0,C3_0,C4_0,C4_0,B,C0_0,C,C0_0,C,C0_0,C,A,C0_0,C,C1_0,A,C0_0).
(r32) p448(A,B) :- inv1(C1_0-1,C,C,C2_0,C2_0,C1_0,C3_0,B,C1_0-1,C,C1_0-1,C,C1_0-1,C,C1_0-1,C,A,C0_0,C0_0,C1_0-1,C1_0,C3_0).
(r33) p640(A,B) :- inv1(A,C0_0,C1_0-1,C,C2_0,C1_0,C3_0,B,A,C0_0,A,C0_0,A,C0_0,A,C0_0,C0_0,C1_0-1,C,C2_0,C1_0,C3_0).
(r34) p1490(A,B) :- inv1(C2_0,C,C,C1_0,C1_0,C3_0,C3_0,B,C2_0,C,C2_0,C,C2_0,C,C2_0,C,A,C0_0,C0_0,C1_0-1,C1_0-1,C2_0).
(r35) p3(A,B) :- inv1(A,C0_0,C0_0,C1_0-2,C1_0-2,C1_0-1,C2_0,C,C,C1_0,C3_0,B,A,C0_0,A,C0_0,C1_0-1,C2_0,C1_0,C3_0,C1_0-1,C2_0).
(r36) p21(A,B) :- inv1(C0_0,C,C,C2_0,C2_0,C1_0,C4_0,C3_0,C3_0,C5_0,C5_0,B,C0_0,C,C0_0,C,A,C0_0,C1_0,C4_0,A,C0_0).
(r37) p28(A,B) :- inv1(A,C0_0-1,C0_0-1,C0_0,C0_0,C1_0-1,C1_0-1,C,C3_0,C6_0,C6_0,B,A,C0_0-1,A,C0_0-1,C,C1_0,C1_0,C3_0,C,C1_0).
(r38) p302(A,B) :- inv1(C1_0-1,C,C,C1_0,C1_0,C4_0,C4_0,C3_0,C5_0,B,C1_0-1,C,C1_0-1,C,C1_0-1,C,A,C0_0,C0_0,C1_0-1,C3_0,C5_0).
(r39) p7(A,B) :- inv1(A,C0_0,C0_0,C1_0-2,C1_0-2,C1_0-1,C2_0-1,C,C,C2_0,C2_0,C1_0,C3_0,B,A,C0_0,C1_0-1,C2_0-1,C1_0,C3_0,C1_0-1,C2_0-1).
(r40) p166(A,B) :- inv1(C1_0-1,C,C,C2_0,C2_0,C1_0,C5_0,C3_0,C3_0,C6_0,C6_0,B,C1_0-1,C,C1_0-1,C,A,C0_0,C0_0,C1_0-1,C1_0,C5_0).
(r41) p178(A,B) :- inv1(A,C0_0-1,C0_0-1,C0_0,C3_0-1,C,C,C1_0,C3_0,C6_0,C6_0,B,A,C0_0-1,A,C0_0-1,C0_0,C1_0-1,C1_0-1,C3_0-1,C1_0,C3_0).
(r42) p186(A,B) :- inv1(C0_0-1,C0_0,C0_0,C1_0-1,C1_0-1,C,C1_0,C5_0,C5_0,C3_0,C3_0,C6_0,C6_0,B,C0_0-1,C0_0,A,C0_0-1,C,C1_0,A,C0_0-1).
(r43) p31(A,B) :- inv1(A,C0_0,C0_0,C1_0-2,C1_0-2,C1_0-1,C2_0,C,C4_0,C3_0,C3_0,C5_0,C5_0,B,A,C0_0,C1_0-1,C2_0,C,C1_0,C1_0,C4_0).
(r44) p140(A,B) :- inv1(A,C0_0,C0_0,C1_0-2,C1_0-2,C1_0-1,C2_0-1,C,C,C2_0,C2_0,C1_0,C3_0,C6_0,C6_0,B,C1_0-1,C2_0-1,C1_0,C3_0,C1_0-1,C2_0-1).
(r45) p361(A,B) :- inv1(C0_0,C1_0-2,C1_0-2,C1_0-1,C1_0-1,C2_0,C2_0,C,C1_0,C4_0,C4_0,C3_0,C3_0,C5_0,C5_0,B,A,C0_0,C,C1_0,A,C0_0).
(r46) p1807(A,B) :- inv1(C1_0-2,C1_0-1,C1_0-1,C2_0,C2_0,C,C1_0,C4_0,C4_0,C3_0,C3_0,C5_0,C5_0,B,C1_0-2,C1_0-1,A,C0_0,C0_0,C1_0-2,C,C1_0).
(r47) p116(A,B) :- inv1(A,C0_0,C1_0-2,C1_0-1,C2_0-1,C,C,C2_0,C2_0,C1_0,C5_0,C3_0,C3_0,C6_0,C6_0,B,C0_0,C1_0-2,C1_0-1,C2_0-1,C1_0,C5_0).
(r48) p731(A,B) :- inv1(A,C0_0-1,C0_0-1,C0_0,C2_0,C1_0-1,C1_0-1,C3_0-1,C3_0-1,C,C5_0,C3_0,C3_0,C6_0,C6_0,B,C0_0,C2_0,C,C1_0,C1_0,C5_0).
(r49) p2615(A,B) :- inv1(C0_0,C1_0-2,C1_0-2,C1_0-1,C2_0-1,C,C,C2_0,C2_0,C1_0,C5_0,C3_0,C3_0,C6_0,C6_0,B,A,C0_0,C1_0-1,C2_0-1,C1_0,C5_0).
(r50) p298(A,B) :- inv1(A,C0_0-1,C0_0-1,C0_0,C2_0-1,C1_0-1,C3_0-1,C,C,C2_0,C2_0,C1_0,C6_0,C3_0,C3_0,C7_0,C0_0,C2_0-1,C1_0-1,C3_0-1,C1_0,C6_0), place1(C7_0,B).
====================
