number of rules: 47
program size: 346
(r1) p8(A,B) :- place1(A,C), place1(C,B).
(r2) p22(A,B) :- right(A,C), place1(C,B).
(r3) p3(A,B) :- place1(A,C), right(C,C1_0), place1(C1_0,B).
(r4) p28(A,B) :- place1(A,C), place1(C,C1_0), place1(C1_0,B).
(r5) p45(A,B) :- right(A,C), place1(C,C1_0), place1(C1_0,B).
(r6) p161(A,B) :- right(A,C), right(C,C1_0), place1(C1_0,B).
(r7) p4(A,B) :- place1(A,C0_0), place1(C0_0,C), right(C,C1_0), place1(C1_0,B).
(r8) p95(A,B) :- right(A,C0_0), place1(C0_0,C), right(C,C1_0), place1(C1_0,B).
(r9) p178(A,B) :- right(A,C0_0), place1(C0_0,C), place1(C,C1_0), place1(C1_0,B).
(r10) p581(A,B) :- place1(A,C0_0), place1(C0_0,C), place1(C,C1_0), place1(C1_0,B).
(r11) p1152(A,B) :- place1(A,C), right(C,C1_0), right(C1_0,C2_0), place1(C2_0,B).
(r12) p1308(A,B) :- right(A,C), right(C,C1_0), place1(C1_0,C2_0), place1(C2_0,B).
(r13) p462(A,B) :- right(A,C), right(C,C1_0), right(C1_0,C2_0), place1(C2_0,B).
(r14) p1363(A,B) :- place1(A,C0_0), place1(C0_0,C), right(C,C2_0), place1(C2_0,C1_0), place1(C1_0,C3_0), place1(C3_0,B).
(r15) p13(A,B) :- place1(A,C), right(C,C1_0), right(C1_0,C2_0-1), place1(C2_0-1,C2_0), place1(C2_0,C3_0), place1(C3_0,B).
(r16) p71(A,B) :- right(A,C0_0), place1(C0_0,C), right(C,C1_0), right(C1_0,C3_0), place1(C3_0,C4_0), place1(C4_0,B).
(r17) p224(A,B) :- right(A,C0_0), place1(C0_0,C), place1(C,C2_0), place1(C2_0,C1_0), right(C1_0,C3_0), place1(C3_0,B).
(r18) p265(A,B) :- right(A,C), right(C,C1_0), right(C1_0,C2_0-1), place1(C2_0-1,C2_0), place1(C2_0,C3_0), place1(C3_0,B).
(r19) p358(A,B) :- right(A,C), place1(C,C1_0), right(C1_0,C2_0-1), place1(C2_0-1,C2_0), right(C2_0,C3_0), place1(C3_0,B).
(r20) p1461(A,B) :- place1(A,C0_0), right(C0_0,C1_0-1), right(C1_0-1,C2_0), place1(C2_0,C), right(C,C1_0), place1(C1_0,B).
(r21) p1387(A,B) :- place1(A,C0_0), place1(C0_0,C), right(C,C1_0), place1(C1_0,C3_0), place1(C3_0,B).
(r22) p1398(A,B) :- right(A,C), right(C,C1_0-1), place1(C1_0-1,C1_0), place1(C1_0,C2_0), place1(C2_0,B).
(r23) p1707(A,B) :- right(A,C), place1(C,C1_0-1), place1(C1_0-1,C1_0), right(C1_0,C2_0), place1(C2_0,B).
(r24) p2500(A,B) :- place1(A,C), right(C,C1_0-1), place1(C1_0-1,C1_0), right(C1_0,C2_0), place1(C2_0,B).
(r25) p3514(A,B) :- right(A,C), place1(C,C1_0-1), place1(C1_0-1,C1_0), place1(C1_0,C2_0), place1(C2_0,B).
(r26) p84(A,B) :- place1(A,C), right(C,C1_0), right(C1_0,C2_0), place1(C2_0,C3_0), place1(C3_0,B).
(r27) p1364(A,B) :- right(A,C), place1(C,C1_0), right(C1_0,C2_0), right(C2_0,C3_0), place1(C3_0,B).
(r28) p0(A,B) :- place1(A,C0_0), place1(C0_0,C), place1(C,C2_0), place1(C2_0,C1_0), right(C1_0,C4_0), place1(C4_0,C3_0), place1(C3_0,C5_0), place1(C5_0,B).
(r29) p124(A,B) :- right(A,C0_0-1), place1(C0_0-1,C0_0), place1(C0_0,C1_0-1), place1(C1_0-1,C), right(C,C1_0), right(C1_0,C3_0), place1(C3_0,C6_0), place1(C6_0,B).
(r30) p279(A,B) :- place1(A,C0_0), place1(C0_0,C1_0-1), place1(C1_0-1,C), right(C,C1_0), right(C1_0,C4_0), place1(C4_0,C3_0), place1(C3_0,C5_0), place1(C5_0,B).
(r31) p290(A,B) :- right(A,C0_0), place1(C0_0,C), place1(C,C2_0), place1(C2_0,C1_0), right(C1_0,C4_0), place1(C4_0,C3_0), place1(C3_0,C5_0), place1(C5_0,B).
(r32) p1(A,B) :- place1(A,C0_0), right(C0_0,C1_0-1), place1(C1_0-1,C), place1(C,C2_0), place1(C2_0,C1_0), right(C1_0,C3_0), place1(C3_0,B).
(r33) p12(A,B) :- place1(A,C0_0), place1(C0_0,C), right(C,C1_0), right(C1_0,C3_0-1), place1(C3_0-1,C3_0), place1(C3_0,C4_0), place1(C4_0,B).
(r34) p40(A,B) :- right(A,C0_0), right(C0_0,C1_0-1), place1(C1_0-1,C), place1(C,C1_0), right(C1_0,C3_0), place1(C3_0,C5_0), place1(C5_0,B).
(r35) p320(A,B) :- right(A,C0_0), place1(C0_0,C), place1(C,C2_0), place1(C2_0,C1_0), right(C1_0,C3_0), place1(C3_0,C5_0), place1(C5_0,B).
(r36) p510(A,B) :- place1(A,C0_0), right(C0_0,C1_0-1), place1(C1_0-1,C), right(C,C2_0), place1(C2_0,C1_0), right(C1_0,C3_0), place1(C3_0,B).
(r37) p7(A,B) :- place1(A,C0_0), right(C0_0,C1_0-2), place1(C1_0-2,C1_0-1), place1(C1_0-1,C2_0), place1(C2_0,C), place1(C,C1_0), right(C1_0,C3_0), right(C3_0,C5_0), place1(C5_0,B).
(r38) p17(A,B) :- place1(A,C0_0), right(C0_0,C1_0-1), place1(C1_0-1,C), place1(C,C2_0), place1(C2_0,C1_0), right(C1_0,C5_0), place1(C5_0,C3_0), place1(C3_0,C6_0), place1(C6_0,B).
(r39) p252(A,B) :- right(A,C0_0-1), place1(C0_0-1,C0_0), right(C0_0,C1_0-1), place1(C1_0-1,C), place1(C,C2_0), place1(C2_0,C1_0), right(C1_0,C3_0), place1(C3_0,C7_0), place1(C7_0,B).
(r40) p1434(A,B) :- right(A,C0_0), right(C0_0,C1_0-1), place1(C1_0-1,C), place1(C,C2_0), place1(C2_0,C1_0), right(C1_0,C5_0), place1(C5_0,C3_0), place1(C3_0,C6_0), place1(C6_0,B).
(r41) p19(A,B) :- place1(A,C0_0-1), place1(C0_0-1,C0_0), right(C0_0,C1_0-1), place1(C1_0-1,C), place1(C,C2_0), place1(C2_0,C1_0), right(C1_0,C6_0), place1(C6_0,C3_0), place1(C3_0,C7_0), place1(C7_0,B).
(r42) p381(A,B) :- right(A,C0_0), place1(C0_0,C1_0-2), place1(C1_0-2,C1_0-1), right(C1_0-1,C2_0), place1(C2_0,C), place1(C,C1_0), right(C1_0,C4_0), place1(C4_0,C3_0), place1(C3_0,C5_0), place1(C5_0,B).
(r43) p554(A,B) :- place1(A,C0_0-1), place1(C0_0-1,C0_0), right(C0_0,C2_0), place1(C2_0,C1_0-1), place1(C1_0-1,C3_0-1), place1(C3_0-1,C), place1(C,C1_0), right(C1_0,C3_0), right(C3_0,C6_0), place1(C6_0,B).
(r44) p484(A,B) :- place1(A,C0_0), right(C0_0,C1_0-2), place1(C1_0-2,C1_0-1), right(C1_0-1,C2_0-1), place1(C2_0-1,C), place1(C,C2_0), place1(C2_0,C1_0), right(C1_0,C5_0), place1(C5_0,C3_0), place1(C3_0,C6_0), place1(C6_0,B).
(r45) p1194(A,B) :- place1(A,C0_0-1), place1(C0_0-1,C0_0), right(C0_0,C2_0), place1(C2_0,C1_0-1), place1(C1_0-1,C3_0-1), place1(C3_0-1,C), right(C,C1_0), right(C1_0,C5_0), place1(C5_0,C3_0), place1(C3_0,C6_0), place1(C6_0,B).
(r46) p1958(A,B) :- right(A,C0_0), place1(C0_0,C1_0-2), place1(C1_0-2,C1_0-1), right(C1_0-1,C2_0-1), place1(C2_0-1,C), place1(C,C2_0), place1(C2_0,C1_0), right(C1_0,C5_0), place1(C5_0,C3_0), place1(C3_0,C6_0), place1(C6_0,B).
(r47) p1145(A,B) :- place1(A,C0_0-1), place1(C0_0-1,C0_0), right(C0_0,C2_0-1), place1(C2_0-1,C1_0-1), right(C1_0-1,C3_0-1), place1(C3_0-1,C), place1(C,C2_0), place1(C2_0,C1_0), right(C1_0,C6_0), place1(C6_0,C3_0), place1(C3_0,C7_0), place1(C7_0,B).
====================
CP-SAT solving...
number of rules: 49
program size: 114
(inv0) inv0(X1,X2,X3,X4,X5,X6,X7,X8,X9,X10,X11,X12,X13,X14,X15,X16,X17,X18,X19,X20,X21,X22,X23,X24) :- right(X1,X2), right(X3,X4), right(X5,X6), place1(X7,X8), place1(X9,X10), place1(X11,X12), place1(X13,X14), place1(X15,X16), place1(X17,X18), place1(X19,X20), place1(X21,X22), place1(X23,X24).
(inv1) inv1() :- .
(r1) p8(A,B) :- place1(A,C), place1(C,B).
(r2) p22(A,B) :- inv0(A,C,A,C,A,C,C,B,C,B,C,B,C,B,C,B,C,B,C,B,C,B,C,B).
(r3) p3(A,B) :- inv0(C,C1_0,C,C1_0,C,C1_0,A,C,C1_0,B,A,C,A,C,A,C,A,C,A,C,A,C,A,C).
(r4) p28(A,B) :- place1(A,C), place1(C,C1_0), place1(C1_0,B).
(r5) p45(A,B) :- inv0(A,C,A,C,A,C,C,C1_0,C1_0,B,C,C1_0,C,C1_0,C,C1_0,C,C1_0,C,C1_0,C,C1_0,C,C1_0).
(r6) p161(A,B) :- inv0(A,C,C,C1_0,A,C,C1_0,B,C1_0,B,C1_0,B,C1_0,B,C1_0,B,C1_0,B,C1_0,B,C1_0,B,C1_0,B).
(r7) p4(A,B) :- inv0(C,C1_0,C,C1_0,C,C1_0,A,C0_0,C0_0,C,C1_0,B,A,C0_0,A,C0_0,A,C0_0,A,C0_0,A,C0_0,A,C0_0).
(r8) p95(A,B) :- inv0(A,C0_0,C,C1_0,A,C0_0,C0_0,C,C1_0,B,C0_0,C,C0_0,C,C0_0,C,C0_0,C,C0_0,C,C0_0,C,C0_0,C).
(r9) p178(A,B) :- inv0(A,C0_0,A,C0_0,A,C0_0,C0_0,C,C,C1_0,C1_0,B,C0_0,C,C0_0,C,C0_0,C,C0_0,C,C0_0,C,C0_0,C).
(r10) p581(A,B) :- place1(A,C0_0), place1(C0_0,C), place1(C,C1_0), place1(C1_0,B).
(r11) p1152(A,B) :- inv0(C,C1_0,C1_0,C2_0,C,C1_0,A,C,C2_0,B,A,C,A,C,A,C,A,C,A,C,A,C,A,C).
(r12) p1308(A,B) :- inv0(A,C,C,C1_0,A,C,C1_0,C2_0,C2_0,B,C1_0,C2_0,C1_0,C2_0,C1_0,C2_0,C1_0,C2_0,C1_0,C2_0,C1_0,C2_0,C1_0,C2_0).
(r13) p462(A,B) :- inv0(A,C,C,C1_0,C1_0,C2_0,C2_0,B,C2_0,B,C2_0,B,C2_0,B,C2_0,B,C2_0,B,C2_0,B,C2_0,B,C2_0,B).
(r14) p1363(A,B) :- inv0(C,C2_0,C,C2_0,C,C2_0,A,C0_0,C0_0,C,C2_0,C1_0,C1_0,C3_0,C3_0,B,A,C0_0,A,C0_0,A,C0_0,A,C0_0).
(r15) p13(A,B) :- inv0(C,C1_0,C1_0,C2_0-1,C,C1_0,A,C,C2_0-1,C2_0,C2_0,C3_0,C3_0,B,A,C,A,C,A,C,A,C,A,C).
(r16) p71(A,B) :- inv0(A,C0_0,C,C1_0,C1_0,C3_0,C0_0,C,C3_0,C4_0,C4_0,B,C0_0,C,C0_0,C,C0_0,C,C0_0,C,C0_0,C,C0_0,C).
(r17) p224(A,B) :- inv0(A,C0_0,C1_0,C3_0,A,C0_0,C0_0,C,C,C2_0,C2_0,C1_0,C3_0,B,C0_0,C,C0_0,C,C0_0,C,C0_0,C,C0_0,C).
(r18) p265(A,B) :- inv0(A,C,C,C1_0,C1_0,C2_0-1,C2_0-1,C2_0,C2_0,C3_0,C3_0,B,C2_0-1,C2_0,C2_0-1,C2_0,C2_0-1,C2_0,C2_0-1,C2_0,C2_0-1,C2_0,C2_0-1,C2_0).
(r19) p358(A,B) :- inv0(A,C,C1_0,C2_0-1,C2_0,C3_0,C,C1_0,C2_0-1,C2_0,C3_0,B,C,C1_0,C,C1_0,C,C1_0,C,C1_0,C,C1_0,C,C1_0).
(r20) p1461(A,B) :- inv0(C0_0,C1_0-1,C1_0-1,C2_0,C,C1_0,A,C0_0,C2_0,C,C1_0,B,A,C0_0,A,C0_0,A,C0_0,A,C0_0,A,C0_0,A,C0_0).
(r21) p1387(A,B) :- inv0(C,C1_0,C,C1_0,C,C1_0,A,C0_0,C0_0,C,C1_0,C3_0,C3_0,B,A,C0_0,A,C0_0,A,C0_0,A,C0_0,A,C0_0).
(r22) p1398(A,B) :- inv0(A,C,C,C1_0-1,A,C,C1_0-1,C1_0,C1_0,C2_0,C2_0,B,C1_0-1,C1_0,C1_0-1,C1_0,C1_0-1,C1_0,C1_0-1,C1_0,C1_0-1,C1_0,C1_0-1,C1_0).
(r23) p1707(A,B) :- inv0(A,C,C1_0,C2_0,A,C,C,C1_0-1,C1_0-1,C1_0,C2_0,B,C,C1_0-1,C,C1_0-1,C,C1_0-1,C,C1_0-1,C,C1_0-1,C,C1_0-1).
(r24) p2500(A,B) :- inv0(C,C1_0-1,C1_0,C2_0,C,C1_0-1,A,C,C1_0-1,C1_0,C2_0,B,A,C,A,C,A,C,A,C,A,C,A,C).
(r25) p3514(A,B) :- inv0(A,C,A,C,A,C,C,C1_0-1,C1_0-1,C1_0,C1_0,C2_0,C2_0,B,C,C1_0-1,C,C1_0-1,C,C1_0-1,C,C1_0-1,C,C1_0-1).
(r26) p84(A,B) :- inv0(C,C1_0,C1_0,C2_0,C,C1_0,A,C,C2_0,C3_0,C3_0,B,A,C,A,C,A,C,A,C,A,C,A,C).
(r27) p1364(A,B) :- inv0(A,C,C1_0,C2_0,C2_0,C3_0,C,C1_0,C3_0,B,C,C1_0,C,C1_0,C,C1_0,C,C1_0,C,C1_0,C,C1_0,C,C1_0).
(r28) p0(A,B) :- inv0(C1_0,C4_0,C1_0,C4_0,C1_0,C4_0,A,C0_0,C0_0,C,C,C2_0,C2_0,C1_0,C4_0,C3_0,C3_0,C5_0,C5_0,B,A,C0_0,A,C0_0).
(r29) p124(A,B) :- inv0(A,C0_0-1,C,C1_0,C1_0,C3_0,C0_0-1,C0_0,C0_0,C1_0-1,C1_0-1,C,C3_0,C6_0,C6_0,B,C0_0-1,C0_0,C0_0-1,C0_0,C0_0-1,C0_0,C0_0-1,C0_0).
(r30) p279(A,B) :- inv0(C,C1_0,C1_0,C4_0,C,C1_0,A,C0_0,C0_0,C1_0-1,C1_0-1,C,C4_0,C3_0,C3_0,C5_0,C5_0,B,A,C0_0,A,C0_0,A,C0_0).
(r31) p290(A,B) :- inv0(A,C0_0,C1_0,C4_0,A,C0_0,C0_0,C,C,C2_0,C2_0,C1_0,C4_0,C3_0,C3_0,C5_0,C5_0,B,C0_0,C,C0_0,C,C0_0,C).
(r32) p1(A,B) :- inv0(C0_0,C1_0-1,C1_0,C3_0,C0_0,C1_0-1,A,C0_0,C1_0-1,C,C,C2_0,C2_0,C1_0,C3_0,B,A,C0_0,A,C0_0,A,C0_0,A,C0_0).
(r33) p12(A,B) :- inv0(C,C1_0,C1_0,C3_0-1,C,C1_0,A,C0_0,C0_0,C,C3_0-1,C3_0,C3_0,C4_0,C4_0,B,A,C0_0,A,C0_0,A,C0_0,A,C0_0).
(r34) p40(A,B) :- inv0(A,C0_0,C0_0,C1_0-1,C1_0,C3_0,C1_0-1,C,C,C1_0,C3_0,C5_0,C5_0,B,C1_0-1,C,C1_0-1,C,C1_0-1,C,C1_0-1,C,C1_0-1,C).
(r35) p320(A,B) :- inv0(A,C0_0,C1_0,C3_0,A,C0_0,C0_0,C,C,C2_0,C2_0,C1_0,C3_0,C5_0,C5_0,B,C0_0,C,C0_0,C,C0_0,C,C0_0,C).
(r36) p510(A,B) :- inv0(C0_0,C1_0-1,C,C2_0,C1_0,C3_0,A,C0_0,C1_0-1,C,C2_0,C1_0,C3_0,B,A,C0_0,A,C0_0,A,C0_0,A,C0_0,A,C0_0).
(r37) p7(A,B) :- inv0(C0_0,C1_0-2,C1_0,C3_0,C3_0,C5_0,A,C0_0,C1_0-2,C1_0-1,C1_0-1,C2_0,C2_0,C,C,C1_0,C5_0,B,A,C0_0,A,C0_0,A,C0_0).
(r38) p17(A,B) :- inv0(C0_0,C1_0-1,C1_0,C5_0,C0_0,C1_0-1,A,C0_0,C1_0-1,C,C,C2_0,C2_0,C1_0,C5_0,C3_0,C3_0,C6_0,C6_0,B,A,C0_0,A,C0_0).
(r39) p252(A,B) :- inv0(A,C0_0-1,C0_0,C1_0-1,C1_0,C3_0,C0_0-1,C0_0,C1_0-1,C,C,C2_0,C2_0,C1_0,C3_0,C7_0,C7_0,B,C0_0-1,C0_0,C0_0-1,C0_0,C0_0-1,C0_0).
(r40) p1434(A,B) :- inv0(A,C0_0,C0_0,C1_0-1,C1_0,C5_0,C1_0-1,C,C,C2_0,C2_0,C1_0,C5_0,C3_0,C3_0,C6_0,C6_0,B,C1_0-1,C,C1_0-1,C,C1_0-1,C).
(r41) p19(A,B) :- inv0(C0_0,C1_0-1,C1_0,C6_0,C0_0,C1_0-1,A,C0_0-1,C0_0-1,C0_0,C1_0-1,C,C,C2_0,C2_0,C1_0,C6_0,C3_0,C3_0,C7_0,C7_0,B,A,C0_0-1).
(r42) p381(A,B) :- inv0(A,C0_0,C1_0-1,C2_0,C1_0,C4_0,C0_0,C1_0-2,C1_0-2,C1_0-1,C2_0,C,C,C1_0,C4_0,C3_0,C3_0,C5_0,C5_0,B,C0_0,C1_0-2,C0_0,C1_0-2).
(r43) p554(A,B) :- inv0(C0_0,C2_0,C1_0,C3_0,C3_0,C6_0,A,C0_0-1,C0_0-1,C0_0,C2_0,C1_0-1,C1_0-1,C3_0-1,C3_0-1,C,C,C1_0,C6_0,B,A,C0_0-1,A,C0_0-1).
(r44) p484(A,B) :- inv0(C0_0,C1_0-2,C1_0-1,C2_0-1,C1_0,C5_0,A,C0_0,C1_0-2,C1_0-1,C2_0-1,C,C,C2_0,C2_0,C1_0,C5_0,C3_0,C3_0,C6_0,C6_0,B,A,C0_0).
(r45) p1194(A,B) :- inv0(C0_0,C2_0,C,C1_0,C1_0,C5_0,A,C0_0-1,C0_0-1,C0_0,C2_0,C1_0-1,C1_0-1,C3_0-1,C3_0-1,C,C5_0,C3_0,C3_0,C6_0,C6_0,B,A,C0_0-1).
(r46) p1958(A,B) :- inv0(A,C0_0,C1_0-1,C2_0-1,C1_0,C5_0,C0_0,C1_0-2,C1_0-2,C1_0-1,C2_0-1,C,C,C2_0,C2_0,C1_0,C5_0,C3_0,C3_0,C6_0,C6_0,B,C0_0,C1_0-2).
(r47) p1145(A,B) :- inv0(C0_0,C2_0-1,C1_0-1,C3_0-1,C1_0,C6_0,A,C0_0-1,C0_0-1,C0_0,C2_0-1,C1_0-1,C3_0-1,C,C,C2_0,C2_0,C1_0,C6_0,C3_0,C3_0,C7_0,C7_0,B).
====================
