number of rules: 50
program size: 371
(r1) p10(A,B) :- right(A,C), place1(C,B).
(r2) p16(A,B) :- place1(A,C), place1(C,B).
(r3) p5(A,B) :- place1(A,C), right(C,C1_0), place1(C1_0,B).
(r4) p94(A,B) :- right(A,C), right(C,C1_0), place1(C1_0,B).
(r5) p114(A,B) :- right(A,C), place1(C,C1_0), place1(C1_0,B).
(r6) p138(A,B) :- place1(A,C), place1(C,C1_0), place1(C1_0,B).
(r7) p7(A,B) :- place1(A,C), right(C,C1_0), place1(C1_0,C2_0), place1(C2_0,B).
(r8) p18(A,B) :- place1(A,C), right(C,C1_0), right(C1_0,C2_0), place1(C2_0,B).
(r9) p87(A,B) :- right(A,C0_0), place1(C0_0,C), right(C,C1_0), place1(C1_0,B).
(r10) p306(A,B) :- right(A,C0_0), place1(C0_0,C), place1(C,C1_0), place1(C1_0,B).
(r11) p419(A,B) :- right(A,C), right(C,C1_0), place1(C1_0,C2_0), place1(C2_0,B).
(r12) p1047(A,B) :- place1(A,C0_0), place1(C0_0,C), place1(C,C1_0), place1(C1_0,B).
(r13) p1396(A,B) :- right(A,C), right(C,C1_0), right(C1_0,C2_0), place1(C2_0,B).
(r14) p32(A,B) :- place1(A,C0_0), place1(C0_0,C), right(C,C1_0), place1(C1_0,C3_0), place1(C3_0,B).
(r15) p54(A,B) :- place1(A,C), right(C,C1_0-1), place1(C1_0-1,C1_0), right(C1_0,C2_0), place1(C2_0,B).
(r16) p104(A,B) :- right(A,C0_0), place1(C0_0,C), right(C,C1_0), place1(C1_0,C3_0), place1(C3_0,B).
(r17) p332(A,B) :- place1(A,C0_0), place1(C0_0,C), right(C,C1_0), right(C1_0,C3_0), place1(C3_0,B).
(r18) p432(A,B) :- right(A,C), right(C,C1_0-1), place1(C1_0-1,C1_0), place1(C1_0,C2_0), place1(C2_0,B).
(r19) p943(A,B) :- right(A,C), right(C,C1_0-1), place1(C1_0-1,C1_0), right(C1_0,C2_0), place1(C2_0,B).
(r20) p2166(A,B) :- right(A,C), place1(C,C1_0-1), place1(C1_0-1,C1_0), place1(C1_0,C2_0), place1(C2_0,B).
(r21) p1699(A,B) :- place1(A,C), right(C,C1_0), right(C1_0,C2_0), right(C2_0,C3_0), place1(C3_0,B).
(r22) p171(A,B) :- right(A,C0_0), place1(C0_0,C), right(C,C2_0), place1(C2_0,C1_0), place1(C1_0,C3_0), place1(C3_0,B).
(r23) p441(A,B) :- place1(A,C0_0), place1(C0_0,C), right(C,C2_0), place1(C2_0,C1_0), right(C1_0,C3_0), place1(C3_0,B).
(r24) p151(A,B) :- place1(A,C), right(C,C1_0), right(C1_0,C2_0-1), place1(C2_0-1,C2_0), place1(C2_0,C3_0), place1(C3_0,B).
(r25) p160(A,B) :- right(A,C0_0), place1(C0_0,C), right(C,C1_0), right(C1_0,C3_0), place1(C3_0,C4_0), place1(C4_0,B).
(r26) p182(A,B) :- place1(A,C), right(C,C1_0), right(C1_0,C2_0-1), place1(C2_0-1,C2_0), right(C2_0,C3_0), place1(C3_0,B).
(r27) p806(A,B) :- right(A,C), place1(C,C1_0), right(C1_0,C2_0-1), place1(C2_0-1,C2_0), right(C2_0,C3_0), place1(C3_0,B).
(r28) p1097(A,B) :- right(A,C), right(C,C1_0), place1(C1_0,C2_0-1), place1(C2_0-1,C2_0), place1(C2_0,C3_0), place1(C3_0,B).
(r29) p2(A,B) :- place1(A,C0_0), place1(C0_0,C1_0-2), place1(C1_0-2,C1_0-1), right(C1_0-1,C2_0-1), place1(C2_0-1,C), right(C,C2_0), place1(C2_0,C1_0), right(C1_0,C5_0), place1(C5_0,C3_0), place1(C3_0,C6_0), place1(C6_0,B).
(r30) p246(A,B) :- right(A,C0_0-1), place1(C0_0-1,C0_0), place1(C0_0,C2_0-1), place1(C2_0-1,C1_0-1), right(C1_0-1,C3_0-1), place1(C3_0-1,C), place1(C,C2_0), place1(C2_0,C1_0), right(C1_0,C3_0), place1(C3_0,C7_0), place1(C7_0,B).
(r31) p554(A,B) :- place1(A,C0_0-1), place1(C0_0-1,C0_0), right(C0_0,C1_0-1), right(C1_0-1,C3_0-1), place1(C3_0-1,C), place1(C,C2_0), place1(C2_0,C1_0), right(C1_0,C6_0), place1(C6_0,C3_0), place1(C3_0,C7_0), place1(C7_0,B).
(r32) p8(A,B) :- right(A,C0_0), place1(C0_0,C), place1(C,C2_0), place1(C2_0,C1_0), right(C1_0,C4_0), place1(C4_0,C3_0), place1(C3_0,C5_0), place1(C5_0,B).
(r33) p15(A,B) :- place1(A,C0_0), place1(C0_0,C1_0-1), place1(C1_0-1,C), right(C,C1_0), place1(C1_0,C4_0), place1(C4_0,C3_0), right(C3_0,C5_0), place1(C5_0,B).
(r34) p61(A,B) :- place1(A,C0_0), place1(C0_0,C1_0-1), place1(C1_0-1,C), right(C,C1_0), right(C1_0,C4_0), place1(C4_0,C3_0), place1(C3_0,C5_0), place1(C5_0,B).
(r35) p73(A,B) :- right(A,C0_0), right(C0_0,C1_0-1), place1(C1_0-1,C), place1(C,C1_0), place1(C1_0,C4_0), place1(C4_0,C3_0), right(C3_0,C5_0), place1(C5_0,B).
(r36) p13(A,B) :- place1(A,C0_0), place1(C0_0,C1_0-1), place1(C1_0-1,C), right(C,C2_0), place1(C2_0,C1_0), right(C1_0,C5_0), place1(C5_0,C3_0), place1(C3_0,C6_0), place1(C6_0,B).
(r37) p20(A,B) :- place1(A,C0_0), right(C0_0,C1_0-1), place1(C1_0-1,C2_0), place1(C2_0,C), right(C,C1_0), right(C1_0,C4_0), place1(C4_0,C3_0), place1(C3_0,C5_0), place1(C5_0,B).
(r38) p38(A,B) :- right(A,C0_0-1), place1(C0_0-1,C0_0), place1(C0_0,C1_0-1), place1(C1_0-1,C), right(C,C1_0), right(C1_0,C5_0), place1(C5_0,C3_0), place1(C3_0,C6_0), place1(C6_0,B).
(r39) p141(A,B) :- right(A,C0_0-1), place1(C0_0-1,C0_0), right(C0_0,C1_0-1), place1(C1_0-1,C), place1(C,C1_0), right(C1_0,C5_0), place1(C5_0,C3_0), place1(C3_0,C6_0), place1(C6_0,B).
(r40) p19(A,B) :- place1(A,C0_0), place1(C0_0,C), right(C,C1_0), place1(C1_0,C3_0-1), place1(C3_0-1,C3_0), right(C3_0,C4_0), place1(C4_0,B).
(r41) p24(A,B) :- right(A,C0_0), place1(C0_0,C), place1(C,C2_0), place1(C2_0,C1_0), right(C1_0,C3_0), place1(C3_0,C5_0), place1(C5_0,B).
(r42) p47(A,B) :- place1(A,C0_0), place1(C0_0,C), right(C,C1_0), right(C1_0,C3_0-1), place1(C3_0-1,C3_0), place1(C3_0,C4_0), place1(C4_0,B).
(r43) p310(A,B) :- right(A,C0_0), place1(C0_0,C1_0-1), place1(C1_0-1,C), right(C,C1_0), right(C1_0,C3_0), place1(C3_0,C5_0), place1(C5_0,B).
(r44) p1852(A,B) :- right(A,C0_0), right(C0_0,C1_0-1), right(C1_0-1,C2_0), place1(C2_0,C), place1(C,C1_0), place1(C1_0,C3_0), place1(C3_0,B).
(r45) p2149(A,B) :- place1(A,C0_0), right(C0_0,C1_0-1), place1(C1_0-1,C), right(C,C2_0), place1(C2_0,C1_0), right(C1_0,C3_0), place1(C3_0,B).
(r46) p41(A,B) :- place1(A,C0_0), right(C0_0,C1_0-2), place1(C1_0-2,C1_0-1), right(C1_0-1,C2_0), place1(C2_0,C), right(C,C1_0), place1(C1_0,C4_0), place1(C4_0,C3_0), place1(C3_0,C5_0), place1(C5_0,B).
(r47) p63(A,B) :- place1(A,C0_0), place1(C0_0,C1_0-2), place1(C1_0-2,C1_0-1), right(C1_0-1,C2_0-1), place1(C2_0-1,C), place1(C,C2_0), place1(C2_0,C1_0), right(C1_0,C3_0), right(C3_0,C6_0), place1(C6_0,B).
(r48) p423(A,B) :- right(A,C0_0-1), place1(C0_0-1,C0_0), place1(C0_0,C1_0-1), place1(C1_0-1,C), right(C,C2_0), place1(C2_0,C1_0), place1(C1_0,C6_0), place1(C6_0,C3_0), right(C3_0,C7_0), place1(C7_0,B).
(r49) p590(A,B) :- right(A,C0_0), right(C0_0,C1_0-2), place1(C1_0-2,C1_0-1), place1(C1_0-1,C2_0), place1(C2_0,C), right(C,C1_0), place1(C1_0,C4_0), place1(C4_0,C3_0), place1(C3_0,C5_0), place1(C5_0,B).
(r50) p1326(A,B) :- place1(A,C0_0-1), place1(C0_0-1,C0_0), right(C0_0,C2_0-1), place1(C2_0-1,C1_0-1), right(C1_0-1,C3_0-1), place1(C3_0-1,C), place1(C,C2_0), place1(C2_0,C1_0), right(C1_0,C6_0), place1(C6_0,C3_0), place1(C3_0,C7_0), place1(C7_0,B).
====================
CP-SAT solving...
number of rules: 52
program size: 120
(inv0) inv0(X1,X2,X3,X4,X5,X6,X7,X8,X9,X10,X11,X12,X13,X14,X15,X16,X17,X18,X19,X20,X21,X22,X23,X24) :- right(X1,X2), right(X3,X4), right(X5,X6), place1(X7,X8), place1(X9,X10), place1(X11,X12), place1(X13,X14), place1(X15,X16), place1(X17,X18), place1(X19,X20), place1(X21,X22), place1(X23,X24).
(inv1) inv1() :- .
(r1) p10(A,B) :- inv0(A,C,A,C,A,C,C,B,C,B,C,B,C,B,C,B,C,B,C,B,C,B,C,B).
(r2) p16(A,B) :- place1(A,C), place1(C,B).
(r3) p5(A,B) :- inv0(C,C1_0,C,C1_0,C,C1_0,A,C,C1_0,B,A,C,A,C,A,C,A,C,A,C,A,C,A,C).
(r4) p94(A,B) :- inv0(A,C,C,C1_0,A,C,C1_0,B,C1_0,B,C1_0,B,C1_0,B,C1_0,B,C1_0,B,C1_0,B,C1_0,B,C1_0,B).
(r5) p114(A,B) :- inv0(A,C,A,C,A,C,C,C1_0,C1_0,B,C,C1_0,C,C1_0,C,C1_0,C,C1_0,C,C1_0,C,C1_0,C,C1_0).
(r6) p138(A,B) :- place1(A,C), place1(C,C1_0), place1(C1_0,B).
(r7) p7(A,B) :- inv0(C,C1_0,C,C1_0,C,C1_0,A,C,C1_0,C2_0,C2_0,B,A,C,A,C,A,C,A,C,A,C,A,C).
(r8) p18(A,B) :- inv0(C,C1_0,C1_0,C2_0,C,C1_0,A,C,C2_0,B,A,C,A,C,A,C,A,C,A,C,A,C,A,C).
(r9) p87(A,B) :- inv0(A,C0_0,C,C1_0,A,C0_0,C0_0,C,C1_0,B,C0_0,C,C0_0,C,C0_0,C,C0_0,C,C0_0,C,C0_0,C,C0_0,C).
(r10) p306(A,B) :- inv0(A,C0_0,A,C0_0,A,C0_0,C0_0,C,C,C1_0,C1_0,B,C0_0,C,C0_0,C,C0_0,C,C0_0,C,C0_0,C,C0_0,C).
(r11) p419(A,B) :- inv0(A,C,C,C1_0,A,C,C1_0,C2_0,C2_0,B,C1_0,C2_0,C1_0,C2_0,C1_0,C2_0,C1_0,C2_0,C1_0,C2_0,C1_0,C2_0,C1_0,C2_0).
(r12) p1047(A,B) :- place1(A,C0_0), place1(C0_0,C), place1(C,C1_0), place1(C1_0,B).
(r13) p1396(A,B) :- inv0(A,C,C,C1_0,C1_0,C2_0,C2_0,B,C2_0,B,C2_0,B,C2_0,B,C2_0,B,C2_0,B,C2_0,B,C2_0,B,C2_0,B).
(r14) p32(A,B) :- inv0(C,C1_0,C,C1_0,C,C1_0,A,C0_0,C0_0,C,C1_0,C3_0,C3_0,B,A,C0_0,A,C0_0,A,C0_0,A,C0_0,A,C0_0).
(r15) p54(A,B) :- inv0(C,C1_0-1,C1_0,C2_0,C,C1_0-1,A,C,C1_0-1,C1_0,C2_0,B,A,C,A,C,A,C,A,C,A,C,A,C).
(r16) p104(A,B) :- inv0(A,C0_0,C,C1_0,A,C0_0,C0_0,C,C1_0,C3_0,C3_0,B,C0_0,C,C0_0,C,C0_0,C,C0_0,C,C0_0,C,C0_0,C).
(r17) p332(A,B) :- inv0(C,C1_0,C1_0,C3_0,C,C1_0,A,C0_0,C0_0,C,C3_0,B,A,C0_0,A,C0_0,A,C0_0,A,C0_0,A,C0_0,A,C0_0).
(r18) p432(A,B) :- inv0(A,C,C,C1_0-1,A,C,C1_0-1,C1_0,C1_0,C2_0,C2_0,B,C1_0-1,C1_0,C1_0-1,C1_0,C1_0-1,C1_0,C1_0-1,C1_0,C1_0-1,C1_0,C1_0-1,C1_0).
(r19) p943(A,B) :- inv0(A,C,C,C1_0-1,C1_0,C2_0,C1_0-1,C1_0,C2_0,B,C1_0-1,C1_0,C1_0-1,C1_0,C1_0-1,C1_0,C1_0-1,C1_0,C1_0-1,C1_0,C1_0-1,C1_0,C1_0-1,C1_0).
(r20) p2166(A,B) :- inv0(A,C,A,C,A,C,C,C1_0-1,C1_0-1,C1_0,C1_0,C2_0,C2_0,B,C,C1_0-1,C,C1_0-1,C,C1_0-1,C,C1_0-1,C,C1_0-1).
(r21) p1699(A,B) :- inv0(C,C1_0,C1_0,C2_0,C2_0,C3_0,A,C,C3_0,B,A,C,A,C,A,C,A,C,A,C,A,C,A,C).
(r22) p171(A,B) :- inv0(A,C0_0,C,C2_0,A,C0_0,C0_0,C,C2_0,C1_0,C1_0,C3_0,C3_0,B,C0_0,C,C0_0,C,C0_0,C,C0_0,C,C0_0,C).
(r23) p441(A,B) :- inv0(C,C2_0,C1_0,C3_0,C,C2_0,A,C0_0,C0_0,C,C2_0,C1_0,C3_0,B,A,C0_0,A,C0_0,A,C0_0,A,C0_0,A,C0_0).
(r24) p151(A,B) :- inv0(C,C1_0,C1_0,C2_0-1,C,C1_0,A,C,C2_0-1,C2_0,C2_0,C3_0,C3_0,B,A,C,A,C,A,C,A,C,A,C).
(r25) p160(A,B) :- inv0(A,C0_0,C,C1_0,C1_0,C3_0,C0_0,C,C3_0,C4_0,C4_0,B,C0_0,C,C0_0,C,C0_0,C,C0_0,C,C0_0,C,C0_0,C).
(r26) p182(A,B) :- inv0(C,C1_0,C1_0,C2_0-1,C2_0,C3_0,A,C,C2_0-1,C2_0,C3_0,B,A,C,A,C,A,C,A,C,A,C,A,C).
(r27) p806(A,B) :- inv0(A,C,C1_0,C2_0-1,C2_0,C3_0,C,C1_0,C2_0-1,C2_0,C3_0,B,C,C1_0,C,C1_0,C,C1_0,C,C1_0,C,C1_0,C,C1_0).
(r28) p1097(A,B) :- inv0(A,C,C,C1_0,A,C,C1_0,C2_0-1,C2_0-1,C2_0,C2_0,C3_0,C3_0,B,C1_0,C2_0-1,C1_0,C2_0-1,C1_0,C2_0-1,C1_0,C2_0-1,C1_0,C2_0-1).
(r29) p2(A,B) :- inv0(C1_0-1,C2_0-1,C,C2_0,C1_0,C5_0,A,C0_0,C0_0,C1_0-2,C1_0-2,C1_0-1,C2_0-1,C,C2_0,C1_0,C5_0,C3_0,C3_0,C6_0,C6_0,B,A,C0_0).
(r30) p246(A,B) :- inv0(A,C0_0-1,C1_0-1,C3_0-1,C1_0,C3_0,C0_0-1,C0_0,C0_0,C2_0-1,C2_0-1,C1_0-1,C3_0-1,C,C,C2_0,C2_0,C1_0,C3_0,C7_0,C7_0,B,C0_0-1,C0_0).
(r31) p554(A,B) :- inv0(C0_0,C1_0-1,C1_0-1,C3_0-1,C1_0,C6_0,A,C0_0-1,C0_0-1,C0_0,C3_0-1,C,C,C2_0,C2_0,C1_0,C6_0,C3_0,C3_0,C7_0,C7_0,B,A,C0_0-1).
(r32) p8(A,B) :- inv0(A,C0_0,C1_0,C4_0,A,C0_0,C0_0,C,C,C2_0,C2_0,C1_0,C4_0,C3_0,C3_0,C5_0,C5_0,B,C0_0,C,C0_0,C,C0_0,C).
(r33) p15(A,B) :- inv0(C,C1_0,C3_0,C5_0,C,C1_0,A,C0_0,C0_0,C1_0-1,C1_0-1,C,C1_0,C4_0,C4_0,C3_0,C5_0,B,A,C0_0,A,C0_0,A,C0_0).
(r34) p61(A,B) :- inv0(C,C1_0,C1_0,C4_0,C,C1_0,A,C0_0,C0_0,C1_0-1,C1_0-1,C,C4_0,C3_0,C3_0,C5_0,C5_0,B,A,C0_0,A,C0_0,A,C0_0).
(r35) p73(A,B) :- inv0(A,C0_0,C0_0,C1_0-1,C3_0,C5_0,C1_0-1,C,C,C1_0,C1_0,C4_0,C4_0,C3_0,C5_0,B,C1_0-1,C,C1_0-1,C,C1_0-1,C,C1_0-1,C).
(r36) p13(A,B) :- inv0(C,C2_0,C1_0,C5_0,C,C2_0,A,C0_0,C0_0,C1_0-1,C1_0-1,C,C2_0,C1_0,C5_0,C3_0,C3_0,C6_0,C6_0,B,A,C0_0,A,C0_0).
(r37) p20(A,B) :- inv0(C0_0,C1_0-1,C,C1_0,C1_0,C4_0,A,C0_0,C1_0-1,C2_0,C2_0,C,C4_0,C3_0,C3_0,C5_0,C5_0,B,A,C0_0,A,C0_0,A,C0_0).
(r38) p38(A,B) :- inv0(A,C0_0-1,C,C1_0,C1_0,C5_0,C0_0-1,C0_0,C0_0,C1_0-1,C1_0-1,C,C5_0,C3_0,C3_0,C6_0,C6_0,B,C0_0-1,C0_0,C0_0-1,C0_0,C0_0-1,C0_0).
(r39) p141(A,B) :- inv0(A,C0_0-1,C0_0,C1_0-1,C1_0,C5_0,C0_0-1,C0_0,C1_0-1,C,C,C1_0,C5_0,C3_0,C3_0,C6_0,C6_0,B,C0_0-1,C0_0,C0_0-1,C0_0,C0_0-1,C0_0).
(r40) p19(A,B) :- inv0(C,C1_0,C3_0,C4_0,C,C1_0,A,C0_0,C0_0,C,C1_0,C3_0-1,C3_0-1,C3_0,C4_0,B,A,C0_0,A,C0_0,A,C0_0,A,C0_0).
(r41) p24(A,B) :- inv0(A,C0_0,C1_0,C3_0,A,C0_0,C0_0,C,C,C2_0,C2_0,C1_0,C3_0,C5_0,C5_0,B,C0_0,C,C0_0,C,C0_0,C,C0_0,C).
(r42) p47(A,B) :- inv0(C,C1_0,C1_0,C3_0-1,C,C1_0,A,C0_0,C0_0,C,C3_0-1,C3_0,C3_0,C4_0,C4_0,B,A,C0_0,A,C0_0,A,C0_0,A,C0_0).
(r43) p310(A,B) :- inv0(A,C0_0,C,C1_0,C1_0,C3_0,C0_0,C1_0-1,C1_0-1,C,C3_0,C5_0,C5_0,B,C0_0,C1_0-1,C0_0,C1_0-1,C0_0,C1_0-1,C0_0,C1_0-1,C0_0,C1_0-1).
(r44) p1852(A,B) :- inv0(A,C0_0,C0_0,C1_0-1,C1_0-1,C2_0,C2_0,C,C,C1_0,C1_0,C3_0,C3_0,B,C2_0,C,C2_0,C,C2_0,C,C2_0,C,C2_0,C).
(r45) p2149(A,B) :- inv0(C0_0,C1_0-1,C,C2_0,C1_0,C3_0,A,C0_0,C1_0-1,C,C2_0,C1_0,C3_0,B,A,C0_0,A,C0_0,A,C0_0,A,C0_0,A,C0_0).
(r46) p41(A,B) :- inv0(C0_0,C1_0-2,C1_0-1,C2_0,C,C1_0,A,C0_0,C1_0-2,C1_0-1,C2_0,C,C1_0,C4_0,C4_0,C3_0,C3_0,C5_0,C5_0,B,A,C0_0,A,C0_0).
(r47) p63(A,B) :- inv0(C1_0-1,C2_0-1,C1_0,C3_0,C3_0,C6_0,A,C0_0,C0_0,C1_0-2,C1_0-2,C1_0-1,C2_0-1,C,C,C2_0,C2_0,C1_0,C6_0,B,A,C0_0,A,C0_0).
(r48) p423(A,B) :- inv0(A,C0_0-1,C,C2_0,C3_0,C7_0,C0_0-1,C0_0,C0_0,C1_0-1,C1_0-1,C,C2_0,C1_0,C1_0,C6_0,C6_0,C3_0,C7_0,B,C0_0-1,C0_0,C0_0-1,C0_0).
(r49) p590(A,B) :- inv0(A,C0_0,C0_0,C1_0-2,C,C1_0,C1_0-2,C1_0-1,C1_0-1,C2_0,C2_0,C,C1_0,C4_0,C4_0,C3_0,C3_0,C5_0,C5_0,B,C1_0-2,C1_0-1,C1_0-2,C1_0-1).
(r50) p1326(A,B) :- inv0(C0_0,C2_0-1,C1_0-1,C3_0-1,C1_0,C6_0,A,C0_0-1,C0_0-1,C0_0,C2_0-1,C1_0-1,C3_0-1,C,C,C2_0,C2_0,C1_0,C6_0,C3_0,C3_0,C7_0,C7_0,B).
====================
