number of rules: 48
program size: 361
(r1) p15(A,B) :- place1(A,C), place1(C,B).
(r2) p17(A,B) :- right(A,C), place1(C,B).
(r3) p4(A,B) :- right(A,C), place1(C,C1_0), place1(C1_0,B).
(r4) p9(A,B) :- place1(A,C), right(C,C1_0), place1(C1_0,B).
(r5) p75(A,B) :- right(A,C), right(C,C1_0), place1(C1_0,B).
(r6) p311(A,B) :- place1(A,C), place1(C,C1_0), place1(C1_0,B).
(r7) p5(A,B) :- place1(A,C), right(C,C1_0), place1(C1_0,C2_0), place1(C2_0,B).
(r8) p115(A,B) :- right(A,C), right(C,C1_0), place1(C1_0,C2_0), place1(C2_0,B).
(r9) p135(A,B) :- right(A,C0_0), place1(C0_0,C), place1(C,C1_0), place1(C1_0,B).
(r10) p321(A,B) :- place1(A,C), right(C,C1_0), right(C1_0,C2_0), place1(C2_0,B).
(r11) p421(A,B) :- right(A,C0_0), place1(C0_0,C), right(C,C1_0), place1(C1_0,B).
(r12) p716(A,B) :- place1(A,C0_0), place1(C0_0,C), place1(C,C1_0), place1(C1_0,B).
(r13) p1291(A,B) :- right(A,C), right(C,C1_0), right(C1_0,C2_0), place1(C2_0,B).
(r14) p11(A,B) :- place1(A,C0_0), place1(C0_0,C), right(C,C1_0), place1(C1_0,C3_0), place1(C3_0,B).
(r15) p70(A,B) :- right(A,C0_0), place1(C0_0,C), right(C,C1_0), place1(C1_0,C3_0), place1(C3_0,B).
(r16) p87(A,B) :- right(A,C), right(C,C1_0-1), place1(C1_0-1,C1_0), place1(C1_0,C2_0), place1(C2_0,B).
(r17) p88(A,B) :- place1(A,C0_0), place1(C0_0,C), right(C,C1_0), right(C1_0,C3_0), place1(C3_0,B).
(r18) p121(A,B) :- place1(A,C), right(C,C1_0-1), place1(C1_0-1,C1_0), right(C1_0,C2_0), place1(C2_0,B).
(r19) p618(A,B) :- right(A,C0_0), place1(C0_0,C), right(C,C1_0), right(C1_0,C3_0), place1(C3_0,B).
(r20) p656(A,B) :- right(A,C), place1(C,C1_0-1), place1(C1_0-1,C1_0), place1(C1_0,C2_0), place1(C2_0,B).
(r21) p818(A,B) :- place1(A,C), right(C,C1_0), right(C1_0,C2_0), right(C2_0,C3_0), place1(C3_0,B).
(r22) p77(A,B) :- right(A,C0_0), place1(C0_0,C), right(C,C2_0), place1(C2_0,C1_0), place1(C1_0,C3_0), place1(C3_0,B).
(r23) p111(A,B) :- place1(A,C0_0), place1(C0_0,C), right(C,C2_0), place1(C2_0,C1_0), right(C1_0,C3_0), place1(C3_0,B).
(r24) p21(A,B) :- right(A,C), right(C,C1_0), place1(C1_0,C2_0-1), place1(C2_0-1,C2_0), right(C2_0,C3_0), place1(C3_0,B).
(r25) p89(A,B) :- place1(A,C0_0), place1(C0_0,C), right(C,C1_0), right(C1_0,C3_0), place1(C3_0,C4_0), place1(C4_0,B).
(r26) p1316(A,B) :- place1(A,C), right(C,C1_0-1), place1(C1_0-1,C1_0), right(C1_0,C2_0), right(C2_0,C4_0), place1(C4_0,B).
(r27) p1448(A,B) :- right(A,C), right(C,C1_0), right(C1_0,C2_0-1), place1(C2_0-1,C2_0), place1(C2_0,C3_0), place1(C3_0,B).
(r28) p1(A,B) :- place1(A,C0_0), place1(C0_0,C), right(C,C2_0), place1(C2_0,C1_0), right(C1_0,C3_0), place1(C3_0,C5_0), place1(C5_0,B).
(r29) p136(A,B) :- right(A,C0_0), place1(C0_0,C), place1(C,C1_0), place1(C1_0,C3_0-1), place1(C3_0-1,C3_0), right(C3_0,C4_0), place1(C4_0,B).
(r30) p161(A,B) :- right(A,C0_0), place1(C0_0,C), right(C,C1_0), right(C1_0,C3_0-1), place1(C3_0-1,C3_0), place1(C3_0,C4_0), place1(C4_0,B).
(r31) p213(A,B) :- place1(A,C0_0), place1(C0_0,C1_0-1), place1(C1_0-1,C), right(C,C1_0), right(C1_0,C3_0), right(C3_0,C5_0), place1(C5_0,B).
(r32) p2(A,B) :- place1(A,C0_0), place1(C0_0,C1_0-2), place1(C1_0-2,C1_0-1), right(C1_0-1,C2_0-1), place1(C2_0-1,C), right(C,C2_0), place1(C2_0,C1_0), place1(C1_0,C3_0), place1(C3_0,B).
(r33) p112(A,B) :- place1(A,C0_0-1), place1(C0_0-1,C0_0), place1(C0_0,C1_0-1), place1(C1_0-1,C), right(C,C1_0), right(C1_0,C5_0), place1(C5_0,C3_0), place1(C3_0,C6_0), place1(C6_0,B).
(r34) p134(A,B) :- right(A,C0_0-1), place1(C0_0-1,C0_0), place1(C0_0,C1_0-1), place1(C1_0-1,C), right(C,C1_0), place1(C1_0,C5_0), place1(C5_0,C3_0), right(C3_0,C6_0), place1(C6_0,B).
(r35) p460(A,B) :- right(A,C0_0-1), place1(C0_0-1,C0_0), place1(C0_0,C1_0-1), place1(C1_0-1,C), right(C,C1_0), right(C1_0,C5_0), place1(C5_0,C3_0), place1(C3_0,C6_0), place1(C6_0,B).
(r36) p18(A,B) :- place1(A,C0_0), place1(C0_0,C1_0-2), place1(C1_0-2,C1_0-1), right(C1_0-1,C2_0-1), place1(C2_0-1,C), place1(C,C2_0), place1(C2_0,C1_0), right(C1_0,C5_0), place1(C5_0,C3_0), right(C3_0,C6_0), place1(C6_0,B).
(r37) p27(A,B) :- right(A,C0_0-1), place1(C0_0-1,C0_0), place1(C0_0,C2_0), place1(C2_0,C1_0-1), right(C1_0-1,C3_0-1), place1(C3_0-1,C), right(C,C1_0), place1(C1_0,C5_0), place1(C5_0,C3_0), place1(C3_0,C6_0), place1(C6_0,B).
(r38) p2183(A,B) :- place1(A,C0_0-1), place1(C0_0-1,C0_0), right(C0_0,C1_0-1), right(C1_0-1,C3_0-1), place1(C3_0-1,C), place1(C,C2_0), place1(C2_0,C1_0), right(C1_0,C6_0), place1(C6_0,C3_0), place1(C3_0,C7_0), place1(C7_0,B).
(r39) p25(A,B) :- place1(A,C0_0), right(C0_0,C1_0-2), place1(C1_0-2,C1_0-1), place1(C1_0-1,C2_0), place1(C2_0,C), right(C,C1_0), place1(C1_0,C4_0), place1(C4_0,C3_0), right(C3_0,C5_0), place1(C5_0,B).
(r40) p61(A,B) :- place1(A,C0_0-1), place1(C0_0-1,C0_0), right(C0_0,C2_0), place1(C2_0,C1_0-1), place1(C1_0-1,C3_0-1), place1(C3_0-1,C), right(C,C1_0), right(C1_0,C3_0), place1(C3_0,C6_0), place1(C6_0,B).
(r41) p273(A,B) :- right(A,C0_0), place1(C0_0,C1_0-2), place1(C1_0-2,C1_0-1), place1(C1_0-1,C2_0), place1(C2_0,C), right(C,C1_0), place1(C1_0,C4_0), place1(C4_0,C3_0), place1(C3_0,C5_0), place1(C5_0,B).
(r42) p402(A,B) :- right(A,C0_0), right(C0_0,C1_0-2), place1(C1_0-2,C1_0-1), place1(C1_0-1,C2_0), place1(C2_0,C), right(C,C1_0), place1(C1_0,C4_0), place1(C4_0,C3_0), place1(C3_0,C5_0), place1(C5_0,B).
(r43) p35(A,B) :- place1(A,C0_0), place1(C0_0,C), right(C,C2_0), place1(C2_0,C1_0), right(C1_0,C4_0), place1(C4_0,C3_0), place1(C3_0,C5_0), place1(C5_0,B).
(r44) p65(A,B) :- right(A,C0_0), place1(C0_0,C1_0-1), place1(C1_0-1,C), right(C,C1_0), right(C1_0,C4_0), place1(C4_0,C3_0), place1(C3_0,C5_0), place1(C5_0,B).
(r45) p108(A,B) :- place1(A,C0_0-1), place1(C0_0-1,C0_0), right(C0_0,C1_0-1), place1(C1_0-1,C), right(C,C1_0), right(C1_0,C3_0), place1(C3_0,C6_0), place1(C6_0,B).
(r46) p130(A,B) :- right(A,C0_0), place1(C0_0,C), place1(C,C2_0), place1(C2_0,C1_0), right(C1_0,C4_0), place1(C4_0,C3_0), place1(C3_0,C5_0), place1(C5_0,B).
(r47) p182(A,B) :- place1(A,C0_0-1), place1(C0_0-1,C0_0), right(C0_0,C2_0-1), place1(C2_0-1,C1_0-1), right(C1_0-1,C3_0-1), place1(C3_0-1,C), place1(C,C2_0), place1(C2_0,C1_0), right(C1_0,C6_0), place1(C6_0,C3_0), place1(C3_0,C7_0), place1(C7_0,B).
(r48) p1665(A,B) :- right(A,C0_0-1), place1(C0_0-1,C0_0), place1(C0_0,C2_0-1), place1(C2_0-1,C1_0-1), right(C1_0-1,C3_0-1), place1(C3_0-1,C), place1(C,C2_0), place1(C2_0,C1_0), right(C1_0,C6_0), place1(C6_0,C3_0), place1(C3_0,C7_0), place1(C7_0,B).
====================
CP-SAT solving...
number of rules: 50
program size: 116
(inv0) inv0(X1,X2,X3,X4,X5,X6,X7,X8,X9,X10,X11,X12,X13,X14,X15,X16,X17,X18,X19,X20,X21,X22,X23,X24) :- place1(X1,X2), place1(X3,X4), place1(X5,X6), place1(X7,X8), place1(X9,X10), place1(X11,X12), place1(X13,X14), place1(X15,X16), place1(X17,X18), right(X19,X20), right(X21,X22), right(X23,X24).
(inv1) inv1(X1,X2,X3,X4) :- place1(X1,X2), place1(X3,X4).
(r1) p15(A,B) :- inv1(A,C,C,B).
(r2) p17(A,B) :- inv0(C,B,C,B,C,B,C,B,C,B,C,B,C,B,C,B,C,B,A,C,A,C,A,C).
(r3) p4(A,B) :- inv0(C,C1_0,C1_0,B,C,C1_0,C,C1_0,C,C1_0,C,C1_0,C,C1_0,C,C1_0,C,C1_0,A,C,A,C,A,C).
(r4) p9(A,B) :- inv0(A,C,C1_0,B,A,C,A,C,A,C,A,C,A,C,A,C,A,C,C,C1_0,C,C1_0,C,C1_0).
(r5) p75(A,B) :- inv0(C1_0,B,C1_0,B,C1_0,B,C1_0,B,C1_0,B,C1_0,B,C1_0,B,C1_0,B,C1_0,B,A,C,C,C1_0,A,C).
(r6) p311(A,B) :- inv1(A,C,C,C1_0), inv1(C1_0,B,A,C).
(r7) p5(A,B) :- inv0(A,C,C1_0,C2_0,C2_0,B,A,C,A,C,A,C,A,C,A,C,A,C,C,C1_0,C,C1_0,C,C1_0).
(r8) p115(A,B) :- inv0(C1_0,C2_0,C2_0,B,C1_0,C2_0,C1_0,C2_0,C1_0,C2_0,C1_0,C2_0,C1_0,C2_0,C1_0,C2_0,C1_0,C2_0,A,C,C,C1_0,A,C).
(r9) p135(A,B) :- inv0(C0_0,C,C,C1_0,C1_0,B,C0_0,C,C0_0,C,C0_0,C,C0_0,C,C0_0,C,C0_0,C,A,C0_0,A,C0_0,A,C0_0).
(r10) p321(A,B) :- inv0(A,C,C2_0,B,A,C,A,C,A,C,A,C,A,C,A,C,A,C,C,C1_0,C1_0,C2_0,C,C1_0).
(r11) p421(A,B) :- inv0(C0_0,C,C1_0,B,C0_0,C,C0_0,C,C0_0,C,C0_0,C,C0_0,C,C0_0,C,C0_0,C,A,C0_0,C,C1_0,A,C0_0).
(r12) p716(A,B) :- place1(A,C0_0), place1(C0_0,C), place1(C,C1_0), place1(C1_0,B).
(r13) p1291(A,B) :- inv0(C2_0,B,C2_0,B,C2_0,B,C2_0,B,C2_0,B,C2_0,B,C2_0,B,C2_0,B,C2_0,B,A,C,C,C1_0,C1_0,C2_0).
(r14) p11(A,B) :- inv0(A,C0_0,C0_0,C,C1_0,C3_0,C3_0,B,A,C0_0,A,C0_0,A,C0_0,A,C0_0,A,C0_0,C,C1_0,C,C1_0,C,C1_0).
(r15) p70(A,B) :- inv0(C0_0,C,C1_0,C3_0,C3_0,B,C0_0,C,C0_0,C,C0_0,C,C0_0,C,C0_0,C,C0_0,C,A,C0_0,C,C1_0,A,C0_0).
(r16) p87(A,B) :- inv0(C1_0-1,C1_0,C1_0,C2_0,C2_0,B,C1_0-1,C1_0,C1_0-1,C1_0,C1_0-1,C1_0,C1_0-1,C1_0,C1_0-1,C1_0,C1_0-1,C1_0,A,C,C,C1_0-1,A,C).
(r17) p88(A,B) :- inv0(A,C0_0,C0_0,C,C3_0,B,A,C0_0,A,C0_0,A,C0_0,A,C0_0,A,C0_0,A,C0_0,C,C1_0,C1_0,C3_0,C,C1_0).
(r18) p121(A,B) :- inv0(A,C,C1_0-1,C1_0,C2_0,B,A,C,A,C,A,C,A,C,A,C,A,C,C,C1_0-1,C1_0,C2_0,C,C1_0-1).
(r19) p618(A,B) :- inv0(C0_0,C,C3_0,B,C0_0,C,C0_0,C,C0_0,C,C0_0,C,C0_0,C,C0_0,C,C0_0,C,A,C0_0,C,C1_0,C1_0,C3_0).
(r20) p656(A,B) :- inv0(C,C1_0-1,C1_0-1,C1_0,C1_0,C2_0,C2_0,B,C,C1_0-1,C,C1_0-1,C,C1_0-1,C,C1_0-1,C,C1_0-1,A,C,A,C,A,C).
(r21) p818(A,B) :- inv0(A,C,C3_0,B,A,C,A,C,A,C,A,C,A,C,A,C,A,C,C,C1_0,C1_0,C2_0,C2_0,C3_0).
(r22) p77(A,B) :- inv0(C0_0,C,C2_0,C1_0,C1_0,C3_0,C3_0,B,C0_0,C,C0_0,C,C0_0,C,C0_0,C,C0_0,C,A,C0_0,C,C2_0,A,C0_0).
(r23) p111(A,B) :- inv0(A,C0_0,C0_0,C,C2_0,C1_0,C3_0,B,A,C0_0,A,C0_0,A,C0_0,A,C0_0,A,C0_0,C,C2_0,C1_0,C3_0,C,C2_0).
(r24) p21(A,B) :- inv0(C1_0,C2_0-1,C2_0-1,C2_0,C3_0,B,C1_0,C2_0-1,C1_0,C2_0-1,C1_0,C2_0-1,C1_0,C2_0-1,C1_0,C2_0-1,C1_0,C2_0-1,A,C,C,C1_0,C2_0,C3_0).
(r25) p89(A,B) :- inv0(A,C0_0,C0_0,C,C3_0,C4_0,C4_0,B,A,C0_0,A,C0_0,A,C0_0,A,C0_0,A,C0_0,C,C1_0,C1_0,C3_0,C,C1_0).
(r26) p1316(A,B) :- inv0(A,C,C1_0-1,C1_0,C4_0,B,A,C,A,C,A,C,A,C,A,C,A,C,C,C1_0-1,C1_0,C2_0,C2_0,C4_0).
(r27) p1448(A,B) :- inv0(C2_0-1,C2_0,C2_0,C3_0,C3_0,B,C2_0-1,C2_0,C2_0-1,C2_0,C2_0-1,C2_0,C2_0-1,C2_0,C2_0-1,C2_0,C2_0-1,C2_0,A,C,C,C1_0,C1_0,C2_0-1).
(r28) p1(A,B) :- inv0(A,C0_0,C0_0,C,C2_0,C1_0,C3_0,C5_0,C5_0,B,A,C0_0,A,C0_0,A,C0_0,A,C0_0,C,C2_0,C1_0,C3_0,C,C2_0).
(r29) p136(A,B) :- inv0(C0_0,C,C,C1_0,C1_0,C3_0-1,C3_0-1,C3_0,C4_0,B,C0_0,C,C0_0,C,C0_0,C,C0_0,C,A,C0_0,C3_0,C4_0,A,C0_0).
(r30) p161(A,B) :- inv0(C0_0,C,C3_0-1,C3_0,C3_0,C4_0,C4_0,B,C0_0,C,C0_0,C,C0_0,C,C0_0,C,C0_0,C,A,C0_0,C,C1_0,C1_0,C3_0-1).
(r31) p213(A,B) :- inv0(A,C0_0,C0_0,C1_0-1,C1_0-1,C,C5_0,B,A,C0_0,A,C0_0,A,C0_0,A,C0_0,A,C0_0,C,C1_0,C1_0,C3_0,C3_0,C5_0).
(r32) p2(A,B) :- inv0(A,C0_0,C0_0,C1_0-2,C1_0-2,C1_0-1,C2_0-1,C,C2_0,C1_0,C1_0,C3_0,C3_0,B,A,C0_0,A,C0_0,C1_0-1,C2_0-1,C,C2_0,C1_0-1,C2_0-1).
(r33) p112(A,B) :- inv0(A,C0_0-1,C0_0-1,C0_0,C0_0,C1_0-1,C1_0-1,C,C5_0,C3_0,C3_0,C6_0,C6_0,B,A,C0_0-1,A,C0_0-1,C,C1_0,C1_0,C5_0,C,C1_0).
(r34) p134(A,B) :- inv0(C0_0-1,C0_0,C0_0,C1_0-1,C1_0-1,C,C1_0,C5_0,C5_0,C3_0,C6_0,B,C0_0-1,C0_0,C0_0-1,C0_0,C0_0-1,C0_0,A,C0_0-1,C,C1_0,C3_0,C6_0).
(r35) p460(A,B) :- inv0(C0_0-1,C0_0,C0_0,C1_0-1,C1_0-1,C,C5_0,C3_0,C3_0,C6_0,C6_0,B,C0_0-1,C0_0,C0_0-1,C0_0,C0_0-1,C0_0,A,C0_0-1,C,C1_0,C1_0,C5_0).
(r36) p18(A,B) :- inv0(A,C0_0,C0_0,C1_0-2,C1_0-2,C1_0-1,C2_0-1,C,C,C2_0,C2_0,C1_0,C5_0,C3_0,C6_0,B,A,C0_0,C1_0-1,C2_0-1,C1_0,C5_0,C3_0,C6_0).
(r37) p27(A,B) :- inv0(C0_0-1,C0_0,C0_0,C2_0,C2_0,C1_0-1,C3_0-1,C,C1_0,C5_0,C5_0,C3_0,C3_0,C6_0,C6_0,B,C0_0-1,C0_0,A,C0_0-1,C1_0-1,C3_0-1,C,C1_0).
(r38) p2183(A,B) :- inv0(A,C0_0-1,C0_0-1,C0_0,C3_0-1,C,C,C2_0,C2_0,C1_0,C6_0,C3_0,C3_0,C7_0,C7_0,B,A,C0_0-1,C0_0,C1_0-1,C1_0-1,C3_0-1,C1_0,C6_0).
(r39) p25(A,B) :- inv0(A,C0_0,C1_0-2,C1_0-1,C1_0-1,C2_0,C2_0,C,C1_0,C4_0,C4_0,C3_0,C5_0,B,A,C0_0,A,C0_0,C0_0,C1_0-2,C,C1_0,C3_0,C5_0).
(r40) p61(A,B) :- inv0(A,C0_0-1,C0_0-1,C0_0,C2_0,C1_0-1,C1_0-1,C3_0-1,C3_0-1,C,C3_0,C6_0,C6_0,B,A,C0_0-1,A,C0_0-1,C0_0,C2_0,C,C1_0,C1_0,C3_0).
(r41) p273(A,B) :- inv0(C0_0,C1_0-2,C1_0-2,C1_0-1,C1_0-1,C2_0,C2_0,C,C1_0,C4_0,C4_0,C3_0,C3_0,C5_0,C5_0,B,C0_0,C1_0-2,A,C0_0,C,C1_0,A,C0_0).
(r42) p402(A,B) :- inv0(C1_0-2,C1_0-1,C1_0-1,C2_0,C2_0,C,C1_0,C4_0,C4_0,C3_0,C3_0,C5_0,C5_0,B,C1_0-2,C1_0-1,C1_0-2,C1_0-1,A,C0_0,C0_0,C1_0-2,C,C1_0).
(r43) p35(A,B) :- inv0(A,C0_0,C0_0,C,C2_0,C1_0,C4_0,C3_0,C3_0,C5_0,C5_0,B,A,C0_0,A,C0_0,A,C0_0,C,C2_0,C1_0,C4_0,C,C2_0).
(r44) p65(A,B) :- inv0(C0_0,C1_0-1,C1_0-1,C,C4_0,C3_0,C3_0,C5_0,C5_0,B,C0_0,C1_0-1,C0_0,C1_0-1,C0_0,C1_0-1,C0_0,C1_0-1,A,C0_0,C,C1_0,C1_0,C4_0).
(r45) p108(A,B) :- inv0(A,C0_0-1,C0_0-1,C0_0,C1_0-1,C,C3_0,C6_0,C6_0,B,A,C0_0-1,A,C0_0-1,A,C0_0-1,A,C0_0-1,C0_0,C1_0-1,C,C1_0,C1_0,C3_0).
(r46) p130(A,B) :- inv0(C0_0,C,C,C2_0,C2_0,C1_0,C4_0,C3_0,C3_0,C5_0,C5_0,B,C0_0,C,C0_0,C,C0_0,C,A,C0_0,C1_0,C4_0,A,C0_0).
(r47) p182(A,B) :- inv0(A,C0_0-1,C0_0-1,C0_0,C2_0-1,C1_0-1,C3_0-1,C,C,C2_0,C2_0,C1_0,C6_0,C3_0,C3_0,C7_0,C7_0,B,C0_0,C2_0-1,C1_0-1,C3_0-1,C1_0,C6_0).
(r48) p1665(A,B) :- inv0(C0_0-1,C0_0,C0_0,C2_0-1,C2_0-1,C1_0-1,C3_0-1,C,C,C2_0,C2_0,C1_0,C6_0,C3_0,C3_0,C7_0,C7_0,B,A,C0_0-1,C1_0-1,C3_0-1,C1_0,C6_0).
====================
