number of rules: 48
program size: 360
(r1) p1(A,B) :- place1(A,C), place1(C,B).
(r2) p16(A,B) :- right(A,C), place1(C,B).
(r3) p9(A,B) :- place1(A,C0_0), place1(C0_0,C), right(C,C2_0), place1(C2_0,C1_0), place1(C1_0,C3_0), place1(C3_0,B).
(r4) p35(A,B) :- right(A,C0_0), place1(C0_0,C), place1(C,C2_0), place1(C2_0,C1_0), right(C1_0,C3_0), place1(C3_0,B).
(r5) p51(A,B) :- place1(A,C0_0), place1(C0_0,C), right(C,C1_0), right(C1_0,C3_0), place1(C3_0,C4_0), place1(C4_0,B).
(r6) p192(A,B) :- place1(A,C0_0), right(C0_0,C1_0-1), right(C1_0-1,C2_0), place1(C2_0,C), right(C,C1_0), place1(C1_0,B).
(r7) p259(A,B) :- right(A,C), place1(C,C1_0-1), place1(C1_0-1,C1_0), right(C1_0,C2_0), right(C2_0,C4_0), place1(C4_0,B).
(r8) p804(A,B) :- right(A,C), right(C,C1_0), right(C1_0,C2_0-1), place1(C2_0-1,C2_0), place1(C2_0,C3_0), place1(C3_0,B).
(r9) p12(A,B) :- place1(A,C0_0), place1(C0_0,C), right(C,C1_0), place1(C1_0,B).
(r10) p62(A,B) :- place1(A,C), right(C,C1_0), right(C1_0,C2_0), place1(C2_0,B).
(r11) p177(A,B) :- right(A,C), right(C,C1_0), place1(C1_0,C2_0), place1(C2_0,B).
(r12) p260(A,B) :- right(A,C0_0), place1(C0_0,C), place1(C,C1_0), place1(C1_0,B).
(r13) p312(A,B) :- right(A,C0_0), place1(C0_0,C), right(C,C1_0), place1(C1_0,B).
(r14) p407(A,B) :- right(A,C), right(C,C1_0), right(C1_0,C2_0), place1(C2_0,B).
(r15) p648(A,B) :- place1(A,C0_0), place1(C0_0,C), place1(C,C1_0), place1(C1_0,B).
(r16) p17(A,B) :- place1(A,C0_0), place1(C0_0,C), right(C,C1_0), place1(C1_0,C3_0), place1(C3_0,B).
(r17) p18(A,B) :- right(A,C0_0), place1(C0_0,C), right(C,C1_0), place1(C1_0,C3_0), place1(C3_0,B).
(r18) p152(A,B) :- right(A,C), right(C,C1_0-1), place1(C1_0-1,C1_0), place1(C1_0,C2_0), place1(C2_0,B).
(r19) p158(A,B) :- place1(A,C0_0), place1(C0_0,C), right(C,C1_0), right(C1_0,C3_0), place1(C3_0,B).
(r20) p208(A,B) :- place1(A,C), right(C,C1_0-1), place1(C1_0-1,C1_0), right(C1_0,C2_0), place1(C2_0,B).
(r21) p209(A,B) :- right(A,C0_0), place1(C0_0,C), right(C,C1_0), right(C1_0,C3_0), place1(C3_0,B).
(r22) p231(A,B) :- place1(A,C), right(C,C1_0), right(C1_0,C2_0), right(C2_0,C3_0), place1(C3_0,B).
(r23) p24(A,B) :- place1(A,C), right(C,C1_0), place1(C1_0,B).
(r24) p33(A,B) :- right(A,C), place1(C,C1_0), place1(C1_0,B).
(r25) p87(A,B) :- right(A,C), right(C,C1_0), place1(C1_0,B).
(r26) p187(A,B) :- place1(A,C), place1(C,C1_0), place1(C1_0,B).
(r27) p0(A,B) :- place1(A,C0_0), place1(C0_0,C1_0-1), place1(C1_0-1,C), right(C,C1_0), right(C1_0,C3_0), place1(C3_0,C5_0), place1(C5_0,B).
(r28) p5(A,B) :- place1(A,C), right(C,C1_0-1), place1(C1_0-1,C1_0), place1(C1_0,C3_0), place1(C3_0,C2_0), right(C2_0,C4_0), place1(C4_0,B).
(r29) p38(A,B) :- right(A,C0_0), place1(C0_0,C), place1(C,C2_0), place1(C2_0,C1_0), right(C1_0,C3_0), place1(C3_0,C5_0), place1(C5_0,B).
(r30) p275(A,B) :- right(A,C), right(C,C1_0-1), place1(C1_0-1,C1_0), place1(C1_0,C3_0), place1(C3_0,C2_0), right(C2_0,C4_0), place1(C4_0,B).
(r31) p750(A,B) :- right(A,C0_0), right(C0_0,C1_0-1), right(C1_0-1,C2_0), place1(C2_0,C), place1(C,C1_0), place1(C1_0,C3_0), place1(C3_0,B).
(r32) p1085(A,B) :- place1(A,C0_0), right(C0_0,C1_0-1), place1(C1_0-1,C), right(C,C2_0), place1(C2_0,C1_0), right(C1_0,C3_0), place1(C3_0,B).
(r33) p2(A,B) :- right(A,C0_0-1), place1(C0_0-1,C0_0), right(C0_0,C1_0-1), place1(C1_0-1,C3_0-1), place1(C3_0-1,C), right(C,C1_0), place1(C1_0,C3_0), place1(C3_0,B).
(r34) p8(A,B) :- place1(A,C0_0), place1(C0_0,C1_0-1), place1(C1_0-1,C), right(C,C1_0), right(C1_0,C4_0), place1(C4_0,C3_0), place1(C3_0,C5_0), place1(C5_0,B).
(r35) p13(A,B) :- place1(A,C0_0), place1(C0_0,C), right(C,C2_0), place1(C2_0,C1_0), place1(C1_0,C4_0), place1(C4_0,C3_0), right(C3_0,C5_0), place1(C5_0,B).
(r36) p138(A,B) :- right(A,C0_0-1), place1(C0_0-1,C0_0), right(C0_0,C1_0-1), right(C1_0-1,C3_0-1), place1(C3_0-1,C), place1(C,C1_0), place1(C1_0,C3_0), place1(C3_0,B).
(r37) p4(A,B) :- place1(A,C0_0), right(C0_0,C1_0-2), place1(C1_0-2,C1_0-1), place1(C1_0-1,C2_0-1), place1(C2_0-1,C), right(C,C2_0), place1(C2_0,C1_0), place1(C1_0,C5_0), place1(C5_0,C3_0), right(C3_0,C6_0), place1(C6_0,B).
(r38) p651(A,B) :- place1(A,C0_0-1), place1(C0_0-1,C0_0), right(C0_0,C2_0), place1(C2_0,C1_0-1), place1(C1_0-1,C3_0-1), place1(C3_0-1,C), right(C,C1_0), right(C1_0,C5_0), place1(C5_0,C3_0), place1(C3_0,C6_0), place1(C6_0,B).
(r39) p1409(A,B) :- right(A,C0_0-1), place1(C0_0-1,C0_0), right(C0_0,C1_0-1), place1(C1_0-1,C3_0-1), place1(C3_0-1,C), place1(C,C2_0), place1(C2_0,C1_0), right(C1_0,C6_0), place1(C6_0,C3_0), place1(C3_0,C7_0), place1(C7_0,B).
(r40) p7(A,B) :- place1(A,C0_0-1), place1(C0_0-1,C0_0), right(C0_0,C2_0), place1(C2_0,C1_0-1), place1(C1_0-1,C3_0-1), place1(C3_0-1,C), right(C,C1_0), right(C1_0,C3_0), place1(C3_0,B).
(r41) p29(A,B) :- place1(A,C0_0), place1(C0_0,C1_0-2), place1(C1_0-2,C1_0-1), right(C1_0-1,C2_0-1), place1(C2_0-1,C), right(C,C2_0), place1(C2_0,C1_0), place1(C1_0,C3_0), place1(C3_0,B).
(r42) p278(A,B) :- right(A,C0_0), right(C0_0,C1_0-2), place1(C1_0-2,C1_0-1), place1(C1_0-1,C2_0), place1(C2_0,C), place1(C,C1_0), right(C1_0,C3_0), place1(C3_0,C5_0), place1(C5_0,B).
(r43) p378(A,B) :- right(A,C0_0-1), place1(C0_0-1,C0_0), right(C0_0,C1_0-1), place1(C1_0-1,C3_0-1), place1(C3_0-1,C), place1(C,C2_0), place1(C2_0,C1_0), right(C1_0,C3_0), place1(C3_0,B).
(r44) p58(A,B) :- place1(A,C0_0-1), place1(C0_0-1,C0_0), right(C0_0,C2_0), place1(C2_0,C1_0-1), right(C1_0-1,C3_0-1), place1(C3_0-1,C), place1(C,C1_0), right(C1_0,C3_0), place1(C3_0,C6_0), place1(C6_0,B).
(r45) p159(A,B) :- place1(A,C0_0-1), place1(C0_0-1,C0_0), right(C0_0,C2_0), place1(C2_0,C1_0-1), place1(C1_0-1,C3_0-1), place1(C3_0-1,C), place1(C,C1_0), right(C1_0,C3_0), right(C3_0,C6_0), place1(C6_0,B).
(r46) p237(A,B) :- right(A,C0_0-1), place1(C0_0-1,C0_0), place1(C0_0,C2_0), place1(C2_0,C1_0-1), right(C1_0-1,C3_0-1), place1(C3_0-1,C), place1(C,C1_0), right(C1_0,C3_0), place1(C3_0,C6_0), place1(C6_0,B).
(r47) p65(A,B) :- place1(A,C0_0-1), place1(C0_0-1,C0_0), right(C0_0,C2_0-1), place1(C2_0-1,C1_0-1), place1(C1_0-1,C3_0-1), place1(C3_0-1,C), right(C,C2_0), place1(C2_0,C1_0), place1(C1_0,C6_0), place1(C6_0,C3_0), right(C3_0,C7_0), place1(C7_0,B).
(r48) p194(A,B) :- right(A,C0_0-1), place1(C0_0-1,C0_0), place1(C0_0,C2_0-1), place1(C2_0-1,C1_0-1), right(C1_0-1,C3_0-1), place1(C3_0-1,C), place1(C,C2_0), place1(C2_0,C1_0), right(C1_0,C6_0), place1(C6_0,C3_0), place1(C3_0,C7_0), place1(C7_0,B).
====================
CP-SAT solving...
number of rules: 50
program size: 116
(inv0) inv0(X1,X2,X3,X4,X5,X6,X7,X8,X9,X10,X11,X12,X13,X14,X15,X16,X17,X18,X19,X20,X21,X22,X23,X24) :- right(X1,X2), right(X3,X4), right(X5,X6), place1(X7,X8), place1(X9,X10), place1(X11,X12), place1(X13,X14), place1(X15,X16), place1(X17,X18), place1(X19,X20), place1(X21,X22), place1(X23,X24).
(inv1) inv1() :- .
(r1) p1(A,B) :- place1(A,C), place1(C,B).
(r2) p16(A,B) :- inv0(A,C,A,C,A,C,C,B,C,B,C,B,C,B,C,B,C,B,C,B,C,B,C,B).
(r3) p9(A,B) :- inv0(C,C2_0,C,C2_0,C,C2_0,A,C0_0,C0_0,C,C2_0,C1_0,C1_0,C3_0,C3_0,B,A,C0_0,A,C0_0,A,C0_0,A,C0_0).
(r4) p35(A,B) :- inv0(A,C0_0,C1_0,C3_0,A,C0_0,C0_0,C,C,C2_0,C2_0,C1_0,C3_0,B,C0_0,C,C0_0,C,C0_0,C,C0_0,C,C0_0,C).
(r5) p51(A,B) :- inv0(C,C1_0,C1_0,C3_0,C,C1_0,A,C0_0,C0_0,C,C3_0,C4_0,C4_0,B,A,C0_0,A,C0_0,A,C0_0,A,C0_0,A,C0_0).
(r6) p192(A,B) :- inv0(C0_0,C1_0-1,C1_0-1,C2_0,C,C1_0,A,C0_0,C2_0,C,C1_0,B,A,C0_0,A,C0_0,A,C0_0,A,C0_0,A,C0_0,A,C0_0).
(r7) p259(A,B) :- inv0(A,C,C1_0,C2_0,C2_0,C4_0,C,C1_0-1,C1_0-1,C1_0,C4_0,B,C,C1_0-1,C,C1_0-1,C,C1_0-1,C,C1_0-1,C,C1_0-1,C,C1_0-1).
(r8) p804(A,B) :- inv0(A,C,C,C1_0,C1_0,C2_0-1,C2_0-1,C2_0,C2_0,C3_0,C3_0,B,C2_0-1,C2_0,C2_0-1,C2_0,C2_0-1,C2_0,C2_0-1,C2_0,C2_0-1,C2_0,C2_0-1,C2_0).
(r9) p12(A,B) :- inv0(C,C1_0,C,C1_0,C,C1_0,A,C0_0,C0_0,C,C1_0,B,A,C0_0,A,C0_0,A,C0_0,A,C0_0,A,C0_0,A,C0_0).
(r10) p62(A,B) :- inv0(C,C1_0,C1_0,C2_0,C,C1_0,A,C,C2_0,B,A,C,A,C,A,C,A,C,A,C,A,C,A,C).
(r11) p177(A,B) :- inv0(A,C,C,C1_0,A,C,C1_0,C2_0,C2_0,B,C1_0,C2_0,C1_0,C2_0,C1_0,C2_0,C1_0,C2_0,C1_0,C2_0,C1_0,C2_0,C1_0,C2_0).
(r12) p260(A,B) :- inv0(A,C0_0,A,C0_0,A,C0_0,C0_0,C,C,C1_0,C1_0,B,C0_0,C,C0_0,C,C0_0,C,C0_0,C,C0_0,C,C0_0,C).
(r13) p312(A,B) :- inv0(A,C0_0,C,C1_0,A,C0_0,C0_0,C,C1_0,B,C0_0,C,C0_0,C,C0_0,C,C0_0,C,C0_0,C,C0_0,C,C0_0,C).
(r14) p407(A,B) :- inv0(A,C,C,C1_0,C1_0,C2_0,C2_0,B,C2_0,B,C2_0,B,C2_0,B,C2_0,B,C2_0,B,C2_0,B,C2_0,B,C2_0,B).
(r15) p648(A,B) :- place1(A,C0_0), place1(C0_0,C), place1(C,C1_0), place1(C1_0,B).
(r16) p17(A,B) :- inv0(C,C1_0,C,C1_0,C,C1_0,A,C0_0,C0_0,C,C1_0,C3_0,C3_0,B,A,C0_0,A,C0_0,A,C0_0,A,C0_0,A,C0_0).
(r17) p18(A,B) :- inv0(A,C0_0,C,C1_0,A,C0_0,C0_0,C,C1_0,C3_0,C3_0,B,C0_0,C,C0_0,C,C0_0,C,C0_0,C,C0_0,C,C0_0,C).
(r18) p152(A,B) :- inv0(A,C,C,C1_0-1,A,C,C1_0-1,C1_0,C1_0,C2_0,C2_0,B,C1_0-1,C1_0,C1_0-1,C1_0,C1_0-1,C1_0,C1_0-1,C1_0,C1_0-1,C1_0,C1_0-1,C1_0).
(r19) p158(A,B) :- inv0(C,C1_0,C1_0,C3_0,C,C1_0,A,C0_0,C0_0,C,C3_0,B,A,C0_0,A,C0_0,A,C0_0,A,C0_0,A,C0_0,A,C0_0).
(r20) p208(A,B) :- inv0(C,C1_0-1,C1_0,C2_0,C,C1_0-1,A,C,C1_0-1,C1_0,C2_0,B,A,C,A,C,A,C,A,C,A,C,A,C).
(r21) p209(A,B) :- inv0(A,C0_0,C,C1_0,C1_0,C3_0,C0_0,C,C3_0,B,C0_0,C,C0_0,C,C0_0,C,C0_0,C,C0_0,C,C0_0,C,C0_0,C).
(r22) p231(A,B) :- inv0(C,C1_0,C1_0,C2_0,C2_0,C3_0,A,C,C3_0,B,A,C,A,C,A,C,A,C,A,C,A,C,A,C).
(r23) p24(A,B) :- inv0(C,C1_0,C,C1_0,C,C1_0,A,C,C1_0,B,A,C,A,C,A,C,A,C,A,C,A,C,A,C).
(r24) p33(A,B) :- inv0(A,C,A,C,A,C,C,C1_0,C1_0,B,C,C1_0,C,C1_0,C,C1_0,C,C1_0,C,C1_0,C,C1_0,C,C1_0).
(r25) p87(A,B) :- inv0(A,C,C,C1_0,A,C,C1_0,B,C1_0,B,C1_0,B,C1_0,B,C1_0,B,C1_0,B,C1_0,B,C1_0,B,C1_0,B).
(r26) p187(A,B) :- place1(A,C), place1(C,C1_0), place1(C1_0,B).
(r27) p0(A,B) :- inv0(C,C1_0,C1_0,C3_0,C,C1_0,A,C0_0,C0_0,C1_0-1,C1_0-1,C,C3_0,C5_0,C5_0,B,A,C0_0,A,C0_0,A,C0_0,A,C0_0).
(r28) p5(A,B) :- inv0(C,C1_0-1,C2_0,C4_0,C,C1_0-1,A,C,C1_0-1,C1_0,C1_0,C3_0,C3_0,C2_0,C4_0,B,A,C,A,C,A,C,A,C).
(r29) p38(A,B) :- inv0(A,C0_0,C1_0,C3_0,A,C0_0,C0_0,C,C,C2_0,C2_0,C1_0,C3_0,C5_0,C5_0,B,C0_0,C,C0_0,C,C0_0,C,C0_0,C).
(r30) p275(A,B) :- inv0(A,C,C,C1_0-1,C2_0,C4_0,C1_0-1,C1_0,C1_0,C3_0,C3_0,C2_0,C4_0,B,C1_0-1,C1_0,C1_0-1,C1_0,C1_0-1,C1_0,C1_0-1,C1_0,C1_0-1,C1_0).
(r31) p750(A,B) :- inv0(A,C0_0,C0_0,C1_0-1,C1_0-1,C2_0,C2_0,C,C,C1_0,C1_0,C3_0,C3_0,B,C2_0,C,C2_0,C,C2_0,C,C2_0,C,C2_0,C).
(r32) p1085(A,B) :- inv0(C0_0,C1_0-1,C,C2_0,C1_0,C3_0,A,C0_0,C1_0-1,C,C2_0,C1_0,C3_0,B,A,C0_0,A,C0_0,A,C0_0,A,C0_0,A,C0_0).
(r33) p2(A,B) :- inv0(A,C0_0-1,C0_0,C1_0-1,C,C1_0,C0_0-1,C0_0,C1_0-1,C3_0-1,C3_0-1,C,C1_0,C3_0,C3_0,B,C0_0-1,C0_0,C0_0-1,C0_0,C0_0-1,C0_0,C0_0-1,C0_0).
(r34) p8(A,B) :- inv0(C,C1_0,C1_0,C4_0,C,C1_0,A,C0_0,C0_0,C1_0-1,C1_0-1,C,C4_0,C3_0,C3_0,C5_0,C5_0,B,A,C0_0,A,C0_0,A,C0_0).
(r35) p13(A,B) :- inv0(C,C2_0,C3_0,C5_0,C,C2_0,A,C0_0,C0_0,C,C2_0,C1_0,C1_0,C4_0,C4_0,C3_0,C5_0,B,A,C0_0,A,C0_0,A,C0_0).
(r36) p138(A,B) :- inv0(A,C0_0-1,C0_0,C1_0-1,C1_0-1,C3_0-1,C0_0-1,C0_0,C3_0-1,C,C,C1_0,C1_0,C3_0,C3_0,B,C0_0-1,C0_0,C0_0-1,C0_0,C0_0-1,C0_0,C0_0-1,C0_0).
(r37) p4(A,B) :- inv0(C0_0,C1_0-2,C,C2_0,C3_0,C6_0,A,C0_0,C1_0-2,C1_0-1,C1_0-1,C2_0-1,C2_0-1,C,C2_0,C1_0,C1_0,C5_0,C5_0,C3_0,C6_0,B,A,C0_0).
(r38) p651(A,B) :- inv0(C0_0,C2_0,C,C1_0,C1_0,C5_0,A,C0_0-1,C0_0-1,C0_0,C2_0,C1_0-1,C1_0-1,C3_0-1,C3_0-1,C,C5_0,C3_0,C3_0,C6_0,C6_0,B,A,C0_0-1).
(r39) p1409(A,B) :- inv0(A,C0_0-1,C0_0,C1_0-1,C1_0,C6_0,C0_0-1,C0_0,C1_0-1,C3_0-1,C3_0-1,C,C,C2_0,C2_0,C1_0,C6_0,C3_0,C3_0,C7_0,C7_0,B,C0_0-1,C0_0).
(r40) p7(A,B) :- inv0(C0_0,C2_0,C,C1_0,C1_0,C3_0,A,C0_0-1,C0_0-1,C0_0,C2_0,C1_0-1,C1_0-1,C3_0-1,C3_0-1,C,C3_0,B,A,C0_0-1,A,C0_0-1,A,C0_0-1).
(r41) p29(A,B) :- inv0(C1_0-1,C2_0-1,C,C2_0,C1_0-1,C2_0-1,A,C0_0,C0_0,C1_0-2,C1_0-2,C1_0-1,C2_0-1,C,C2_0,C1_0,C1_0,C3_0,C3_0,B,A,C0_0,A,C0_0).
(r42) p278(A,B) :- inv0(A,C0_0,C0_0,C1_0-2,C1_0,C3_0,C1_0-2,C1_0-1,C1_0-1,C2_0,C2_0,C,C,C1_0,C3_0,C5_0,C5_0,B,C1_0-2,C1_0-1,C1_0-2,C1_0-1,C1_0-2,C1_0-1).
(r43) p378(A,B) :- inv0(A,C0_0-1,C0_0,C1_0-1,C1_0,C3_0,C0_0-1,C0_0,C1_0-1,C3_0-1,C3_0-1,C,C,C2_0,C2_0,C1_0,C3_0,B,C0_0-1,C0_0,C0_0-1,C0_0,C0_0-1,C0_0).
(r44) p58(A,B) :- inv0(C0_0,C2_0,C1_0-1,C3_0-1,C1_0,C3_0,A,C0_0-1,C0_0-1,C0_0,C2_0,C1_0-1,C3_0-1,C,C,C1_0,C3_0,C6_0,C6_0,B,A,C0_0-1,A,C0_0-1).
(r45) p159(A,B) :- inv0(C0_0,C2_0,C1_0,C3_0,C3_0,C6_0,A,C0_0-1,C0_0-1,C0_0,C2_0,C1_0-1,C1_0-1,C3_0-1,C3_0-1,C,C,C1_0,C6_0,B,A,C0_0-1,A,C0_0-1).
(r46) p237(A,B) :- inv0(A,C0_0-1,C1_0-1,C3_0-1,C1_0,C3_0,C0_0-1,C0_0,C0_0,C2_0,C2_0,C1_0-1,C3_0-1,C,C,C1_0,C3_0,C6_0,C6_0,B,C0_0-1,C0_0,C0_0-1,C0_0).
(r47) p65(A,B) :- inv0(C0_0,C2_0-1,C,C2_0,C3_0,C7_0,A,C0_0-1,C0_0-1,C0_0,C2_0-1,C1_0-1,C1_0-1,C3_0-1,C3_0-1,C,C2_0,C1_0,C1_0,C6_0,C6_0,C3_0,C7_0,B).
(r48) p194(A,B) :- inv0(A,C0_0-1,C1_0-1,C3_0-1,C1_0,C6_0,C0_0-1,C0_0,C0_0,C2_0-1,C2_0-1,C1_0-1,C3_0-1,C,C,C2_0,C2_0,C1_0,C6_0,C3_0,C3_0,C7_0,C7_0,B).
====================
