number of rules: 46
program size: 367
(r1) p48(A,B) :- right(A,C), place1(C,B).
(r2) p113(A,B) :- place1(A,C), place1(C,B).
(r3) p0(A,B) :- place1(A,C), right(C,C1_0), place1(C1_0,C2_0), place1(C2_0,B).
(r4) p23(A,B) :- right(A,C0_0), place1(C0_0,C), right(C,C1_0), place1(C1_0,B).
(r5) p100(A,B) :- right(A,C), right(C,C1_0), place1(C1_0,C2_0), place1(C2_0,B).
(r6) p131(A,B) :- place1(A,C0_0), place1(C0_0,C), place1(C,C1_0), place1(C1_0,B).
(r7) p357(A,B) :- right(A,C), right(C,C1_0), right(C1_0,C2_0), place1(C2_0,B).
(r8) p1(A,B) :- place1(A,C), right(C,C1_0), place1(C1_0,B).
(r9) p8(A,B) :- right(A,C), place1(C,C1_0), place1(C1_0,B).
(r10) p72(A,B) :- place1(A,C), place1(C,C1_0), place1(C1_0,B).
(r11) p83(A,B) :- right(A,C), right(C,C1_0), place1(C1_0,B).
(r12) p4(A,B) :- place1(A,C0_0), place1(C0_0,C), right(C,C1_0), right(C1_0,C3_0), place1(C3_0,B).
(r13) p33(A,B) :- place1(A,C), right(C,C1_0-1), place1(C1_0-1,C1_0), place1(C1_0,C2_0), place1(C2_0,B).
(r14) p43(A,B) :- place1(A,C), right(C,C1_0-1), place1(C1_0-1,C1_0), right(C1_0,C2_0), place1(C2_0,B).
(r15) p185(A,B) :- right(A,C), right(C,C1_0-1), place1(C1_0-1,C1_0), place1(C1_0,C2_0), place1(C2_0,B).
(r16) p254(A,B) :- right(A,C), place1(C,C1_0-1), place1(C1_0-1,C1_0), right(C1_0,C2_0), place1(C2_0,B).
(r17) p266(A,B) :- right(A,C0_0), place1(C0_0,C), right(C,C1_0), right(C1_0,C3_0), place1(C3_0,B).
(r18) p176(A,B) :- place1(A,C), right(C,C1_0), right(C1_0,C2_0), right(C2_0,C3_0), place1(C3_0,B).
(r19) p19(A,B) :- place1(A,C0_0), place1(C0_0,C), right(C,C2_0), place1(C2_0,C1_0), right(C1_0,C3_0), place1(C3_0,B).
(r20) p79(A,B) :- right(A,C0_0), place1(C0_0,C1_0-1), place1(C1_0-1,C), right(C,C1_0), place1(C1_0,C3_0), place1(C3_0,B).
(r21) p15(A,B) :- place1(A,C), right(C,C1_0), right(C1_0,C2_0-1), place1(C2_0-1,C2_0), place1(C2_0,C3_0), place1(C3_0,B).
(r22) p249(A,B) :- right(A,C), right(C,C1_0), place1(C1_0,C2_0-1), place1(C2_0-1,C2_0), right(C2_0,C3_0), place1(C3_0,B).
(r23) p341(A,B) :- right(A,C0_0), right(C0_0,C1_0-1), place1(C1_0-1,C), place1(C,C1_0), place1(C1_0,C3_0), place1(C3_0,B).
(r24) p64(A,B) :- right(A,C0_0-1), place1(C0_0-1,C0_0), place1(C0_0,C1_0-1), place1(C1_0-1,C), right(C,C2_0), place1(C2_0,C1_0), place1(C1_0,C3_0), place1(C3_0,B).
(r25) p5(A,B) :- place1(A,C0_0), place1(C0_0,C1_0-1), place1(C1_0-1,C), right(C,C1_0), right(C1_0,C4_0), place1(C4_0,C3_0), place1(C3_0,C5_0), place1(C5_0,B).
(r26) p25(A,B) :- place1(A,C0_0), right(C0_0,C1_0-1), place1(C1_0-1,C2_0-1), place1(C2_0-1,C), right(C,C2_0), place1(C2_0,C1_0), right(C1_0,C3_0), place1(C3_0,B).
(r27) p70(A,B) :- right(A,C), right(C,C1_0-2), place1(C1_0-2,C1_0-1), right(C1_0-1,C2_0-1), place1(C2_0-1,C1_0), place1(C1_0,C2_0), place1(C2_0,C4_0), place1(C4_0,B).
(r28) p2(A,B) :- place1(A,C0_0), right(C0_0,C1_0-1), place1(C1_0-1,C2_0-1), place1(C2_0-1,C), place1(C,C2_0), place1(C2_0,C1_0), right(C1_0,C3_0), place1(C3_0,C6_0), place1(C6_0,B).
(r29) p21(A,B) :- right(A,C0_0), place1(C0_0,C1_0-2), place1(C1_0-2,C1_0-1), right(C1_0-1,C2_0-1), place1(C2_0-1,C), right(C,C2_0), place1(C2_0,C1_0), place1(C1_0,C3_0), place1(C3_0,B).
(r30) p31(A,B) :- place1(A,C), place1(C,C1_0-2), place1(C1_0-2,C1_0-1), right(C1_0-1,C2_0-1), right(C2_0-1,C4_0-1), place1(C4_0-1,C1_0), right(C1_0,C2_0), place1(C2_0,C4_0), place1(C4_0,B).
(r31) p359(A,B) :- right(A,C), place1(C,C1_0-2), place1(C1_0-2,C1_0-1), place1(C1_0-1,C2_0-1), place1(C2_0-1,C1_0), right(C1_0,C2_0), right(C2_0,C4_0), place1(C4_0,C7_0), place1(C7_0,B).
(r32) p7(A,B) :- right(A,C0_0-1), place1(C0_0-1,C0_0), place1(C0_0,C1_0-1), place1(C1_0-1,C), right(C,C2_0), place1(C2_0,C5_0), place1(C5_0,C1_0), right(C1_0,C3_0), place1(C3_0,C7_0), place1(C7_0,B).
(r33) p11(A,B) :- place1(A,C0_0-1), place1(C0_0-1,C0_0), right(C0_0,C1_0-1), right(C1_0-1,C3_0-1), place1(C3_0-1,C), place1(C,C2_0), place1(C2_0,C1_0), right(C1_0,C3_0), place1(C3_0,C7_0), place1(C7_0,B).
(r34) p44(A,B) :- place1(A,C0_0-1), place1(C0_0-1,C0_0), place1(C0_0,C2_0-1), place1(C2_0-1,C1_0-1), right(C1_0-1,C3_0-1), place1(C3_0-1,C), right(C,C2_0), place1(C2_0,C1_0), right(C1_0,C3_0), place1(C3_0,B).
(r35) p179(A,B) :- right(A,C), place1(C,C1_0-2), place1(C1_0-2,C1_0-1), place1(C1_0-1,C2_0-1), place1(C2_0-1,C1_0), right(C1_0,C2_0), right(C2_0,C6_0), place1(C6_0,C4_0), place1(C4_0,C7_0), place1(C7_0,B).
(r36) p10(A,B) :- place1(A,C0_0-1), place1(C0_0-1,C0_0), place1(C0_0,C2_0-1), place1(C2_0-1,C1_0-1), right(C1_0-1,C3_0-1), place1(C3_0-1,C), right(C,C4_0), place1(C4_0,C2_0), place1(C2_0,C5_0), place1(C5_0,C1_0), right(C1_0,C6_0), place1(C6_0,C3_0), place1(C3_0,C7_0), place1(C7_0,B).
(r37) p12(A,B) :- place1(A,C), place1(C,C1_0-2), place1(C1_0-2,C1_0-1), right(C1_0-1,C2_0-1), place1(C2_0-1,C1_0), right(C1_0,C5_0), place1(C5_0,C3_0), place1(C3_0,C6_0), place1(C6_0,C2_0), right(C2_0,C7_0), place1(C7_0,C4_0), place1(C4_0,C8_0), place1(C8_0,B).
(r38) p20(A,B) :- place1(A,C), right(C,C1_0-1), place1(C1_0-1,C1_0), place1(C1_0,C3_0), place1(C3_0,C2_0), right(C2_0,C4_0), place1(C4_0,B).
(r39) p34(A,B) :- place1(A,C0_0), place1(C0_0,C1_0-1), place1(C1_0-1,C), right(C,C1_0), right(C1_0,C3_0), place1(C3_0,C5_0), place1(C5_0,B).
(r40) p128(A,B) :- right(A,C0_0), place1(C0_0,C), place1(C,C2_0), place1(C2_0,C1_0), right(C1_0,C3_0), right(C3_0,C5_0), place1(C5_0,B).
(r41) p212(A,B) :- right(A,C), place1(C,C1_0-1), place1(C1_0-1,C1_0), right(C1_0,C3_0), place1(C3_0,C2_0), place1(C2_0,C4_0), place1(C4_0,B).
(r42) p24(A,B) :- right(A,C0_0), place1(C0_0,C), place1(C,C2_0-1), right(C2_0-1,C3_0-2), place1(C3_0-2,C2_0), place1(C2_0,C3_0-1), right(C3_0-1,C5_0-1), place1(C5_0-1,C1_0), place1(C1_0,C3_0), place1(C3_0,C5_0), place1(C5_0,B).
(r43) p61(A,B) :- place1(A,C0_0-1), place1(C0_0-1,C0_0), right(C0_0,C1_0-1), place1(C1_0-1,C3_0-1), place1(C3_0-1,C), right(C,C2_0), place1(C2_0,C5_0), place1(C5_0,C1_0), right(C1_0,C3_0), place1(C3_0,C7_0), place1(C7_0,B).
(r44) p98(A,B) :- place1(A,C), place1(C,C1_0-2), place1(C1_0-2,C1_0-1), right(C1_0-1,C2_0-1), right(C2_0-1,C4_0-1), place1(C4_0-1,C1_0), place1(C1_0,C3_0), place1(C3_0,C2_0), right(C2_0,C4_0), place1(C4_0,C8_0), place1(C8_0,B).
(r45) p35(A,B) :- right(A,C), place1(C,C1_0-2), place1(C1_0-2,C1_0-1), place1(C1_0-1,C3_0), place1(C3_0,C2_0-1), right(C2_0-1,C4_0-1), place1(C4_0-1,C1_0), place1(C1_0,C2_0), right(C2_0,C6_0), place1(C6_0,C4_0), place1(C4_0,C7_0), place1(C7_0,B).
(r46) p95(A,B) :- place1(A,C0_0-1), place1(C0_0-1,C0_0), place1(C0_0,C2_0-1), place1(C2_0-1,C1_0-1), right(C1_0-1,C3_0-1), place1(C3_0-1,C), place1(C,C2_0), right(C2_0,C5_0), place1(C5_0,C1_0), place1(C1_0,C3_0), right(C3_0,C7_0), place1(C7_0,B).
====================
CP-SAT solving...
number of rules: 48
program size: 114
(inv0) inv0(X1,X2,X3,X4,X5,X6,X7,X8,X9,X10,X11,X12,X13,X14,X15,X16,X17,X18,X19,X20,X21,X22,X23,X24) :- right(X1,X2), right(X3,X4), right(X5,X6), place1(X7,X8), place1(X9,X10), place1(X11,X12), place1(X13,X14), place1(X15,X16), place1(X17,X18), place1(X19,X20), place1(X21,X22), place1(X23,X24).
(inv1) inv1() :- .
(r1) p48(A,B) :- inv0(A,C,A,C,A,C,C,B,C,B,C,B,C,B,C,B,C,B,C,B,C,B,C,B).
(r2) p113(A,B) :- place1(A,C), place1(C,B).
(r3) p0(A,B) :- inv0(C,C1_0,C,C1_0,C,C1_0,A,C,C1_0,C2_0,C2_0,B,A,C,A,C,A,C,A,C,A,C,A,C).
(r4) p23(A,B) :- inv0(A,C0_0,C,C1_0,A,C0_0,C0_0,C,C1_0,B,C0_0,C,C0_0,C,C0_0,C,C0_0,C,C0_0,C,C0_0,C,C0_0,C).
(r5) p100(A,B) :- inv0(A,C,C,C1_0,A,C,C1_0,C2_0,C2_0,B,C1_0,C2_0,C1_0,C2_0,C1_0,C2_0,C1_0,C2_0,C1_0,C2_0,C1_0,C2_0,C1_0,C2_0).
(r6) p131(A,B) :- place1(A,C0_0), place1(C0_0,C), place1(C,C1_0), place1(C1_0,B).
(r7) p357(A,B) :- inv0(A,C,C,C1_0,C1_0,C2_0,C2_0,B,C2_0,B,C2_0,B,C2_0,B,C2_0,B,C2_0,B,C2_0,B,C2_0,B,C2_0,B).
(r8) p1(A,B) :- inv0(C,C1_0,C,C1_0,C,C1_0,A,C,C1_0,B,A,C,A,C,A,C,A,C,A,C,A,C,A,C).
(r9) p8(A,B) :- inv0(A,C,A,C,A,C,C,C1_0,C1_0,B,C,C1_0,C,C1_0,C,C1_0,C,C1_0,C,C1_0,C,C1_0,C,C1_0).
(r10) p72(A,B) :- place1(A,C), place1(C,C1_0), place1(C1_0,B).
(r11) p83(A,B) :- inv0(A,C,C,C1_0,A,C,C1_0,B,C1_0,B,C1_0,B,C1_0,B,C1_0,B,C1_0,B,C1_0,B,C1_0,B,C1_0,B).
(r12) p4(A,B) :- inv0(C,C1_0,C1_0,C3_0,C,C1_0,A,C0_0,C0_0,C,C3_0,B,A,C0_0,A,C0_0,A,C0_0,A,C0_0,A,C0_0,A,C0_0).
(r13) p33(A,B) :- inv0(C,C1_0-1,C,C1_0-1,C,C1_0-1,A,C,C1_0-1,C1_0,C1_0,C2_0,C2_0,B,A,C,A,C,A,C,A,C,A,C).
(r14) p43(A,B) :- inv0(C,C1_0-1,C1_0,C2_0,C,C1_0-1,A,C,C1_0-1,C1_0,C2_0,B,A,C,A,C,A,C,A,C,A,C,A,C).
(r15) p185(A,B) :- inv0(A,C,C,C1_0-1,A,C,C1_0-1,C1_0,C1_0,C2_0,C2_0,B,C1_0-1,C1_0,C1_0-1,C1_0,C1_0-1,C1_0,C1_0-1,C1_0,C1_0-1,C1_0,C1_0-1,C1_0).
(r16) p254(A,B) :- inv0(A,C,C1_0,C2_0,A,C,C,C1_0-1,C1_0-1,C1_0,C2_0,B,C,C1_0-1,C,C1_0-1,C,C1_0-1,C,C1_0-1,C,C1_0-1,C,C1_0-1).
(r17) p266(A,B) :- inv0(A,C0_0,C,C1_0,C1_0,C3_0,C0_0,C,C3_0,B,C0_0,C,C0_0,C,C0_0,C,C0_0,C,C0_0,C,C0_0,C,C0_0,C).
(r18) p176(A,B) :- inv0(C,C1_0,C1_0,C2_0,C2_0,C3_0,A,C,C3_0,B,A,C,A,C,A,C,A,C,A,C,A,C,A,C).
(r19) p19(A,B) :- inv0(C,C2_0,C1_0,C3_0,C,C2_0,A,C0_0,C0_0,C,C2_0,C1_0,C3_0,B,A,C0_0,A,C0_0,A,C0_0,A,C0_0,A,C0_0).
(r20) p79(A,B) :- inv0(A,C0_0,C,C1_0,A,C0_0,C0_0,C1_0-1,C1_0-1,C,C1_0,C3_0,C3_0,B,C0_0,C1_0-1,C0_0,C1_0-1,C0_0,C1_0-1,C0_0,C1_0-1,C0_0,C1_0-1).
(r21) p15(A,B) :- inv0(C,C1_0,C1_0,C2_0-1,C,C1_0,A,C,C2_0-1,C2_0,C2_0,C3_0,C3_0,B,A,C,A,C,A,C,A,C,A,C).
(r22) p249(A,B) :- inv0(A,C,C,C1_0,C2_0,C3_0,C1_0,C2_0-1,C2_0-1,C2_0,C3_0,B,C1_0,C2_0-1,C1_0,C2_0-1,C1_0,C2_0-1,C1_0,C2_0-1,C1_0,C2_0-1,C1_0,C2_0-1).
(r23) p341(A,B) :- inv0(A,C0_0,C0_0,C1_0-1,A,C0_0,C1_0-1,C,C,C1_0,C1_0,C3_0,C3_0,B,C1_0-1,C,C1_0-1,C,C1_0-1,C,C1_0-1,C,C1_0-1,C).
(r24) p64(A,B) :- inv0(A,C0_0-1,C,C2_0,A,C0_0-1,C0_0-1,C0_0,C0_0,C1_0-1,C1_0-1,C,C2_0,C1_0,C1_0,C3_0,C3_0,B,C0_0-1,C0_0,C0_0-1,C0_0,C0_0-1,C0_0).
(r25) p5(A,B) :- inv0(C,C1_0,C1_0,C4_0,C,C1_0,A,C0_0,C0_0,C1_0-1,C1_0-1,C,C4_0,C3_0,C3_0,C5_0,C5_0,B,A,C0_0,A,C0_0,A,C0_0).
(r26) p25(A,B) :- inv0(C0_0,C1_0-1,C,C2_0,C1_0,C3_0,A,C0_0,C1_0-1,C2_0-1,C2_0-1,C,C2_0,C1_0,C3_0,B,A,C0_0,A,C0_0,A,C0_0,A,C0_0).
(r27) p70(A,B) :- inv0(A,C,C,C1_0-2,C1_0-1,C2_0-1,C1_0-2,C1_0-1,C2_0-1,C1_0,C1_0,C2_0,C2_0,C4_0,C4_0,B,C1_0-2,C1_0-1,C1_0-2,C1_0-1,C1_0-2,C1_0-1,C1_0-2,C1_0-1).
(r28) p2(A,B) :- inv0(C0_0,C1_0-1,C1_0,C3_0,C0_0,C1_0-1,A,C0_0,C1_0-1,C2_0-1,C2_0-1,C,C,C2_0,C2_0,C1_0,C3_0,C6_0,C6_0,B,A,C0_0,A,C0_0).
(r29) p21(A,B) :- inv0(A,C0_0,C1_0-1,C2_0-1,C,C2_0,C0_0,C1_0-2,C1_0-2,C1_0-1,C2_0-1,C,C2_0,C1_0,C1_0,C3_0,C3_0,B,C0_0,C1_0-2,C0_0,C1_0-2,C0_0,C1_0-2).
(r30) p31(A,B) :- inv0(C1_0-1,C2_0-1,C2_0-1,C4_0-1,C1_0,C2_0,A,C,C,C1_0-2,C1_0-2,C1_0-1,C4_0-1,C1_0,C2_0,C4_0,C4_0,B,A,C,A,C,A,C).
(r31) p359(A,B) :- inv0(A,C,C1_0,C2_0,C2_0,C4_0,C,C1_0-2,C1_0-2,C1_0-1,C1_0-1,C2_0-1,C2_0-1,C1_0,C4_0,C7_0,C7_0,B,C,C1_0-2,C,C1_0-2,C,C1_0-2).
(r32) p7(A,B) :- inv0(A,C0_0-1,C,C2_0,C1_0,C3_0,C0_0-1,C0_0,C0_0,C1_0-1,C1_0-1,C,C2_0,C5_0,C5_0,C1_0,C3_0,C7_0,C7_0,B,C0_0-1,C0_0,C0_0-1,C0_0).
(r33) p11(A,B) :- inv0(C0_0,C1_0-1,C1_0-1,C3_0-1,C1_0,C3_0,A,C0_0-1,C0_0-1,C0_0,C3_0-1,C,C,C2_0,C2_0,C1_0,C3_0,C7_0,C7_0,B,A,C0_0-1,A,C0_0-1).
(r34) p44(A,B) :- inv0(C1_0-1,C3_0-1,C,C2_0,C1_0,C3_0,A,C0_0-1,C0_0-1,C0_0,C0_0,C2_0-1,C2_0-1,C1_0-1,C3_0-1,C,C2_0,C1_0,C3_0,B,A,C0_0-1,A,C0_0-1).
(r35) p179(A,B) :- inv0(A,C,C1_0,C2_0,C2_0,C6_0,C,C1_0-2,C1_0-2,C1_0-1,C1_0-1,C2_0-1,C2_0-1,C1_0,C6_0,C4_0,C4_0,C7_0,C7_0,B,C,C1_0-2,C,C1_0-2).
(r36) p10(A,B) :- inv0(C1_0-1,C3_0-1,C,C4_0,C1_0,C6_0,A,C0_0-1,C0_0-1,C0_0,C0_0,C2_0-1,C2_0-1,C1_0-1,C3_0-1,C,C4_0,C2_0,C2_0,C5_0,C5_0,C1_0,C6_0,C3_0), inv0(C1_0-1,C3_0-1,C1_0-1,C3_0-1,C1_0-1,C3_0-1,C3_0,C7_0,C7_0,B,A,C0_0-1,A,C0_0-1,A,C0_0-1,A,C0_0-1,A,C0_0-1,A,C0_0-1,A,C0_0-1).
(r37) p12(A,B) :- inv0(C1_0-1,C2_0-1,C1_0,C5_0,C2_0,C7_0,A,C,C,C1_0-2,C1_0-2,C1_0-1,C2_0-1,C1_0,C5_0,C3_0,C3_0,C6_0,C6_0,C2_0,C7_0,C4_0,C4_0,C8_0), place1(C8_0,B).
(r38) p20(A,B) :- inv0(C,C1_0-1,C2_0,C4_0,C,C1_0-1,A,C,C1_0-1,C1_0,C1_0,C3_0,C3_0,C2_0,C4_0,B,A,C,A,C,A,C,A,C).
(r39) p34(A,B) :- inv0(C,C1_0,C1_0,C3_0,C,C1_0,A,C0_0,C0_0,C1_0-1,C1_0-1,C,C3_0,C5_0,C5_0,B,A,C0_0,A,C0_0,A,C0_0,A,C0_0).
(r40) p128(A,B) :- inv0(A,C0_0,C1_0,C3_0,C3_0,C5_0,C0_0,C,C,C2_0,C2_0,C1_0,C5_0,B,C0_0,C,C0_0,C,C0_0,C,C0_0,C,C0_0,C).
(r41) p212(A,B) :- inv0(A,C,C1_0,C3_0,A,C,C,C1_0-1,C1_0-1,C1_0,C3_0,C2_0,C2_0,C4_0,C4_0,B,C,C1_0-1,C,C1_0-1,C,C1_0-1,C,C1_0-1).
(r42) p24(A,B) :- inv0(A,C0_0,C2_0-1,C3_0-2,C3_0-1,C5_0-1,C0_0,C,C,C2_0-1,C3_0-2,C2_0,C2_0,C3_0-1,C5_0-1,C1_0,C1_0,C3_0,C3_0,C5_0,C5_0,B,C0_0,C).
(r43) p61(A,B) :- inv0(C0_0,C1_0-1,C,C2_0,C1_0,C3_0,A,C0_0-1,C0_0-1,C0_0,C1_0-1,C3_0-1,C3_0-1,C,C2_0,C5_0,C5_0,C1_0,C3_0,C7_0,C7_0,B,A,C0_0-1).
(r44) p98(A,B) :- inv0(C1_0-1,C2_0-1,C2_0-1,C4_0-1,C2_0,C4_0,A,C,C,C1_0-2,C1_0-2,C1_0-1,C4_0-1,C1_0,C1_0,C3_0,C3_0,C2_0,C4_0,C8_0,C8_0,B,A,C).
(r45) p35(A,B) :- inv0(A,C,C2_0-1,C4_0-1,C2_0,C6_0,C,C1_0-2,C1_0-2,C1_0-1,C1_0-1,C3_0,C3_0,C2_0-1,C4_0-1,C1_0,C1_0,C2_0,C6_0,C4_0,C4_0,C7_0,C7_0,B).
(r46) p95(A,B) :- inv0(C1_0-1,C3_0-1,C2_0,C5_0,C3_0,C7_0,A,C0_0-1,C0_0-1,C0_0,C0_0,C2_0-1,C2_0-1,C1_0-1,C3_0-1,C,C,C2_0,C5_0,C1_0,C1_0,C3_0,C7_0,B).
====================
