number of rules: 46
program size: 332
(r1) p2(A,B) :- right(A,C), place1(C,B).
(r2) p40(A,B) :- place1(A,C), place1(C,B).
(r3) p0(A,B) :- place1(A,C0_0), place1(C0_0,C), right(C,C1_0), place1(C1_0,B).
(r4) p3(A,B) :- right(A,C), right(C,C1_0), place1(C1_0,C2_0), place1(C2_0,B).
(r5) p17(A,B) :- right(A,C0_0), place1(C0_0,C), place1(C,C1_0), place1(C1_0,B).
(r6) p145(A,B) :- right(A,C0_0), place1(C0_0,C), right(C,C1_0), place1(C1_0,B).
(r7) p1077(A,B) :- place1(A,C), right(C,C1_0), right(C1_0,C2_0), place1(C2_0,B).
(r8) p2959(A,B) :- place1(A,C0_0), place1(C0_0,C), place1(C,C1_0), place1(C1_0,B).
(r9) p2641(A,B) :- right(A,C), right(C,C1_0), right(C1_0,C2_0), place1(C2_0,B).
(r10) p1(A,B) :- place1(A,C), right(C,C1_0), place1(C1_0,B).
(r11) p24(A,B) :- right(A,C), place1(C,C1_0), place1(C1_0,B).
(r12) p99(A,B) :- right(A,C), right(C,C1_0), place1(C1_0,B).
(r13) p387(A,B) :- place1(A,C), place1(C,C1_0), place1(C1_0,B).
(r14) p98(A,B) :- place1(A,C0_0), place1(C0_0,C), right(C,C1_0), place1(C1_0,C3_0), place1(C3_0,B).
(r15) p165(A,B) :- right(A,C), right(C,C1_0-1), place1(C1_0-1,C1_0), place1(C1_0,C2_0), place1(C2_0,B).
(r16) p208(A,B) :- right(A,C), place1(C,C1_0-1), place1(C1_0-1,C1_0), right(C1_0,C2_0), place1(C2_0,B).
(r17) p704(A,B) :- place1(A,C), right(C,C1_0-1), place1(C1_0-1,C1_0), right(C1_0,C2_0), place1(C2_0,B).
(r18) p1445(A,B) :- right(A,C), right(C,C1_0-1), place1(C1_0-1,C1_0), right(C1_0,C2_0), place1(C2_0,B).
(r19) p59(A,B) :- place1(A,C), right(C,C1_0), right(C1_0,C2_0), place1(C2_0,C3_0), place1(C3_0,B).
(r20) p1573(A,B) :- right(A,C), place1(C,C1_0-1), place1(C1_0-1,C1_0), place1(C1_0,C2_0), place1(C2_0,B).
(r21) p231(A,B) :- right(A,C0_0), place1(C0_0,C), place1(C,C2_0), place1(C2_0,C1_0), right(C1_0,C3_0), place1(C3_0,B).
(r22) p78(A,B) :- place1(A,C0_0), place1(C0_0,C), place1(C,C1_0), right(C1_0,C3_0), right(C3_0,C4_0), place1(C4_0,B).
(r23) p119(A,B) :- place1(A,C), place1(C,C1_0), right(C1_0,C2_0-1), place1(C2_0-1,C2_0), place1(C2_0,C3_0), place1(C3_0,B).
(r24) p1011(A,B) :- right(A,C0_0), right(C0_0,C1_0-1), place1(C1_0-1,C2_0), place1(C2_0,C), place1(C,C1_0), place1(C1_0,B).
(r25) p1976(A,B) :- right(A,C), right(C,C1_0), place1(C1_0,C2_0-1), place1(C2_0-1,C2_0), right(C2_0,C3_0), place1(C3_0,B).
(r26) p2121(A,B) :- place1(A,C), right(C,C1_0), right(C1_0,C2_0-1), place1(C2_0-1,C2_0), right(C2_0,C3_0), place1(C3_0,B).
(r27) p2150(A,B) :- right(A,C), place1(C,C1_0), right(C1_0,C2_0-1), place1(C2_0-1,C2_0), right(C2_0,C3_0), place1(C3_0,B).
(r28) p8(A,B) :- place1(A,C0_0), place1(C0_0,C1_0-2), place1(C1_0-2,C1_0-1), right(C1_0-1,C2_0), place1(C2_0,C), place1(C,C1_0), right(C1_0,C3_0), place1(C3_0,C5_0), place1(C5_0,B).
(r29) p126(A,B) :- right(A,C0_0-1), place1(C0_0-1,C0_0), place1(C0_0,C1_0-1), place1(C1_0-1,C), place1(C,C1_0), right(C1_0,C5_0), place1(C5_0,C3_0), place1(C3_0,C6_0), place1(C6_0,B).
(r30) p152(A,B) :- place1(A,C0_0), place1(C0_0,C1_0-2), place1(C1_0-2,C1_0-1), right(C1_0-1,C2_0), place1(C2_0,C), right(C,C1_0), right(C1_0,C3_0), place1(C3_0,C5_0), place1(C5_0,B).
(r31) p333(A,B) :- right(A,C0_0), right(C0_0,C1_0-1), place1(C1_0-1,C2_0), place1(C2_0,C), place1(C,C1_0), right(C1_0,C4_0), place1(C4_0,C3_0), place1(C3_0,C5_0), place1(C5_0,B).
(r32) p12(A,B) :- place1(A,C0_0), place1(C0_0,C1_0-1), place1(C1_0-1,C), right(C,C2_0), place1(C2_0,C1_0), right(C1_0,C3_0), place1(C3_0,C6_0), place1(C6_0,B).
(r33) p25(A,B) :- place1(A,C0_0), place1(C0_0,C1_0-2), place1(C1_0-2,C1_0-1), right(C1_0-1,C2_0), place1(C2_0,C), right(C,C1_0), right(C1_0,C3_0), place1(C3_0,B).
(r34) p72(A,B) :- right(A,C0_0), place1(C0_0,C1_0-1), place1(C1_0-1,C), place1(C,C1_0), right(C1_0,C4_0), place1(C4_0,C3_0), place1(C3_0,C5_0), place1(C5_0,B).
(r35) p215(A,B) :- right(A,C0_0-1), place1(C0_0-1,C0_0), place1(C0_0,C1_0-1), place1(C1_0-1,C), place1(C,C1_0), right(C1_0,C3_0), right(C3_0,C6_0), place1(C6_0,B).
(r36) p18(A,B) :- place1(A,C0_0-1), place1(C0_0-1,C0_0), right(C0_0,C1_0-1), place1(C1_0-1,C3_0-1), place1(C3_0-1,C), right(C,C1_0), right(C1_0,C5_0), place1(C5_0,C3_0), place1(C3_0,C6_0), place1(C6_0,B).
(r37) p22(A,B) :- place1(A,C0_0), place1(C0_0,C1_0-2), place1(C1_0-2,C1_0-1), right(C1_0-1,C2_0), place1(C2_0,C), place1(C,C1_0), right(C1_0,C4_0), place1(C4_0,C3_0), place1(C3_0,C5_0), place1(C5_0,B).
(r38) p334(A,B) :- right(A,C0_0), place1(C0_0,C1_0-2), place1(C1_0-2,C1_0-1), right(C1_0-1,C2_0-1), place1(C2_0-1,C), place1(C,C2_0), place1(C2_0,C1_0), right(C1_0,C3_0), place1(C3_0,C6_0), place1(C6_0,B).
(r39) p432(A,B) :- right(A,C0_0), right(C0_0,C1_0-2), place1(C1_0-2,C1_0-1), place1(C1_0-1,C2_0), place1(C2_0,C), place1(C,C1_0), right(C1_0,C4_0), place1(C4_0,C3_0), place1(C3_0,C5_0), place1(C5_0,B).
(r40) p27(A,B) :- place1(A,C), right(C,C1_0-1), place1(C1_0-1,C1_0), right(C1_0,C3_0), place1(C3_0,C2_0), place1(C2_0,C4_0), place1(C4_0,B).
(r41) p31(A,B) :- right(A,C0_0), place1(C0_0,C), place1(C,C2_0), place1(C2_0,C1_0), right(C1_0,C3_0), place1(C3_0,C5_0), place1(C5_0,B).
(r42) p171(A,B) :- place1(A,C0_0), right(C0_0,C1_0-1), right(C1_0-1,C2_0), place1(C2_0,C), place1(C,C1_0), right(C1_0,C3_0), place1(C3_0,B).
(r43) p253(A,B) :- right(A,C0_0), right(C0_0,C1_0-1), place1(C1_0-1,C2_0), place1(C2_0,C), right(C,C1_0), place1(C1_0,C3_0), place1(C3_0,B).
(r44) p323(A,B) :- place1(A,C0_0), right(C0_0,C1_0-1), place1(C1_0-1,C), right(C,C2_0), place1(C2_0,C1_0), right(C1_0,C3_0), place1(C3_0,B).
(r45) p159(A,B) :- place1(A,C0_0-1), place1(C0_0-1,C0_0), right(C0_0,C1_0-1), place1(C1_0-1,C3_0-1), place1(C3_0-1,C), right(C,C2_0), place1(C2_0,C1_0), right(C1_0,C6_0), place1(C6_0,C3_0), place1(C3_0,C7_0), place1(C7_0,B).
(r46) p1329(A,B) :- right(A,C0_0-1), place1(C0_0-1,C0_0), place1(C0_0,C2_0), place1(C2_0,C1_0-1), right(C1_0-1,C3_0-1), place1(C3_0-1,C), place1(C,C1_0), place1(C1_0,C5_0), place1(C5_0,C3_0), right(C3_0,C6_0), place1(C6_0,B).
====================
CP-SAT solving...
number of rules: 48
program size: 111
(inv0) inv0() :- .
(inv1) inv1(X1,X2,X3,X4,X5,X6,X7,X8,X9,X10,X11,X12,X13,X14,X15,X16,X17,X18,X19,X20,X21,X22) :- right(X1,X2), right(X3,X4), right(X5,X6), place1(X7,X8), place1(X9,X10), place1(X11,X12), place1(X13,X14), place1(X15,X16), place1(X17,X18), place1(X19,X20), place1(X21,X22).
(r1) p2(A,B) :- inv1(A,C,A,C,A,C,C,B,C,B,C,B,C,B,C,B,C,B,C,B,C,B).
(r2) p40(A,B) :- place1(A,C), place1(C,B).
(r3) p0(A,B) :- inv1(C,C1_0,C,C1_0,C,C1_0,A,C0_0,C0_0,C,C1_0,B,A,C0_0,A,C0_0,A,C0_0,A,C0_0,A,C0_0).
(r4) p3(A,B) :- inv1(A,C,C,C1_0,A,C,C1_0,C2_0,C2_0,B,C1_0,C2_0,C1_0,C2_0,C1_0,C2_0,C1_0,C2_0,C1_0,C2_0,C1_0,C2_0).
(r5) p17(A,B) :- inv1(A,C0_0,A,C0_0,A,C0_0,C0_0,C,C,C1_0,C1_0,B,C0_0,C,C0_0,C,C0_0,C,C0_0,C,C0_0,C).
(r6) p145(A,B) :- inv1(A,C0_0,C,C1_0,A,C0_0,C0_0,C,C1_0,B,C0_0,C,C0_0,C,C0_0,C,C0_0,C,C0_0,C,C0_0,C).
(r7) p1077(A,B) :- inv1(C,C1_0,C1_0,C2_0,C,C1_0,A,C,C2_0,B,A,C,A,C,A,C,A,C,A,C,A,C).
(r8) p2959(A,B) :- place1(A,C0_0), place1(C0_0,C), place1(C,C1_0), place1(C1_0,B).
(r9) p2641(A,B) :- inv1(A,C,C,C1_0,C1_0,C2_0,C2_0,B,C2_0,B,C2_0,B,C2_0,B,C2_0,B,C2_0,B,C2_0,B,C2_0,B).
(r10) p1(A,B) :- inv1(C,C1_0,C,C1_0,C,C1_0,A,C,C1_0,B,A,C,A,C,A,C,A,C,A,C,A,C).
(r11) p24(A,B) :- inv1(A,C,A,C,A,C,C,C1_0,C1_0,B,C,C1_0,C,C1_0,C,C1_0,C,C1_0,C,C1_0,C,C1_0).
(r12) p99(A,B) :- inv1(A,C,C,C1_0,A,C,C1_0,B,C1_0,B,C1_0,B,C1_0,B,C1_0,B,C1_0,B,C1_0,B,C1_0,B).
(r13) p387(A,B) :- place1(A,C), place1(C,C1_0), place1(C1_0,B).
(r14) p98(A,B) :- inv1(C,C1_0,C,C1_0,C,C1_0,A,C0_0,C0_0,C,C1_0,C3_0,C3_0,B,A,C0_0,A,C0_0,A,C0_0,A,C0_0).
(r15) p165(A,B) :- inv1(A,C,C,C1_0-1,A,C,C1_0-1,C1_0,C1_0,C2_0,C2_0,B,C1_0-1,C1_0,C1_0-1,C1_0,C1_0-1,C1_0,C1_0-1,C1_0,C1_0-1,C1_0).
(r16) p208(A,B) :- inv1(A,C,C1_0,C2_0,A,C,C,C1_0-1,C1_0-1,C1_0,C2_0,B,C,C1_0-1,C,C1_0-1,C,C1_0-1,C,C1_0-1,C,C1_0-1).
(r17) p704(A,B) :- inv1(C,C1_0-1,C1_0,C2_0,C,C1_0-1,A,C,C1_0-1,C1_0,C2_0,B,A,C,A,C,A,C,A,C,A,C).
(r18) p1445(A,B) :- inv1(A,C,C,C1_0-1,C1_0,C2_0,C1_0-1,C1_0,C2_0,B,C1_0-1,C1_0,C1_0-1,C1_0,C1_0-1,C1_0,C1_0-1,C1_0,C1_0-1,C1_0,C1_0-1,C1_0).
(r19) p59(A,B) :- inv1(C,C1_0,C1_0,C2_0,C,C1_0,A,C,C2_0,C3_0,C3_0,B,A,C,A,C,A,C,A,C,A,C).
(r20) p1573(A,B) :- inv1(A,C,A,C,A,C,C,C1_0-1,C1_0-1,C1_0,C1_0,C2_0,C2_0,B,C,C1_0-1,C,C1_0-1,C,C1_0-1,C,C1_0-1).
(r21) p231(A,B) :- inv1(A,C0_0,C1_0,C3_0,A,C0_0,C0_0,C,C,C2_0,C2_0,C1_0,C3_0,B,C0_0,C,C0_0,C,C0_0,C,C0_0,C).
(r22) p78(A,B) :- inv1(C1_0,C3_0,C3_0,C4_0,C1_0,C3_0,A,C0_0,C0_0,C,C,C1_0,C4_0,B,A,C0_0,A,C0_0,A,C0_0,A,C0_0).
(r23) p119(A,B) :- inv1(C1_0,C2_0-1,C1_0,C2_0-1,C1_0,C2_0-1,A,C,C,C1_0,C2_0-1,C2_0,C2_0,C3_0,C3_0,B,A,C,A,C,A,C).
(r24) p1011(A,B) :- inv1(A,C0_0,C0_0,C1_0-1,A,C0_0,C1_0-1,C2_0,C2_0,C,C,C1_0,C1_0,B,C1_0-1,C2_0,C1_0-1,C2_0,C1_0-1,C2_0,C1_0-1,C2_0).
(r25) p1976(A,B) :- inv1(A,C,C,C1_0,C2_0,C3_0,C1_0,C2_0-1,C2_0-1,C2_0,C3_0,B,C1_0,C2_0-1,C1_0,C2_0-1,C1_0,C2_0-1,C1_0,C2_0-1,C1_0,C2_0-1).
(r26) p2121(A,B) :- inv1(C,C1_0,C1_0,C2_0-1,C2_0,C3_0,A,C,C2_0-1,C2_0,C3_0,B,A,C,A,C,A,C,A,C,A,C).
(r27) p2150(A,B) :- inv1(A,C,C1_0,C2_0-1,C2_0,C3_0,C,C1_0,C2_0-1,C2_0,C3_0,B,C,C1_0,C,C1_0,C,C1_0,C,C1_0,C,C1_0).
(r28) p8(A,B) :- inv1(C1_0-1,C2_0,C1_0,C3_0,C1_0-1,C2_0,A,C0_0,C0_0,C1_0-2,C1_0-2,C1_0-1,C2_0,C,C,C1_0,C3_0,C5_0,C5_0,B,A,C0_0).
(r29) p126(A,B) :- inv1(A,C0_0-1,C1_0,C5_0,A,C0_0-1,C0_0-1,C0_0,C0_0,C1_0-1,C1_0-1,C,C,C1_0,C5_0,C3_0,C3_0,C6_0,C6_0,B,C0_0-1,C0_0).
(r30) p152(A,B) :- inv1(C1_0-1,C2_0,C,C1_0,C1_0,C3_0,A,C0_0,C0_0,C1_0-2,C1_0-2,C1_0-1,C2_0,C,C3_0,C5_0,C5_0,B,A,C0_0,A,C0_0).
(r31) p333(A,B) :- inv1(A,C0_0,C0_0,C1_0-1,C1_0,C4_0,C1_0-1,C2_0,C2_0,C,C,C1_0,C4_0,C3_0,C3_0,C5_0,C5_0,B,C1_0-1,C2_0,C1_0-1,C2_0).
(r32) p12(A,B) :- inv1(C,C2_0,C1_0,C3_0,C,C2_0,A,C0_0,C0_0,C1_0-1,C1_0-1,C,C2_0,C1_0,C3_0,C6_0,C6_0,B,A,C0_0,A,C0_0).
(r33) p25(A,B) :- inv1(C1_0-1,C2_0,C,C1_0,C1_0,C3_0,A,C0_0,C0_0,C1_0-2,C1_0-2,C1_0-1,C2_0,C,C3_0,B,A,C0_0,A,C0_0,A,C0_0).
(r34) p72(A,B) :- inv1(A,C0_0,C1_0,C4_0,A,C0_0,C0_0,C1_0-1,C1_0-1,C,C,C1_0,C4_0,C3_0,C3_0,C5_0,C5_0,B,C0_0,C1_0-1,C0_0,C1_0-1).
(r35) p215(A,B) :- inv1(A,C0_0-1,C1_0,C3_0,C3_0,C6_0,C0_0-1,C0_0,C0_0,C1_0-1,C1_0-1,C,C,C1_0,C6_0,B,C0_0-1,C0_0,C0_0-1,C0_0,C0_0-1,C0_0).
(r36) p18(A,B) :- inv1(C0_0,C1_0-1,C,C1_0,C1_0,C5_0,A,C0_0-1,C0_0-1,C0_0,C1_0-1,C3_0-1,C3_0-1,C,C5_0,C3_0,C3_0,C6_0,C6_0,B,A,C0_0-1).
(r37) p22(A,B) :- inv1(C1_0-1,C2_0,C1_0,C4_0,C1_0-1,C2_0,A,C0_0,C0_0,C1_0-2,C1_0-2,C1_0-1,C2_0,C,C,C1_0,C4_0,C3_0,C3_0,C5_0,C5_0,B).
(r38) p334(A,B) :- inv1(A,C0_0,C1_0-1,C2_0-1,C1_0,C3_0,C0_0,C1_0-2,C1_0-2,C1_0-1,C2_0-1,C,C,C2_0,C2_0,C1_0,C3_0,C6_0,C6_0,B,C0_0,C1_0-2).
(r39) p432(A,B) :- inv1(A,C0_0,C0_0,C1_0-2,C1_0,C4_0,C1_0-2,C1_0-1,C1_0-1,C2_0,C2_0,C,C,C1_0,C4_0,C3_0,C3_0,C5_0,C5_0,B,C1_0-2,C1_0-1).
(r40) p27(A,B) :- inv1(C,C1_0-1,C1_0,C3_0,C,C1_0-1,A,C,C1_0-1,C1_0,C3_0,C2_0,C2_0,C4_0,C4_0,B,A,C,A,C,A,C).
(r41) p31(A,B) :- inv1(A,C0_0,C1_0,C3_0,A,C0_0,C0_0,C,C,C2_0,C2_0,C1_0,C3_0,C5_0,C5_0,B,C0_0,C,C0_0,C,C0_0,C).
(r42) p171(A,B) :- inv1(C0_0,C1_0-1,C1_0-1,C2_0,C1_0,C3_0,A,C0_0,C2_0,C,C,C1_0,C3_0,B,A,C0_0,A,C0_0,A,C0_0,A,C0_0).
(r43) p253(A,B) :- inv1(A,C0_0,C0_0,C1_0-1,C,C1_0,C1_0-1,C2_0,C2_0,C,C1_0,C3_0,C3_0,B,C1_0-1,C2_0,C1_0-1,C2_0,C1_0-1,C2_0,C1_0-1,C2_0).
(r44) p323(A,B) :- inv1(C0_0,C1_0-1,C,C2_0,C1_0,C3_0,A,C0_0,C1_0-1,C,C2_0,C1_0,C3_0,B,A,C0_0,A,C0_0,A,C0_0,A,C0_0).
(r45) p159(A,B) :- inv1(C0_0,C1_0-1,C,C2_0,C1_0,C6_0,A,C0_0-1,C0_0-1,C0_0,C1_0-1,C3_0-1,C3_0-1,C,C2_0,C1_0,C6_0,C3_0,C3_0,C7_0,C7_0,B).
(r46) p1329(A,B) :- inv1(A,C0_0-1,C1_0-1,C3_0-1,C3_0,C6_0,C0_0-1,C0_0,C0_0,C2_0,C2_0,C1_0-1,C3_0-1,C,C,C1_0,C1_0,C5_0,C5_0,C3_0,C6_0,B).
====================
