number of rules: 49
program size: 370
(r1) p9(A,B) :- right(A,C), place1(C,B).
(r2) p26(A,B) :- place1(A,C), place1(C,B).
(r3) p0(A,B) :- place1(A,C), right(C,C1_0), place1(C1_0,C2_0), place1(C2_0,B).
(r4) p5(A,B) :- right(A,C), right(C,C1_0), place1(C1_0,C2_0), place1(C2_0,B).
(r5) p75(A,B) :- right(A,C0_0), place1(C0_0,C), right(C,C1_0), place1(C1_0,B).
(r6) p107(A,B) :- right(A,C0_0), place1(C0_0,C), place1(C,C1_0), place1(C1_0,B).
(r7) p722(A,B) :- place1(A,C), right(C,C1_0), right(C1_0,C2_0), place1(C2_0,B).
(r8) p2689(A,B) :- place1(A,C0_0), place1(C0_0,C), place1(C,C1_0), place1(C1_0,B).
(r9) p185(A,B) :- right(A,C), right(C,C1_0), right(C1_0,C2_0), place1(C2_0,B).
(r10) p8(A,B) :- right(A,C), place1(C,C1_0), place1(C1_0,B).
(r11) p16(A,B) :- place1(A,C), right(C,C1_0), place1(C1_0,B).
(r12) p32(A,B) :- right(A,C), right(C,C1_0), place1(C1_0,B).
(r13) p105(A,B) :- place1(A,C), place1(C,C1_0), place1(C1_0,B).
(r14) p10(A,B) :- right(A,C), place1(C,C1_0-1), place1(C1_0-1,C1_0), right(C1_0,C2_0), place1(C2_0,B).
(r15) p374(A,B) :- right(A,C), right(C,C1_0-1), place1(C1_0-1,C1_0), place1(C1_0,C2_0), place1(C2_0,B).
(r16) p389(A,B) :- place1(A,C0_0), place1(C0_0,C), right(C,C1_0), place1(C1_0,C3_0), place1(C3_0,B).
(r17) p408(A,B) :- place1(A,C), right(C,C1_0-1), place1(C1_0-1,C1_0), right(C1_0,C2_0), place1(C2_0,B).
(r18) p786(A,B) :- place1(A,C0_0), place1(C0_0,C), right(C,C1_0), right(C1_0,C3_0), place1(C3_0,B).
(r19) p1090(A,B) :- right(A,C), right(C,C1_0-1), place1(C1_0-1,C1_0), right(C1_0,C2_0), place1(C2_0,B).
(r20) p1963(A,B) :- right(A,C), place1(C,C1_0-1), place1(C1_0-1,C1_0), place1(C1_0,C2_0), place1(C2_0,B).
(r21) p404(A,B) :- place1(A,C0_0), place1(C0_0,C), right(C,C2_0), place1(C2_0,C1_0), right(C1_0,C3_0), place1(C3_0,B).
(r22) p1024(A,B) :- right(A,C0_0), place1(C0_0,C), right(C,C2_0), place1(C2_0,C1_0), place1(C1_0,C3_0), place1(C3_0,B).
(r23) p2089(A,B) :- right(A,C0_0), place1(C0_0,C), right(C,C2_0), place1(C2_0,C1_0), right(C1_0,C3_0), place1(C3_0,B).
(r24) p60(A,B) :- place1(A,C), right(C,C1_0), right(C1_0,C2_0-1), place1(C2_0-1,C2_0), place1(C2_0,C3_0), place1(C3_0,B).
(r25) p70(A,B) :- right(A,C), right(C,C1_0), right(C1_0,C2_0-1), place1(C2_0-1,C2_0), place1(C2_0,C3_0), place1(C3_0,B).
(r26) p1168(A,B) :- right(A,C), right(C,C1_0-1), place1(C1_0-1,C1_0), right(C1_0,C2_0), place1(C2_0,C4_0), place1(C4_0,B).
(r27) p1519(A,B) :- place1(A,C0_0), right(C0_0,C1_0-1), place1(C1_0-1,C), right(C,C1_0), right(C1_0,C3_0), place1(C3_0,B).
(r28) p3(A,B) :- place1(A,C0_0-1), place1(C0_0-1,C0_0), right(C0_0,C1_0-1), place1(C1_0-1,C), place1(C,C2_0), place1(C2_0,C1_0), right(C1_0,C6_0), place1(C6_0,C3_0), place1(C3_0,C7_0), place1(C7_0,B).
(r29) p152(A,B) :- place1(A,C0_0-1), place1(C0_0-1,C0_0), right(C0_0,C1_0-1), place1(C1_0-1,C3_0-1), place1(C3_0-1,C), place1(C,C2_0), place1(C2_0,C1_0), right(C1_0,C3_0), right(C3_0,C7_0), place1(C7_0,B).
(r30) p247(A,B) :- right(A,C0_0-1), place1(C0_0-1,C0_0), place1(C0_0,C1_0-1), place1(C1_0-1,C), right(C,C2_0), place1(C2_0,C1_0), place1(C1_0,C6_0), place1(C6_0,C3_0), right(C3_0,C7_0), place1(C7_0,B).
(r31) p807(A,B) :- right(A,C0_0), right(C0_0,C1_0-2), place1(C1_0-2,C1_0-1), place1(C1_0-1,C2_0), place1(C2_0,C), right(C,C1_0), place1(C1_0,C4_0), place1(C4_0,C3_0), place1(C3_0,C5_0), place1(C5_0,B).
(r32) p7(A,B) :- place1(A,C0_0), place1(C0_0,C1_0-1), place1(C1_0-1,C), right(C,C2_0), place1(C2_0,C1_0), right(C1_0,C5_0), place1(C5_0,C3_0), place1(C3_0,C6_0), place1(C6_0,B).
(r33) p77(A,B) :- right(A,C0_0-1), place1(C0_0-1,C0_0), place1(C0_0,C1_0-1), place1(C1_0-1,C), right(C,C1_0), place1(C1_0,C5_0), place1(C5_0,C3_0), right(C3_0,C6_0), place1(C6_0,B).
(r34) p81(A,B) :- place1(A,C0_0-1), place1(C0_0-1,C0_0), right(C0_0,C1_0-1), right(C1_0-1,C3_0-1), place1(C3_0-1,C), place1(C,C2_0), place1(C2_0,C1_0), right(C1_0,C3_0), place1(C3_0,B).
(r35) p902(A,B) :- right(A,C0_0), right(C0_0,C1_0-1), place1(C1_0-1,C2_0), place1(C2_0,C), right(C,C1_0), place1(C1_0,C4_0), place1(C4_0,C3_0), place1(C3_0,C5_0), place1(C5_0,B).
(r36) p11(A,B) :- place1(A,C), place1(C,C1_0-1), place1(C1_0-1,C1_0), right(C1_0,C3_0), place1(C3_0,C2_0), place1(C2_0,C4_0), place1(C4_0,B).
(r37) p15(A,B) :- right(A,C0_0), place1(C0_0,C), place1(C,C2_0), place1(C2_0,C1_0), right(C1_0,C3_0), place1(C3_0,C5_0), place1(C5_0,B).
(r38) p17(A,B) :- place1(A,C0_0), place1(C0_0,C1_0-1), place1(C1_0-1,C), right(C,C1_0), right(C1_0,C3_0), place1(C3_0,C5_0), place1(C5_0,B).
(r39) p333(A,B) :- right(A,C0_0), place1(C0_0,C), right(C,C1_0), right(C1_0,C3_0-1), place1(C3_0-1,C3_0), place1(C3_0,C4_0), place1(C4_0,B).
(r40) p476(A,B) :- place1(A,C), right(C,C1_0-1), place1(C1_0-1,C1_0), right(C1_0,C3_0), place1(C3_0,C2_0), right(C2_0,C4_0), place1(C4_0,B).
(r41) p48(A,B) :- place1(A,C0_0), place1(C0_0,C), right(C,C2_0), place1(C2_0,C1_0), right(C1_0,C4_0), place1(C4_0,C3_0), place1(C3_0,C5_0), place1(C5_0,B).
(r42) p94(A,B) :- place1(A,C0_0), right(C0_0,C1_0-1), place1(C1_0-1,C2_0), place1(C2_0,C), place1(C,C1_0), right(C1_0,C3_0), right(C3_0,C5_0), place1(C5_0,B).
(r43) p126(A,B) :- right(A,C0_0), place1(C0_0,C), place1(C,C2_0), place1(C2_0,C1_0), right(C1_0,C4_0), place1(C4_0,C3_0), place1(C3_0,C5_0), place1(C5_0,B).
(r44) p210(A,B) :- right(A,C0_0), place1(C0_0,C1_0-1), place1(C1_0-1,C), place1(C,C2_0), place1(C2_0,C1_0), right(C1_0,C3_0), right(C3_0,C6_0), place1(C6_0,B).
(r45) p108(A,B) :- right(A,C0_0-1), place1(C0_0-1,C0_0), place1(C0_0,C2_0), place1(C2_0,C1_0-1), right(C1_0-1,C3_0-1), place1(C3_0-1,C), place1(C,C1_0), place1(C1_0,C5_0), place1(C5_0,C3_0), right(C3_0,C6_0), place1(C6_0,B).
(r46) p244(A,B) :- place1(A,C0_0), place1(C0_0,C1_0-2), place1(C1_0-2,C1_0-1), right(C1_0-1,C2_0-1), place1(C2_0-1,C), place1(C,C2_0), place1(C2_0,C1_0), right(C1_0,C5_0), place1(C5_0,C3_0), place1(C3_0,C6_0), place1(C6_0,B).
(r47) p1104(A,B) :- place1(A,C0_0-1), place1(C0_0-1,C0_0), right(C0_0,C2_0), place1(C2_0,C1_0-1), place1(C1_0-1,C3_0-1), place1(C3_0-1,C), right(C,C1_0), right(C1_0,C5_0), place1(C5_0,C3_0), place1(C3_0,C6_0), place1(C6_0,B).
(r48) p496(A,B) :- right(A,C0_0-1), place1(C0_0-1,C0_0), place1(C0_0,C2_0-1), place1(C2_0-1,C1_0-1), right(C1_0-1,C3_0-1), place1(C3_0-1,C), place1(C,C2_0), place1(C2_0,C1_0), right(C1_0,C6_0), place1(C6_0,C3_0), place1(C3_0,C7_0), place1(C7_0,B).
(r49) p950(A,B) :- place1(A,C0_0-1), place1(C0_0-1,C0_0), right(C0_0,C2_0-1), place1(C2_0-1,C1_0-1), right(C1_0-1,C3_0-1), place1(C3_0-1,C), place1(C,C2_0), place1(C2_0,C1_0), right(C1_0,C6_0), place1(C6_0,C3_0), place1(C3_0,C7_0), place1(C7_0,B).
====================
CP-SAT solving...
number of rules: 51
program size: 118
(inv0) inv0() :- .
(inv1) inv1(X1,X2,X3,X4,X5,X6,X7,X8,X9,X10,X11,X12,X13,X14,X15,X16,X17,X18,X19,X20,X21,X22,X23,X24) :- place1(X1,X2), place1(X3,X4), place1(X5,X6), place1(X7,X8), place1(X9,X10), place1(X11,X12), place1(X13,X14), place1(X15,X16), place1(X17,X18), right(X19,X20), right(X21,X22), right(X23,X24).
(r1) p9(A,B) :- inv1(C,B,C,B,C,B,C,B,C,B,C,B,C,B,C,B,C,B,A,C,A,C,A,C).
(r2) p26(A,B) :- place1(A,C), place1(C,B).
(r3) p0(A,B) :- inv1(A,C,C1_0,C2_0,C2_0,B,A,C,A,C,A,C,A,C,A,C,A,C,C,C1_0,C,C1_0,C,C1_0).
(r4) p5(A,B) :- inv1(C1_0,C2_0,C2_0,B,C1_0,C2_0,C1_0,C2_0,C1_0,C2_0,C1_0,C2_0,C1_0,C2_0,C1_0,C2_0,C1_0,C2_0,A,C,C,C1_0,A,C).
(r5) p75(A,B) :- inv1(C0_0,C,C1_0,B,C0_0,C,C0_0,C,C0_0,C,C0_0,C,C0_0,C,C0_0,C,C0_0,C,A,C0_0,C,C1_0,A,C0_0).
(r6) p107(A,B) :- inv1(C0_0,C,C,C1_0,C1_0,B,C0_0,C,C0_0,C,C0_0,C,C0_0,C,C0_0,C,C0_0,C,A,C0_0,A,C0_0,A,C0_0).
(r7) p722(A,B) :- inv1(A,C,C2_0,B,A,C,A,C,A,C,A,C,A,C,A,C,A,C,C,C1_0,C1_0,C2_0,C,C1_0).
(r8) p2689(A,B) :- place1(A,C0_0), place1(C0_0,C), place1(C,C1_0), place1(C1_0,B).
(r9) p185(A,B) :- inv1(C2_0,B,C2_0,B,C2_0,B,C2_0,B,C2_0,B,C2_0,B,C2_0,B,C2_0,B,C2_0,B,A,C,C,C1_0,C1_0,C2_0).
(r10) p8(A,B) :- inv1(C,C1_0,C1_0,B,C,C1_0,C,C1_0,C,C1_0,C,C1_0,C,C1_0,C,C1_0,C,C1_0,A,C,A,C,A,C).
(r11) p16(A,B) :- inv1(A,C,C1_0,B,A,C,A,C,A,C,A,C,A,C,A,C,A,C,C,C1_0,C,C1_0,C,C1_0).
(r12) p32(A,B) :- inv1(C1_0,B,C1_0,B,C1_0,B,C1_0,B,C1_0,B,C1_0,B,C1_0,B,C1_0,B,C1_0,B,A,C,C,C1_0,A,C).
(r13) p105(A,B) :- place1(A,C), place1(C,C1_0), place1(C1_0,B).
(r14) p10(A,B) :- inv1(C,C1_0-1,C1_0-1,C1_0,C2_0,B,C,C1_0-1,C,C1_0-1,C,C1_0-1,C,C1_0-1,C,C1_0-1,C,C1_0-1,A,C,C1_0,C2_0,A,C).
(r15) p374(A,B) :- inv1(C1_0-1,C1_0,C1_0,C2_0,C2_0,B,C1_0-1,C1_0,C1_0-1,C1_0,C1_0-1,C1_0,C1_0-1,C1_0,C1_0-1,C1_0,C1_0-1,C1_0,A,C,C,C1_0-1,A,C).
(r16) p389(A,B) :- inv1(A,C0_0,C0_0,C,C1_0,C3_0,C3_0,B,A,C0_0,A,C0_0,A,C0_0,A,C0_0,A,C0_0,C,C1_0,C,C1_0,C,C1_0).
(r17) p408(A,B) :- inv1(A,C,C1_0-1,C1_0,C2_0,B,A,C,A,C,A,C,A,C,A,C,A,C,C,C1_0-1,C1_0,C2_0,C,C1_0-1).
(r18) p786(A,B) :- inv1(A,C0_0,C0_0,C,C3_0,B,A,C0_0,A,C0_0,A,C0_0,A,C0_0,A,C0_0,A,C0_0,C,C1_0,C1_0,C3_0,C,C1_0).
(r19) p1090(A,B) :- inv1(C1_0-1,C1_0,C2_0,B,C1_0-1,C1_0,C1_0-1,C1_0,C1_0-1,C1_0,C1_0-1,C1_0,C1_0-1,C1_0,C1_0-1,C1_0,C1_0-1,C1_0,A,C,C,C1_0-1,C1_0,C2_0).
(r20) p1963(A,B) :- inv1(C,C1_0-1,C1_0-1,C1_0,C1_0,C2_0,C2_0,B,C,C1_0-1,C,C1_0-1,C,C1_0-1,C,C1_0-1,C,C1_0-1,A,C,A,C,A,C).
(r21) p404(A,B) :- inv1(A,C0_0,C0_0,C,C2_0,C1_0,C3_0,B,A,C0_0,A,C0_0,A,C0_0,A,C0_0,A,C0_0,C,C2_0,C1_0,C3_0,C,C2_0).
(r22) p1024(A,B) :- inv1(C0_0,C,C2_0,C1_0,C1_0,C3_0,C3_0,B,C0_0,C,C0_0,C,C0_0,C,C0_0,C,C0_0,C,A,C0_0,C,C2_0,A,C0_0).
(r23) p2089(A,B) :- inv1(C0_0,C,C2_0,C1_0,C3_0,B,C0_0,C,C0_0,C,C0_0,C,C0_0,C,C0_0,C,C0_0,C,A,C0_0,C,C2_0,C1_0,C3_0).
(r24) p60(A,B) :- inv1(A,C,C2_0-1,C2_0,C2_0,C3_0,C3_0,B,A,C,A,C,A,C,A,C,A,C,C,C1_0,C1_0,C2_0-1,C,C1_0).
(r25) p70(A,B) :- inv1(C2_0-1,C2_0,C2_0,C3_0,C3_0,B,C2_0-1,C2_0,C2_0-1,C2_0,C2_0-1,C2_0,C2_0-1,C2_0,C2_0-1,C2_0,C2_0-1,C2_0,A,C,C,C1_0,C1_0,C2_0-1).
(r26) p1168(A,B) :- inv1(C1_0-1,C1_0,C2_0,C4_0,C4_0,B,C1_0-1,C1_0,C1_0-1,C1_0,C1_0-1,C1_0,C1_0-1,C1_0,C1_0-1,C1_0,C1_0-1,C1_0,A,C,C,C1_0-1,C1_0,C2_0).
(r27) p1519(A,B) :- inv1(A,C0_0,C1_0-1,C,C3_0,B,A,C0_0,A,C0_0,A,C0_0,A,C0_0,A,C0_0,A,C0_0,C0_0,C1_0-1,C,C1_0,C1_0,C3_0).
(r28) p3(A,B) :- inv1(A,C0_0-1,C0_0-1,C0_0,C1_0-1,C,C,C2_0,C2_0,C1_0,C6_0,C3_0,C3_0,C7_0,C7_0,B,A,C0_0-1,C0_0,C1_0-1,C1_0,C6_0,C0_0,C1_0-1).
(r29) p152(A,B) :- inv1(A,C0_0-1,C0_0-1,C0_0,C1_0-1,C3_0-1,C3_0-1,C,C,C2_0,C2_0,C1_0,C7_0,B,A,C0_0-1,A,C0_0-1,C0_0,C1_0-1,C1_0,C3_0,C3_0,C7_0).
(r30) p247(A,B) :- inv1(C0_0-1,C0_0,C0_0,C1_0-1,C1_0-1,C,C2_0,C1_0,C1_0,C6_0,C6_0,C3_0,C7_0,B,C0_0-1,C0_0,C0_0-1,C0_0,A,C0_0-1,C,C2_0,C3_0,C7_0).
(r31) p807(A,B) :- inv1(C1_0-2,C1_0-1,C1_0-1,C2_0,C2_0,C,C1_0,C4_0,C4_0,C3_0,C3_0,C5_0,C5_0,B,C1_0-2,C1_0-1,C1_0-2,C1_0-1,A,C0_0,C0_0,C1_0-2,C,C1_0).
(r32) p7(A,B) :- inv1(A,C0_0,C0_0,C1_0-1,C1_0-1,C,C2_0,C1_0,C5_0,C3_0,C3_0,C6_0,C6_0,B,A,C0_0,A,C0_0,C,C2_0,C1_0,C5_0,C,C2_0).
(r33) p77(A,B) :- inv1(C0_0-1,C0_0,C0_0,C1_0-1,C1_0-1,C,C1_0,C5_0,C5_0,C3_0,C6_0,B,C0_0-1,C0_0,C0_0-1,C0_0,C0_0-1,C0_0,A,C0_0-1,C,C1_0,C3_0,C6_0).
(r34) p81(A,B) :- inv1(A,C0_0-1,C0_0-1,C0_0,C3_0-1,C,C,C2_0,C2_0,C1_0,C3_0,B,A,C0_0-1,A,C0_0-1,A,C0_0-1,C0_0,C1_0-1,C1_0-1,C3_0-1,C1_0,C3_0).
(r35) p902(A,B) :- inv1(C1_0-1,C2_0,C2_0,C,C1_0,C4_0,C4_0,C3_0,C3_0,C5_0,C5_0,B,C1_0-1,C2_0,C1_0-1,C2_0,C1_0-1,C2_0,A,C0_0,C0_0,C1_0-1,C,C1_0).
(r36) p11(A,B) :- inv1(A,C,C,C1_0-1,C1_0-1,C1_0,C3_0,C2_0,C2_0,C4_0,C4_0,B,A,C,A,C,A,C,C1_0,C3_0,C1_0,C3_0,C1_0,C3_0).
(r37) p15(A,B) :- inv1(C0_0,C,C,C2_0,C2_0,C1_0,C3_0,C5_0,C5_0,B,C0_0,C,C0_0,C,C0_0,C,C0_0,C,A,C0_0,C1_0,C3_0,A,C0_0).
(r38) p17(A,B) :- inv1(A,C0_0,C0_0,C1_0-1,C1_0-1,C,C3_0,C5_0,C5_0,B,A,C0_0,A,C0_0,A,C0_0,A,C0_0,C,C1_0,C1_0,C3_0,C,C1_0).
(r39) p333(A,B) :- inv1(C0_0,C,C3_0-1,C3_0,C3_0,C4_0,C4_0,B,C0_0,C,C0_0,C,C0_0,C,C0_0,C,C0_0,C,A,C0_0,C,C1_0,C1_0,C3_0-1).
(r40) p476(A,B) :- inv1(A,C,C1_0-1,C1_0,C3_0,C2_0,C4_0,B,A,C,A,C,A,C,A,C,A,C,C,C1_0-1,C1_0,C3_0,C2_0,C4_0).
(r41) p48(A,B) :- inv1(A,C0_0,C0_0,C,C2_0,C1_0,C4_0,C3_0,C3_0,C5_0,C5_0,B,A,C0_0,A,C0_0,A,C0_0,C,C2_0,C1_0,C4_0,C,C2_0).
(r42) p94(A,B) :- inv1(A,C0_0,C1_0-1,C2_0,C2_0,C,C,C1_0,C5_0,B,A,C0_0,A,C0_0,A,C0_0,A,C0_0,C0_0,C1_0-1,C1_0,C3_0,C3_0,C5_0).
(r43) p126(A,B) :- inv1(C0_0,C,C,C2_0,C2_0,C1_0,C4_0,C3_0,C3_0,C5_0,C5_0,B,C0_0,C,C0_0,C,C0_0,C,A,C0_0,C1_0,C4_0,A,C0_0).
(r44) p210(A,B) :- inv1(C0_0,C1_0-1,C1_0-1,C,C,C2_0,C2_0,C1_0,C6_0,B,C0_0,C1_0-1,C0_0,C1_0-1,C0_0,C1_0-1,C0_0,C1_0-1,A,C0_0,C1_0,C3_0,C3_0,C6_0).
(r45) p108(A,B) :- inv1(C0_0-1,C0_0,C0_0,C2_0,C2_0,C1_0-1,C3_0-1,C,C,C1_0,C1_0,C5_0,C5_0,C3_0,C6_0,B,C0_0-1,C0_0,A,C0_0-1,C1_0-1,C3_0-1,C3_0,C6_0).
(r46) p244(A,B) :- inv1(A,C0_0,C0_0,C1_0-2,C1_0-2,C1_0-1,C2_0-1,C,C,C2_0,C2_0,C1_0,C5_0,C3_0,C3_0,C6_0,C6_0,B,C1_0-1,C2_0-1,C1_0,C5_0,C1_0-1,C2_0-1).
(r47) p1104(A,B) :- inv1(A,C0_0-1,C0_0-1,C0_0,C2_0,C1_0-1,C1_0-1,C3_0-1,C3_0-1,C,C5_0,C3_0,C3_0,C6_0,C6_0,B,A,C0_0-1,C0_0,C2_0,C,C1_0,C1_0,C5_0).
(r48) p496(A,B) :- inv1(C0_0-1,C0_0,C0_0,C2_0-1,C2_0-1,C1_0-1,C3_0-1,C,C,C2_0,C2_0,C1_0,C6_0,C3_0,C3_0,C7_0,C7_0,B,A,C0_0-1,C1_0-1,C3_0-1,C1_0,C6_0).
(r49) p950(A,B) :- inv1(A,C0_0-1,C0_0-1,C0_0,C2_0-1,C1_0-1,C3_0-1,C,C,C2_0,C2_0,C1_0,C6_0,C3_0,C3_0,C7_0,C7_0,B,C0_0,C2_0-1,C1_0-1,C3_0-1,C1_0,C6_0).
====================
